startup =       20000
elapsed =       10000
threads =       16
accounts =      1024
init =          1000000
maxAmount =     10
readFreq =      0
writeFreq =     0
readThreads =   0
writeThreads =  0
disjointTrans = false
yieldALot =     false
flavour =       t

warming up
timed execution

TOTAL=1.02400019E9 [ 1001804.0 1000468.0 1003486.0 1002247.0 998933.0 1001281.0 1000067.0 1002483.0 995358.0 998047.0 1001995.0 1001876.0 1003660.0 1000085.0 1000882.0 999422.0 999044.0 999890.0 999456.0 1001968.0 999404.0 1000405.0 999167.0 1001524.0 1004772.0 997288.0 1002298.0 1000015.0 999803.0 1001344.0 1004489.0 996067.0 999016.0 998841.0 997986.0 997661.0 1001857.0 1001684.0 999515.0 1001199.0 999927.0 1000361.0 1002589.0 997675.0 999326.0 998879.0 1000231.0 999384.0 1000079.0 1000313.0 999609.0 1002893.0 1002745.0 1000594.0 998248.0 1001689.0 999242.0 999252.0 998212.0 999127.0 999060.0 1001089.0 1003470.0 999880.0 1000691.0 1000339.0 998340.0 1000767.0 1001610.0 997097.0 998131.0 998178.0 1000704.0 998216.0 998925.0 998549.0 998068.0 1001330.0 999481.0 1000759.0 999491.0 997644.0 1001325.0 998225.0 1001834.0 997687.0 1000920.0 997702.0 1004079.0 995003.0 1000427.0 999690.0 999024.0 1000900.0 1000389.0 997866.0 1000947.0 998311.0 998732.0 1001082.0 999643.0 1001950.0 998341.0 1001866.0 1001912.0 1001470.0 1000019.0 995677.0 997746.0 1001263.0 1000426.0 999118.0 1001618.0 996106.0 998637.0 1001203.0 1001790.0 996557.0 999123.0 1001332.0 997404.0 998914.0 1000954.0 999849.0 998275.0 997300.0 998986.0 1000326.0 999682.0 1000792.0 1001821.0 1002079.0 998570.0 997235.0 999223.0 997771.0 998198.0 997613.0 1001215.0 998781.0 998701.0 996958.0 999041.0 999344.0 999962.0 1001189.0 1002246.0 999732.0 1000328.0 999963.0 1002258.0 999410.0 998160.0 999357.0 1001484.0 999698.0 998334.0 999384.0 999249.0 1001337.0 999615.0 998527.0 997389.0 1002563.0 998926.0 998426.0 999468.0 1002297.0 999527.0 997422.0 999083.0 996323.0 1000627.0 1001652.0 998839.0 996679.0 997811.0 1001526.0 999258.0 1001033.0 999733.0 1000660.0 1000075.0 1002741.0 1003583.0 1002885.0 998383.0 998858.0 1001004.0 1002686.0 997287.0 1001161.0 997628.0 1000260.0 1000331.0 1002772.0 1001353.0 999969.0 999844.0 1002924.0 998569.0 1000925.0 999948.0 998274.0 1001627.0 1002334.0 998530.0 999379.0 1000353.0 1000900.0 1002080.0 998604.0 999940.0 997992.0 998984.0 1001561.0 1002402.0 999261.0 999997.0 1003208.0 998700.0 999270.0 998904.0 1002934.0 997695.0 997922.0 1001389.0 1003450.0 996767.0 1000756.0 1000315.0 997818.0 999807.0 1002680.0 999974.0 1001460.0 999454.0 1000437.0 999270.0 999193.0 996697.0 1000943.0 998964.0 999144.0 1000185.0 1003110.0 998607.0 996873.0 999818.0 1000596.0 1001163.0 999377.0 998960.0 999032.0 998626.0 999966.0 1001010.0 999344.0 1002953.0 998883.0 998117.0 1001052.0 1000598.0 998628.0 994916.0 997268.0 1000916.0 998574.0 998964.0 999613.0 999419.0 1000684.0 999829.0 1001682.0 998062.0 998749.0 998236.0 1002072.0 999701.0 999860.0 1002228.0 999829.0 1000198.0 995739.0 1002961.0 997001.0 1001264.0 1001310.0 999239.0 1000457.0 1001388.0 1000386.0 1002386.0 1001261.0 1000920.0 999893.0 998623.0 1001586.0 999308.0 1001312.0 1000539.0 999433.0 999824.0 1000922.0 1000176.0 997143.0 1000573.0 1001007.0 997888.0 1000645.0 1001627.0 1000444.0 997462.0 999869.0 1000344.0 1002452.0 1002348.0 996514.0 999879.0 999741.0 996234.0 1000720.0 1001422.0 999901.0 1000583.0 999227.0 997734.0 999609.0 996927.0 999257.0 999822.0 998113.0 1000048.0 1001159.0 999661.0 998535.0 1003850.0 1000737.0 1000427.0 999042.0 1001102.0 998644.0 1003326.0 999661.0 1001369.0 997985.0 1001601.0 999334.0 1001250.0 1001572.0 999970.0 1002383.0 1002303.0 998326.0 1002848.0 1001054.0 999704.0 998409.0 1001573.0 1000343.0 997950.0 1001607.0 997497.0 1000396.0 998019.0 1000600.0 999681.0 999929.0 1000316.0 1002232.0 1002453.0 997864.0 1002535.0 1000688.0 1000751.0 997012.0 999156.0 998090.0 1001115.0 1000196.0 999735.0 1001096.0 1001279.0 1001113.0 1000169.0 1003850.0 1000041.0 998171.0 999183.0 997340.0 996325.0 1003074.0 999211.0 998710.0 998586.0 1002402.0 999387.0 1000937.0 999736.0 1001485.0 999651.0 996859.0 999929.0 997058.0 1000939.0 1000616.0 1000209.0 997859.0 1002440.0 1003435.0 1000477.0 1003356.0 997099.0 1000813.0 1002323.0 1000889.0 1000822.0 999772.0 1002853.0 999894.0 1001309.0 1000019.0 996377.0 999111.0 997197.0 1004234.0 999142.0 1001607.0 999725.0 1000902.0 1002061.0 997667.0 998492.0 1003156.0 999714.0 998653.0 1001610.0 1000938.0 1001735.0 997671.0 1000717.0 1001456.0 996922.0 997542.0 997459.0 999505.0 998983.0 1002375.0 1001709.0 996308.0 998138.0 998324.0 1000630.0 1002778.0 998147.0 1001339.0 998997.0 997465.0 998843.0 1001280.0 1001277.0 1002644.0 999721.0 998087.0 997770.0 1001013.0 998347.0 998818.0 998865.0 1000325.0 1001678.0 1000013.0 1001912.0 997962.0 999789.0 999260.0 999970.0 1001245.0 1000224.0 997841.0 1000269.0 1000172.0 999295.0 1000685.0 999773.0 999444.0 998331.0 998389.0 998280.0 1000094.0 1003296.0 1000445.0 999443.0 998994.0 1001118.0 998821.0 999854.0 1001566.0 1001303.0 996981.0 998923.0 1001895.0 1000529.0 998043.0 1002732.0 1001818.0 997983.0 999467.0 998340.0 1000054.0 1003563.0 1001551.0 1001247.0 999137.0 998653.0 1000167.0 1000728.0 1001316.0 999298.0 999454.0 997214.0 998495.0 998789.0 1005919.0 999932.0 998674.0 1000043.0 1000547.0 1000278.0 1000934.0 997135.0 999888.0 997255.0 1000662.0 998059.0 1000614.0 998033.0 1001939.0 1003334.0 1001727.0 1000987.0 998158.0 996244.0 999965.0 999262.0 1003022.0 999662.0 1002198.0 999460.0 997907.0 999713.0 998538.0 1001471.0 1000587.0 1000803.0 1000024.0 1003003.0 998657.0 1001197.0 998553.0 999750.0 998728.0 998702.0 999265.0 997693.0 1001143.0 996990.0 1002590.0 1000599.0 999781.0 1000689.0 998851.0 1000812.0 1001379.0 1000721.0 997128.0 998130.0 1002050.0 997995.0 997650.0 999979.0 997112.0 1000429.0 1001688.0 1000062.0 1001456.0 998336.0 998600.0 1001656.0 995351.0 998921.0 997689.0 999141.0 999254.0 999819.0 998076.0 999775.0 998450.0 1002088.0 999335.0 998589.0 1000574.0 1001986.0 999386.0 998945.0 1000269.0 997675.0 999652.0 999428.0 1001055.0 999478.0 999195.0 997899.0 1001827.0 999483.0 1001628.0 997427.0 999841.0 1001603.0 999430.0 1001014.0 1001849.0 1001413.0 1000139.0 1000278.0 999181.0 1002192.0 1001103.0 997814.0 998082.0 1000688.0 999977.0 1000382.0 999605.0 1000159.0 999957.0 1003169.0 1000163.0 999839.0 999066.0 998698.0 998869.0 1001524.0 999972.0 999202.0 1003578.0 1002310.0 996697.0 1002765.0 1000397.0 1001201.0 1001646.0 999648.0 998824.0 1003184.0 1001616.0 999824.0 1002740.0 1001272.0 1000360.0 997987.0 1000380.0 998614.0 1001425.0 1001298.0 999232.0 998252.0 1001637.0 1001238.0 998369.0 1000488.0 1001837.0 999760.0 999898.0 999481.0 999557.0 999539.0 1000510.0 998249.0 1003100.0 1001238.0 998538.0 999477.0 1001088.0 1002577.0 998781.0 1001653.0 1001420.0 1000851.0 999616.0 999405.0 1001532.0 1000575.0 1000983.0 1001130.0 998407.0 997444.0 999493.0 1000035.0 998110.0 1002137.0 1000099.0 998811.0 999056.0 998006.0 1000385.0 1001293.0 1000248.0 999922.0 999697.0 1001436.0 999395.0 1003300.0 998765.0 998623.0 1004679.0 1002940.0 997597.0 998466.0 1000769.0 1002238.0 999519.0 1000754.0 1000768.0 1001445.0 998086.0 1000728.0 997733.0 1000240.0 998486.0 1004267.0 1000270.0 996620.0 999286.0 1000924.0 1000755.0 1000493.0 998792.0 1002938.0 998471.0 1002028.0 1000527.0 1000677.0 999385.0 997223.0 998627.0 999533.0 1000183.0 997424.0 1002607.0 1000091.0 998370.0 999981.0 1001270.0 1001590.0 1002108.0 997342.0 1000939.0 998670.0 996233.0 1002520.0 1000893.0 1000549.0 999437.0 999174.0 999757.0 999724.0 1000832.0 999783.0 1000823.0 996816.0 1001648.0 1002257.0 999739.0 999905.0 999072.0 1001401.0 1000208.0 999295.0 1000413.0 1001071.0 1001218.0 1002513.0 999366.0 999866.0 999010.0 1001087.0 1003337.0 999664.0 1000248.0 1000274.0 998255.0 1002399.0 999846.0 998939.0 1000094.0 1001912.0 998091.0 999143.0 1000364.0 997691.0 1001542.0 998942.0 999951.0 1001252.0 1000799.0 1000044.0 999936.0 1000760.0 1002329.0 1000775.0 999306.0 998653.0 1002131.0 1001368.0 996210.0 1003825.0 998968.0 998675.0 998350.0 999948.0 1000610.0 1001552.0 998181.0 1000259.0 995638.0 1000269.0 999847.0 1001626.0 998718.0 999167.0 997909.0 1000593.0 1002291.0 1003247.0 999886.0 1001290.0 1000041.0 1000681.0 998520.0 999157.0 1001548.0 999259.0 998425.0 1002273.0 1002761.0 1001588.0 1000199.0 997352.0 1000122.0 998583.0 998615.0 1000715.0 999136.0 1000670.0 996690.0 999166.0 1002354.0 997426.0 999892.0 998962.0 997304.0 1000927.0 1002026.0 999078.0 1001493.0 1001908.0 1001014.0 999867.0 1002003.0 998317.0 1000294.0 1000009.0 997619.0 999589.0 998604.0 997099.0 1001020.0 999308.0 999514.0 1004486.0 1001272.0 1000111.0 1001552.0 999702.0 1000039.0 1000378.0 1000141.0 999793.0 1001889.0 1000034.0 999061.0 998418.0 1000848.0 999885.0 1001205.0 1001171.0 1001463.0 1001539.0 999784.0 1000420.0 1004411.0 1000105.0 999495.0 997924.0 1003694.0 1000772.0 1003198.0 999224.0 998363.0 995478.0 997230.0 999154.0 999361.0 999022.0 998991.0 998873.0 1000872.0 999256.0 1000317.0 996713.0 1002856.0 1002989.0 1002529.0 1000632.0 997885.0 1002656.0 1000398.0 997375.0 997055.0 1000865.0 998625.0 1000449.0 1001572.0 999173.0 999277.0 998432.0 1001744.0 1001257.0 998299.0 1000508.0 999175.0 1001222.0 998030.0 1000838.0 1000762.0 1002704.0 999679.0 1001127.0 997944.0 1000075.0 1001364.0 997851.0 1000359.0 999396.0 999029.0 1001157.0 999359.0 1000706.0 1001374.0 1001374.0 1003401.0 999287.0 999603.0 998832.0 1001711.0 1001559.0 998685.0 998492.0 999774.0 1000266.0 999147.0 1002065.0 1000246.0 1003100.0 1001358.0 998818.0 1000881.0 998049.0 998481.0 1002493.0 999695.0 999611.0 1002579.0 1000022.0 999573.0 1000192.0 1001038.0 1000346.0 998872.0 999778.0 1000046.0 1003602.0 1000552.0 996782.0 1000916.0 1003530.0 996551.0 998208.0 1001151.0 999059.0 999493.0 999278.0 998447.0 1001380.0 1001613.0 996813.0 998830.0 1003460.0 1000842.0 999297.0 999242.0 1003500.0 999048.0 1001374.0 997243.0 998542.0 1000314.0 1000033.0 1000123.0 1001181.0 1000360.0 998387.0 1002565.0 ]

10024 actual elapsed

T=1048435, R=0, W=0
T=945838, R=0, W=0
T=1014330, R=0, W=0
T=968523, R=0, W=0
T=1014997, R=0, W=0
T=1038337, R=0, W=0
T=985388, R=0, W=0
T=995197, R=0, W=0
T=968010, R=0, W=0
T=895745, R=0, W=0
T=978500, R=0, W=0
T=1029651, R=0, W=0
T=914777, R=0, W=0
T=1066975, R=0, W=0
T=996059, R=0, W=0
T=1031077, R=0, W=0

TOTAL: T=15891839, R=0, W=0
--- 16889 MB collected in 1.004 secs (3.1% of total), longest GC took 0.169 secs
DATA gc:  total_k 17295090  total_secs 1.00356  max_secs 0.169361
