startup =       20000
elapsed =       10000
threads =       8
accounts =      512
init =          1000000
maxAmount =     10
readFreq =      0
writeFreq =     0
readThreads =   0
writeThreads =  0
disjointTrans = false
yieldALot =     false
flavour =       d

warming up
timed execution

TOTAL=5.12000128E8 [ 1002050.0 999105.0 999311.0 999235.0 998077.0 1000652.0 999728.0 998291.0 1004058.0 1002866.0 999328.0 999143.0 999301.0 998405.0 1002614.0 1000512.0 999993.0 1001582.0 1000704.0 1000509.0 999374.0 999127.0 999361.0 1000223.0 1003318.0 1000963.0 1002072.0 994880.0 999293.0 1000090.0 999522.0 1002307.0 999542.0 1001341.0 1000844.0 1000118.0 1000022.0 998012.0 997995.0 997981.0 998806.0 999986.0 1002765.0 1001397.0 997586.0 1000525.0 999776.0 1002368.0 1000500.0 997069.0 1002210.0 1000091.0 999589.0 1000512.0 1000171.0 1001681.0 999311.0 1002252.0 997617.0 998559.0 1001963.0 999531.0 999269.0 1002722.0 1000769.0 1001727.0 1001189.0 1000087.0 997927.0 999625.0 999142.0 996869.0 999213.0 1000923.0 1004737.0 999894.0 999711.0 1001771.0 999639.0 999281.0 1002131.0 999889.0 999600.0 998758.0 999251.0 1002088.0 1001413.0 1004205.0 1001431.0 999247.0 997230.0 1001610.0 1003577.0 1000260.0 996383.0 999053.0 998965.0 1000683.0 1000570.0 999805.0 1000783.0 998702.0 1000925.0 999041.0 997391.0 998777.0 1001204.0 999695.0 999514.0 998854.0 1001215.0 1001976.0 1000221.0 999358.0 998192.0 1001080.0 1000694.0 999945.0 1001562.0 1000318.0 998733.0 1001887.0 1001964.0 998869.0 998020.0 1002982.0 1001775.0 1002079.0 999874.0 1000057.0 996599.0 997398.0 999029.0 999227.0 999052.0 1000460.0 999577.0 998785.0 999392.0 1000109.0 998302.0 998210.0 998949.0 1001053.0 999152.0 997672.0 1000205.0 1002181.0 1001870.0 1001516.0 1000251.0 1003847.0 1002037.0 1002471.0 995391.0 1003434.0 1001323.0 998507.0 997586.0 999598.0 1001624.0 997172.0 997951.0 1002286.0 999835.0 997969.0 1002542.0 1001475.0 999084.0 1002269.0 1004371.0 996058.0 998164.0 1000452.0 999224.0 1000239.0 1000838.0 995090.0 998099.0 997820.0 999738.0 999215.0 999990.0 998039.0 997437.0 999501.0 1001310.0 1005032.0 996187.0 1000481.0 999222.0 1000286.0 1000106.0 1001976.0 998859.0 999121.0 1001797.0 997234.0 997044.0 995440.0 995728.0 1002504.0 997000.0 1000132.0 1002069.0 1004169.0 998863.0 1003311.0 1000033.0 1000164.0 999253.0 997256.0 996597.0 1003980.0 999817.0 997221.0 1001486.0 999089.0 997406.0 1003257.0 1000596.0 1000530.0 998939.0 997289.0 1002005.0 999746.0 1000070.0 1004557.0 995868.0 1000240.0 1001344.0 1002061.0 998123.0 1003557.0 1000257.0 997574.0 999277.0 999720.0 997844.0 999087.0 997690.0 999747.0 1000627.0 1001454.0 1000980.0 999416.0 1000401.0 1001270.0 1000741.0 1000801.0 998455.0 999608.0 1002623.0 998495.0 999601.0 998217.0 995785.0 1000729.0 1002314.0 995911.0 1000303.0 1000068.0 1002915.0 998220.0 1000987.0 998826.0 1000351.0 998530.0 1000083.0 998291.0 999599.0 1002646.0 1000350.0 999341.0 1000113.0 999935.0 999448.0 997453.0 1002343.0 1002281.0 1000728.0 998884.0 1002887.0 1000344.0 1000367.0 999337.0 999565.0 1000961.0 999138.0 1002870.0 994378.0 999234.0 998435.0 997772.0 1002133.0 998618.0 997911.0 1000177.0 1003082.0 1001727.0 1002464.0 1000576.0 1001198.0 998673.0 1002550.0 1000641.0 999276.0 1001140.0 998833.0 998183.0 1003323.0 999689.0 999145.0 1000940.0 1000490.0 997775.0 999389.0 998292.0 997981.0 999073.0 1002288.0 999121.0 999505.0 998136.0 1000021.0 1000060.0 1001170.0 1000471.0 998136.0 998101.0 1003384.0 999824.0 1002195.0 1000347.0 1003705.0 998691.0 1000796.0 998407.0 1001674.0 996917.0 997153.0 997788.0 997405.0 1000516.0 1002567.0 999975.0 1001719.0 1001173.0 999442.0 1001507.0 1000316.0 997634.0 996728.0 1000956.0 998031.0 995670.0 998456.0 996961.0 1001792.0 998300.0 1001786.0 999706.0 999510.0 998639.0 1003086.0 1000104.0 1003110.0 1001151.0 1000861.0 995402.0 999899.0 1001979.0 1001780.0 1000767.0 1003300.0 1002628.0 1000724.0 997717.0 998511.0 998444.0 1004036.0 1000072.0 1001643.0 999503.0 997919.0 1000025.0 1001689.0 998027.0 1001409.0 999335.0 999943.0 1001120.0 998810.0 1000800.0 1000898.0 1001584.0 997497.0 998850.0 1000144.0 996844.0 998468.0 1000491.0 1001808.0 999319.0 1001981.0 999049.0 1000253.0 1000678.0 1002179.0 998798.0 1000629.0 997905.0 1002248.0 998313.0 999554.0 999909.0 998984.0 998826.0 999019.0 1000991.0 999618.0 999953.0 999970.0 1003500.0 1002952.0 999008.0 999763.0 999951.0 996223.0 999968.0 1002476.0 1000823.0 997764.0 999841.0 998473.0 997922.0 999142.0 998916.0 999361.0 999911.0 998661.0 999948.0 999446.0 1002642.0 998728.0 1003385.0 1000216.0 1001478.0 998293.0 1000196.0 1003772.0 998901.0 1000472.0 1001559.0 1001263.0 1000359.0 998082.0 1002510.0 999957.0 996032.0 1002859.0 1002780.0 1000997.0 1001711.0 1000337.0 1003092.0 997809.0 998657.0 997657.0 996963.0 998783.0 1003038.0 996972.0 998847.0 998968.0 1001773.0 1002353.0 1000415.0 1000284.0 1004548.0 997436.0 995931.0 999926.0 1003572.0 998652.0 1001393.0 1000372.0 998249.0 1002481.0 998745.0 1001234.0 1000424.0 1002708.0 999766.0 1001300.0 1003294.0 999821.0 999717.0 1002060.0 1000634.0 999537.0 997879.0 999526.0 999068.0 995454.0 999818.0 1001218.0 1000945.0 1001109.0 1002524.0 1001751.0 998135.0 ]

10023 actual elapsed

T=1245932, R=0, W=0
T=1078197, R=0, W=0
T=1073521, R=0, W=0
T=1011477, R=0, W=0
T=1038188, R=0, W=0
T=1016415, R=0, W=0
T=989557, R=0, W=0
T=1156821, R=0, W=0

TOTAL: T=8610108, R=0, W=0
--- 7323 MB collected in 0.788 secs (2.4% of total), longest GC took 0.167 secs
DATA gc:  total_k 7498845  total_secs 0.787956  max_secs 0.166865
