startup =       20000
elapsed =       10000
threads =       16
accounts =      1024
init =          1000000
maxAmount =     10
readFreq =      0
writeFreq =     0
readThreads =   0
writeThreads =  0
disjointTrans = false
yieldALot =     false
flavour =       d

warming up
timed execution

TOTAL=1.02399994E9 [ 999591.0 999497.0 1000091.0 997054.0 996866.0 999558.0 1002030.0 1001546.0 998637.0 1000636.0 1002181.0 998063.0 1000270.0 1002324.0 1000376.0 999404.0 1003624.0 1000871.0 999153.0 1001394.0 999205.0 1002590.0 1000419.0 999386.0 999437.0 999319.0 998771.0 1004468.0 999806.0 998630.0 997491.0 997186.0 999732.0 998201.0 1005980.0 998318.0 1000086.0 1002338.0 998850.0 1002178.0 997162.0 1000895.0 1003063.0 1000791.0 1000572.0 1001790.0 1001197.0 997931.0 1004993.0 1003438.0 1000613.0 1000717.0 999045.0 1002937.0 1003964.0 999574.0 1000406.0 997685.0 998193.0 996633.0 996288.0 998312.0 1002658.0 1000429.0 1002471.0 1002081.0 1000338.0 1002212.0 995147.0 999475.0 997408.0 998658.0 999836.0 997565.0 1001027.0 999976.0 1000282.0 1003536.0 1000980.0 999271.0 1002046.0 1002356.0 1003318.0 1000315.0 1001260.0 1001221.0 999422.0 997865.0 1001226.0 998741.0 1000150.0 997601.0 1001883.0 1001024.0 999116.0 1000283.0 1001458.0 997457.0 1000448.0 999836.0 1001959.0 996559.0 998024.0 1001150.0 1001937.0 999942.0 999861.0 1000611.0 999164.0 1000079.0 1002399.0 1000809.0 1002174.0 999919.0 1000367.0 999204.0 1000940.0 998649.0 998516.0 999523.0 997444.0 998273.0 1001651.0 1000879.0 998906.0 1001267.0 1003290.0 999142.0 1000983.0 998053.0 999072.0 996160.0 997840.0 999713.0 999447.0 1002796.0 1001413.0 1000635.0 998813.0 1000862.0 998543.0 997708.0 998377.0 1003229.0 1003645.0 998379.0 1000715.0 999304.0 1001125.0 1000976.0 1005485.0 1002107.0 1001066.0 1001409.0 1000255.0 995422.0 999092.0 1001093.0 1000452.0 1002516.0 999837.0 999462.0 1002113.0 996321.0 1000161.0 1000610.0 994892.0 1000319.0 998978.0 999951.0 1000919.0 998953.0 997115.0 998293.0 999310.0 1000942.0 998673.0 1000058.0 1002225.0 997929.0 1003992.0 1002633.0 999645.0 998453.0 1003528.0 1000352.0 1000446.0 1001249.0 1000224.0 998455.0 998717.0 1000282.0 1000351.0 1000001.0 998674.0 998576.0 997162.0 1001557.0 997329.0 1000640.0 1001268.0 1000763.0 1001109.0 1001750.0 999652.0 999716.0 1000289.0 1001450.0 1003605.0 1002626.0 1000698.0 1000479.0 998892.0 999042.0 1001162.0 1000289.0 999184.0 1003188.0 999906.0 997842.0 999473.0 1001874.0 999690.0 999996.0 996472.0 1001540.0 999934.0 999047.0 998683.0 999093.0 998121.0 999531.0 998964.0 1001013.0 1001024.0 1001379.0 998990.0 1003796.0 1000086.0 998708.0 996548.0 1002064.0 1001832.0 998913.0 999553.0 1000005.0 1003405.0 999078.0 1000779.0 1003187.0 999292.0 999674.0 1001904.0 998636.0 1005591.0 998062.0 996555.0 999567.0 998216.0 1000095.0 997097.0 1000958.0 1002206.0 999862.0 1000063.0 996813.0 998273.0 1001187.0 999521.0 1001605.0 997650.0 1002056.0 997672.0 1004109.0 999379.0 1001830.0 997604.0 999477.0 1001922.0 1002420.0 998550.0 1000313.0 997535.0 1000497.0 1001072.0 999392.0 996951.0 997857.0 1003236.0 997166.0 998061.0 1000712.0 1000106.0 996656.0 1001038.0 1005923.0 997220.0 998134.0 1001266.0 998289.0 998044.0 1001246.0 999340.0 1000195.0 1000733.0 1000588.0 1000192.0 999397.0 998828.0 1002698.0 998295.0 1001605.0 1001223.0 1001766.0 1000662.0 998126.0 997765.0 1000269.0 1001876.0 1001913.0 1000558.0 999956.0 1002165.0 1000215.0 998557.0 998887.0 1000350.0 1002928.0 1002663.0 999699.0 999885.0 1004603.0 998254.0 997427.0 1000607.0 1000525.0 999522.0 1000257.0 1000308.0 998753.0 998599.0 1000996.0 998635.0 999515.0 997809.0 995975.0 1002918.0 999358.0 1000601.0 1000136.0 999641.0 998672.0 1000571.0 1001158.0 998659.0 1000277.0 999832.0 997407.0 999512.0 1000319.0 997589.0 996413.0 998237.0 997926.0 999776.0 1001616.0 1000332.0 1001702.0 1000499.0 1002393.0 998542.0 1003756.0 1000415.0 1000183.0 998859.0 998485.0 998583.0 998829.0 997620.0 1001687.0 1000233.0 998727.0 1001868.0 999936.0 1003952.0 1000521.0 998389.0 1000184.0 999763.0 999418.0 1000986.0 1000227.0 1000662.0 999578.0 998177.0 999348.0 1000278.0 1000774.0 997135.0 997621.0 999320.0 1000721.0 999488.0 1004442.0 998324.0 999757.0 1000236.0 998894.0 998104.0 999542.0 1003779.0 1000061.0 1000642.0 1000348.0 997614.0 1000344.0 999067.0 1001213.0 997344.0 997223.0 1002051.0 999837.0 1000144.0 1002228.0 995006.0 1003081.0 1000454.0 1001570.0 1000526.0 1000775.0 998378.0 1001133.0 1001962.0 1001255.0 1000558.0 998255.0 999155.0 1000802.0 1001390.0 996577.0 1001452.0 997803.0 999770.0 999650.0 1003148.0 999399.0 998141.0 997330.0 999471.0 1003033.0 997301.0 999609.0 1000039.0 996902.0 995985.0 1000176.0 999914.0 999138.0 1002281.0 1002111.0 1001295.0 1004432.0 999735.0 1001716.0 1003268.0 1000338.0 1002907.0 999570.0 999417.0 999635.0 1002053.0 999995.0 996418.0 1001107.0 999969.0 999971.0 1001076.0 1000397.0 1001917.0 1001829.0 1000729.0 999458.0 1002045.0 1000321.0 997366.0 998463.0 997328.0 1001605.0 998813.0 1000439.0 995068.0 1003818.0 998357.0 1001324.0 1003413.0 996466.0 1000301.0 1003047.0 998951.0 1000673.0 999960.0 999062.0 999342.0 1001416.0 1000788.0 999398.0 1001155.0 1001616.0 1001415.0 996758.0 1000462.0 999456.0 1003611.0 996886.0 996890.0 1001124.0 1000138.0 1000110.0 999917.0 999848.0 998365.0 999885.0 1001503.0 1000292.0 998595.0 999563.0 997787.0 1001817.0 999127.0 1001545.0 999205.0 999605.0 997088.0 1001703.0 1001739.0 998624.0 1001226.0 1000786.0 999756.0 1000513.0 1003139.0 999007.0 1004072.0 1001127.0 999153.0 1000780.0 1002162.0 998509.0 997942.0 1000775.0 1000413.0 998632.0 1001673.0 1002535.0 997893.0 999888.0 1002542.0 999824.0 1000777.0 1002338.0 1000839.0 997859.0 999718.0 1002659.0 1000097.0 997925.0 997396.0 1000356.0 999862.0 999627.0 999722.0 1000464.0 1000990.0 1004311.0 1001841.0 1001686.0 998482.0 1000876.0 997954.0 999338.0 999981.0 999422.0 1002511.0 998019.0 1001711.0 1002726.0 1001585.0 1003369.0 1002307.0 1000813.0 1001855.0 1001064.0 997433.0 1001899.0 1000701.0 998779.0 997952.0 999163.0 999764.0 999783.0 1003157.0 997473.0 1000569.0 1001600.0 1002573.0 994890.0 1000698.0 1001124.0 1001378.0 996639.0 1002614.0 998363.0 1002592.0 998479.0 999104.0 1000500.0 1001435.0 1000582.0 995419.0 998676.0 1003856.0 1002313.0 997000.0 1000397.0 999913.0 999717.0 1001132.0 999206.0 999521.0 999509.0 997801.0 999266.0 999612.0 998281.0 999549.0 995877.0 999099.0 999085.0 1000201.0 1001373.0 1001072.0 999024.0 999685.0 1002151.0 997217.0 999261.0 1003031.0 1003049.0 999706.0 1000041.0 1000218.0 999263.0 1003284.0 998707.0 998311.0 1001863.0 1002536.0 1000315.0 1000434.0 1001681.0 1003304.0 1002656.0 999614.0 999839.0 1004627.0 1002576.0 1002242.0 996259.0 1000832.0 997869.0 999789.0 999343.0 1001135.0 1002571.0 1001548.0 1003098.0 1000504.0 1000781.0 999376.0 1000025.0 999850.0 999925.0 998070.0 1000041.0 996225.0 997403.0 1000653.0 999496.0 997404.0 999528.0 997759.0 997203.0 997918.0 1003226.0 1001515.0 999979.0 1002444.0 999538.0 1002346.0 999723.0 999252.0 1001860.0 998260.0 1001174.0 995352.0 1001013.0 1000282.0 998766.0 999865.0 999400.0 999011.0 999720.0 999716.0 997239.0 1001902.0 1001782.0 997317.0 999643.0 998589.0 1000432.0 999040.0 995709.0 999965.0 998602.0 1002957.0 1001281.0 1002188.0 997559.0 1001399.0 1000866.0 1000358.0 1002850.0 998795.0 999217.0 999319.0 999117.0 1000249.0 997818.0 1002283.0 999023.0 997212.0 997352.0 1004152.0 1003366.0 999727.0 998021.0 999702.0 999309.0 998989.0 1000378.0 1001031.0 998631.0 998245.0 999627.0 1000911.0 1004536.0 1001341.0 1001479.0 998878.0 998863.0 1000569.0 1002282.0 998359.0 1000548.0 999418.0 1001033.0 1001314.0 997919.0 999450.0 999663.0 998217.0 1000992.0 1000921.0 1000379.0 1001563.0 998473.0 1001801.0 999886.0 997749.0 1001182.0 1001498.0 998276.0 999695.0 997825.0 1000699.0 1001855.0 1003545.0 997763.0 999865.0 998778.0 1000877.0 1000274.0 1003999.0 1002826.0 999183.0 998564.0 1000606.0 998160.0 1001525.0 997959.0 998923.0 1000021.0 999080.0 1001520.0 997552.0 1001032.0 1001034.0 998448.0 996444.0 1000244.0 999051.0 1001204.0 999958.0 1001918.0 999859.0 1000708.0 997974.0 997191.0 999921.0 997608.0 1000138.0 1000505.0 999818.0 996181.0 996684.0 1001445.0 1000068.0 1000029.0 1002048.0 999373.0 999743.0 999613.0 1000422.0 999068.0 1000766.0 1000232.0 998848.0 1000272.0 1000287.0 998537.0 1002626.0 999927.0 1000206.0 996641.0 996824.0 1002167.0 999605.0 999245.0 998490.0 1001500.0 997784.0 998879.0 1002138.0 999294.0 998818.0 999530.0 998515.0 1001940.0 1000484.0 1000261.0 1000377.0 997439.0 998685.0 999424.0 1000461.0 1000171.0 1000971.0 1004465.0 993894.0 1000109.0 999397.0 998249.0 999141.0 999825.0 999026.0 996176.0 997711.0 1000373.0 1000486.0 998984.0 997867.0 999618.0 999119.0 997658.0 999618.0 998743.0 1002119.0 999986.0 998268.0 998580.0 1003332.0 998665.0 1000173.0 1001186.0 1000631.0 1000050.0 1001024.0 998702.0 999737.0 997841.0 1000333.0 999927.0 1002809.0 1001498.0 998585.0 1000342.0 1001151.0 1001454.0 996594.0 1001755.0 1004317.0 999572.0 999455.0 997632.0 1000331.0 996074.0 998829.0 1004025.0 1001874.0 1001190.0 1000804.0 1001477.0 1000830.0 999358.0 1002161.0 1000071.0 998850.0 998214.0 996951.0 999784.0 998403.0 997720.0 1000985.0 999218.0 999570.0 1003218.0 999133.0 1002417.0 997296.0 998456.0 1000975.0 1002105.0 1001766.0 1001179.0 998023.0 998025.0 1002690.0 1003366.0 997939.0 999138.0 1000415.0 1000179.0 998178.0 1000940.0 1000310.0 1003349.0 1001793.0 997566.0 997669.0 1001374.0 999083.0 998928.0 1001281.0 997012.0 996269.0 995832.0 999275.0 1002500.0 997814.0 999026.0 1002333.0 999096.0 1002113.0 999995.0 1000041.0 995509.0 999747.0 1000031.0 999071.0 1003083.0 999394.0 1001111.0 997070.0 999088.0 1001344.0 996627.0 999954.0 999191.0 1000114.0 999832.0 1001334.0 1001883.0 999450.0 1003002.0 1001417.0 1000667.0 998902.0 999902.0 997375.0 997481.0 999812.0 1001081.0 1002779.0 1001154.0 998681.0 995966.0 1002321.0 996979.0 999502.0 1000098.0 998545.0 998535.0 1002207.0 1000592.0 997953.0 1001185.0 999627.0 998875.0 1004014.0 998822.0 998670.0 995975.0 1000663.0 998349.0 ]

10024 actual elapsed

T=1129250, R=0, W=0
T=1074729, R=0, W=0
T=1148870, R=0, W=0
T=1091097, R=0, W=0
T=1151462, R=0, W=0
T=1126125, R=0, W=0
T=1106368, R=0, W=0
T=1202007, R=0, W=0
T=1095534, R=0, W=0
T=977178, R=0, W=0
T=1045956, R=0, W=0
T=1023042, R=0, W=0
T=1033674, R=0, W=0
T=1081571, R=0, W=0
T=1125104, R=0, W=0
T=1112998, R=0, W=0

TOTAL: T=17524965, R=0, W=0
--- 15175 MB collected in 0.995 secs (3.1% of total), longest GC took 0.167 secs
DATA gc:  total_k 15539524  total_secs 0.994782  max_secs 0.166646
