startup =       20000
elapsed =       10000
threads =       2
accounts =      2
init =          1000000
maxAmount =     10
readFreq =      0
writeFreq =     0
readThreads =   0
writeThreads =  0
disjointTrans = false
yieldALot =     false
flavour =       rfw

warming up
timed execution

TOTAL=2000000.0 [ 992735.0 1007265.0 ]

10012 actual elapsed

T=678729, R=0, W=0
T=679689, R=0, W=0

TOTAL: T=1358418, R=0, W=0
--- 1289 MB collected in 0.303 secs (1.0% of total), longest GC took 0.140 secs
DATA gc:  total_k 1320160  total_secs 0.302918  max_secs 0.140037
