startup =       20000
elapsed =       10000
threads =       2
accounts =      2
init =          1000000
maxAmount =     10
readFreq =      0
writeFreq =     0
readThreads =   0
writeThreads =  0
disjointTrans = false
yieldALot =     false
flavour =       t

warming up
timed execution

TOTAL=2000000.0 [ 1002726.0 997274.0 ]

10012 actual elapsed

T=528961, R=0, W=0
T=560034, R=0, W=0

TOTAL: T=1088995, R=0, W=0
--- 1031 MB collected in 0.306 secs (1.0% of total), longest GC took 0.153 secs
DATA gc:  total_k 1056000  total_secs 0.305925  max_secs 0.153161
