startup =       20000
elapsed =       10000
threads =       64
accounts =      64
init =          1000000
maxAmount =     10
readFreq =      0
writeFreq =     0
readThreads =   0
writeThreads =  0
disjointTrans = false
yieldALot =     false
flavour =       d

warming up
timed execution

TOTAL=6.3999996E7 [ 988508.0 1002719.0 998969.0 1002267.0 997921.0 1003145.0 999697.0 1000575.0 997256.0 999537.0 1002600.0 1001629.0 996775.0 999042.0 996528.0 1002320.0 994179.0 1003683.0 996611.0 998331.0 997457.0 996870.0 999509.0 993479.0 1000092.0 1000169.0 1002405.0 1002634.0 1011473.0 998923.0 1000964.0 1006626.0 996891.0 998651.0 1008382.0 1004061.0 995578.0 1004245.0 996694.0 996801.0 1002626.0 998904.0 1005043.0 997285.0 995352.0 998733.0 1002306.0 1007576.0 998951.0 1004293.0 998456.0 996056.0 995974.0 1002593.0 1000264.0 1001866.0 998169.0 999376.0 995764.0 1002799.0 997322.0 1002185.0 1009042.0 994869.0 ]

10014 actual elapsed

T=108412, R=0, W=0
T=106097, R=0, W=0
T=99193, R=0, W=0
T=105552, R=0, W=0
T=108682, R=0, W=0
T=106359, R=0, W=0
T=99454, R=0, W=0
T=106467, R=0, W=0
T=107679, R=0, W=0
T=106390, R=0, W=0
T=98965, R=0, W=0
T=105194, R=0, W=0
T=108583, R=0, W=0
T=106427, R=0, W=0
T=99620, R=0, W=0
T=106182, R=0, W=0
T=108326, R=0, W=0
T=106257, R=0, W=0
T=99058, R=0, W=0
T=105273, R=0, W=0
T=107505, R=0, W=0
T=106056, R=0, W=0
T=99580, R=0, W=0
T=105659, R=0, W=0
T=107022, R=0, W=0
T=107833, R=0, W=0
T=100588, R=0, W=0
T=106098, R=0, W=0
T=108821, R=0, W=0
T=105176, R=0, W=0
T=99917, R=0, W=0
T=104726, R=0, W=0
T=108404, R=0, W=0
T=107207, R=0, W=0
T=99814, R=0, W=0
T=104798, R=0, W=0
T=108233, R=0, W=0
T=105059, R=0, W=0
T=101335, R=0, W=0
T=105708, R=0, W=0
T=108847, R=0, W=0
T=106855, R=0, W=0
T=99969, R=0, W=0
T=105733, R=0, W=0
T=109071, R=0, W=0
T=107132, R=0, W=0
T=99881, R=0, W=0
T=104859, R=0, W=0
T=108673, R=0, W=0
T=105563, R=0, W=0
T=101865, R=0, W=0
T=103298, R=0, W=0
T=109771, R=0, W=0
T=106490, R=0, W=0
T=100223, R=0, W=0
T=106383, R=0, W=0
T=108311, R=0, W=0
T=56763, R=0, W=0
T=101210, R=0, W=0
T=106125, R=0, W=0
T=108727, R=0, W=0
T=106219, R=0, W=0
T=98741, R=0, W=0
T=106253, R=0, W=0

TOTAL: T=6674671, R=0, W=0
--- 8608 MB collected in 1.519 secs (4.7% of total), longest GC took 0.181 secs
DATA gc:  total_k 8815379  total_secs 1.5189  max_secs 0.18061
