startup =       20000
elapsed =       10000
threads =       16
accounts =      1024
init =          1000000
maxAmount =     10
readFreq =      0
writeFreq =     0
readThreads =   0
writeThreads =  0
disjointTrans = false
yieldALot =     false
flavour =       rfw

warming up
timed execution

TOTAL=1.02400038E9 [ 999122.0 1000298.0 1003467.0 1000377.0 1001498.0 997850.0 999433.0 1001515.0 1001654.0 998591.0 997231.0 994579.0 999320.0 999368.0 999636.0 1001202.0 1000346.0 1000931.0 1001776.0 1000369.0 999295.0 1003181.0 1003142.0 1000144.0 999811.0 1002086.0 1000309.0 1002578.0 998929.0 997437.0 1003497.0 1001020.0 999144.0 1003248.0 998494.0 1000460.0 996176.0 997782.0 997270.0 1000510.0 999733.0 999681.0 999922.0 1000343.0 1000944.0 1002733.0 997801.0 997125.0 1003102.0 1000078.0 997198.0 1000365.0 1000641.0 996954.0 1001312.0 1001251.0 1000000.0 998599.0 998808.0 999577.0 996011.0 1001435.0 998882.0 998773.0 1000358.0 999165.0 1002172.0 1000033.0 998287.0 1000221.0 1002958.0 1001681.0 1001494.0 1001344.0 997492.0 1001783.0 999088.0 996640.0 1000173.0 998669.0 1003198.0 1002111.0 999946.0 1001890.0 1002226.0 999206.0 997634.0 1000216.0 1001652.0 998932.0 1001820.0 1000056.0 998940.0 1002287.0 998729.0 1000026.0 1001903.0 1000324.0 999842.0 1001173.0 997944.0 997878.0 999844.0 999309.0 1001158.0 1000991.0 998810.0 1001936.0 999003.0 1000607.0 999486.0 1000651.0 999520.0 1000390.0 1001162.0 996980.0 1002704.0 998261.0 998421.0 999619.0 1000681.0 1002964.0 998238.0 1001018.0 1003217.0 1001785.0 999422.0 1002014.0 1001510.0 999124.0 997241.0 999928.0 1004375.0 999655.0 1001786.0 1000352.0 1003286.0 1005137.0 999477.0 1002074.0 1001214.0 997555.0 1001374.0 998574.0 998723.0 998030.0 996410.0 995739.0 1000043.0 998927.0 996971.0 998549.0 1004689.0 1001469.0 999069.0 1003592.0 994474.0 1000120.0 1001054.0 998809.0 999849.0 1001418.0 1001018.0 998325.0 999579.0 1000130.0 1002244.0 1000116.0 999996.0 1001351.0 1000300.0 1002699.0 1000104.0 1000883.0 1001217.0 1002533.0 1000250.0 1003159.0 1000641.0 998029.0 1001835.0 1000762.0 997605.0 1000508.0 999903.0 1000701.0 1001436.0 1002630.0 1000525.0 998854.0 1001279.0 997931.0 1000783.0 1000388.0 1003580.0 1000088.0 1001467.0 1001286.0 999183.0 1000140.0 996494.0 997622.0 1003361.0 1000996.0 999548.0 1002030.0 999219.0 1001801.0 999718.0 1000508.0 1000206.0 999636.0 998569.0 999857.0 1000923.0 996974.0 1000858.0 999109.0 1001229.0 1001378.0 999461.0 999926.0 1001314.0 1000205.0 1001838.0 999956.0 998353.0 997130.0 999340.0 996303.0 998752.0 999157.0 996922.0 999463.0 1000633.0 1000652.0 1001095.0 999163.0 999789.0 998956.0 999457.0 1002960.0 997479.0 998771.0 1000476.0 1002349.0 999654.0 998726.0 997537.0 997449.0 997416.0 1001281.0 1002208.0 998738.0 999395.0 996719.0 998571.0 999735.0 1000279.0 999564.0 999425.0 999907.0 996713.0 997624.0 1001797.0 998064.0 998351.0 1000209.0 995996.0 999437.0 996611.0 1002147.0 997505.0 997828.0 1002958.0 999442.0 997934.0 996896.0 1001615.0 999896.0 1001721.0 1000745.0 1003271.0 998234.0 1000594.0 1001090.0 1000772.0 999619.0 997280.0 1001793.0 996682.0 1000558.0 1003122.0 1000133.0 998975.0 999038.0 1002199.0 997290.0 1000248.0 1001374.0 1003398.0 1001611.0 999181.0 1000894.0 1001828.0 998702.0 999740.0 1001891.0 1000473.0 1001355.0 1000469.0 1000944.0 1001750.0 999332.0 1000172.0 1001279.0 1000087.0 1001873.0 1000688.0 998850.0 1001131.0 998260.0 998449.0 999515.0 1001425.0 997974.0 1001491.0 1000782.0 997986.0 998816.0 1001926.0 999603.0 996866.0 999692.0 998973.0 1005124.0 1002909.0 998202.0 1002814.0 998422.0 999356.0 999882.0 1001707.0 995613.0 999627.0 1001012.0 999299.0 1000587.0 997851.0 1000488.0 998963.0 997590.0 1002514.0 999639.0 1003537.0 1000736.0 999255.0 1001131.0 1000215.0 1000333.0 998808.0 999704.0 1000803.0 998138.0 999792.0 1000569.0 1001749.0 1000072.0 1001422.0 999436.0 1000858.0 1001118.0 998229.0 1001159.0 999107.0 999017.0 1001815.0 998206.0 997892.0 1002025.0 1001828.0 998820.0 997705.0 1000289.0 997399.0 1000791.0 996253.0 997875.0 999200.0 1001314.0 998539.0 1001628.0 998071.0 999091.0 998626.0 996889.0 1000187.0 1002708.0 1000768.0 997748.0 999331.0 1002830.0 996703.0 1001784.0 1000481.0 998164.0 999871.0 999517.0 995612.0 1002369.0 1002175.0 999949.0 999563.0 1000467.0 997935.0 999254.0 999244.0 999402.0 1002338.0 999936.0 1000448.0 1001012.0 1001319.0 998752.0 998180.0 998002.0 1002229.0 995132.0 998733.0 1000749.0 999442.0 1003305.0 1004708.0 998697.0 997970.0 1002614.0 999563.0 998203.0 999956.0 1000604.0 1000336.0 1000232.0 998074.0 999919.0 996064.0 1000058.0 1000355.0 998877.0 997551.0 996003.0 1003654.0 998506.0 998722.0 1001787.0 1000433.0 1002552.0 1000535.0 1001672.0 998666.0 999356.0 997138.0 999200.0 997233.0 998965.0 1000108.0 999425.0 1001424.0 1002949.0 999678.0 1001181.0 1002200.0 997011.0 998717.0 1000012.0 997372.0 999330.0 1000872.0 1002259.0 999488.0 996499.0 1000115.0 1002015.0 999937.0 998107.0 999943.0 1003041.0 997930.0 1000853.0 998002.0 999965.0 999769.0 1001503.0 996799.0 999691.0 1001917.0 1000056.0 999232.0 1000624.0 1001719.0 1000875.0 1000760.0 1001626.0 1002842.0 1001346.0 1000929.0 1001724.0 998917.0 999435.0 999302.0 1000240.0 998084.0 997807.0 997222.0 1000494.0 997942.0 998498.0 998684.0 1000040.0 999048.0 1000729.0 998510.0 997173.0 999335.0 996125.0 1000183.0 1002050.0 998055.0 1002724.0 999532.0 1000673.0 1000383.0 999190.0 1000465.0 999217.0 1000065.0 999051.0 997431.0 1000218.0 1000049.0 1001805.0 1001787.0 1002701.0 1000529.0 1001094.0 997788.0 1000507.0 1001400.0 1000191.0 999589.0 999920.0 998903.0 999636.0 998344.0 998648.0 997631.0 1004110.0 998807.0 1000728.0 998661.0 1005034.0 1002407.0 1001777.0 997908.0 1000739.0 999757.0 1002107.0 1003480.0 1003742.0 999737.0 1000449.0 996622.0 1000120.0 1001350.0 999316.0 999783.0 998394.0 997029.0 1000644.0 996508.0 996588.0 1002034.0 998626.0 1001032.0 1003489.0 996472.0 1001469.0 999973.0 997422.0 999905.0 997707.0 1003429.0 997523.0 998941.0 998408.0 999039.0 998960.0 997879.0 1001324.0 1000277.0 1001377.0 999322.0 998892.0 999354.0 995203.0 1000316.0 1001754.0 999676.0 1003562.0 1000642.0 996475.0 1002031.0 998931.0 1003231.0 999221.0 1000823.0 999566.0 1000951.0 998967.0 999401.0 1000255.0 1003665.0 999746.0 1001122.0 998134.0 998835.0 1000266.0 1002082.0 1001604.0 1001645.0 998347.0 999747.0 999862.0 1001934.0 998048.0 999388.0 999910.0 1000929.0 1001469.0 999099.0 998069.0 998587.0 998722.0 998663.0 996487.0 1001539.0 1001537.0 998542.0 1002557.0 999800.0 999776.0 1002830.0 1001958.0 1000359.0 1000691.0 999823.0 999082.0 1000106.0 998048.0 1000529.0 1001780.0 1001950.0 1002706.0 1001387.0 998365.0 1002770.0 1001310.0 998657.0 1003952.0 994895.0 999000.0 998656.0 1004060.0 1001303.0 1005397.0 1001054.0 1003263.0 1001991.0 1001858.0 997294.0 999895.0 998677.0 1000328.0 994152.0 1002337.0 1000519.0 1000929.0 999240.0 1001258.0 1000710.0 999214.0 998191.0 1000313.0 1000390.0 998885.0 1002090.0 1000575.0 1001537.0 1001614.0 1000198.0 1000319.0 999454.0 1000714.0 998979.0 1000840.0 1003534.0 997449.0 1001902.0 1000259.0 999510.0 1000550.0 997922.0 999248.0 1000978.0 1001480.0 999852.0 1002701.0 999619.0 998846.0 1004237.0 997925.0 1003378.0 999064.0 1003378.0 1000655.0 1000933.0 998674.0 1001095.0 1000593.0 1000507.0 999510.0 1002812.0 999194.0 998006.0 997075.0 999708.0 998491.0 998368.0 1000883.0 1002210.0 1002500.0 998194.0 1002821.0 999253.0 1000947.0 1000633.0 1001346.0 1001067.0 999844.0 998383.0 1001574.0 1000618.0 1002696.0 998205.0 1001204.0 1000290.0 1000612.0 997754.0 998905.0 1001517.0 1002337.0 998898.0 1001658.0 1000561.0 998127.0 996920.0 1000841.0 1001827.0 997782.0 1000575.0 999375.0 1001244.0 1001611.0 1000284.0 999382.0 997907.0 1001298.0 1000247.0 999390.0 998504.0 999282.0 1001731.0 999109.0 998520.0 995688.0 999819.0 1001855.0 1001591.0 1001617.0 997591.0 1004499.0 1002990.0 1001863.0 1003306.0 1005343.0 1002767.0 999166.0 998752.0 999857.0 1000595.0 1002484.0 997196.0 1000912.0 997764.0 999540.0 1001541.0 999236.0 1002873.0 998240.0 998296.0 999872.0 1002926.0 1002093.0 1000253.0 999641.0 1003708.0 998385.0 996316.0 999884.0 1000560.0 999612.0 999426.0 997420.0 999924.0 1000950.0 1000743.0 999013.0 1006455.0 1002114.0 1000537.0 996805.0 997914.0 1001082.0 1001441.0 999863.0 1000905.0 1000739.0 1000738.0 997078.0 1002437.0 998470.0 1000746.0 1001489.0 1001703.0 997149.0 1000207.0 1000378.0 999018.0 998171.0 999480.0 1000706.0 1004272.0 1004377.0 998611.0 1003410.0 999715.0 998000.0 999165.0 1000816.0 1000435.0 1000501.0 996091.0 1003669.0 1000751.0 997101.0 997884.0 998899.0 1000277.0 996416.0 1001246.0 1001530.0 997329.0 996859.0 1000878.0 998627.0 1000130.0 1001416.0 999395.0 1000106.0 999762.0 999371.0 998642.0 998295.0 997329.0 998417.0 1003011.0 999308.0 999749.0 1000965.0 999103.0 1000374.0 1000598.0 996576.0 1001431.0 1000587.0 1003537.0 996841.0 992565.0 999206.0 998980.0 999298.0 1002978.0 1000489.0 1000760.0 1000810.0 1000001.0 998496.0 1002621.0 1002347.0 997764.0 1000954.0 1001345.0 996021.0 1001958.0 1000621.0 1000689.0 1003035.0 998273.0 1002102.0 1000086.0 997983.0 1001705.0 998521.0 1000064.0 994976.0 1001800.0 1000623.0 1003444.0 998381.0 1001322.0 998234.0 997311.0 1001915.0 997462.0 1003304.0 998283.0 999651.0 999081.0 996981.0 996783.0 1001085.0 1003147.0 999578.0 1002176.0 999465.0 996986.0 998405.0 998546.0 997690.0 1001312.0 999806.0 1001104.0 1002631.0 1001817.0 1000637.0 1002320.0 1001524.0 998013.0 999967.0 999543.0 1001037.0 1001592.0 999106.0 1000574.0 1000883.0 1002960.0 999195.0 998861.0 999748.0 998105.0 999488.0 998965.0 1001247.0 1000404.0 1000888.0 997358.0 998257.0 998149.0 1001038.0 1001985.0 1002217.0 998653.0 998939.0 996982.0 999825.0 997629.0 999919.0 999691.0 1001125.0 996530.0 999595.0 999733.0 999059.0 1001665.0 1000676.0 995375.0 997759.0 1002453.0 1002423.0 1002247.0 994614.0 999021.0 999958.0 1000185.0 1001194.0 999377.0 996652.0 997623.0 999972.0 1000215.0 1003123.0 998255.0 1001759.0 998591.0 1000147.0 1000718.0 1001770.0 1000773.0 1000491.0 996756.0 998351.0 998890.0 999993.0 1002050.0 998298.0 ]

10039 actual elapsed

T=1139799, R=0, W=0
T=1051925, R=0, W=0
T=1074038, R=0, W=0
T=1117129, R=0, W=0
T=1171694, R=0, W=0
T=1145335, R=0, W=0
T=1086467, R=0, W=0
T=1173658, R=0, W=0
T=1019827, R=0, W=0
T=995084, R=0, W=0
T=1129288, R=0, W=0
T=1051204, R=0, W=0
T=1058232, R=0, W=0
T=1053808, R=0, W=0
T=1075879, R=0, W=0
T=1136906, R=0, W=0

TOTAL: T=17480273, R=0, W=0
--- 16892 MB collected in 0.933 secs (2.9% of total), longest GC took 0.136 secs
DATA gc:  total_k 17297584  total_secs 0.93279  max_secs 0.136335
