startup =       20000
elapsed =       10000
threads =       1
accounts =      2
init =          1000000
maxAmount =     10
readFreq =      0
writeFreq =     0
readThreads =   0
writeThreads =  0
disjointTrans = false
yieldALot =     false
flavour =       rfw

warming up
timed execution

TOTAL=2000000.0 [ 1004259.0 995741.0 ]

10024 actual elapsed

T=1646488, R=0, W=0

TOTAL: T=1646488, R=0, W=0
--- 1289 MB collected in 0.164 secs (0.5% of total), longest GC took 0.122 secs
DATA gc:  total_k 1319952  total_secs 0.163687  max_secs 0.121873
