startup =       20000
elapsed =       10000
threads =       256
accounts =      256
init =          1000000
maxAmount =     10
readFreq =      0
writeFreq =     0
readThreads =   0
writeThreads =  0
disjointTrans = false
yieldALot =     false
flavour =       d

warming up
timed execution

TOTAL=2.56000016E8 [ 1002203.0 1000359.0 998565.0 1001407.0 997088.0 1002882.0 1005476.0 998161.0 997095.0 1001366.0 1000629.0 999522.0 999564.0 1000786.0 998617.0 998491.0 999304.0 1000730.0 999853.0 1000734.0 997631.0 999005.0 1001997.0 1002596.0 1001276.0 1003128.0 1004585.0 1001037.0 1000300.0 1001513.0 1001856.0 998892.0 1000314.0 1001008.0 999782.0 1001103.0 998422.0 999233.0 1000346.0 1000702.0 1001826.0 998706.0 1000737.0 1000049.0 1001370.0 1000729.0 1000640.0 1001894.0 1000378.0 999184.0 997392.0 1000189.0 1000638.0 998191.0 996846.0 1000115.0 996788.0 1003837.0 998027.0 1000233.0 1003092.0 997954.0 999954.0 1002883.0 1000881.0 1001407.0 1000041.0 1000162.0 999952.0 999663.0 1002059.0 998586.0 997967.0 998220.0 999587.0 998484.0 1000551.0 1002722.0 1002294.0 1001013.0 999984.0 1000795.0 996432.0 998273.0 1002425.0 998821.0 996903.0 995079.0 1000363.0 998229.0 1000586.0 997255.0 1001240.0 999613.0 999862.0 1001975.0 1002225.0 998803.0 1000316.0 998589.0 1001876.0 1000466.0 1002386.0 1002362.0 1002121.0 1001810.0 1000662.0 1003113.0 1000117.0 997606.0 998442.0 997127.0 998385.0 999761.0 996904.0 998861.0 996345.0 1000282.0 999836.0 1003047.0 1001687.0 1001303.0 1001451.0 997687.0 996165.0 998369.0 999929.0 1001789.0 999699.0 997994.0 1000108.0 1001457.0 999454.0 998448.0 1000854.0 1000739.0 998696.0 1000206.0 998853.0 1002146.0 1000811.0 996390.0 1004387.0 999125.0 1001978.0 996283.0 998820.0 999398.0 1001291.0 997063.0 1002037.0 1000641.0 1002538.0 999567.0 997409.0 1000232.0 1000620.0 998400.0 998784.0 996575.0 1000274.0 1000271.0 998569.0 1000643.0 1002495.0 1002434.0 1001089.0 1002980.0 996998.0 1000081.0 1002270.0 1000118.0 1002068.0 998327.0 997407.0 997694.0 998455.0 999100.0 999890.0 998706.0 999710.0 1000289.0 1000274.0 1001862.0 1003430.0 1002266.0 1001468.0 997744.0 998952.0 999203.0 1001009.0 1001126.0 999369.0 997808.0 999276.0 999832.0 1001198.0 1001438.0 1000529.0 1002240.0 999948.0 997394.0 1002111.0 997926.0 999483.0 1000660.0 1000043.0 1004347.0 1002623.0 994886.0 997905.0 1000595.0 996956.0 1000783.0 1001089.0 996986.0 1001408.0 1002940.0 996673.0 998304.0 994906.0 999853.0 998803.0 998763.0 1001817.0 1000133.0 997432.0 1002137.0 1001806.0 1001109.0 1002446.0 1000094.0 1000438.0 998741.0 1003535.0 999756.0 998637.0 1002729.0 998887.0 1000557.0 1001259.0 997132.0 999625.0 997528.0 1000531.0 1001492.0 1001069.0 1002185.0 997200.0 995885.0 1003110.0 997903.0 1001056.0 998218.0 999115.0 1000702.0 ]

10071 actual elapsed

T=18570, R=0, W=0
T=19188, R=0, W=0
T=19585, R=0, W=0
T=18946, R=0, W=0
T=18419, R=0, W=0
T=19661, R=0, W=0
T=19369, R=0, W=0
T=18450, R=0, W=0
T=16518, R=0, W=0
T=18945, R=0, W=0
T=18347, R=0, W=0
T=18442, R=0, W=0
T=18527, R=0, W=0
T=19086, R=0, W=0
T=18594, R=0, W=0
T=17880, R=0, W=0
T=18264, R=0, W=0
T=19226, R=0, W=0
T=19888, R=0, W=0
T=18923, R=0, W=0
T=17839, R=0, W=0
T=19532, R=0, W=0
T=18381, R=0, W=0
T=18845, R=0, W=0
T=18346, R=0, W=0
T=20030, R=0, W=0
T=18849, R=0, W=0
T=18696, R=0, W=0
T=17847, R=0, W=0
T=19356, R=0, W=0
T=18874, R=0, W=0
T=18255, R=0, W=0
T=18659, R=0, W=0
T=19268, R=0, W=0
T=18955, R=0, W=0
T=19179, R=0, W=0
T=16779, R=0, W=0
T=19366, R=0, W=0
T=19197, R=0, W=0
T=17572, R=0, W=0
T=18620, R=0, W=0
T=19064, R=0, W=0
T=19047, R=0, W=0
T=17894, R=0, W=0
T=18772, R=0, W=0
T=20096, R=0, W=0
T=18457, R=0, W=0
T=18907, R=0, W=0
T=17774, R=0, W=0
T=19741, R=0, W=0
T=18765, R=0, W=0
T=17354, R=0, W=0
T=18018, R=0, W=0
T=19666, R=0, W=0
T=18373, R=0, W=0
T=18667, R=0, W=0
T=18973, R=0, W=0
T=18877, R=0, W=0
T=17750, R=0, W=0
T=18502, R=0, W=0
T=18554, R=0, W=0
T=18189, R=0, W=0
T=19851, R=0, W=0
T=19245, R=0, W=0
T=18574, R=0, W=0
T=19447, R=0, W=0
T=18853, R=0, W=0
T=18003, R=0, W=0
T=18947, R=0, W=0
T=17861, R=0, W=0
T=19046, R=0, W=0
T=18667, R=0, W=0
T=18827, R=0, W=0
T=18767, R=0, W=0
T=18676, R=0, W=0
T=18900, R=0, W=0
T=18661, R=0, W=0
T=19590, R=0, W=0
T=19617, R=0, W=0
T=18584, R=0, W=0
T=18692, R=0, W=0
T=19724, R=0, W=0
T=18567, R=0, W=0
T=18979, R=0, W=0
T=17927, R=0, W=0
T=19692, R=0, W=0
T=18801, R=0, W=0
T=18954, R=0, W=0
T=18076, R=0, W=0
T=19212, R=0, W=0
T=20142, R=0, W=0
T=18982, R=0, W=0
T=17958, R=0, W=0
T=19242, R=0, W=0
T=19594, R=0, W=0
T=18166, R=0, W=0
T=18165, R=0, W=0
T=19773, R=0, W=0
T=19238, R=0, W=0
T=17801, R=0, W=0
T=18378, R=0, W=0
T=19661, R=0, W=0
T=18894, R=0, W=0
T=18889, R=0, W=0
T=18478, R=0, W=0
T=18957, R=0, W=0
T=19103, R=0, W=0
T=18627, R=0, W=0
T=17815, R=0, W=0
T=18264, R=0, W=0
T=18340, R=0, W=0
T=18440, R=0, W=0
T=18418, R=0, W=0
T=19122, R=0, W=0
T=19809, R=0, W=0
T=18033, R=0, W=0
T=17831, R=0, W=0
T=19401, R=0, W=0
T=18507, R=0, W=0
T=18340, R=0, W=0
T=18234, R=0, W=0
T=19415, R=0, W=0
T=18270, R=0, W=0
T=17592, R=0, W=0
T=18242, R=0, W=0
T=19725, R=0, W=0
T=18623, R=0, W=0
T=18528, R=0, W=0
T=18733, R=0, W=0
T=19789, R=0, W=0
T=19312, R=0, W=0
T=18837, R=0, W=0
T=17623, R=0, W=0
T=18456, R=0, W=0
T=19411, R=0, W=0
T=18530, R=0, W=0
T=18450, R=0, W=0
T=18620, R=0, W=0
T=18795, R=0, W=0
T=18854, R=0, W=0
T=16628, R=0, W=0
T=19072, R=0, W=0
T=19352, R=0, W=0
T=18412, R=0, W=0
T=18791, R=0, W=0
T=18994, R=0, W=0
T=18158, R=0, W=0
T=18756, R=0, W=0
T=18257, R=0, W=0
T=19732, R=0, W=0
T=18309, R=0, W=0
T=19044, R=0, W=0
T=18215, R=0, W=0
T=19897, R=0, W=0
T=19061, R=0, W=0
T=18738, R=0, W=0
T=18954, R=0, W=0
T=19051, R=0, W=0
T=19055, R=0, W=0
T=18007, R=0, W=0
T=18837, R=0, W=0
T=5789, R=0, W=0
T=11669, R=0, W=0
T=18615, R=0, W=0
T=17660, R=0, W=0
T=19347, R=0, W=0
T=18991, R=0, W=0
T=17987, R=0, W=0
T=17557, R=0, W=0
T=19807, R=0, W=0
T=18495, R=0, W=0
T=18862, R=0, W=0
T=17510, R=0, W=0
T=19470, R=0, W=0
T=20157, R=0, W=0
T=18001, R=0, W=0
T=18578, R=0, W=0
T=19695, R=0, W=0
T=19576, R=0, W=0
T=18342, R=0, W=0
T=18326, R=0, W=0
T=18921, R=0, W=0
T=19688, R=0, W=0
T=17904, R=0, W=0
T=17076, R=0, W=0
T=18903, R=0, W=0
T=19954, R=0, W=0
T=18992, R=0, W=0
T=18488, R=0, W=0
T=19180, R=0, W=0
T=19223, R=0, W=0
T=19419, R=0, W=0
T=17418, R=0, W=0
T=19295, R=0, W=0
T=19102, R=0, W=0
T=18827, R=0, W=0
T=18880, R=0, W=0
T=19109, R=0, W=0
T=18294, R=0, W=0
T=18477, R=0, W=0
T=18868, R=0, W=0
T=20181, R=0, W=0
T=19030, R=0, W=0
T=19156, R=0, W=0
T=18131, R=0, W=0
T=18229, R=0, W=0
T=18816, R=0, W=0
T=18339, R=0, W=0
T=17509, R=0, W=0
T=19991, R=0, W=0
T=18881, R=0, W=0
T=18143, R=0, W=0
T=18234, R=0, W=0
T=17792, R=0, W=0
T=19710, R=0, W=0
T=18611, R=0, W=0
T=18960, R=0, W=0
T=19427, R=0, W=0
T=18908, R=0, W=0
T=19159, R=0, W=0
T=17669, R=0, W=0
T=19396, R=0, W=0
T=19623, R=0, W=0
T=18403, R=0, W=0
T=17980, R=0, W=0
T=19865, R=0, W=0
T=18702, R=0, W=0
T=18957, R=0, W=0
T=17672, R=0, W=0
T=19384, R=0, W=0
T=19770, R=0, W=0
T=18561, R=0, W=0
T=18474, R=0, W=0
T=19260, R=0, W=0
T=20103, R=0, W=0
T=17838, R=0, W=0
T=18352, R=0, W=0
T=19725, R=0, W=0
T=18701, R=0, W=0
T=18369, R=0, W=0
T=17242, R=0, W=0
T=19006, R=0, W=0
T=20079, R=0, W=0
T=18782, R=0, W=0
T=17304, R=0, W=0
T=18661, R=0, W=0
T=19830, R=0, W=0
T=17902, R=0, W=0
T=18834, R=0, W=0
T=19339, R=0, W=0
T=18517, R=0, W=0
T=18656, R=0, W=0
T=17435, R=0, W=0
T=19577, R=0, W=0
T=18953, R=0, W=0
T=18705, R=0, W=0

TOTAL: T=4780465, R=0, W=0
--- 6978 MB collected in 2.321 secs (7.3% of total), longest GC took 0.173 secs
DATA gc:  total_k 7146212  total_secs 2.3214  max_secs 0.17289
