startup =       20000
elapsed =       10000
threads =       256
accounts =      256
init =          1000000
maxAmount =     10
readFreq =      0
writeFreq =     0
readThreads =   0
writeThreads =  0
disjointTrans = false
yieldALot =     false
flavour =       rfw

warming up
timed execution

TOTAL=2.56000064E8 [ 1001115.0 999415.0 997247.0 998842.0 999967.0 999292.0 1000801.0 1000222.0 1001546.0 999914.0 1001443.0 998530.0 1000829.0 999634.0 999107.0 997099.0 1000326.0 999683.0 1002286.0 998380.0 998877.0 997605.0 1001189.0 1001363.0 1000210.0 1003699.0 1001130.0 1000083.0 1001954.0 997907.0 997836.0 999865.0 998155.0 996990.0 999092.0 1003935.0 997800.0 998853.0 1000718.0 999158.0 999638.0 999736.0 996098.0 998884.0 999880.0 1000746.0 999138.0 1001110.0 999267.0 999167.0 1000083.0 1001241.0 999294.0 998708.0 999532.0 999560.0 1001976.0 1000668.0 1001635.0 998411.0 999284.0 998366.0 1002059.0 1000851.0 1005553.0 997264.0 999663.0 999539.0 998653.0 999311.0 1001586.0 999700.0 1001261.0 999102.0 1000372.0 1000378.0 997363.0 1000272.0 1000395.0 997391.0 1000532.0 999331.0 996759.0 1000683.0 999617.0 1002519.0 999950.0 1001222.0 1003856.0 1000444.0 1000912.0 999447.0 997815.0 997372.0 1000834.0 999520.0 997115.0 999472.0 999642.0 1000688.0 999573.0 1001872.0 1002365.0 998850.0 1003240.0 1000957.0 999986.0 999866.0 998563.0 1002021.0 997962.0 997864.0 998722.0 997219.0 1002924.0 1000941.0 1002106.0 998698.0 1000942.0 1000691.0 998945.0 1001564.0 1000611.0 1005076.0 998111.0 1000766.0 1000548.0 1000021.0 1002154.0 999559.0 1001708.0 1000830.0 999636.0 1004898.0 1001331.0 1001566.0 1001534.0 996331.0 1002665.0 1002018.0 996664.0 996599.0 1001885.0 996938.0 1001873.0 999498.0 999522.0 997807.0 1001128.0 1002290.0 1004508.0 1000557.0 999725.0 998971.0 1002249.0 996860.0 1000812.0 1000265.0 1001972.0 999165.0 997295.0 999258.0 1000454.0 997972.0 1001105.0 998921.0 1005153.0 1001102.0 997340.0 998525.0 999907.0 997628.0 1001522.0 996411.0 1000087.0 998373.0 996877.0 1000231.0 1000669.0 1001048.0 999389.0 998205.0 1002783.0 1002225.0 1000371.0 1000437.0 997412.0 998729.0 999958.0 1001534.0 999373.0 1001038.0 1001643.0 1002820.0 1002574.0 999305.0 1000740.0 1000191.0 999307.0 998046.0 1001463.0 1003609.0 1003572.0 997985.0 1000212.0 1000063.0 1001767.0 1001797.0 1000487.0 998666.0 1000133.0 998149.0 1000044.0 1000676.0 997979.0 996015.0 998764.0 1001935.0 1000460.0 1001761.0 999712.0 999707.0 1000464.0 1000803.0 999899.0 1001541.0 1000675.0 1001608.0 1002900.0 997592.0 999193.0 999393.0 996434.0 999648.0 999134.0 999168.0 1001355.0 999872.0 997850.0 999602.0 1001439.0 998595.0 996250.0 1000761.0 1000026.0 1001792.0 1000846.0 998558.0 999319.0 998135.0 1001152.0 999036.0 998125.0 1000089.0 999237.0 1001111.0 ]

10057 actual elapsed

T=19122, R=0, W=0
T=20251, R=0, W=0
T=19085, R=0, W=0
T=20472, R=0, W=0
T=19086, R=0, W=0
T=19989, R=0, W=0
T=19977, R=0, W=0
T=18885, R=0, W=0
T=19887, R=0, W=0
T=19193, R=0, W=0
T=19848, R=0, W=0
T=19959, R=0, W=0
T=19789, R=0, W=0
T=19184, R=0, W=0
T=19538, R=0, W=0
T=18961, R=0, W=0
T=19496, R=0, W=0
T=19780, R=0, W=0
T=18932, R=0, W=0
T=17968, R=0, W=0
T=19479, R=0, W=0
T=18791, R=0, W=0
T=19119, R=0, W=0
T=19474, R=0, W=0
T=20088, R=0, W=0
T=18745, R=0, W=0
T=18795, R=0, W=0
T=19088, R=0, W=0
T=19677, R=0, W=0
T=19626, R=0, W=0
T=19244, R=0, W=0
T=18205, R=0, W=0
T=19553, R=0, W=0
T=19127, R=0, W=0
T=19971, R=0, W=0
T=20059, R=0, W=0
T=19972, R=0, W=0
T=19939, R=0, W=0
T=19804, R=0, W=0
T=19252, R=0, W=0
T=19138, R=0, W=0
T=19326, R=0, W=0
T=19309, R=0, W=0
T=19612, R=0, W=0
T=19548, R=0, W=0
T=19412, R=0, W=0
T=18844, R=0, W=0
T=20033, R=0, W=0
T=19592, R=0, W=0
T=20679, R=0, W=0
T=19511, R=0, W=0
T=4009, R=0, W=0
T=20074, R=0, W=0
T=18363, R=0, W=0
T=19207, R=0, W=0
T=18712, R=0, W=0
T=19286, R=0, W=0
T=18965, R=0, W=0
T=19935, R=0, W=0
T=18335, R=0, W=0
T=19992, R=0, W=0
T=19582, R=0, W=0
T=19230, R=0, W=0
T=20311, R=0, W=0
T=20569, R=0, W=0
T=19605, R=0, W=0
T=17974, R=0, W=0
T=20898, R=0, W=0
T=20461, R=0, W=0
T=17661, R=0, W=0
T=19483, R=0, W=0
T=20642, R=0, W=0
T=19788, R=0, W=0
T=18965, R=0, W=0
T=19930, R=0, W=0
T=20741, R=0, W=0
T=20133, R=0, W=0
T=18769, R=0, W=0
T=19888, R=0, W=0
T=19439, R=0, W=0
T=19973, R=0, W=0
T=19225, R=0, W=0
T=19035, R=0, W=0
T=20795, R=0, W=0
T=19445, R=0, W=0
T=19423, R=0, W=0
T=19537, R=0, W=0
T=19541, R=0, W=0
T=19768, R=0, W=0
T=18624, R=0, W=0
T=19621, R=0, W=0
T=20767, R=0, W=0
T=20088, R=0, W=0
T=19053, R=0, W=0
T=19002, R=0, W=0
T=18223, R=0, W=0
T=18996, R=0, W=0
T=18670, R=0, W=0
T=19022, R=0, W=0
T=20548, R=0, W=0
T=19651, R=0, W=0
T=19238, R=0, W=0
T=19449, R=0, W=0
T=19982, R=0, W=0
T=19837, R=0, W=0
T=18647, R=0, W=0
T=19846, R=0, W=0
T=19090, R=0, W=0
T=20403, R=0, W=0
T=19466, R=0, W=0
T=19327, R=0, W=0
T=19942, R=0, W=0
T=20018, R=0, W=0
T=19245, R=0, W=0
T=18723, R=0, W=0
T=19451, R=0, W=0
T=18755, R=0, W=0
T=18505, R=0, W=0
T=19253, R=0, W=0
T=20186, R=0, W=0
T=19097, R=0, W=0
T=19617, R=0, W=0
T=19102, R=0, W=0
T=19900, R=0, W=0
T=19520, R=0, W=0
T=19076, R=0, W=0
T=19363, R=0, W=0
T=19755, R=0, W=0
T=18559, R=0, W=0
T=18818, R=0, W=0
T=18909, R=0, W=0
T=20515, R=0, W=0
T=19845, R=0, W=0
T=18694, R=0, W=0
T=19274, R=0, W=0
T=20075, R=0, W=0
T=19554, R=0, W=0
T=19080, R=0, W=0
T=19019, R=0, W=0
T=19030, R=0, W=0
T=20062, R=0, W=0
T=19308, R=0, W=0
T=18995, R=0, W=0
T=19956, R=0, W=0
T=18879, R=0, W=0
T=19114, R=0, W=0
T=19658, R=0, W=0
T=20488, R=0, W=0
T=19886, R=0, W=0
T=18908, R=0, W=0
T=19224, R=0, W=0
T=20546, R=0, W=0
T=19590, R=0, W=0
T=19540, R=0, W=0
T=18953, R=0, W=0
T=20050, R=0, W=0
T=19860, R=0, W=0
T=18862, R=0, W=0
T=18978, R=0, W=0
T=20507, R=0, W=0
T=19593, R=0, W=0
T=18916, R=0, W=0
T=19582, R=0, W=0
T=20507, R=0, W=0
T=19354, R=0, W=0
T=19677, R=0, W=0
T=19626, R=0, W=0
T=20021, R=0, W=0
T=20643, R=0, W=0
T=19888, R=0, W=0
T=19527, R=0, W=0
T=20059, R=0, W=0
T=19595, R=0, W=0
T=19294, R=0, W=0
T=18783, R=0, W=0
T=20345, R=0, W=0
T=20307, R=0, W=0
T=18786, R=0, W=0
T=19387, R=0, W=0
T=19226, R=0, W=0
T=19616, R=0, W=0
T=19546, R=0, W=0
T=19685, R=0, W=0
T=20117, R=0, W=0
T=20716, R=0, W=0
T=19293, R=0, W=0
T=18948, R=0, W=0
T=19731, R=0, W=0
T=19790, R=0, W=0
T=20430, R=0, W=0
T=18525, R=0, W=0
T=20593, R=0, W=0
T=19431, R=0, W=0
T=19172, R=0, W=0
T=19780, R=0, W=0
T=19810, R=0, W=0
T=20112, R=0, W=0
T=19373, R=0, W=0
T=19456, R=0, W=0
T=20720, R=0, W=0
T=19368, R=0, W=0
T=19316, R=0, W=0
T=19344, R=0, W=0
T=20179, R=0, W=0
T=19973, R=0, W=0
T=18840, R=0, W=0
T=18990, R=0, W=0
T=20347, R=0, W=0
T=19357, R=0, W=0
T=19481, R=0, W=0
T=19671, R=0, W=0
T=19625, R=0, W=0
T=19832, R=0, W=0
T=19156, R=0, W=0
T=19558, R=0, W=0
T=18913, R=0, W=0
T=20070, R=0, W=0
T=19777, R=0, W=0
T=19333, R=0, W=0
T=19405, R=0, W=0
T=19106, R=0, W=0
T=18764, R=0, W=0
T=20322, R=0, W=0
T=18788, R=0, W=0
T=19986, R=0, W=0
T=19434, R=0, W=0
T=19719, R=0, W=0
T=20050, R=0, W=0
T=18491, R=0, W=0
T=19771, R=0, W=0
T=19924, R=0, W=0
T=20369, R=0, W=0
T=19662, R=0, W=0
T=19837, R=0, W=0
T=19438, R=0, W=0
T=20482, R=0, W=0
T=18703, R=0, W=0
T=19707, R=0, W=0
T=19031, R=0, W=0
T=20844, R=0, W=0
T=19573, R=0, W=0
T=19203, R=0, W=0
T=19925, R=0, W=0
T=20313, R=0, W=0
T=19908, R=0, W=0
T=19701, R=0, W=0
T=19229, R=0, W=0
T=20224, R=0, W=0
T=19442, R=0, W=0
T=19310, R=0, W=0
T=19144, R=0, W=0
T=21269, R=0, W=0
T=19884, R=0, W=0
T=19302, R=0, W=0
T=19851, R=0, W=0
T=19086, R=0, W=0

TOTAL: T=4986184, R=0, W=0
--- 6974 MB collected in 2.314 secs (7.2% of total), longest GC took 0.144 secs
DATA gc:  total_k 7142298  total_secs 2.31419  max_secs 0.14431
