startup =       20000
elapsed =       10000
threads =       128
accounts =      128
init =          1000000
maxAmount =     10
readFreq =      0
writeFreq =     0
readThreads =   0
writeThreads =  0
disjointTrans = false
yieldALot =     false
flavour =       rfw

warming up
timed execution

TOTAL=1.27999984E8 [ 994081.0 1000242.0 997749.0 999794.0 1001694.0 999267.0 1003473.0 997116.0 1005155.0 1004629.0 1004314.0 998544.0 997846.0 999990.0 995060.0 994131.0 997644.0 1000911.0 1006068.0 1009459.0 995247.0 996857.0 997610.0 1001409.0 1002027.0 1004734.0 1000591.0 998961.0 1000848.0 998814.0 1003872.0 1003445.0 1000203.0 1000376.0 1000652.0 993382.0 1002929.0 998446.0 995270.0 1000399.0 1004634.0 1000123.0 992119.0 1001823.0 1004138.0 998569.0 1001660.0 997123.0 1002614.0 1003198.0 1003761.0 997730.0 1000875.0 1000641.0 999260.0 1004346.0 1000510.0 1003179.0 1003391.0 1001217.0 1003201.0 996571.0 999146.0 1001711.0 992642.0 1001527.0 993838.0 999297.0 1003145.0 1002786.0 996687.0 1000668.0 1004051.0 999536.0 998294.0 996419.0 995841.0 993674.0 994381.0 1000335.0 999667.0 991959.0 1002629.0 1003892.0 999486.0 996003.0 995508.0 1004010.0 1002468.0 1001504.0 996528.0 1007215.0 999961.0 1001119.0 999993.0 998619.0 997785.0 1004424.0 1003383.0 996514.0 1000050.0 1003506.0 1000202.0 997789.0 999333.0 1004153.0 1002565.0 996577.0 1001032.0 1002321.0 998143.0 1001123.0 1005881.0 1002742.0 991049.0 1001047.0 1000131.0 999071.0 1003368.0 998452.0 999408.0 1005787.0 996608.0 994904.0 999614.0 993612.0 1000281.0 1000684.0 ]

10018 actual elapsed

T=65702, R=0, W=0
T=55605, R=0, W=0
T=61612, R=0, W=0
T=64200, R=0, W=0
T=64846, R=0, W=0
T=55895, R=0, W=0
T=63267, R=0, W=0
T=62462, R=0, W=0
T=65336, R=0, W=0
T=55563, R=0, W=0
T=64320, R=0, W=0
T=62328, R=0, W=0
T=65293, R=0, W=0
T=55744, R=0, W=0
T=63850, R=0, W=0
T=61706, R=0, W=0
T=64984, R=0, W=0
T=56311, R=0, W=0
T=64056, R=0, W=0
T=61447, R=0, W=0
T=64961, R=0, W=0
T=55825, R=0, W=0
T=64660, R=0, W=0
T=62384, R=0, W=0
T=64510, R=0, W=0
T=55209, R=0, W=0
T=63799, R=0, W=0
T=62161, R=0, W=0
T=65043, R=0, W=0
T=55816, R=0, W=0
T=63990, R=0, W=0
T=61451, R=0, W=0
T=64585, R=0, W=0
T=55475, R=0, W=0
T=64834, R=0, W=0
T=61847, R=0, W=0
T=64471, R=0, W=0
T=55757, R=0, W=0
T=63965, R=0, W=0
T=61714, R=0, W=0
T=64274, R=0, W=0
T=55118, R=0, W=0
T=63598, R=0, W=0
T=61920, R=0, W=0
T=64743, R=0, W=0
T=55299, R=0, W=0
T=63626, R=0, W=0
T=61768, R=0, W=0
T=66006, R=0, W=0
T=55748, R=0, W=0
T=64344, R=0, W=0
T=61981, R=0, W=0
T=64887, R=0, W=0
T=56092, R=0, W=0
T=63979, R=0, W=0
T=62123, R=0, W=0
T=64993, R=0, W=0
T=56462, R=0, W=0
T=63548, R=0, W=0
T=61368, R=0, W=0
T=65527, R=0, W=0
T=55729, R=0, W=0
T=62079, R=0, W=0
T=64364, R=0, W=0
T=65416, R=0, W=0
T=55693, R=0, W=0
T=61791, R=0, W=0
T=63898, R=0, W=0
T=65457, R=0, W=0
T=56097, R=0, W=0
T=62418, R=0, W=0
T=64684, R=0, W=0
T=64834, R=0, W=0
T=56339, R=0, W=0
T=6502, R=0, W=0
T=6945, R=0, W=0
T=65164, R=0, W=0
T=56069, R=0, W=0
T=62014, R=0, W=0
T=64302, R=0, W=0
T=65058, R=0, W=0
T=55568, R=0, W=0
T=61850, R=0, W=0
T=64592, R=0, W=0
T=65363, R=0, W=0
T=55937, R=0, W=0
T=61788, R=0, W=0
T=64066, R=0, W=0
T=64991, R=0, W=0
T=56089, R=0, W=0
T=62433, R=0, W=0
T=64199, R=0, W=0
T=65015, R=0, W=0
T=55842, R=0, W=0
T=62278, R=0, W=0
T=63965, R=0, W=0
T=65437, R=0, W=0
T=55418, R=0, W=0
T=61997, R=0, W=0
T=64626, R=0, W=0
T=64947, R=0, W=0
T=56226, R=0, W=0
T=61963, R=0, W=0
T=64334, R=0, W=0
T=65102, R=0, W=0
T=55642, R=0, W=0
T=61931, R=0, W=0
T=64541, R=0, W=0
T=64201, R=0, W=0
T=55974, R=0, W=0
T=61578, R=0, W=0
T=63918, R=0, W=0
T=65285, R=0, W=0
T=55568, R=0, W=0
T=61672, R=0, W=0
T=63959, R=0, W=0
T=65013, R=0, W=0
T=55208, R=0, W=0
T=62040, R=0, W=0
T=65208, R=0, W=0
T=64577, R=0, W=0
T=56079, R=0, W=0
T=62479, R=0, W=0
T=64292, R=0, W=0
T=64999, R=0, W=0
T=56255, R=0, W=0
T=61649, R=0, W=0
T=64651, R=0, W=0

TOTAL: T=7789986, R=0, W=0
--- 10525 MB collected in 2.540 secs (7.9% of total), longest GC took 0.174 secs
DATA gc:  total_k 10777915  total_secs 2.54013  max_secs 0.173543
