startup =       20000
elapsed =       10000
threads =       64
accounts =      64
init =          1000000
maxAmount =     10
readFreq =      0
writeFreq =     0
readThreads =   0
writeThreads =  0
disjointTrans = false
yieldALot =     false
flavour =       rfw

warming up
timed execution

TOTAL=6.4E7 [ 1003636.0 1004269.0 996842.0 1002729.0 992552.0 1000765.0 996795.0 1000957.0 988515.0 999729.0 997792.0 992426.0 999818.0 1004712.0 994371.0 1006774.0 1005124.0 996342.0 999927.0 1005218.0 1001725.0 996535.0 998947.0 995310.0 1000513.0 997074.0 997666.0 1004985.0 1000206.0 1001797.0 1007157.0 996019.0 993127.0 1005391.0 1001773.0 1003546.0 1004090.0 1000085.0 1000764.0 1005446.0 997292.0 1001547.0 997465.0 1002922.0 997019.0 1012100.0 1001478.0 1003722.0 1003305.0 991010.0 991473.0 996924.0 996747.0 996946.0 1003248.0 998229.0 1002050.0 996853.0 1007507.0 996271.0 1006427.0 1001757.0 992173.0 1004086.0 ]

10015 actual elapsed

T=109492, R=0, W=0
T=105244, R=0, W=0
T=99414, R=0, W=0
T=108792, R=0, W=0
T=107329, R=0, W=0
T=105109, R=0, W=0
T=99822, R=0, W=0
T=108808, R=0, W=0
T=110159, R=0, W=0
T=99498, R=0, W=0
T=75119, R=0, W=0
T=106796, R=0, W=0
T=109383, R=0, W=0
T=100373, R=0, W=0
T=109244, R=0, W=0
T=105696, R=0, W=0
T=108646, R=0, W=0
T=99749, R=0, W=0
T=109339, R=0, W=0
T=105300, R=0, W=0
T=109554, R=0, W=0
T=101394, R=0, W=0
T=108204, R=0, W=0
T=105908, R=0, W=0
T=109708, R=0, W=0
T=99895, R=0, W=0
T=108242, R=0, W=0
T=105702, R=0, W=0
T=109775, R=0, W=0
T=102001, R=0, W=0
T=109063, R=0, W=0
T=106703, R=0, W=0
T=108922, R=0, W=0
T=99563, R=0, W=0
T=107573, R=0, W=0
T=105675, R=0, W=0
T=108102, R=0, W=0
T=99100, R=0, W=0
T=109756, R=0, W=0
T=73789, R=0, W=0
T=109844, R=0, W=0
T=99564, R=0, W=0
T=108455, R=0, W=0
T=105950, R=0, W=0
T=109042, R=0, W=0
T=100784, R=0, W=0
T=107377, R=0, W=0
T=103951, R=0, W=0
T=109407, R=0, W=0
T=100079, R=0, W=0
T=108236, R=0, W=0
T=106430, R=0, W=0
T=110313, R=0, W=0
T=100132, R=0, W=0
T=109330, R=0, W=0
T=105337, R=0, W=0
T=107815, R=0, W=0
T=100163, R=0, W=0
T=108464, R=0, W=0
T=105645, R=0, W=0
T=109628, R=0, W=0
T=100362, R=0, W=0
T=110014, R=0, W=0
T=104421, R=0, W=0

TOTAL: T=6712684, R=0, W=0
--- 9284 MB collected in 1.926 secs (6.0% of total), longest GC took 0.169 secs
DATA gc:  total_k 9507771  total_secs 1.92568  max_secs 0.169138
