startup =       20000
elapsed =       10000
threads =       2
accounts =      128
init =          1000000
maxAmount =     10
readFreq =      0
writeFreq =     0
readThreads =   0
writeThreads =  0
disjointTrans = false
yieldALot =     false
flavour =       t

warming up
timed execution

TOTAL=1.2799996E8 [ 1002075.0 1000757.0 999104.0 1003312.0 1002126.0 1000805.0 1000214.0 1001381.0 1002799.0 998926.0 999535.0 998699.0 996461.0 996742.0 998531.0 998609.0 1001604.0 1003950.0 1003537.0 1004651.0 1000866.0 1000043.0 1001658.0 1000951.0 1002830.0 1000143.0 1000541.0 998569.0 998238.0 1001932.0 1000059.0 1000033.0 1001263.0 1002873.0 1000474.0 1004523.0 999530.0 1000425.0 1000173.0 999438.0 1002035.0 999526.0 1002713.0 998472.0 1000538.0 997593.0 1000639.0 1002066.0 998754.0 997026.0 1000486.0 1000280.0 1001753.0 998094.0 997332.0 1000912.0 1002801.0 1000525.0 997253.0 998628.0 998285.0 999382.0 1001829.0 997390.0 996296.0 1000829.0 994459.0 995953.0 999215.0 999479.0 999933.0 998196.0 1000955.0 999994.0 994171.0 1000695.0 1003459.0 998851.0 998366.0 999752.0 997483.0 1000333.0 1000615.0 999760.0 1001616.0 1002280.0 997455.0 997010.0 999337.0 999527.0 998686.0 998784.0 999956.0 1004299.0 1001948.0 998419.0 999231.0 1000044.0 999296.0 999026.0 999627.0 998649.0 998715.0 1001508.0 1000943.0 1003620.0 1000533.0 1002372.0 1001060.0 1001505.0 997577.0 998787.0 997182.0 998506.0 1000622.0 999970.0 997567.0 999640.0 996942.0 1003286.0 998416.0 1001332.0 1002918.0 1002299.0 1000814.0 998052.0 998943.0 1000215.0 ]

10024 actual elapsed

T=1092943, R=0, W=0
T=1103936, R=0, W=0

TOTAL: T=2196879, R=0, W=0
--- 2227 MB collected in 0.567 secs (1.8% of total), longest GC took 0.145 secs
DATA gc:  total_k 2281393  total_secs 0.567414  max_secs 0.144595
