startup =       20000
elapsed =       10000
threads =       4
accounts =      256
init =          1000000
maxAmount =     10
readFreq =      0
writeFreq =     0
readThreads =   0
writeThreads =  0
disjointTrans = false
yieldALot =     false
flavour =       rfw

warming up
timed execution

TOTAL=2.56E8 [ 999141.0 999501.0 1003403.0 1002064.0 998801.0 1001396.0 1001413.0 1001031.0 1000020.0 1003501.0 1000629.0 995946.0 998986.0 1002388.0 1001715.0 998735.0 998202.0 997064.0 1001401.0 1002218.0 998497.0 1002394.0 1000585.0 1001645.0 996994.0 1004573.0 996938.0 1001931.0 998987.0 1000072.0 999895.0 996262.0 999633.0 999636.0 1002676.0 1001947.0 1000449.0 998760.0 999227.0 1001554.0 1000646.0 1001319.0 1002087.0 1000948.0 996742.0 1000835.0 999427.0 999013.0 997875.0 1000174.0 994328.0 1003510.0 1002721.0 1000489.0 1001133.0 997050.0 998959.0 1000747.0 1000527.0 1000055.0 998518.0 1001508.0 996830.0 1000837.0 1001153.0 998231.0 1001638.0 1002082.0 1000547.0 999244.0 1000140.0 999822.0 998312.0 1001103.0 1004456.0 1002566.0 998259.0 998525.0 998797.0 1001686.0 1000442.0 1000773.0 1001877.0 1001254.0 999160.0 1002840.0 1000289.0 999002.0 999967.0 1000942.0 1001104.0 998600.0 998544.0 998329.0 1001338.0 1001065.0 1000626.0 1003049.0 1000071.0 998408.0 1000237.0 1003132.0 998625.0 997461.0 999583.0 1000645.0 997464.0 1001969.0 998093.0 999901.0 1001350.0 1003771.0 1000734.0 996003.0 998307.0 1004795.0 1003155.0 999940.0 998161.0 998882.0 1000269.0 1000570.0 998207.0 999679.0 1001322.0 1001429.0 1000374.0 999590.0 1000755.0 997486.0 1001187.0 995439.0 1003255.0 1004203.0 1002238.0 1000485.0 1003658.0 999179.0 1001895.0 1001934.0 1000087.0 999096.0 998583.0 1000012.0 1001076.0 1000656.0 999896.0 998391.0 998936.0 996423.0 1001843.0 998190.0 995592.0 999486.0 999465.0 998739.0 1002279.0 997904.0 998344.0 999249.0 1000781.0 999660.0 1002961.0 1003689.0 1000640.0 998196.0 1001448.0 1001431.0 996259.0 999508.0 1000345.0 998250.0 1000478.0 1001280.0 1000645.0 997326.0 1003011.0 998424.0 1001431.0 997486.0 996874.0 1003094.0 998587.0 998290.0 1000420.0 999628.0 1002938.0 998032.0 999272.0 998905.0 998993.0 996947.0 1000207.0 997981.0 999916.0 999882.0 1001682.0 999267.0 1000195.0 999224.0 1001406.0 1002434.0 999439.0 998212.0 1001149.0 1002259.0 1001286.0 999444.0 999576.0 997133.0 996542.0 1003746.0 999352.0 998415.0 998919.0 1000536.0 1000468.0 999583.0 997570.0 1001283.0 999731.0 1001350.0 998334.0 998652.0 999459.0 999617.0 1001163.0 999969.0 1000663.0 999311.0 998353.0 996957.0 1000873.0 995127.0 1002172.0 999725.0 998935.0 1003345.0 998398.0 1000416.0 996220.0 998760.0 1000289.0 998318.0 997732.0 998360.0 1001994.0 1000985.0 1000366.0 1000559.0 1001035.0 998684.0 998818.0 1002142.0 998435.0 1002080.0 ]

10024 actual elapsed

T=1081207, R=0, W=0
T=985882, R=0, W=0
T=1142353, R=0, W=0
T=1187275, R=0, W=0

TOTAL: T=4396717, R=0, W=0
--- 4265 MB collected in 0.633 secs (2.0% of total), longest GC took 0.136 secs
DATA gc:  total_k 4367827  total_secs 0.633375  max_secs 0.136302
