startup =       20000
elapsed =       10000
threads =       1
accounts =      1
init =          1000000
maxAmount =     10
readFreq =      0
writeFreq =     0
readThreads =   0
writeThreads =  0
disjointTrans = false
yieldALot =     false
flavour =       t

warming up
timed execution

TOTAL=1000000.0 [ 1000000.0 ]

10012 actual elapsed

T=1434357, R=0, W=0

TOTAL: T=1434357, R=0, W=0
--- 1031 MB collected in 0.197 secs (0.7% of total), longest GC took 0.160 secs
DATA gc:  total_k 1056064  total_secs 0.197293  max_secs 0.160197
