startup =       20000
elapsed =       10000
threads =       8
accounts =      512
init =          1000000
maxAmount =     10
readFreq =      0
writeFreq =     0
readThreads =   0
writeThreads =  0
disjointTrans = false
yieldALot =     false
flavour =       t

warming up
timed execution

TOTAL=5.12000064E8 [ 999162.0 1002629.0 999990.0 999876.0 995800.0 1000458.0 1001038.0 1002405.0 1003949.0 1000630.0 1004633.0 999703.0 1001362.0 998013.0 1002223.0 1000736.0 996816.0 998410.0 999179.0 1002495.0 999058.0 1002124.0 1000891.0 997579.0 996329.0 997488.0 1000581.0 996841.0 1003259.0 1000160.0 998560.0 1001707.0 998464.0 1001548.0 1001128.0 997644.0 999656.0 997792.0 998440.0 1000444.0 1001523.0 999038.0 999180.0 1002239.0 1000562.0 998800.0 998642.0 999564.0 998203.0 1002779.0 998537.0 1000021.0 1001311.0 1000069.0 999381.0 998834.0 1001065.0 1000539.0 997845.0 997805.0 1001169.0 999228.0 1003005.0 1001430.0 999158.0 1003883.0 1000065.0 995562.0 999404.0 998720.0 1002040.0 999081.0 1001317.0 1001265.0 997506.0 1004488.0 996367.0 998357.0 1000730.0 999593.0 997384.0 1001086.0 1001547.0 999220.0 997691.0 999405.0 1003156.0 1001014.0 998978.0 999561.0 997498.0 1000416.0 997939.0 1000567.0 996696.0 1000883.0 998908.0 998235.0 999107.0 999887.0 999162.0 998550.0 997485.0 1001727.0 997960.0 1000011.0 994130.0 1001037.0 1000944.0 999273.0 998967.0 1001346.0 1000357.0 1004951.0 1001125.0 1003139.0 1000766.0 1000602.0 1002929.0 999474.0 999979.0 1002426.0 1001090.0 1000159.0 1001097.0 999421.0 1000100.0 997925.0 999772.0 998402.0 1002837.0 1003353.0 1000374.0 1002131.0 1001556.0 997914.0 1003718.0 996704.0 999736.0 998203.0 999950.0 999827.0 1003343.0 999780.0 1000939.0 999695.0 999575.0 1001708.0 1002030.0 999005.0 997642.0 1003673.0 998292.0 997397.0 1001082.0 1002338.0 996854.0 1001275.0 1000725.0 1002721.0 998866.0 999688.0 999161.0 1004491.0 1000722.0 998654.0 1002241.0 1000383.0 1000243.0 1001335.0 1002410.0 1000355.0 1002594.0 1002685.0 998428.0 999558.0 996622.0 1001089.0 999048.0 1001428.0 998789.0 1001758.0 1002308.0 1000638.0 1001474.0 996804.0 1001396.0 998141.0 999799.0 1002674.0 1001486.0 998655.0 1000559.0 1000728.0 996965.0 1000008.0 999766.0 999232.0 998567.0 1000437.0 997486.0 998998.0 1000088.0 998337.0 1000569.0 1001665.0 1004244.0 997699.0 996460.0 999207.0 999035.0 1000735.0 1002317.0 999883.0 1000431.0 1001896.0 997623.0 998457.0 996070.0 998309.0 996203.0 1001733.0 999526.0 999356.0 998418.0 1001708.0 999729.0 1002518.0 1003647.0 1001690.0 1000246.0 995934.0 998281.0 998185.0 1003892.0 996011.0 996919.0 998138.0 996437.0 1000408.0 998802.0 998484.0 1000514.0 1002300.0 1003813.0 1000279.0 1003522.0 1003907.0 998544.0 1003198.0 1002758.0 1001160.0 997732.0 998463.0 997662.0 999717.0 998762.0 999240.0 1000239.0 999080.0 999788.0 1000339.0 1000440.0 1001755.0 1000068.0 1000832.0 1001744.0 998911.0 1002243.0 997377.0 1000714.0 998833.0 995430.0 997294.0 1000594.0 1003008.0 1000564.0 998901.0 1000124.0 996139.0 999304.0 1003380.0 999800.0 1000915.0 999352.0 997568.0 1000283.0 1001141.0 1000943.0 1000551.0 997602.0 1001382.0 997780.0 1000989.0 998270.0 1001732.0 999444.0 1001532.0 997697.0 999108.0 996543.0 1002275.0 1001443.0 1002483.0 997228.0 1001466.0 999685.0 999488.0 1001431.0 1002485.0 998631.0 1000398.0 995598.0 998169.0 1002622.0 996784.0 1000422.0 1001458.0 998113.0 1002399.0 1000374.0 1002972.0 1002075.0 998844.0 999727.0 1000851.0 997793.0 999101.0 1000734.0 1000542.0 1003372.0 996916.0 999401.0 999625.0 1000220.0 1000860.0 1000655.0 996378.0 999408.0 1001989.0 1001086.0 1000444.0 999629.0 999131.0 999956.0 999483.0 998067.0 999512.0 1000009.0 1000064.0 1001543.0 995980.0 998562.0 999376.0 998631.0 997933.0 999652.0 1002283.0 998333.0 999925.0 996686.0 997040.0 1001586.0 1000291.0 1000963.0 1003072.0 1000444.0 997587.0 997576.0 1002428.0 1000578.0 1001109.0 1001627.0 998191.0 1001124.0 999415.0 1001626.0 1000660.0 999441.0 999134.0 1000726.0 997021.0 999109.0 998232.0 1000796.0 1001835.0 997794.0 997713.0 1001818.0 1001281.0 996505.0 1002505.0 1001020.0 1003317.0 997430.0 999501.0 999045.0 998415.0 998581.0 998858.0 1000357.0 1001876.0 1003683.0 998317.0 1002053.0 1000439.0 998942.0 999893.0 1000113.0 1001961.0 1000986.0 999238.0 1001332.0 1000952.0 1000258.0 999975.0 999633.0 998524.0 999642.0 1002200.0 1001706.0 1001734.0 999127.0 1004211.0 999754.0 999216.0 996975.0 1001103.0 999851.0 999222.0 998146.0 998049.0 1003172.0 999084.0 997478.0 1000144.0 1002188.0 1001514.0 998574.0 996422.0 999655.0 1000361.0 999098.0 999813.0 1001003.0 1000684.0 1003167.0 998321.0 1000136.0 999929.0 999148.0 997745.0 998968.0 1003921.0 1001339.0 998317.0 1001957.0 1000154.0 1002291.0 997217.0 1000690.0 999141.0 997600.0 1001116.0 1000864.0 999542.0 1000745.0 1000937.0 1003198.0 1000049.0 1000201.0 998873.0 996937.0 999263.0 1003386.0 1001677.0 1001186.0 999913.0 999956.0 998575.0 1001146.0 1001081.0 1000650.0 1001341.0 998177.0 998377.0 999062.0 1002061.0 1000364.0 999157.0 998765.0 1000325.0 1001442.0 1000568.0 1000026.0 1004307.0 1000918.0 1002843.0 998900.0 1002102.0 999395.0 1000575.0 995689.0 999110.0 1000051.0 1002769.0 1001050.0 1000353.0 998133.0 999473.0 998712.0 999238.0 ]

10024 actual elapsed

T=989394, R=0, W=0
T=1039690, R=0, W=0
T=1042787, R=0, W=0
T=1072029, R=0, W=0
T=1026792, R=0, W=0
T=1050427, R=0, W=0
T=1015386, R=0, W=0
T=1035034, R=0, W=0

TOTAL: T=8271539, R=0, W=0
--- 8687 MB collected in 0.802 secs (2.6% of total), longest GC took 0.150 secs
DATA gc:  total_k 8895667  total_secs 0.801911  max_secs 0.149602
