startup =       20000
elapsed =       10000
threads =       2
accounts =      128
init =          1000000
maxAmount =     10
readFreq =      0
writeFreq =     0
readThreads =   0
writeThreads =  0
disjointTrans = false
yieldALot =     false
flavour =       rfw

warming up
timed execution

TOTAL=1.28000032E8 [ 999754.0 1002273.0 997670.0 998107.0 998622.0 997741.0 1001307.0 997065.0 996936.0 1001159.0 1000165.0 999430.0 998320.0 998178.0 1005181.0 1002586.0 1002255.0 997553.0 998099.0 1003932.0 1001063.0 1000740.0 1001017.0 1002692.0 996776.0 999203.0 998786.0 1002945.0 1001059.0 998945.0 1001570.0 999080.0 998866.0 1001815.0 1000903.0 998931.0 999085.0 996528.0 1000374.0 1000300.0 1003978.0 1002568.0 1001500.0 999785.0 998755.0 1002435.0 1003974.0 996145.0 1000799.0 998278.0 998670.0 1003057.0 1001628.0 1001336.0 1000372.0 999314.0 998865.0 998611.0 999706.0 998420.0 998235.0 998926.0 999152.0 1000113.0 1001716.0 999766.0 998606.0 1002871.0 1001348.0 998711.0 999581.0 999274.0 998748.0 1000929.0 1001173.0 999986.0 998402.0 999849.0 999465.0 1000632.0 998607.0 1002849.0 999255.0 1000813.0 1000854.0 997335.0 999952.0 1000981.0 994992.0 998549.0 999952.0 997388.0 999987.0 996907.0 1000993.0 998315.0 998431.0 1003005.0 1000454.0 998035.0 1002566.0 997421.0 999174.0 998832.0 1000538.0 1003837.0 1001846.0 1002170.0 996976.0 1000352.0 999707.0 1001565.0 998911.0 997844.0 997845.0 1000224.0 997931.0 1002790.0 1003162.0 1002060.0 1000026.0 997994.0 1000720.0 1002816.0 999876.0 1001596.0 1001925.0 998952.0 ]

10023 actual elapsed

T=1297797, R=0, W=0
T=1278745, R=0, W=0

TOTAL: T=2576542, R=0, W=0
--- 2228 MB collected in 0.600 secs (2.0% of total), longest GC took 0.148 secs
DATA gc:  total_k 2281641  total_secs 0.600311  max_secs 0.148171
