startup =       20000
elapsed =       10000
threads =       2
accounts =      2
init =          1000000
maxAmount =     10
readFreq =      0
writeFreq =     0
readThreads =   0
writeThreads =  0
disjointTrans = false
yieldALot =     false
flavour =       d

warming up
timed execution

TOTAL=2000000.0 [ 1005495.0 994505.0 ]

10012 actual elapsed

T=600954, R=0, W=0
T=596484, R=0, W=0

TOTAL: T=1197438, R=0, W=0
--- 1031 MB collected in 0.173 secs (0.6% of total), longest GC took 0.140 secs
DATA gc:  total_k 1055888  total_secs 0.172963  max_secs 0.139739
