Number of accounts  = 4
Initial amount      = 100000.0
Maximal transfer    = 10
Read-all frequency  = 0%
Write-all frequency = 0%
Read-all threads    = 0
Write-all threads   = 0
Disjoint            = false
Yield               = false

Starting threads... 0 1 2 3
End of warmup phase... 0 1 2 3
End of test phase... 0 1 2 3
Waiting for threads to finish...
All threads returned successfully
RESULTS:

  Warmup duration (ms) = 20009
  Test duration (ms)   = 10008
  Nb iterations        = 9144
  Stats                = T=9144, R=0, W=0, TOTAL=400000 [ 0=99093.0 1=99194.0 2=100375.0 3=101338.0 ]
    0 : 1862 (T=1862, R=0, W=0)
    1 : 1620 (T=1620, R=0, W=0)
    2 : 2757 (T=2757, R=0, W=0)
    3 : 2905 (T=2905, R=0, W=0)
--- 4505 MB collected in 0.751 secs (2.5% of total), longest GC took 0.165 secs
DATA gc:  total_k 4613936  total_secs 0.751222  max_secs 0.164932
