TL2CM Initialized:
Contention Manager: Polka busy-waiting [C=10]
Number of accounts  = 2
Initial amount      = 100000.0
Maximal transfer    = 10
Read-all frequency  = 0%
Write-all frequency = 0%
Read-all threads    = 0
Write-all threads   = 0
Disjoint            = false
Yield               = false

Starting threads... 0 1
End of warmup phase... 0 1
End of test phase... 0 1
Waiting for threads to finish...
All threads returned successfully
RESULTS:

  Warmup duration (ms) = 20007
  Test duration (ms)   = 10009
  Nb iterations        = 816507
  Stats                = T=816507, R=0, W=0, TOTAL=202806 [ 0=94544.0 1=108262.0 ]
    0 : 410450 (T=410450, R=0, W=0)
    1 : 406057 (T=406057, R=0, W=0)
--- 764 MB collected in 0.242 secs (0.8% of total), longest GC took 0.154 secs
DATA gc:  total_k 783160  total_secs 0.241852  max_secs 0.154378
