Number of accounts  = 2
Initial amount      = 100000.0
Maximal transfer    = 10
Read-all frequency  = 0%
Write-all frequency = 0%
Read-all threads    = 0
Write-all threads   = 0
Disjoint            = false
Yield               = false

Starting threads... 0
End of warmup phase... 0
End of test phase... 0
Waiting for threads to finish...
All threads returned successfully
RESULTS:

  Warmup duration (ms) = 20003
  Test duration (ms)   = 10008
  Nb iterations        = 2128952
  Stats                = T=2128952, R=0, W=0, TOTAL=200000 [ 0=99267.0 1=100733.0 ]
    0 : 2128952 (T=2128952, R=0, W=0)
--- 1027 MB collected in 0.217 secs (0.8% of total), longest GC took 0.144 secs
DATA gc:  total_k 1052200  total_secs 0.216789  max_secs 0.144071
