Number of accounts  = 128
Initial amount      = 100000.0
Maximal transfer    = 10
Read-all frequency  = 0%
Write-all frequency = 0%
Read-all threads    = 0
Write-all threads   = 0
Disjoint            = false
Yield               = false

Starting threads... 0 1
End of warmup phase... 0 1
End of test phase... 0 1
Waiting for threads to finish...
All threads returned successfully
RESULTS:

  Warmup duration (ms) = 20001
  Test duration (ms)   = 10009
  Nb iterations        = 2331449
  Stats                = T=2331449, R=0, W=0, TOTAL=12800000 [ 0=98618.0 1=102476.0 2=102964.0 3=100046.0 4=102970.0 5=99051.0 6=103142.0 7=99894.0 8=99975.0 9=99156.0 10=99079.0 11=99630.0 12=98456.0 13=97390.0 14=101138.0 15=103612.0 16=100440.0 17=97601.0 18=101382.0 19=100160.0 20=97543.0 21=97937.0 22=98621.0 23=100771.0 24=100534.0 25=99133.0 26=101269.0 27=103681.0 28=97765.0 29=97466.0 30=100461.0 31=99675.0 32=100867.0 33=101226.0 34=97097.0 35=98764.0 36=101154.0 37=97461.0 38=98444.0 39=98925.0 40=99529.0 41=100229.0 42=100339.0 43=101468.0 44=101023.0 45=97050.0 46=98696.0 47=98602.0 48=103069.0 49=96838.0 50=99932.0 51=95262.0 52=100011.0 53=100557.0 54=99129.0 55=98624.0 56=99449.0 57=100490.0 58=100438.0 59=96825.0 60=100993.0 61=98333.0 62=99997.0 63=97487.0 64=97032.0 65=100607.0 66=101598.0 67=102614.0 68=100540.0 69=101394.0 70=98764.0 71=98572.0 72=99311.0 73=100175.0 74=99615.0 75=100112.0 76=98766.0 77=98111.0 78=99829.0 79=101037.0 80=100264.0 81=99453.0 82=100918.0 83=100022.0 84=103213.0 85=98925.0 86=99813.0 87=100129.0 88=100579.0 89=101262.0 90=101064.0 91=100044.0 92=103348.0 93=98858.0 94=100817.0 95=99384.0 96=101341.0 97=100010.0 98=100007.0 99=100024.0 100=103878.0 101=101467.0 102=100939.0 103=99459.0 104=100753.0 105=97995.0 106=98761.0 107=98541.0 108=99763.0 109=98943.0 110=99394.0 111=97016.0 112=100942.0 113=101451.0 114=100147.0 115=98324.0 116=103997.0 117=103264.0 118=104615.0 119=96747.0 120=101521.0 121=98904.0 122=101469.0 123=96249.0 124=101010.0 125=100538.0 126=100805.0 127=105212.0 ]
    0 : 1166138 (T=1166138, R=0, W=0)
    1 : 1165311 (T=1165311, R=0, W=0)
--- 1538 MB collected in 0.458 secs (1.5% of total), longest GC took 0.175 secs
DATA gc:  total_k 1575488  total_secs 0.458072  max_secs 0.175084
