Number of accounts  = 512
Initial amount      = 100000.0
Maximal transfer    = 10
Read-all frequency  = 0%
Write-all frequency = 0%
Read-all threads    = 0
Write-all threads   = 0
Disjoint            = false
Yield               = false

Starting threads... 0 1 2 3 4 5 6 7
End of warmup phase... 0 1 2 3 4 5 6 7
End of test phase... 0 1 2 3 4 5 6 7
Waiting for threads to finish...
All threads returned successfully
RESULTS:

  Warmup duration (ms) = 20008
  Test duration (ms)   = 10008
  Nb iterations        = 8550369
  Stats                = T=8550369, R=0, W=0, TOTAL=51200000 [ 0=100589.0 1=97173.0 2=95896.0 3=98428.0 4=102257.0 5=100600.0 6=100887.0 7=101578.0 8=96876.0 9=101027.0 10=99434.0 11=101104.0 12=95744.0 13=100848.0 14=96998.0 15=101030.0 16=98078.0 17=97888.0 18=95590.0 19=101568.0 20=99419.0 21=96443.0 22=101802.0 23=100003.0 24=98510.0 25=99211.0 26=103082.0 27=96778.0 28=98388.0 29=101110.0 30=100227.0 31=98710.0 32=97331.0 33=101717.0 34=100089.0 35=100606.0 36=100336.0 37=101422.0 38=99843.0 39=97996.0 40=101261.0 41=97459.0 42=99990.0 43=99783.0 44=98105.0 45=98176.0 46=101068.0 47=97558.0 48=101280.0 49=102386.0 50=102790.0 51=101032.0 52=100566.0 53=100178.0 54=98380.0 55=96724.0 56=102066.0 57=99182.0 58=104142.0 59=97932.0 60=96998.0 61=98326.0 62=98117.0 63=100951.0 64=97662.0 65=97318.0 66=100309.0 67=98090.0 68=100113.0 69=97557.0 70=100340.0 71=96676.0 72=100829.0 73=103546.0 74=97778.0 75=99798.0 76=95964.0 77=97358.0 78=100189.0 79=97882.0 80=100552.0 81=97306.0 82=97573.0 83=101459.0 84=100086.0 85=98835.0 86=100764.0 87=101450.0 88=101084.0 89=98280.0 90=98786.0 91=96899.0 92=98841.0 93=100546.0 94=97238.0 95=97778.0 96=98501.0 97=102795.0 98=101930.0 99=103802.0 100=100334.0 101=99994.0 102=98276.0 103=102819.0 104=101854.0 105=100565.0 106=100844.0 107=100803.0 108=100544.0 109=100015.0 110=100010.0 111=100727.0 112=102446.0 113=97999.0 114=98077.0 115=101141.0 116=96185.0 117=102076.0 118=99257.0 119=98393.0 120=101527.0 121=99523.0 122=97824.0 123=98098.0 124=101063.0 125=100599.0 126=98145.0 127=100783.0 128=101226.0 129=99999.0 130=103263.0 131=101281.0 132=97279.0 133=100496.0 134=98288.0 135=98720.0 136=100711.0 137=100439.0 138=97753.0 139=99616.0 140=100715.0 141=96847.0 142=101223.0 143=103424.0 144=101327.0 145=95030.0 146=104195.0 147=97842.0 148=99537.0 149=101002.0 150=98653.0 151=101931.0 152=99384.0 153=100413.0 154=98887.0 155=101404.0 156=100637.0 157=103809.0 158=97631.0 159=98855.0 160=100590.0 161=101000.0 162=95473.0 163=101879.0 164=98274.0 165=101711.0 166=96333.0 167=98423.0 168=100759.0 169=97469.0 170=100400.0 171=100042.0 172=102340.0 173=100998.0 174=98729.0 175=99718.0 176=104139.0 177=101149.0 178=100728.0 179=98990.0 180=97908.0 181=96772.0 182=100490.0 183=100483.0 184=102613.0 185=101547.0 186=98510.0 187=98920.0 188=98250.0 189=99761.0 190=98433.0 191=99057.0 192=99773.0 193=102378.0 194=99385.0 195=100513.0 196=99464.0 197=101045.0 198=101272.0 199=101006.0 200=97525.0 201=99997.0 202=98520.0 203=99700.0 204=102270.0 205=97916.0 206=101137.0 207=101447.0 208=99268.0 209=99337.0 210=100784.0 211=102304.0 212=100495.0 213=99165.0 214=98729.0 215=101479.0 216=100300.0 217=99830.0 218=104694.0 219=99906.0 220=99972.0 221=101309.0 222=100281.0 223=102661.0 224=98740.0 225=100727.0 226=100771.0 227=99200.0 228=100331.0 229=102196.0 230=100606.0 231=101731.0 232=102402.0 233=97498.0 234=101124.0 235=103837.0 236=99423.0 237=103408.0 238=101280.0 239=96929.0 240=97952.0 241=98862.0 242=103105.0 243=98725.0 244=99228.0 245=100305.0 246=100018.0 247=100400.0 248=98223.0 249=97731.0 250=98762.0 251=101295.0 252=102519.0 253=98668.0 254=100595.0 255=103711.0 256=100923.0 257=101140.0 258=100738.0 259=103058.0 260=102607.0 261=101423.0 262=98297.0 263=102693.0 264=96453.0 265=99843.0 266=100699.0 267=97955.0 268=96859.0 269=98538.0 270=100679.0 271=101526.0 272=98950.0 273=101403.0 274=100386.0 275=98609.0 276=96687.0 277=99316.0 278=102563.0 279=99260.0 280=101030.0 281=104657.0 282=100871.0 283=97306.0 284=100695.0 285=98898.0 286=100913.0 287=101076.0 288=100357.0 289=100290.0 290=97723.0 291=99426.0 292=102133.0 293=100990.0 294=99863.0 295=101051.0 296=99620.0 297=99309.0 298=99560.0 299=97388.0 300=98126.0 301=102240.0 302=99368.0 303=98402.0 304=101671.0 305=96685.0 306=101248.0 307=102293.0 308=99466.0 309=101071.0 310=100623.0 311=102913.0 312=98537.0 313=100641.0 314=101314.0 315=100378.0 316=102847.0 317=99429.0 318=102414.0 319=99046.0 320=99164.0 321=100525.0 322=101757.0 323=101260.0 324=98476.0 325=95787.0 326=99513.0 327=99550.0 328=98815.0 329=99513.0 330=98970.0 331=98432.0 332=100716.0 333=99503.0 334=101289.0 335=99190.0 336=101943.0 337=101435.0 338=102004.0 339=102459.0 340=102132.0 341=101932.0 342=100829.0 343=97208.0 344=100448.0 345=98877.0 346=104725.0 347=99147.0 348=99503.0 349=99864.0 350=100155.0 351=97504.0 352=99684.0 353=100358.0 354=98347.0 355=99665.0 356=98637.0 357=96986.0 358=100400.0 359=100675.0 360=102334.0 361=102066.0 362=97212.0 363=100795.0 364=99140.0 365=100960.0 366=96957.0 367=98827.0 368=98711.0 369=100826.0 370=100006.0 371=99185.0 372=100064.0 373=97193.0 374=101671.0 375=97449.0 376=104668.0 377=99242.0 378=100038.0 379=98223.0 380=99493.0 381=99085.0 382=100072.0 383=101031.0 384=101779.0 385=101982.0 386=99356.0 387=97585.0 388=102718.0 389=100542.0 390=100706.0 391=99676.0 392=98625.0 393=100635.0 394=102970.0 395=103661.0 396=104350.0 397=99569.0 398=99442.0 399=97479.0 400=99324.0 401=101539.0 402=104490.0 403=102431.0 404=99082.0 405=100618.0 406=101001.0 407=103603.0 408=99204.0 409=100016.0 410=100427.0 411=99273.0 412=98628.0 413=98879.0 414=103999.0 415=103425.0 416=98220.0 417=98705.0 418=99970.0 419=98366.0 420=97851.0 421=101190.0 422=98977.0 423=103898.0 424=100726.0 425=101441.0 426=100639.0 427=94845.0 428=99719.0 429=102599.0 430=100844.0 431=100200.0 432=98941.0 433=99139.0 434=102403.0 435=98254.0 436=100986.0 437=99752.0 438=97292.0 439=102811.0 440=100690.0 441=99463.0 442=101903.0 443=100191.0 444=99333.0 445=104619.0 446=101781.0 447=102859.0 448=100657.0 449=97297.0 450=100363.0 451=103271.0 452=101010.0 453=97679.0 454=99542.0 455=102741.0 456=100058.0 457=104253.0 458=99410.0 459=100428.0 460=100179.0 461=96694.0 462=98919.0 463=95975.0 464=104023.0 465=103363.0 466=99936.0 467=98340.0 468=99676.0 469=102780.0 470=98684.0 471=99183.0 472=100371.0 473=100074.0 474=101497.0 475=98282.0 476=97054.0 477=100273.0 478=102260.0 479=99497.0 480=99795.0 481=99734.0 482=100576.0 483=100525.0 484=101115.0 485=100471.0 486=99412.0 487=100696.0 488=99829.0 489=96108.0 490=99479.0 491=98293.0 492=99115.0 493=101040.0 494=98474.0 495=98456.0 496=102427.0 497=99112.0 498=100316.0 499=100034.0 500=99075.0 501=99319.0 502=98729.0 503=95310.0 504=98151.0 505=98996.0 506=100624.0 507=101187.0 508=100231.0 509=101538.0 510=101547.0 511=101028.0 ]
    0 : 1127042 (T=1127042, R=0, W=0)
    1 : 1129226 (T=1129226, R=0, W=0)
    2 : 1098924 (T=1098924, R=0, W=0)
    3 : 950677 (T=950677, R=0, W=0)
    4 : 939176 (T=939176, R=0, W=0)
    5 : 1075955 (T=1075955, R=0, W=0)
    6 : 1147331 (T=1147331, R=0, W=0)
    7 : 1082038 (T=1082038, R=0, W=0)
--- 5674 MB collected in 0.785 secs (2.5% of total), longest GC took 0.210 secs
DATA gc:  total_k 5810858  total_secs 0.784633  max_secs 0.209611
