TL2CM Initialized:
Contention Manager: Polka busy-waiting [C=10]
Number of accounts  = 64
Initial amount      = 100000.0
Maximal transfer    = 10
Read-all frequency  = 0%
Write-all frequency = 0%
Read-all threads    = 0
Write-all threads   = 0
Disjoint            = false
Yield               = false

Starting threads... 0 1 2 3 4 5 6 7 8 9 10 11 12 13 14 15 16 17 18 19 20 21 22 23 24 25 26 27 28 29 30 31 32 33 34 35 36 37 38 39 40 41 42 43 44 45 46 47 48 49 50 51 52 53 54 55 56 57 58 59 60 61 62 63
End of warmup phase... 0 1 2 3 4 5 6 7 8 9 10 11 12 13 14 15 16 17 18 19 20 21 22 23 24 25 26 27 28 29 30 31 32 33 34 35 36 37 38 39 40 41 42 43 44 45 46 47 48 49 50 51 52 53 54 55 56 57 58 59 60 61 62 63
End of test phase... 0 1 2 3 4 5 6 7 8 9 10 11 12 13 14 15 16 17 18 19 20 21 22 23 24 25 26 27 28 29 30 31 32 33 34 35 36 37 38 39 40 41 42 43 44 45 46 47 48 49 50 51 52 53 54 55 56 57 58 59 60 61 62 63
Waiting for threads to finish...
All threads returned successfully
RESULTS:

  Warmup duration (ms) = 20009
  Test duration (ms)   = 10004
  Nb iterations        = 1978574
  Stats                = T=1978574, R=0, W=0, TOTAL=6480792 [ 0=97757.0 1=99382.0 2=98770.0 3=98317.0 4=103056.0 5=109723.0 6=99073.0 7=104341.0 8=101024.0 9=98940.0 10=99328.0 11=100824.0 12=98598.0 13=110073.0 14=101482.0 15=103668.0 16=101958.0 17=99718.0 18=103508.0 19=105676.0 20=97188.0 21=103179.0 22=99330.0 23=102268.0 24=99624.0 25=98897.0 26=106026.0 27=98913.0 28=101638.0 29=103598.0 30=102482.0 31=101100.0 32=103121.0 33=103588.0 34=98534.0 35=99148.0 36=102306.0 37=100931.0 38=95400.0 39=102510.0 40=100692.0 41=99741.0 42=97356.0 43=99975.0 44=100919.0 45=99928.0 46=100722.0 47=104484.0 48=99473.0 49=103425.0 50=101297.0 51=102567.0 52=104076.0 53=101108.0 54=99390.0 55=104150.0 56=98781.0 57=101378.0 58=96598.0 59=101298.0 60=105225.0 61=96310.0 62=101958.0 63=104944.0 ]
    0 : 25745 (T=25745, R=0, W=0)
    1 : 31264 (T=31264, R=0, W=0)
    2 : 33321 (T=33321, R=0, W=0)
    3 : 27500 (T=27500, R=0, W=0)
    4 : 35003 (T=35003, R=0, W=0)
    5 : 28771 (T=28771, R=0, W=0)
    6 : 29793 (T=29793, R=0, W=0)
    7 : 35512 (T=35512, R=0, W=0)
    8 : 23892 (T=23892, R=0, W=0)
    9 : 24746 (T=24746, R=0, W=0)
    10 : 33317 (T=33317, R=0, W=0)
    11 : 38942 (T=38942, R=0, W=0)
    12 : 27876 (T=27876, R=0, W=0)
    13 : 33881 (T=33881, R=0, W=0)
    14 : 30099 (T=30099, R=0, W=0)
    15 : 30148 (T=30148, R=0, W=0)
    16 : 31504 (T=31504, R=0, W=0)
    17 : 27819 (T=27819, R=0, W=0)
    18 : 32441 (T=32441, R=0, W=0)
    19 : 29618 (T=29618, R=0, W=0)
    20 : 26705 (T=26705, R=0, W=0)
    21 : 25736 (T=25736, R=0, W=0)
    22 : 34425 (T=34425, R=0, W=0)
    23 : 35424 (T=35424, R=0, W=0)
    24 : 24592 (T=24592, R=0, W=0)
    25 : 31002 (T=31002, R=0, W=0)
    26 : 38384 (T=38384, R=0, W=0)
    27 : 45957 (T=45957, R=0, W=0)
    28 : 30698 (T=30698, R=0, W=0)
    29 : 28848 (T=28848, R=0, W=0)
    30 : 33792 (T=33792, R=0, W=0)
    31 : 34016 (T=34016, R=0, W=0)
    32 : 23110 (T=23110, R=0, W=0)
    33 : 30206 (T=30206, R=0, W=0)
    34 : 40756 (T=40756, R=0, W=0)
    35 : 35815 (T=35815, R=0, W=0)
    36 : 25062 (T=25062, R=0, W=0)
    37 : 24403 (T=24403, R=0, W=0)
    38 : 31949 (T=31949, R=0, W=0)
    39 : 36834 (T=36834, R=0, W=0)
    40 : 27472 (T=27472, R=0, W=0)
    41 : 28724 (T=28724, R=0, W=0)
    42 : 29269 (T=29269, R=0, W=0)
    43 : 29931 (T=29931, R=0, W=0)
    44 : 25560 (T=25560, R=0, W=0)
    45 : 29242 (T=29242, R=0, W=0)
    46 : 34421 (T=34421, R=0, W=0)
    47 : 37373 (T=37373, R=0, W=0)
    48 : 27429 (T=27429, R=0, W=0)
    49 : 27908 (T=27908, R=0, W=0)
    50 : 29894 (T=29894, R=0, W=0)
    51 : 31800 (T=31800, R=0, W=0)
    52 : 26889 (T=26889, R=0, W=0)
    53 : 34493 (T=34493, R=0, W=0)
    54 : 31003 (T=31003, R=0, W=0)
    55 : 32536 (T=32536, R=0, W=0)
    56 : 22236 (T=22236, R=0, W=0)
    57 : 28715 (T=28715, R=0, W=0)
    58 : 28145 (T=28145, R=0, W=0)
    59 : 35693 (T=35693, R=0, W=0)
    60 : 32650 (T=32650, R=0, W=0)
    61 : 30702 (T=30702, R=0, W=0)
    62 : 37954 (T=37954, R=0, W=0)
    63 : 29629 (T=29629, R=0, W=0)
--- 5652 MB collected in 1.173 secs (3.8% of total), longest GC took 0.224 secs
DATA gc:  total_k 5788138  total_secs 1.17305  max_secs 0.224217
