TL2CM Initialized:
Contention Manager: Polka busy-waiting [C=10]
Number of accounts  = 256
Initial amount      = 100000.0
Maximal transfer    = 10
Read-all frequency  = 0%
Write-all frequency = 0%
Read-all threads    = 0
Write-all threads   = 0
Disjoint            = false
Yield               = false

Starting threads... 0 1 2 3
End of warmup phase... 0 1 2 3
End of test phase... 0 1 2 3
Waiting for threads to finish...
All threads returned successfully
RESULTS:

  Warmup duration (ms) = 20003
  Test duration (ms)   = 10008
  Nb iterations        = 2099863
  Stats                = T=2099863, R=0, W=0, TOTAL=25595704 [ 0=98118.0 1=100859.0 2=102692.0 3=99028.0 4=101126.0 5=100533.0 6=99278.0 7=100530.0 8=100641.0 9=100157.0 10=99837.0 11=97994.0 12=101733.0 13=99393.0 14=96902.0 15=99785.0 16=99919.0 17=101056.0 18=100130.0 19=99215.0 20=100426.0 21=100911.0 22=98208.0 23=99425.0 24=100951.0 25=100644.0 26=100886.0 27=102035.0 28=97960.0 29=99717.0 30=99108.0 31=100148.0 32=98640.0 33=100440.0 34=100766.0 35=98298.0 36=99975.0 37=99790.0 38=100191.0 39=98915.0 40=99844.0 41=99783.0 42=100574.0 43=97268.0 44=99648.0 45=100368.0 46=100135.0 47=102019.0 48=100822.0 49=103387.0 50=99531.0 51=99825.0 52=103255.0 53=99742.0 54=100600.0 55=99331.0 56=100536.0 57=99163.0 58=100397.0 59=99206.0 60=99038.0 61=98642.0 62=99479.0 63=98953.0 64=100881.0 65=99022.0 66=101306.0 67=100035.0 68=98204.0 69=97810.0 70=100246.0 71=99194.0 72=99184.0 73=98946.0 74=99623.0 75=99347.0 76=99669.0 77=99581.0 78=100945.0 79=99946.0 80=99620.0 81=101554.0 82=100281.0 83=99761.0 84=100754.0 85=100855.0 86=100405.0 87=100655.0 88=99292.0 89=100344.0 90=97904.0 91=95950.0 92=101321.0 93=99708.0 94=99326.0 95=97603.0 96=101679.0 97=99042.0 98=99949.0 99=99256.0 100=102429.0 101=101543.0 102=98651.0 103=99646.0 104=97412.0 105=100650.0 106=101432.0 107=101515.0 108=100005.0 109=99316.0 110=98653.0 111=97888.0 112=98987.0 113=100051.0 114=100106.0 115=101681.0 116=100554.0 117=101427.0 118=98890.0 119=98957.0 120=99719.0 121=100997.0 122=98160.0 123=100898.0 124=101461.0 125=103974.0 126=101895.0 127=100418.0 128=99296.0 129=99590.0 130=101813.0 131=100613.0 132=101027.0 133=98294.0 134=101701.0 135=98872.0 136=99794.0 137=99246.0 138=98218.0 139=102665.0 140=98982.0 141=100457.0 142=101582.0 143=98965.0 144=100424.0 145=101471.0 146=97797.0 147=100033.0 148=100129.0 149=99363.0 150=99715.0 151=98565.0 152=101625.0 153=98728.0 154=100895.0 155=97010.0 156=102118.0 157=98920.0 158=101386.0 159=101830.0 160=98355.0 161=97582.0 162=100221.0 163=100926.0 164=99652.0 165=103023.0 166=99120.0 167=98002.0 168=102962.0 169=98721.0 170=103047.0 171=98264.0 172=99892.0 173=99953.0 174=97350.0 175=101089.0 176=100177.0 177=99967.0 178=98911.0 179=98357.0 180=101627.0 181=98669.0 182=97899.0 183=99673.0 184=99427.0 185=101595.0 186=98810.0 187=101436.0 188=99018.0 189=99612.0 190=99484.0 191=101562.0 192=99890.0 193=100522.0 194=99395.0 195=101900.0 196=100448.0 197=100376.0 198=100149.0 199=99678.0 200=100230.0 201=99174.0 202=102806.0 203=102735.0 204=100854.0 205=100402.0 206=99013.0 207=99511.0 208=100450.0 209=103340.0 210=102929.0 211=101675.0 212=99428.0 213=98109.0 214=98084.0 215=99643.0 216=98181.0 217=98150.0 218=99072.0 219=99042.0 220=101661.0 221=99849.0 222=98880.0 223=100662.0 224=100695.0 225=99496.0 226=102189.0 227=99146.0 228=102486.0 229=101574.0 230=99938.0 231=100511.0 232=99206.0 233=100016.0 234=102095.0 235=100675.0 236=100934.0 237=99069.0 238=99529.0 239=100367.0 240=99647.0 241=100720.0 242=100495.0 243=98946.0 244=99737.0 245=100457.0 246=100496.0 247=99303.0 248=97384.0 249=100004.0 250=98513.0 251=97196.0 252=100683.0 253=98383.0 254=98309.0 255=101335.0 ]
    0 : 524573 (T=524573, R=0, W=0)
    1 : 521524 (T=521524, R=0, W=0)
    2 : 528787 (T=528787, R=0, W=0)
    3 : 524979 (T=524979, R=0, W=0)
--- 2157 MB collected in 0.816 secs (2.8% of total), longest GC took 0.161 secs
DATA gc:  total_k 2209344  total_secs 0.815524  max_secs 0.16068
