TL2CM Initialized:
Contention Manager: Polka busy-waiting [C=10]
Number of accounts  = 512
Initial amount      = 100000.0
Maximal transfer    = 10
Read-all frequency  = 0%
Write-all frequency = 0%
Read-all threads    = 0
Write-all threads   = 0
Disjoint            = false
Yield               = false

Starting threads... 0 1 2 3 4 5 6 7
End of warmup phase... 0 1 2 3 4 5 6 7
End of test phase... 0 1 2 3 4 5 6 7
Waiting for threads to finish...
All threads returned successfully
RESULTS:

  Warmup duration (ms) = 20009
  Test duration (ms)   = 10008
  Nb iterations        = 4454451
  Stats                = T=4454451, R=0, W=0, TOTAL=51210688 [ 0=100274.0 1=101830.0 2=98668.0 3=99109.0 4=99033.0 5=101873.0 6=99624.0 7=97985.0 8=99105.0 9=101095.0 10=102198.0 11=101927.0 12=99167.0 13=101311.0 14=97772.0 15=103193.0 16=98397.0 17=100595.0 18=103437.0 19=100506.0 20=100337.0 21=99752.0 22=100304.0 23=97657.0 24=99855.0 25=99833.0 26=100387.0 27=99292.0 28=99309.0 29=100840.0 30=101742.0 31=100146.0 32=99133.0 33=100995.0 34=100752.0 35=100662.0 36=99353.0 37=100275.0 38=101617.0 39=99781.0 40=97681.0 41=102711.0 42=99609.0 43=98923.0 44=101033.0 45=100165.0 46=100617.0 47=100821.0 48=98133.0 49=99825.0 50=100469.0 51=100080.0 52=102707.0 53=100817.0 54=100810.0 55=101314.0 56=100148.0 57=99794.0 58=97619.0 59=100783.0 60=99997.0 61=99732.0 62=98418.0 63=98698.0 64=102698.0 65=99448.0 66=99418.0 67=100044.0 68=101615.0 69=99297.0 70=100323.0 71=102601.0 72=101588.0 73=102066.0 74=100373.0 75=101425.0 76=99370.0 77=99256.0 78=100871.0 79=98811.0 80=101024.0 81=98362.0 82=100405.0 83=98701.0 84=97770.0 85=99921.0 86=100300.0 87=99860.0 88=96846.0 89=100347.0 90=101062.0 91=100100.0 92=99405.0 93=99592.0 94=102207.0 95=99276.0 96=100688.0 97=100095.0 98=99273.0 99=102871.0 100=98773.0 101=99092.0 102=101180.0 103=99828.0 104=100019.0 105=100415.0 106=100169.0 107=99396.0 108=100441.0 109=100953.0 110=99725.0 111=101539.0 112=98530.0 113=102448.0 114=102139.0 115=99191.0 116=99986.0 117=100671.0 118=97921.0 119=98136.0 120=100060.0 121=101823.0 122=99723.0 123=98039.0 124=100468.0 125=100633.0 126=99106.0 127=98320.0 128=100817.0 129=99410.0 130=98025.0 131=99229.0 132=100570.0 133=102583.0 134=101248.0 135=102267.0 136=100211.0 137=100243.0 138=100601.0 139=97714.0 140=96880.0 141=99423.0 142=99613.0 143=101571.0 144=100878.0 145=98357.0 146=99757.0 147=101290.0 148=100193.0 149=102632.0 150=100177.0 151=98386.0 152=99616.0 153=100370.0 154=99515.0 155=98330.0 156=97026.0 157=100555.0 158=100680.0 159=103794.0 160=103880.0 161=99330.0 162=98788.0 163=99351.0 164=100618.0 165=100137.0 166=100042.0 167=100686.0 168=100445.0 169=97436.0 170=100575.0 171=99510.0 172=98844.0 173=99577.0 174=99272.0 175=100473.0 176=99354.0 177=99893.0 178=100557.0 179=98531.0 180=101170.0 181=100726.0 182=98901.0 183=99711.0 184=97618.0 185=96957.0 186=101758.0 187=99215.0 188=99518.0 189=100220.0 190=99731.0 191=102155.0 192=99929.0 193=96691.0 194=100878.0 195=97232.0 196=98860.0 197=101905.0 198=99413.0 199=100005.0 200=101031.0 201=100430.0 202=102795.0 203=100318.0 204=99613.0 205=98062.0 206=101209.0 207=101054.0 208=101489.0 209=101988.0 210=100060.0 211=99880.0 212=100624.0 213=100519.0 214=100137.0 215=97041.0 216=99676.0 217=99773.0 218=99242.0 219=99353.0 220=100806.0 221=99642.0 222=99404.0 223=102046.0 224=100158.0 225=99482.0 226=99632.0 227=99533.0 228=100519.0 229=99605.0 230=100345.0 231=100707.0 232=98841.0 233=100523.0 234=99226.0 235=100844.0 236=99447.0 237=96989.0 238=99611.0 239=100295.0 240=99615.0 241=98109.0 242=99599.0 243=100667.0 244=101573.0 245=101089.0 246=97459.0 247=99613.0 248=98821.0 249=101020.0 250=101849.0 251=100694.0 252=99879.0 253=102084.0 254=98276.0 255=99278.0 256=101454.0 257=99696.0 258=100284.0 259=102849.0 260=101262.0 261=100115.0 262=100060.0 263=99222.0 264=99302.0 265=101614.0 266=101216.0 267=98844.0 268=97860.0 269=101878.0 270=100896.0 271=99732.0 272=102904.0 273=99063.0 274=97838.0 275=98913.0 276=100754.0 277=100960.0 278=100379.0 279=97984.0 280=100332.0 281=100167.0 282=101316.0 283=101430.0 284=98864.0 285=98445.0 286=102383.0 287=98830.0 288=102340.0 289=100266.0 290=100157.0 291=101733.0 292=101581.0 293=96291.0 294=99988.0 295=99102.0 296=99544.0 297=98647.0 298=101057.0 299=100839.0 300=100620.0 301=98266.0 302=99796.0 303=98302.0 304=99563.0 305=98266.0 306=101188.0 307=98776.0 308=98848.0 309=100350.0 310=100584.0 311=102939.0 312=97215.0 313=102004.0 314=99824.0 315=99857.0 316=98057.0 317=99573.0 318=101093.0 319=98614.0 320=99767.0 321=101349.0 322=99498.0 323=99858.0 324=99629.0 325=99757.0 326=101694.0 327=99871.0 328=101107.0 329=100536.0 330=101842.0 331=98698.0 332=98393.0 333=99663.0 334=101030.0 335=103754.0 336=100102.0 337=100936.0 338=99424.0 339=99602.0 340=101070.0 341=100144.0 342=100108.0 343=98992.0 344=100490.0 345=99707.0 346=99998.0 347=100467.0 348=100134.0 349=98995.0 350=99947.0 351=100529.0 352=100553.0 353=100285.0 354=99301.0 355=100921.0 356=100824.0 357=99925.0 358=99236.0 359=99222.0 360=99932.0 361=100335.0 362=99395.0 363=98667.0 364=96684.0 365=98239.0 366=98495.0 367=99948.0 368=101756.0 369=101341.0 370=100378.0 371=100002.0 372=100412.0 373=101138.0 374=99787.0 375=101381.0 376=98316.0 377=99170.0 378=97578.0 379=101658.0 380=100975.0 381=99684.0 382=99925.0 383=100461.0 384=98117.0 385=99015.0 386=101630.0 387=100131.0 388=100802.0 389=99744.0 390=101200.0 391=99028.0 392=101290.0 393=101716.0 394=97610.0 395=101215.0 396=100173.0 397=100659.0 398=97085.0 399=99177.0 400=100765.0 401=101283.0 402=101848.0 403=99984.0 404=99783.0 405=98371.0 406=101441.0 407=100650.0 408=100154.0 409=99597.0 410=99930.0 411=100484.0 412=99091.0 413=101627.0 414=100026.0 415=100790.0 416=98897.0 417=103854.0 418=100551.0 419=100267.0 420=101635.0 421=96992.0 422=101433.0 423=100960.0 424=100703.0 425=98512.0 426=101906.0 427=101051.0 428=100745.0 429=101626.0 430=100281.0 431=100760.0 432=100602.0 433=100863.0 434=98810.0 435=103600.0 436=99954.0 437=98589.0 438=99132.0 439=100711.0 440=102379.0 441=100363.0 442=99270.0 443=99253.0 444=100587.0 445=99840.0 446=99760.0 447=101667.0 448=99596.0 449=99653.0 450=99940.0 451=101545.0 452=99030.0 453=99995.0 454=97892.0 455=99884.0 456=101260.0 457=97213.0 458=100696.0 459=99250.0 460=100323.0 461=99679.0 462=99207.0 463=100719.0 464=100757.0 465=98122.0 466=101191.0 467=97429.0 468=99280.0 469=99111.0 470=98012.0 471=97640.0 472=98224.0 473=99415.0 474=99187.0 475=100092.0 476=101157.0 477=99699.0 478=100445.0 479=98759.0 480=100679.0 481=98581.0 482=99848.0 483=98788.0 484=98563.0 485=101449.0 486=99838.0 487=100317.0 488=99944.0 489=100558.0 490=99118.0 491=98263.0 492=101391.0 493=99198.0 494=99787.0 495=101756.0 496=99363.0 497=101818.0 498=99592.0 499=101049.0 500=100462.0 501=99731.0 502=100313.0 503=100337.0 504=98752.0 505=98411.0 506=98585.0 507=97126.0 508=98320.0 509=102312.0 510=98609.0 511=98809.0 ]
    0 : 555664 (T=555664, R=0, W=0)
    1 : 559023 (T=559023, R=0, W=0)
    2 : 561374 (T=561374, R=0, W=0)
    3 : 565723 (T=565723, R=0, W=0)
    4 : 557089 (T=557089, R=0, W=0)
    5 : 558512 (T=558512, R=0, W=0)
    6 : 561787 (T=561787, R=0, W=0)
    7 : 535279 (T=535279, R=0, W=0)
--- 4445 MB collected in 0.949 secs (3.2% of total), longest GC took 0.211 secs
DATA gc:  total_k 4552473  total_secs 0.948792  max_secs 0.211253
