Number of accounts  = 256
Initial amount      = 100000.0
Maximal transfer    = 10
Read-all frequency  = 0%
Write-all frequency = 0%
Read-all threads    = 0
Write-all threads   = 0
Disjoint            = false
Yield               = false

Starting threads... 0 1 2 3
End of warmup phase... 0 1 2 3
End of test phase... 0 1 2 3
Waiting for threads to finish...
All threads returned successfully
RESULTS:

  Warmup duration (ms) = 20008
  Test duration (ms)   = 10009
  Nb iterations        = 4427486
  Stats                = T=4427486, R=0, W=0, TOTAL=25600008 [ 0=96495.0 1=97800.0 2=98747.0 3=97434.0 4=101924.0 5=97089.0 6=100620.0 7=97653.0 8=100778.0 9=103632.0 10=100709.0 11=101058.0 12=98411.0 13=97874.0 14=100237.0 15=103153.0 16=101997.0 17=100088.0 18=99117.0 19=97510.0 20=98553.0 21=100087.0 22=101283.0 23=102870.0 24=101221.0 25=99016.0 26=99416.0 27=102888.0 28=100862.0 29=97309.0 30=99075.0 31=98974.0 32=98373.0 33=101918.0 34=100148.0 35=99656.0 36=100016.0 37=100725.0 38=97504.0 39=97304.0 40=99116.0 41=99048.0 42=98710.0 43=99376.0 44=100560.0 45=100070.0 46=101416.0 47=101162.0 48=101358.0 49=98906.0 50=102296.0 51=103488.0 52=100562.0 53=99355.0 54=100272.0 55=100788.0 56=100736.0 57=99356.0 58=102043.0 59=96442.0 60=98332.0 61=97127.0 62=99580.0 63=98582.0 64=99928.0 65=98448.0 66=100488.0 67=101775.0 68=101175.0 69=103763.0 70=99450.0 71=98631.0 72=98208.0 73=98310.0 74=100274.0 75=100754.0 76=97054.0 77=104870.0 78=99719.0 79=98153.0 80=99688.0 81=100420.0 82=99525.0 83=96116.0 84=100060.0 85=101892.0 86=100385.0 87=101416.0 88=99027.0 89=102055.0 90=98928.0 91=99517.0 92=99986.0 93=101976.0 94=100532.0 95=98328.0 96=97669.0 97=101483.0 98=98471.0 99=97460.0 100=100854.0 101=97288.0 102=99041.0 103=103877.0 104=102872.0 105=101656.0 106=100256.0 107=97741.0 108=102017.0 109=99256.0 110=100088.0 111=100535.0 112=102063.0 113=100843.0 114=98869.0 115=100334.0 116=101275.0 117=100644.0 118=100813.0 119=98315.0 120=100008.0 121=97870.0 122=98462.0 123=98498.0 124=103192.0 125=100456.0 126=100409.0 127=101145.0 128=101495.0 129=99536.0 130=99583.0 131=101870.0 132=103015.0 133=97543.0 134=95473.0 135=102368.0 136=100936.0 137=101371.0 138=97476.0 139=101492.0 140=101811.0 141=100327.0 142=101096.0 143=98652.0 144=100528.0 145=100496.0 146=99769.0 147=99491.0 148=98488.0 149=99276.0 150=99511.0 151=98769.0 152=98527.0 153=97046.0 154=99987.0 155=98800.0 156=101343.0 157=103066.0 158=98764.0 159=101521.0 160=97657.0 161=99639.0 162=99527.0 163=98595.0 164=97670.0 165=97499.0 166=100646.0 167=107126.0 168=98710.0 169=98246.0 170=99407.0 171=101241.0 172=100107.0 173=99634.0 174=99780.0 175=101881.0 176=100094.0 177=100406.0 178=99226.0 179=96686.0 180=95443.0 181=103295.0 182=97980.0 183=100175.0 184=99987.0 185=98318.0 186=99260.0 187=102177.0 188=99405.0 189=100778.0 190=99900.0 191=98956.0 192=100222.0 193=100787.0 194=94822.0 195=103223.0 196=104577.0 197=98545.0 198=101352.0 199=99448.0 200=100590.0 201=99113.0 202=101968.0 203=98262.0 204=102156.0 205=97784.0 206=96790.0 207=100687.0 208=97268.0 209=100877.0 210=96965.0 211=98400.0 212=94444.0 213=96682.0 214=102399.0 215=100809.0 216=99414.0 217=100159.0 218=100391.0 219=103006.0 220=99565.0 221=101055.0 222=98636.0 223=101452.0 224=101935.0 225=102163.0 226=97053.0 227=100265.0 228=98783.0 229=101236.0 230=100754.0 231=105258.0 232=98272.0 233=102957.0 234=101540.0 235=101403.0 236=98466.0 237=102034.0 238=103195.0 239=104550.0 240=101359.0 241=100105.0 242=100456.0 243=100159.0 244=98408.0 245=100187.0 246=101143.0 247=99705.0 248=99519.0 249=101831.0 250=100443.0 251=102111.0 252=101965.0 253=96805.0 254=101368.0 255=101031.0 ]
    0 : 1108476 (T=1108476, R=0, W=0)
    1 : 1039290 (T=1039290, R=0, W=0)
    2 : 1182522 (T=1182522, R=0, W=0)
    3 : 1097198 (T=1097198, R=0, W=0)
--- 2823 MB collected in 0.666 secs (2.3% of total), longest GC took 0.155 secs
DATA gc:  total_k 2891572  total_secs 0.665733  max_secs 0.154629
