Number of accounts  = 2
Initial amount      = 100000.0
Maximal transfer    = 10
Read-all frequency  = 0%
Write-all frequency = 0%
Read-all threads    = 0
Write-all threads   = 0
Disjoint            = false
Yield               = false

Starting threads... 0 1
End of warmup phase... 0 1
End of test phase... 0 1
Waiting for threads to finish...
All threads returned successfully
RESULTS:

  Warmup duration (ms) = 20005
  Test duration (ms)   = 10009
  Nb iterations        = 1099176
  Stats                = T=1099176, R=0, W=0, TOTAL=200000 [ 0=104812.0 1=95188.0 ]
    0 : 541215 (T=541215, R=0, W=0)
    1 : 557961 (T=557961, R=0, W=0)
--- 509 MB collected in 0.256 secs (0.9% of total), longest GC took 0.132 secs
DATA gc:  total_k 521840  total_secs 0.255717  max_secs 0.131928
