TL2CM Initialized:
Contention Manager: Polka busy-waiting [C=10]
Number of accounts  = 2
Initial amount      = 100000.0
Maximal transfer    = 10
Read-all frequency  = 0%
Write-all frequency = 0%
Read-all threads    = 0
Write-all threads   = 0
Disjoint            = false
Yield               = false

Starting threads... 0
End of warmup phase... 0
End of test phase... 0
Waiting for threads to finish...
All threads returned successfully
RESULTS:

  Warmup duration (ms) = 20007
  Test duration (ms)   = 10008
  Nb iterations        = 653698
  Stats                = T=653698, R=0, W=0, TOTAL=200000 [ 0=99854.0 1=100146.0 ]
    0 : 653698 (T=653698, R=0, W=0)
--- 506 MB collected in 0.182 secs (0.7% of total), longest GC took 0.130 secs
DATA gc:  total_k 518432  total_secs 0.182161  max_secs 0.129996
