TL2CM Initialized:
Contention Manager: Polka busy-waiting [C=10]
Number of accounts  = 8
Initial amount      = 100000.0
Maximal transfer    = 10
Read-all frequency  = 0%
Write-all frequency = 0%
Read-all threads    = 0
Write-all threads   = 0
Disjoint            = false
Yield               = false

Starting threads... 0 1 2 3 4 5 6 7
End of warmup phase... 0 1 2 3 4 5 6 7
End of test phase... 0 1 2 3 4 5 6 7
Waiting for threads to finish...
All threads returned successfully
RESULTS:

  Warmup duration (ms) = 20010
  Test duration (ms)   = 10008
  Nb iterations        = 1619492
  Stats                = T=1619492, R=0, W=0, TOTAL=945913 [ 0=106520.0 1=90896.0 2=162008.0 3=169146.0 4=99344.0 5=96749.0 6=111976.0 7=109274.0 ]
    0 : 195749 (T=195749, R=0, W=0)
    1 : 204392 (T=204392, R=0, W=0)
    2 : 204845 (T=204845, R=0, W=0)
    3 : 202931 (T=202931, R=0, W=0)
    4 : 205629 (T=205629, R=0, W=0)
    5 : 202100 (T=202100, R=0, W=0)
    6 : 202649 (T=202649, R=0, W=0)
    7 : 201197 (T=201197, R=0, W=0)
--- 2174 MB collected in 0.756 secs (2.6% of total), longest GC took 0.171 secs
DATA gc:  total_k 2226627  total_secs 0.756423  max_secs 0.171271
