Number of accounts  = 4
Initial amount      = 100000.0
Maximal transfer    = 10
Read-all frequency  = 0%
Write-all frequency = 0%
Read-all threads    = 0
Write-all threads   = 0
Disjoint            = false
Yield               = false

Starting threads... 0 1 2 3
End of warmup phase... 0 1 2 3
End of test phase... 0 1 2 3
Waiting for threads to finish...
All threads returned successfully
RESULTS:

  Warmup duration (ms) = 20003
  Test duration (ms)   = 10009
  Nb iterations        = 519204
  Stats                = T=519204, R=0, W=0, TOTAL=400000 [ 0=100073.0 1=93772.0 2=96766.0 3=109389.0 ]
    0 : 170132 (T=170132, R=0, W=0)
    1 : 97693 (T=97693, R=0, W=0)
    2 : 119351 (T=119351, R=0, W=0)
    3 : 132028 (T=132028, R=0, W=0)
--- 1281 MB collected in 0.313 secs (1.0% of total), longest GC took 0.188 secs
DATA gc:  total_k 1312240  total_secs 0.313313  max_secs 0.187953
