Number of accounts  = 64
Initial amount      = 100000.0
Maximal transfer    = 10
Read-all frequency  = 0%
Write-all frequency = 0%
Read-all threads    = 0
Write-all threads   = 0
Disjoint            = false
Yield               = false

Starting threads... 0 1 2 3 4 5 6 7 8 9 10 11 12 13 14 15 16 17 18 19 20 21 22 23 24 25 26 27 28 29 30 31 32 33 34 35 36 37 38 39 40 41 42 43 44 45 46 47 48 49 50 51 52 53 54 55 56 57 58 59 60 61 62 63
End of warmup phase... 0 1 2 3 4 5 6 7 8 9 10 11 12 13 14 15 16 17 18 19 20 21 22 23 24 25 26 27 28 29 30 31 32 33 34 35 36 37 38 39 40 41 42 43 44 45 46 47 48 49 50 51 52 53 54 55 56 57 58 59 60 61 62 63
End of test phase... 0 1 2 3 4 5 6 7 8 9 10 11 12 13 14 15 16 17 18 19 20 21 22 23 24 25 26 27 28 29 30 31 32 33 34 35 36 37 38 39 40 41 42 43 44 45 46 47 48 49 50 51 52 53 54 55 56 57 58 59 60 61 62 63
Waiting for threads to finish...
All threads returned successfully
RESULTS:

  Warmup duration (ms) = 20003
  Test duration (ms)   = 10002
  Nb iterations        = 5530132
  Stats                = T=5530132, R=0, W=0, TOTAL=6400000 [ 0=93875.0 1=105746.0 2=104037.0 3=104127.0 4=95707.0 5=93049.0 6=99258.0 7=100092.0 8=97787.0 9=98917.0 10=93530.0 11=103165.0 12=99793.0 13=99995.0 14=94621.0 15=104715.0 16=100813.0 17=104178.0 18=103682.0 19=97739.0 20=97828.0 21=97002.0 22=106989.0 23=100314.0 24=93244.0 25=107587.0 26=107029.0 27=103866.0 28=102003.0 29=104575.0 30=100408.0 31=98585.0 32=100013.0 33=96135.0 34=92725.0 35=104993.0 36=105774.0 37=102029.0 38=97973.0 39=97936.0 40=95309.0 41=103091.0 42=99844.0 43=95735.0 44=100722.0 45=108355.0 46=100334.0 47=106257.0 48=95244.0 49=98396.0 50=101476.0 51=103148.0 52=105223.0 53=100009.0 54=90717.0 55=96748.0 56=100858.0 57=97327.0 58=101918.0 59=98546.0 60=91326.0 61=98360.0 62=99225.0 63=99998.0 ]
    0 : 106537 (T=106537, R=0, W=0)
    1 : 69484 (T=69484, R=0, W=0)
    2 : 67978 (T=67978, R=0, W=0)
    3 : 68917 (T=68917, R=0, W=0)
    4 : 71649 (T=71649, R=0, W=0)
    5 : 65668 (T=65668, R=0, W=0)
    6 : 69693 (T=69693, R=0, W=0)
    7 : 69948 (T=69948, R=0, W=0)
    8 : 70939 (T=70939, R=0, W=0)
    9 : 73488 (T=73488, R=0, W=0)
    10 : 68476 (T=68476, R=0, W=0)
    11 : 75853 (T=75853, R=0, W=0)
    12 : 75646 (T=75646, R=0, W=0)
    13 : 75026 (T=75026, R=0, W=0)
    14 : 75384 (T=75384, R=0, W=0)
    15 : 74460 (T=74460, R=0, W=0)
    16 : 76147 (T=76147, R=0, W=0)
    17 : 79550 (T=79550, R=0, W=0)
    18 : 77053 (T=77053, R=0, W=0)
    19 : 79042 (T=79042, R=0, W=0)
    20 : 82100 (T=82100, R=0, W=0)
    21 : 80169 (T=80169, R=0, W=0)
    22 : 81440 (T=81440, R=0, W=0)
    23 : 78790 (T=78790, R=0, W=0)
    24 : 83297 (T=83297, R=0, W=0)
    25 : 78280 (T=78280, R=0, W=0)
    26 : 82585 (T=82585, R=0, W=0)
    27 : 80743 (T=80743, R=0, W=0)
    28 : 81459 (T=81459, R=0, W=0)
    29 : 81539 (T=81539, R=0, W=0)
    30 : 82776 (T=82776, R=0, W=0)
    31 : 89127 (T=89127, R=0, W=0)
    32 : 88619 (T=88619, R=0, W=0)
    33 : 86065 (T=86065, R=0, W=0)
    34 : 91496 (T=91496, R=0, W=0)
    35 : 89363 (T=89363, R=0, W=0)
    36 : 87925 (T=87925, R=0, W=0)
    37 : 83580 (T=83580, R=0, W=0)
    38 : 91672 (T=91672, R=0, W=0)
    39 : 85949 (T=85949, R=0, W=0)
    40 : 87864 (T=87864, R=0, W=0)
    41 : 85658 (T=85658, R=0, W=0)
    42 : 81500 (T=81500, R=0, W=0)
    43 : 88586 (T=88586, R=0, W=0)
    44 : 79897 (T=79897, R=0, W=0)
    45 : 93530 (T=93530, R=0, W=0)
    46 : 95115 (T=95115, R=0, W=0)
    47 : 90128 (T=90128, R=0, W=0)
    48 : 101955 (T=101955, R=0, W=0)
    49 : 86202 (T=86202, R=0, W=0)
    50 : 96196 (T=96196, R=0, W=0)
    51 : 98192 (T=98192, R=0, W=0)
    52 : 99432 (T=99432, R=0, W=0)
    53 : 104091 (T=104091, R=0, W=0)
    54 : 103804 (T=103804, R=0, W=0)
    55 : 104477 (T=104477, R=0, W=0)
    56 : 102748 (T=102748, R=0, W=0)
    57 : 106453 (T=106453, R=0, W=0)
    58 : 103530 (T=103530, R=0, W=0)
    59 : 104061 (T=104061, R=0, W=0)
    60 : 112316 (T=112316, R=0, W=0)
    61 : 111166 (T=111166, R=0, W=0)
    62 : 109219 (T=109219, R=0, W=0)
    63 : 106100 (T=106100, R=0, W=0)
--- 12066 MB collected in 1.392 secs (4.6% of total), longest GC took 0.212 secs
DATA gc:  total_k 12355803  total_secs 1.39221  max_secs 0.212454
