TL2CM Initialized:
Contention Manager: Polka busy-waiting [C=10]
Number of accounts  = 4
Initial amount      = 100000.0
Maximal transfer    = 10
Read-all frequency  = 0%
Write-all frequency = 0%
Read-all threads    = 0
Write-all threads   = 0
Disjoint            = false
Yield               = false

Starting threads... 0 1 2 3
End of warmup phase... 0 1 2 3
End of test phase... 0 1 2 3
Waiting for threads to finish...
All threads returned successfully
RESULTS:

  Warmup duration (ms) = 20009
  Test duration (ms)   = 10005
  Nb iterations        = 1072566
  Stats                = T=1072566, R=0, W=0, TOTAL=457144 [ 0=121989.0 1=107803.0 2=122024.0 3=105328.0 ]
    0 : 267208 (T=267208, R=0, W=0)
    1 : 269430 (T=269430, R=0, W=0)
    2 : 267421 (T=267421, R=0, W=0)
    3 : 268507 (T=268507, R=0, W=0)
--- 1279 MB collected in 0.426 secs (1.4% of total), longest GC took 0.166 secs
DATA gc:  total_k 1310704  total_secs 0.425774  max_secs 0.165624
