Number of accounts  = 4
Initial amount      = 100000.0
Maximal transfer    = 10
Read-all frequency  = 0%
Write-all frequency = 0%
Read-all threads    = 0
Write-all threads   = 0
Disjoint            = false
Yield               = false

Starting threads... 0 1 2 3
End of warmup phase... 0 1 2 3
End of test phase... 0 1 2 3
Waiting for threads to finish...
All threads returned successfully
RESULTS:

  Warmup duration (ms) = 20000
  Test duration (ms)   = 3153616
  Nb iterations        = 1087241
  Stats                = T=1087241, R=0, W=0, TOTAL=400000 [ 0=111179.0 1=97619.0 2=101240.0 3=89962.0 ]
    0 : 312863 (T=312863, R=0, W=0)
    1 : 280640 (T=280640, R=0, W=0)
    2 : 237630 (T=237630, R=0, W=0)
    3 : 256108 (T=256108, R=0, W=0)
--- 1025 MB collected in 0.399 secs (0.0% of total), longest GC took 0.129 secs
DATA gc:  total_k 1050136  total_secs 0.399372  max_secs 0.129374
