Number of accounts  = 512
Initial amount      = 100000.0
Maximal transfer    = 10
Read-all frequency  = 0%
Write-all frequency = 0%
Read-all threads    = 0
Write-all threads   = 0
Disjoint            = false
Yield               = false

Starting threads... 0 1 2 3 4 5 6 7
End of warmup phase... 0 1 2 3 4 5 6 7
End of test phase... 0 1 2 3 4 5 6 7
Waiting for threads to finish...
All threads returned successfully
RESULTS:

  Warmup duration (ms) = 20003
  Test duration (ms)   = 10008
  Nb iterations        = 6629677
  Stats                = T=6629677, R=0, W=0, TOTAL=51200004 [ 0=100616.0 1=98089.0 2=101424.0 3=101359.0 4=102302.0 5=100110.0 6=100555.0 7=98559.0 8=98098.0 9=98533.0 10=102841.0 11=98928.0 12=100406.0 13=100358.0 14=99387.0 15=100101.0 16=102928.0 17=99961.0 18=99318.0 19=100130.0 20=101821.0 21=100965.0 22=100076.0 23=104841.0 24=102435.0 25=101658.0 26=100651.0 27=100938.0 28=99614.0 29=104279.0 30=101265.0 31=98549.0 32=100074.0 33=97382.0 34=99458.0 35=103584.0 36=99719.0 37=100154.0 38=100040.0 39=101540.0 40=100696.0 41=100621.0 42=101991.0 43=102717.0 44=98893.0 45=97856.0 46=100295.0 47=100042.0 48=99447.0 49=100532.0 50=102908.0 51=100478.0 52=102772.0 53=99885.0 54=98177.0 55=102811.0 56=101309.0 57=99375.0 58=102836.0 59=103577.0 60=100816.0 61=97684.0 62=98294.0 63=98747.0 64=102186.0 65=100303.0 66=102701.0 67=99818.0 68=97726.0 69=101998.0 70=98380.0 71=101107.0 72=102125.0 73=100201.0 74=105062.0 75=99762.0 76=100250.0 77=101910.0 78=97884.0 79=102244.0 80=99794.0 81=97644.0 82=100976.0 83=101059.0 84=97393.0 85=95953.0 86=99427.0 87=99148.0 88=99833.0 89=102312.0 90=99660.0 91=97826.0 92=100075.0 93=98931.0 94=101959.0 95=98324.0 96=102027.0 97=98966.0 98=98020.0 99=100643.0 100=101955.0 101=102201.0 102=99059.0 103=98401.0 104=99207.0 105=100190.0 106=97842.0 107=101900.0 108=99653.0 109=100881.0 110=101200.0 111=99758.0 112=97765.0 113=97740.0 114=98835.0 115=99530.0 116=98590.0 117=100955.0 118=98070.0 119=99009.0 120=99266.0 121=100122.0 122=100424.0 123=98952.0 124=100357.0 125=97975.0 126=99892.0 127=96695.0 128=98699.0 129=101344.0 130=100749.0 131=101315.0 132=99208.0 133=100543.0 134=97256.0 135=98047.0 136=100166.0 137=99142.0 138=101566.0 139=100616.0 140=100318.0 141=100415.0 142=100294.0 143=97157.0 144=100416.0 145=98380.0 146=98338.0 147=99680.0 148=101462.0 149=99047.0 150=99773.0 151=98664.0 152=98736.0 153=97001.0 154=101326.0 155=97747.0 156=101907.0 157=101217.0 158=100482.0 159=96171.0 160=100095.0 161=98671.0 162=101162.0 163=99111.0 164=99715.0 165=100567.0 166=97926.0 167=100806.0 168=98454.0 169=97797.0 170=99201.0 171=98145.0 172=101662.0 173=101314.0 174=97396.0 175=101938.0 176=102235.0 177=97231.0 178=100564.0 179=102947.0 180=98784.0 181=99465.0 182=97712.0 183=99263.0 184=100541.0 185=99672.0 186=100250.0 187=98021.0 188=101263.0 189=101060.0 190=99724.0 191=100753.0 192=100725.0 193=97731.0 194=96796.0 195=99570.0 196=97350.0 197=98027.0 198=97306.0 199=96720.0 200=98689.0 201=101769.0 202=98812.0 203=99381.0 204=98392.0 205=97495.0 206=97729.0 207=99467.0 208=101397.0 209=102683.0 210=100309.0 211=100076.0 212=101683.0 213=100057.0 214=96374.0 215=98080.0 216=97885.0 217=100667.0 218=101522.0 219=97452.0 220=99090.0 221=100280.0 222=100495.0 223=98614.0 224=100701.0 225=98545.0 226=98450.0 227=97910.0 228=99832.0 229=98291.0 230=98888.0 231=102474.0 232=96888.0 233=97402.0 234=99041.0 235=99893.0 236=100295.0 237=101214.0 238=101633.0 239=101468.0 240=99861.0 241=102850.0 242=103077.0 243=101932.0 244=100114.0 245=98520.0 246=100888.0 247=100738.0 248=100210.0 249=99049.0 250=99301.0 251=99574.0 252=101770.0 253=99123.0 254=97303.0 255=101141.0 256=99579.0 257=98814.0 258=99774.0 259=99485.0 260=101452.0 261=98907.0 262=101647.0 263=99149.0 264=100619.0 265=99952.0 266=97872.0 267=101019.0 268=98311.0 269=100480.0 270=101248.0 271=102879.0 272=98610.0 273=101754.0 274=100129.0 275=97467.0 276=103084.0 277=99828.0 278=97947.0 279=100273.0 280=99994.0 281=99597.0 282=100220.0 283=98407.0 284=97517.0 285=101225.0 286=97644.0 287=98385.0 288=99702.0 289=100700.0 290=99528.0 291=97918.0 292=100307.0 293=102419.0 294=101155.0 295=98025.0 296=103413.0 297=99753.0 298=100769.0 299=101037.0 300=100345.0 301=99437.0 302=100428.0 303=97450.0 304=100162.0 305=96225.0 306=102274.0 307=101222.0 308=103320.0 309=102261.0 310=100547.0 311=101351.0 312=100111.0 313=98924.0 314=99131.0 315=103193.0 316=97852.0 317=99780.0 318=96993.0 319=99678.0 320=101065.0 321=99253.0 322=99239.0 323=100705.0 324=99292.0 325=102155.0 326=100336.0 327=100324.0 328=99844.0 329=101047.0 330=99494.0 331=99167.0 332=101184.0 333=101158.0 334=101607.0 335=101559.0 336=99696.0 337=100174.0 338=100608.0 339=96250.0 340=99697.0 341=101831.0 342=100577.0 343=100390.0 344=98688.0 345=99607.0 346=96766.0 347=99262.0 348=100512.0 349=101807.0 350=100324.0 351=102053.0 352=102255.0 353=98711.0 354=95106.0 355=96900.0 356=98077.0 357=97354.0 358=99387.0 359=102441.0 360=101453.0 361=100742.0 362=100726.0 363=101238.0 364=100359.0 365=103424.0 366=100027.0 367=99393.0 368=97753.0 369=99252.0 370=102963.0 371=100397.0 372=100282.0 373=101249.0 374=99904.0 375=99958.0 376=104300.0 377=100923.0 378=100650.0 379=98584.0 380=100509.0 381=98353.0 382=100806.0 383=100426.0 384=100410.0 385=98116.0 386=98806.0 387=97744.0 388=99785.0 389=99970.0 390=99826.0 391=104019.0 392=98935.0 393=100621.0 394=98088.0 395=100383.0 396=100205.0 397=97571.0 398=100999.0 399=102167.0 400=101981.0 401=100004.0 402=102030.0 403=103725.0 404=97965.0 405=102798.0 406=101363.0 407=97451.0 408=102403.0 409=98791.0 410=100598.0 411=99065.0 412=98232.0 413=98561.0 414=97785.0 415=101319.0 416=99476.0 417=100282.0 418=101195.0 419=99918.0 420=98804.0 421=100181.0 422=101301.0 423=100366.0 424=101079.0 425=100031.0 426=100306.0 427=100297.0 428=100784.0 429=101905.0 430=99435.0 431=100091.0 432=99391.0 433=102323.0 434=100644.0 435=96123.0 436=101083.0 437=100586.0 438=97350.0 439=101461.0 440=102316.0 441=100304.0 442=97084.0 443=100674.0 444=101194.0 445=97521.0 446=97192.0 447=101409.0 448=99678.0 449=98254.0 450=100850.0 451=100860.0 452=100136.0 453=97390.0 454=99260.0 455=98587.0 456=103246.0 457=101407.0 458=100556.0 459=104436.0 460=102011.0 461=100974.0 462=100707.0 463=101623.0 464=99079.0 465=99301.0 466=100931.0 467=102543.0 468=102007.0 469=99166.0 470=98820.0 471=100335.0 472=102489.0 473=100156.0 474=103667.0 475=101129.0 476=101578.0 477=98814.0 478=101081.0 479=98329.0 480=96938.0 481=98258.0 482=101806.0 483=98858.0 484=97441.0 485=102480.0 486=97457.0 487=100839.0 488=99832.0 489=101053.0 490=98242.0 491=100776.0 492=98702.0 493=98073.0 494=101458.0 495=100180.0 496=98362.0 497=99990.0 498=100819.0 499=98764.0 500=101739.0 501=100778.0 502=97778.0 503=99249.0 504=100191.0 505=98857.0 506=98712.0 507=99402.0 508=103553.0 509=98693.0 510=99634.0 511=102131.0 ]
    0 : 833230 (T=833230, R=0, W=0)
    1 : 811039 (T=811039, R=0, W=0)
    2 : 837863 (T=837863, R=0, W=0)
    3 : 818997 (T=818997, R=0, W=0)
    4 : 835289 (T=835289, R=0, W=0)
    5 : 826583 (T=826583, R=0, W=0)
    6 : 831415 (T=831415, R=0, W=0)
    7 : 835261 (T=835261, R=0, W=0)
--- 1854 MB collected in 0.690 secs (2.5% of total), longest GC took 0.189 secs
DATA gc:  total_k 1899205  total_secs 0.68979  max_secs 0.18932
