TL2CM Initialized:
Contention Manager: Polka busy-waiting [C=10]
Number of accounts  = 128
Initial amount      = 100000.0
Maximal transfer    = 10
Read-all frequency  = 0%
Write-all frequency = 0%
Read-all threads    = 0
Write-all threads   = 0
Disjoint            = false
Yield               = false

Starting threads... 0 1
End of warmup phase... 0 1
End of test phase... 0 1
Waiting for threads to finish...
All threads returned successfully
RESULTS:

  Warmup duration (ms) = 20009
  Test duration (ms)   = 10009
  Nb iterations        = 1106645
  Stats                = T=1106645, R=0, W=0, TOTAL=12801084 [ 0=101686.0 1=98704.0 2=97173.0 3=101156.0 4=99550.0 5=99382.0 6=100097.0 7=98614.0 8=98288.0 9=100411.0 10=100266.0 11=98480.0 12=100233.0 13=98330.0 14=101580.0 15=100127.0 16=99951.0 17=100934.0 18=99558.0 19=97893.0 20=99903.0 21=100765.0 22=97450.0 23=98099.0 24=100116.0 25=99726.0 26=99181.0 27=99672.0 28=100343.0 29=102100.0 30=98581.0 31=100427.0 32=100325.0 33=98629.0 34=103638.0 35=101932.0 36=99049.0 37=99481.0 38=102455.0 39=102864.0 40=99609.0 41=99172.0 42=98378.0 43=100838.0 44=100168.0 45=101416.0 46=99642.0 47=102051.0 48=101916.0 49=101604.0 50=98862.0 51=99838.0 52=100913.0 53=99244.0 54=101553.0 55=100393.0 56=100203.0 57=99534.0 58=97727.0 59=98777.0 60=97687.0 61=99954.0 62=100750.0 63=99071.0 64=99537.0 65=101011.0 66=100215.0 67=100648.0 68=100913.0 69=101729.0 70=102019.0 71=103246.0 72=98798.0 73=102414.0 74=97236.0 75=98592.0 76=98318.0 77=99702.0 78=99412.0 79=101594.0 80=98654.0 81=101543.0 82=100463.0 83=99883.0 84=97149.0 85=100535.0 86=99065.0 87=99264.0 88=100211.0 89=102665.0 90=99931.0 91=101095.0 92=99512.0 93=99629.0 94=100706.0 95=99455.0 96=100325.0 97=101436.0 98=99613.0 99=98837.0 100=101915.0 101=100443.0 102=98690.0 103=97972.0 104=101701.0 105=99059.0 106=100602.0 107=100857.0 108=100880.0 109=101364.0 110=99934.0 111=102012.0 112=101044.0 113=99635.0 114=100181.0 115=99643.0 116=100960.0 117=102175.0 118=97911.0 119=99364.0 120=98667.0 121=99131.0 122=100484.0 123=98336.0 124=100440.0 125=100089.0 126=98475.0 127=97316.0 ]
    0 : 555592 (T=555592, R=0, W=0)
    1 : 551053 (T=551053, R=0, W=0)
--- 1022 MB collected in 0.433 secs (1.7% of total), longest GC took 0.275 secs
DATA gc:  total_k 1047400  total_secs 0.432656  max_secs 0.274938
