Starting Multiverse JavaAgent
Number of accounts  = 2
Initial amount      = 100000.0
Maximal transfer    = 10
Read-all frequency  = 0%
Write-all frequency = 0%
Read-all threads    = 0
Write-all threads   = 0
Disjoint            = false
Yield               = false

Starting threads... 0
End of warmup phase... 0
End of test phase... 0
Waiting for threads to finish...
All threads returned successfully
RESULTS:

  Warmup duration (ms) = 20004
  Test duration (ms)   = 10009
  Nb iterations        = 3095698
  Stats                = T=3095698, R=0, W=0, TOTAL=200000 [ 0=97571.0 1=102429.0 ]
    0 : 3095698 (T=3095698, R=0, W=0)
--- 1031 MB collected in 0.157 secs (0.5% of total), longest GC took 0.123 secs
DATA gc:  total_k 1056107  total_secs 0.156965  max_secs 0.122717
