Starting Multiverse JavaAgent
Number of accounts  = 512
Initial amount      = 100000.0
Maximal transfer    = 10
Read-all frequency  = 0%
Write-all frequency = 0%
Read-all threads    = 0
Write-all threads   = 0
Disjoint            = false
Yield               = false

Starting threads... 0 1 2 3 4 5 6 7
End of warmup phase... 0 1 2 3 4 5 6 7
End of test phase... 0 1 2 3 4 5 6 7
Waiting for threads to finish...
All threads returned successfully
RESULTS:

  Warmup duration (ms) = 20001
  Test duration (ms)   = 10008
  Nb iterations        = 8486816
  Stats                = T=8486816, R=0, W=0, TOTAL=51199988 [ 0=97985.0 1=98807.0 2=95438.0 3=102548.0 4=98933.0 5=97232.0 6=102049.0 7=97624.0 8=103391.0 9=100977.0 10=98996.0 11=100471.0 12=99936.0 13=102488.0 14=101130.0 15=101497.0 16=101000.0 17=100189.0 18=96561.0 19=101192.0 20=102044.0 21=103455.0 22=101162.0 23=102491.0 24=102589.0 25=101583.0 26=99954.0 27=99740.0 28=100755.0 29=102601.0 30=100045.0 31=100493.0 32=98033.0 33=101413.0 34=100662.0 35=99066.0 36=99990.0 37=100609.0 38=97087.0 39=100169.0 40=101402.0 41=98608.0 42=101201.0 43=100695.0 44=102457.0 45=98752.0 46=98955.0 47=99529.0 48=96250.0 49=100583.0 50=99795.0 51=100130.0 52=100710.0 53=101347.0 54=97419.0 55=103641.0 56=103400.0 57=99417.0 58=98841.0 59=98625.0 60=96013.0 61=95854.0 62=101437.0 63=101621.0 64=97686.0 65=97294.0 66=101775.0 67=100227.0 68=98388.0 69=103443.0 70=101339.0 71=100684.0 72=99330.0 73=101746.0 74=99900.0 75=99972.0 76=100506.0 77=98335.0 78=96052.0 79=98415.0 80=96878.0 81=102295.0 82=100858.0 83=97583.0 84=100676.0 85=96243.0 86=97010.0 87=101731.0 88=100964.0 89=96745.0 90=102962.0 91=102088.0 92=100554.0 93=98329.0 94=100364.0 95=99967.0 96=101736.0 97=99370.0 98=98207.0 99=101063.0 100=98629.0 101=98099.0 102=100705.0 103=99486.0 104=99047.0 105=98254.0 106=101393.0 107=100094.0 108=101500.0 109=101095.0 110=101152.0 111=97944.0 112=100280.0 113=100038.0 114=99090.0 115=101245.0 116=98633.0 117=99860.0 118=96793.0 119=96826.0 120=101724.0 121=104040.0 122=99923.0 123=100463.0 124=99142.0 125=99662.0 126=96819.0 127=99547.0 128=97957.0 129=101013.0 130=99013.0 131=99462.0 132=99197.0 133=101130.0 134=98299.0 135=98804.0 136=98864.0 137=100288.0 138=98715.0 139=99169.0 140=105157.0 141=101993.0 142=101307.0 143=101643.0 144=99579.0 145=98170.0 146=99642.0 147=98453.0 148=98727.0 149=98032.0 150=100759.0 151=99925.0 152=97815.0 153=99780.0 154=100894.0 155=98636.0 156=97889.0 157=102205.0 158=99419.0 159=99583.0 160=100960.0 161=96982.0 162=100123.0 163=99196.0 164=99723.0 165=99996.0 166=101072.0 167=99455.0 168=98635.0 169=99247.0 170=99689.0 171=98894.0 172=99352.0 173=100802.0 174=99211.0 175=100394.0 176=100430.0 177=99602.0 178=102797.0 179=102203.0 180=100897.0 181=100314.0 182=103508.0 183=100785.0 184=97920.0 185=100499.0 186=103218.0 187=101801.0 188=100424.0 189=97996.0 190=98983.0 191=100674.0 192=100805.0 193=98873.0 194=99732.0 195=96420.0 196=100129.0 197=102552.0 198=97386.0 199=97979.0 200=104171.0 201=102363.0 202=99691.0 203=99920.0 204=100979.0 205=97407.0 206=102235.0 207=101912.0 208=101342.0 209=100719.0 210=99650.0 211=98717.0 212=97721.0 213=99998.0 214=102663.0 215=99349.0 216=102397.0 217=96224.0 218=100612.0 219=99353.0 220=102863.0 221=98116.0 222=100539.0 223=93838.0 224=99326.0 225=102023.0 226=99733.0 227=103770.0 228=99017.0 229=99521.0 230=101015.0 231=99356.0 232=98333.0 233=101031.0 234=103331.0 235=100987.0 236=100756.0 237=101560.0 238=99124.0 239=98378.0 240=101718.0 241=100290.0 242=102250.0 243=102016.0 244=98423.0 245=97269.0 246=101102.0 247=97936.0 248=101431.0 249=102119.0 250=99292.0 251=99326.0 252=102564.0 253=100471.0 254=96231.0 255=100140.0 256=97400.0 257=94982.0 258=101253.0 259=99584.0 260=100254.0 261=103667.0 262=100417.0 263=97707.0 264=97982.0 265=97188.0 266=106021.0 267=99877.0 268=98840.0 269=105125.0 270=101615.0 271=100284.0 272=100008.0 273=99446.0 274=101632.0 275=98984.0 276=101079.0 277=100067.0 278=101040.0 279=102137.0 280=99878.0 281=101748.0 282=97200.0 283=102519.0 284=100366.0 285=101459.0 286=103429.0 287=101280.0 288=96335.0 289=98443.0 290=96524.0 291=98837.0 292=101583.0 293=100700.0 294=98273.0 295=99777.0 296=100548.0 297=96510.0 298=97804.0 299=100446.0 300=102160.0 301=102949.0 302=97737.0 303=97071.0 304=92936.0 305=100258.0 306=101642.0 307=101501.0 308=96942.0 309=96734.0 310=98964.0 311=101123.0 312=100636.0 313=99609.0 314=99671.0 315=101829.0 316=102557.0 317=101384.0 318=100872.0 319=98962.0 320=98857.0 321=101380.0 322=100558.0 323=99221.0 324=100580.0 325=101689.0 326=102876.0 327=100623.0 328=100577.0 329=99460.0 330=102271.0 331=98324.0 332=98961.0 333=97177.0 334=102190.0 335=103495.0 336=100574.0 337=102659.0 338=101950.0 339=100688.0 340=102455.0 341=102795.0 342=101097.0 343=100739.0 344=97874.0 345=100429.0 346=102801.0 347=100848.0 348=97708.0 349=97475.0 350=97845.0 351=98189.0 352=98992.0 353=98797.0 354=102238.0 355=100172.0 356=100147.0 357=99883.0 358=100148.0 359=99380.0 360=100742.0 361=99409.0 362=97568.0 363=101307.0 364=101267.0 365=99937.0 366=98505.0 367=99257.0 368=98379.0 369=100744.0 370=98707.0 371=97629.0 372=98324.0 373=97676.0 374=103884.0 375=101150.0 376=99149.0 377=98834.0 378=99938.0 379=102887.0 380=98927.0 381=100471.0 382=101189.0 383=98091.0 384=97884.0 385=93827.0 386=102474.0 387=97781.0 388=101326.0 389=99225.0 390=100223.0 391=102440.0 392=102713.0 393=102657.0 394=100557.0 395=101652.0 396=96480.0 397=101153.0 398=99253.0 399=100470.0 400=97981.0 401=102371.0 402=101557.0 403=100643.0 404=97079.0 405=100708.0 406=100482.0 407=95064.0 408=104114.0 409=100042.0 410=99456.0 411=98319.0 412=101346.0 413=99208.0 414=99262.0 415=102216.0 416=98393.0 417=102899.0 418=102833.0 419=99858.0 420=98590.0 421=99507.0 422=97759.0 423=100188.0 424=96782.0 425=99888.0 426=100312.0 427=100412.0 428=96913.0 429=97628.0 430=99223.0 431=101132.0 432=101336.0 433=101090.0 434=99146.0 435=99584.0 436=99666.0 437=102037.0 438=98826.0 439=100372.0 440=100029.0 441=100369.0 442=100488.0 443=101585.0 444=98690.0 445=95663.0 446=100016.0 447=98753.0 448=103154.0 449=97022.0 450=101786.0 451=101192.0 452=100660.0 453=102298.0 454=103024.0 455=100838.0 456=100460.0 457=100784.0 458=97184.0 459=97797.0 460=97829.0 461=101514.0 462=101469.0 463=101361.0 464=101646.0 465=99925.0 466=100980.0 467=98676.0 468=98231.0 469=98534.0 470=97598.0 471=98786.0 472=103252.0 473=99374.0 474=100318.0 475=99783.0 476=99830.0 477=101875.0 478=99923.0 479=101726.0 480=97715.0 481=101697.0 482=101420.0 483=100335.0 484=99635.0 485=99764.0 486=98925.0 487=100685.0 488=98097.0 489=100421.0 490=100656.0 491=97244.0 492=99358.0 493=99578.0 494=98867.0 495=102677.0 496=101560.0 497=97812.0 498=98550.0 499=100074.0 500=96781.0 501=100015.0 502=101726.0 503=100634.0 504=102105.0 505=99908.0 506=100451.0 507=100090.0 508=103152.0 509=101862.0 510=100106.0 511=100403.0 ]
    0 : 1049056 (T=1049056, R=0, W=0)
    1 : 1093917 (T=1093917, R=0, W=0)
    2 : 1046911 (T=1046911, R=0, W=0)
    3 : 1056060 (T=1056060, R=0, W=0)
    4 : 1032564 (T=1032564, R=0, W=0)
    5 : 1100843 (T=1100843, R=0, W=0)
    6 : 1052213 (T=1052213, R=0, W=0)
    7 : 1055252 (T=1055252, R=0, W=0)
--- 3246 MB collected in 0.671 secs (2.1% of total), longest GC took 0.170 secs
DATA gc:  total_k 3324488  total_secs 0.67085  max_secs 0.170489
