Starting Multiverse JavaAgent
Number of accounts  = 2
Initial amount      = 100000.0
Maximal transfer    = 10
Read-all frequency  = 0%
Write-all frequency = 0%
Read-all threads    = 0
Write-all threads   = 0
Disjoint            = false
Yield               = false

Starting threads... 0 1
End of warmup phase... 0 1
End of test phase... 0 1
Waiting for threads to finish...
All threads returned successfully
RESULTS:

  Warmup duration (ms) = 20005
  Test duration (ms)   = 10009
  Nb iterations        = 2269071
  Stats                = T=2269071, R=0, W=0, TOTAL=200000 [ 0=100528.0 1=99472.0 ]
    0 : 1119885 (T=1119885, R=0, W=0)
    1 : 1149186 (T=1149186, R=0, W=0)
--- 773 MB collected in 0.158 secs (0.5% of total), longest GC took 0.131 secs
DATA gc:  total_k 791883  total_secs 0.157869  max_secs 0.13092
