startup =       20000
elapsed =       10000
threads =       8
accounts =      512
init =          1000000
maxAmount =     10
readFreq =      0
writeFreq =     0
readThreads =   0
writeThreads =  0
disjointTrans = false
yieldALot =     false
flavour =       d

warming up
timed execution

TOTAL=5.12000096E8 [ 1000779.0 998607.0 1000007.0 1001006.0 998118.0 999860.0 1003163.0 996776.0 1000762.0 1000091.0 1002717.0 1000597.0 998779.0 996680.0 999129.0 1001585.0 998640.0 1001190.0 999201.0 1001775.0 999066.0 999117.0 999809.0 1002771.0 1000460.0 1000263.0 997816.0 996790.0 995852.0 999427.0 998292.0 1003288.0 1001888.0 1003163.0 1002256.0 1003359.0 997146.0 998371.0 999672.0 999249.0 998656.0 996490.0 998774.0 998778.0 1000721.0 998000.0 1000927.0 1002677.0 997645.0 1001907.0 1000249.0 1000749.0 1000123.0 1003300.0 998349.0 1001214.0 998056.0 1001377.0 1001526.0 1001800.0 1001108.0 1001287.0 1000580.0 1000859.0 1000426.0 1002216.0 998126.0 998466.0 998208.0 1000969.0 1004698.0 998762.0 997767.0 999034.0 1002406.0 1001760.0 999431.0 997785.0 1000436.0 999012.0 1001627.0 1000728.0 1004872.0 999444.0 1000949.0 998879.0 1000108.0 998969.0 999927.0 1002668.0 1000591.0 999605.0 999230.0 1000979.0 998163.0 999198.0 1004221.0 1001564.0 1002867.0 998897.0 999812.0 998905.0 1002699.0 1000888.0 997457.0 998795.0 999480.0 999952.0 999087.0 997399.0 1000335.0 1001174.0 1001148.0 998317.0 1000813.0 997982.0 999897.0 1002037.0 1002545.0 1003845.0 1001828.0 1001181.0 1000294.0 1002042.0 998404.0 1000268.0 999606.0 1000554.0 999970.0 1002573.0 999968.0 1000060.0 999160.0 1001874.0 1001645.0 1000135.0 1000062.0 1003485.0 998522.0 1000915.0 1000924.0 1000133.0 1000239.0 1002259.0 1000709.0 1001226.0 1000742.0 999995.0 1000783.0 1001305.0 1000523.0 1002768.0 1003226.0 1004246.0 1000963.0 999673.0 1003028.0 1000830.0 1001905.0 999030.0 1001729.0 1000461.0 998414.0 997859.0 997824.0 999701.0 998874.0 999626.0 999502.0 996275.0 1003445.0 997414.0 998143.0 999534.0 1003921.0 1001058.0 1001776.0 998034.0 999361.0 998809.0 1001619.0 997403.0 999412.0 1000664.0 1003693.0 999885.0 996332.0 996730.0 995647.0 1000257.0 999843.0 1000479.0 997355.0 998639.0 997375.0 1000611.0 1000404.0 997622.0 1002555.0 1000535.0 1001289.0 1000680.0 999571.0 1001467.0 1000413.0 999698.0 1000427.0 999857.0 998720.0 996564.0 1000548.0 999353.0 999950.0 999284.0 999469.0 999025.0 1000651.0 998113.0 1002192.0 1000498.0 1000477.0 1002330.0 1001106.0 1001264.0 996137.0 997899.0 1003226.0 1002554.0 1002727.0 1000118.0 1000335.0 997262.0 1001967.0 997716.0 1001123.0 1001826.0 1000222.0 999451.0 997515.0 996725.0 996836.0 1000789.0 1000264.0 1000041.0 998433.0 999683.0 997877.0 1003284.0 999977.0 997591.0 998330.0 998640.0 1001109.0 1004572.0 1001276.0 1000277.0 998577.0 996296.0 1000962.0 998565.0 1000828.0 998623.0 998195.0 1003717.0 995384.0 996273.0 1001850.0 998229.0 999058.0 998516.0 997618.0 998520.0 997256.0 999591.0 998302.0 1000038.0 1001143.0 1004811.0 1002098.0 999748.0 1001729.0 999803.0 1000517.0 1002053.0 997557.0 998339.0 996859.0 999998.0 999921.0 1002225.0 1001024.0 997852.0 999506.0 998555.0 997722.0 1000983.0 997552.0 1001180.0 997981.0 999902.0 1003650.0 1000168.0 998901.0 1003127.0 997876.0 1002203.0 1001962.0 1000084.0 999320.0 1000798.0 998137.0 999395.0 996748.0 1000740.0 999411.0 1002626.0 998304.0 1000120.0 998847.0 996744.0 1003525.0 998796.0 998813.0 999275.0 1001372.0 998684.0 1002081.0 1001323.0 999473.0 997926.0 998759.0 999215.0 1003624.0 999466.0 999191.0 1000414.0 1000966.0 999456.0 1002211.0 996710.0 1003854.0 998212.0 1004182.0 1002423.0 1002458.0 999191.0 1003857.0 998934.0 996426.0 999120.0 1001537.0 996461.0 998938.0 999793.0 998831.0 1001951.0 1000359.0 999812.0 999630.0 998794.0 999095.0 1000162.0 1002131.0 998692.0 1001010.0 998942.0 1001211.0 1002945.0 997436.0 1000361.0 999456.0 1000218.0 999905.0 998894.0 998930.0 1000996.0 1001842.0 997766.0 997351.0 1001815.0 1000054.0 996931.0 1002242.0 998511.0 998417.0 998059.0 1000215.0 1000674.0 1000694.0 1000294.0 999346.0 1000000.0 998623.0 998025.0 997324.0 1001239.0 1000300.0 998249.0 998934.0 1002199.0 1002230.0 997035.0 1003184.0 1001240.0 998946.0 999376.0 1000335.0 997521.0 1000789.0 997846.0 1002280.0 1000628.0 999972.0 999961.0 997791.0 998944.0 1003707.0 1001029.0 998014.0 1001087.0 1000733.0 999163.0 1001786.0 997780.0 998567.0 1003700.0 1002170.0 999319.0 999882.0 999102.0 996718.0 999633.0 1001940.0 1000521.0 1002270.0 998871.0 1000260.0 1002680.0 1001929.0 997786.0 999742.0 1000740.0 998773.0 1003726.0 999841.0 1000168.0 995601.0 999525.0 1000907.0 1004070.0 999450.0 1003282.0 1000974.0 998937.0 1002356.0 999423.0 1001195.0 1000344.0 1000541.0 997886.0 998634.0 1000225.0 1000292.0 998858.0 1001281.0 998955.0 1001447.0 1000928.0 1000238.0 998902.0 998224.0 1000165.0 997350.0 1002990.0 997288.0 998012.0 998287.0 999804.0 1000216.0 999268.0 999829.0 1000126.0 1001167.0 1001352.0 998072.0 998538.0 1002657.0 999066.0 1001683.0 997907.0 1001456.0 1001493.0 997858.0 996178.0 997702.0 1002992.0 998850.0 1003314.0 998830.0 1000012.0 1000968.0 998440.0 995567.0 999603.0 1000956.0 1001229.0 997776.0 999881.0 998343.0 1000271.0 1000387.0 998954.0 ]

10018 actual elapsed

T=1093146, R=0, W=0
T=1055454, R=0, W=0
T=1058449, R=0, W=0
T=1010777, R=0, W=0
T=1061274, R=0, W=0
T=1014292, R=0, W=0
T=1081935, R=0, W=0
T=1143514, R=0, W=0

TOTAL: T=8518841, R=0, W=0
--- 7324 MB collected in 0.607 secs (1.9% of total), longest GC took 0.135 secs
DATA gc:  total_k 7499947  total_secs 0.607229  max_secs 0.1346
