startup =       20000
elapsed =       10000
threads =       2
accounts =      2
init =          1000000
maxAmount =     10
readFreq =      0
writeFreq =     0
readThreads =   0
writeThreads =  0
disjointTrans = false
yieldALot =     false
flavour =       d

warming up
timed execution

TOTAL=2000000.0 [ 987114.0 1012886.0 ]

10012 actual elapsed

T=604119, R=0, W=0
T=603600, R=0, W=0

TOTAL: T=1207719, R=0, W=0
--- 1031 MB collected in 0.279 secs (0.9% of total), longest GC took 0.131 secs
DATA gc:  total_k 1056064  total_secs 0.279421  max_secs 0.130774
