startup =       20000
elapsed =       10000
threads =       4
accounts =      256
init =          1000000
maxAmount =     10
readFreq =      0
writeFreq =     0
readThreads =   0
writeThreads =  0
disjointTrans = false
yieldALot =     false
flavour =       t

warming up
timed execution

TOTAL=2.55999984E8 [ 998626.0 997444.0 1000205.0 1001125.0 1000732.0 1000578.0 1002997.0 998522.0 1002509.0 999251.0 1003072.0 999916.0 1003832.0 996373.0 999099.0 1000808.0 994630.0 998864.0 1000356.0 998700.0 998219.0 998169.0 1004384.0 1000410.0 999537.0 998338.0 999258.0 997048.0 999632.0 998374.0 999990.0 999695.0 1002311.0 1001454.0 1004699.0 997614.0 998749.0 1000243.0 999873.0 1001814.0 997900.0 1002034.0 996937.0 998093.0 996873.0 1000500.0 1003191.0 1002032.0 998618.0 1001957.0 999968.0 1001220.0 999216.0 998117.0 1002344.0 997933.0 995763.0 1003682.0 1002899.0 997671.0 998962.0 1001097.0 1001396.0 998644.0 1001281.0 995714.0 1000382.0 999244.0 1002400.0 999731.0 1003180.0 997667.0 1001420.0 998233.0 998388.0 995269.0 998517.0 999028.0 998916.0 1001551.0 1003560.0 998650.0 997813.0 998114.0 1001123.0 1002663.0 1000820.0 1001621.0 997509.0 1000672.0 999201.0 998779.0 1001735.0 997798.0 999593.0 1000384.0 1000595.0 998217.0 999616.0 999118.0 1004663.0 999341.0 1001450.0 1003140.0 1001717.0 1000647.0 1001314.0 999989.0 997061.0 995633.0 1000408.0 1002006.0 998696.0 1002506.0 1002029.0 1001051.0 1000985.0 1000992.0 1001693.0 998971.0 999457.0 1001355.0 999108.0 1000903.0 999840.0 1001525.0 1000068.0 1000201.0 1002487.0 997019.0 1000291.0 999022.0 999929.0 1000994.0 997443.0 999948.0 996698.0 999997.0 999637.0 997627.0 1001605.0 999228.0 1003265.0 1000078.0 999155.0 998995.0 999506.0 1002206.0 1002446.0 1001538.0 1000930.0 999055.0 999319.0 1001029.0 999510.0 1004564.0 1000076.0 1001573.0 1001502.0 1001412.0 999850.0 999465.0 1001818.0 1001909.0 1001065.0 1001206.0 1000324.0 1002721.0 1000286.0 1000816.0 1000852.0 998756.0 1001066.0 999746.0 998125.0 998566.0 1002355.0 1001656.0 1001849.0 1001075.0 999660.0 999133.0 1002825.0 999346.0 999489.0 1000921.0 999352.0 997173.0 997438.0 999533.0 996845.0 998618.0 998959.0 998118.0 997984.0 998446.0 1000090.0 999755.0 998259.0 996210.0 998079.0 1002210.0 1002078.0 998994.0 1000196.0 1001448.0 1000029.0 1001264.0 999943.0 998787.0 1001777.0 999255.0 997144.0 1002805.0 1002500.0 999117.0 1001795.0 1001057.0 1001332.0 997571.0 998002.0 1000277.0 1000973.0 1003636.0 997069.0 998458.0 996665.0 1000831.0 999445.0 998540.0 1002600.0 999606.0 1002830.0 997155.0 1000899.0 997167.0 1002244.0 999272.0 996992.0 1000508.0 1001728.0 999766.0 1000381.0 998932.0 999981.0 1000904.0 1000555.0 1001349.0 999075.0 1001494.0 998168.0 996398.0 997313.0 1001095.0 1002514.0 1000305.0 ]

10017 actual elapsed

T=1074721, R=0, W=0
T=1022135, R=0, W=0
T=1005857, R=0, W=0
T=1032055, R=0, W=0

TOTAL: T=4134768, R=0, W=0
--- 4265 MB collected in 0.651 secs (2.1% of total), longest GC took 0.156 secs
DATA gc:  total_k 4368011  total_secs 0.65085  max_secs 0.155559
