startup =       20000
elapsed =       10000
threads =       16
accounts =      1024
init =          1000000
maxAmount =     10
readFreq =      0
writeFreq =     0
readThreads =   0
writeThreads =  0
disjointTrans = false
yieldALot =     false
flavour =       t

warming up
timed execution

TOTAL=1.02400045E9 [ 1002592.0 1001111.0 997128.0 1000366.0 999053.0 1003948.0 1000033.0 1000440.0 1001072.0 1002409.0 998714.0 1000640.0 1000649.0 998530.0 1002771.0 1001135.0 996666.0 1000169.0 1003061.0 1001534.0 1001260.0 999239.0 1000817.0 1003558.0 997702.0 1002296.0 1000830.0 999733.0 1001533.0 999003.0 998191.0 1000283.0 994740.0 997829.0 997533.0 998720.0 1003880.0 1001474.0 996387.0 1002508.0 1001011.0 999181.0 1003543.0 1001621.0 1002580.0 1001620.0 1000564.0 1001981.0 999871.0 997937.0 999633.0 997039.0 1000392.0 1001059.0 999445.0 1001039.0 1002387.0 1000701.0 998994.0 1001747.0 1001703.0 999878.0 1004467.0 999641.0 998746.0 998216.0 1000131.0 999928.0 1003063.0 1002998.0 1000982.0 1001363.0 1001512.0 1001449.0 1000501.0 999150.0 1000078.0 1002615.0 1000766.0 999771.0 1001832.0 999842.0 1001667.0 1002133.0 1000400.0 1001678.0 1000264.0 1001225.0 1000080.0 997759.0 998869.0 1000465.0 1000595.0 1001539.0 998268.0 999352.0 999819.0 1000063.0 997434.0 1001292.0 996889.0 1000375.0 1001087.0 1000224.0 999049.0 1000625.0 1000311.0 1000613.0 998475.0 1002982.0 999365.0 1002949.0 1002074.0 999047.0 1000373.0 1000890.0 998174.0 998617.0 999226.0 996551.0 1001125.0 1000579.0 999975.0 1001151.0 998009.0 999192.0 1000734.0 1002450.0 998399.0 998634.0 999837.0 998477.0 997257.0 1001285.0 998262.0 997623.0 1002411.0 999948.0 999802.0 1001835.0 1001468.0 998287.0 1002163.0 1000033.0 999922.0 1000777.0 996464.0 999830.0 1001577.0 998274.0 1000967.0 998033.0 1002158.0 1001521.0 1000382.0 1002769.0 998974.0 999466.0 998666.0 999745.0 999680.0 1001621.0 998288.0 997040.0 998049.0 999551.0 1001941.0 999846.0 1000850.0 998198.0 1000002.0 998973.0 1001525.0 999188.0 997668.0 1000675.0 1000248.0 1000509.0 1000900.0 1000345.0 996165.0 1001858.0 1002562.0 999183.0 998685.0 996562.0 1003185.0 1000478.0 1000176.0 1000587.0 999402.0 998232.0 999783.0 1001634.0 1000887.0 1001269.0 997612.0 1000656.0 998014.0 1000959.0 1002777.0 1001658.0 999566.0 1002168.0 1000210.0 998457.0 1001697.0 997369.0 998977.0 1000980.0 998769.0 997620.0 996919.0 999990.0 998640.0 998717.0 1000267.0 997864.0 998110.0 998334.0 1001716.0 1001028.0 999958.0 1001484.0 998198.0 1000897.0 997785.0 1000884.0 998484.0 1002522.0 999546.0 999155.0 997938.0 999815.0 1000203.0 997802.0 999775.0 1002802.0 998136.0 997027.0 1000771.0 1001356.0 996242.0 999493.0 1002196.0 998374.0 998259.0 997876.0 999391.0 1003133.0 999557.0 998815.0 1000208.0 999905.0 997156.0 1000152.0 998044.0 999435.0 1002225.0 996874.0 996950.0 1002046.0 1000038.0 998605.0 998189.0 1000201.0 998864.0 999267.0 997448.0 1000953.0 998363.0 1002727.0 997974.0 1000843.0 999703.0 998060.0 1002233.0 1003563.0 999470.0 1001512.0 999973.0 998506.0 1001113.0 998674.0 999520.0 999166.0 1000707.0 998513.0 998993.0 1000643.0 1001172.0 1001630.0 999989.0 1000680.0 1000582.0 1001499.0 1001176.0 999778.0 999072.0 999323.0 1001145.0 998900.0 1001603.0 999584.0 1002430.0 1002095.0 999019.0 1001135.0 1000266.0 997222.0 1000129.0 1001392.0 998273.0 1000861.0 1000779.0 1000203.0 999460.0 998886.0 996686.0 1001265.0 998160.0 1001115.0 1002721.0 998760.0 998690.0 1000806.0 999289.0 1001618.0 1002531.0 1002795.0 999569.0 1002676.0 999997.0 998081.0 999380.0 999152.0 1002978.0 1001289.0 999786.0 999272.0 998326.0 1000679.0 999988.0 1002680.0 999540.0 996977.0 999053.0 1000720.0 1001361.0 998211.0 1000007.0 999051.0 997317.0 1002186.0 1002427.0 998907.0 998865.0 998510.0 997684.0 1002460.0 1002113.0 1001316.0 1003148.0 1000576.0 1002778.0 1003366.0 1000216.0 1001019.0 999497.0 1000851.0 1000880.0 999386.0 1001541.0 999409.0 1001252.0 1000542.0 1000590.0 1000410.0 998304.0 1002860.0 998312.0 1001647.0 998997.0 998481.0 1002387.0 999445.0 1001957.0 1000709.0 997959.0 997667.0 998708.0 997158.0 998966.0 996739.0 1000397.0 1002434.0 1001147.0 1001637.0 1002013.0 1001935.0 998990.0 1000097.0 999261.0 1000568.0 998612.0 999589.0 999593.0 997910.0 1003290.0 1000460.0 1000902.0 1002609.0 1000294.0 1000975.0 1001197.0 1000436.0 1002349.0 997148.0 999645.0 1000394.0 995144.0 996500.0 1000527.0 999750.0 1000243.0 998213.0 1002357.0 997982.0 999541.0 1001106.0 997838.0 1000566.0 998806.0 998218.0 999185.0 1000209.0 1000034.0 1001369.0 999952.0 998245.0 998968.0 998435.0 996811.0 1005387.0 1001305.0 1000107.0 996592.0 998554.0 997617.0 1003408.0 1001923.0 996893.0 999080.0 995366.0 999108.0 997879.0 998934.0 994903.0 999797.0 1002557.0 999993.0 1002090.0 996087.0 997321.0 999091.0 1000174.0 1000061.0 997096.0 1001663.0 1001042.0 1001934.0 997321.0 999317.0 1004050.0 996954.0 1000148.0 998385.0 1000111.0 998694.0 999861.0 998244.0 999977.0 1002934.0 1000432.0 999833.0 1003045.0 998949.0 998948.0 999351.0 997804.0 1001233.0 997846.0 1002390.0 1000161.0 997751.0 1000027.0 1000330.0 997462.0 996930.0 998496.0 998361.0 997980.0 1002074.0 1001490.0 1001893.0 996399.0 1001290.0 1000669.0 998864.0 998587.0 998854.0 997863.0 995845.0 999639.0 1000476.0 1001138.0 998477.0 998336.0 1001882.0 1001859.0 998097.0 997163.0 1000376.0 999411.0 999678.0 1001248.0 999933.0 999847.0 997488.0 1000702.0 998406.0 1003765.0 999331.0 1002258.0 1000870.0 998664.0 999717.0 999140.0 999162.0 1001726.0 997229.0 999747.0 999531.0 999473.0 997701.0 999401.0 996024.0 998938.0 1000962.0 999455.0 1000144.0 999781.0 1000709.0 996938.0 997454.0 998960.0 1000376.0 998123.0 999833.0 1001169.0 998452.0 1004262.0 1000830.0 998031.0 999147.0 1000960.0 999840.0 1000485.0 999423.0 999055.0 1000178.0 1000581.0 1000945.0 998701.0 1001059.0 1002231.0 999016.0 999840.0 997286.0 1001275.0 999220.0 1001515.0 1002279.0 996850.0 1000528.0 999893.0 999279.0 1000997.0 1001400.0 997451.0 1000698.0 997879.0 1002880.0 1001474.0 1000229.0 996398.0 1000545.0 997312.0 1000070.0 1001342.0 1000705.0 1001291.0 999515.0 999850.0 1001485.0 1002470.0 1001147.0 1000598.0 999062.0 1001312.0 999640.0 999763.0 1000547.0 998277.0 1000568.0 998140.0 1002893.0 1001578.0 1000567.0 1001820.0 1000275.0 1000236.0 1001685.0 1002631.0 1001091.0 998433.0 1000760.0 1001056.0 1001075.0 1001396.0 1000111.0 999476.0 1000621.0 1001146.0 1000375.0 999621.0 998515.0 996982.0 999956.0 999392.0 1000591.0 1004047.0 1000799.0 997758.0 997886.0 996655.0 999260.0 998427.0 1002285.0 1002049.0 1001916.0 1000504.0 1002238.0 997843.0 999015.0 1002386.0 1000875.0 1000779.0 1000598.0 1001021.0 1000598.0 1001891.0 1000057.0 998430.0 996809.0 1004697.0 999061.0 1002811.0 1000748.0 998661.0 1002285.0 1000165.0 1002713.0 998065.0 1000175.0 999325.0 998481.0 1001672.0 1001561.0 999154.0 1000171.0 998831.0 998544.0 999702.0 999994.0 1001197.0 1002267.0 1000200.0 999231.0 1001340.0 997973.0 998964.0 1000468.0 1000606.0 999105.0 998328.0 993414.0 1001374.0 1001083.0 998224.0 998316.0 998689.0 1003092.0 1003519.0 996077.0 1000181.0 1002680.0 999417.0 996973.0 998413.0 998218.0 1000748.0 1000553.0 1000715.0 1001220.0 1000243.0 999634.0 1002621.0 1000834.0 998641.0 1000039.0 1000616.0 998616.0 1000384.0 998737.0 998196.0 998950.0 1000760.0 999580.0 996058.0 1001796.0 999944.0 1001229.0 1000098.0 997847.0 1002673.0 999135.0 1003924.0 1002492.0 1000667.0 1000065.0 1001125.0 999353.0 999124.0 1004142.0 997792.0 999826.0 1003318.0 1001499.0 998048.0 999323.0 1000124.0 998424.0 997068.0 999191.0 1005098.0 1001620.0 1002045.0 1000394.0 1000224.0 996124.0 1001930.0 1001068.0 1000980.0 1000552.0 999404.0 999359.0 997728.0 1002892.0 998627.0 998193.0 999601.0 997834.0 996782.0 1001262.0 1001824.0 1000356.0 1001286.0 1003170.0 998858.0 997071.0 1001919.0 1001181.0 1000345.0 999774.0 997057.0 1001325.0 1000601.0 1001163.0 999128.0 999343.0 1000210.0 1001679.0 999651.0 1001914.0 1000131.0 999191.0 999216.0 1001765.0 998644.0 1003320.0 1000107.0 999184.0 1001709.0 999457.0 999445.0 997206.0 1004167.0 1000436.0 1005572.0 997179.0 1000575.0 1002183.0 1000271.0 996829.0 999996.0 1001615.0 999358.0 1000544.0 998233.0 999843.0 997257.0 997239.0 1001955.0 999693.0 998828.0 1000481.0 1000484.0 999590.0 1000506.0 1000968.0 1000347.0 999765.0 999154.0 999653.0 1003993.0 1000522.0 999515.0 997637.0 999644.0 997445.0 997869.0 1002677.0 999408.0 1002924.0 1004745.0 1000565.0 999865.0 996784.0 1001205.0 998951.0 999352.0 1001243.0 1000174.0 1000306.0 998100.0 1002321.0 998778.0 1000696.0 1001208.0 998689.0 1002795.0 1001067.0 1001897.0 1001734.0 998722.0 998589.0 999500.0 997528.0 1001502.0 999274.0 1001788.0 997804.0 999190.0 1001862.0 997813.0 1000246.0 1001489.0 1001239.0 998738.0 998762.0 999953.0 1000647.0 1000185.0 1001503.0 1001901.0 998081.0 999909.0 999607.0 1001026.0 1000536.0 1000979.0 999177.0 997352.0 1001136.0 997679.0 1000562.0 1004419.0 997850.0 997833.0 1001757.0 1004724.0 1003577.0 1000258.0 998058.0 1000681.0 998752.0 998571.0 1001399.0 1000111.0 999350.0 1002859.0 998628.0 997099.0 997387.0 1005398.0 999026.0 1003393.0 997811.0 996865.0 1001154.0 997704.0 1000271.0 1000520.0 1000054.0 1002044.0 998131.0 997711.0 1001280.0 1001591.0 998210.0 999354.0 998938.0 999093.0 998503.0 996991.0 1000333.0 1002230.0 1001421.0 1000671.0 1001152.0 1001881.0 1002439.0 1000905.0 1000750.0 1002650.0 999374.0 999360.0 1000813.0 999035.0 1000708.0 997436.0 998995.0 1002581.0 996874.0 999359.0 997904.0 999812.0 1001957.0 996108.0 1001215.0 1002489.0 999703.0 999066.0 1002146.0 999671.0 1003698.0 999371.0 999431.0 996267.0 1000982.0 1002925.0 999324.0 1001893.0 998499.0 1000113.0 1001275.0 1001216.0 999447.0 1001624.0 999755.0 998258.0 993845.0 998634.0 999665.0 997786.0 998345.0 998932.0 1000180.0 1000072.0 1003408.0 999169.0 997439.0 1003060.0 999014.0 1000282.0 1001094.0 998561.0 1000924.0 996624.0 1000061.0 997733.0 1002360.0 1001299.0 1000388.0 1001438.0 998732.0 1003745.0 998260.0 999083.0 998801.0 1003142.0 998255.0 1000117.0 997302.0 1002671.0 999207.0 995444.0 1001105.0 1001260.0 999954.0 1000577.0 1003898.0 1001407.0 ]

10018 actual elapsed

T=1013111, R=0, W=0
T=980879, R=0, W=0
T=1061889, R=0, W=0
T=1013950, R=0, W=0
T=1039771, R=0, W=0
T=1106733, R=0, W=0
T=1064222, R=0, W=0
T=1086404, R=0, W=0
T=946802, R=0, W=0
T=1005426, R=0, W=0
T=1002870, R=0, W=0
T=946114, R=0, W=0
T=918957, R=0, W=0
T=937866, R=0, W=0
T=962975, R=0, W=0
T=1081133, R=0, W=0

TOTAL: T=16169102, R=0, W=0
--- 16548 MB collected in 0.993 secs (3.1% of total), longest GC took 0.171 secs
DATA gc:  total_k 16945632  total_secs 0.992956  max_secs 0.170606
