startup =       20000
elapsed =       10000
threads =       16
accounts =      1024
init =          1000000
maxAmount =     10
readFreq =      0
writeFreq =     0
readThreads =   0
writeThreads =  0
disjointTrans = false
yieldALot =     false
flavour =       rfw

warming up
timed execution

TOTAL=1.02400045E9 [ 1001223.0 999095.0 996336.0 1003214.0 996666.0 1002543.0 998083.0 997553.0 996519.0 999767.0 998878.0 999555.0 997957.0 999475.0 1001835.0 1000473.0 998593.0 1001169.0 1002474.0 1000482.0 999410.0 1004391.0 997758.0 1001427.0 1001831.0 1000926.0 998934.0 995240.0 998979.0 1000136.0 997443.0 1001629.0 1002583.0 998417.0 996018.0 1000949.0 998805.0 1001954.0 1001896.0 1001732.0 999090.0 997724.0 999407.0 999656.0 1001940.0 1002123.0 999906.0 1001237.0 1003883.0 1001859.0 999582.0 1002606.0 995432.0 1001053.0 996923.0 1000754.0 997656.0 998842.0 996955.0 998696.0 998830.0 998335.0 1001677.0 999064.0 999594.0 1004172.0 998530.0 997235.0 999687.0 1001133.0 1002143.0 998841.0 996839.0 1002811.0 999967.0 1001405.0 1002652.0 1003644.0 999250.0 1001847.0 1003077.0 1002939.0 997781.0 1001810.0 1001162.0 1001820.0 997634.0 999162.0 999410.0 1000804.0 999751.0 1000123.0 998937.0 1002172.0 995886.0 1000420.0 1001202.0 999231.0 1001117.0 1001773.0 1002155.0 997955.0 1002136.0 999808.0 1001030.0 1000291.0 998872.0 998545.0 999986.0 999966.0 994065.0 1000216.0 1001978.0 1000891.0 1000901.0 1000826.0 995511.0 996446.0 999875.0 998439.0 1000707.0 998608.0 1001099.0 1003949.0 1001082.0 998889.0 998342.0 999056.0 999162.0 999779.0 1000491.0 1000689.0 996939.0 1002450.0 1000710.0 996831.0 1002045.0 999308.0 997458.0 999733.0 999484.0 1000851.0 1000229.0 1001344.0 1001186.0 998633.0 999705.0 999936.0 998764.0 1001484.0 1000399.0 1000816.0 1000011.0 999044.0 998451.0 1001022.0 1000124.0 1000638.0 1003495.0 1001969.0 997040.0 1001112.0 999097.0 999010.0 1001659.0 1001056.0 999213.0 997891.0 998536.0 1001649.0 1002311.0 998951.0 998232.0 996489.0 1003202.0 1001672.0 998816.0 998453.0 1000497.0 997900.0 998277.0 997250.0 998338.0 1003007.0 999333.0 999650.0 997262.0 1000052.0 1000414.0 998022.0 1000572.0 999055.0 1000874.0 998408.0 1002586.0 1004201.0 1001498.0 1001841.0 1001654.0 1000557.0 996438.0 1000929.0 997487.0 998005.0 1003240.0 1000178.0 1000160.0 1001872.0 997987.0 999452.0 997637.0 999522.0 1003811.0 1001853.0 999631.0 998092.0 1001143.0 1002526.0 999319.0 1003332.0 998449.0 999451.0 1000093.0 998268.0 1002936.0 998498.0 1001366.0 1001197.0 1001051.0 998563.0 1000315.0 1001600.0 1001000.0 1001061.0 996506.0 1001156.0 1000336.0 1001349.0 1004423.0 999306.0 999565.0 999213.0 999932.0 997429.0 999906.0 1000716.0 1000059.0 997997.0 1000317.0 996880.0 998645.0 1000324.0 1000826.0 1001903.0 998889.0 1004029.0 997751.0 999152.0 998718.0 999169.0 1000205.0 999183.0 1003304.0 996368.0 1000486.0 997097.0 995951.0 998256.0 1004590.0 1000824.0 996415.0 1000450.0 999573.0 997579.0 998660.0 997433.0 1001090.0 997687.0 1000938.0 1002512.0 1003048.0 998355.0 999540.0 1002709.0 999182.0 998973.0 1001588.0 1002649.0 1001027.0 998463.0 1005335.0 1000415.0 998471.0 996889.0 1002840.0 999425.0 1002067.0 999553.0 1000007.0 999973.0 996528.0 997177.0 997982.0 1000546.0 997379.0 1002378.0 1000092.0 1000422.0 998483.0 996340.0 1000871.0 1001652.0 1000255.0 1002589.0 998591.0 998393.0 1002533.0 998477.0 997958.0 1002084.0 1000423.0 999447.0 999152.0 996858.0 1000675.0 1002942.0 998732.0 1001330.0 999405.0 997494.0 997961.0 998849.0 998169.0 1002903.0 1002675.0 999264.0 1000987.0 999238.0 1000726.0 999394.0 1000027.0 998931.0 1000621.0 999696.0 1000498.0 999862.0 1002256.0 1000582.0 1000633.0 1001220.0 995989.0 999998.0 1000543.0 998205.0 1001358.0 996858.0 1000044.0 998786.0 999709.0 1001384.0 999160.0 1001252.0 1000356.0 1000871.0 1000909.0 1002805.0 999636.0 1000549.0 1000300.0 1000873.0 999008.0 1003158.0 1002116.0 1001980.0 1000222.0 1000699.0 1000973.0 999425.0 1000792.0 1002073.0 999764.0 1001625.0 1000193.0 997667.0 998022.0 1002218.0 1001955.0 996421.0 1001854.0 1000909.0 998886.0 998434.0 1000182.0 996268.0 999233.0 999356.0 1000332.0 999405.0 998500.0 998567.0 1002777.0 1000253.0 999984.0 999767.0 1001152.0 997507.0 1003891.0 998177.0 999953.0 999509.0 1001786.0 1001638.0 999228.0 995522.0 999704.0 999937.0 998946.0 1001615.0 1003038.0 998062.0 1000727.0 997896.0 1002610.0 1001065.0 1002142.0 1001019.0 1003050.0 1002364.0 998721.0 1002765.0 1001131.0 1004134.0 1000511.0 1003545.0 999294.0 1001417.0 1000866.0 1001451.0 1001344.0 998222.0 1002818.0 996430.0 996488.0 999556.0 1003927.0 1005194.0 997624.0 999857.0 1000645.0 998460.0 999436.0 998051.0 999399.0 1002263.0 996727.0 1001173.0 994628.0 998749.0 1001019.0 999060.0 1001327.0 1000882.0 999034.0 1000534.0 1001618.0 1000779.0 999537.0 1000230.0 1001501.0 1001284.0 997094.0 1002288.0 1001560.0 1001550.0 1001050.0 998968.0 1003243.0 996812.0 1002060.0 1002456.0 1001456.0 998561.0 999725.0 1003184.0 1001294.0 997803.0 999713.0 1000659.0 1000313.0 1001499.0 999780.0 999504.0 1001864.0 1002374.0 997949.0 1001263.0 999702.0 998559.0 997497.0 999067.0 999173.0 1000516.0 999924.0 998649.0 999900.0 1001797.0 1001015.0 995029.0 999012.0 999029.0 1002959.0 998925.0 1000767.0 998723.0 999236.0 1002030.0 1000134.0 999421.0 1000991.0 1000745.0 1001496.0 997748.0 1000032.0 1000464.0 997217.0 997849.0 1001371.0 999510.0 998759.0 1000504.0 998204.0 999386.0 1000347.0 998883.0 1000172.0 997268.0 1000762.0 998935.0 998885.0 1000041.0 1000441.0 1002114.0 1000005.0 999647.0 998387.0 997840.0 999930.0 1001590.0 998252.0 1000023.0 993788.0 1001601.0 998961.0 999429.0 996905.0 997986.0 998394.0 1000121.0 1000105.0 1001177.0 1000224.0 1002675.0 996751.0 1000206.0 997306.0 998190.0 999601.0 998747.0 999923.0 1000947.0 999782.0 1003810.0 1001453.0 998426.0 999722.0 999975.0 998778.0 999403.0 1001623.0 999900.0 1001252.0 1002460.0 997726.0 999158.0 1004838.0 1000741.0 1000113.0 1000591.0 996398.0 999706.0 999502.0 1001452.0 997762.0 999366.0 1000357.0 999266.0 999375.0 1000945.0 1002290.0 999903.0 1000934.0 995292.0 1000903.0 1000913.0 998693.0 1001427.0 998158.0 997911.0 1001010.0 997585.0 1000796.0 999460.0 1000151.0 997961.0 1000142.0 999266.0 999912.0 997553.0 1002823.0 1000708.0 997086.0 1000939.0 1003468.0 998150.0 998834.0 1001741.0 998661.0 1000340.0 996536.0 998496.0 997278.0 997877.0 998495.0 998536.0 999540.0 1001339.0 999185.0 999881.0 1003301.0 999928.0 1000087.0 999692.0 999233.0 1001551.0 1000415.0 998907.0 997513.0 999529.0 1002179.0 999202.0 1002163.0 1000495.0 997903.0 1002491.0 997341.0 998228.0 999640.0 999875.0 1002240.0 999892.0 1000988.0 999767.0 999353.0 998819.0 996191.0 1000609.0 1002412.0 999458.0 1000054.0 999761.0 997960.0 999946.0 1003240.0 1000180.0 1000672.0 1005147.0 1002029.0 999928.0 1003188.0 996508.0 999556.0 1003937.0 1000163.0 1002958.0 1000880.0 1001795.0 999776.0 999030.0 1001965.0 999531.0 997562.0 998997.0 996628.0 1001561.0 1001911.0 1002946.0 1000017.0 998418.0 997803.0 1001847.0 997234.0 997639.0 1000018.0 999669.0 1002565.0 997231.0 997898.0 1000432.0 1000076.0 1001408.0 997210.0 998570.0 998798.0 1000205.0 1001107.0 1001559.0 999637.0 1002234.0 1001608.0 998288.0 1002712.0 1002013.0 999856.0 999166.0 1003267.0 999566.0 1002597.0 999892.0 997893.0 999572.0 1000008.0 1001989.0 1003369.0 1005531.0 1000691.0 1003209.0 997163.0 997936.0 1002244.0 997762.0 1000757.0 999716.0 999517.0 1001043.0 1002587.0 999121.0 1000006.0 996711.0 998790.0 998039.0 1001862.0 1002815.0 1000183.0 998899.0 1000245.0 998504.0 1003136.0 998299.0 997738.0 999306.0 999520.0 1000118.0 1001958.0 1001845.0 1000661.0 1001617.0 997100.0 999497.0 1000215.0 999212.0 1002258.0 1002390.0 996485.0 1001729.0 998671.0 1000431.0 1001401.0 999113.0 1000297.0 1000310.0 996738.0 1001376.0 1001526.0 999413.0 1001971.0 995778.0 998705.0 1000912.0 1000062.0 1000745.0 998836.0 1001854.0 1000997.0 997619.0 999523.0 1001508.0 999601.0 998706.0 1001426.0 997398.0 999858.0 997982.0 999805.0 998009.0 996763.0 1000602.0 1002909.0 997908.0 1001618.0 1002179.0 1000091.0 998913.0 1002443.0 998615.0 999329.0 1001711.0 1000828.0 999210.0 1001410.0 1000551.0 1001531.0 997750.0 1001068.0 1001820.0 1001461.0 1001326.0 1000260.0 999097.0 1001659.0 999510.0 1003990.0 996462.0 996754.0 1001332.0 998529.0 998960.0 999657.0 1000615.0 1001955.0 998781.0 999234.0 999797.0 996825.0 1000544.0 997293.0 1002697.0 1002160.0 998297.0 999645.0 1000744.0 1002313.0 999794.0 999171.0 1001621.0 998463.0 999066.0 999670.0 998783.0 999494.0 999246.0 1002541.0 1003046.0 998211.0 1001385.0 998998.0 1000483.0 999788.0 1001323.0 998910.0 999326.0 995997.0 1000384.0 1000797.0 998511.0 1000902.0 1001726.0 997114.0 1003560.0 1000895.0 999992.0 1000936.0 999076.0 1001395.0 998811.0 1002194.0 996807.0 1000770.0 999558.0 1000902.0 997536.0 1000860.0 996999.0 999523.0 1000586.0 1000209.0 1001184.0 996253.0 1003554.0 1001229.0 1000296.0 1002391.0 994792.0 999960.0 999079.0 999477.0 998380.0 999862.0 999547.0 997252.0 1000299.0 999613.0 996906.0 997011.0 1001134.0 1000839.0 1002609.0 1000076.0 998969.0 1001220.0 999586.0 1002398.0 1000550.0 1000075.0 999443.0 998195.0 1000650.0 1000912.0 1002877.0 1000806.0 1001105.0 1000500.0 1002444.0 999270.0 1000355.0 999072.0 1001790.0 996900.0 1001253.0 998801.0 1000339.0 1000297.0 996187.0 1002680.0 999137.0 1000459.0 1001845.0 1002837.0 1002151.0 1001289.0 994966.0 1003816.0 1003123.0 1002005.0 1000409.0 998799.0 999101.0 1000184.0 999510.0 998284.0 1002286.0 1002274.0 1004376.0 1001410.0 1003969.0 1000716.0 1001306.0 998755.0 1001694.0 999818.0 997406.0 998279.0 998632.0 998015.0 999542.0 1000408.0 999238.0 1000737.0 1000545.0 998313.0 999465.0 998961.0 998600.0 1001066.0 1002469.0 1000263.0 998910.0 1001932.0 1000986.0 998304.0 1001291.0 1002208.0 998195.0 1001305.0 998730.0 1002860.0 996214.0 1000891.0 999066.0 1000196.0 1000465.0 1000519.0 1000828.0 999912.0 1001281.0 1000231.0 997883.0 1000499.0 1003215.0 998421.0 1001295.0 997556.0 1000616.0 998121.0 1001923.0 999082.0 998003.0 998561.0 1001124.0 996962.0 1001397.0 999108.0 995736.0 1000554.0 1002198.0 ]

10018 actual elapsed

T=1156461, R=0, W=0
T=1058431, R=0, W=0
T=1052785, R=0, W=0
T=1106567, R=0, W=0
T=1173396, R=0, W=0
T=1224496, R=0, W=0
T=1182761, R=0, W=0
T=1035456, R=0, W=0
T=1050243, R=0, W=0
T=972172, R=0, W=0
T=1022387, R=0, W=0
T=1044398, R=0, W=0
T=1045657, R=0, W=0
T=1124832, R=0, W=0
T=1057040, R=0, W=0
T=1079518, R=0, W=0

TOTAL: T=17386600, R=0, W=0
--- 16545 MB collected in 0.947 secs (3.0% of total), longest GC took 0.143 secs
DATA gc:  total_k 16942968  total_secs 0.947337  max_secs 0.143285
