startup =       20000
elapsed =       10000
threads =       64
accounts =      64
init =          1000000
maxAmount =     10
readFreq =      0
writeFreq =     0
readThreads =   0
writeThreads =  0
disjointTrans = false
yieldALot =     false
flavour =       t

warming up
timed execution

TOTAL=6.4E7 [ 999413.0 1006052.0 1001960.0 995561.0 996887.0 997269.0 1011992.0 1001275.0 1006282.0 996908.0 1002209.0 1004884.0 1005363.0 996445.0 1005993.0 1000719.0 1007090.0 995151.0 1000870.0 1009040.0 1001567.0 996681.0 1000097.0 999893.0 999103.0 999034.0 1002150.0 993869.0 998014.0 988482.0 1004918.0 1001862.0 994583.0 998194.0 1007587.0 993444.0 988764.0 998636.0 996728.0 994895.0 995878.0 1014552.0 1003781.0 996849.0 1005792.0 1005236.0 994792.0 995462.0 990544.0 996280.0 1004682.0 1000526.0 999211.0 993247.0 996717.0 997933.0 1002916.0 998073.0 994559.0 1005216.0 996029.0 1000113.0 1008725.0 1003023.0 ]

10015 actual elapsed

T=157711, R=0, W=0
T=170005, R=0, W=0
T=167282, R=0, W=0
T=144093, R=0, W=0
T=157297, R=0, W=0
T=145686, R=0, W=0
T=166055, R=0, W=0
T=163967, R=0, W=0
T=155860, R=0, W=0
T=141833, R=0, W=0
T=165087, R=0, W=0
T=162861, R=0, W=0
T=156611, R=0, W=0
T=139227, R=0, W=0
T=166501, R=0, W=0
T=168777, R=0, W=0
T=156642, R=0, W=0
T=141608, R=0, W=0
T=166156, R=0, W=0
T=169345, R=0, W=0
T=153155, R=0, W=0
T=142775, R=0, W=0
T=159219, R=0, W=0
T=170412, R=0, W=0
T=153967, R=0, W=0
T=32894, R=0, W=0
T=168428, R=0, W=0
T=168836, R=0, W=0
T=159131, R=0, W=0
T=144901, R=0, W=0
T=167139, R=0, W=0
T=171097, R=0, W=0
T=160082, R=0, W=0
T=145210, R=0, W=0
T=155914, R=0, W=0
T=168766, R=0, W=0
T=158234, R=0, W=0
T=142648, R=0, W=0
T=166769, R=0, W=0
T=170218, R=0, W=0
T=154723, R=0, W=0
T=142208, R=0, W=0
T=168011, R=0, W=0
T=166970, R=0, W=0
T=157808, R=0, W=0
T=141802, R=0, W=0
T=167425, R=0, W=0
T=167679, R=0, W=0
T=155341, R=0, W=0
T=145861, R=0, W=0
T=166828, R=0, W=0
T=168960, R=0, W=0
T=157977, R=0, W=0
T=140111, R=0, W=0
T=168570, R=0, W=0
T=169390, R=0, W=0
T=157717, R=0, W=0
T=140890, R=0, W=0
T=166668, R=0, W=0
T=151154, R=0, W=0
T=35286, R=0, W=0
T=145535, R=0, W=0
T=167352, R=0, W=0
T=165978, R=0, W=0

TOTAL: T=9892643, R=0, W=0
--- 15424 MB collected in 2.437 secs (7.6% of total), longest GC took 0.176 secs
DATA gc:  total_k 15794455  total_secs 2.43659  max_secs 0.175763
