startup =       20000
elapsed =       10000
threads =       256
accounts =      256
init =          1000000
maxAmount =     10
readFreq =      0
writeFreq =     0
readThreads =   0
writeThreads =  0
disjointTrans = false
yieldALot =     false
flavour =       t

warming up
timed execution

TOTAL=2.56000096E8 [ 1001244.0 1000474.0 1002215.0 998022.0 1002936.0 1000408.0 998051.0 996704.0 1000260.0 1004753.0 999552.0 1000439.0 1001123.0 999568.0 1002316.0 1003086.0 1000996.0 995534.0 998952.0 998501.0 998812.0 996931.0 996000.0 998796.0 1000518.0 1002029.0 1000348.0 1002581.0 1002785.0 998851.0 1002337.0 1000343.0 1000840.0 999251.0 996983.0 999579.0 999167.0 1000349.0 1001824.0 1000294.0 1002566.0 1002791.0 1001606.0 1000573.0 1001842.0 1000464.0 999399.0 1002947.0 1000663.0 997138.0 996786.0 999334.0 999323.0 998620.0 1000016.0 996058.0 999961.0 999328.0 1000508.0 1001836.0 1000925.0 997370.0 1000862.0 1000825.0 1002680.0 999668.0 998930.0 999939.0 996972.0 1002402.0 1002401.0 996393.0 1005765.0 997597.0 1001647.0 1000750.0 1001211.0 1002590.0 1001156.0 1001861.0 1000407.0 998029.0 1001921.0 999666.0 997138.0 999031.0 999151.0 999843.0 1001160.0 1002765.0 998716.0 998483.0 995821.0 1002048.0 997630.0 997324.0 996048.0 1001904.0 998468.0 999804.0 1001104.0 1000047.0 996930.0 997627.0 999829.0 1001494.0 1001284.0 1002069.0 998299.0 1002128.0 999542.0 998025.0 997687.0 999147.0 997617.0 999803.0 1000315.0 1001820.0 999410.0 998704.0 995081.0 1000250.0 1002517.0 1000638.0 1001011.0 1001931.0 998835.0 999849.0 997624.0 1000428.0 999128.0 997572.0 1001640.0 1001894.0 998375.0 999051.0 1002378.0 999780.0 998444.0 1000218.0 1002436.0 1000994.0 1001806.0 1001262.0 1000971.0 1001937.0 996030.0 1001562.0 998195.0 994973.0 1001012.0 1001200.0 997605.0 998334.0 1003946.0 1003840.0 1001316.0 998836.0 1001451.0 1002857.0 1000123.0 997970.0 1002586.0 999814.0 998465.0 999369.0 1002451.0 998042.0 1000285.0 1003421.0 1000449.0 994511.0 999538.0 999298.0 998627.0 1001101.0 1001889.0 994930.0 998862.0 999374.0 1000742.0 998777.0 1001409.0 1000910.0 999489.0 1002951.0 998277.0 995877.0 999722.0 996362.0 998444.0 998365.0 999339.0 1000991.0 999115.0 1003897.0 999552.0 997938.0 998347.0 1000408.0 1000059.0 1001664.0 998210.0 998895.0 1000130.0 997387.0 998322.0 1000220.0 997085.0 1003242.0 997863.0 1002750.0 997967.0 998493.0 999530.0 997920.0 1001778.0 997329.0 1001100.0 1001892.0 1000784.0 998186.0 1001028.0 999598.0 998279.0 1002595.0 999585.0 998452.0 1000157.0 997481.0 1000996.0 1000292.0 997821.0 1006765.0 1003028.0 1001372.0 1000479.0 995895.0 999713.0 1000254.0 1000139.0 1000115.0 999251.0 1000090.0 1001538.0 1000018.0 1003967.0 998746.0 1000014.0 1003208.0 1000035.0 1005775.0 1002264.0 1003238.0 998981.0 1003108.0 ]

10067 actual elapsed

T=22277, R=0, W=0
T=22224, R=0, W=0
T=24471, R=0, W=0
T=24304, R=0, W=0
T=22257, R=0, W=0
T=22465, R=0, W=0
T=22636, R=0, W=0
T=23513, R=0, W=0
T=24048, R=0, W=0
T=22103, R=0, W=0
T=23368, R=0, W=0
T=23818, R=0, W=0
T=23291, R=0, W=0
T=22716, R=0, W=0
T=24460, R=0, W=0
T=23684, R=0, W=0
T=22147, R=0, W=0
T=22820, R=0, W=0
T=24594, R=0, W=0
T=23234, R=0, W=0
T=22822, R=0, W=0
T=23113, R=0, W=0
T=23832, R=0, W=0
T=23165, R=0, W=0
T=22480, R=0, W=0
T=22779, R=0, W=0
T=24226, R=0, W=0
T=24301, R=0, W=0
T=21912, R=0, W=0
T=22917, R=0, W=0
T=24231, R=0, W=0
T=23162, R=0, W=0
T=22626, R=0, W=0
T=23009, R=0, W=0
T=24646, R=0, W=0
T=23453, R=0, W=0
T=23660, R=0, W=0
T=23638, R=0, W=0
T=23721, R=0, W=0
T=24183, R=0, W=0
T=23583, R=0, W=0
T=22673, R=0, W=0
T=22599, R=0, W=0
T=23446, R=0, W=0
T=22443, R=0, W=0
T=22961, R=0, W=0
T=25297, R=0, W=0
T=23530, R=0, W=0
T=22873, R=0, W=0
T=22571, R=0, W=0
T=23295, R=0, W=0
T=23133, R=0, W=0
T=23590, R=0, W=0
T=23203, R=0, W=0
T=23487, R=0, W=0
T=23385, R=0, W=0
T=23063, R=0, W=0
T=21940, R=0, W=0
T=23903, R=0, W=0
T=23406, R=0, W=0
T=23639, R=0, W=0
T=22901, R=0, W=0
T=24281, R=0, W=0
T=24424, R=0, W=0
T=23274, R=0, W=0
T=22030, R=0, W=0
T=22722, R=0, W=0
T=24372, R=0, W=0
T=23503, R=0, W=0
T=23403, R=0, W=0
T=23524, R=0, W=0
T=22888, R=0, W=0
T=22638, R=0, W=0
T=22569, R=0, W=0
T=23797, R=0, W=0
T=23568, R=0, W=0
T=22983, R=0, W=0
T=23095, R=0, W=0
T=24618, R=0, W=0
T=23714, R=0, W=0
T=22803, R=0, W=0
T=22991, R=0, W=0
T=23446, R=0, W=0
T=24279, R=0, W=0
T=23540, R=0, W=0
T=22673, R=0, W=0
T=23950, R=0, W=0
T=23381, R=0, W=0
T=23184, R=0, W=0
T=22601, R=0, W=0
T=24181, R=0, W=0
T=23306, R=0, W=0
T=23455, R=0, W=0
T=22978, R=0, W=0
T=24024, R=0, W=0
T=24029, R=0, W=0
T=23667, R=0, W=0
T=23119, R=0, W=0
T=22924, R=0, W=0
T=23864, R=0, W=0
T=23363, R=0, W=0
T=22576, R=0, W=0
T=23854, R=0, W=0
T=23252, R=0, W=0
T=23177, R=0, W=0
T=22661, R=0, W=0
T=24465, R=0, W=0
T=23847, R=0, W=0
T=23065, R=0, W=0
T=23628, R=0, W=0
T=24823, R=0, W=0
T=23168, R=0, W=0
T=22514, R=0, W=0
T=22506, R=0, W=0
T=24493, R=0, W=0
T=21818, R=0, W=0
T=22314, R=0, W=0
T=22746, R=0, W=0
T=24497, R=0, W=0
T=23067, R=0, W=0
T=22783, R=0, W=0
T=22652, R=0, W=0
T=23110, R=0, W=0
T=24426, R=0, W=0
T=23964, R=0, W=0
T=23246, R=0, W=0
T=24225, R=0, W=0
T=23426, R=0, W=0
T=22346, R=0, W=0
T=22336, R=0, W=0
T=23782, R=0, W=0
T=23222, R=0, W=0
T=23560, R=0, W=0
T=24448, R=0, W=0
T=24525, R=0, W=0
T=23442, R=0, W=0
T=22694, R=0, W=0
T=22378, R=0, W=0
T=23978, R=0, W=0
T=24080, R=0, W=0
T=22891, R=0, W=0
T=23741, R=0, W=0
T=23035, R=0, W=0
T=22269, R=0, W=0
T=22524, R=0, W=0
T=22960, R=0, W=0
T=23414, R=0, W=0
T=23459, R=0, W=0
T=22772, R=0, W=0
T=15387, R=0, W=0
T=16415, R=0, W=0
T=23752, R=0, W=0
T=22891, R=0, W=0
T=22885, R=0, W=0
T=24032, R=0, W=0
T=24472, R=0, W=0
T=22634, R=0, W=0
T=24249, R=0, W=0
T=22654, R=0, W=0
T=24198, R=0, W=0
T=23759, R=0, W=0
T=22762, R=0, W=0
T=22958, R=0, W=0
T=22406, R=0, W=0
T=22958, R=0, W=0
T=23492, R=0, W=0
T=23777, R=0, W=0
T=22542, R=0, W=0
T=22405, R=0, W=0
T=23059, R=0, W=0
T=23325, R=0, W=0
T=23759, R=0, W=0
T=23156, R=0, W=0
T=23346, R=0, W=0
T=23177, R=0, W=0
T=23566, R=0, W=0
T=23543, R=0, W=0
T=22129, R=0, W=0
T=23350, R=0, W=0
T=24038, R=0, W=0
T=23019, R=0, W=0
T=22805, R=0, W=0
T=22916, R=0, W=0
T=23996, R=0, W=0
T=23659, R=0, W=0
T=23527, R=0, W=0
T=23647, R=0, W=0
T=23785, R=0, W=0
T=22210, R=0, W=0
T=23540, R=0, W=0
T=23205, R=0, W=0
T=24006, R=0, W=0
T=23169, R=0, W=0
T=22687, R=0, W=0
T=23239, R=0, W=0
T=23727, R=0, W=0
T=21917, R=0, W=0
T=21161, R=0, W=0
T=22630, R=0, W=0
T=24168, R=0, W=0
T=24021, R=0, W=0
T=23605, R=0, W=0
T=23813, R=0, W=0
T=23797, R=0, W=0
T=23627, R=0, W=0
T=22398, R=0, W=0
T=23100, R=0, W=0
T=24119, R=0, W=0
T=23330, R=0, W=0
T=22497, R=0, W=0
T=23851, R=0, W=0
T=23353, R=0, W=0
T=23249, R=0, W=0
T=22505, R=0, W=0
T=23284, R=0, W=0
T=23844, R=0, W=0
T=23215, R=0, W=0
T=21592, R=0, W=0
T=24418, R=0, W=0
T=21854, R=0, W=0
T=23427, R=0, W=0
T=22469, R=0, W=0
T=22967, R=0, W=0
T=23655, R=0, W=0
T=22813, R=0, W=0
T=22570, R=0, W=0
T=23807, R=0, W=0
T=22539, R=0, W=0
T=23786, R=0, W=0
T=23038, R=0, W=0
T=23396, R=0, W=0
T=22364, R=0, W=0
T=23466, R=0, W=0
T=23142, R=0, W=0
T=23732, R=0, W=0
T=23799, R=0, W=0
T=23483, R=0, W=0
T=22246, R=0, W=0
T=23766, R=0, W=0
T=22297, R=0, W=0
T=23754, R=0, W=0
T=23604, R=0, W=0
T=23975, R=0, W=0
T=22034, R=0, W=0
T=24142, R=0, W=0
T=22601, R=0, W=0
T=24955, R=0, W=0
T=23532, R=0, W=0
T=21845, R=0, W=0
T=23520, R=0, W=0
T=24235, R=0, W=0
T=23970, R=0, W=0
T=23599, R=0, W=0
T=21925, R=0, W=0
T=23640, R=0, W=0
T=23363, R=0, W=0

TOTAL: T=5947564, R=0, W=0
--- 9607 MB collected in 2.681 secs (8.2% of total), longest GC took 0.176 secs
DATA gc:  total_k 9837985  total_secs 2.6812  max_secs 0.175516
