startup =       20000
elapsed =       10000
threads =       1
accounts =      2
init =          1000000
maxAmount =     10
readFreq =      0
writeFreq =     0
readThreads =   0
writeThreads =  0
disjointTrans = false
yieldALot =     false
flavour =       d

warming up
timed execution

TOTAL=2000000.0 [ 1013333.0 986667.0 ]

10017 actual elapsed

T=1726753, R=0, W=0

TOTAL: T=1726753, R=0, W=0
--- 1031 MB collected in 0.161 secs (0.6% of total), longest GC took 0.123 secs
DATA gc:  total_k 1055808  total_secs 0.161078  max_secs 0.1228
