startup =       20000
elapsed =       10000
threads =       2
accounts =      2
init =          1000000
maxAmount =     10
readFreq =      0
writeFreq =     0
readThreads =   0
writeThreads =  0
disjointTrans = false
yieldALot =     false
flavour =       t

warming up
timed execution

TOTAL=2000000.0 [ 1001155.0 998845.0 ]

10013 actual elapsed

T=596927, R=0, W=0
T=592980, R=0, W=0

TOTAL: T=1189907, R=0, W=0
--- 1031 MB collected in 0.295 secs (1.1% of total), longest GC took 0.146 secs
DATA gc:  total_k 1056088  total_secs 0.29465  max_secs 0.146261
