startup =       20000
elapsed =       10000
threads =       256
accounts =      256
init =          1000000
maxAmount =     10
readFreq =      0
writeFreq =     0
readThreads =   0
writeThreads =  0
disjointTrans = false
yieldALot =     false
flavour =       d

warming up
timed execution

TOTAL=2.55999952E8 [ 998221.0 998929.0 996251.0 1000214.0 998267.0 1001650.0 999373.0 997880.0 1000938.0 995968.0 1003989.0 998069.0 1002732.0 1000263.0 1001823.0 1004195.0 999806.0 1004601.0 999841.0 998634.0 1003799.0 997146.0 998845.0 999491.0 1003217.0 1000482.0 1001908.0 1000446.0 1004213.0 1001934.0 1002982.0 1003720.0 999146.0 996949.0 1003722.0 1000801.0 1000743.0 1001002.0 1001447.0 998535.0 999854.0 1001207.0 1000203.0 997109.0 999823.0 1001486.0 1000699.0 1000200.0 997791.0 996070.0 999706.0 1000742.0 996871.0 999396.0 996218.0 999939.0 1000985.0 999194.0 1000295.0 999947.0 1000727.0 996801.0 1001198.0 999559.0 1002109.0 997925.0 997980.0 999769.0 1000153.0 997773.0 1001131.0 1000831.0 999925.0 998555.0 1000352.0 1001006.0 997957.0 999927.0 998473.0 999030.0 1000209.0 999907.0 999140.0 1001413.0 1003669.0 998972.0 1000422.0 1000568.0 1002005.0 999715.0 999948.0 999480.0 999731.0 1000943.0 1002799.0 997828.0 1000553.0 998243.0 1001238.0 997585.0 1001654.0 1001480.0 999829.0 1001002.0 998408.0 1003348.0 1002027.0 999361.0 1001390.0 999735.0 999082.0 999533.0 996700.0 998743.0 998379.0 1000596.0 999964.0 1000041.0 999606.0 996005.0 1001227.0 1003422.0 998892.0 998106.0 1006833.0 1001540.0 997248.0 998115.0 1002376.0 996170.0 997814.0 996902.0 1001460.0 1001563.0 997726.0 1000345.0 1001081.0 1004883.0 999138.0 999640.0 997173.0 998228.0 1003023.0 999113.0 999505.0 994267.0 1000995.0 1000631.0 1000263.0 999812.0 1000513.0 997119.0 1002269.0 1003061.0 1000710.0 999073.0 1001189.0 1002179.0 996417.0 1001232.0 998712.0 1000838.0 1001572.0 996528.0 996022.0 1000305.0 1000866.0 999773.0 999311.0 1001770.0 1000388.0 999049.0 995704.0 1000506.0 1003303.0 999866.0 1002393.0 1002389.0 997494.0 998823.0 1002368.0 1000088.0 998873.0 997326.0 998768.0 1001762.0 1004422.0 998875.0 1003464.0 998556.0 998696.0 1002151.0 1002899.0 1001643.0 1000524.0 999687.0 1000298.0 996457.0 1000260.0 998793.0 1000158.0 999284.0 998852.0 1000501.0 1003280.0 996129.0 1001672.0 1000604.0 996974.0 998779.0 1000777.0 1004553.0 996335.0 998260.0 999263.0 1000759.0 1000220.0 1000520.0 999444.0 998088.0 999494.0 999136.0 1000676.0 998120.0 998867.0 1002498.0 999992.0 1001573.0 1002720.0 996220.0 1000566.0 1001256.0 1001767.0 1000287.0 998735.0 1000556.0 999109.0 998041.0 997477.0 997174.0 1000724.0 997255.0 1000915.0 998002.0 1001615.0 999429.0 999201.0 1001843.0 1001676.0 998384.0 1002164.0 1001391.0 1002471.0 999741.0 1002082.0 999277.0 ]

10063 actual elapsed

T=20580, R=0, W=0
T=17294, R=0, W=0
T=20144, R=0, W=0
T=20492, R=0, W=0
T=21016, R=0, W=0
T=18453, R=0, W=0
T=19364, R=0, W=0
T=19502, R=0, W=0
T=20069, R=0, W=0
T=18660, R=0, W=0
T=19187, R=0, W=0
T=20380, R=0, W=0
T=20107, R=0, W=0
T=17739, R=0, W=0
T=19477, R=0, W=0
T=19984, R=0, W=0
T=20089, R=0, W=0
T=18657, R=0, W=0
T=19422, R=0, W=0
T=19995, R=0, W=0
T=19827, R=0, W=0
T=18594, R=0, W=0
T=19088, R=0, W=0
T=20170, R=0, W=0
T=20060, R=0, W=0
T=15723, R=0, W=0
T=19877, R=0, W=0
T=18745, R=0, W=0
T=20576, R=0, W=0
T=18801, R=0, W=0
T=17955, R=0, W=0
T=19728, R=0, W=0
T=20823, R=0, W=0
T=19375, R=0, W=0
T=18117, R=0, W=0
T=20269, R=0, W=0
T=19687, R=0, W=0
T=18377, R=0, W=0
T=18616, R=0, W=0
T=20205, R=0, W=0
T=19464, R=0, W=0
T=18236, R=0, W=0
T=19653, R=0, W=0
T=18864, R=0, W=0
T=19408, R=0, W=0
T=17758, R=0, W=0
T=20026, R=0, W=0
T=19913, R=0, W=0
T=20523, R=0, W=0
T=19281, R=0, W=0
T=18375, R=0, W=0
T=21060, R=0, W=0
T=20502, R=0, W=0
T=18151, R=0, W=0
T=19412, R=0, W=0
T=19924, R=0, W=0
T=20978, R=0, W=0
T=18696, R=0, W=0
T=19687, R=0, W=0
T=19116, R=0, W=0
T=19186, R=0, W=0
T=18755, R=0, W=0
T=18529, R=0, W=0
T=19783, R=0, W=0
T=20942, R=0, W=0
T=18530, R=0, W=0
T=19751, R=0, W=0
T=20562, R=0, W=0
T=19763, R=0, W=0
T=18208, R=0, W=0
T=19702, R=0, W=0
T=19649, R=0, W=0
T=19750, R=0, W=0
T=19629, R=0, W=0
T=19386, R=0, W=0
T=18449, R=0, W=0
T=19848, R=0, W=0
T=17698, R=0, W=0
T=19504, R=0, W=0
T=19125, R=0, W=0
T=19445, R=0, W=0
T=18716, R=0, W=0
T=20562, R=0, W=0
T=18770, R=0, W=0
T=19080, R=0, W=0
T=18732, R=0, W=0
T=20232, R=0, W=0
T=19056, R=0, W=0
T=19061, R=0, W=0
T=19317, R=0, W=0
T=19767, R=0, W=0
T=18454, R=0, W=0
T=20865, R=0, W=0
T=17980, R=0, W=0
T=19304, R=0, W=0
T=19243, R=0, W=0
T=20222, R=0, W=0
T=18636, R=0, W=0
T=19039, R=0, W=0
T=19853, R=0, W=0
T=20964, R=0, W=0
T=18143, R=0, W=0
T=18934, R=0, W=0
T=20986, R=0, W=0
T=19920, R=0, W=0
T=18121, R=0, W=0
T=18794, R=0, W=0
T=19691, R=0, W=0
T=19777, R=0, W=0
T=18086, R=0, W=0
T=20249, R=0, W=0
T=18895, R=0, W=0
T=19936, R=0, W=0
T=18403, R=0, W=0
T=19804, R=0, W=0
T=20480, R=0, W=0
T=19664, R=0, W=0
T=19042, R=0, W=0
T=19596, R=0, W=0
T=18094, R=0, W=0
T=19996, R=0, W=0
T=18518, R=0, W=0
T=20282, R=0, W=0
T=19901, R=0, W=0
T=20271, R=0, W=0
T=19435, R=0, W=0
T=18618, R=0, W=0
T=19187, R=0, W=0
T=19642, R=0, W=0
T=19460, R=0, W=0
T=19455, R=0, W=0
T=20687, R=0, W=0
T=20379, R=0, W=0
T=19480, R=0, W=0
T=18903, R=0, W=0
T=18814, R=0, W=0
T=20580, R=0, W=0
T=18361, R=0, W=0
T=19230, R=0, W=0
T=20650, R=0, W=0
T=18749, R=0, W=0
T=18001, R=0, W=0
T=20110, R=0, W=0
T=20587, R=0, W=0
T=19046, R=0, W=0
T=17834, R=0, W=0
T=17871, R=0, W=0
T=20406, R=0, W=0
T=19249, R=0, W=0
T=18267, R=0, W=0
T=20436, R=0, W=0
T=19806, R=0, W=0
T=20481, R=0, W=0
T=18953, R=0, W=0
T=17992, R=0, W=0
T=20296, R=0, W=0
T=20199, R=0, W=0
T=18378, R=0, W=0
T=6107, R=0, W=0
T=19811, R=0, W=0
T=20591, R=0, W=0
T=18004, R=0, W=0
T=19905, R=0, W=0
T=20576, R=0, W=0
T=19016, R=0, W=0
T=19150, R=0, W=0
T=20382, R=0, W=0
T=20904, R=0, W=0
T=20466, R=0, W=0
T=17778, R=0, W=0
T=19777, R=0, W=0
T=18666, R=0, W=0
T=18630, R=0, W=0
T=19113, R=0, W=0
T=19772, R=0, W=0
T=20658, R=0, W=0
T=20422, R=0, W=0
T=19347, R=0, W=0
T=19873, R=0, W=0
T=19755, R=0, W=0
T=19464, R=0, W=0
T=18547, R=0, W=0
T=18896, R=0, W=0
T=19844, R=0, W=0
T=20011, R=0, W=0
T=18159, R=0, W=0
T=19930, R=0, W=0
T=18806, R=0, W=0
T=19026, R=0, W=0
T=18173, R=0, W=0
T=19097, R=0, W=0
T=19194, R=0, W=0
T=19439, R=0, W=0
T=18410, R=0, W=0
T=19296, R=0, W=0
T=20464, R=0, W=0
T=20250, R=0, W=0
T=18097, R=0, W=0
T=19164, R=0, W=0
T=19542, R=0, W=0
T=20887, R=0, W=0
T=18084, R=0, W=0
T=19753, R=0, W=0
T=20316, R=0, W=0
T=19796, R=0, W=0
T=19183, R=0, W=0
T=19494, R=0, W=0
T=20331, R=0, W=0
T=20438, R=0, W=0
T=18701, R=0, W=0
T=18475, R=0, W=0
T=20129, R=0, W=0
T=21026, R=0, W=0
T=18238, R=0, W=0
T=19393, R=0, W=0
T=19924, R=0, W=0
T=19015, R=0, W=0
T=18643, R=0, W=0
T=20120, R=0, W=0
T=19918, R=0, W=0
T=20325, R=0, W=0
T=18082, R=0, W=0
T=18877, R=0, W=0
T=19977, R=0, W=0
T=20178, R=0, W=0
T=19697, R=0, W=0
T=18101, R=0, W=0
T=18845, R=0, W=0
T=20750, R=0, W=0
T=18334, R=0, W=0
T=19560, R=0, W=0
T=18708, R=0, W=0
T=19677, R=0, W=0
T=18420, R=0, W=0
T=19762, R=0, W=0
T=20056, R=0, W=0
T=21210, R=0, W=0
T=18505, R=0, W=0
T=20148, R=0, W=0
T=21027, R=0, W=0
T=20251, R=0, W=0
T=18486, R=0, W=0
T=20195, R=0, W=0
T=19168, R=0, W=0
T=20464, R=0, W=0
T=18425, R=0, W=0
T=17930, R=0, W=0
T=19577, R=0, W=0
T=20341, R=0, W=0
T=18464, R=0, W=0
T=19387, R=0, W=0
T=20436, R=0, W=0
T=19024, R=0, W=0
T=18556, R=0, W=0
T=19788, R=0, W=0
T=20303, R=0, W=0

TOTAL: T=4958833, R=0, W=0
--- 7299 MB collected in 2.367 secs (7.4% of total), longest GC took 0.145 secs
DATA gc:  total_k 7474818  total_secs 2.36694  max_secs 0.145364
