startup =       20000
elapsed =       10000
threads =       2
accounts =      128
init =          1000000
maxAmount =     10
readFreq =      0
writeFreq =     0
readThreads =   0
writeThreads =  0
disjointTrans = false
yieldALot =     false
flavour =       d

warming up
timed execution

TOTAL=1.28E8 [ 1001048.0 1001049.0 998784.0 999541.0 999135.0 1002412.0 997189.0 1001999.0 999007.0 998103.0 998787.0 998937.0 998447.0 998544.0 999042.0 1000695.0 995880.0 998646.0 1004060.0 1004677.0 996790.0 999254.0 1002097.0 1002255.0 998577.0 999688.0 1001433.0 999743.0 1000176.0 998789.0 998318.0 1004238.0 1001818.0 997523.0 1000161.0 1001445.0 1006387.0 1000067.0 1001363.0 1000500.0 998286.0 999370.0 998616.0 999741.0 999144.0 999998.0 999327.0 999562.0 1002070.0 1000267.0 1001677.0 1004530.0 995300.0 1000215.0 998168.0 1001755.0 996359.0 1001141.0 1001950.0 995432.0 999417.0 999742.0 1001221.0 996663.0 998262.0 998889.0 995562.0 1002127.0 999131.0 996769.0 996757.0 1001855.0 995657.0 1000411.0 1000388.0 999818.0 998501.0 1005625.0 1000117.0 1002626.0 1003132.0 998663.0 998882.0 998591.0 999486.0 1001569.0 997803.0 999678.0 998727.0 998996.0 1000043.0 1000925.0 1002024.0 998181.0 998053.0 995186.0 1002599.0 1001072.0 999526.0 1002239.0 1000676.0 998418.0 1000028.0 1000802.0 1004459.0 994031.0 1003173.0 1000199.0 1003247.0 997966.0 1000107.0 1001048.0 1001298.0 996174.0 1000247.0 1001994.0 1001940.0 1001523.0 999902.0 999742.0 1000314.0 1001452.0 1001064.0 999663.0 1002241.0 999360.0 1003082.0 1001425.0 ]

10017 actual elapsed

T=1383087, R=0, W=0
T=1393449, R=0, W=0

TOTAL: T=2776536, R=0, W=0
--- 2227 MB collected in 0.572 secs (1.8% of total), longest GC took 0.143 secs
DATA gc:  total_k 2281389  total_secs 0.571552  max_secs 0.143484
