startup =       20000
elapsed =       10000
threads =       2
accounts =      128
init =          1000000
maxAmount =     10
readFreq =      0
writeFreq =     0
readThreads =   0
writeThreads =  0
disjointTrans = false
yieldALot =     false
flavour =       t

warming up
timed execution

TOTAL=1.28000032E8 [ 1000187.0 1001043.0 1001857.0 1002264.0 996613.0 1003674.0 1002651.0 1000021.0 1000450.0 1000017.0 1002447.0 1001869.0 997372.0 997431.0 1001789.0 1001018.0 1001886.0 995813.0 999667.0 998648.0 1002582.0 999564.0 1001062.0 999585.0 998940.0 1000953.0 998292.0 999881.0 999039.0 1001103.0 1003539.0 1000240.0 999286.0 1000021.0 998498.0 998961.0 998351.0 997201.0 998008.0 1001654.0 998518.0 999829.0 998555.0 998538.0 998971.0 998930.0 1001547.0 997680.0 995831.0 1001974.0 997550.0 999226.0 997620.0 999518.0 1000039.0 1000212.0 999625.0 996280.0 1004623.0 997931.0 999035.0 999494.0 999485.0 998234.0 999569.0 1003344.0 998917.0 999937.0 998275.0 998564.0 1002189.0 1001216.0 999849.0 1000478.0 1002868.0 1004197.0 999936.0 998180.0 1003000.0 996634.0 998442.0 999100.0 997958.0 997184.0 1000549.0 1000197.0 996917.0 1002363.0 1002198.0 1002689.0 998180.0 1000597.0 1003595.0 999557.0 999717.0 998534.0 996757.0 1001456.0 1004532.0 999813.0 999641.0 1003388.0 996846.0 1000196.0 1000597.0 1000753.0 999406.0 998948.0 1002065.0 1001376.0 1000933.0 1004167.0 999028.0 1001574.0 997038.0 1001886.0 1000408.0 1000334.0 1001280.0 999320.0 996537.0 999542.0 998426.0 999010.0 1001352.0 1001281.0 1001696.0 1002762.0 ]

10018 actual elapsed

T=1126332, R=0, W=0
T=1117672, R=0, W=0

TOTAL: T=2244004, R=0, W=0
--- 2227 MB collected in 0.621 secs (2.0% of total), longest GC took 0.185 secs
DATA gc:  total_k 2281333  total_secs 0.620533  max_secs 0.185205
