startup =       20000
elapsed =       10000
threads =       64
accounts =      64
init =          1000000
maxAmount =     10
readFreq =      0
writeFreq =     0
readThreads =   0
writeThreads =  0
disjointTrans = false
yieldALot =     false
flavour =       d

warming up
timed execution

TOTAL=6.4000004E7 [ 996565.0 1001383.0 998735.0 1003101.0 1006403.0 1001776.0 1002095.0 1002849.0 998202.0 996891.0 1008710.0 995879.0 996523.0 1002597.0 997667.0 996742.0 995366.0 997409.0 1007513.0 1000877.0 995059.0 1001077.0 997234.0 1007283.0 1003039.0 996316.0 1003426.0 995943.0 1002523.0 1001036.0 997863.0 996703.0 1003757.0 1005018.0 1002311.0 1003914.0 1006669.0 998802.0 1004564.0 995991.0 1005249.0 994858.0 1010359.0 1002258.0 1002913.0 1001779.0 991682.0 1002166.0 1003125.0 992631.0 995240.0 997111.0 992981.0 1006581.0 997799.0 993549.0 994084.0 996750.0 996654.0 1005103.0 999073.0 997495.0 995458.0 999291.0 ]

10015 actual elapsed

T=92901, R=0, W=0
T=103358, R=0, W=0
T=105254, R=0, W=0
T=111648, R=0, W=0
T=92736, R=0, W=0
T=104621, R=0, W=0
T=103819, R=0, W=0
T=112041, R=0, W=0
T=92920, R=0, W=0
T=103604, R=0, W=0
T=106012, R=0, W=0
T=112245, R=0, W=0
T=92317, R=0, W=0
T=103905, R=0, W=0
T=105230, R=0, W=0
T=112959, R=0, W=0
T=92106, R=0, W=0
T=60198, R=0, W=0
T=55310, R=0, W=0
T=112296, R=0, W=0
T=92370, R=0, W=0
T=104401, R=0, W=0
T=105567, R=0, W=0
T=110931, R=0, W=0
T=92411, R=0, W=0
T=104260, R=0, W=0
T=105442, R=0, W=0
T=112898, R=0, W=0
T=92384, R=0, W=0
T=103228, R=0, W=0
T=104884, R=0, W=0
T=111820, R=0, W=0
T=92099, R=0, W=0
T=103015, R=0, W=0
T=104955, R=0, W=0
T=110406, R=0, W=0
T=92429, R=0, W=0
T=103749, R=0, W=0
T=105235, R=0, W=0
T=111638, R=0, W=0
T=90766, R=0, W=0
T=103981, R=0, W=0
T=105511, R=0, W=0
T=111912, R=0, W=0
T=92429, R=0, W=0
T=102868, R=0, W=0
T=106129, R=0, W=0
T=110963, R=0, W=0
T=91106, R=0, W=0
T=54873, R=0, W=0
T=106117, R=0, W=0
T=112170, R=0, W=0
T=92556, R=0, W=0
T=104404, R=0, W=0
T=105131, R=0, W=0
T=112013, R=0, W=0
T=92328, R=0, W=0
T=103562, R=0, W=0
T=106647, R=0, W=0
T=111863, R=0, W=0
T=92863, R=0, W=0
T=104528, R=0, W=0
T=104841, R=0, W=0
T=91885, R=0, W=0

TOTAL: T=6451048, R=0, W=0
--- 8270 MB collected in 1.888 secs (5.9% of total), longest GC took 0.167 secs
DATA gc:  total_k 8468711  total_secs 1.8877  max_secs 0.167292
