startup =       20000
elapsed =       10000
threads =       2
accounts =      128
init =          1000000
maxAmount =     10
readFreq =      0
writeFreq =     0
readThreads =   0
writeThreads =  0
disjointTrans = false
yieldALot =     false
flavour =       rfw

warming up
timed execution

TOTAL=1.27999968E8 [ 997910.0 998826.0 998938.0 1000607.0 997786.0 1001402.0 999655.0 1001736.0 1001508.0 996841.0 1002118.0 1004390.0 1000856.0 1000489.0 999495.0 999093.0 996806.0 999342.0 999045.0 1002091.0 1001005.0 999329.0 1001763.0 1002772.0 999150.0 1001014.0 999758.0 1002673.0 1000597.0 1003990.0 1000996.0 1000601.0 998505.0 998481.0 1001548.0 1000863.0 999845.0 1002751.0 1001766.0 996338.0 999274.0 1001451.0 998850.0 1000585.0 1001826.0 1005303.0 999650.0 996745.0 1000680.0 1004851.0 997976.0 1003728.0 996937.0 1002892.0 1002048.0 997685.0 998397.0 997329.0 998232.0 998119.0 998217.0 1002876.0 1003981.0 1000793.0 998976.0 996990.0 999488.0 1000163.0 1001384.0 1000521.0 1000684.0 997168.0 1001025.0 998985.0 1000138.0 998357.0 1001207.0 994229.0 999851.0 1000174.0 1002065.0 997725.0 1003814.0 1002458.0 1000335.0 995541.0 996491.0 999682.0 1002382.0 998515.0 1002512.0 997448.0 1001842.0 1001086.0 999657.0 999522.0 997670.0 1000844.0 1000198.0 999179.0 1002375.0 1000115.0 993844.0 998181.0 998802.0 996408.0 1001316.0 1004345.0 999085.0 1001519.0 1002216.0 997532.0 995250.0 999768.0 995711.0 1002227.0 1000674.0 1001076.0 999124.0 1003191.0 1000939.0 999710.0 1003707.0 996560.0 998626.0 1000140.0 999313.0 998836.0 ]

10018 actual elapsed

T=1278059, R=0, W=0
T=1268953, R=0, W=0

TOTAL: T=2547012, R=0, W=0
--- 2227 MB collected in 0.589 secs (2.0% of total), longest GC took 0.143 secs
DATA gc:  total_k 2281389  total_secs 0.589019  max_secs 0.143359
