startup =       20000
elapsed =       10000
threads =       2
accounts =      2
init =          1000000
maxAmount =     10
readFreq =      0
writeFreq =     0
readThreads =   0
writeThreads =  0
disjointTrans = false
yieldALot =     false
flavour =       rfw

warming up
timed execution

TOTAL=2000000.0 [ 994197.0 1005803.0 ]

10013 actual elapsed

T=697664, R=0, W=0
T=703285, R=0, W=0

TOTAL: T=1400949, R=0, W=0
--- 1289 MB collected in 0.321 secs (1.0% of total), longest GC took 0.153 secs
DATA gc:  total_k 1320192  total_secs 0.320806  max_secs 0.153044
