Number of accounts  = 2
Initial amount      = 100000.0
Maximal transfer    = 10
Read-all frequency  = 0%
Write-all frequency = 0%
Read-all threads    = 0
Write-all threads   = 0
Disjoint            = false
Yield               = false

Starting threads... 0
End of warmup phase... 0
End of test phase... 0
Waiting for threads to finish...
All threads returned successfully
RESULTS:

  Warmup duration (ms) = 20004
  Test duration (ms)   = 10009
  Nb iterations        = 2126266
  Stats                = T=2126266, R=0, W=0, TOTAL=200000 [ 0=108609.0 1=91391.0 ]
    0 : 2126266 (T=2126266, R=0, W=0)
--- 1027 MB collected in 0.203 secs (0.8% of total), longest GC took 0.132 secs
DATA gc:  total_k 1052192  total_secs 0.203417  max_secs 0.131851
