TL2CM Initialized:
Contention Manager: Polka busy-waiting [C=10]
Number of accounts  = 128
Initial amount      = 100000.0
Maximal transfer    = 10
Read-all frequency  = 0%
Write-all frequency = 0%
Read-all threads    = 0
Write-all threads   = 0
Disjoint            = false
Yield               = false

Starting threads... 0 1
End of warmup phase... 0 1
End of test phase... 0 1
Waiting for threads to finish...
All threads returned successfully
RESULTS:

  Warmup duration (ms) = 20009
  Test duration (ms)   = 10009
  Nb iterations        = 1140691
  Stats                = T=1140691, R=0, W=0, TOTAL=12801218 [ 0=98006.0 1=98524.0 2=101218.0 3=99142.0 4=100500.0 5=98682.0 6=99541.0 7=97467.0 8=100774.0 9=101306.0 10=99395.0 11=99611.0 12=100964.0 13=100731.0 14=98050.0 15=98465.0 16=99439.0 17=100788.0 18=99738.0 19=101315.0 20=100689.0 21=97231.0 22=101401.0 23=100874.0 24=99251.0 25=100413.0 26=95395.0 27=100031.0 28=99837.0 29=99998.0 30=99587.0 31=102405.0 32=101812.0 33=101067.0 34=100232.0 35=100886.0 36=101199.0 37=101649.0 38=98988.0 39=98439.0 40=100738.0 41=101205.0 42=101070.0 43=99187.0 44=102459.0 45=98232.0 46=101543.0 47=100023.0 48=100370.0 49=97693.0 50=100119.0 51=100851.0 52=99211.0 53=100852.0 54=99429.0 55=99664.0 56=99144.0 57=99993.0 58=100114.0 59=98563.0 60=99928.0 61=101006.0 62=101662.0 63=101774.0 64=100138.0 65=98694.0 66=99274.0 67=98410.0 68=98695.0 69=101571.0 70=101286.0 71=99049.0 72=99177.0 73=102243.0 74=99683.0 75=102152.0 76=101515.0 77=100269.0 78=100286.0 79=101043.0 80=103952.0 81=101355.0 82=101495.0 83=101323.0 84=101191.0 85=99392.0 86=99207.0 87=99343.0 88=97938.0 89=98535.0 90=101087.0 91=99231.0 92=99208.0 93=102472.0 94=101689.0 95=98873.0 96=102364.0 97=97956.0 98=98397.0 99=100473.0 100=98429.0 101=102803.0 102=100241.0 103=102098.0 104=99684.0 105=100111.0 106=100460.0 107=98992.0 108=100749.0 109=100902.0 110=98865.0 111=96267.0 112=98516.0 113=100073.0 114=100981.0 115=97381.0 116=99091.0 117=98974.0 118=99449.0 119=97020.0 120=100086.0 121=99908.0 122=102105.0 123=99922.0 124=99079.0 125=100775.0 126=99254.0 127=100167.0 ]
    0 : 573786 (T=573786, R=0, W=0)
    1 : 566905 (T=566905, R=0, W=0)
--- 1022 MB collected in 0.349 secs (1.3% of total), longest GC took 0.135 secs
DATA gc:  total_k 1047368  total_secs 0.34936  max_secs 0.13498
