Number of accounts  = 16
Initial amount      = 100000.0
Maximal transfer    = 10
Read-all frequency  = 0%
Write-all frequency = 0%
Read-all threads    = 0
Write-all threads   = 0
Disjoint            = false
Yield               = false

Starting threads... 0 1 2 3 4 5 6 7 8 9 10 11 12 13 14 15
End of warmup phase... 0 1 2 3 4 5 6 7 8 9 10 11 12 13 14 15
End of test phase... 0 1 2 3 4 5 6 7 8 9 10 11 12 13 14 15
Waiting for threads to finish...
All threads returned successfully
RESULTS:

  Warmup duration (ms) = 20002
  Test duration (ms)   = 10008
  Nb iterations        = 4345817
  Stats                = T=4345817, R=0, W=0, TOTAL=1600000 [ 0=114871.0 1=100298.0 2=96733.0 3=94078.0 4=86944.0 5=101587.0 6=112482.0 7=92708.0 8=92580.0 9=104689.0 10=107367.0 11=98372.0 12=97505.0 13=86625.0 14=105688.0 15=107473.0 ]
    0 : 281530 (T=281530, R=0, W=0)
    1 : 285425 (T=285425, R=0, W=0)
    2 : 298766 (T=298766, R=0, W=0)
    3 : 286422 (T=286422, R=0, W=0)
    4 : 240569 (T=240569, R=0, W=0)
    5 : 257963 (T=257963, R=0, W=0)
    6 : 258948 (T=258948, R=0, W=0)
    7 : 244564 (T=244564, R=0, W=0)
    8 : 233671 (T=233671, R=0, W=0)
    9 : 248950 (T=248950, R=0, W=0)
    10 : 296536 (T=296536, R=0, W=0)
    11 : 237191 (T=237191, R=0, W=0)
    12 : 292155 (T=292155, R=0, W=0)
    13 : 288108 (T=288108, R=0, W=0)
    14 : 297560 (T=297560, R=0, W=0)
    15 : 297459 (T=297459, R=0, W=0)
--- 9134 MB collected in 0.966 secs (3.1% of total), longest GC took 0.177 secs
DATA gc:  total_k 9353688  total_secs 0.965941  max_secs 0.177281
