TL2CM Initialized:
Contention Manager: Polka busy-waiting [C=10]
Number of accounts  = 32
Initial amount      = 100000.0
Maximal transfer    = 10
Read-all frequency  = 0%
Write-all frequency = 0%
Read-all threads    = 0
Write-all threads   = 0
Disjoint            = false
Yield               = false

Starting threads... 0 1 2 3 4 5 6 7 8 9 10 11 12 13 14 15 16 17 18 19 20 21 22 23 24 25 26 27 28 29 30 31
End of warmup phase... 0 1 2 3 4 5 6 7 8 9 10 11 12 13 14 15 16 17 18 19 20 21 22 23 24 25 26 27 28 29 30 31
End of test phase... 0 1 2 3 4 5 6 7 8 9 10 11 12 13 14 15 16 17 18 19 20 21 22 23 24 25 26 27 28 29 30 31
Waiting for threads to finish...
All threads returned successfully
RESULTS:

  Warmup duration (ms) = 20006
  Test duration (ms)   = 10005
  Nb iterations        = 3500775
  Stats                = T=3500775, R=0, W=0, TOTAL=3527365 [ 0=102488.0 1=103252.0 2=107648.0 3=106393.0 4=101363.0 5=106684.0 6=97891.0 7=108655.0 8=102616.0 9=102643.0 10=104730.0 11=107699.0 12=176167.0 13=111359.0 14=102926.0 15=116774.0 16=100284.0 17=101229.0 18=103160.0 19=108144.0 20=104400.0 21=114904.0 22=101770.0 23=107851.0 24=106711.0 25=102199.0 26=119698.0 27=97644.0 28=112333.0 29=167991.0 30=109435.0 31=110324.0 ]
    0 : 107034 (T=107034, R=0, W=0)
    1 : 115579 (T=115579, R=0, W=0)
    2 : 104507 (T=104507, R=0, W=0)
    3 : 105662 (T=105662, R=0, W=0)
    4 : 108740 (T=108740, R=0, W=0)
    5 : 117626 (T=117626, R=0, W=0)
    6 : 102080 (T=102080, R=0, W=0)
    7 : 117478 (T=117478, R=0, W=0)
    8 : 107596 (T=107596, R=0, W=0)
    9 : 115910 (T=115910, R=0, W=0)
    10 : 101270 (T=101270, R=0, W=0)
    11 : 104247 (T=104247, R=0, W=0)
    12 : 114705 (T=114705, R=0, W=0)
    13 : 112297 (T=112297, R=0, W=0)
    14 : 108167 (T=108167, R=0, W=0)
    15 : 131557 (T=131557, R=0, W=0)
    16 : 106498 (T=106498, R=0, W=0)
    17 : 106716 (T=106716, R=0, W=0)
    18 : 98074 (T=98074, R=0, W=0)
    19 : 113817 (T=113817, R=0, W=0)
    20 : 104251 (T=104251, R=0, W=0)
    21 : 107081 (T=107081, R=0, W=0)
    22 : 98235 (T=98235, R=0, W=0)
    23 : 120547 (T=120547, R=0, W=0)
    24 : 116765 (T=116765, R=0, W=0)
    25 : 99388 (T=99388, R=0, W=0)
    26 : 105257 (T=105257, R=0, W=0)
    27 : 92703 (T=92703, R=0, W=0)
    28 : 108319 (T=108319, R=0, W=0)
    29 : 111238 (T=111238, R=0, W=0)
    30 : 113386 (T=113386, R=0, W=0)
    31 : 124045 (T=124045, R=0, W=0)
--- 5868 MB collected in 0.853 secs (2.8% of total), longest GC took 0.158 secs
DATA gc:  total_k 6009243  total_secs 0.85331  max_secs 0.157569
