Number of accounts  = 512
Initial amount      = 100000.0
Maximal transfer    = 10
Read-all frequency  = 0%
Write-all frequency = 0%
Read-all threads    = 0
Write-all threads   = 0
Disjoint            = false
Yield               = false

Starting threads... 0 1 2 3 4 5 6 7
End of warmup phase... 0 1 2 3 4 5 6 7
End of test phase... 0 1 2 3 4 5 6 7
Waiting for threads to finish...
All threads returned successfully
RESULTS:

  Warmup duration (ms) = 3129745
  Test duration (ms)   = 10008
  Nb iterations        = 5478226
  Stats                = T=5478226, R=0, W=0, TOTAL=51199940 [ 0=98860.0 1=97239.0 2=100353.0 3=99314.0 4=98662.0 5=99812.0 6=98053.0 7=102650.0 8=99798.0 9=100035.0 10=98871.0 11=100539.0 12=99317.0 13=100009.0 14=99044.0 15=99896.0 16=99068.0 17=100877.0 18=100345.0 19=98349.0 20=101572.0 21=101165.0 22=99182.0 23=98045.0 24=99793.0 25=102545.0 26=101397.0 27=99864.0 28=101921.0 29=100701.0 30=100370.0 31=98514.0 32=101641.0 33=101980.0 34=100931.0 35=98977.0 36=98446.0 37=99963.0 38=101365.0 39=99455.0 40=99811.0 41=99780.0 42=102732.0 43=100394.0 44=100419.0 45=99693.0 46=101914.0 47=100895.0 48=100575.0 49=99901.0 50=99071.0 51=100503.0 52=99515.0 53=98986.0 54=99231.0 55=100504.0 56=101431.0 57=98037.0 58=99122.0 59=98576.0 60=99216.0 61=101171.0 62=101713.0 63=101001.0 64=99707.0 65=98406.0 66=99667.0 67=97036.0 68=97306.0 69=102045.0 70=100196.0 71=100620.0 72=99347.0 73=97358.0 74=102707.0 75=96924.0 76=100645.0 77=101928.0 78=98939.0 79=99748.0 80=99146.0 81=99635.0 82=100977.0 83=100379.0 84=100360.0 85=99900.0 86=100661.0 87=99931.0 88=104114.0 89=97383.0 90=100966.0 91=102003.0 92=102256.0 93=98937.0 94=100764.0 95=99868.0 96=98359.0 97=101248.0 98=101146.0 99=100025.0 100=100326.0 101=98737.0 102=100842.0 103=98689.0 104=102831.0 105=100060.0 106=100491.0 107=101034.0 108=102650.0 109=100894.0 110=100912.0 111=101604.0 112=101600.0 113=99138.0 114=96314.0 115=99621.0 116=101431.0 117=98595.0 118=101402.0 119=100145.0 120=99717.0 121=98394.0 122=102626.0 123=100850.0 124=101998.0 125=101705.0 126=97936.0 127=99659.0 128=101169.0 129=99259.0 130=99775.0 131=99979.0 132=101044.0 133=100514.0 134=98386.0 135=102323.0 136=98048.0 137=101091.0 138=102274.0 139=100965.0 140=99828.0 141=97937.0 142=101434.0 143=100322.0 144=100994.0 145=99737.0 146=99768.0 147=101419.0 148=98931.0 149=101518.0 150=98322.0 151=99740.0 152=98861.0 153=99403.0 154=98848.0 155=100514.0 156=101275.0 157=101485.0 158=98562.0 159=99351.0 160=99534.0 161=99022.0 162=98701.0 163=100657.0 164=99952.0 165=100030.0 166=99355.0 167=102296.0 168=100475.0 169=98390.0 170=100661.0 171=101338.0 172=99244.0 173=99464.0 174=99682.0 175=99892.0 176=100311.0 177=98245.0 178=100904.0 179=97635.0 180=99834.0 181=100686.0 182=99661.0 183=102006.0 184=100929.0 185=101258.0 186=100072.0 187=98344.0 188=97441.0 189=99788.0 190=100515.0 191=100141.0 192=102601.0 193=100115.0 194=96693.0 195=98603.0 196=97798.0 197=103408.0 198=96260.0 199=101799.0 200=98765.0 201=101856.0 202=103245.0 203=100255.0 204=97068.0 205=98677.0 206=99540.0 207=99192.0 208=101398.0 209=101119.0 210=100011.0 211=99997.0 212=100162.0 213=103752.0 214=99969.0 215=99163.0 216=98957.0 217=102104.0 218=100035.0 219=98007.0 220=101556.0 221=99418.0 222=98654.0 223=98963.0 224=101768.0 225=100871.0 226=98212.0 227=99465.0 228=95798.0 229=99806.0 230=100629.0 231=96390.0 232=96323.0 233=99223.0 234=101726.0 235=100751.0 236=99978.0 237=100408.0 238=96620.0 239=101004.0 240=99166.0 241=99307.0 242=98751.0 243=101765.0 244=101072.0 245=100561.0 246=100277.0 247=100563.0 248=103631.0 249=103863.0 250=99778.0 251=100148.0 252=99375.0 253=98670.0 254=101114.0 255=99189.0 256=99683.0 257=98905.0 258=99946.0 259=102760.0 260=99502.0 261=99456.0 262=99316.0 263=98704.0 264=102139.0 265=99124.0 266=99889.0 267=101929.0 268=100060.0 269=101174.0 270=99587.0 271=100513.0 272=100628.0 273=99556.0 274=99028.0 275=98740.0 276=100837.0 277=97522.0 278=98249.0 279=100325.0 280=99085.0 281=97314.0 282=101633.0 283=98480.0 284=101221.0 285=99220.0 286=98174.0 287=99507.0 288=98940.0 289=99328.0 290=100770.0 291=99873.0 292=99802.0 293=99093.0 294=99189.0 295=97279.0 296=98379.0 297=103161.0 298=100428.0 299=98713.0 300=98830.0 301=99658.0 302=97912.0 303=102528.0 304=100198.0 305=99117.0 306=100364.0 307=100976.0 308=97818.0 309=99348.0 310=102323.0 311=101244.0 312=102447.0 313=99951.0 314=97682.0 315=99931.0 316=98217.0 317=102046.0 318=97789.0 319=99762.0 320=99951.0 321=101696.0 322=100801.0 323=98753.0 324=96938.0 325=98913.0 326=101793.0 327=101598.0 328=99685.0 329=100046.0 330=100425.0 331=98453.0 332=100308.0 333=102455.0 334=99523.0 335=102527.0 336=100290.0 337=99845.0 338=99945.0 339=98829.0 340=97169.0 341=104266.0 342=100518.0 343=99724.0 344=101424.0 345=102426.0 346=97797.0 347=100133.0 348=98052.0 349=97967.0 350=99620.0 351=97459.0 352=99279.0 353=103514.0 354=102012.0 355=97412.0 356=99995.0 357=99656.0 358=100318.0 359=98617.0 360=98716.0 361=100378.0 362=100575.0 363=97871.0 364=100922.0 365=100427.0 366=100612.0 367=100087.0 368=100856.0 369=99383.0 370=100151.0 371=98958.0 372=99798.0 373=99750.0 374=103100.0 375=100665.0 376=99359.0 377=99697.0 378=99904.0 379=101387.0 380=100123.0 381=103745.0 382=101178.0 383=101621.0 384=101256.0 385=100388.0 386=100912.0 387=98400.0 388=99642.0 389=100689.0 390=99941.0 391=99002.0 392=100872.0 393=99734.0 394=98568.0 395=98331.0 396=95614.0 397=100252.0 398=101439.0 399=103539.0 400=99876.0 401=98320.0 402=99713.0 403=96744.0 404=98537.0 405=98371.0 406=100385.0 407=99714.0 408=99658.0 409=100920.0 410=99201.0 411=100184.0 412=100868.0 413=101365.0 414=97217.0 415=100887.0 416=96122.0 417=100168.0 418=98009.0 419=101103.0 420=100160.0 421=98928.0 422=99682.0 423=101133.0 424=100106.0 425=99044.0 426=98429.0 427=97613.0 428=101327.0 429=98852.0 430=97043.0 431=99476.0 432=100667.0 433=98583.0 434=100745.0 435=98907.0 436=102150.0 437=101286.0 438=98728.0 439=100391.0 440=99764.0 441=100857.0 442=101427.0 443=99565.0 444=99282.0 445=98828.0 446=97355.0 447=98587.0 448=98687.0 449=100290.0 450=102232.0 451=100164.0 452=101320.0 453=100816.0 454=99132.0 455=101978.0 456=98335.0 457=98900.0 458=101555.0 459=102085.0 460=100322.0 461=100815.0 462=98245.0 463=103049.0 464=98023.0 465=98145.0 466=101971.0 467=99122.0 468=99449.0 469=96445.0 470=99704.0 471=99769.0 472=99693.0 473=100420.0 474=101848.0 475=100282.0 476=99718.0 477=102040.0 478=102058.0 479=101691.0 480=101206.0 481=99905.0 482=99940.0 483=102276.0 484=98638.0 485=102072.0 486=100461.0 487=98464.0 488=100080.0 489=100310.0 490=99913.0 491=101892.0 492=100477.0 493=100518.0 494=100426.0 495=101156.0 496=99178.0 497=101237.0 498=100527.0 499=101926.0 500=97513.0 501=102291.0 502=101020.0 503=99139.0 504=101747.0 505=99397.0 506=100338.0 507=97961.0 508=102207.0 509=102439.0 510=98898.0 511=99701.0 ]
    0 : 812826 (T=812826, R=0, W=0)
    1 : 0 (T=0, R=0, W=0)
    2 : 771698 (T=771698, R=0, W=0)
    3 : 763109 (T=763109, R=0, W=0)
    4 : 768437 (T=768437, R=0, W=0)
    5 : 794183 (T=794183, R=0, W=0)
    6 : 800321 (T=800321, R=0, W=0)
    7 : 767652 (T=767652, R=0, W=0)
--- 1830 MB collected in 0.700 secs (0.0% of total), longest GC took 0.241 secs
DATA gc:  total_k 1874323  total_secs 0.700449  max_secs 0.241212
