Number of accounts  = 8
Initial amount      = 100000.0
Maximal transfer    = 10
Read-all frequency  = 0%
Write-all frequency = 0%
Read-all threads    = 0
Write-all threads   = 0
Disjoint            = false
Yield               = false

Starting threads... 0 1 2 3 4 5 6 7
End of warmup phase... 0 1 2 3 4 5 6 7
End of test phase... 0 1 2 3 4 5 6 7
Waiting for threads to finish...
All threads returned successfully
RESULTS:

  Warmup duration (ms) = 20004
  Test duration (ms)   = 10008
  Nb iterations        = 339578
  Stats                = T=339578, R=0, W=0, TOTAL=800000 [ 0=99184.0 1=99618.0 2=97531.0 3=101184.0 4=97034.0 5=100548.0 6=100502.0 7=104399.0 ]
    0 : 34272 (T=34272, R=0, W=0)
    1 : 49949 (T=49949, R=0, W=0)
    2 : 47005 (T=47005, R=0, W=0)
    3 : 38050 (T=38050, R=0, W=0)
    4 : 35874 (T=35874, R=0, W=0)
    5 : 32937 (T=32937, R=0, W=0)
    6 : 56622 (T=56622, R=0, W=0)
    7 : 44869 (T=44869, R=0, W=0)
--- 8980 MB collected in 1.044 secs (3.4% of total), longest GC took 0.186 secs
DATA gc:  total_k 9195856  total_secs 1.04391  max_secs 0.185519
