Number of accounts  = 256
Initial amount      = 100000.0
Maximal transfer    = 10
Read-all frequency  = 0%
Write-all frequency = 0%
Read-all threads    = 0
Write-all threads   = 0
Disjoint            = false
Yield               = false

Starting threads... 0 1 2 3
End of warmup phase... 0 1 2 3
End of test phase... 0 1 2 3
Waiting for threads to finish...
All threads returned successfully
RESULTS:

  Warmup duration (ms) = 20001
  Test duration (ms)   = 10009
  Nb iterations        = 3309071
  Stats                = T=3309071, R=0, W=0, TOTAL=25599988 [ 0=100866.0 1=99672.0 2=96777.0 3=102700.0 4=98475.0 5=101011.0 6=99227.0 7=102362.0 8=99049.0 9=102964.0 10=104451.0 11=99128.0 12=100823.0 13=99555.0 14=99020.0 15=100710.0 16=97895.0 17=100653.0 18=102624.0 19=98615.0 20=101462.0 21=98092.0 22=101448.0 23=97760.0 24=99902.0 25=100852.0 26=98264.0 27=98191.0 28=100647.0 29=99369.0 30=99347.0 31=97248.0 32=98234.0 33=100083.0 34=102560.0 35=105294.0 36=101364.0 37=100395.0 38=97517.0 39=99833.0 40=98669.0 41=98539.0 42=97420.0 43=99554.0 44=100022.0 45=97190.0 46=100359.0 47=99672.0 48=98356.0 49=97655.0 50=97101.0 51=100315.0 52=97750.0 53=99123.0 54=100208.0 55=100697.0 56=101131.0 57=99157.0 58=102109.0 59=102297.0 60=100669.0 61=100231.0 62=99430.0 63=100016.0 64=101100.0 65=100507.0 66=99579.0 67=101586.0 68=99997.0 69=100331.0 70=100196.0 71=99431.0 72=102710.0 73=102320.0 74=99533.0 75=98937.0 76=97575.0 77=97414.0 78=102888.0 79=103596.0 80=100413.0 81=99557.0 82=100113.0 83=99129.0 84=100145.0 85=98474.0 86=98996.0 87=97442.0 88=99942.0 89=102401.0 90=98834.0 91=98373.0 92=99413.0 93=100049.0 94=100219.0 95=99829.0 96=101444.0 97=97061.0 98=99264.0 99=98560.0 100=101140.0 101=103373.0 102=96901.0 103=100693.0 104=101554.0 105=101193.0 106=97684.0 107=103501.0 108=100420.0 109=99023.0 110=100229.0 111=100435.0 112=101558.0 113=99535.0 114=98822.0 115=100539.0 116=95343.0 117=102207.0 118=98879.0 119=100109.0 120=99140.0 121=101453.0 122=99702.0 123=101789.0 124=99427.0 125=99357.0 126=99007.0 127=99001.0 128=99812.0 129=101302.0 130=98540.0 131=101261.0 132=99745.0 133=100927.0 134=98668.0 135=100211.0 136=100948.0 137=98167.0 138=98979.0 139=100948.0 140=96455.0 141=102341.0 142=98729.0 143=100462.0 144=100217.0 145=97471.0 146=103749.0 147=98119.0 148=98861.0 149=98963.0 150=100061.0 151=103411.0 152=100962.0 153=100552.0 154=98536.0 155=100204.0 156=100588.0 157=97898.0 158=99905.0 159=101267.0 160=103251.0 161=98970.0 162=101078.0 163=103396.0 164=98941.0 165=100256.0 166=101282.0 167=100718.0 168=96867.0 169=99880.0 170=101872.0 171=95131.0 172=99697.0 173=101029.0 174=101096.0 175=100132.0 176=99899.0 177=96811.0 178=99544.0 179=100005.0 180=100501.0 181=99250.0 182=103470.0 183=100687.0 184=101230.0 185=98875.0 186=103177.0 187=99694.0 188=100347.0 189=97807.0 190=99209.0 191=97469.0 192=99554.0 193=101049.0 194=99633.0 195=99561.0 196=100329.0 197=100184.0 198=100488.0 199=99792.0 200=100504.0 201=101129.0 202=100977.0 203=101026.0 204=100520.0 205=98971.0 206=99427.0 207=102435.0 208=98605.0 209=100101.0 210=102109.0 211=98627.0 212=97897.0 213=100506.0 214=99415.0 215=100352.0 216=100403.0 217=99837.0 218=101916.0 219=98723.0 220=103172.0 221=101356.0 222=99303.0 223=100852.0 224=98857.0 225=98391.0 226=97747.0 227=97379.0 228=99289.0 229=101007.0 230=102202.0 231=99048.0 232=97643.0 233=101589.0 234=97485.0 235=100589.0 236=101102.0 237=99012.0 238=101194.0 239=101791.0 240=99693.0 241=101350.0 242=100731.0 243=100342.0 244=100932.0 245=99217.0 246=97482.0 247=98855.0 248=98179.0 249=98717.0 250=101294.0 251=103357.0 252=99442.0 253=103219.0 254=102644.0 255=100157.0 ]
    0 : 834569 (T=834569, R=0, W=0)
    1 : 832613 (T=832613, R=0, W=0)
    2 : 821642 (T=821642, R=0, W=0)
    3 : 820247 (T=820247, R=0, W=0)
--- 1025 MB collected in 0.339 secs (1.1% of total), longest GC took 0.164 secs
DATA gc:  total_k 1050168  total_secs 0.338744  max_secs 0.164021
