Number of accounts  = 512
Initial amount      = 100000.0
Maximal transfer    = 10
Read-all frequency  = 0%
Write-all frequency = 0%
Read-all threads    = 0
Write-all threads   = 0
Disjoint            = false
Yield               = false

Starting threads... 0 1 2 3 4 5 6 7
End of warmup phase... 0 1 2 3 4 5 6 7
End of test phase... 0 1 2 3 4 5 6 7
Waiting for threads to finish...
All threads returned successfully
RESULTS:

  Warmup duration (ms) = 20010
  Test duration (ms)   = 10008
  Nb iterations        = 10588183
  Stats                = T=10588183, R=0, W=0, TOTAL=51199980 [ 0=100979.0 1=102780.0 2=97660.0 3=100306.0 4=102716.0 5=99921.0 6=101436.0 7=99067.0 8=102828.0 9=97345.0 10=101755.0 11=100914.0 12=98281.0 13=99362.0 14=101467.0 15=98764.0 16=101151.0 17=99905.0 18=99173.0 19=102933.0 20=100313.0 21=94654.0 22=100306.0 23=100793.0 24=99033.0 25=98739.0 26=100992.0 27=100494.0 28=96757.0 29=102124.0 30=101436.0 31=97607.0 32=102410.0 33=102795.0 34=98989.0 35=102656.0 36=97243.0 37=101796.0 38=101091.0 39=98662.0 40=101535.0 41=101627.0 42=99618.0 43=95746.0 44=94249.0 45=97224.0 46=100377.0 47=101702.0 48=102239.0 49=101867.0 50=98712.0 51=102835.0 52=95707.0 53=99631.0 54=101339.0 55=102635.0 56=99009.0 57=97225.0 58=100234.0 59=98140.0 60=99918.0 61=99373.0 62=99175.0 63=97525.0 64=96703.0 65=99283.0 66=100031.0 67=102377.0 68=106004.0 69=100451.0 70=100852.0 71=97283.0 72=100219.0 73=99146.0 74=101591.0 75=98788.0 76=99273.0 77=98916.0 78=97934.0 79=97772.0 80=101811.0 81=102654.0 82=96368.0 83=100608.0 84=99242.0 85=96158.0 86=104511.0 87=102861.0 88=98540.0 89=99795.0 90=102413.0 91=100042.0 92=100167.0 93=99904.0 94=102439.0 95=98034.0 96=98151.0 97=99069.0 98=98808.0 99=102356.0 100=103423.0 101=98971.0 102=96875.0 103=99311.0 104=103430.0 105=102081.0 106=103087.0 107=99245.0 108=100919.0 109=98738.0 110=99547.0 111=103651.0 112=100933.0 113=98748.0 114=101084.0 115=101434.0 116=99146.0 117=98974.0 118=100339.0 119=102607.0 120=98707.0 121=98849.0 122=100004.0 123=97794.0 124=98170.0 125=97521.0 126=99590.0 127=99351.0 128=99107.0 129=100657.0 130=99191.0 131=100679.0 132=97071.0 133=102433.0 134=97955.0 135=101377.0 136=99623.0 137=102800.0 138=100396.0 139=101817.0 140=99516.0 141=106219.0 142=101682.0 143=102798.0 144=102352.0 145=102642.0 146=100642.0 147=98635.0 148=98674.0 149=96021.0 150=102121.0 151=102896.0 152=98089.0 153=97362.0 154=97262.0 155=99158.0 156=100070.0 157=101390.0 158=101184.0 159=98593.0 160=98104.0 161=100291.0 162=101081.0 163=98748.0 164=98399.0 165=102397.0 166=98024.0 167=97435.0 168=100555.0 169=99344.0 170=101177.0 171=98028.0 172=97858.0 173=101331.0 174=102678.0 175=98880.0 176=99855.0 177=99174.0 178=100664.0 179=98693.0 180=99590.0 181=101199.0 182=97252.0 183=100566.0 184=100566.0 185=102507.0 186=97267.0 187=98937.0 188=99820.0 189=97273.0 190=97442.0 191=98730.0 192=100278.0 193=100466.0 194=99931.0 195=101505.0 196=103526.0 197=98710.0 198=100088.0 199=97927.0 200=98382.0 201=93610.0 202=98907.0 203=96609.0 204=100878.0 205=101677.0 206=98197.0 207=100198.0 208=100547.0 209=99874.0 210=100335.0 211=100612.0 212=96655.0 213=100213.0 214=98724.0 215=100741.0 216=100098.0 217=100296.0 218=98209.0 219=105396.0 220=98980.0 221=97027.0 222=97525.0 223=98898.0 224=103477.0 225=99669.0 226=99984.0 227=96831.0 228=99975.0 229=98607.0 230=102394.0 231=99960.0 232=97361.0 233=105614.0 234=105019.0 235=98805.0 236=99814.0 237=98774.0 238=101117.0 239=100588.0 240=99603.0 241=99721.0 242=102019.0 243=96228.0 244=101460.0 245=101401.0 246=102769.0 247=97457.0 248=98826.0 249=97142.0 250=99573.0 251=98631.0 252=96020.0 253=98881.0 254=101488.0 255=96600.0 256=100757.0 257=99768.0 258=100062.0 259=95522.0 260=104222.0 261=103015.0 262=99771.0 263=102367.0 264=102997.0 265=98042.0 266=96576.0 267=99746.0 268=99869.0 269=101619.0 270=98420.0 271=99913.0 272=104329.0 273=99701.0 274=100939.0 275=101627.0 276=102811.0 277=102374.0 278=104322.0 279=105284.0 280=100446.0 281=98867.0 282=103809.0 283=101865.0 284=99234.0 285=100760.0 286=101662.0 287=97812.0 288=102631.0 289=97687.0 290=96708.0 291=101631.0 292=95765.0 293=96943.0 294=95990.0 295=101155.0 296=100892.0 297=101184.0 298=96745.0 299=98671.0 300=99080.0 301=101519.0 302=99979.0 303=95501.0 304=98025.0 305=95918.0 306=101800.0 307=96888.0 308=101148.0 309=97119.0 310=98688.0 311=101574.0 312=97934.0 313=102880.0 314=100028.0 315=100785.0 316=98909.0 317=101491.0 318=100449.0 319=99450.0 320=102705.0 321=104294.0 322=99640.0 323=103932.0 324=105118.0 325=99519.0 326=99589.0 327=97064.0 328=100894.0 329=98031.0 330=101505.0 331=100638.0 332=100161.0 333=98357.0 334=101102.0 335=96880.0 336=99246.0 337=98404.0 338=105049.0 339=103689.0 340=98150.0 341=101831.0 342=99285.0 343=99872.0 344=96903.0 345=98432.0 346=102542.0 347=99403.0 348=99101.0 349=101240.0 350=98229.0 351=100085.0 352=98150.0 353=99027.0 354=99634.0 355=101559.0 356=98374.0 357=98840.0 358=99637.0 359=100222.0 360=101001.0 361=98639.0 362=98752.0 363=99541.0 364=101484.0 365=98390.0 366=100418.0 367=97509.0 368=102160.0 369=104177.0 370=101291.0 371=101663.0 372=100735.0 373=103676.0 374=102345.0 375=95860.0 376=97572.0 377=103463.0 378=100975.0 379=99511.0 380=102015.0 381=101458.0 382=99673.0 383=100411.0 384=94292.0 385=102968.0 386=101976.0 387=100374.0 388=94727.0 389=98554.0 390=98448.0 391=101153.0 392=99936.0 393=102594.0 394=96831.0 395=101185.0 396=102194.0 397=97777.0 398=97563.0 399=100466.0 400=101051.0 401=103180.0 402=96710.0 403=98018.0 404=98135.0 405=103591.0 406=101146.0 407=99790.0 408=96265.0 409=103979.0 410=100151.0 411=97086.0 412=101149.0 413=101237.0 414=98795.0 415=102718.0 416=102701.0 417=103711.0 418=100123.0 419=101960.0 420=100885.0 421=96527.0 422=97368.0 423=101174.0 424=98906.0 425=100784.0 426=102066.0 427=97584.0 428=100334.0 429=97739.0 430=101363.0 431=98940.0 432=99140.0 433=100636.0 434=101788.0 435=98152.0 436=101580.0 437=97968.0 438=101090.0 439=100552.0 440=99780.0 441=99291.0 442=99337.0 443=100014.0 444=100106.0 445=103620.0 446=102190.0 447=101376.0 448=97415.0 449=102099.0 450=102021.0 451=100097.0 452=98912.0 453=100578.0 454=97606.0 455=98187.0 456=101137.0 457=98684.0 458=101181.0 459=99420.0 460=101630.0 461=100886.0 462=98135.0 463=97526.0 464=100545.0 465=99475.0 466=98123.0 467=100935.0 468=95080.0 469=104786.0 470=99735.0 471=99938.0 472=94528.0 473=102463.0 474=100076.0 475=100672.0 476=93584.0 477=103984.0 478=101577.0 479=99277.0 480=99531.0 481=100857.0 482=100397.0 483=99613.0 484=99817.0 485=102262.0 486=101819.0 487=101387.0 488=98558.0 489=98567.0 490=101633.0 491=99474.0 492=96793.0 493=100472.0 494=100706.0 495=100315.0 496=99222.0 497=101691.0 498=100150.0 499=100253.0 500=103352.0 501=102304.0 502=98682.0 503=98557.0 504=101934.0 505=98538.0 506=100337.0 507=101231.0 508=98388.0 509=101775.0 510=101664.0 511=100416.0 ]
    0 : 1342302 (T=1342302, R=0, W=0)
    1 : 1339268 (T=1339268, R=0, W=0)
    2 : 1280185 (T=1280185, R=0, W=0)
    3 : 1369872 (T=1369872, R=0, W=0)
    4 : 1312542 (T=1312542, R=0, W=0)
    5 : 1274079 (T=1274079, R=0, W=0)
    6 : 1350682 (T=1350682, R=0, W=0)
    7 : 1319253 (T=1319253, R=0, W=0)
--- 6479 MB collected in 0.782 secs (2.6% of total), longest GC took 0.141 secs
DATA gc:  total_k 6634626  total_secs 0.782017  max_secs 0.140782
