Number of accounts  = 1
Initial amount      = 100000.0
Maximal transfer    = 10
Read-all frequency  = 0%
Write-all frequency = 0%
Read-all threads    = 0
Write-all threads   = 0
Disjoint            = false
Yield               = false

Starting threads... 0
End of warmup phase... 0
End of test phase... 0
Waiting for threads to finish...
All threads returned successfully
RESULTS:

  Warmup duration (ms) = 20001
  Test duration (ms)   = 10008
  Nb iterations        = 2128321
  Stats                = T=2128321, R=0, W=0, TOTAL=100000 [ 0=100000.0 ]
    0 : 2128321 (T=2128321, R=0, W=0)
--- 1027 MB collected in 0.210 secs (0.7% of total), longest GC took 0.139 secs
DATA gc:  total_k 1052176  total_secs 0.210273  max_secs 0.139401
