TL2CM Initialized:
Contention Manager: Polka busy-waiting [C=10]
Number of accounts  = 2
Initial amount      = 100000.0
Maximal transfer    = 10
Read-all frequency  = 0%
Write-all frequency = 0%
Read-all threads    = 0
Write-all threads   = 0
Disjoint            = false
Yield               = false

Starting threads... 0
End of warmup phase... 0
End of test phase... 0
Waiting for threads to finish...
All threads returned successfully
RESULTS:

  Warmup duration (ms) = 20007
  Test duration (ms)   = 10009
  Nb iterations        = 652905
  Stats                = T=652905, R=0, W=0, TOTAL=200000 [ 0=105889.0 1=94111.0 ]
    0 : 652905 (T=652905, R=0, W=0)
--- 506 MB collected in 0.231 secs (0.9% of total), longest GC took 0.187 secs
DATA gc:  total_k 518432  total_secs 0.230674  max_secs 0.187013
