Number of accounts  = 128
Initial amount      = 100000.0
Maximal transfer    = 10
Read-all frequency  = 0%
Write-all frequency = 0%
Read-all threads    = 0
Write-all threads   = 0
Disjoint            = false
Yield               = false

Starting threads... 0 1
End of warmup phase... 0 1
End of test phase... 0 1
Waiting for threads to finish...
All threads returned successfully
RESULTS:

  Warmup duration (ms) = 20007
  Test duration (ms)   = 10008
  Nb iterations        = 2903466
  Stats                = T=2903466, R=0, W=0, TOTAL=12800000 [ 0=100413.0 1=95227.0 2=95037.0 3=100201.0 4=98572.0 5=102600.0 6=97463.0 7=102542.0 8=98265.0 9=100144.0 10=97715.0 11=102829.0 12=103600.0 13=101689.0 14=101663.0 15=102149.0 16=100381.0 17=98386.0 18=97695.0 19=100127.0 20=102740.0 21=99126.0 22=102462.0 23=101221.0 24=101184.0 25=99802.0 26=96774.0 27=103241.0 28=98244.0 29=96430.0 30=99470.0 31=97244.0 32=100564.0 33=100812.0 34=100975.0 35=99420.0 36=99336.0 37=103033.0 38=102154.0 39=99320.0 40=97513.0 41=97633.0 42=98263.0 43=100961.0 44=102041.0 45=98399.0 46=98386.0 47=97418.0 48=100964.0 49=102206.0 50=98192.0 51=97916.0 52=99567.0 53=101384.0 54=101376.0 55=96665.0 56=101818.0 57=98392.0 58=99851.0 59=104366.0 60=99573.0 61=99077.0 62=98251.0 63=102289.0 64=99872.0 65=102232.0 66=99508.0 67=97575.0 68=97754.0 69=100353.0 70=98578.0 71=99966.0 72=99080.0 73=99251.0 74=97409.0 75=101232.0 76=102734.0 77=99078.0 78=100020.0 79=99697.0 80=100339.0 81=101552.0 82=98990.0 83=98603.0 84=99505.0 85=96126.0 86=100418.0 87=99240.0 88=97369.0 89=105165.0 90=100931.0 91=101668.0 92=99781.0 93=104884.0 94=96439.0 95=97006.0 96=96564.0 97=100163.0 98=97701.0 99=99736.0 100=99009.0 101=101224.0 102=101757.0 103=101663.0 104=103799.0 105=101678.0 106=98547.0 107=103865.0 108=100743.0 109=99997.0 110=100878.0 111=98698.0 112=99439.0 113=98841.0 114=100737.0 115=102481.0 116=102218.0 117=100007.0 118=99773.0 119=98217.0 120=97222.0 121=106119.0 122=103244.0 123=105406.0 124=100112.0 125=99377.0 126=97491.0 127=98188.0 ]
    0 : 1447629 (T=1447629, R=0, W=0)
    1 : 1455837 (T=1455837, R=0, W=0)
--- 1542 MB collected in 0.502 secs (1.9% of total), longest GC took 0.155 secs
DATA gc:  total_k 1579520  total_secs 0.502175  max_secs 0.155443
