Number of accounts  = 256
Initial amount      = 100000.0
Maximal transfer    = 10
Read-all frequency  = 0%
Write-all frequency = 0%
Read-all threads    = 0
Write-all threads   = 0
Disjoint            = false
Yield               = false

Starting threads... 0 1 2 3
End of warmup phase... 0 1 2 3
End of test phase... 0 1 2 3
Waiting for threads to finish...
All threads returned successfully
RESULTS:

  Warmup duration (ms) = 20001
  Test duration (ms)   = 10009
  Nb iterations        = 4644906
  Stats                = T=4644906, R=0, W=0, TOTAL=25599992 [ 0=97482.0 1=100117.0 2=100910.0 3=95979.0 4=100527.0 5=100902.0 6=103211.0 7=99848.0 8=98351.0 9=96639.0 10=101307.0 11=97159.0 12=98341.0 13=96049.0 14=98644.0 15=101414.0 16=102376.0 17=99359.0 18=101321.0 19=98907.0 20=98655.0 21=98662.0 22=104696.0 23=100155.0 24=104468.0 25=100164.0 26=101695.0 27=98519.0 28=99677.0 29=98946.0 30=99911.0 31=98438.0 32=98985.0 33=101573.0 34=95975.0 35=99430.0 36=97401.0 37=100771.0 38=99566.0 39=99905.0 40=103082.0 41=104819.0 42=101958.0 43=101432.0 44=102405.0 45=101311.0 46=98507.0 47=102677.0 48=99862.0 49=101384.0 50=99348.0 51=96165.0 52=102305.0 53=100964.0 54=101202.0 55=98545.0 56=100357.0 57=100576.0 58=99197.0 59=100575.0 60=100628.0 61=97771.0 62=96961.0 63=99731.0 64=98372.0 65=100503.0 66=98467.0 67=96243.0 68=99664.0 69=102629.0 70=104529.0 71=96679.0 72=99820.0 73=101436.0 74=99275.0 75=97769.0 76=102022.0 77=99302.0 78=102327.0 79=101600.0 80=101678.0 81=98925.0 82=98848.0 83=99515.0 84=102585.0 85=100089.0 86=102266.0 87=99912.0 88=98866.0 89=98247.0 90=96354.0 91=100554.0 92=97284.0 93=101207.0 94=102648.0 95=101376.0 96=99378.0 97=98681.0 98=99566.0 99=96797.0 100=98816.0 101=99342.0 102=102000.0 103=101572.0 104=100229.0 105=101823.0 106=100404.0 107=102243.0 108=99740.0 109=100383.0 110=101071.0 111=98666.0 112=100619.0 113=102456.0 114=100892.0 115=100791.0 116=101964.0 117=101905.0 118=102512.0 119=101131.0 120=100177.0 121=102275.0 122=101491.0 123=100544.0 124=102972.0 125=101718.0 126=101026.0 127=99504.0 128=100470.0 129=97150.0 130=98269.0 131=99094.0 132=100478.0 133=101224.0 134=100062.0 135=101740.0 136=98687.0 137=101197.0 138=100363.0 139=98722.0 140=98658.0 141=100943.0 142=99933.0 143=99543.0 144=98665.0 145=97750.0 146=100208.0 147=99986.0 148=97867.0 149=97530.0 150=98796.0 151=96861.0 152=101116.0 153=99390.0 154=101689.0 155=101972.0 156=100104.0 157=98815.0 158=97767.0 159=101602.0 160=99860.0 161=97969.0 162=97891.0 163=101653.0 164=99823.0 165=101057.0 166=98769.0 167=98389.0 168=97383.0 169=102412.0 170=101091.0 171=100737.0 172=99749.0 173=98532.0 174=100591.0 175=99552.0 176=101790.0 177=99712.0 178=97583.0 179=100575.0 180=99719.0 181=100702.0 182=103402.0 183=99580.0 184=95676.0 185=97482.0 186=99683.0 187=99684.0 188=98789.0 189=101159.0 190=99934.0 191=98776.0 192=99699.0 193=98552.0 194=100353.0 195=100826.0 196=96874.0 197=97946.0 198=104224.0 199=99186.0 200=100953.0 201=97470.0 202=101688.0 203=101543.0 204=98032.0 205=100703.0 206=98069.0 207=97744.0 208=99587.0 209=99685.0 210=102862.0 211=100935.0 212=106144.0 213=101936.0 214=97841.0 215=97800.0 216=103271.0 217=99171.0 218=98061.0 219=100057.0 220=99608.0 221=100188.0 222=102517.0 223=101775.0 224=99745.0 225=100707.0 226=100725.0 227=98666.0 228=98884.0 229=96293.0 230=100214.0 231=100478.0 232=99517.0 233=99275.0 234=98878.0 235=99335.0 236=98608.0 237=96423.0 238=102162.0 239=104186.0 240=100400.0 241=96268.0 242=98471.0 243=101170.0 244=100040.0 245=99799.0 246=98457.0 247=101780.0 248=99406.0 249=102058.0 250=99923.0 251=103240.0 252=101901.0 253=102301.0 254=98208.0 255=98951.0 ]
    0 : 1180508 (T=1180508, R=0, W=0)
    1 : 1152499 (T=1152499, R=0, W=0)
    2 : 1168283 (T=1168283, R=0, W=0)
    3 : 1143616 (T=1143616, R=0, W=0)
--- 2823 MB collected in 0.627 secs (2.1% of total), longest GC took 0.163 secs
DATA gc:  total_k 2891040  total_secs 0.626618  max_secs 0.162915
