TL2CM Initialized:
Contention Manager: Polka busy-waiting [C=10]
Number of accounts  = 256
Initial amount      = 100000.0
Maximal transfer    = 10
Read-all frequency  = 0%
Write-all frequency = 0%
Read-all threads    = 0
Write-all threads   = 0
Disjoint            = false
Yield               = false

Starting threads... 0 1 2 3
End of warmup phase... 0 1 2 3
End of test phase... 0 1 2 3
Waiting for threads to finish...
All threads returned successfully
RESULTS:

  Warmup duration (ms) = 20005
  Test duration (ms)   = 10008
  Nb iterations        = 2105928
  Stats                = T=2105928, R=0, W=0, TOTAL=25602712 [ 0=98641.0 1=99378.0 2=98960.0 3=101813.0 4=104487.0 5=100826.0 6=99717.0 7=98942.0 8=100326.0 9=100326.0 10=100554.0 11=99131.0 12=101476.0 13=100218.0 14=99602.0 15=99634.0 16=99852.0 17=101755.0 18=97640.0 19=101081.0 20=101605.0 21=99036.0 22=98835.0 23=100844.0 24=98823.0 25=102224.0 26=99558.0 27=100084.0 28=97920.0 29=98058.0 30=101744.0 31=99490.0 32=100729.0 33=100645.0 34=100307.0 35=100306.0 36=96683.0 37=99372.0 38=101103.0 39=100888.0 40=99871.0 41=100769.0 42=102787.0 43=99402.0 44=99189.0 45=100840.0 46=101572.0 47=98963.0 48=99345.0 49=98439.0 50=100364.0 51=100149.0 52=98330.0 53=98201.0 54=100591.0 55=97275.0 56=99823.0 57=98943.0 58=101798.0 59=103321.0 60=99281.0 61=102207.0 62=99696.0 63=99282.0 64=101375.0 65=98179.0 66=99615.0 67=99921.0 68=99948.0 69=99060.0 70=100052.0 71=101524.0 72=98515.0 73=102415.0 74=101646.0 75=102340.0 76=102417.0 77=98296.0 78=100477.0 79=99534.0 80=100362.0 81=99904.0 82=100969.0 83=99336.0 84=98709.0 85=100448.0 86=99497.0 87=100673.0 88=101158.0 89=98844.0 90=101535.0 91=98140.0 92=99942.0 93=102237.0 94=99837.0 95=102348.0 96=100785.0 97=99347.0 98=99075.0 99=99657.0 100=99809.0 101=99849.0 102=100084.0 103=101607.0 104=98871.0 105=101477.0 106=99065.0 107=100679.0 108=100467.0 109=98848.0 110=101312.0 111=98846.0 112=99342.0 113=98355.0 114=97236.0 115=99061.0 116=101504.0 117=101862.0 118=100224.0 119=100779.0 120=99698.0 121=100283.0 122=100135.0 123=99094.0 124=98708.0 125=100787.0 126=101302.0 127=97988.0 128=100139.0 129=98380.0 130=102143.0 131=98650.0 132=103158.0 133=102993.0 134=99525.0 135=100911.0 136=100620.0 137=98756.0 138=101836.0 139=95415.0 140=101687.0 141=100490.0 142=101225.0 143=98347.0 144=99115.0 145=99650.0 146=99489.0 147=99606.0 148=101998.0 149=99260.0 150=101276.0 151=100300.0 152=99239.0 153=101478.0 154=99219.0 155=99019.0 156=98688.0 157=97669.0 158=99609.0 159=101125.0 160=101432.0 161=100840.0 162=100335.0 163=98091.0 164=100307.0 165=99861.0 166=103345.0 167=99425.0 168=98092.0 169=99762.0 170=99690.0 171=96656.0 172=100221.0 173=101458.0 174=100313.0 175=101719.0 176=101955.0 177=101489.0 178=100440.0 179=99881.0 180=100817.0 181=102117.0 182=100525.0 183=99644.0 184=100145.0 185=98968.0 186=99244.0 187=99047.0 188=100082.0 189=100883.0 190=99036.0 191=99793.0 192=100419.0 193=98606.0 194=98602.0 195=99832.0 196=98331.0 197=99388.0 198=98371.0 199=98003.0 200=97212.0 201=100317.0 202=100936.0 203=102537.0 204=101574.0 205=98805.0 206=100240.0 207=100242.0 208=100302.0 209=98035.0 210=100207.0 211=99662.0 212=101188.0 213=99565.0 214=99563.0 215=100970.0 216=99365.0 217=102382.0 218=98155.0 219=102397.0 220=99169.0 221=97414.0 222=99468.0 223=99417.0 224=101743.0 225=100599.0 226=98609.0 227=99834.0 228=101144.0 229=99726.0 230=102091.0 231=98360.0 232=99870.0 233=99703.0 234=99158.0 235=100944.0 236=100834.0 237=100723.0 238=98533.0 239=98235.0 240=98111.0 241=97037.0 242=98388.0 243=98205.0 244=102377.0 245=97847.0 246=100579.0 247=100463.0 248=100696.0 249=98348.0 250=100429.0 251=100907.0 252=101310.0 253=99140.0 254=102194.0 255=100827.0 ]
    0 : 529127 (T=529127, R=0, W=0)
    1 : 527216 (T=527216, R=0, W=0)
    2 : 527557 (T=527557, R=0, W=0)
    3 : 522028 (T=522028, R=0, W=0)
--- 2152 MB collected in 0.709 secs (2.4% of total), longest GC took 0.166 secs
DATA gc:  total_k 2204132  total_secs 0.709328  max_secs 0.165849
