Number of accounts  = 1
Initial amount      = 100000.0
Maximal transfer    = 10
Read-all frequency  = 0%
Write-all frequency = 0%
Read-all threads    = 0
Write-all threads   = 0
Disjoint            = false
Yield               = false

Starting threads... 0
End of warmup phase... 0
End of test phase... 0
Waiting for threads to finish...
All threads returned successfully
RESULTS:

  Warmup duration (ms) = 20006
  Test duration (ms)   = 10008
  Nb iterations        = 1746103
  Stats                = T=1746103, R=0, W=0, TOTAL=100000 [ 0=100000.0 ]
    0 : 1746103 (T=1746103, R=0, W=0)
--- 765 MB collected in 0.213 secs (0.8% of total), longest GC took 0.136 secs
DATA gc:  total_k 783920  total_secs 0.212611  max_secs 0.13623
