TL2CM Initialized:
Contention Manager: Polka busy-waiting [C=10]
Number of accounts  = 2
Initial amount      = 100000.0
Maximal transfer    = 10
Read-all frequency  = 0%
Write-all frequency = 0%
Read-all threads    = 0
Write-all threads   = 0
Disjoint            = false
Yield               = false

Starting threads... 0 1
End of warmup phase... 0 1
End of test phase... 0 1
Waiting for threads to finish...
All threads returned successfully
RESULTS:

  Warmup duration (ms) = 20006
  Test duration (ms)   = 10009
  Nb iterations        = 823437
  Stats                = T=823437, R=0, W=0, TOTAL=201055 [ 0=87221.0 1=113834.0 ]
    0 : 413433 (T=413433, R=0, W=0)
    1 : 410004 (T=410004, R=0, W=0)
--- 764 MB collected in 0.361 secs (1.2% of total), longest GC took 0.165 secs
DATA gc:  total_k 783120  total_secs 0.360542  max_secs 0.165292
