Number of accounts  = 128
Initial amount      = 100000.0
Maximal transfer    = 10
Read-all frequency  = 0%
Write-all frequency = 0%
Read-all threads    = 0
Write-all threads   = 0
Disjoint            = false
Yield               = false

Starting threads... 0 1
End of warmup phase... 0 1
End of test phase... 0 1
Waiting for threads to finish...
All threads returned successfully
RESULTS:

  Warmup duration (ms) = 20009
  Test duration (ms)   = 10009
  Nb iterations        = 2439715
  Stats                = T=2439715, R=0, W=0, TOTAL=12800000 [ 0=97343.0 1=100109.0 2=97595.0 3=101626.0 4=96601.0 5=98846.0 6=99178.0 7=98342.0 8=100518.0 9=101518.0 10=99313.0 11=101454.0 12=97671.0 13=99798.0 14=101770.0 15=100366.0 16=102706.0 17=99337.0 18=100247.0 19=96494.0 20=102528.0 21=98053.0 22=98356.0 23=102365.0 24=101059.0 25=100052.0 26=102944.0 27=98343.0 28=99585.0 29=95770.0 30=99005.0 31=101043.0 32=98792.0 33=104901.0 34=95523.0 35=100746.0 36=100499.0 37=98329.0 38=101000.0 39=104400.0 40=96820.0 41=95872.0 42=96012.0 43=98777.0 44=100360.0 45=100403.0 46=100699.0 47=103781.0 48=97107.0 49=98988.0 50=95972.0 51=97468.0 52=100477.0 53=97095.0 54=101278.0 55=102781.0 56=99941.0 57=99616.0 58=98193.0 59=99705.0 60=98013.0 61=100378.0 62=100072.0 63=101529.0 64=100598.0 65=101288.0 66=98359.0 67=99843.0 68=102706.0 69=97319.0 70=98868.0 71=101264.0 72=99750.0 73=98723.0 74=99759.0 75=102385.0 76=99928.0 77=97733.0 78=96905.0 79=98615.0 80=102571.0 81=100342.0 82=101226.0 83=102425.0 84=99088.0 85=101666.0 86=100474.0 87=104643.0 88=99811.0 89=101060.0 90=99915.0 91=100327.0 92=99356.0 93=100729.0 94=101468.0 95=102559.0 96=101405.0 97=100558.0 98=98588.0 99=102611.0 100=97298.0 101=103366.0 102=100726.0 103=102927.0 104=99757.0 105=101668.0 106=96848.0 107=99052.0 108=100315.0 109=100989.0 110=99829.0 111=102165.0 112=99672.0 113=98066.0 114=99205.0 115=99513.0 116=98143.0 117=100519.0 118=102830.0 119=101339.0 120=101349.0 121=99121.0 122=101972.0 123=100320.0 124=99123.0 125=101305.0 126=103192.0 127=99064.0 ]
    0 : 1230416 (T=1230416, R=0, W=0)
    1 : 1209299 (T=1209299, R=0, W=0)
--- 1538 MB collected in 0.431 secs (1.5% of total), longest GC took 0.145 secs
DATA gc:  total_k 1575424  total_secs 0.43095  max_secs 0.144723
