Number of accounts  = 512
Initial amount      = 100000.0
Maximal transfer    = 10
Read-all frequency  = 0%
Write-all frequency = 0%
Read-all threads    = 0
Write-all threads   = 0
Disjoint            = false
Yield               = false

Starting threads... 0 1 2 3 4 5 6 7
End of warmup phase... 0 1 2 3 4 5 6 7
End of test phase... 0 1 2 3 4 5 6 7
Waiting for threads to finish...
All threads returned successfully
RESULTS:

  Warmup duration (ms) = 20006
  Test duration (ms)   = 10008
  Nb iterations        = 8466761
  Stats                = T=8466761, R=0, W=0, TOTAL=51200020 [ 0=100360.0 1=102429.0 2=100468.0 3=99569.0 4=96881.0 5=99815.0 6=99502.0 7=96106.0 8=99987.0 9=97417.0 10=98433.0 11=101687.0 12=103234.0 13=99166.0 14=101829.0 15=101219.0 16=97655.0 17=98168.0 18=101938.0 19=105074.0 20=101538.0 21=98717.0 22=97110.0 23=101063.0 24=98427.0 25=103398.0 26=101556.0 27=101806.0 28=98746.0 29=101914.0 30=99337.0 31=99827.0 32=99047.0 33=101245.0 34=99388.0 35=101729.0 36=100675.0 37=97498.0 38=100649.0 39=99003.0 40=96025.0 41=97875.0 42=100170.0 43=96911.0 44=100873.0 45=101295.0 46=98163.0 47=97095.0 48=100989.0 49=99538.0 50=99118.0 51=100542.0 52=104444.0 53=101199.0 54=100922.0 55=95672.0 56=99357.0 57=98602.0 58=97417.0 59=99969.0 60=98166.0 61=101351.0 62=100884.0 63=102898.0 64=102840.0 65=100022.0 66=101235.0 67=98954.0 68=101091.0 69=100322.0 70=98449.0 71=99523.0 72=98606.0 73=100937.0 74=100593.0 75=99907.0 76=100734.0 77=100074.0 78=100625.0 79=101026.0 80=98793.0 81=96381.0 82=99824.0 83=99978.0 84=103958.0 85=102353.0 86=99162.0 87=101056.0 88=98146.0 89=97675.0 90=95760.0 91=99822.0 92=99480.0 93=102430.0 94=97894.0 95=100211.0 96=101738.0 97=100879.0 98=100558.0 99=98996.0 100=101948.0 101=100982.0 102=102131.0 103=99333.0 104=100233.0 105=101131.0 106=98698.0 107=97914.0 108=96704.0 109=98203.0 110=100159.0 111=102677.0 112=99640.0 113=98065.0 114=103582.0 115=101610.0 116=98574.0 117=103284.0 118=97788.0 119=99395.0 120=100663.0 121=99913.0 122=100928.0 123=98987.0 124=99630.0 125=97651.0 126=97610.0 127=97830.0 128=98358.0 129=102519.0 130=97903.0 131=100559.0 132=98010.0 133=97922.0 134=103412.0 135=102511.0 136=100579.0 137=101785.0 138=99197.0 139=96924.0 140=98791.0 141=106428.0 142=100329.0 143=101533.0 144=100265.0 145=98051.0 146=99997.0 147=100367.0 148=98262.0 149=100358.0 150=96228.0 151=98835.0 152=102096.0 153=99044.0 154=100680.0 155=99129.0 156=101795.0 157=98352.0 158=102134.0 159=101095.0 160=99814.0 161=102291.0 162=99197.0 163=100637.0 164=98187.0 165=101012.0 166=100707.0 167=101053.0 168=100980.0 169=97455.0 170=101157.0 171=100531.0 172=99540.0 173=102182.0 174=100134.0 175=100224.0 176=103560.0 177=102911.0 178=99662.0 179=101758.0 180=101021.0 181=100185.0 182=101411.0 183=97649.0 184=98881.0 185=99352.0 186=97845.0 187=100322.0 188=100593.0 189=97692.0 190=100499.0 191=98672.0 192=99230.0 193=100670.0 194=101846.0 195=100561.0 196=101437.0 197=98357.0 198=101781.0 199=96972.0 200=97290.0 201=98675.0 202=99715.0 203=100322.0 204=103187.0 205=98335.0 206=102950.0 207=100085.0 208=98751.0 209=101128.0 210=98695.0 211=103993.0 212=100770.0 213=100457.0 214=96863.0 215=100500.0 216=101195.0 217=96644.0 218=98941.0 219=99714.0 220=99397.0 221=102153.0 222=103174.0 223=101297.0 224=100184.0 225=98486.0 226=99729.0 227=104560.0 228=100450.0 229=95881.0 230=100066.0 231=101715.0 232=102382.0 233=99188.0 234=100310.0 235=104305.0 236=97615.0 237=99027.0 238=100119.0 239=103885.0 240=99777.0 241=101215.0 242=98526.0 243=101417.0 244=98594.0 245=99427.0 246=98758.0 247=96327.0 248=101604.0 249=102433.0 250=100730.0 251=102834.0 252=98251.0 253=100908.0 254=100883.0 255=98682.0 256=98190.0 257=97451.0 258=99683.0 259=100345.0 260=100069.0 261=99030.0 262=99833.0 263=95814.0 264=97424.0 265=100484.0 266=102239.0 267=100421.0 268=99817.0 269=96656.0 270=104183.0 271=103708.0 272=98562.0 273=100016.0 274=96250.0 275=98456.0 276=97813.0 277=99783.0 278=97238.0 279=96868.0 280=98987.0 281=102081.0 282=98380.0 283=96962.0 284=99865.0 285=102301.0 286=99759.0 287=100532.0 288=105281.0 289=99821.0 290=103906.0 291=98058.0 292=101746.0 293=102818.0 294=100080.0 295=101587.0 296=99907.0 297=101500.0 298=100399.0 299=100244.0 300=98790.0 301=100142.0 302=99001.0 303=98608.0 304=99856.0 305=95829.0 306=97844.0 307=96209.0 308=101023.0 309=102154.0 310=98236.0 311=97355.0 312=98421.0 313=99682.0 314=99900.0 315=98025.0 316=98680.0 317=101687.0 318=103540.0 319=98010.0 320=97694.0 321=98531.0 322=100282.0 323=99598.0 324=99084.0 325=100529.0 326=101880.0 327=100401.0 328=98292.0 329=99504.0 330=99680.0 331=100911.0 332=100976.0 333=99933.0 334=98336.0 335=101003.0 336=97178.0 337=98256.0 338=98029.0 339=101087.0 340=102123.0 341=101407.0 342=99258.0 343=98394.0 344=100803.0 345=101542.0 346=98563.0 347=98581.0 348=100278.0 349=101511.0 350=101129.0 351=99444.0 352=97556.0 353=100667.0 354=100084.0 355=99871.0 356=102539.0 357=98965.0 358=98640.0 359=99961.0 360=99209.0 361=101187.0 362=99617.0 363=101418.0 364=100465.0 365=97969.0 366=100310.0 367=100665.0 368=100242.0 369=99701.0 370=96277.0 371=101298.0 372=100733.0 373=98349.0 374=98872.0 375=102849.0 376=100225.0 377=99728.0 378=100980.0 379=100171.0 380=99839.0 381=98141.0 382=101579.0 383=98112.0 384=99858.0 385=98194.0 386=99000.0 387=97617.0 388=99662.0 389=97895.0 390=102020.0 391=99022.0 392=98600.0 393=100868.0 394=103724.0 395=100303.0 396=101714.0 397=100825.0 398=101506.0 399=98599.0 400=101323.0 401=100102.0 402=97224.0 403=102102.0 404=102163.0 405=101289.0 406=101211.0 407=100287.0 408=99140.0 409=97357.0 410=104224.0 411=101456.0 412=97084.0 413=103787.0 414=98336.0 415=99586.0 416=98276.0 417=98015.0 418=99095.0 419=99353.0 420=99655.0 421=101410.0 422=101459.0 423=99715.0 424=102967.0 425=100326.0 426=98368.0 427=97231.0 428=96971.0 429=102883.0 430=99629.0 431=102222.0 432=98970.0 433=98989.0 434=101135.0 435=98483.0 436=101256.0 437=102174.0 438=97535.0 439=98883.0 440=102113.0 441=100302.0 442=102680.0 443=95718.0 444=98932.0 445=100165.0 446=100287.0 447=97668.0 448=99844.0 449=101164.0 450=96764.0 451=97352.0 452=99443.0 453=99196.0 454=104770.0 455=100707.0 456=99116.0 457=99307.0 458=100195.0 459=99886.0 460=97747.0 461=101727.0 462=102516.0 463=97525.0 464=102719.0 465=96487.0 466=99315.0 467=99635.0 468=101097.0 469=102634.0 470=100345.0 471=100036.0 472=100253.0 473=100868.0 474=102444.0 475=102154.0 476=101501.0 477=101237.0 478=102198.0 479=102573.0 480=99115.0 481=99865.0 482=99211.0 483=97341.0 484=99738.0 485=102780.0 486=99154.0 487=101200.0 488=98132.0 489=102474.0 490=100175.0 491=103337.0 492=98004.0 493=99975.0 494=103794.0 495=100835.0 496=101264.0 497=100816.0 498=100875.0 499=97595.0 500=98247.0 501=102083.0 502=100808.0 503=101191.0 504=101566.0 505=101993.0 506=100421.0 507=100331.0 508=98614.0 509=97988.0 510=100986.0 511=98124.0 ]
    0 : 1173042 (T=1173042, R=0, W=0)
    1 : 1159318 (T=1159318, R=0, W=0)
    2 : 970888 (T=970888, R=0, W=0)
    3 : 801025 (T=801025, R=0, W=0)
    4 : 1126390 (T=1126390, R=0, W=0)
    5 : 946221 (T=946221, R=0, W=0)
    6 : 1152108 (T=1152108, R=0, W=0)
    7 : 1137769 (T=1137769, R=0, W=0)
--- 5354 MB collected in 0.855 secs (2.7% of total), longest GC took 0.189 secs
DATA gc:  total_k 5483206  total_secs 0.854784  max_secs 0.189451
