Number of accounts  = 2
Initial amount      = 100000.0
Maximal transfer    = 10
Read-all frequency  = 0%
Write-all frequency = 0%
Read-all threads    = 0
Write-all threads   = 0
Disjoint            = false
Yield               = false

Starting threads... 0
End of warmup phase... 0
End of test phase... 0
Waiting for threads to finish...
All threads returned successfully
RESULTS:

  Warmup duration (ms) = 20004
  Test duration (ms)   = 10009
  Nb iterations        = 1715734
  Stats                = T=1715734, R=0, W=0, TOTAL=200000 [ 0=95149.0 1=104851.0 ]
    0 : 1715734 (T=1715734, R=0, W=0)
--- 1023 MB collected in 0.242 secs (0.8% of total), longest GC took 0.134 secs
DATA gc:  total_k 1048120  total_secs 0.24249  max_secs 0.1344
