Number of accounts  = 2
Initial amount      = 100000.0
Maximal transfer    = 10
Read-all frequency  = 0%
Write-all frequency = 0%
Read-all threads    = 0
Write-all threads   = 0
Disjoint            = false
Yield               = false

Starting threads... 0
End of warmup phase... 0
End of test phase... 0
Waiting for threads to finish...
All threads returned successfully
RESULTS:

  Warmup duration (ms) = 20003
  Test duration (ms)   = 10009
  Nb iterations        = 1005277
  Stats                = T=1005277, R=0, W=0, TOTAL=200000 [ 0=97986.0 1=102014.0 ]
    0 : 1005277 (T=1005277, R=0, W=0)
--- 252 MB collected in 0.035 secs (0.1% of total), longest GC took 0.035 secs
DATA gc:  total_k 258368  total_secs 0.0347075  max_secs 0.0347075
