TL2CM Initialized:
Contention Manager: Polka busy-waiting [C=10]
Number of accounts  = 512
Initial amount      = 100000.0
Maximal transfer    = 10
Read-all frequency  = 0%
Write-all frequency = 0%
Read-all threads    = 0
Write-all threads   = 0
Disjoint            = false
Yield               = false

Starting threads... 0 1 2 3 4 5 6 7
End of warmup phase... 0 1 2 3 4 5 6 7
End of test phase... 0 1 2 3 4 5 6 7
Waiting for threads to finish...
All threads returned successfully
RESULTS:

  Warmup duration (ms) = 20007
  Test duration (ms)   = 10008
  Nb iterations        = 4427828
  Stats                = T=4427828, R=0, W=0, TOTAL=51212404 [ 0=100921.0 1=99623.0 2=100409.0 3=98665.0 4=100359.0 5=98624.0 6=99593.0 7=97777.0 8=97626.0 9=99790.0 10=100433.0 11=99352.0 12=102262.0 13=100620.0 14=98018.0 15=101081.0 16=100412.0 17=99537.0 18=97326.0 19=99712.0 20=98176.0 21=103246.0 22=100386.0 23=100233.0 24=98768.0 25=103387.0 26=100940.0 27=99809.0 28=101686.0 29=100155.0 30=97591.0 31=100498.0 32=101402.0 33=101690.0 34=100461.0 35=96124.0 36=98692.0 37=99675.0 38=97777.0 39=100202.0 40=98452.0 41=98232.0 42=101358.0 43=100208.0 44=102032.0 45=99553.0 46=98594.0 47=100137.0 48=99221.0 49=101193.0 50=97961.0 51=99690.0 52=101411.0 53=98915.0 54=100029.0 55=99547.0 56=101370.0 57=100875.0 58=100290.0 59=100896.0 60=99080.0 61=100028.0 62=98633.0 63=101845.0 64=99059.0 65=99228.0 66=99694.0 67=101607.0 68=100492.0 69=101286.0 70=102754.0 71=99624.0 72=99633.0 73=100665.0 74=100892.0 75=101325.0 76=98917.0 77=100987.0 78=100833.0 79=99584.0 80=101809.0 81=98561.0 82=99835.0 83=100052.0 84=100731.0 85=99445.0 86=101546.0 87=100924.0 88=98342.0 89=99345.0 90=98623.0 91=97597.0 92=98482.0 93=100212.0 94=99258.0 95=100047.0 96=99471.0 97=98103.0 98=99750.0 99=99737.0 100=98905.0 101=100446.0 102=97750.0 103=99808.0 104=99261.0 105=101426.0 106=100353.0 107=103025.0 108=100679.0 109=101357.0 110=97321.0 111=99772.0 112=99560.0 113=99560.0 114=97743.0 115=100096.0 116=101746.0 117=101199.0 118=100516.0 119=99713.0 120=99814.0 121=100541.0 122=102419.0 123=99593.0 124=100349.0 125=100789.0 126=98838.0 127=98210.0 128=100411.0 129=98574.0 130=98843.0 131=98576.0 132=99423.0 133=102362.0 134=99789.0 135=98179.0 136=102062.0 137=99561.0 138=98787.0 139=98651.0 140=101118.0 141=101405.0 142=99752.0 143=101960.0 144=98727.0 145=100179.0 146=101495.0 147=101435.0 148=98690.0 149=99891.0 150=99685.0 151=99753.0 152=97444.0 153=100419.0 154=99613.0 155=102208.0 156=102004.0 157=100210.0 158=99187.0 159=100136.0 160=100302.0 161=100247.0 162=98404.0 163=102448.0 164=96939.0 165=100869.0 166=98903.0 167=100371.0 168=101372.0 169=99981.0 170=101219.0 171=98586.0 172=100095.0 173=103779.0 174=99503.0 175=101477.0 176=99559.0 177=99697.0 178=98147.0 179=99512.0 180=100873.0 181=97555.0 182=102295.0 183=100770.0 184=100618.0 185=99202.0 186=98343.0 187=97463.0 188=99781.0 189=99431.0 190=98937.0 191=100374.0 192=99276.0 193=101676.0 194=102417.0 195=99248.0 196=99062.0 197=100262.0 198=99154.0 199=98278.0 200=102244.0 201=100818.0 202=101900.0 203=97275.0 204=98324.0 205=100309.0 206=100262.0 207=97859.0 208=101792.0 209=102893.0 210=100530.0 211=100964.0 212=98889.0 213=100736.0 214=99933.0 215=99806.0 216=101399.0 217=99282.0 218=100562.0 219=98974.0 220=98545.0 221=100380.0 222=98815.0 223=100756.0 224=99673.0 225=97866.0 226=100984.0 227=99841.0 228=99981.0 229=98943.0 230=100046.0 231=100541.0 232=100228.0 233=99473.0 234=100201.0 235=99668.0 236=100429.0 237=98092.0 238=100435.0 239=102475.0 240=98444.0 241=101547.0 242=101028.0 243=99073.0 244=100717.0 245=99614.0 246=101231.0 247=99259.0 248=99822.0 249=100427.0 250=98733.0 251=98464.0 252=101675.0 253=99206.0 254=103276.0 255=101783.0 256=99244.0 257=99499.0 258=96611.0 259=98277.0 260=100840.0 261=102217.0 262=100240.0 263=100816.0 264=99767.0 265=101059.0 266=100886.0 267=101628.0 268=102193.0 269=101826.0 270=95793.0 271=100472.0 272=98509.0 273=100027.0 274=100430.0 275=99500.0 276=98623.0 277=99768.0 278=99977.0 279=99442.0 280=101324.0 281=97188.0 282=97705.0 283=101159.0 284=100993.0 285=100012.0 286=98788.0 287=100278.0 288=98593.0 289=98831.0 290=101204.0 291=100481.0 292=102268.0 293=99896.0 294=98869.0 295=100531.0 296=99358.0 297=102183.0 298=99839.0 299=99662.0 300=99665.0 301=100866.0 302=101269.0 303=99630.0 304=98497.0 305=101880.0 306=99650.0 307=98573.0 308=101311.0 309=99583.0 310=100963.0 311=98665.0 312=97873.0 313=97590.0 314=98537.0 315=99191.0 316=100819.0 317=101580.0 318=100869.0 319=99665.0 320=100315.0 321=99819.0 322=103687.0 323=98786.0 324=102740.0 325=100583.0 326=99830.0 327=99445.0 328=101633.0 329=98569.0 330=97720.0 331=100334.0 332=97141.0 333=100579.0 334=104736.0 335=99419.0 336=100590.0 337=102077.0 338=99103.0 339=97340.0 340=102053.0 341=102104.0 342=100714.0 343=99957.0 344=98885.0 345=99092.0 346=99177.0 347=103447.0 348=100563.0 349=103927.0 350=101134.0 351=99614.0 352=99625.0 353=100214.0 354=101208.0 355=100719.0 356=100249.0 357=101572.0 358=99303.0 359=101834.0 360=100886.0 361=99950.0 362=99545.0 363=99445.0 364=99432.0 365=99167.0 366=99421.0 367=102110.0 368=97549.0 369=99525.0 370=100668.0 371=102504.0 372=99257.0 373=100788.0 374=101970.0 375=101089.0 376=101288.0 377=101151.0 378=100751.0 379=98334.0 380=100139.0 381=101838.0 382=100903.0 383=100656.0 384=98653.0 385=100962.0 386=100875.0 387=99875.0 388=102462.0 389=100279.0 390=99942.0 391=99639.0 392=101808.0 393=100045.0 394=98462.0 395=99731.0 396=99346.0 397=99905.0 398=100149.0 399=101309.0 400=97282.0 401=100721.0 402=100604.0 403=100037.0 404=101327.0 405=101280.0 406=98766.0 407=100917.0 408=98298.0 409=98597.0 410=95332.0 411=99428.0 412=100230.0 413=98913.0 414=99802.0 415=99838.0 416=98468.0 417=97981.0 418=99001.0 419=99956.0 420=100763.0 421=100214.0 422=98316.0 423=99714.0 424=101855.0 425=99675.0 426=100532.0 427=100697.0 428=99728.0 429=100266.0 430=101871.0 431=98373.0 432=98464.0 433=102054.0 434=99604.0 435=100592.0 436=101419.0 437=99393.0 438=100891.0 439=101518.0 440=97548.0 441=102675.0 442=98427.0 443=100079.0 444=98979.0 445=103300.0 446=100540.0 447=100346.0 448=100270.0 449=97124.0 450=100732.0 451=97074.0 452=101175.0 453=99769.0 454=100046.0 455=100111.0 456=103301.0 457=99832.0 458=100616.0 459=99189.0 460=98088.0 461=100957.0 462=100087.0 463=98783.0 464=98978.0 465=103188.0 466=99704.0 467=99663.0 468=98736.0 469=99498.0 470=98977.0 471=101112.0 472=99659.0 473=98956.0 474=100960.0 475=100756.0 476=100529.0 477=99782.0 478=99099.0 479=100992.0 480=99788.0 481=98755.0 482=100030.0 483=102358.0 484=100553.0 485=99854.0 486=100973.0 487=99573.0 488=100628.0 489=99916.0 490=99740.0 491=100301.0 492=98255.0 493=100182.0 494=99402.0 495=99933.0 496=100461.0 497=100074.0 498=100663.0 499=97512.0 500=102134.0 501=98681.0 502=100250.0 503=99011.0 504=101444.0 505=97703.0 506=99060.0 507=99347.0 508=101343.0 509=99501.0 510=101475.0 511=100789.0 ]
    0 : 547938 (T=547938, R=0, W=0)
    1 : 552813 (T=552813, R=0, W=0)
    2 : 556353 (T=556353, R=0, W=0)
    3 : 557396 (T=557396, R=0, W=0)
    4 : 556513 (T=556513, R=0, W=0)
    5 : 557141 (T=557141, R=0, W=0)
    6 : 555037 (T=555037, R=0, W=0)
    7 : 544637 (T=544637, R=0, W=0)
--- 4478 MB collected in 0.996 secs (3.3% of total), longest GC took 0.176 secs
DATA gc:  total_k 4585729  total_secs 0.996167  max_secs 0.176233
