Starting Multiverse JavaAgent
Number of accounts  = 128
Initial amount      = 100000.0
Maximal transfer    = 10
Read-all frequency  = 0%
Write-all frequency = 0%
Read-all threads    = 0
Write-all threads   = 0
Disjoint            = false
Yield               = false

Starting threads... 0 1
End of warmup phase... 0 1
End of test phase... 0 1
Waiting for threads to finish...
All threads returned successfully
RESULTS:

  Warmup duration (ms) = 20008
  Test duration (ms)   = 10009
  Nb iterations        = 2960178
  Stats                = T=2960178, R=0, W=0, TOTAL=12800000 [ 0=99677.0 1=98854.0 2=102439.0 3=100978.0 4=98750.0 5=95960.0 6=101483.0 7=95436.0 8=102859.0 9=100532.0 10=100271.0 11=97791.0 12=103169.0 13=100067.0 14=101137.0 15=97751.0 16=101001.0 17=101455.0 18=97089.0 19=104084.0 20=99239.0 21=98576.0 22=99446.0 23=101484.0 24=99193.0 25=98057.0 26=101578.0 27=100524.0 28=98620.0 29=99535.0 30=98191.0 31=100324.0 32=98886.0 33=97265.0 34=98747.0 35=99711.0 36=99868.0 37=102687.0 38=99168.0 39=97356.0 40=101794.0 41=99794.0 42=98909.0 43=98402.0 44=99435.0 45=100625.0 46=101680.0 47=100781.0 48=99270.0 49=95428.0 50=97024.0 51=101604.0 52=103158.0 53=99590.0 54=100465.0 55=101430.0 56=101844.0 57=99814.0 58=98994.0 59=102455.0 60=100263.0 61=98338.0 62=99252.0 63=101788.0 64=101583.0 65=98989.0 66=101943.0 67=102190.0 68=96795.0 69=104028.0 70=102379.0 71=102575.0 72=101780.0 73=98668.0 74=97522.0 75=103925.0 76=103139.0 77=96464.0 78=98115.0 79=99519.0 80=101843.0 81=99017.0 82=98516.0 83=103064.0 84=94203.0 85=100791.0 86=99350.0 87=102090.0 88=98433.0 89=97570.0 90=101701.0 91=102622.0 92=103032.0 93=98622.0 94=102916.0 95=99469.0 96=100588.0 97=98293.0 98=98432.0 99=101836.0 100=100926.0 101=96288.0 102=98793.0 103=98804.0 104=97181.0 105=101285.0 106=101607.0 107=97685.0 108=104311.0 109=101534.0 110=98400.0 111=99133.0 112=97007.0 113=99690.0 114=100817.0 115=96092.0 116=102809.0 117=100487.0 118=103039.0 119=98849.0 120=97425.0 121=98825.0 122=103866.0 123=100260.0 124=98433.0 125=102032.0 126=98808.0 127=102237.0 ]
    0 : 1476496 (T=1476496, R=0, W=0)
    1 : 1483682 (T=1483682, R=0, W=0)
--- 1031 MB collected in 0.334 secs (1.1% of total), longest GC took 0.158 secs
DATA gc:  total_k 1056144  total_secs 0.333925  max_secs 0.158416
