Starting Multiverse JavaAgent
Number of accounts  = 512
Initial amount      = 100000.0
Maximal transfer    = 10
Read-all frequency  = 0%
Write-all frequency = 0%
Read-all threads    = 0
Write-all threads   = 0
Disjoint            = false
Yield               = false

Starting threads... 0 1 2 3 4 5 6 7
End of warmup phase... 0 1 2 3 4 5 6 7
End of test phase... 0 1 2 3 4 5 6 7
Waiting for threads to finish...
All threads returned successfully
RESULTS:

  Warmup duration (ms) = 20006
  Test duration (ms)   = 10008
  Nb iterations        = 8760208
  Stats                = T=8760208, R=0, W=0, TOTAL=51199992 [ 0=98645.0 1=100823.0 2=100383.0 3=101507.0 4=96290.0 5=100221.0 6=97446.0 7=97633.0 8=102008.0 9=97176.0 10=98935.0 11=101947.0 12=99094.0 13=100976.0 14=97557.0 15=99551.0 16=99795.0 17=99950.0 18=100704.0 19=100738.0 20=100253.0 21=101544.0 22=102606.0 23=101399.0 24=101745.0 25=100822.0 26=98939.0 27=99282.0 28=98969.0 29=102659.0 30=98599.0 31=99516.0 32=99664.0 33=99409.0 34=99373.0 35=96237.0 36=101799.0 37=99693.0 38=101818.0 39=100153.0 40=100774.0 41=99722.0 42=99834.0 43=98666.0 44=97679.0 45=101062.0 46=101305.0 47=101427.0 48=100610.0 49=100359.0 50=101009.0 51=96716.0 52=102798.0 53=97383.0 54=99669.0 55=99710.0 56=96984.0 57=97018.0 58=99087.0 59=98107.0 60=100191.0 61=98089.0 62=102122.0 63=98643.0 64=96919.0 65=95513.0 66=100411.0 67=103435.0 68=99772.0 69=98500.0 70=97862.0 71=98425.0 72=98247.0 73=101781.0 74=99095.0 75=100540.0 76=98007.0 77=101219.0 78=99640.0 79=98586.0 80=98751.0 81=100772.0 82=99165.0 83=98794.0 84=102529.0 85=96733.0 86=99712.0 87=100099.0 88=98845.0 89=98814.0 90=99003.0 91=96902.0 92=101381.0 93=96696.0 94=99667.0 95=99955.0 96=102408.0 97=102027.0 98=98502.0 99=102725.0 100=99037.0 101=101153.0 102=101157.0 103=99596.0 104=101255.0 105=105514.0 106=103380.0 107=101419.0 108=100535.0 109=100045.0 110=103144.0 111=98674.0 112=100649.0 113=97472.0 114=101617.0 115=99348.0 116=99434.0 117=101122.0 118=100752.0 119=97443.0 120=97059.0 121=96242.0 122=100349.0 123=100733.0 124=102611.0 125=99104.0 126=100787.0 127=98520.0 128=98926.0 129=98193.0 130=97223.0 131=99229.0 132=100846.0 133=104429.0 134=102148.0 135=97402.0 136=103664.0 137=102212.0 138=101212.0 139=101406.0 140=98690.0 141=98673.0 142=97969.0 143=99080.0 144=97650.0 145=98294.0 146=98881.0 147=100305.0 148=99508.0 149=99407.0 150=98203.0 151=100254.0 152=101812.0 153=97298.0 154=99501.0 155=99610.0 156=100769.0 157=95689.0 158=99219.0 159=99921.0 160=100481.0 161=101303.0 162=98288.0 163=100050.0 164=98949.0 165=101124.0 166=99081.0 167=99013.0 168=98481.0 169=101579.0 170=102615.0 171=98037.0 172=99104.0 173=100375.0 174=98335.0 175=97342.0 176=100154.0 177=99702.0 178=102440.0 179=99222.0 180=102318.0 181=97141.0 182=100352.0 183=96779.0 184=101243.0 185=99872.0 186=99499.0 187=104118.0 188=100829.0 189=99192.0 190=99499.0 191=98479.0 192=97921.0 193=100457.0 194=98321.0 195=102753.0 196=103108.0 197=101908.0 198=99683.0 199=102332.0 200=98714.0 201=97070.0 202=100144.0 203=101954.0 204=102165.0 205=98749.0 206=100822.0 207=98759.0 208=101395.0 209=96964.0 210=102843.0 211=98339.0 212=100472.0 213=100134.0 214=101162.0 215=102265.0 216=97270.0 217=100997.0 218=99380.0 219=100118.0 220=100135.0 221=96726.0 222=98979.0 223=97682.0 224=98838.0 225=100381.0 226=104990.0 227=97961.0 228=98570.0 229=102019.0 230=100113.0 231=102563.0 232=99269.0 233=99629.0 234=101064.0 235=99027.0 236=98087.0 237=98183.0 238=97528.0 239=98225.0 240=98571.0 241=95009.0 242=104131.0 243=100953.0 244=100467.0 245=98863.0 246=98204.0 247=98354.0 248=99017.0 249=99639.0 250=100571.0 251=102086.0 252=97968.0 253=97480.0 254=101775.0 255=101007.0 256=97852.0 257=95767.0 258=98361.0 259=101319.0 260=100371.0 261=99054.0 262=98847.0 263=99968.0 264=100049.0 265=101631.0 266=96700.0 267=99991.0 268=99739.0 269=97580.0 270=99900.0 271=100426.0 272=100526.0 273=101754.0 274=99076.0 275=100335.0 276=101141.0 277=100984.0 278=100288.0 279=97999.0 280=97257.0 281=103740.0 282=101128.0 283=99780.0 284=96929.0 285=97018.0 286=100764.0 287=97930.0 288=97041.0 289=100160.0 290=101936.0 291=100160.0 292=98790.0 293=102134.0 294=102641.0 295=96882.0 296=99142.0 297=96338.0 298=103021.0 299=97787.0 300=102651.0 301=99775.0 302=99160.0 303=98983.0 304=102478.0 305=99704.0 306=100893.0 307=101421.0 308=101108.0 309=100130.0 310=98398.0 311=102747.0 312=101285.0 313=103274.0 314=102860.0 315=97825.0 316=100500.0 317=100223.0 318=99089.0 319=104379.0 320=101689.0 321=105229.0 322=102672.0 323=101225.0 324=99474.0 325=99630.0 326=101674.0 327=99313.0 328=100568.0 329=100263.0 330=100545.0 331=98635.0 332=100105.0 333=101843.0 334=97298.0 335=98630.0 336=104810.0 337=102890.0 338=100053.0 339=101546.0 340=99706.0 341=99345.0 342=98237.0 343=103807.0 344=100413.0 345=105280.0 346=99290.0 347=97156.0 348=98767.0 349=105042.0 350=97626.0 351=100769.0 352=95114.0 353=101717.0 354=99837.0 355=100993.0 356=96196.0 357=101470.0 358=95861.0 359=97839.0 360=103274.0 361=102595.0 362=100733.0 363=98737.0 364=97148.0 365=99964.0 366=99190.0 367=101688.0 368=101392.0 369=101964.0 370=99528.0 371=97868.0 372=99891.0 373=100193.0 374=99365.0 375=101250.0 376=101679.0 377=100067.0 378=100200.0 379=103146.0 380=101109.0 381=100216.0 382=103909.0 383=99157.0 384=98553.0 385=101494.0 386=97671.0 387=100361.0 388=103324.0 389=102659.0 390=100556.0 391=101960.0 392=99378.0 393=99221.0 394=100095.0 395=100034.0 396=100253.0 397=100172.0 398=99372.0 399=100182.0 400=101277.0 401=100529.0 402=99196.0 403=99879.0 404=98306.0 405=99269.0 406=101362.0 407=101901.0 408=100809.0 409=98734.0 410=101438.0 411=100661.0 412=102163.0 413=102082.0 414=99521.0 415=98161.0 416=101212.0 417=100477.0 418=98953.0 419=104518.0 420=98774.0 421=99630.0 422=101951.0 423=97591.0 424=101733.0 425=100235.0 426=99560.0 427=94257.0 428=99251.0 429=102422.0 430=97781.0 431=99421.0 432=101634.0 433=99349.0 434=99555.0 435=98493.0 436=103380.0 437=95587.0 438=100269.0 439=100396.0 440=102430.0 441=99742.0 442=101582.0 443=97760.0 444=103289.0 445=100782.0 446=101037.0 447=101649.0 448=102408.0 449=102518.0 450=101658.0 451=99742.0 452=98251.0 453=102237.0 454=101105.0 455=100835.0 456=101407.0 457=97571.0 458=102738.0 459=98484.0 460=100617.0 461=97200.0 462=98345.0 463=100114.0 464=101125.0 465=98361.0 466=98321.0 467=94486.0 468=101588.0 469=101745.0 470=102940.0 471=99373.0 472=101866.0 473=96893.0 474=102819.0 475=100630.0 476=101144.0 477=97291.0 478=98807.0 479=103002.0 480=103218.0 481=99929.0 482=100617.0 483=99697.0 484=101111.0 485=101051.0 486=101507.0 487=99946.0 488=102615.0 489=101482.0 490=100174.0 491=99239.0 492=101503.0 493=98719.0 494=100077.0 495=99732.0 496=100231.0 497=100690.0 498=98530.0 499=97574.0 500=102013.0 501=99671.0 502=103347.0 503=99087.0 504=100775.0 505=98515.0 506=97873.0 507=97164.0 508=101174.0 509=99919.0 510=99698.0 511=101002.0 ]
    0 : 1121515 (T=1121515, R=0, W=0)
    1 : 1107672 (T=1107672, R=0, W=0)
    2 : 1079935 (T=1079935, R=0, W=0)
    3 : 1070786 (T=1070786, R=0, W=0)
    4 : 1120237 (T=1120237, R=0, W=0)
    5 : 1112075 (T=1112075, R=0, W=0)
    6 : 1068939 (T=1068939, R=0, W=0)
    7 : 1079049 (T=1079049, R=0, W=0)
--- 3585 MB collected in 0.644 secs (1.9% of total), longest GC took 0.165 secs
DATA gc:  total_k 3671712  total_secs 0.644164  max_secs 0.164533
