Starting Multiverse JavaAgent
Number of accounts  = 256
Initial amount      = 100000.0
Maximal transfer    = 10
Read-all frequency  = 0%
Write-all frequency = 0%
Read-all threads    = 0
Write-all threads   = 0
Disjoint            = false
Yield               = false

Starting threads... 0 1 2 3
End of warmup phase... 0 1 2 3
End of test phase... 0 1 2 3
Waiting for threads to finish...
All threads returned successfully
RESULTS:

  Warmup duration (ms) = 20004
  Test duration (ms)   = 10008
  Nb iterations        = 4638797
  Stats                = T=4638797, R=0, W=0, TOTAL=25600014 [ 0=98638.0 1=99622.0 2=97929.0 3=100702.0 4=99927.0 5=96713.0 6=100670.0 7=98869.0 8=99966.0 9=99793.0 10=101708.0 11=99324.0 12=104132.0 13=100670.0 14=102041.0 15=101464.0 16=101462.0 17=98310.0 18=99514.0 19=99009.0 20=100230.0 21=103281.0 22=99683.0 23=98635.0 24=102846.0 25=102079.0 26=98412.0 27=100538.0 28=101421.0 29=99593.0 30=101265.0 31=100561.0 32=98218.0 33=98531.0 34=98983.0 35=100919.0 36=98617.0 37=102500.0 38=98229.0 39=99470.0 40=98685.0 41=99619.0 42=101715.0 43=101754.0 44=98676.0 45=99647.0 46=101929.0 47=98331.0 48=100121.0 49=98669.0 50=99871.0 51=99228.0 52=99149.0 53=98088.0 54=99813.0 55=101763.0 56=98397.0 57=100174.0 58=100033.0 59=100617.0 60=100469.0 61=102620.0 62=100991.0 63=97400.0 64=99417.0 65=96842.0 66=97189.0 67=95613.0 68=98757.0 69=96497.0 70=96835.0 71=98763.0 72=100266.0 73=98977.0 74=99515.0 75=98450.0 76=99322.0 77=100671.0 78=98199.0 79=101928.0 80=104014.0 81=96901.0 82=99551.0 83=101294.0 84=99606.0 85=99327.0 86=97638.0 87=98536.0 88=100687.0 89=103078.0 90=99337.0 91=98379.0 92=101915.0 93=102347.0 94=99610.0 95=100658.0 96=104168.0 97=99977.0 98=97957.0 99=97919.0 100=100458.0 101=100517.0 102=100896.0 103=103194.0 104=103526.0 105=96400.0 106=99949.0 107=98993.0 108=100440.0 109=100647.0 110=99869.0 111=98845.0 112=103792.0 113=101506.0 114=102557.0 115=100406.0 116=100014.0 117=99459.0 118=99429.0 119=99025.0 120=97514.0 121=94920.0 122=100204.0 123=102987.0 124=96531.0 125=97084.0 126=102296.0 127=99912.0 128=102298.0 129=101425.0 130=101751.0 131=95337.0 132=101847.0 133=99656.0 134=100129.0 135=97101.0 136=97409.0 137=95682.0 138=102375.0 139=98147.0 140=99083.0 141=100481.0 142=99452.0 143=100726.0 144=98043.0 145=98775.0 146=99234.0 147=100555.0 148=102465.0 149=97538.0 150=96814.0 151=102556.0 152=100378.0 153=100341.0 154=101184.0 155=97446.0 156=99943.0 157=98436.0 158=100543.0 159=101954.0 160=99174.0 161=99743.0 162=99445.0 163=97252.0 164=100018.0 165=101744.0 166=98988.0 167=102639.0 168=101816.0 169=97368.0 170=99957.0 171=98134.0 172=101002.0 173=99856.0 174=98503.0 175=99891.0 176=100575.0 177=97637.0 178=98454.0 179=101056.0 180=102336.0 181=103461.0 182=101595.0 183=99272.0 184=102396.0 185=99979.0 186=97336.0 187=100542.0 188=100473.0 189=101427.0 190=103391.0 191=99333.0 192=103460.0 193=101247.0 194=99387.0 195=98829.0 196=100132.0 197=102689.0 198=98958.0 199=101077.0 200=99170.0 201=100147.0 202=101390.0 203=101531.0 204=100274.0 205=100474.0 206=104587.0 207=103650.0 208=103144.0 209=99656.0 210=102936.0 211=99237.0 212=98123.0 213=98759.0 214=97373.0 215=100974.0 216=98576.0 217=99213.0 218=101592.0 219=98742.0 220=102457.0 221=99678.0 222=95653.0 223=102096.0 224=102455.0 225=102100.0 226=99967.0 227=101250.0 228=102210.0 229=98760.0 230=99749.0 231=102018.0 232=98753.0 233=99783.0 234=100935.0 235=99566.0 236=95533.0 237=100529.0 238=100893.0 239=96984.0 240=100777.0 241=99105.0 242=99882.0 243=102355.0 244=102561.0 245=94669.0 246=103304.0 247=98144.0 248=103195.0 249=98695.0 250=99636.0 251=99841.0 252=98231.0 253=100234.0 254=101825.0 255=103210.0 ]
    0 : 1150451 (T=1150451, R=0, W=0)
    1 : 1150300 (T=1150300, R=0, W=0)
    2 : 1183513 (T=1183513, R=0, W=0)
    3 : 1154533 (T=1154533, R=0, W=0)
--- 1887 MB collected in 0.672 secs (2.0% of total), longest GC took 0.179 secs
DATA gc:  total_k 1932610  total_secs 0.671544  max_secs 0.178541
