Starting Multiverse JavaAgent
Number of accounts  = 1
Initial amount      = 100000.0
Maximal transfer    = 10
Read-all frequency  = 0%
Write-all frequency = 0%
Read-all threads    = 0
Write-all threads   = 0
Disjoint            = false
Yield               = false

Starting threads... 0
End of warmup phase... 0
End of test phase... 0
Waiting for threads to finish...
All threads returned successfully
RESULTS:

  Warmup duration (ms) = 20009
  Test duration (ms)   = 10009
  Nb iterations        = 5229302
  Stats                = T=5229302, R=0, W=0, TOTAL=100000 [ 0=100000.0 ]
    0 : 5229302 (T=5229302, R=0, W=0)
--- 1031 MB collected in 0.172 secs (0.6% of total), longest GC took 0.137 secs
DATA gc:  total_k 1056168  total_secs 0.172041  max_secs 0.137213
