startup =       4000
elapsed =       10000
threads =       2
accounts =      64
init =          1000000
maxAmount =     10
readFreq =      0
writeFreq =     0
readThreads =   0
writeThreads =  0
disjointTrans = false
yieldALot =     false
flavour =       rfw

warming up
timed execution

TOTAL=6.4E7 [ 1000553.0 993321.0 990767.0 1006682.0 1008126.0 1010169.0 1001355.0 1004797.0 996246.0 1014652.0 1002993.0 999619.0 999062.0 989634.0 1006057.0 1004081.0 1004327.0 998398.0 999693.0 1001130.0 1010463.0 996504.0 1002266.0 1008808.0 1002939.0 1001162.0 998460.0 1005198.0 1002350.0 991570.0 1007368.0 993979.0 1002215.0 997395.0 992529.0 1004388.0 997928.0 999072.0 999174.0 1001978.0 1000836.0 991937.0 994816.0 996376.0 991638.0 998869.0 996667.0 993735.0 1002767.0 999164.0 1006403.0 1001016.0 1001742.0 994098.0 1003793.0 996880.0 993565.0 995045.0 1004867.0 992021.0 996700.0 1000471.0 995803.0 1003383.0 ]

10002 actual elapsed

T=8891782, R=0, W=0
T=8713847, R=0, W=0

TOTAL: T=17605629, R=0, W=0
--- 12,933 MB collected in 0.053 secs (0.4% of total), longest GC took 0.002 secs
DATA gc:  total_k 13243822  total_secs 0.052579  max_secs 0.002414
