startup =       4000
elapsed =       10000
threads =       64
accounts =      64
init =          1000000
maxAmount =     10
readFreq =      0
writeFreq =     0
readThreads =   0
writeThreads =  0
disjointTrans = false
yieldALot =     false
flavour =       rfw

warming up
timed execution

TOTAL=6.3999996E7 [ 1004900.0 1003756.0 1008410.0 994519.0 1013434.0 989746.0 996122.0 1004866.0 993991.0 1013095.0 1005410.0 992612.0 1006094.0 1001063.0 1001114.0 988641.0 993106.0 1003906.0 995719.0 993428.0 1009524.0 987211.0 1002569.0 1010949.0 995406.0 998104.0 1003232.0 1007686.0 997546.0 1005315.0 988421.0 1004536.0 1010718.0 1000683.0 1000634.0 1002154.0 986912.0 993513.0 1002086.0 986509.0 998784.0 996811.0 992478.0 1007246.0 1019515.0 999263.0 1011304.0 995285.0 999652.0 999029.0 1005489.0 1001077.0 1004473.0 996346.0 993290.0 991243.0 1001757.0 999153.0 1007073.0 998098.0 997739.0 983185.0 997531.0 1006539.0 ]

10001 actual elapsed

T=678110, R=0, W=0
T=669222, R=0, W=0
T=651521, R=0, W=0
T=694200, R=0, W=0
T=611461, R=0, W=0
T=717853, R=0, W=0
T=462747, R=0, W=0
T=690321, R=0, W=0
T=644652, R=0, W=0
T=613853, R=0, W=0
T=658611, R=0, W=0
T=654746, R=0, W=0
T=639686, R=0, W=0
T=655778, R=0, W=0
T=643944, R=0, W=0
T=670666, R=0, W=0
T=650644, R=0, W=0
T=627315, R=0, W=0
T=688850, R=0, W=0
T=604357, R=0, W=0
T=649547, R=0, W=0
T=632204, R=0, W=0
T=663589, R=0, W=0
T=624575, R=0, W=0
T=646754, R=0, W=0
T=645092, R=0, W=0
T=638415, R=0, W=0
T=650842, R=0, W=0
T=632733, R=0, W=0
T=628226, R=0, W=0
T=640434, R=0, W=0
T=660739, R=0, W=0
T=633499, R=0, W=0
T=654329, R=0, W=0
T=651731, R=0, W=0
T=642177, R=0, W=0
T=648323, R=0, W=0
T=638571, R=0, W=0
T=662900, R=0, W=0
T=685613, R=0, W=0
T=648936, R=0, W=0
T=646715, R=0, W=0
T=648965, R=0, W=0
T=639887, R=0, W=0
T=650359, R=0, W=0
T=672987, R=0, W=0
T=642676, R=0, W=0
T=645601, R=0, W=0
T=655592, R=0, W=0
T=615735, R=0, W=0
T=638148, R=0, W=0
T=633904, R=0, W=0
T=611571, R=0, W=0
T=642814, R=0, W=0
T=612930, R=0, W=0
T=664099, R=0, W=0
T=696537, R=0, W=0
T=645651, R=0, W=0
T=637636, R=0, W=0
T=664314, R=0, W=0
T=635396, R=0, W=0
T=654792, R=0, W=0
T=661618, R=0, W=0
T=733647, R=0, W=0

TOTAL: T=41459340, R=0, W=0
--- 31,905 MB collected in 0.122 secs (0.9% of total), longest GC took 0.005 secs
DATA gc:  total_k 32671460  total_secs 0.122265  max_secs 0.005478
