startup =       4000
elapsed =       10000
threads =       2
accounts =      2
init =          1000000
maxAmount =     10
readFreq =      0
writeFreq =     0
readThreads =   0
writeThreads =  0
disjointTrans = false
yieldALot =     false
flavour =       d

warming up
timed execution

TOTAL=2000000.0 [ 988417.0 1011583.0 ]

10002 actual elapsed

T=2787566, R=0, W=0
T=3519712, R=0, W=0

TOTAL: T=6307278, R=0, W=0
--- 4,995 MB collected in 0.030 secs (0.2% of total), longest GC took 0.002 secs
DATA gc:  total_k 5115702  total_secs 0.029607  max_secs 0.002455
