startup =       4000
elapsed =       10000
threads =       256
accounts =      256
init =          1000000
maxAmount =     10
readFreq =      0
writeFreq =     0
readThreads =   0
writeThreads =  0
disjointTrans = false
yieldALot =     false
flavour =       d

warming up
timed execution

TOTAL=2.55999936E8 [ 968595.0 1002248.0 998931.0 1013786.0 1001538.0 1024517.0 990885.0 993904.0 1008320.0 988338.0 1018623.0 992653.0 982758.0 969920.0 1012867.0 1003651.0 997822.0 1005732.0 990423.0 999544.0 992717.0 991989.0 1003336.0 988296.0 988423.0 993544.0 1014343.0 1018750.0 988615.0 1023041.0 1000950.0 994951.0 1018939.0 1012892.0 997311.0 1015238.0 1014544.0 993357.0 1003570.0 999224.0 1007259.0 1002238.0 1003261.0 981770.0 1004927.0 1010220.0 1006391.0 989905.0 995276.0 995513.0 988741.0 1006554.0 1016500.0 1009511.0 955604.0 973016.0 997257.0 1008866.0 1001642.0 1007974.0 985156.0 1013583.0 1033420.0 1011417.0 1018710.0 1015153.0 990375.0 996152.0 1034686.0 962167.0 986837.0 999436.0 999115.0 997987.0 969676.0 1016407.0 1005096.0 1001136.0 1017408.0 1000763.0 990442.0 994419.0 1019564.0 992138.0 959052.0 1017815.0 999183.0 966755.0 1004204.0 1001193.0 1003699.0 964309.0 1006506.0 1015643.0 990004.0 960195.0 1030704.0 977228.0 982222.0 1007204.0 1022912.0 1012478.0 995694.0 996571.0 988066.0 1005951.0 1009536.0 988755.0 973791.0 978197.0 1003225.0 1008547.0 1020165.0 1000014.0 1010791.0 995290.0 1023234.0 982865.0 997869.0 1005123.0 1010691.0 997169.0 991756.0 1007888.0 1000867.0 990084.0 1002873.0 974371.0 1010701.0 1012309.0 1003656.0 987284.0 1002422.0 1034366.0 1009863.0 1024842.0 975877.0 1026479.0 1014039.0 974936.0 1011105.0 1003898.0 1016322.0 996267.0 987988.0 1004551.0 1015789.0 986572.0 996865.0 999026.0 1013396.0 993485.0 1020864.0 1002688.0 989522.0 995032.0 1001347.0 986964.0 986557.0 975774.0 983160.0 1002012.0 991597.0 1001243.0 999272.0 1006922.0 988799.0 998559.0 996655.0 1012404.0 1005971.0 994642.0 1002794.0 1002503.0 983972.0 1002567.0 1017198.0 1010044.0 1006189.0 989820.0 977510.0 1024132.0 988443.0 1003578.0 985435.0 999905.0 1027174.0 1012436.0 1012454.0 989158.0 1006083.0 966878.0 1005594.0 1012601.0 1009131.0 1015711.0 1002115.0 977285.0 988348.0 997673.0 1017766.0 1006449.0 967498.0 984224.0 1009449.0 1000391.0 1029330.0 1019649.0 1005268.0 995928.0 1005966.0 990086.0 985893.0 1008891.0 989972.0 997060.0 1006975.0 1002702.0 1000375.0 1004854.0 1005087.0 1011520.0 1005266.0 988907.0 1001860.0 1001572.0 995999.0 1007430.0 999652.0 972292.0 1004720.0 1006202.0 970780.0 1022129.0 1008799.0 989887.0 990326.0 984269.0 990305.0 1008336.0 969390.0 1032870.0 1000703.0 993632.0 1016351.0 1039218.0 1028697.0 999324.0 974671.0 1001938.0 990995.0 1012208.0 1003974.0 999095.0 983245.0 987430.0 ]

10001 actual elapsed

T=148681, R=0, W=0
T=179846, R=0, W=0
T=113927, R=0, W=0
T=156105, R=0, W=0
T=203489, R=0, W=0
T=133997, R=0, W=0
T=204771, R=0, W=0
T=114318, R=0, W=0
T=180200, R=0, W=0
T=225205, R=0, W=0
T=183133, R=0, W=0
T=145930, R=0, W=0
T=188090, R=0, W=0
T=55961, R=0, W=0
T=145564, R=0, W=0
T=155950, R=0, W=0
T=140329, R=0, W=0
T=211619, R=0, W=0
T=142620, R=0, W=0
T=172260, R=0, W=0
T=204065, R=0, W=0
T=213002, R=0, W=0
T=175001, R=0, W=0
T=165601, R=0, W=0
T=119187, R=0, W=0
T=124931, R=0, W=0
T=122122, R=0, W=0
T=170944, R=0, W=0
T=159919, R=0, W=0
T=240495, R=0, W=0
T=175622, R=0, W=0
T=113982, R=0, W=0
T=181410, R=0, W=0
T=177069, R=0, W=0
T=161881, R=0, W=0
T=145887, R=0, W=0
T=130915, R=0, W=0
T=141117, R=0, W=0
T=211132, R=0, W=0
T=150971, R=0, W=0
T=130543, R=0, W=0
T=218639, R=0, W=0
T=162254, R=0, W=0
T=86665, R=0, W=0
T=63769, R=0, W=0
T=172799, R=0, W=0
T=94618, R=0, W=0
T=110023, R=0, W=0
T=171255, R=0, W=0
T=207986, R=0, W=0
T=133289, R=0, W=0
T=204009, R=0, W=0
T=189819, R=0, W=0
T=136285, R=0, W=0
T=140017, R=0, W=0
T=151645, R=0, W=0
T=200594, R=0, W=0
T=172295, R=0, W=0
T=196796, R=0, W=0
T=152093, R=0, W=0
T=241676, R=0, W=0
T=137452, R=0, W=0
T=125550, R=0, W=0
T=327431, R=0, W=0
T=114727, R=0, W=0
T=192616, R=0, W=0
T=172812, R=0, W=0
T=194066, R=0, W=0
T=61568, R=0, W=0
T=158009, R=0, W=0
T=157389, R=0, W=0
T=205093, R=0, W=0
T=236578, R=0, W=0
T=239327, R=0, W=0
T=217659, R=0, W=0
T=140008, R=0, W=0
T=105556, R=0, W=0
T=172076, R=0, W=0
T=250079, R=0, W=0
T=119879, R=0, W=0
T=143854, R=0, W=0
T=191298, R=0, W=0
T=39536, R=0, W=0
T=141664, R=0, W=0
T=112911, R=0, W=0
T=159312, R=0, W=0
T=65216, R=0, W=0
T=174399, R=0, W=0
T=223671, R=0, W=0
T=152130, R=0, W=0
T=104756, R=0, W=0
T=227416, R=0, W=0
T=161184, R=0, W=0
T=248618, R=0, W=0
T=108033, R=0, W=0
T=170154, R=0, W=0
T=129000, R=0, W=0
T=66073, R=0, W=0
T=173395, R=0, W=0
T=121070, R=0, W=0
T=55474, R=0, W=0
T=152113, R=0, W=0
T=144646, R=0, W=0
T=125159, R=0, W=0
T=166245, R=0, W=0
T=181954, R=0, W=0
T=119437, R=0, W=0
T=201317, R=0, W=0
T=146623, R=0, W=0
T=241384, R=0, W=0
T=175824, R=0, W=0
T=184033, R=0, W=0
T=87429, R=0, W=0
T=145325, R=0, W=0
T=173322, R=0, W=0
T=145757, R=0, W=0
T=199808, R=0, W=0
T=107755, R=0, W=0
T=119333, R=0, W=0
T=124738, R=0, W=0
T=91042, R=0, W=0
T=90898, R=0, W=0
T=132333, R=0, W=0
T=159156, R=0, W=0
T=116977, R=0, W=0
T=134099, R=0, W=0
T=183641, R=0, W=0
T=149204, R=0, W=0
T=160932, R=0, W=0
T=179265, R=0, W=0
T=89585, R=0, W=0
T=65679, R=0, W=0
T=163919, R=0, W=0
T=254262, R=0, W=0
T=183646, R=0, W=0
T=137752, R=0, W=0
T=197265, R=0, W=0
T=176278, R=0, W=0
T=214275, R=0, W=0
T=213994, R=0, W=0
T=209568, R=0, W=0
T=147682, R=0, W=0
T=156817, R=0, W=0
T=129636, R=0, W=0
T=97166, R=0, W=0
T=171100, R=0, W=0
T=92194, R=0, W=0
T=149017, R=0, W=0
T=236338, R=0, W=0
T=193878, R=0, W=0
T=107473, R=0, W=0
T=115353, R=0, W=0
T=157821, R=0, W=0
T=141193, R=0, W=0
T=139370, R=0, W=0
T=161041, R=0, W=0
T=88360, R=0, W=0
T=82177, R=0, W=0
T=155190, R=0, W=0
T=176954, R=0, W=0
T=108219, R=0, W=0
T=106672, R=0, W=0
T=205042, R=0, W=0
T=123050, R=0, W=0
T=95269, R=0, W=0
T=195762, R=0, W=0
T=161259, R=0, W=0
T=233751, R=0, W=0
T=187050, R=0, W=0
T=175906, R=0, W=0
T=107613, R=0, W=0
T=172392, R=0, W=0
T=155262, R=0, W=0
T=175117, R=0, W=0
T=104446, R=0, W=0
T=194182, R=0, W=0
T=110456, R=0, W=0
T=129996, R=0, W=0
T=154478, R=0, W=0
T=158986, R=0, W=0
T=109464, R=0, W=0
T=104775, R=0, W=0
T=174316, R=0, W=0
T=204223, R=0, W=0
T=99282, R=0, W=0
T=50125, R=0, W=0
T=156409, R=0, W=0
T=183616, R=0, W=0
T=143573, R=0, W=0
T=210849, R=0, W=0
T=105559, R=0, W=0
T=192122, R=0, W=0
T=180551, R=0, W=0
T=107858, R=0, W=0
T=196076, R=0, W=0
T=186166, R=0, W=0
T=154378, R=0, W=0
T=171499, R=0, W=0
T=117989, R=0, W=0
T=76294, R=0, W=0
T=189426, R=0, W=0
T=133647, R=0, W=0
T=190334, R=0, W=0
T=164758, R=0, W=0
T=113208, R=0, W=0
T=131953, R=0, W=0
T=130526, R=0, W=0
T=94330, R=0, W=0
T=185994, R=0, W=0
T=190970, R=0, W=0
T=161679, R=0, W=0
T=164045, R=0, W=0
T=126517, R=0, W=0
T=181765, R=0, W=0
T=130086, R=0, W=0
T=119259, R=0, W=0
T=61356, R=0, W=0
T=151580, R=0, W=0
T=216308, R=0, W=0
T=169637, R=0, W=0
T=211765, R=0, W=0
T=250647, R=0, W=0
T=223578, R=0, W=0
T=125556, R=0, W=0
T=121557, R=0, W=0
T=206190, R=0, W=0
T=139874, R=0, W=0
T=221285, R=0, W=0
T=146638, R=0, W=0
T=202955, R=0, W=0
T=164907, R=0, W=0
T=153599, R=0, W=0
T=152224, R=0, W=0
T=172574, R=0, W=0
T=96707, R=0, W=0
T=120150, R=0, W=0
T=138374, R=0, W=0
T=171980, R=0, W=0
T=97919, R=0, W=0
T=164906, R=0, W=0
T=119012, R=0, W=0
T=212649, R=0, W=0
T=127578, R=0, W=0
T=144374, R=0, W=0
T=94114, R=0, W=0
T=159572, R=0, W=0
T=167964, R=0, W=0
T=200515, R=0, W=0
T=183373, R=0, W=0
T=123915, R=0, W=0
T=173990, R=0, W=0
T=194735, R=0, W=0
T=151343, R=0, W=0
T=188533, R=0, W=0
T=143242, R=0, W=0
T=165625, R=0, W=0

TOTAL: T=39887417, R=0, W=0
--- 21,394 MB collected in 0.100 secs (0.7% of total), longest GC took 0.016 secs
DATA gc:  total_k 21907850  total_secs 0.099565  max_secs 0.015565
