startup =       4000
elapsed =       10000
threads =       128
accounts =      128
init =          1000000
maxAmount =     10
readFreq =      0
writeFreq =     0
readThreads =   0
writeThreads =  0
disjointTrans = false
yieldALot =     false
flavour =       d

warming up
timed execution

TOTAL=1.28E8 [ 1009926.0 1002616.0 996318.0 1002534.0 992407.0 1003237.0 995700.0 1004087.0 1007419.0 999077.0 1001223.0 997473.0 996771.0 989067.0 1003755.0 998101.0 993706.0 992346.0 1002057.0 995692.0 987197.0 1005664.0 997025.0 1004264.0 997768.0 997036.0 1001388.0 1001514.0 1005448.0 1000758.0 1002578.0 1005507.0 1011606.0 1007230.0 1008209.0 996291.0 994936.0 998099.0 1004724.0 997739.0 992246.0 999288.0 999895.0 1009585.0 993639.0 1003777.0 1000120.0 1000586.0 999441.0 997900.0 988922.0 998774.0 1005141.0 999325.0 1005971.0 1002525.0 994635.0 1000725.0 999278.0 982087.0 997857.0 1005068.0 1007364.0 1010145.0 996804.0 1000884.0 995485.0 985672.0 1002783.0 998110.0 998066.0 1005799.0 1015045.0 1000346.0 1001023.0 997781.0 1010373.0 993739.0 998559.0 1000409.0 1006733.0 1002195.0 1001535.0 1006036.0 1004824.0 993968.0 1014354.0 1002138.0 999540.0 1000167.0 998308.0 986804.0 1002650.0 1001343.0 999876.0 999390.0 997993.0 986988.0 999885.0 993207.0 1000353.0 1005330.0 997181.0 996306.0 1009861.0 1008188.0 993346.0 1004217.0 999882.0 1001141.0 1001999.0 992836.0 1001083.0 984784.0 995238.0 993866.0 999373.0 1001136.0 999073.0 996926.0 1008930.0 1001707.0 999009.0 1007603.0 995379.0 1006626.0 1006794.0 990234.0 ]

10002 actual elapsed

T=505692, R=0, W=0
T=572071, R=0, W=0
T=446674, R=0, W=0
T=456765, R=0, W=0
T=510147, R=0, W=0
T=538352, R=0, W=0
T=352570, R=0, W=0
T=447779, R=0, W=0
T=464579, R=0, W=0
T=516318, R=0, W=0
T=490241, R=0, W=0
T=471054, R=0, W=0
T=449586, R=0, W=0
T=453193, R=0, W=0
T=558031, R=0, W=0
T=538979, R=0, W=0
T=515345, R=0, W=0
T=480037, R=0, W=0
T=581552, R=0, W=0
T=601530, R=0, W=0
T=497256, R=0, W=0
T=527195, R=0, W=0
T=438512, R=0, W=0
T=483221, R=0, W=0
T=476588, R=0, W=0
T=452645, R=0, W=0
T=487564, R=0, W=0
T=558186, R=0, W=0
T=571434, R=0, W=0
T=477722, R=0, W=0
T=442524, R=0, W=0
T=449558, R=0, W=0
T=448888, R=0, W=0
T=528665, R=0, W=0
T=463713, R=0, W=0
T=462999, R=0, W=0
T=357959, R=0, W=0
T=435324, R=0, W=0
T=481589, R=0, W=0
T=510916, R=0, W=0
T=485595, R=0, W=0
T=394161, R=0, W=0
T=508966, R=0, W=0
T=454286, R=0, W=0
T=498364, R=0, W=0
T=534311, R=0, W=0
T=546683, R=0, W=0
T=443625, R=0, W=0
T=729713, R=0, W=0
T=471638, R=0, W=0
T=528377, R=0, W=0
T=527151, R=0, W=0
T=490465, R=0, W=0
T=479254, R=0, W=0
T=460222, R=0, W=0
T=533459, R=0, W=0
T=491590, R=0, W=0
T=450371, R=0, W=0
T=413901, R=0, W=0
T=494952, R=0, W=0
T=557921, R=0, W=0
T=469760, R=0, W=0
T=468193, R=0, W=0
T=461354, R=0, W=0
T=468226, R=0, W=0
T=460551, R=0, W=0
T=442258, R=0, W=0
T=456782, R=0, W=0
T=398346, R=0, W=0
T=465881, R=0, W=0
T=472363, R=0, W=0
T=464243, R=0, W=0
T=466749, R=0, W=0
T=450749, R=0, W=0
T=469782, R=0, W=0
T=450347, R=0, W=0
T=439018, R=0, W=0
T=487447, R=0, W=0
T=469843, R=0, W=0
T=417684, R=0, W=0
T=473172, R=0, W=0
T=538743, R=0, W=0
T=500970, R=0, W=0
T=516270, R=0, W=0
T=537669, R=0, W=0
T=419172, R=0, W=0
T=454085, R=0, W=0
T=530098, R=0, W=0
T=512016, R=0, W=0
T=483644, R=0, W=0
T=490518, R=0, W=0
T=523199, R=0, W=0
T=449362, R=0, W=0
T=421912, R=0, W=0
T=548722, R=0, W=0
T=488544, R=0, W=0
T=524827, R=0, W=0
T=545614, R=0, W=0
T=532455, R=0, W=0
T=548977, R=0, W=0
T=456167, R=0, W=0
T=456064, R=0, W=0
T=466026, R=0, W=0
T=446490, R=0, W=0
T=608526, R=0, W=0
T=560082, R=0, W=0
T=526550, R=0, W=0
T=457806, R=0, W=0
T=488249, R=0, W=0
T=464352, R=0, W=0
T=492308, R=0, W=0
T=534968, R=0, W=0
T=418712, R=0, W=0
T=478816, R=0, W=0
T=316894, R=0, W=0
T=530966, R=0, W=0
T=520632, R=0, W=0
T=442176, R=0, W=0
T=522893, R=0, W=0
T=492264, R=0, W=0
T=399658, R=0, W=0
T=440659, R=0, W=0
T=557224, R=0, W=0
T=465966, R=0, W=0
T=524600, R=0, W=0
T=490310, R=0, W=0
T=541735, R=0, W=0
T=424192, R=0, W=0

TOTAL: T=62242788, R=0, W=0
--- 35,504 MB collected in 0.130 secs (0.9% of total), longest GC took 0.009 secs
DATA gc:  total_k 36356716  total_secs 0.129519  max_secs 0.008534
