startup =       4000
elapsed =       10000
threads =       64
accounts =      512
init =          1000000
maxAmount =     10
readFreq =      0
writeFreq =     0
readThreads =   0
writeThreads =  0
disjointTrans = false
yieldALot =     false

warming up
timed execution

TOTAL=5.12000256E8 [ 1004280.0 989131.0 992555.0 997365.0 986534.0 1009166.0 1025662.0 977243.0 1006711.0 1019348.0 987428.0 1007561.0 1029136.0 1001412.0 1007427.0 973235.0 994251.0 951154.0 996237.0 1010703.0 1003103.0 995863.0 1002335.0 994812.0 1007057.0 1017738.0 1009607.0 981805.0 983437.0 1003143.0 1000492.0 1021547.0 1017375.0 1032823.0 997578.0 1002976.0 991420.0 989447.0 1003651.0 1021890.0 1022352.0 989649.0 1002953.0 1016469.0 1000341.0 1006441.0 987554.0 995210.0 986504.0 1012050.0 989109.0 1008218.0 992943.0 989382.0 991759.0 1000470.0 1012134.0 1009365.0 1028810.0 1012486.0 1006457.0 1008578.0 1006712.0 990434.0 979044.0 1002540.0 1006716.0 1014733.0 1022223.0 998095.0 1002238.0 973902.0 1007190.0 1017679.0 999344.0 995759.0 986070.0 993951.0 1021581.0 1020725.0 1038459.0 1025146.0 1001469.0 1001529.0 1034092.0 1008811.0 1014176.0 982165.0 1007938.0 1009910.0 1026108.0 1012379.0 999572.0 1006447.0 986512.0 1007205.0 1026744.0 1011846.0 1006251.0 995620.0 994928.0 1008613.0 995273.0 983221.0 1012900.0 974631.0 992626.0 1002623.0 1031836.0 1030278.0 1023132.0 995858.0 991746.0 1029938.0 990422.0 994691.0 998640.0 1000895.0 976383.0 977978.0 1018217.0 1005142.0 1044349.0 992347.0 976794.0 991206.0 1005157.0 998318.0 977882.0 1013308.0 999538.0 999487.0 982674.0 1025721.0 979035.0 994240.0 990764.0 1003219.0 990630.0 996988.0 1026019.0 1007777.0 1014466.0 999569.0 994678.0 1009924.0 991313.0 1002690.0 1012478.0 1008014.0 996513.0 1004147.0 986473.0 978285.0 1015403.0 969862.0 1012035.0 1000231.0 987198.0 1002083.0 972347.0 1010727.0 1000794.0 973036.0 976338.0 993816.0 974482.0 1002275.0 1015647.0 995528.0 1000336.0 994220.0 978649.0 994387.0 1011175.0 994997.0 1018407.0 1011144.0 996534.0 993708.0 994674.0 990723.0 978818.0 986793.0 1022095.0 1001158.0 988769.0 998761.0 1028469.0 999481.0 979848.0 1009552.0 977335.0 985480.0 984527.0 1003618.0 1006337.0 1015103.0 1005275.0 989026.0 985530.0 1019252.0 995022.0 997646.0 980024.0 1007602.0 983619.0 993755.0 999597.0 971273.0 994809.0 994194.0 987493.0 996546.0 976569.0 988945.0 981833.0 997742.0 977179.0 1009393.0 1034777.0 974959.0 979043.0 1015676.0 1005139.0 1011309.0 1010403.0 983208.0 994885.0 991899.0 985569.0 996497.0 1012193.0 1008445.0 999940.0 998821.0 984604.0 992915.0 1008916.0 997369.0 991000.0 999931.0 991936.0 978642.0 1002529.0 993339.0 989033.0 998757.0 1024359.0 1030545.0 1035292.0 1008542.0 980950.0 996959.0 1000895.0 1026082.0 994515.0 1013566.0 988572.0 986137.0 1003292.0 991129.0 1021427.0 977108.0 1012263.0 1000592.0 985745.0 1003504.0 1009046.0 999803.0 1000103.0 1021554.0 1013074.0 1002816.0 987184.0 982416.0 1002831.0 986637.0 998047.0 996797.0 1007214.0 1012057.0 992005.0 993975.0 993648.0 1004839.0 1028992.0 974016.0 953796.0 1029126.0 973772.0 1006513.0 1000311.0 988710.0 995501.0 1000642.0 993684.0 989564.0 1017277.0 1010415.0 985852.0 1021136.0 988299.0 1020950.0 967967.0 1008535.0 990928.0 1011874.0 1014200.0 992554.0 994401.0 1007792.0 1005438.0 996608.0 1014909.0 979707.0 996297.0 985521.0 990603.0 992626.0 993809.0 1005586.0 992906.0 1012974.0 985768.0 1013683.0 1012683.0 1037121.0 990211.0 982194.0 1014819.0 1007862.0 1007746.0 989520.0 1012418.0 1013373.0 1021536.0 1002313.0 1023858.0 974313.0 985488.0 1006857.0 987546.0 993528.0 988906.0 985701.0 1015011.0 969536.0 975992.0 1023328.0 998103.0 991925.0 977069.0 993113.0 1010605.0 996651.0 1011577.0 1013346.0 1020617.0 1004258.0 1002813.0 984533.0 1002604.0 978009.0 993730.0 1006616.0 1024109.0 992222.0 1015358.0 984632.0 988246.0 979082.0 987180.0 996947.0 989946.0 997289.0 979263.0 1006582.0 981355.0 995121.0 995712.0 1016525.0 1010241.0 1009710.0 980538.0 1015802.0 1012848.0 980748.0 1034360.0 1017535.0 1002483.0 1003804.0 991097.0 1006323.0 965303.0 990477.0 996378.0 1003985.0 996676.0 1001712.0 989214.0 992199.0 1003813.0 1010732.0 993167.0 1013679.0 1017650.0 1009589.0 984783.0 1025989.0 986617.0 976094.0 983549.0 998971.0 980773.0 1011269.0 1027827.0 984525.0 998704.0 1001599.0 1012848.0 1000478.0 1007535.0 986061.0 1005837.0 1015453.0 999976.0 1000820.0 1014225.0 994485.0 1002963.0 975383.0 981300.0 981145.0 999474.0 1002383.0 1007171.0 977026.0 1014666.0 1016016.0 991303.0 1013969.0 1008564.0 1003275.0 1021391.0 1019466.0 1011568.0 982615.0 995326.0 993207.0 981373.0 1008834.0 1013747.0 1004899.0 1000915.0 993715.0 1018121.0 983926.0 998415.0 1011834.0 998603.0 1006036.0 994917.0 1009241.0 1023397.0 1014132.0 1024378.0 999555.0 992155.0 1003594.0 988661.0 982896.0 977588.0 987891.0 996912.0 999741.0 1005324.0 1006608.0 1014024.0 1027608.0 995723.0 1014523.0 1004788.0 986610.0 996765.0 978936.0 1016560.0 983405.0 1001364.0 983126.0 1029041.0 1036499.0 1017992.0 1012281.0 985055.0 982458.0 997754.0 984113.0 1008989.0 1031560.0 1000054.0 989554.0 1014435.0 994005.0 994568.0 972402.0 996069.0 976407.0 987911.0 982566.0 985719.0 997157.0 ]

10002 actual elapsed

T=938435, R=0, W=0
T=857867, R=0, W=0
T=932248, R=0, W=0
T=1129079, R=0, W=0
T=1146767, R=0, W=0
T=1010539, R=0, W=0
T=1154275, R=0, W=0
T=1219696, R=0, W=0
T=662592, R=0, W=0
T=1138547, R=0, W=0
T=906709, R=0, W=0
T=979686, R=0, W=0
T=952638, R=0, W=0
T=982011, R=0, W=0
T=1238964, R=0, W=0
T=1075489, R=0, W=0
T=914152, R=0, W=0
T=1073330, R=0, W=0
T=1140277, R=0, W=0
T=934351, R=0, W=0
T=1058957, R=0, W=0
T=1125773, R=0, W=0
T=941963, R=0, W=0
T=1163000, R=0, W=0
T=1024641, R=0, W=0
T=912109, R=0, W=0
T=999268, R=0, W=0
T=1022333, R=0, W=0
T=1035314, R=0, W=0
T=1094609, R=0, W=0
T=1019371, R=0, W=0
T=834775, R=0, W=0
T=830907, R=0, W=0
T=1075950, R=0, W=0
T=990572, R=0, W=0
T=1113481, R=0, W=0
T=932029, R=0, W=0
T=971656, R=0, W=0
T=945847, R=0, W=0
T=1181283, R=0, W=0
T=760897, R=0, W=0
T=770355, R=0, W=0
T=815477, R=0, W=0
T=1245343, R=0, W=0
T=876893, R=0, W=0
T=1225035, R=0, W=0
T=1140828, R=0, W=0
T=1071369, R=0, W=0
T=1011685, R=0, W=0
T=1011956, R=0, W=0
T=1168107, R=0, W=0
T=1093089, R=0, W=0
T=809950, R=0, W=0
T=1006626, R=0, W=0
T=1025360, R=0, W=0
T=852600, R=0, W=0
T=756977, R=0, W=0
T=1199111, R=0, W=0
T=1114704, R=0, W=0
T=1370103, R=0, W=0
T=1179646, R=0, W=0
T=1140783, R=0, W=0
T=864055, R=0, W=0
T=985452, R=0, W=0

TOTAL: T=65157891, R=0, W=0
--- 38,434 MB collected in 0.107 secs (0.8% of total), longest GC took 0.005 secs
DATA gc:  total_k 39356652  total_secs 0.106522  max_secs 0.004765
