startup =       20000
elapsed =       10000
threads =       128
accounts =      128
init =          1000000
maxAmount =     10
readFreq =      0
writeFreq =     0
readThreads =   0
writeThreads =  0
disjointTrans = false
yieldALot =     false
flavour =       t

warming up
timed execution

TOTAL=1.27999992E8 [ 1004296.0 999051.0 1003513.0 997635.0 1000723.0 997399.0 998078.0 996955.0 1000467.0 993191.0 1005902.0 1004049.0 1000829.0 988968.0 1000351.0 1008086.0 1004896.0 1005479.0 1001565.0 1004451.0 1000136.0 1003946.0 1004839.0 1004500.0 994442.0 1010965.0 1004552.0 1009509.0 998628.0 990959.0 989897.0 996150.0 1000627.0 1003815.0 997552.0 1007825.0 1002314.0 1001296.0 996511.0 1003208.0 1000769.0 1001611.0 999770.0 1001415.0 998340.0 1002038.0 1000541.0 997201.0 996758.0 995531.0 1001293.0 991799.0 997112.0 1001351.0 1002060.0 995804.0 998978.0 999847.0 994928.0 1001655.0 998479.0 1005977.0 993727.0 1007201.0 1003130.0 1000273.0 997705.0 1000643.0 1007471.0 997613.0 999510.0 992064.0 996823.0 999420.0 995678.0 1006544.0 1001422.0 990434.0 996541.0 996581.0 995619.0 990862.0 1006364.0 994744.0 1001762.0 999205.0 1002715.0 1002718.0 998157.0 997379.0 1002210.0 1001849.0 1004962.0 1008835.0 999479.0 1000905.0 996630.0 993344.0 1003383.0 1003279.0 998299.0 1000273.0 1006425.0 994541.0 1001090.0 997272.0 998643.0 1004367.0 998634.0 1003491.0 1000221.0 999607.0 1004250.0 1002117.0 998429.0 1009357.0 1006465.0 992892.0 990566.0 995795.0 1001654.0 999049.0 1003237.0 996249.0 998895.0 1000184.0 995744.0 994261.0 ]

10014 actual elapsed

T=73802, R=0, W=0
T=84937, R=0, W=0
T=87438, R=0, W=0
T=88137, R=0, W=0
T=73722, R=0, W=0
T=86933, R=0, W=0
T=87493, R=0, W=0
T=84485, R=0, W=0
T=73572, R=0, W=0
T=87099, R=0, W=0
T=86847, R=0, W=0
T=84161, R=0, W=0
T=73877, R=0, W=0
T=87995, R=0, W=0
T=86913, R=0, W=0
T=84201, R=0, W=0
T=74000, R=0, W=0
T=87905, R=0, W=0
T=86415, R=0, W=0
T=84097, R=0, W=0
T=74163, R=0, W=0
T=87176, R=0, W=0
T=86813, R=0, W=0
T=84321, R=0, W=0
T=73747, R=0, W=0
T=88034, R=0, W=0
T=87935, R=0, W=0
T=84878, R=0, W=0
T=73237, R=0, W=0
T=86919, R=0, W=0
T=86697, R=0, W=0
T=84900, R=0, W=0
T=74635, R=0, W=0
T=86823, R=0, W=0
T=87290, R=0, W=0
T=84412, R=0, W=0
T=73720, R=0, W=0
T=86995, R=0, W=0
T=86927, R=0, W=0
T=83860, R=0, W=0
T=74495, R=0, W=0
T=87895, R=0, W=0
T=86549, R=0, W=0
T=84634, R=0, W=0
T=74423, R=0, W=0
T=87677, R=0, W=0
T=87874, R=0, W=0
T=83510, R=0, W=0
T=74422, R=0, W=0
T=88074, R=0, W=0
T=86741, R=0, W=0
T=85030, R=0, W=0
T=74166, R=0, W=0
T=87345, R=0, W=0
T=87136, R=0, W=0
T=84762, R=0, W=0
T=74478, R=0, W=0
T=87646, R=0, W=0
T=87862, R=0, W=0
T=84358, R=0, W=0
T=86732, R=0, W=0
T=84582, R=0, W=0
T=73953, R=0, W=0
T=86384, R=0, W=0
T=87075, R=0, W=0
T=84146, R=0, W=0
T=74041, R=0, W=0
T=87485, R=0, W=0
T=86637, R=0, W=0
T=83918, R=0, W=0
T=73907, R=0, W=0
T=85890, R=0, W=0
T=87661, R=0, W=0
T=83814, R=0, W=0
T=73859, R=0, W=0
T=87281, R=0, W=0
T=87424, R=0, W=0
T=83917, R=0, W=0
T=74222, R=0, W=0
T=87049, R=0, W=0
T=86411, R=0, W=0
T=84424, R=0, W=0
T=73978, R=0, W=0
T=86952, R=0, W=0
T=87739, R=0, W=0
T=83968, R=0, W=0
T=74876, R=0, W=0
T=86689, R=0, W=0
T=87555, R=0, W=0
T=84655, R=0, W=0
T=73790, R=0, W=0
T=86051, R=0, W=0
T=86710, R=0, W=0
T=83888, R=0, W=0
T=73841, R=0, W=0
T=86772, R=0, W=0
T=87267, R=0, W=0
T=84121, R=0, W=0
T=73825, R=0, W=0
T=87687, R=0, W=0
T=88082, R=0, W=0
T=84316, R=0, W=0
T=74708, R=0, W=0
T=87336, R=0, W=0
T=87386, R=0, W=0
T=84348, R=0, W=0
T=74052, R=0, W=0
T=7925, R=0, W=0
T=87810, R=0, W=0
T=83822, R=0, W=0
T=74774, R=0, W=0
T=86508, R=0, W=0
T=86730, R=0, W=0
T=84191, R=0, W=0
T=75161, R=0, W=0
T=86816, R=0, W=0
T=86240, R=0, W=0
T=84580, R=0, W=0
T=74055, R=0, W=0
T=86835, R=0, W=0
T=87953, R=0, W=0
T=83627, R=0, W=0
T=74310, R=0, W=0
T=87788, R=0, W=0
T=87506, R=0, W=0
T=84948, R=0, W=0
T=6024, R=0, W=0
T=86377, R=0, W=0

TOTAL: T=10501972, R=0, W=0
--- 14598 MB collected in 3.031 secs (9.4% of total), longest GC took 0.155 secs
DATA gc:  total_k 14949215  total_secs 3.03147  max_secs 0.1549
