startup =       4000
elapsed =       10000
threads =       64
accounts =      2048
init =          1000000
maxAmount =     10
readFreq =      0
writeFreq =     0
readThreads =   0
writeThreads =  0
disjointTrans = false
yieldALot =     false
flavour =       rfw

warming up
timed execution

TOTAL=2.04799949E9 [ 993334.0 988886.0 991891.0 1007703.0 997545.0 984863.0 1000487.0 996484.0 994094.0 994548.0 994340.0 988254.0 1014014.0 1008444.0 1013654.0 1007654.0 1006665.0 1000852.0 993863.0 1001408.0 1006099.0 999328.0 1007459.0 998638.0 997605.0 1009080.0 1001641.0 993645.0 1007214.0 997335.0 1005322.0 1007402.0 1014245.0 1008798.0 1005158.0 996409.0 1014016.0 998776.0 998303.0 1009804.0 997306.0 1001811.0 1003074.0 1015831.0 990074.0 989060.0 1000508.0 998407.0 1000246.0 999164.0 996882.0 998577.0 999083.0 1003158.0 991044.0 994932.0 996466.0 1005652.0 999913.0 1007011.0 1003371.0 998929.0 1002757.0 1002643.0 995301.0 1009318.0 1005712.0 999382.0 1011892.0 991754.0 993508.0 995213.0 1004392.0 1001246.0 1008502.0 1015126.0 1004128.0 1009352.0 986083.0 994452.0 1003048.0 1020937.0 990942.0 998190.0 1001003.0 1008367.0 991795.0 1013593.0 1004341.0 1004923.0 1002198.0 1003836.0 1004886.0 999240.0 997607.0 1005760.0 999140.0 999799.0 1004578.0 1011113.0 1002799.0 1005083.0 1003201.0 994479.0 1002397.0 999506.0 1009034.0 987070.0 1007271.0 990947.0 1021378.0 982301.0 997767.0 1000780.0 995426.0 1003187.0 1004545.0 1003777.0 1011171.0 1013117.0 1009379.0 1001488.0 1005933.0 992327.0 997505.0 1003630.0 1000723.0 1014936.0 982247.0 990202.0 1005774.0 997560.0 1002273.0 1000055.0 1002591.0 998330.0 985547.0 1003307.0 1002765.0 986764.0 986938.0 1001324.0 1007600.0 999659.0 986847.0 997198.0 997476.0 993992.0 986021.0 990846.0 993702.0 1009998.0 1002781.0 1005913.0 993195.0 999171.0 1005065.0 1007268.0 995443.0 985779.0 1005847.0 1008712.0 1002536.0 1005771.0 997265.0 991517.0 1003803.0 1007733.0 1012128.0 1015531.0 1004246.0 1005797.0 1006282.0 1007814.0 987755.0 1000586.0 989807.0 987266.0 1012802.0 1012570.0 986248.0 1002485.0 1020550.0 1001503.0 999609.0 999182.0 999875.0 1000120.0 1004173.0 999038.0 987998.0 994477.0 1003640.0 992131.0 1002176.0 986923.0 989210.0 993961.0 1013602.0 995006.0 1015279.0 997959.0 998734.0 1015650.0 1004379.0 1004355.0 995328.0 986175.0 996780.0 1015891.0 990138.0 981937.0 1000259.0 995371.0 1003846.0 1001518.0 1000624.0 998701.0 1019377.0 998983.0 998841.0 998007.0 992583.0 995129.0 984422.0 991928.0 1002591.0 999719.0 995622.0 999275.0 1006063.0 995531.0 987764.0 995375.0 990949.0 990295.0 995849.0 1006968.0 990766.0 995893.0 988928.0 993866.0 1016053.0 1001984.0 1018776.0 999447.0 1018801.0 982643.0 1004117.0 1012848.0 1000434.0 998501.0 989578.0 1001097.0 987723.0 997939.0 986289.0 995041.0 1003185.0 998764.0 999551.0 1001025.0 1005890.0 1009973.0 1000755.0 1013523.0 998749.0 1001809.0 985650.0 1002822.0 998961.0 986662.0 1009322.0 1002246.0 1013681.0 994824.0 994713.0 998595.0 1002143.0 991485.0 995754.0 1001173.0 996125.0 1011790.0 1006102.0 991910.0 995830.0 982133.0 1007906.0 1002800.0 1001870.0 988122.0 992886.0 998212.0 1001732.0 992202.0 995800.0 999931.0 999111.0 998596.0 1002454.0 992887.0 990032.0 1012327.0 1008740.0 1004195.0 989837.0 1005400.0 1011999.0 1001977.0 1004813.0 999048.0 997383.0 996744.0 1005712.0 1003756.0 986974.0 993082.0 986827.0 985512.0 985686.0 994674.0 994031.0 998517.0 1007672.0 986644.0 996130.0 993983.0 985604.0 995390.0 988449.0 993315.0 1003447.0 1004007.0 1011682.0 1011120.0 1011152.0 995308.0 1008247.0 993476.0 992959.0 993988.0 1001463.0 995459.0 999828.0 1004693.0 998730.0 992469.0 1002927.0 996234.0 1003765.0 995476.0 1001708.0 1009810.0 1000821.0 1003047.0 987944.0 1011300.0 1006590.0 991819.0 998212.0 974697.0 984870.0 976385.0 1007373.0 1008319.0 1004099.0 996795.0 1005465.0 1004988.0 1003686.0 999980.0 1001663.0 1001936.0 991084.0 1009475.0 1006272.0 1004253.0 990937.0 989426.0 1008737.0 997015.0 992720.0 998100.0 1007411.0 997613.0 992578.0 994115.0 987781.0 1005677.0 1014333.0 1006354.0 995757.0 990145.0 1008791.0 1007227.0 993900.0 991744.0 1025254.0 997032.0 1000418.0 1009629.0 1018699.0 1007387.0 988542.0 990999.0 998197.0 992229.0 993565.0 999459.0 998442.0 992733.0 1000463.0 993382.0 991261.0 1004894.0 1012810.0 993908.0 1007810.0 979888.0 1018905.0 1006969.0 995112.0 1003723.0 1005764.0 1007157.0 1016387.0 989502.0 1003244.0 1003311.0 1003901.0 995707.0 1001415.0 1007155.0 992738.0 1014072.0 1023875.0 988855.0 993770.0 998382.0 995488.0 997591.0 1012156.0 1003036.0 1006452.0 1002894.0 1003023.0 987225.0 989780.0 1005828.0 1006334.0 1001228.0 994922.0 994072.0 998361.0 1003602.0 1004857.0 1004483.0 996154.0 1004876.0 993806.0 1008482.0 1009022.0 996485.0 1002064.0 988865.0 1006858.0 1015460.0 1002182.0 1003028.0 1004041.0 1004881.0 1012589.0 990405.0 1007980.0 996562.0 987838.0 1007693.0 999287.0 1004781.0 1004683.0 1003406.0 1005067.0 1010401.0 999016.0 998297.0 1008154.0 1003780.0 986431.0 1010296.0 988956.0 993746.0 988073.0 985560.0 990722.0 995887.0 978553.0 1006300.0 997479.0 1004826.0 991965.0 1015967.0 1007008.0 1011948.0 1015725.0 992177.0 997444.0 1003707.0 1001643.0 990843.0 1002799.0 1001251.0 1009942.0 1000104.0 986950.0 985853.0 988321.0 1006915.0 1001905.0 1008537.0 992150.0 1010540.0 1001516.0 995360.0 1016804.0 997301.0 1010414.0 993118.0 980175.0 1003015.0 1012853.0 1004265.0 997939.0 992611.0 996231.0 990169.0 1016892.0 990852.0 1019622.0 995005.0 988613.0 1009814.0 1000382.0 1025935.0 1010326.0 992448.0 1001821.0 994220.0 993000.0 998587.0 991929.0 995571.0 1010747.0 1003854.0 999230.0 1012952.0 1005472.0 1006991.0 996933.0 1006184.0 1010142.0 995731.0 983627.0 999249.0 994724.0 988071.0 997223.0 999276.0 1009211.0 1004337.0 1001256.0 1007979.0 1002101.0 997804.0 994704.0 1006469.0 990920.0 1007856.0 1017695.0 995873.0 986008.0 991230.0 1000676.0 1005750.0 998168.0 999613.0 1001363.0 1001132.0 1009741.0 999697.0 1009887.0 997659.0 988926.0 995923.0 1004792.0 995336.0 1005117.0 1013742.0 988646.0 990139.0 1000898.0 1016933.0 997662.0 998663.0 999231.0 998156.0 993339.0 999483.0 1005160.0 1000167.0 1005203.0 994324.0 1006447.0 1005710.0 994343.0 1005193.0 998624.0 998568.0 988418.0 987375.0 1002166.0 1000813.0 999346.0 1005626.0 995610.0 1009047.0 989270.0 1015775.0 1008403.0 987523.0 996227.0 992833.0 1012385.0 1005087.0 1021252.0 1006245.0 991863.0 999395.0 997227.0 1010373.0 988881.0 989083.0 1008250.0 996080.0 980457.0 1004112.0 1005035.0 1012150.0 1002946.0 998616.0 993520.0 989999.0 998068.0 1008928.0 1011737.0 994638.0 1012939.0 998530.0 1012074.0 998036.0 992867.0 1014387.0 1004109.0 1004389.0 1001587.0 1001431.0 1019603.0 992931.0 1003410.0 979113.0 995942.0 1007652.0 1004600.0 989377.0 998406.0 987252.0 995624.0 984743.0 1004053.0 1013212.0 998168.0 1004845.0 991670.0 1000404.0 1009548.0 991477.0 1006518.0 1004255.0 983876.0 1000387.0 1013057.0 987460.0 1002069.0 1002701.0 1003514.0 1008131.0 997696.0 994245.0 990890.0 1002231.0 1012944.0 994731.0 1003774.0 1001910.0 999473.0 999861.0 999120.0 1011547.0 1000149.0 998683.0 998519.0 986952.0 998158.0 992575.0 1012309.0 984312.0 1008019.0 1002598.0 991392.0 1014086.0 1000485.0 990890.0 1004938.0 1001754.0 1014561.0 995622.0 991149.0 1006127.0 1008877.0 986720.0 1006443.0 994068.0 1003125.0 1007905.0 986130.0 1006694.0 1010619.0 1005767.0 1004340.0 1000892.0 991171.0 1002118.0 999816.0 1013983.0 1009037.0 1004564.0 999124.0 1007890.0 999663.0 1004190.0 1000201.0 1002814.0 997833.0 994935.0 1011095.0 1000558.0 1003372.0 974176.0 1009363.0 1005741.0 997296.0 998634.0 998105.0 986277.0 996811.0 1002818.0 1003282.0 1001030.0 1004036.0 1001521.0 1004081.0 1000960.0 1007045.0 1001520.0 1008588.0 986428.0 1010394.0 989354.0 994937.0 1004286.0 1000405.0 993255.0 1011312.0 1008644.0 1007474.0 990714.0 995263.0 995984.0 1007760.0 994239.0 998273.0 999120.0 999141.0 994045.0 1002877.0 1006849.0 1005437.0 999611.0 990180.0 991940.0 1000926.0 1005481.0 1001102.0 1003526.0 999406.0 1001307.0 996045.0 1004145.0 1003025.0 986171.0 994700.0 993873.0 1015409.0 996989.0 1016206.0 1003471.0 995152.0 1010962.0 1012242.0 987389.0 1001623.0 990908.0 992025.0 996988.0 1001255.0 1010177.0 979976.0 1004535.0 994497.0 1001530.0 1016872.0 1007490.0 985812.0 1013962.0 1008959.0 998634.0 993032.0 1017114.0 996777.0 997532.0 997035.0 1006526.0 986205.0 1002651.0 1005081.0 1014919.0 993820.0 1001469.0 994139.0 995804.0 1002101.0 1003271.0 1008623.0 991907.0 1006897.0 1011505.0 994305.0 975488.0 993772.0 999106.0 999783.0 1006578.0 1000748.0 994797.0 1008727.0 996054.0 1008356.0 997766.0 998037.0 997617.0 1011412.0 1011801.0 1010261.0 1002332.0 998570.0 1004242.0 1002617.0 985330.0 1003440.0 990508.0 1006956.0 1002416.0 995539.0 996346.0 1001515.0 998738.0 1009748.0 1013070.0 1000910.0 1013972.0 985669.0 1002791.0 995476.0 989484.0 1003668.0 1002648.0 1000515.0 1002338.0 1002831.0 984807.0 1001901.0 990546.0 995202.0 1000719.0 997342.0 1006520.0 1005014.0 993087.0 999941.0 994318.0 994853.0 1003270.0 999034.0 996888.0 995034.0 1002434.0 986256.0 999558.0 1011096.0 990535.0 1000841.0 999071.0 991615.0 1001249.0 1007377.0 1011867.0 999344.0 990517.0 993932.0 990686.0 987825.0 1009370.0 1002205.0 997065.0 994724.0 996452.0 995006.0 1008159.0 1006864.0 999025.0 995211.0 1003039.0 997315.0 999074.0 1011046.0 989090.0 1009412.0 995669.0 1003438.0 997303.0 990829.0 1007908.0 998293.0 997759.0 1001971.0 1006358.0 997000.0 1004064.0 997194.0 1007459.0 994891.0 1006912.0 988645.0 1004977.0 1011436.0 994022.0 1013259.0 995201.0 1001033.0 1006538.0 1002221.0 1000685.0 1007371.0 992451.0 992862.0 996980.0 1000019.0 984274.0 988980.0 1012074.0 993810.0 983456.0 999310.0 994098.0 1011288.0 1005871.0 1010478.0 999796.0 988153.0 1009433.0 996588.0 1000353.0 1004319.0 983558.0 992909.0 997792.0 1007235.0 1012237.0 1011029.0 1010632.0 996550.0 1001815.0 1001124.0 986514.0 1000163.0 1004681.0 1008204.0 1017874.0 987957.0 1001567.0 991659.0 1003302.0 1010375.0 995843.0 986798.0 986918.0 1002574.0 1000020.0 995168.0 1009978.0 987326.0 983037.0 1007331.0 1002190.0 986207.0 1005746.0 988878.0 1000482.0 997287.0 999539.0 1001118.0 1001372.0 1007344.0 986709.0 1004855.0 999329.0 999329.0 986097.0 995339.0 996070.0 1012349.0 1005247.0 991295.0 1008453.0 1011980.0 998124.0 1002571.0 1000832.0 998205.0 1000892.0 995475.0 1008152.0 995540.0 995592.0 991030.0 987037.0 985478.0 1000177.0 1006824.0 985807.0 997154.0 985867.0 995133.0 995903.0 993194.0 994967.0 1004323.0 989161.0 1015694.0 996620.0 994874.0 1003384.0 1003364.0 993629.0 998109.0 1006036.0 1006676.0 987064.0 1014147.0 1000631.0 986782.0 1010818.0 1010610.0 987458.0 990760.0 1003194.0 1000475.0 999963.0 1003039.0 997844.0 995938.0 1002332.0 1000445.0 997551.0 1005725.0 1001245.0 996503.0 998054.0 1003457.0 1008724.0 991302.0 984879.0 1005778.0 1003702.0 995355.0 997350.0 1013358.0 1004960.0 995446.0 995762.0 1002421.0 989892.0 1001533.0 1013860.0 991268.0 1012457.0 1006841.0 981071.0 1004027.0 994471.0 993995.0 994633.0 1004889.0 993595.0 999453.0 975201.0 988001.0 984815.0 982233.0 992451.0 1015509.0 1007442.0 984245.0 1002581.0 1006573.0 1002306.0 1014754.0 996933.0 1011054.0 999103.0 992555.0 988612.0 1000758.0 1017654.0 985311.0 994117.0 990452.0 984870.0 1005436.0 1003492.0 992292.0 1003886.0 997389.0 1001889.0 997771.0 1008284.0 996289.0 1005617.0 1011642.0 996271.0 1007373.0 996872.0 999645.0 995113.0 995538.0 991057.0 982620.0 996447.0 1004957.0 1000026.0 1008064.0 997552.0 1009173.0 1001798.0 995791.0 1005783.0 996468.0 993404.0 998021.0 994855.0 1007664.0 993001.0 996542.0 1012031.0 1008683.0 989337.0 1002729.0 992491.0 1003752.0 996456.0 988508.0 999201.0 991753.0 999359.0 1004689.0 999410.0 1001443.0 997687.0 986399.0 1005811.0 997354.0 1006654.0 1007492.0 1000637.0 1005175.0 1010513.0 1000304.0 1015007.0 1009644.0 1011221.0 1004030.0 981700.0 999280.0 993007.0 999857.0 997964.0 1005696.0 1000541.0 1006615.0 1004948.0 1000425.0 996819.0 1003471.0 999425.0 1008966.0 1003710.0 1001860.0 994843.0 1004550.0 997072.0 1003966.0 1006845.0 1006054.0 999536.0 1005765.0 1004700.0 1005825.0 992369.0 998112.0 1004631.0 988263.0 988974.0 1006202.0 998310.0 980367.0 1008007.0 1008100.0 995275.0 990416.0 990365.0 983857.0 997291.0 999799.0 1000933.0 1006752.0 997750.0 977367.0 1005261.0 993750.0 997984.0 998595.0 999055.0 1005511.0 989985.0 1009669.0 1002730.0 987388.0 987904.0 987561.0 998350.0 995230.0 998318.0 989581.0 998368.0 1001358.0 1000258.0 993794.0 980442.0 1000917.0 1004804.0 995527.0 993518.0 985674.0 1009947.0 1008041.0 984251.0 1011992.0 1000929.0 990210.0 1001682.0 988297.0 991800.0 992819.0 996273.0 1005324.0 1010012.0 1000550.0 1003466.0 1000904.0 989852.0 990053.0 1021307.0 1000639.0 999774.0 1012035.0 992381.0 993585.0 985461.0 1001615.0 990939.0 987055.0 987512.0 1004660.0 998287.0 1009514.0 991471.0 994991.0 1003643.0 981582.0 1002531.0 1006272.0 999089.0 988676.0 1009565.0 1017841.0 1000100.0 1004297.0 1002328.0 1012570.0 997011.0 1005726.0 1005393.0 998333.0 1004504.0 996243.0 998169.0 1009174.0 1004981.0 996068.0 1008121.0 1003539.0 1006225.0 1008134.0 1006486.0 1005978.0 1000707.0 982808.0 992012.0 1001533.0 1003517.0 991815.0 994006.0 1000380.0 1016310.0 1006834.0 1009065.0 991556.0 993522.0 999691.0 1010934.0 997411.0 1013903.0 1003695.0 1023251.0 1007343.0 985524.0 998153.0 995436.0 999129.0 992927.0 1003181.0 997495.0 1019559.0 992417.0 996317.0 1001575.0 989075.0 996231.0 1010509.0 1000120.0 994106.0 1004175.0 998840.0 1000011.0 1008319.0 990003.0 998425.0 990253.0 1008104.0 988869.0 994213.0 994584.0 999205.0 1001479.0 1004386.0 1006088.0 1005273.0 1003743.0 995035.0 1001009.0 990653.0 1001335.0 1005583.0 992896.0 1002004.0 1000527.0 1006038.0 1002305.0 1000577.0 992109.0 1003901.0 1008565.0 998298.0 997354.0 994966.0 1005435.0 1010588.0 990966.0 1014030.0 1000597.0 1003164.0 1005644.0 997930.0 984099.0 995099.0 1001102.0 987578.0 1003302.0 999836.0 997393.0 1000721.0 1005127.0 991072.0 997934.0 994660.0 1012676.0 1001657.0 999673.0 982221.0 993388.0 1000836.0 1001486.0 996392.0 1002486.0 991541.0 994142.0 991271.0 1003093.0 1003448.0 988668.0 990078.0 993290.0 1007786.0 997201.0 1013224.0 1007140.0 1007066.0 1016902.0 995294.0 1007778.0 994831.0 984810.0 1004291.0 997883.0 987410.0 992179.0 1006135.0 1000007.0 1010709.0 1007573.0 1004267.0 998936.0 994744.0 998386.0 979319.0 1005408.0 993250.0 988885.0 993521.0 1011101.0 1008803.0 1004247.0 995377.0 995765.0 1005794.0 1000055.0 1008846.0 998270.0 992567.0 994700.0 993952.0 1001097.0 1013054.0 997992.0 992454.0 998265.0 1012870.0 1006631.0 1010713.0 988336.0 1005629.0 998945.0 1003759.0 1005489.0 995110.0 988639.0 1001660.0 1000137.0 987873.0 1012449.0 1001910.0 1015844.0 1007953.0 991364.0 992966.0 1005121.0 992499.0 1005150.0 995137.0 989787.0 1006269.0 984474.0 1003061.0 992030.0 1001672.0 992073.0 998671.0 996364.0 1013024.0 993851.0 1002822.0 990736.0 989286.0 1003982.0 1001891.0 1000874.0 999503.0 989798.0 1013931.0 1000490.0 1007633.0 997755.0 1003030.0 1005948.0 993636.0 981608.0 997671.0 998393.0 1021541.0 1013570.0 997306.0 1010932.0 1004338.0 1011504.0 1007027.0 998228.0 1007501.0 993743.0 993486.0 995394.0 1004306.0 1001062.0 1006920.0 993631.0 1006349.0 1002848.0 1005575.0 997503.0 1008892.0 993399.0 1004545.0 989724.0 991353.0 1001517.0 1003448.0 995065.0 998312.0 996028.0 987275.0 990600.0 1005018.0 999982.0 1026005.0 1006548.0 1011233.0 1005530.0 993056.0 1014837.0 986365.0 1001703.0 992836.0 1009075.0 1003361.0 986388.0 1008162.0 1003319.0 1014066.0 1006353.0 998379.0 1009516.0 995024.0 992594.0 1000484.0 1000190.0 988237.0 1002403.0 999352.0 989169.0 1002696.0 1004925.0 1009365.0 998881.0 998765.0 1001942.0 1001902.0 1007793.0 1010825.0 993573.0 1007678.0 1017575.0 991027.0 986654.0 992488.0 984756.0 1002566.0 1003946.0 990677.0 996515.0 1001686.0 1000228.0 1014763.0 1003471.0 1006362.0 994558.0 1008840.0 981773.0 998642.0 1006134.0 992003.0 1003686.0 992710.0 999571.0 998260.0 1011066.0 1009193.0 1002696.0 1007681.0 1012986.0 1005361.0 996387.0 1012611.0 993246.0 990998.0 998974.0 994178.0 992952.0 1006476.0 994508.0 1009025.0 1000885.0 984517.0 998163.0 1005908.0 1009578.0 1007008.0 1010361.0 1010575.0 987765.0 1007179.0 1002291.0 989936.0 1001270.0 986424.0 1002009.0 1008118.0 1002742.0 1022511.0 991854.0 995555.0 1012800.0 1006627.0 1000982.0 1008906.0 996860.0 1005035.0 1001156.0 998133.0 993971.0 1000209.0 993879.0 1012192.0 993258.0 985335.0 1002097.0 1008075.0 998502.0 1001376.0 990352.0 996029.0 999953.0 996030.0 1008041.0 991081.0 1008574.0 992158.0 999744.0 997987.0 1003680.0 1003780.0 1008449.0 1000389.0 1002532.0 1005836.0 986977.0 1001598.0 1000501.0 981715.0 994234.0 1001301.0 984955.0 1011555.0 1004482.0 999075.0 994411.0 993231.0 991881.0 998753.0 996707.0 1000732.0 1008859.0 1010951.0 992851.0 999700.0 1012533.0 1006736.0 1003209.0 1018057.0 1003669.0 1013987.0 1001957.0 1009218.0 990966.0 991982.0 1010627.0 998815.0 1003745.0 1010343.0 988072.0 1000758.0 997300.0 995199.0 1007839.0 990538.0 998407.0 999796.0 1009724.0 984490.0 1003941.0 1020194.0 996074.0 1011022.0 989490.0 986351.0 1012229.0 1012995.0 1002358.0 1001777.0 990672.0 990384.0 998063.0 1004100.0 986067.0 992991.0 1003101.0 997374.0 988971.0 1001906.0 1006402.0 1001713.0 997012.0 1006498.0 995423.0 1000743.0 997475.0 985941.0 1006558.0 984930.0 993914.0 1005964.0 1000664.0 1009021.0 999011.0 984580.0 988993.0 1003573.0 994423.0 1005432.0 1005375.0 990302.0 991530.0 1009678.0 1013080.0 1012739.0 997000.0 1014305.0 998510.0 1000440.0 986887.0 1003584.0 993584.0 1007984.0 999539.0 996781.0 1005815.0 998846.0 1001031.0 1012233.0 999359.0 1003263.0 994938.0 1001903.0 1002042.0 998626.0 995293.0 999897.0 1012017.0 1001688.0 1014499.0 1002865.0 985010.0 976984.0 992550.0 987375.0 1011024.0 1002360.0 1003527.0 1001276.0 1000663.0 1005269.0 998265.0 986236.0 1007731.0 1009868.0 987235.0 1005535.0 994222.0 983541.0 992968.0 992926.0 1015435.0 1002388.0 987665.0 1004771.0 1002385.0 992790.0 997787.0 1012205.0 989011.0 1005283.0 996198.0 992270.0 1006791.0 1005959.0 984520.0 1006356.0 992351.0 1017933.0 999629.0 993996.0 1010379.0 1003332.0 1006938.0 1005958.0 973942.0 1020228.0 1000053.0 1003092.0 1004938.0 983750.0 1003974.0 1002161.0 1008416.0 1007279.0 1010133.0 1003066.0 997922.0 1008946.0 990971.0 1001430.0 987960.0 1006367.0 994416.0 1001405.0 993490.0 1003526.0 996910.0 994997.0 1006075.0 1000022.0 998366.0 1002238.0 1002273.0 1006506.0 1001085.0 991763.0 997536.0 1008201.0 1001352.0 999682.0 993558.0 996069.0 990745.0 1012680.0 988690.0 1000455.0 1009560.0 1000907.0 995776.0 995176.0 994775.0 995775.0 995950.0 1001232.0 1011375.0 1017165.0 991871.0 1008654.0 993015.0 996477.0 1016437.0 990188.0 999316.0 993713.0 1004202.0 1002706.0 1007639.0 995526.0 998440.0 994992.0 1001194.0 1005884.0 997916.0 1010369.0 1002224.0 1003390.0 995567.0 998174.0 999033.0 1004254.0 1009215.0 998562.0 1007320.0 999370.0 1000652.0 999234.0 997851.0 998563.0 1001761.0 1003449.0 1005996.0 1005392.0 997881.0 1007719.0 999337.0 986922.0 989359.0 1001008.0 997369.0 1002919.0 1007596.0 1010271.0 1010738.0 991356.0 982298.0 993087.0 997407.0 996978.0 1005858.0 997633.0 1005809.0 1004341.0 1009968.0 1001703.0 1005650.0 1010405.0 1004255.0 1003687.0 998760.0 1001762.0 998397.0 1007529.0 1002772.0 994576.0 1007174.0 996403.0 1013729.0 1006929.0 995716.0 1006164.0 996658.0 996366.0 1011401.0 993397.0 1002681.0 989194.0 995442.0 999455.0 1002707.0 994121.0 1000388.0 1002681.0 996884.0 997404.0 1007999.0 991689.0 1006619.0 999083.0 995977.0 997190.0 991343.0 998692.0 1015149.0 999743.0 999803.0 1001928.0 989108.0 1008991.0 992224.0 998565.0 995285.0 991403.0 992582.0 1011696.0 1016179.0 1005892.0 1006498.0 998699.0 991037.0 994828.0 990063.0 1005085.0 991176.0 987486.0 992767.0 1000182.0 1006200.0 998220.0 989561.0 ]

10002 actual elapsed

T=777594, R=0, W=0
T=1433082, R=0, W=0
T=929868, R=0, W=0
T=997747, R=0, W=0
T=893376, R=0, W=0
T=907226, R=0, W=0
T=1362674, R=0, W=0
T=763901, R=0, W=0
T=1303802, R=0, W=0
T=1287883, R=0, W=0
T=1523390, R=0, W=0
T=1224958, R=0, W=0
T=921480, R=0, W=0
T=1106234, R=0, W=0
T=1064591, R=0, W=0
T=1122447, R=0, W=0
T=1360535, R=0, W=0
T=696536, R=0, W=0
T=732120, R=0, W=0
T=1224818, R=0, W=0
T=1019199, R=0, W=0
T=1274332, R=0, W=0
T=904044, R=0, W=0
T=1133266, R=0, W=0
T=1302800, R=0, W=0
T=1357687, R=0, W=0
T=1142387, R=0, W=0
T=1676946, R=0, W=0
T=913900, R=0, W=0
T=1528779, R=0, W=0
T=864050, R=0, W=0
T=1242468, R=0, W=0
T=1273371, R=0, W=0
T=737808, R=0, W=0
T=1555951, R=0, W=0
T=1651703, R=0, W=0
T=1156739, R=0, W=0
T=940628, R=0, W=0
T=997748, R=0, W=0
T=936608, R=0, W=0
T=1145249, R=0, W=0
T=1022566, R=0, W=0
T=1047717, R=0, W=0
T=1143997, R=0, W=0
T=1558759, R=0, W=0
T=1367561, R=0, W=0
T=1245960, R=0, W=0
T=1023476, R=0, W=0
T=1193925, R=0, W=0
T=1066970, R=0, W=0
T=913198, R=0, W=0
T=1372884, R=0, W=0
T=1197968, R=0, W=0
T=1017298, R=0, W=0
T=1089577, R=0, W=0
T=1106453, R=0, W=0
T=1284385, R=0, W=0
T=1152799, R=0, W=0
T=1700669, R=0, W=0
T=1141164, R=0, W=0
T=1161863, R=0, W=0
T=1370911, R=0, W=0
T=1461023, R=0, W=0
T=958509, R=0, W=0

TOTAL: T=73989557, R=0, W=0
--- 55,596 MB collected in 0.109 secs (0.8% of total), longest GC took 0.006 secs
DATA gc:  total_k 56931116  total_secs 0.108946  max_secs 0.005598
