startup =       4000
elapsed =       10000
threads =       8
accounts =      512
init =          1000000
maxAmount =     10
readFreq =      0
writeFreq =     0
readThreads =   0
writeThreads =  0
disjointTrans = false
yieldALot =     false
flavour =       t

warming up
timed execution

TOTAL=5.12E8 [ 1001769.0 996172.0 1003973.0 995889.0 996645.0 997109.0 999226.0 998565.0 998703.0 1002152.0 996803.0 1000676.0 1001366.0 997970.0 997474.0 1002457.0 999590.0 1002786.0 1001532.0 1000141.0 1004922.0 1002553.0 996950.0 998972.0 1000372.0 1001085.0 998240.0 1000510.0 1000837.0 1001055.0 994439.0 1001486.0 999340.0 1003279.0 994863.0 1000562.0 998493.0 998367.0 1003381.0 1001657.0 995799.0 996110.0 998847.0 997124.0 1006459.0 1000556.0 998824.0 996149.0 996329.0 1006778.0 1002949.0 1006156.0 996372.0 1000175.0 1001796.0 999638.0 998006.0 995874.0 1000241.0 1006553.0 1009244.0 994675.0 1008121.0 998271.0 994426.0 999824.0 997525.0 1003875.0 1003964.0 997755.0 995791.0 994627.0 1009045.0 996579.0 1002309.0 994977.0 1002431.0 1003343.0 1004626.0 1001231.0 1000820.0 1001395.0 1001237.0 998876.0 1001228.0 998773.0 995737.0 999296.0 1003948.0 1002182.0 1002713.0 999542.0 1001036.0 1000127.0 1004621.0 1000645.0 996624.0 1001881.0 1000971.0 999479.0 999665.0 1001424.0 993209.0 1000771.0 1004453.0 997522.0 996324.0 996387.0 1001063.0 997391.0 1000025.0 1001145.0 1001400.0 1000824.0 1000480.0 999016.0 992913.0 998638.0 1004198.0 999508.0 999542.0 998822.0 999280.0 998146.0 1006163.0 997996.0 1001017.0 1004233.0 1000211.0 1002835.0 1005665.0 1007585.0 998710.0 1001700.0 1001852.0 994142.0 999381.0 996701.0 996103.0 999801.0 999075.0 1000313.0 995153.0 998616.0 990870.0 1001982.0 994769.0 1000034.0 999166.0 1000029.0 999105.0 1001231.0 998199.0 1001846.0 1002063.0 997879.0 996623.0 997957.0 1000829.0 1002156.0 993947.0 1001802.0 1002926.0 1000118.0 1003638.0 998685.0 1001910.0 995797.0 1000749.0 1001558.0 998718.0 999411.0 996392.0 994911.0 1001878.0 1000571.0 1006417.0 1000353.0 995965.0 995831.0 1000473.0 999653.0 1005221.0 998478.0 997645.0 1000233.0 1005168.0 994667.0 999982.0 1004629.0 997438.0 1002016.0 1001642.0 1002071.0 1002345.0 999554.0 993452.0 1002617.0 1002286.0 997785.0 1000361.0 997091.0 1001001.0 999598.0 998050.0 994153.0 1001814.0 1000080.0 1002645.0 1002069.0 990297.0 1004466.0 1004025.0 1000521.0 1003031.0 1001522.0 1001760.0 1002524.0 997933.0 997958.0 1001781.0 996912.0 997865.0 1001088.0 1000294.0 1003132.0 1003319.0 999284.0 995950.0 1000130.0 1000801.0 997498.0 998115.0 1006894.0 1005061.0 997200.0 1005847.0 1000956.0 1000854.0 994745.0 998683.0 999389.0 1002302.0 995428.0 995249.0 1002900.0 997052.0 1000804.0 993768.0 1001157.0 996273.0 999119.0 1000601.0 997824.0 996998.0 1005292.0 1002294.0 997259.0 1003518.0 1004149.0 997343.0 999217.0 997409.0 999393.0 999550.0 999936.0 994561.0 996808.0 997073.0 1002575.0 997733.0 996586.0 1001924.0 997712.0 997958.0 1000370.0 1001604.0 1002083.0 1000336.0 998815.0 998396.0 996308.0 997930.0 996749.0 996568.0 1002632.0 1001632.0 999722.0 999328.0 999331.0 1002815.0 1004756.0 996591.0 1003926.0 997636.0 995461.0 997680.0 997935.0 1000113.0 999076.0 1004398.0 1000956.0 1000038.0 999225.0 998310.0 1000943.0 999200.0 1005101.0 997210.0 999721.0 1006396.0 1001520.0 1001301.0 1001813.0 999254.0 1003817.0 997004.0 1005036.0 999500.0 1003034.0 995576.0 1002433.0 993052.0 996527.0 997770.0 1002878.0 1002174.0 1005417.0 1004125.0 1006464.0 999897.0 1002331.0 1000254.0 1000243.0 999649.0 998872.0 1003034.0 1005377.0 1002929.0 1004525.0 999782.0 1004223.0 1006579.0 998127.0 997233.0 1000838.0 997290.0 998069.0 1004340.0 998543.0 1001988.0 997564.0 1000089.0 999489.0 1001297.0 1000110.0 1003871.0 998662.0 997491.0 1001451.0 998276.0 999272.0 999396.0 999667.0 998759.0 998962.0 1002722.0 1000636.0 1004743.0 995990.0 997230.0 1001304.0 998605.0 1003028.0 1004690.0 1002866.0 1003675.0 998231.0 999861.0 1002633.0 994481.0 998737.0 1002462.0 997771.0 997960.0 1002798.0 999539.0 999720.0 999952.0 997173.0 996557.0 1004136.0 999039.0 997597.0 1000332.0 998788.0 995302.0 1006103.0 1002066.0 1004080.0 1001300.0 997286.0 1000200.0 996565.0 996610.0 995412.0 1003032.0 1004140.0 994394.0 997701.0 1003081.0 1000576.0 997574.0 1007030.0 1000769.0 1001537.0 999000.0 1000130.0 1001696.0 1002238.0 997626.0 997384.0 997198.0 1002524.0 1001830.0 1004825.0 998218.0 997304.0 997544.0 994093.0 999463.0 998489.0 1001703.0 1001049.0 1002850.0 997440.0 995393.0 1001284.0 993962.0 1002568.0 1003210.0 1000291.0 998805.0 1000508.0 1001348.0 999225.0 999425.0 999360.0 1002444.0 1002315.0 997992.0 998907.0 1003151.0 1001058.0 1000905.0 996728.0 992237.0 997853.0 997508.0 1003621.0 995191.0 995477.0 1002978.0 998760.0 999322.0 1003542.0 1004853.0 1000708.0 1008053.0 995187.0 1003510.0 1001334.0 998549.0 999620.0 999790.0 999603.0 998578.0 1002950.0 1000309.0 999596.0 1002432.0 1004818.0 999063.0 1000175.0 997667.0 1001217.0 993525.0 999886.0 999747.0 1002564.0 1002145.0 997750.0 1003144.0 998954.0 1004332.0 994137.0 998077.0 1001279.0 1000250.0 1003826.0 1000670.0 1000995.0 995488.0 1003704.0 993034.0 1003359.0 1003477.0 1003021.0 998523.0 996763.0 998234.0 998257.0 ]

10001 actual elapsed

T=6578929, R=0, W=0
T=6066711, R=0, W=0
T=6941888, R=0, W=0
T=6057576, R=0, W=0
T=6645967, R=0, W=0
T=5893879, R=0, W=0
T=6967916, R=0, W=0
T=5208451, R=0, W=0

TOTAL: T=50361317, R=0, W=0
--- 43,881 MB collected in 0.049 secs (0.3% of total), longest GC took 0.003 secs
DATA gc:  total_k 44934374  total_secs 0.049423  max_secs 0.002797
