startup =       4000
elapsed =       10000
threads =       64
accounts =      2048
init =          1000000
maxAmount =     10
readFreq =      0
writeFreq =     0
readThreads =   0
writeThreads =  0
disjointTrans = false
yieldALot =     false
flavour =       d

warming up
timed execution

TOTAL=2.04799795E9 [ 999996.0 1007968.0 998284.0 1004757.0 996836.0 1003983.0 998007.0 992854.0 1002665.0 991723.0 1017581.0 1012164.0 988079.0 1002123.0 992628.0 983678.0 1001561.0 1003655.0 999394.0 989649.0 1010702.0 1013259.0 1006987.0 1002314.0 1003260.0 994891.0 1000285.0 995421.0 995132.0 991778.0 1003121.0 1004541.0 1004015.0 999409.0 1000942.0 992547.0 998566.0 996561.0 1005120.0 995568.0 986022.0 1011086.0 1004720.0 991935.0 993403.0 998705.0 996135.0 993693.0 991982.0 999569.0 1003625.0 1004392.0 992670.0 988890.0 1004049.0 993030.0 1003166.0 1008510.0 1003844.0 995100.0 1008338.0 991830.0 997756.0 999222.0 1001977.0 992850.0 998946.0 982494.0 993485.0 999529.0 1000568.0 1003246.0 1009622.0 999291.0 998164.0 1013270.0 1017402.0 1006779.0 988416.0 1002098.0 987738.0 1019556.0 999240.0 993029.0 1008196.0 1007408.0 996141.0 995842.0 1006320.0 1004673.0 980887.0 1001866.0 990859.0 1002602.0 998795.0 1010956.0 1003418.0 1004102.0 1006237.0 1002918.0 989684.0 988383.0 1000484.0 1013490.0 1002131.0 978207.0 997386.0 1000099.0 1003199.0 990974.0 1007379.0 1005304.0 1002822.0 1012042.0 1002937.0 1001237.0 998893.0 1009564.0 1011583.0 1008392.0 999486.0 999342.0 997542.0 1004527.0 1008122.0 989588.0 994287.0 1007112.0 1014484.0 994053.0 997902.0 999141.0 1010194.0 1001171.0 1006001.0 997378.0 993778.0 1009839.0 993310.0 1002092.0 1011015.0 1004208.0 1001822.0 1005486.0 994094.0 1002876.0 1002966.0 1007638.0 1012535.0 999886.0 995499.0 1007447.0 1004155.0 997671.0 1002329.0 986505.0 994319.0 1010592.0 991335.0 1013509.0 1007003.0 1003284.0 1003815.0 994713.0 1006947.0 999596.0 982369.0 996129.0 992617.0 1000969.0 1006147.0 1009839.0 1007166.0 1016136.0 1010976.0 1004823.0 999428.0 997383.0 993005.0 993242.0 1005370.0 1000815.0 1006038.0 1007710.0 993692.0 1003065.0 1001823.0 1001813.0 992190.0 989949.0 1000071.0 993314.0 1002895.0 1004942.0 992451.0 984699.0 1003228.0 1002838.0 1009943.0 982878.0 990518.0 1009114.0 998367.0 1003318.0 1011007.0 999506.0 1002146.0 1000678.0 987559.0 995030.0 992470.0 989585.0 998565.0 993297.0 1009633.0 1008888.0 1004405.0 993037.0 997249.0 1005611.0 981332.0 1003283.0 997350.0 1003361.0 1000008.0 1016259.0 994115.0 998884.0 993772.0 994680.0 1009320.0 990969.0 996778.0 1012522.0 1000769.0 984598.0 994134.0 990285.0 1008020.0 1003046.0 983154.0 1008004.0 1000883.0 995871.0 1001085.0 1012786.0 1008715.0 1008678.0 1000183.0 1001031.0 1002681.0 997129.0 1010135.0 1016844.0 1003145.0 995057.0 995530.0 999014.0 1007061.0 1007900.0 1014919.0 1001992.0 1010932.0 1000929.0 1010953.0 992037.0 986884.0 1000988.0 1006729.0 994201.0 984045.0 995526.0 998254.0 1004209.0 1003267.0 989924.0 994832.0 1015737.0 997676.0 988293.0 1010495.0 1007887.0 1003372.0 1013050.0 994315.0 993942.0 998787.0 996751.0 1007109.0 997492.0 985708.0 1001344.0 982666.0 1003391.0 1000026.0 1003557.0 999837.0 987018.0 997349.0 1008237.0 1005921.0 995957.0 980181.0 1010587.0 998315.0 1007785.0 983374.0 1005000.0 993571.0 989038.0 996718.0 994423.0 1001155.0 995998.0 993828.0 1001139.0 990510.0 993879.0 1000121.0 994160.0 991663.0 996318.0 1000595.0 1005703.0 1002092.0 1006096.0 1007240.0 991490.0 1002879.0 986011.0 994830.0 1000383.0 1006715.0 998671.0 989236.0 997673.0 1004254.0 1004933.0 988894.0 1005888.0 988540.0 998749.0 1014519.0 1003919.0 1011705.0 1000418.0 997285.0 1004972.0 996095.0 1002645.0 993269.0 1001499.0 999908.0 979967.0 992878.0 1010239.0 990296.0 1003582.0 982697.0 1001666.0 1012284.0 1007999.0 1006909.0 1002207.0 999513.0 988984.0 999924.0 996158.0 997323.0 1003165.0 996721.0 1007832.0 1002523.0 1000169.0 993684.0 996237.0 1002193.0 986299.0 1005458.0 992582.0 999075.0 1001024.0 996617.0 1008790.0 990701.0 1002492.0 1006705.0 998327.0 991122.0 994862.0 1003801.0 999863.0 983977.0 1007182.0 1003617.0 1006970.0 1003216.0 988639.0 1007964.0 1005344.0 1004122.0 993229.0 1002199.0 1018215.0 1001262.0 996330.0 999563.0 999336.0 999729.0 1000548.0 1009186.0 995738.0 995963.0 998928.0 993202.0 992099.0 998625.0 1001365.0 997463.0 1001902.0 1002184.0 995875.0 990521.0 994794.0 993905.0 1013599.0 1016549.0 1002204.0 997376.0 996307.0 986151.0 995899.0 992487.0 997998.0 991984.0 1011326.0 999308.0 1004595.0 1006119.0 1001904.0 991386.0 1003696.0 1003012.0 993694.0 994992.0 998616.0 997856.0 1003806.0 1006080.0 1006151.0 1016795.0 1011095.0 1001611.0 1009744.0 1008381.0 1001436.0 1003826.0 991947.0 1000711.0 996789.0 994701.0 1000919.0 1008978.0 987685.0 1000885.0 998774.0 996927.0 998518.0 992424.0 1003386.0 1000752.0 995128.0 1009724.0 994176.0 988697.0 1005079.0 1002562.0 1000244.0 993338.0 1008291.0 991464.0 992101.0 1005070.0 988133.0 1006440.0 1015693.0 1000528.0 1009429.0 1004882.0 1009584.0 1000056.0 996122.0 980678.0 1000357.0 1004218.0 984013.0 989950.0 1010058.0 1000084.0 1006014.0 1013612.0 1006040.0 1006419.0 995389.0 1002320.0 1003788.0 1002833.0 999015.0 1000314.0 999685.0 997386.0 993406.0 1001419.0 993256.0 1000554.0 994629.0 1007124.0 1001408.0 998725.0 1007887.0 1010201.0 1002324.0 996560.0 999670.0 1005606.0 1002278.0 998417.0 990016.0 1006682.0 989588.0 996849.0 1002861.0 999629.0 995319.0 985247.0 1009627.0 1000225.0 982522.0 1000471.0 985771.0 999431.0 994592.0 991282.0 995334.0 1014922.0 991017.0 1009947.0 1001740.0 1003452.0 992756.0 1005292.0 995052.0 1000346.0 999257.0 997268.0 1002259.0 1008012.0 987507.0 995092.0 999600.0 990389.0 1001995.0 1001666.0 1008882.0 997760.0 994182.0 1018539.0 991125.0 992074.0 999055.0 1018630.0 990399.0 995813.0 991822.0 998409.0 1002499.0 996354.0 997123.0 1005509.0 997751.0 995089.0 1006269.0 1004616.0 993842.0 1015692.0 988583.0 1005435.0 999640.0 995999.0 1006546.0 982577.0 1001607.0 1004377.0 1002181.0 1005200.0 986776.0 1009995.0 999481.0 1001413.0 994956.0 993636.0 1000307.0 996203.0 1003953.0 1010284.0 1003640.0 1000145.0 1008325.0 1006882.0 1012298.0 1007235.0 1005435.0 1001169.0 994877.0 1015246.0 1001046.0 1002134.0 998740.0 1000775.0 1003280.0 995837.0 995711.0 1006552.0 995894.0 988844.0 1002914.0 1005915.0 999672.0 995966.0 1002765.0 998055.0 1008049.0 1000904.0 991036.0 1005938.0 1001881.0 1000388.0 992079.0 1000586.0 999376.0 1003610.0 992015.0 1006133.0 989407.0 993795.0 992981.0 1004901.0 988581.0 1003576.0 995105.0 994702.0 987491.0 992113.0 1014594.0 1013775.0 997336.0 997294.0 1000582.0 994356.0 996388.0 1002957.0 985656.0 990177.0 984862.0 994754.0 997313.0 991657.0 1011235.0 993777.0 985975.0 1011859.0 997157.0 1004618.0 988840.0 997080.0 995389.0 997133.0 1004971.0 1010729.0 1002517.0 1003738.0 988568.0 1014166.0 1005069.0 1006729.0 1005765.0 1005464.0 990012.0 1001653.0 988296.0 1000076.0 1000854.0 993982.0 997287.0 989775.0 999492.0 999798.0 990159.0 1001020.0 994582.0 996171.0 1002117.0 987816.0 1006254.0 997002.0 994356.0 1006711.0 1006491.0 1000404.0 1004489.0 1000486.0 995245.0 997936.0 994817.0 999205.0 997838.0 1003600.0 994057.0 1005728.0 995116.0 1002700.0 985260.0 1008160.0 1000078.0 996195.0 1002708.0 1007410.0 994869.0 998381.0 995747.0 991988.0 993800.0 996940.0 997414.0 993944.0 998553.0 1004400.0 998840.0 996247.0 1004523.0 994080.0 988466.0 1004542.0 998722.0 1003021.0 992386.0 983547.0 998469.0 998184.0 995106.0 993371.0 1001857.0 994121.0 1000648.0 1002074.0 1014180.0 1011084.0 991085.0 993754.0 1016624.0 1001640.0 1005685.0 1001774.0 989626.0 1001031.0 988240.0 994008.0 998087.0 1009649.0 1011807.0 998880.0 992479.0 1002364.0 1003838.0 997875.0 1008649.0 1001447.0 997213.0 999225.0 991875.0 1014239.0 1010368.0 995525.0 1012167.0 995123.0 995002.0 995012.0 1004077.0 1010054.0 984674.0 1008255.0 1006767.0 1000157.0 990069.0 998104.0 1013721.0 1019966.0 994399.0 1002573.0 1008378.0 1001240.0 1013577.0 980305.0 999681.0 993859.0 1003851.0 996426.0 1000380.0 993506.0 1005937.0 999437.0 1004661.0 999280.0 1000793.0 995789.0 1006548.0 1010758.0 1002870.0 992058.0 999803.0 995053.0 991132.0 1007882.0 989542.0 992900.0 999104.0 1005706.0 1010050.0 993299.0 1002925.0 1010775.0 994264.0 995599.0 1002693.0 1002556.0 1005937.0 995160.0 1001022.0 1005109.0 1002160.0 997909.0 1001745.0 1012992.0 1004511.0 1014832.0 1014606.0 1016579.0 998553.0 999947.0 997270.0 1010076.0 1008629.0 985833.0 1003083.0 999425.0 1007689.0 992686.0 1011573.0 988680.0 1005093.0 1006856.0 1011729.0 994794.0 1001559.0 1002740.0 993426.0 999508.0 1010577.0 983401.0 996098.0 999448.0 993690.0 1008735.0 1011650.0 997665.0 993009.0 990847.0 991679.0 1015620.0 991379.0 989106.0 1015735.0 998362.0 995712.0 998791.0 1014245.0 1004977.0 996586.0 1002669.0 1008791.0 992307.0 999852.0 1004388.0 992734.0 1012108.0 987708.0 1001343.0 995601.0 1001360.0 994607.0 997673.0 998756.0 1001980.0 999588.0 998467.0 987641.0 1011055.0 999854.0 1002252.0 1009630.0 1006078.0 1004475.0 1001836.0 997420.0 1003550.0 987244.0 994640.0 992449.0 1011372.0 999824.0 998828.0 1004825.0 997005.0 1013334.0 988669.0 994261.0 987752.0 1004797.0 998787.0 1006101.0 991339.0 997467.0 997250.0 996178.0 998700.0 1000628.0 997058.0 996773.0 1000097.0 1005927.0 1006774.0 1014323.0 1005723.0 1006325.0 1013421.0 1013529.0 999680.0 995845.0 996515.0 994930.0 987392.0 986222.0 998910.0 1005271.0 1003456.0 999052.0 999121.0 1021209.0 1012809.0 1002888.0 1010334.0 997933.0 993674.0 1000873.0 1005416.0 1001388.0 989394.0 1002969.0 990910.0 1001454.0 1010026.0 992803.0 999007.0 999588.0 1004872.0 995542.0 999113.0 1000993.0 1011692.0 1005128.0 987528.0 1002588.0 995491.0 1011473.0 1016785.0 1003495.0 1003572.0 1005312.0 994108.0 1009177.0 1002833.0 1006593.0 992126.0 1018289.0 995924.0 1019264.0 996542.0 1005920.0 1006304.0 995192.0 999637.0 998805.0 1002806.0 998476.0 1001955.0 987708.0 999149.0 990456.0 1008392.0 1005900.0 1000072.0 1001796.0 990595.0 998644.0 988034.0 1000684.0 995850.0 993728.0 1006317.0 996029.0 1011651.0 998014.0 1000772.0 993455.0 1004520.0 995141.0 1003399.0 985274.0 979661.0 998516.0 1009663.0 981192.0 997797.0 994406.0 995862.0 999512.0 993777.0 988417.0 1000286.0 996318.0 1005402.0 999515.0 1012118.0 1016875.0 994972.0 1001038.0 999604.0 1003901.0 996524.0 1007275.0 994615.0 1002979.0 1010129.0 1005147.0 991428.0 996712.0 1006296.0 994543.0 1003423.0 996835.0 1004257.0 991795.0 1002309.0 997690.0 995092.0 1001079.0 991982.0 999825.0 987973.0 997399.0 996245.0 1001020.0 1012972.0 993865.0 999191.0 999782.0 994306.0 996820.0 1010378.0 1006629.0 992859.0 1007204.0 996401.0 997477.0 999599.0 991054.0 1010811.0 1004526.0 1005074.0 996740.0 996365.0 1007991.0 1001071.0 997223.0 999908.0 993422.0 988465.0 988803.0 997570.0 988787.0 988417.0 988253.0 1006231.0 1000046.0 999845.0 992317.0 1005392.0 1010439.0 999204.0 1000330.0 1002067.0 1002029.0 990898.0 991290.0 998718.0 1016655.0 1009673.0 1002798.0 1009440.0 1021254.0 995433.0 996494.0 993202.0 1005905.0 995807.0 984620.0 1000036.0 998847.0 998503.0 1013696.0 994504.0 1005054.0 1001714.0 999083.0 1009231.0 1002216.0 989530.0 990544.0 1000202.0 998013.0 1006250.0 1004559.0 1001759.0 1000449.0 1014439.0 1012359.0 984219.0 998527.0 998738.0 1004476.0 996968.0 1009486.0 998997.0 995252.0 989896.0 991313.0 1004702.0 1001489.0 1001067.0 990844.0 987963.0 1000605.0 1001946.0 1003406.0 996307.0 1001913.0 998665.0 1002235.0 1000701.0 989759.0 991921.0 1004194.0 1005231.0 991992.0 992354.0 1008584.0 996264.0 990437.0 1003023.0 1006758.0 995210.0 1001752.0 997623.0 1002702.0 1013049.0 1002514.0 1000701.0 1002297.0 1000822.0 999112.0 996479.0 1006379.0 1010265.0 1007086.0 997670.0 996397.0 998913.0 993020.0 1003507.0 1002417.0 1007653.0 985368.0 1001744.0 1004236.0 1002557.0 1014268.0 1012484.0 998449.0 998324.0 989747.0 999625.0 1011208.0 1007775.0 1009880.0 1001934.0 997132.0 992306.0 989461.0 995171.0 1009284.0 1003650.0 1013440.0 1000035.0 995088.0 1004871.0 996708.0 996707.0 1001467.0 1001829.0 1000582.0 1001965.0 989087.0 996486.0 1005471.0 1000959.0 1000537.0 1003599.0 991659.0 1002441.0 1008214.0 1006210.0 1007047.0 1005881.0 995744.0 1010052.0 1023504.0 1008328.0 997292.0 996632.0 994575.0 1005089.0 1000059.0 1011932.0 1001450.0 1004499.0 994290.0 1003839.0 1012920.0 997388.0 1006953.0 1006378.0 1001849.0 996848.0 994672.0 998640.0 994762.0 1007475.0 999344.0 1002081.0 998076.0 989498.0 1009654.0 1017756.0 1004698.0 982036.0 993843.0 999963.0 997029.0 1001085.0 1016576.0 1009489.0 1004170.0 995462.0 997975.0 1006718.0 997690.0 997703.0 998652.0 1008483.0 1004171.0 1004968.0 1005368.0 1002596.0 990165.0 988948.0 997862.0 1006088.0 982736.0 1009361.0 1000825.0 1010636.0 1001278.0 1000114.0 1006001.0 994928.0 1004816.0 1001644.0 998431.0 997853.0 997856.0 1006646.0 996014.0 991819.0 993888.0 1002386.0 999326.0 1005150.0 988762.0 1002550.0 997175.0 1005070.0 996185.0 1010032.0 1009473.0 993205.0 1003117.0 993677.0 1000816.0 1002929.0 1013086.0 991193.0 988303.0 1003711.0 998643.0 998213.0 993346.0 1004186.0 992147.0 987870.0 999402.0 995661.0 992169.0 1004063.0 999668.0 982803.0 1001770.0 1007072.0 986076.0 1012240.0 999102.0 1015100.0 997295.0 1001715.0 989392.0 1008581.0 996332.0 989987.0 997559.0 998968.0 998411.0 992691.0 1011949.0 1000049.0 1011400.0 997264.0 1017401.0 990136.0 995401.0 995594.0 1005355.0 994485.0 995558.0 983514.0 1003367.0 1005023.0 1009707.0 1001491.0 1001808.0 1006835.0 1000278.0 998365.0 1001063.0 1005632.0 1000113.0 1004387.0 1001879.0 992440.0 1003790.0 1011382.0 1006499.0 982928.0 998755.0 994965.0 998140.0 986118.0 995885.0 987741.0 1012820.0 1008415.0 991052.0 1004537.0 995477.0 1002386.0 1013713.0 997474.0 992035.0 1005741.0 1007140.0 996341.0 993705.0 995911.0 1006238.0 983488.0 1006730.0 996070.0 998018.0 1007958.0 1007699.0 1008608.0 996076.0 1011747.0 1000973.0 989582.0 994578.0 992292.0 989606.0 994523.0 1005480.0 992362.0 1000373.0 997993.0 1010497.0 1005338.0 1009088.0 990406.0 1010144.0 1011913.0 1010873.0 996440.0 1008227.0 999528.0 1003316.0 1007229.0 999248.0 1006134.0 1009377.0 999604.0 996922.0 1000778.0 1010549.0 1007867.0 996928.0 991250.0 1001536.0 995490.0 988749.0 994685.0 998521.0 999787.0 1009619.0 1000519.0 990350.0 988500.0 1007137.0 1006005.0 1005116.0 1003870.0 999096.0 1003129.0 995388.0 991429.0 999420.0 998793.0 994059.0 1001154.0 1002981.0 1004807.0 1007127.0 1005411.0 988624.0 1005787.0 1003163.0 1004568.0 1009131.0 1004300.0 1004807.0 999478.0 1011114.0 1001171.0 1017906.0 993673.0 1008645.0 989314.0 1001096.0 1003150.0 1002342.0 1001447.0 993711.0 987468.0 993365.0 1006791.0 996132.0 1000767.0 992720.0 995437.0 989119.0 1000126.0 991183.0 1002307.0 1012397.0 1008676.0 993451.0 1005199.0 993679.0 996746.0 997903.0 1016483.0 993204.0 1006825.0 992804.0 992409.0 986862.0 996301.0 989109.0 992751.0 1000443.0 995101.0 998830.0 1015744.0 1008605.0 1006967.0 1005404.0 997737.0 1015108.0 979716.0 1008461.0 1001860.0 1003227.0 996478.0 1004445.0 1006544.0 1010690.0 993309.0 996729.0 1007626.0 999668.0 987328.0 1003116.0 1001852.0 1006514.0 1001655.0 997065.0 1012622.0 991193.0 992534.0 994684.0 999761.0 1016903.0 997099.0 1007387.0 998914.0 1005646.0 1009828.0 995930.0 1002384.0 996915.0 994695.0 993434.0 1000668.0 1009241.0 998938.0 1000639.0 1008551.0 994752.0 983042.0 1003247.0 994587.0 1002415.0 995990.0 988516.0 997997.0 987881.0 986964.0 1011775.0 1010433.0 994592.0 991907.0 1011987.0 991423.0 981359.0 993807.0 994862.0 1000352.0 1004428.0 996649.0 1012788.0 1003975.0 1001222.0 1002852.0 1003944.0 1012862.0 1008813.0 993493.0 1001843.0 998064.0 997836.0 1004466.0 989106.0 1003784.0 1004123.0 986883.0 1006618.0 1003564.0 1019714.0 1010247.0 1004408.0 1006974.0 991988.0 990956.0 994753.0 988537.0 998985.0 1000006.0 1007170.0 996976.0 992949.0 995219.0 994016.0 991961.0 996646.0 991093.0 999091.0 999066.0 1002690.0 996855.0 992759.0 1012424.0 1009883.0 1007144.0 995994.0 1002899.0 1004387.0 994632.0 1000305.0 1003476.0 1000335.0 1014134.0 997224.0 986986.0 1015088.0 995496.0 1001279.0 988602.0 999863.0 987528.0 1005026.0 996089.0 1002645.0 992975.0 995631.0 997098.0 1005187.0 1000998.0 998828.0 997690.0 989766.0 997656.0 1003858.0 993076.0 984468.0 1004697.0 1006866.0 992339.0 1006969.0 985967.0 1003750.0 1000800.0 1000834.0 993027.0 1006611.0 989764.0 998537.0 1003311.0 1001122.0 991920.0 999469.0 1015949.0 997431.0 998190.0 1011688.0 990631.0 998132.0 997535.0 1000266.0 993554.0 1013506.0 1018510.0 1003910.0 997324.0 998505.0 1006086.0 991285.0 1000663.0 993606.0 1000200.0 1007510.0 997984.0 1003326.0 1003481.0 1015855.0 989976.0 1007505.0 997081.0 1001154.0 987441.0 1007078.0 1009164.0 999836.0 978499.0 1002633.0 1000265.0 991356.0 992607.0 1002399.0 1002051.0 992020.0 990652.0 1006097.0 1003299.0 982933.0 1005056.0 1008142.0 1009482.0 1000844.0 1008975.0 1006992.0 1003527.0 1008639.0 996864.0 1001779.0 1004280.0 1008553.0 996000.0 1000656.0 1016560.0 1004059.0 988762.0 998765.0 994119.0 998429.0 1010587.0 1001864.0 1007161.0 998837.0 1013458.0 1008312.0 991204.0 1003919.0 1004056.0 998791.0 996208.0 999156.0 1004159.0 1001812.0 999627.0 1003344.0 1000668.0 999996.0 986769.0 1002444.0 998150.0 1000315.0 991808.0 1011048.0 990904.0 999010.0 1010091.0 997532.0 998892.0 999761.0 1006962.0 989726.0 993483.0 1001104.0 1005105.0 998609.0 1000022.0 1000970.0 998560.0 988030.0 1000292.0 988450.0 989391.0 1001868.0 986475.0 998175.0 996191.0 1001458.0 1001346.0 1004949.0 995853.0 998574.0 999538.0 1002926.0 1003501.0 1016350.0 1000615.0 1010720.0 1003613.0 992018.0 987920.0 996814.0 993715.0 1002782.0 1004665.0 991852.0 1001665.0 995941.0 994706.0 996421.0 987322.0 991153.0 998547.0 1008914.0 995361.0 1009560.0 983588.0 1003910.0 1003734.0 990703.0 1006489.0 999507.0 990786.0 992705.0 1003455.0 1009980.0 985199.0 997256.0 1012848.0 992382.0 999570.0 1000183.0 992935.0 992367.0 989946.0 1004344.0 985171.0 1002449.0 988126.0 1002106.0 982701.0 995192.0 988240.0 997258.0 1013068.0 998144.0 998281.0 1004749.0 1007652.0 999744.0 1014734.0 996103.0 999445.0 1023641.0 1004084.0 1003193.0 992962.0 991067.0 995603.0 1002806.0 994710.0 1000052.0 1005921.0 1001341.0 1010231.0 998214.0 1007331.0 998821.0 1002289.0 1004082.0 989879.0 1000676.0 992775.0 1006527.0 1003058.0 1007056.0 1001581.0 996887.0 994929.0 1002411.0 1007504.0 1007368.0 1001512.0 982102.0 1008419.0 1009139.0 996233.0 1008113.0 1003544.0 996669.0 1009999.0 989914.0 996354.0 1007680.0 988419.0 999836.0 1007549.0 1010099.0 1006163.0 994758.0 994718.0 1005228.0 989512.0 1006617.0 999350.0 998277.0 1003914.0 997855.0 990512.0 999618.0 986028.0 994359.0 994229.0 991714.0 1003671.0 1011860.0 997620.0 988869.0 997782.0 1012116.0 1002101.0 995716.0 1000090.0 1002765.0 994405.0 1006386.0 993587.0 1006350.0 1006631.0 1000985.0 1014490.0 1007055.0 991916.0 1003732.0 1003733.0 1012174.0 1006118.0 1009004.0 1000067.0 997856.0 1001968.0 996897.0 1001206.0 994346.0 992684.0 993625.0 1000690.0 994920.0 1000388.0 1010280.0 999947.0 993628.0 1016160.0 999266.0 1005717.0 1004879.0 1010427.0 988446.0 993460.0 995979.0 1001452.0 994905.0 1001540.0 1000142.0 992544.0 1003337.0 1008242.0 989380.0 1001379.0 999371.0 1001406.0 999902.0 1000691.0 996810.0 1000437.0 991489.0 978849.0 990502.0 1004038.0 1002539.0 997912.0 975722.0 1004683.0 987096.0 997562.0 1004763.0 1006889.0 997748.0 1007542.0 997690.0 1016542.0 996679.0 985815.0 992405.0 981473.0 993315.0 996451.0 1000623.0 995952.0 999297.0 999447.0 1002468.0 1004774.0 1008973.0 992337.0 998603.0 1002336.0 1001106.0 998147.0 1000851.0 1005785.0 1003505.0 1004820.0 993151.0 1003085.0 997687.0 1006211.0 1001028.0 998416.0 986487.0 997635.0 1013542.0 1011353.0 1004149.0 996013.0 1006943.0 996619.0 988659.0 993557.0 1008087.0 998199.0 998199.0 996777.0 1000175.0 1006112.0 994395.0 999753.0 1002582.0 ]

10002 actual elapsed

T=1030157, R=0, W=0
T=1064649, R=0, W=0
T=902470, R=0, W=0
T=1207126, R=0, W=0
T=1183047, R=0, W=0
T=1135814, R=0, W=0
T=1093080, R=0, W=0
T=1122060, R=0, W=0
T=1292894, R=0, W=0
T=1002808, R=0, W=0
T=1386913, R=0, W=0
T=1131946, R=0, W=0
T=932382, R=0, W=0
T=1367271, R=0, W=0
T=1148822, R=0, W=0
T=747285, R=0, W=0
T=1092232, R=0, W=0
T=1138646, R=0, W=0
T=931950, R=0, W=0
T=1191461, R=0, W=0
T=807914, R=0, W=0
T=970019, R=0, W=0
T=1077678, R=0, W=0
T=957063, R=0, W=0
T=1298343, R=0, W=0
T=1008754, R=0, W=0
T=1181593, R=0, W=0
T=1133459, R=0, W=0
T=1315626, R=0, W=0
T=944917, R=0, W=0
T=1314285, R=0, W=0
T=1330704, R=0, W=0
T=815500, R=0, W=0
T=832941, R=0, W=0
T=1179769, R=0, W=0
T=1087934, R=0, W=0
T=1090070, R=0, W=0
T=1357666, R=0, W=0
T=952808, R=0, W=0
T=1095643, R=0, W=0
T=1026893, R=0, W=0
T=1497551, R=0, W=0
T=1068717, R=0, W=0
T=1166355, R=0, W=0
T=1212005, R=0, W=0
T=1306643, R=0, W=0
T=1087287, R=0, W=0
T=948456, R=0, W=0
T=1238398, R=0, W=0
T=1151726, R=0, W=0
T=867852, R=0, W=0
T=1144062, R=0, W=0
T=796705, R=0, W=0
T=766059, R=0, W=0
T=993588, R=0, W=0
T=759186, R=0, W=0
T=1167746, R=0, W=0
T=1546342, R=0, W=0
T=937517, R=0, W=0
T=1045403, R=0, W=0
T=1493453, R=0, W=0
T=1092361, R=0, W=0
T=1081064, R=0, W=0
T=1435154, R=0, W=0

TOTAL: T=70686222, R=0, W=0
--- 44,646 MB collected in 0.111 secs (0.8% of total), longest GC took 0.006 secs
DATA gc:  total_k 45718040  total_secs 0.111251  max_secs 0.006172
