startup =       20000
elapsed =       10000
threads =       4
accounts =      256
init =          1000000
maxAmount =     10
readFreq =      0
writeFreq =     0
readThreads =   0
writeThreads =  0
disjointTrans = false
yieldALot =     false
flavour =       t

warming up
timed execution

TOTAL=2.56E8 [ 997687.0 1000167.0 1001155.0 1001425.0 997741.0 1002328.0 1001410.0 999142.0 1002970.0 1002513.0 999436.0 998367.0 1003837.0 998694.0 998414.0 997562.0 998696.0 999589.0 1003292.0 999902.0 998053.0 999876.0 1001498.0 996839.0 1000160.0 1000963.0 1002304.0 998809.0 1002490.0 1002558.0 997305.0 998711.0 999709.0 1001193.0 1000839.0 996664.0 998173.0 998298.0 999209.0 1000263.0 999167.0 1000739.0 999554.0 996259.0 1003458.0 996317.0 1000843.0 1002981.0 1001639.0 1001501.0 1000839.0 1000698.0 1001310.0 1000053.0 1001435.0 998796.0 1002804.0 1001824.0 1000851.0 1004073.0 1001126.0 996454.0 999584.0 998887.0 1002417.0 1000095.0 1002375.0 1001379.0 998917.0 998779.0 999424.0 1002137.0 1000630.0 999898.0 1002317.0 999031.0 997643.0 1000631.0 1000462.0 1005199.0 1002418.0 999587.0 1000573.0 997386.0 999817.0 998868.0 1000749.0 1000397.0 1001340.0 998469.0 998298.0 998681.0 999676.0 999347.0 997210.0 1000344.0 998562.0 998211.0 996862.0 1002607.0 1000859.0 1000556.0 1002819.0 994322.0 1000729.0 996600.0 999403.0 1002152.0 1001581.0 1000590.0 1002947.0 998326.0 1001175.0 998568.0 998021.0 998353.0 998378.0 1000579.0 998418.0 999359.0 999904.0 998458.0 1001154.0 1001653.0 1000070.0 1002283.0 999068.0 1001529.0 999449.0 1001341.0 999957.0 1000865.0 996893.0 998593.0 1002122.0 1000583.0 1002234.0 1000382.0 999011.0 1004402.0 999192.0 997168.0 1000696.0 1003876.0 1000759.0 998164.0 999940.0 999232.0 999695.0 1002753.0 1000290.0 997438.0 998444.0 1002876.0 995892.0 997064.0 998880.0 1000638.0 995919.0 999066.0 999018.0 1000544.0 999359.0 1000987.0 1000956.0 998422.0 999570.0 999533.0 999267.0 996753.0 1000236.0 997711.0 1000875.0 997368.0 1001452.0 1002278.0 1003467.0 1002429.0 1000913.0 999551.0 995069.0 999588.0 1001187.0 999728.0 998211.0 1001065.0 999316.0 1001617.0 999666.0 996334.0 999366.0 1001096.0 998024.0 998885.0 1000799.0 1003173.0 1000849.0 997778.0 998195.0 996803.0 1000094.0 999883.0 999912.0 998145.0 1002462.0 1000618.0 1000446.0 999382.0 1001786.0 998700.0 996282.0 1002993.0 1000216.0 997341.0 1000492.0 1000616.0 999007.0 1002981.0 1001411.0 998943.0 1002694.0 998951.0 1002908.0 998241.0 999545.0 1003573.0 1001610.0 1002970.0 1000333.0 998693.0 997214.0 999014.0 1000354.0 997663.0 1001232.0 999457.0 1002155.0 997115.0 1000138.0 1002324.0 1000644.0 999427.0 1000186.0 1001014.0 999310.0 1000797.0 999689.0 997336.0 1000743.0 1001888.0 1001203.0 999334.0 1002221.0 1004292.0 997793.0 996954.0 ]

10024 actual elapsed

T=1284660, R=0, W=0
T=1154977, R=0, W=0
T=1149693, R=0, W=0
T=1250818, R=0, W=0

TOTAL: T=4840148, R=0, W=0
--- 5285 MB collected in 0.688 secs (2.1% of total), longest GC took 0.137 secs
DATA gc:  total_k 5412331  total_secs 0.687654  max_secs 0.136664
