startup =       4000
elapsed =       10000
threads =       2
accounts =      64
init =          1000000
maxAmount =     10
readFreq =      0
writeFreq =     0
readThreads =   0
writeThreads =  0
disjointTrans = false
yieldALot =     false
flavour =       t

warming up
timed execution

TOTAL=6.4E7 [ 1000475.0 987907.0 1005871.0 1004597.0 986068.0 1000952.0 1005620.0 1005620.0 995347.0 999456.0 995726.0 1001124.0 995346.0 995426.0 996701.0 1013364.0 996886.0 996055.0 1003041.0 997034.0 993428.0 992097.0 1000633.0 999625.0 996769.0 1006582.0 996684.0 1010374.0 1000593.0 996334.0 995512.0 1005273.0 1010824.0 1007996.0 1004266.0 991112.0 996078.0 991406.0 1003347.0 1005733.0 1010779.0 992107.0 1005567.0 999818.0 998100.0 998513.0 997806.0 1010556.0 996217.0 1007512.0 1004521.0 1002188.0 986725.0 998955.0 1003209.0 999598.0 1005964.0 1001001.0 1000386.0 999780.0 1017754.0 987811.0 993627.0 994224.0 ]

10001 actual elapsed

T=10928077, R=0, W=0
T=8323240, R=0, W=0

TOTAL: T=19251317, R=0, W=0
--- 15,432 MB collected in 0.045 secs (0.3% of total), longest GC took 0.002 secs
DATA gc:  total_k 15802670  total_secs 0.044891  max_secs 0.001942
