startup =       4000
elapsed =       10000
threads =       1
accounts =      2
init =          1000000
maxAmount =     10
readFreq =      0
writeFreq =     0
readThreads =   0
writeThreads =  0
disjointTrans = false
yieldALot =     false
flavour =       rfw

warming up
timed execution

TOTAL=2000000.0 [ 1004405.0 995595.0 ]

10001 actual elapsed

T=17309247, R=0, W=0

TOTAL: T=17309247, R=0, W=0
--- 12,066 MB collected in 0.057 secs (0.4% of total), longest GC took 0.002 secs
DATA gc:  total_k 12355642  total_secs 0.056611  max_secs 0.002103
