startup =       4000
elapsed =       10000
threads =       2
accounts =      2
init =          1000000
maxAmount =     10
readFreq =      0
writeFreq =     0
readThreads =   0
writeThreads =  0
disjointTrans = false
yieldALot =     false
flavour =       t

warming up
timed execution

TOTAL=2000000.0 [ 999925.0 1000075.0 ]

10001 actual elapsed

T=3255230, R=0, W=0
T=3426460, R=0, W=0

TOTAL: T=6681690, R=0, W=0
--- 5,991 MB collected in 0.029 secs (0.2% of total), longest GC took 0.002 secs
DATA gc:  total_k 6135017  total_secs 0.028508  max_secs 0.002446
