startup =       20000
elapsed =       10000
threads =       256
accounts =      256
init =          1000000
maxAmount =     10
readFreq =      0
writeFreq =     0
readThreads =   0
writeThreads =  0
disjointTrans = false
yieldALot =     false
flavour =       t

warming up
timed execution

TOTAL=2.55999968E8 [ 1000600.0 998833.0 999556.0 999056.0 994498.0 999473.0 1001850.0 996744.0 1000761.0 1001298.0 1000528.0 999430.0 998805.0 1000066.0 998935.0 999439.0 1000341.0 999009.0 1002330.0 1001062.0 1003705.0 1000248.0 998761.0 996084.0 993399.0 994924.0 1001006.0 999962.0 1005264.0 1002115.0 1003195.0 1002064.0 1001898.0 1002448.0 1000415.0 1002536.0 1002797.0 998336.0 1000960.0 995330.0 997989.0 997034.0 1001550.0 999409.0 1001325.0 999004.0 1004701.0 1001510.0 1005282.0 1003245.0 998966.0 997656.0 996468.0 999018.0 1001822.0 1000674.0 1003648.0 1006302.0 1003260.0 996692.0 1002148.0 1000442.0 996109.0 1001482.0 1000462.0 997811.0 1003702.0 999409.0 997831.0 1005316.0 997128.0 1002269.0 1004179.0 1003832.0 997637.0 1001688.0 1001278.0 1003025.0 999545.0 998198.0 1004796.0 1002161.0 999148.0 1000554.0 1000796.0 1002500.0 1000796.0 1000445.0 994294.0 998207.0 998361.0 998583.0 998009.0 1001015.0 996610.0 1001110.0 999630.0 998408.0 1002541.0 1000825.0 997748.0 1000068.0 999131.0 997440.0 1002360.0 998489.0 1000909.0 996228.0 998691.0 1005024.0 998365.0 1003624.0 998850.0 999074.0 999610.0 995700.0 996128.0 997987.0 1000464.0 999526.0 998967.0 999917.0 996714.0 1000286.0 996165.0 1004262.0 1002514.0 1000583.0 1009083.0 1001506.0 1000944.0 997761.0 1003149.0 998760.0 999578.0 999436.0 998740.0 996082.0 1000312.0 1000308.0 996821.0 998242.0 1004693.0 999871.0 997408.0 1001449.0 998045.0 1002096.0 1001064.0 1002891.0 997744.0 997960.0 996733.0 996097.0 1001219.0 996609.0 999684.0 995731.0 997379.0 996209.0 1001993.0 997281.0 995810.0 1002908.0 997857.0 998161.0 1001058.0 999212.0 1005327.0 999431.0 1000166.0 999891.0 998585.0 997718.0 993922.0 997532.0 1001322.0 997281.0 1000907.0 999362.0 1002547.0 1001366.0 1000322.0 997794.0 999408.0 1001485.0 1000077.0 1003989.0 998406.0 1000281.0 1002106.0 1001394.0 1001773.0 1001845.0 1000044.0 998151.0 1000719.0 997631.0 1001532.0 1000807.0 1001976.0 1002219.0 996577.0 1001233.0 999818.0 1001202.0 1005987.0 999596.0 999495.0 1001892.0 999915.0 998030.0 1003005.0 999189.0 996705.0 1002662.0 1000677.0 1004448.0 1003844.0 1001149.0 1000585.0 998141.0 1001086.0 998098.0 1000736.0 998793.0 999504.0 999338.0 999087.0 1002420.0 997326.0 1001155.0 998990.0 998231.0 1000069.0 1004214.0 998056.0 999539.0 1002826.0 998524.0 999862.0 997474.0 999540.0 1000265.0 1001191.0 1001304.0 998652.0 996866.0 999779.0 998893.0 1001268.0 998252.0 1001607.0 1000216.0 995080.0 1001689.0 ]

10043 actual elapsed

T=34296, R=0, W=0
T=36779, R=0, W=0
T=36227, R=0, W=0
T=38522, R=0, W=0
T=35266, R=0, W=0
T=35850, R=0, W=0
T=36404, R=0, W=0
T=36033, R=0, W=0
T=36395, R=0, W=0
T=37630, R=0, W=0
T=37221, R=0, W=0
T=35010, R=0, W=0
T=37134, R=0, W=0
T=35871, R=0, W=0
T=38136, R=0, W=0
T=37298, R=0, W=0
T=35002, R=0, W=0
T=37350, R=0, W=0
T=37104, R=0, W=0
T=36518, R=0, W=0
T=36250, R=0, W=0
T=35953, R=0, W=0
T=38557, R=0, W=0
T=35838, R=0, W=0
T=35593, R=0, W=0
T=36862, R=0, W=0
T=37180, R=0, W=0
T=36766, R=0, W=0
T=35944, R=0, W=0
T=35835, R=0, W=0
T=36028, R=0, W=0
T=36120, R=0, W=0
T=35815, R=0, W=0
T=37006, R=0, W=0
T=38210, R=0, W=0
T=36685, R=0, W=0
T=35054, R=0, W=0
T=36285, R=0, W=0
T=36980, R=0, W=0
T=36459, R=0, W=0
T=36610, R=0, W=0
T=34021, R=0, W=0
T=36566, R=0, W=0
T=37116, R=0, W=0
T=34902, R=0, W=0
T=36681, R=0, W=0
T=37044, R=0, W=0
T=36438, R=0, W=0
T=36182, R=0, W=0
T=37558, R=0, W=0
T=35719, R=0, W=0
T=35218, R=0, W=0
T=36736, R=0, W=0
T=35764, R=0, W=0
T=38009, R=0, W=0
T=36720, R=0, W=0
T=36381, R=0, W=0
T=35649, R=0, W=0
T=36594, R=0, W=0
T=36529, R=0, W=0
T=36524, R=0, W=0
T=36549, R=0, W=0
T=36334, R=0, W=0
T=37485, R=0, W=0
T=35529, R=0, W=0
T=36101, R=0, W=0
T=37712, R=0, W=0
T=37496, R=0, W=0
T=34462, R=0, W=0
T=35155, R=0, W=0
T=38489, R=0, W=0
T=36846, R=0, W=0
T=35606, R=0, W=0
T=35503, R=0, W=0
T=36064, R=0, W=0
T=36815, R=0, W=0
T=37061, R=0, W=0
T=34959, R=0, W=0
T=37827, R=0, W=0
T=36458, R=0, W=0
T=36738, R=0, W=0
T=33421, R=0, W=0
T=37650, R=0, W=0
T=38016, R=0, W=0
T=36290, R=0, W=0
T=34672, R=0, W=0
T=36875, R=0, W=0
T=37145, R=0, W=0
T=35107, R=0, W=0
T=34677, R=0, W=0
T=36944, R=0, W=0
T=37773, R=0, W=0
T=36993, R=0, W=0
T=36270, R=0, W=0
T=36797, R=0, W=0
T=35497, R=0, W=0
T=37129, R=0, W=0
T=35004, R=0, W=0
T=35813, R=0, W=0
T=36284, R=0, W=0
T=36196, R=0, W=0
T=35820, R=0, W=0
T=39241, R=0, W=0
T=36839, R=0, W=0
T=36649, R=0, W=0
T=35948, R=0, W=0
T=37582, R=0, W=0
T=36676, R=0, W=0
T=36941, R=0, W=0
T=36019, R=0, W=0
T=36737, R=0, W=0
T=37343, R=0, W=0
T=36703, R=0, W=0
T=35779, R=0, W=0
T=37312, R=0, W=0
T=36837, R=0, W=0
T=36034, R=0, W=0
T=35693, R=0, W=0
T=38650, R=0, W=0
T=36209, R=0, W=0
T=36738, R=0, W=0
T=34237, R=0, W=0
T=37774, R=0, W=0
T=36077, R=0, W=0
T=37702, R=0, W=0
T=36380, R=0, W=0
T=38327, R=0, W=0
T=35851, R=0, W=0
T=35965, R=0, W=0
T=34978, R=0, W=0
T=36471, R=0, W=0
T=38290, R=0, W=0
T=34602, R=0, W=0
T=33852, R=0, W=0
T=38365, R=0, W=0
T=35293, R=0, W=0
T=36419, R=0, W=0
T=34869, R=0, W=0
T=35629, R=0, W=0
T=36875, R=0, W=0
T=34905, R=0, W=0
T=36616, R=0, W=0
T=37015, R=0, W=0
T=37269, R=0, W=0
T=34215, R=0, W=0
T=35612, R=0, W=0
T=36410, R=0, W=0
T=37442, R=0, W=0
T=37275, R=0, W=0
T=35065, R=0, W=0
T=38439, R=0, W=0
T=37002, R=0, W=0
T=36964, R=0, W=0
T=35981, R=0, W=0
T=37485, R=0, W=0
T=37470, R=0, W=0
T=36144, R=0, W=0
T=34413, R=0, W=0
T=37843, R=0, W=0
T=37665, R=0, W=0
T=36445, R=0, W=0
T=35308, R=0, W=0
T=38779, R=0, W=0
T=36762, R=0, W=0
T=36838, R=0, W=0
T=34390, R=0, W=0
T=38760, R=0, W=0
T=37494, R=0, W=0
T=35009, R=0, W=0
T=36462, R=0, W=0
T=37972, R=0, W=0
T=36043, R=0, W=0
T=36497, R=0, W=0
T=35656, R=0, W=0
T=38846, R=0, W=0
T=36564, R=0, W=0
T=37749, R=0, W=0
T=35304, R=0, W=0
T=37750, R=0, W=0
T=36851, R=0, W=0
T=38366, R=0, W=0
T=35108, R=0, W=0
T=38163, R=0, W=0
T=36201, R=0, W=0
T=37957, R=0, W=0
T=35070, R=0, W=0
T=38370, R=0, W=0
T=36356, R=0, W=0
T=36195, R=0, W=0
T=35189, R=0, W=0
T=37291, R=0, W=0
T=37724, R=0, W=0
T=34552, R=0, W=0
T=33548, R=0, W=0
T=36258, R=0, W=0
T=36893, R=0, W=0
T=37518, R=0, W=0
T=34621, R=0, W=0
T=37846, R=0, W=0
T=36875, R=0, W=0
T=35033, R=0, W=0
T=35355, R=0, W=0
T=36061, R=0, W=0
T=37070, R=0, W=0
T=37334, R=0, W=0
T=33890, R=0, W=0
T=38290, R=0, W=0
T=37834, R=0, W=0
T=35438, R=0, W=0
T=35815, R=0, W=0
T=36395, R=0, W=0
T=38405, R=0, W=0
T=35994, R=0, W=0
T=36470, R=0, W=0
T=36970, R=0, W=0
T=37511, R=0, W=0
T=36630, R=0, W=0
T=35817, R=0, W=0
T=37911, R=0, W=0
T=37608, R=0, W=0
T=37556, R=0, W=0
T=35856, R=0, W=0
T=39606, R=0, W=0
T=36767, R=0, W=0
T=35996, R=0, W=0
T=35124, R=0, W=0
T=38595, R=0, W=0
T=36171, R=0, W=0
T=35592, R=0, W=0
T=35094, R=0, W=0
T=38297, R=0, W=0
T=38080, R=0, W=0
T=36918, R=0, W=0
T=35076, R=0, W=0
T=38422, R=0, W=0
T=37758, R=0, W=0
T=35050, R=0, W=0
T=35169, R=0, W=0
T=38201, R=0, W=0
T=37487, R=0, W=0
T=37678, R=0, W=0
T=33799, R=0, W=0
T=36971, R=0, W=0
T=35902, R=0, W=0
T=35775, R=0, W=0
T=35718, R=0, W=0
T=36021, R=0, W=0
T=38703, R=0, W=0
T=35605, R=0, W=0
T=35963, R=0, W=0
T=36600, R=0, W=0
T=37509, R=0, W=0
T=37197, R=0, W=0
T=35151, R=0, W=0
T=36732, R=0, W=0
T=36143, R=0, W=0

TOTAL: T=9346798, R=0, W=0
--- 12959 MB collected in 3.887 secs (12.0% of total), longest GC took 0.190 secs
DATA gc:  total_k 13270285  total_secs 3.88667  max_secs 0.19039
