startup =       4000
elapsed =       10000
threads =       2
accounts =      128
init =          1000000
maxAmount =     10
readFreq =      0
writeFreq =     0
readThreads =   0
writeThreads =  0
disjointTrans = false
yieldALot =     false
flavour =       d

warming up
timed execution

TOTAL=1.27999992E8 [ 995962.0 998436.0 1000560.0 1003820.0 994840.0 995100.0 1000020.0 1004134.0 993613.0 1000323.0 1005809.0 998476.0 997865.0 996501.0 994036.0 994962.0 996041.0 999661.0 999327.0 1002116.0 1002968.0 995786.0 1000494.0 999450.0 1008005.0 995412.0 996701.0 994211.0 1001330.0 1008297.0 992176.0 999781.0 1005420.0 1000713.0 998639.0 995534.0 1002508.0 1005565.0 1000055.0 994494.0 998017.0 1010097.0 1001379.0 999871.0 1000800.0 1000905.0 998880.0 1008204.0 1009512.0 1002812.0 998708.0 1004289.0 993796.0 1000293.0 993019.0 998115.0 999042.0 999870.0 1001208.0 1000340.0 999466.0 1003820.0 1002551.0 1007805.0 1006239.0 995472.0 1002842.0 999964.0 1002676.0 1004476.0 993658.0 999771.0 1007482.0 1002662.0 998701.0 1001281.0 1000498.0 1002635.0 998867.0 996585.0 1001474.0 998941.0 1002310.0 998984.0 996032.0 1000220.0 1000532.0 991122.0 996063.0 1007069.0 1000857.0 998639.0 1002050.0 997859.0 1002561.0 1004477.0 1009820.0 998703.0 998541.0 999864.0 997195.0 1003612.0 994742.0 990416.0 999928.0 999026.0 997698.0 998931.0 995591.0 997222.0 995704.0 1002918.0 996020.0 994481.0 1002165.0 1002925.0 994304.0 998489.0 1002912.0 1007283.0 1005202.0 995135.0 1004727.0 998827.0 1000203.0 1004309.0 999758.0 998410.0 ]

10001 actual elapsed

T=10644762, R=0, W=0
T=10500367, R=0, W=0

TOTAL: T=21145129, R=0, W=0
--- 13,298 MB collected in 0.064 secs (0.5% of total), longest GC took 0.002 secs
DATA gc:  total_k 13618014  total_secs 0.064324  max_secs 0.002112
