startup =       20000
elapsed =       10000
threads =       1
accounts =      2
init =          1000000
maxAmount =     10
readFreq =      0
writeFreq =     0
readThreads =   0
writeThreads =  0
disjointTrans = false
yieldALot =     false
flavour =       t

warming up
timed execution

TOTAL=2000000.0 [ 997433.0 1002567.0 ]

10023 actual elapsed

T=1403099, R=0, W=0

TOTAL: T=1403099, R=0, W=0
--- 1031 MB collected in 0.172 secs (0.6% of total), longest GC took 0.138 secs
DATA gc:  total_k 1055872  total_secs 0.172174  max_secs 0.13809
