startup =       4000
elapsed =       10000
threads =       16
accounts =      1024
init =          1000000
maxAmount =     10
readFreq =      0
writeFreq =     0
readThreads =   0
writeThreads =  0
disjointTrans = false
yieldALot =     false
flavour =       rfw

warming up
timed execution

TOTAL=1.02399936E9 [ 1002611.0 1001232.0 1002247.0 998189.0 999045.0 1003238.0 1001125.0 995541.0 1005172.0 996312.0 1000735.0 992228.0 1005348.0 1005466.0 1001351.0 1003791.0 997112.0 999796.0 999324.0 1000998.0 998182.0 1003653.0 1003876.0 998088.0 996351.0 1000355.0 999915.0 995265.0 999291.0 997678.0 1000797.0 999253.0 998048.0 993590.0 996934.0 1000967.0 997958.0 1001954.0 998403.0 994601.0 995518.0 996575.0 1001696.0 1001806.0 998771.0 1002666.0 1000232.0 996381.0 1002210.0 1002886.0 994889.0 1000015.0 1001907.0 999493.0 998347.0 998310.0 998733.0 999423.0 998432.0 998284.0 1002532.0 998419.0 997114.0 998604.0 1000536.0 1001015.0 997381.0 999072.0 999969.0 999055.0 999656.0 999422.0 1001831.0 997664.0 1002474.0 1004633.0 997207.0 997537.0 1002307.0 996555.0 1002158.0 996459.0 1003602.0 1004659.0 999946.0 1000380.0 996998.0 1000417.0 994827.0 996942.0 1001453.0 996938.0 1002720.0 996784.0 998098.0 1000320.0 1001002.0 996013.0 1000766.0 1002112.0 998884.0 1002113.0 995638.0 1002455.0 998890.0 1003129.0 1001348.0 1000897.0 1002422.0 997873.0 998482.0 998778.0 1002044.0 1002704.0 997338.0 1003346.0 997970.0 1003610.0 996048.0 994459.0 1002670.0 998917.0 1004694.0 1000255.0 1001470.0 1000271.0 999307.0 1002656.0 999091.0 1000458.0 998150.0 1000038.0 997075.0 999417.0 999130.0 1000844.0 995253.0 1002186.0 1005534.0 996532.0 998086.0 997530.0 1002877.0 996976.0 997114.0 1001794.0 1002821.0 1001325.0 1000769.0 1000712.0 998999.0 997542.0 1004669.0 999776.0 1000221.0 999818.0 997029.0 1001953.0 1001402.0 1001625.0 1002228.0 1006178.0 1002384.0 999138.0 997973.0 1002071.0 999874.0 1004505.0 999465.0 1004031.0 1002784.0 1000141.0 999009.0 999971.0 999364.0 996831.0 1001519.0 999942.0 1000485.0 1003278.0 993956.0 994189.0 999519.0 998956.0 997243.0 1000151.0 997521.0 1001719.0 997586.0 998765.0 1002227.0 1002424.0 996719.0 999362.0 1002282.0 999454.0 998318.0 997908.0 995932.0 1004079.0 997354.0 997302.0 1000208.0 998643.0 1001639.0 1002530.0 1003216.0 1002232.0 1000490.0 991491.0 1001797.0 998739.0 1002678.0 999759.0 1000614.0 996798.0 997220.0 1000463.0 1004412.0 1002791.0 998299.0 992795.0 1004008.0 1008300.0 1002787.0 1001997.0 996445.0 999117.0 998775.0 998368.0 997084.0 999087.0 998419.0 998717.0 1001597.0 1002783.0 999875.0 1000935.0 998326.0 997156.0 997106.0 1003658.0 1000487.0 999944.0 998443.0 1002773.0 1004788.0 1003459.0 1001335.0 1001368.0 998183.0 997743.0 999114.0 997727.0 998230.0 998595.0 996425.0 998659.0 995459.0 1004272.0 1001041.0 1001249.0 1000098.0 997173.0 1002208.0 1001156.0 996976.0 1001199.0 1001408.0 1000887.0 996448.0 998911.0 1001153.0 996132.0 1002149.0 996920.0 997096.0 999274.0 1000952.0 1002435.0 1000787.0 995194.0 1003094.0 993820.0 1002926.0 999972.0 998423.0 997318.0 1002579.0 999911.0 1000272.0 1001147.0 1002766.0 998970.0 999137.0 1002158.0 996791.0 1000609.0 1000745.0 998653.0 1000889.0 1001588.0 1002046.0 1004983.0 1002575.0 998588.0 1006912.0 1004262.0 998365.0 1001544.0 999851.0 997440.0 1001077.0 1003228.0 999567.0 997770.0 998959.0 996924.0 997788.0 996311.0 995302.0 1004784.0 999784.0 998951.0 998407.0 996957.0 998691.0 999052.0 999793.0 1003915.0 997345.0 1003308.0 1000875.0 1005174.0 1002255.0 994495.0 1001794.0 1004373.0 1001082.0 1001329.0 997561.0 1000524.0 994892.0 1003643.0 1002926.0 998963.0 1000679.0 1006292.0 1001678.0 1001439.0 999242.0 1003072.0 999150.0 1003650.0 1000480.0 997492.0 1002859.0 996827.0 996300.0 997801.0 997924.0 1001874.0 996744.0 995295.0 995580.0 1003994.0 1000431.0 998675.0 1001053.0 997888.0 1003184.0 1000965.0 1000087.0 996583.0 998301.0 996817.0 1003132.0 996293.0 996675.0 999870.0 995054.0 1006741.0 1000368.0 998272.0 1001964.0 1002706.0 999487.0 998566.0 1003211.0 995494.0 994638.0 1003442.0 1002130.0 1001190.0 998906.0 998474.0 1004422.0 1001044.0 997649.0 996641.0 998251.0 999642.0 1000674.0 999005.0 1009081.0 1003410.0 1004414.0 1001085.0 997574.0 995871.0 1003326.0 995729.0 999972.0 999390.0 996808.0 999077.0 996969.0 999689.0 1007530.0 997679.0 998885.0 1000124.0 999917.0 997892.0 1000827.0 1003552.0 1001572.0 992968.0 1001934.0 999518.0 1001364.0 999163.0 998507.0 1000021.0 1000114.0 999841.0 1001169.0 1002543.0 999537.0 1003498.0 999797.0 999295.0 999295.0 998157.0 1002014.0 1000259.0 999426.0 1002834.0 1002225.0 1002434.0 1000639.0 996951.0 1000688.0 1000520.0 1003980.0 999679.0 1001704.0 1001555.0 993450.0 996655.0 1001821.0 996877.0 998519.0 999843.0 1001471.0 997820.0 1000328.0 999902.0 998757.0 994537.0 998809.0 1002641.0 1000849.0 996676.0 1001086.0 1000029.0 999333.0 1002273.0 1002072.0 1000643.0 999237.0 995930.0 1004513.0 1000165.0 994924.0 999189.0 1004011.0 1003401.0 994534.0 1000433.0 997062.0 1001575.0 997301.0 1004830.0 998541.0 1001783.0 1000413.0 999151.0 997549.0 996039.0 1000071.0 1004976.0 1001452.0 999967.0 1000773.0 999183.0 997371.0 997904.0 998264.0 999511.0 999866.0 1002145.0 1005984.0 1002301.0 998361.0 1001225.0 998438.0 1000492.0 1003777.0 999188.0 994988.0 999121.0 997579.0 1000647.0 998362.0 1004573.0 999713.0 1001570.0 1003121.0 1001570.0 1001137.0 1000139.0 995406.0 1000216.0 996001.0 999105.0 995551.0 998635.0 1000097.0 999786.0 1001669.0 1005256.0 996856.0 1000903.0 1003778.0 995881.0 1001093.0 1005104.0 1004674.0 1003574.0 1001099.0 999787.0 997905.0 1005578.0 994788.0 997736.0 994612.0 997113.0 1000050.0 1004450.0 1001578.0 1001171.0 998251.0 990440.0 994183.0 998757.0 1000279.0 999248.0 999353.0 999462.0 995009.0 1002358.0 999933.0 1003377.0 999920.0 999610.0 996477.0 1004633.0 1002266.0 993904.0 996558.0 1002591.0 998086.0 999142.0 997472.0 999446.0 995033.0 999706.0 1005547.0 1001886.0 1001226.0 997800.0 998202.0 998600.0 999393.0 994244.0 998831.0 1000564.0 1001845.0 994150.0 997358.0 1000342.0 999351.0 997260.0 999800.0 996629.0 998178.0 997309.0 1004418.0 999053.0 1000178.0 999262.0 994391.0 998817.0 1002392.0 999482.0 1003684.0 999595.0 1001632.0 998381.0 994922.0 1006782.0 997837.0 995624.0 1000230.0 997518.0 1002452.0 1002760.0 996000.0 1002938.0 996127.0 997095.0 1001222.0 998585.0 1002220.0 1001768.0 994346.0 1002401.0 1001659.0 998282.0 1003531.0 1000912.0 1006756.0 1006112.0 1000807.0 996190.0 1003683.0 1001509.0 1001068.0 999911.0 1003261.0 1001003.0 1000597.0 999043.0 997806.0 1000548.0 999104.0 1001589.0 1001619.0 996892.0 998879.0 1000657.0 999887.0 1004131.0 996629.0 998680.0 997647.0 998284.0 1000803.0 998538.0 998474.0 997965.0 1004072.0 1002902.0 1000465.0 1005072.0 1001498.0 1002661.0 1001863.0 1000286.0 1000258.0 1004211.0 1003935.0 1001519.0 999450.0 998335.0 1000992.0 1001628.0 1002655.0 997603.0 1001178.0 999481.0 995652.0 1003153.0 1004561.0 1006516.0 999002.0 998034.0 1001952.0 998024.0 999254.0 1001430.0 1000765.0 999157.0 1001144.0 1003261.0 996572.0 997574.0 1003777.0 1000875.0 1001862.0 1000544.0 999360.0 999387.0 999053.0 1003450.0 1001573.0 1006397.0 997079.0 1005267.0 1003472.0 1001148.0 1003899.0 1000865.0 1002166.0 994441.0 1000049.0 1000515.0 999012.0 999175.0 998851.0 996955.0 1004221.0 999432.0 1000542.0 1000705.0 1001032.0 1003797.0 999491.0 999295.0 998506.0 999630.0 1003444.0 1002043.0 1005551.0 993102.0 1000119.0 1005006.0 1003276.0 1002998.0 1003159.0 1000280.0 996468.0 999338.0 1003111.0 998079.0 996713.0 996511.0 997101.0 1000903.0 994938.0 1000951.0 1006986.0 998548.0 1000378.0 996565.0 998609.0 1001816.0 1005315.0 999311.0 996706.0 1001443.0 999520.0 999407.0 1002327.0 999420.0 1002210.0 995437.0 998878.0 999089.0 1002371.0 1001526.0 998671.0 1000887.0 999786.0 995893.0 1004453.0 999202.0 999484.0 998446.0 1001699.0 1001791.0 999966.0 999706.0 995693.0 1001101.0 1000424.0 1000105.0 1001355.0 997389.0 998337.0 1003165.0 1000492.0 996236.0 1000155.0 1000764.0 998401.0 995354.0 1003861.0 1000043.0 1000292.0 997083.0 994676.0 999965.0 999728.0 998219.0 1001893.0 997456.0 1001836.0 998428.0 1003537.0 1000862.0 1000476.0 998665.0 1002782.0 999136.0 1001555.0 1003898.0 1006233.0 1000395.0 995288.0 996535.0 1005824.0 997302.0 1000741.0 999984.0 1002637.0 998790.0 1002752.0 1000988.0 998801.0 999049.0 1003755.0 1000864.0 1000876.0 1001382.0 1003936.0 998488.0 996817.0 999050.0 999780.0 1002227.0 1000769.0 1002747.0 1001404.0 998465.0 997596.0 1003880.0 999146.0 994321.0 998723.0 1014999.0 1001695.0 999415.0 1001313.0 997308.0 1002435.0 1003668.0 997329.0 1004123.0 1002572.0 994912.0 1002615.0 1002229.0 1001398.0 1002774.0 1003855.0 997804.0 1004958.0 1004061.0 999270.0 998980.0 1001720.0 998976.0 1000259.0 994313.0 1001131.0 996114.0 1003053.0 999319.0 1003821.0 1005038.0 1000679.0 1001368.0 1000241.0 1000501.0 996793.0 994240.0 1003210.0 997512.0 999460.0 997572.0 1003544.0 1002725.0 998804.0 1000262.0 1003597.0 998948.0 998155.0 995152.0 999589.0 999630.0 995865.0 1001497.0 1002476.0 999960.0 994779.0 1004184.0 999180.0 1001530.0 999263.0 996085.0 996839.0 997243.0 1002111.0 1000017.0 1002834.0 1000248.0 999875.0 1003620.0 998521.0 998410.0 1003166.0 996448.0 996427.0 999877.0 1008092.0 997880.0 999571.0 993045.0 995813.0 1001608.0 998275.0 1004733.0 998829.0 1005643.0 1002349.0 996188.0 1003700.0 1003819.0 1001189.0 1000988.0 996119.0 993937.0 998653.0 1000837.0 998210.0 997243.0 999478.0 1002196.0 1003198.0 1004501.0 996414.0 1002413.0 1000238.0 1000423.0 997019.0 1004195.0 995737.0 997085.0 1000926.0 1000672.0 1003000.0 1001004.0 1006329.0 1004777.0 1000286.0 1001432.0 1003322.0 999162.0 998197.0 999878.0 1003291.0 1002663.0 1003062.0 995378.0 995373.0 996260.0 995015.0 997049.0 993801.0 999628.0 997402.0 998313.0 1000275.0 997748.0 1001430.0 999287.0 1000093.0 1000085.0 998774.0 1000826.0 1007654.0 997831.0 997530.0 1000381.0 1000345.0 998927.0 1001365.0 997576.0 999481.0 997327.0 998288.0 1003068.0 999519.0 999926.0 1002647.0 998499.0 994923.0 1005570.0 999127.0 997919.0 1002232.0 999705.0 ]

10001 actual elapsed

T=5150903, R=0, W=0
T=5353922, R=0, W=0
T=5277972, R=0, W=0
T=4220696, R=0, W=0
T=4714755, R=0, W=0
T=4840247, R=0, W=0
T=4456125, R=0, W=0
T=5074536, R=0, W=0
T=5233455, R=0, W=0
T=4943511, R=0, W=0
T=4238459, R=0, W=0
T=5228439, R=0, W=0
T=4641888, R=0, W=0
T=5046818, R=0, W=0
T=3946130, R=0, W=0
T=4324732, R=0, W=0

TOTAL: T=76692588, R=0, W=0
--- 56,869 MB collected in 0.139 secs (1.0% of total), longest GC took 0.007 secs
DATA gc:  total_k 58234573  total_secs 0.139363  max_secs 0.006741
