startup =       4000
elapsed =       10000
threads =       1
accounts =      2
init =          1000000
maxAmount =     10
readFreq =      0
writeFreq =     0
readThreads =   0
writeThreads =  0
disjointTrans = false
yieldALot =     false
flavour =       t

warming up
timed execution

TOTAL=2000000.0 [ 1008883.0 991117.0 ]

10001 actual elapsed

T=16629514, R=0, W=0

TOTAL: T=16629514, R=0, W=0
--- 12,681 MB collected in 0.054 secs (0.4% of total), longest GC took 0.002 secs
DATA gc:  total_k 12985434  total_secs 0.054402  max_secs 0.002275
