startup =       4000
elapsed =       10000
threads =       1
accounts =      2
init =          1000000
maxAmount =     10
readFreq =      0
writeFreq =     0
readThreads =   0
writeThreads =  0
disjointTrans = false
yieldALot =     false
flavour =       d

warming up
timed execution

TOTAL=2000000.0 [ 1026158.0 973842.0 ]

10001 actual elapsed

T=19051463, R=0, W=0

TOTAL: T=19051463, R=0, W=0
--- 11,695 MB collected in 0.039 secs (0.3% of total), longest GC took 0.002 secs
DATA gc:  total_k 11976410  total_secs 0.039014  max_secs 0.002264
