startup =       4000
elapsed =       10000
threads =       8
accounts =      512
init =          1000000
maxAmount =     10
readFreq =      0
writeFreq =     0
readThreads =   0
writeThreads =  0
disjointTrans = false
yieldALot =     false
flavour =       d

warming up
timed execution

TOTAL=5.12000256E8 [ 1001237.0 992436.0 988788.0 995374.0 1009457.0 1009041.0 1002095.0 1001138.0 1012486.0 1006885.0 1004902.0 980041.0 999853.0 996454.0 990900.0 1012894.0 1009251.0 999893.0 995232.0 988239.0 999827.0 996050.0 997166.0 1015501.0 989782.0 992813.0 996145.0 1006777.0 988687.0 1004504.0 1003907.0 1005643.0 1010378.0 988696.0 998960.0 992546.0 995375.0 988875.0 1000397.0 1000879.0 991641.0 991970.0 984857.0 1020097.0 1010417.0 1031583.0 997551.0 1000985.0 999846.0 1001887.0 995893.0 992322.0 1009760.0 1007110.0 1006895.0 1005031.0 987409.0 1002258.0 1009412.0 1012004.0 999335.0 993636.0 1006450.0 997873.0 1015294.0 1005904.0 1006625.0 993509.0 997791.0 1004078.0 1012564.0 1003739.0 1001902.0 1011400.0 1004546.0 985306.0 995321.0 1004934.0 991881.0 998204.0 1001183.0 995686.0 990068.0 993808.0 1011184.0 1003867.0 1003458.0 994673.0 1008525.0 996927.0 1010386.0 994158.0 999391.0 1003526.0 994945.0 993244.0 1006995.0 1005450.0 999494.0 999452.0 1001242.0 998733.0 1000369.0 1000977.0 1014532.0 1003032.0 995901.0 998408.0 989134.0 997605.0 999389.0 1008389.0 995399.0 1003813.0 1002374.0 1003698.0 1005046.0 998247.0 991277.0 998483.0 1004166.0 996663.0 1009469.0 993118.0 997547.0 993797.0 1004448.0 1007459.0 996601.0 1005208.0 993958.0 1002502.0 1004432.0 974261.0 996284.0 990592.0 1010307.0 1005623.0 1003515.0 993186.0 1010535.0 1002971.0 1005185.0 994191.0 992804.0 1009360.0 994761.0 1016144.0 988620.0 982954.0 1004839.0 993178.0 997174.0 995919.0 1004184.0 999111.0 990870.0 1001144.0 987530.0 1004214.0 1002714.0 1012198.0 1005402.0 1008363.0 993972.0 994855.0 997859.0 1007608.0 1001106.0 996863.0 1001834.0 1000224.0 991635.0 1005150.0 1007641.0 989282.0 1000491.0 1014366.0 1003559.0 990945.0 1015045.0 989847.0 1005903.0 996927.0 993806.0 1001368.0 1006740.0 996613.0 1004101.0 1003721.0 1000348.0 1005293.0 996777.0 1009831.0 995991.0 985011.0 999509.0 1006038.0 992137.0 1009710.0 1002363.0 1011526.0 1002778.0 1002803.0 996436.0 1001128.0 995729.0 989860.0 1017032.0 998883.0 1001601.0 1005682.0 985648.0 984503.0 995462.0 1000282.0 1002144.0 1000600.0 1006384.0 1018085.0 995228.0 1000175.0 1001374.0 989471.0 1007127.0 1002242.0 989851.0 1005327.0 1007367.0 1006785.0 999752.0 998763.0 1003451.0 991702.0 998155.0 1003396.0 1000064.0 998116.0 987027.0 1005576.0 994755.0 1003415.0 994840.0 996098.0 998450.0 1008980.0 986442.0 997380.0 1002159.0 1001845.0 997902.0 1004168.0 993938.0 997051.0 997460.0 996504.0 998685.0 1008900.0 996760.0 1001200.0 988255.0 999347.0 991112.0 1008702.0 998687.0 996633.0 997209.0 987361.0 985799.0 999964.0 992617.0 999655.0 998358.0 1001992.0 998614.0 989022.0 1002982.0 997963.0 996629.0 996904.0 999802.0 1004825.0 1000503.0 1002931.0 1005010.0 1004650.0 1004416.0 1003964.0 1005742.0 999225.0 1012762.0 1001864.0 1004023.0 1000652.0 990394.0 977076.0 994184.0 986033.0 1009492.0 993961.0 992550.0 998482.0 995538.0 1005868.0 991869.0 1008149.0 1010903.0 1002545.0 1005688.0 1011742.0 1002899.0 998542.0 1003075.0 992468.0 1009826.0 1002552.0 985778.0 987343.0 1003360.0 1003625.0 995990.0 996451.0 1015876.0 1007007.0 1002704.0 1004820.0 999766.0 994973.0 991245.0 997974.0 1001092.0 1008033.0 994707.0 1005933.0 1001265.0 976671.0 1000885.0 1010301.0 999315.0 1007431.0 987741.0 1002947.0 1007379.0 1015929.0 992442.0 1009797.0 987798.0 996947.0 988028.0 994748.0 1000153.0 1010643.0 1000689.0 992026.0 993182.0 989275.0 999121.0 1001495.0 998180.0 989700.0 1005310.0 997357.0 1004441.0 991872.0 996588.0 1008140.0 997807.0 1009680.0 1010423.0 998735.0 1019924.0 994894.0 1010088.0 987868.0 1002133.0 1005298.0 1014117.0 1002186.0 996195.0 1014696.0 1003276.0 996167.0 995361.0 1010845.0 995932.0 1006082.0 987141.0 996669.0 994875.0 994120.0 992882.0 1012832.0 1009335.0 997648.0 1004846.0 1005663.0 1010693.0 983879.0 1006809.0 1002223.0 994674.0 1003806.0 992630.0 1004723.0 1008886.0 990292.0 1006259.0 998822.0 1004435.0 1010711.0 996529.0 992351.0 1001704.0 992444.0 998706.0 999464.0 989220.0 1002499.0 976750.0 986465.0 995342.0 1000011.0 1006126.0 1001490.0 993074.0 993427.0 1011377.0 1001124.0 980992.0 1015075.0 1002875.0 1002556.0 1002016.0 1011414.0 1004396.0 1007230.0 1004021.0 1005727.0 992475.0 1001151.0 1002176.0 1005311.0 1000443.0 1001739.0 1003544.0 1000927.0 980946.0 985816.0 1001404.0 994186.0 1007021.0 985565.0 993867.0 1000011.0 1022797.0 1010213.0 1004884.0 993623.0 995405.0 991450.0 1000630.0 1001279.0 1018933.0 1001738.0 1001609.0 993102.0 1002795.0 1010067.0 999654.0 980559.0 1009747.0 1001059.0 995267.0 996538.0 1000292.0 985196.0 996206.0 1011409.0 997207.0 998127.0 1005724.0 996583.0 998513.0 992858.0 983194.0 1009976.0 1008272.0 1014491.0 998425.0 994043.0 1005938.0 1003925.0 993213.0 1008109.0 999954.0 999533.0 1005317.0 1008834.0 1006868.0 1005306.0 998717.0 992577.0 992392.0 996484.0 986407.0 995092.0 991728.0 997957.0 996845.0 1003200.0 1008993.0 989107.0 ]

10001 actual elapsed

T=6846035, R=0, W=0
T=6331893, R=0, W=0
T=7793624, R=0, W=0
T=7036860, R=0, W=0
T=4910725, R=0, W=0
T=6460791, R=0, W=0
T=6901763, R=0, W=0
T=5879956, R=0, W=0

TOTAL: T=52161647, R=0, W=0
--- 33,060 MB collected in 0.082 secs (0.6% of total), longest GC took 0.003 secs
DATA gc:  total_k 33853733  total_secs 0.082226  max_secs 0.003321
