startup =       4000
elapsed =       10000
threads =       64
accounts =      2048
init =          1000000
maxAmount =     10
readFreq =      0
writeFreq =     0
readThreads =   0
writeThreads =  0
disjointTrans = false
yieldALot =     false
flavour =       t

warming up
timed execution

TOTAL=2.0480023E9 [ 1010499.0 999288.0 991337.0 1001927.0 975268.0 996455.0 985361.0 1012931.0 1000826.0 1000410.0 984173.0 998979.0 1012545.0 999819.0 993302.0 1009645.0 995371.0 995946.0 996744.0 1007721.0 1001504.0 1004028.0 994228.0 1003545.0 1003414.0 1002878.0 997365.0 989377.0 1001276.0 1000277.0 1004363.0 1005099.0 998285.0 1004206.0 997256.0 1010583.0 1011834.0 1009413.0 1008483.0 1002549.0 997182.0 990694.0 1005126.0 1005049.0 997997.0 1002143.0 1010650.0 1004148.0 995075.0 1012784.0 994404.0 988426.0 1000440.0 1001589.0 992460.0 1003847.0 1003674.0 1004201.0 996024.0 1000850.0 994724.0 994981.0 996199.0 992789.0 1003042.0 1001849.0 1002053.0 996534.0 998053.0 1006072.0 999631.0 995626.0 1004156.0 1015143.0 998019.0 997066.0 997596.0 992854.0 1012147.0 1004430.0 996299.0 1005349.0 1000810.0 1007013.0 1015403.0 1000667.0 997340.0 996226.0 1017871.0 1009754.0 1002058.0 998314.0 998114.0 996593.0 998622.0 1003596.0 1003841.0 996501.0 1005436.0 1009032.0 1014005.0 1001992.0 1011015.0 985074.0 995809.0 990881.0 999675.0 1005643.0 1000102.0 993669.0 995637.0 1009878.0 981059.0 991608.0 1008529.0 992183.0 992302.0 1005581.0 1003804.0 1000489.0 1012935.0 1000530.0 1017781.0 996712.0 991670.0 1007463.0 1015708.0 995845.0 1001568.0 1001087.0 1014054.0 1001601.0 1002432.0 990786.0 1003145.0 1003615.0 999242.0 1006602.0 1009204.0 1002637.0 1003803.0 995139.0 1003836.0 991960.0 992056.0 998628.0 1007860.0 1013930.0 993596.0 991849.0 1008711.0 994000.0 1001775.0 1011095.0 996515.0 983880.0 1014488.0 983773.0 1006200.0 991860.0 996671.0 1022079.0 1003746.0 1010321.0 998817.0 1009425.0 1011110.0 1009940.0 994587.0 1009386.0 996187.0 1007701.0 1003791.0 990837.0 995574.0 1008388.0 1004461.0 1001168.0 1005286.0 997208.0 1006109.0 996485.0 1014196.0 1016098.0 1001054.0 989776.0 1005210.0 990445.0 1006638.0 1004401.0 998819.0 1013869.0 994912.0 1011976.0 1000990.0 994429.0 990956.0 997697.0 991792.0 995904.0 992947.0 991070.0 992129.0 1011109.0 988138.0 996054.0 997138.0 996042.0 994056.0 1013375.0 1003215.0 1001942.0 995943.0 999422.0 992899.0 997751.0 1025820.0 1013176.0 995860.0 1001783.0 1011845.0 1003699.0 1005594.0 1017145.0 1001954.0 998824.0 998045.0 999566.0 1001371.0 985843.0 1011499.0 995878.0 1002367.0 992829.0 996623.0 998168.0 1007015.0 994111.0 1007847.0 999585.0 1010092.0 990279.0 984978.0 1011018.0 1005518.0 1001782.0 1001815.0 993697.0 987076.0 994599.0 1004175.0 992069.0 995680.0 1010617.0 1004282.0 1005213.0 996746.0 988453.0 1003233.0 997362.0 1013556.0 994824.0 1007981.0 998269.0 997191.0 991604.0 1007797.0 1010318.0 1004669.0 993789.0 994917.0 1000310.0 986957.0 989318.0 1002865.0 1011377.0 1002667.0 995964.0 1004113.0 998198.0 998392.0 1002271.0 998977.0 1006120.0 1009731.0 1004890.0 983270.0 1001152.0 1007005.0 996023.0 994539.0 992835.0 992999.0 998560.0 989227.0 993751.0 994978.0 1004648.0 998593.0 998323.0 999173.0 984293.0 1001880.0 995566.0 998935.0 1016011.0 990124.0 993441.0 1003602.0 997505.0 1007316.0 995339.0 998622.0 1001310.0 1010277.0 1008278.0 1005559.0 997396.0 985571.0 990099.0 1004662.0 1010352.0 995571.0 999050.0 998054.0 1000374.0 1009501.0 989139.0 1009351.0 997142.0 1008567.0 984850.0 984052.0 1005829.0 1010290.0 992864.0 1000026.0 1004369.0 997364.0 995195.0 997012.0 993583.0 996482.0 1004219.0 999900.0 1000727.0 1006671.0 992905.0 1009600.0 1002178.0 995855.0 1005898.0 987115.0 1009689.0 1003753.0 1000062.0 1000744.0 995988.0 1005293.0 1007215.0 1008805.0 997683.0 989700.0 1002663.0 1009807.0 1009324.0 1007268.0 1000268.0 1009159.0 1005861.0 1007342.0 1003745.0 994364.0 991391.0 1000700.0 1004372.0 982866.0 999420.0 997966.0 1006443.0 1000103.0 998896.0 997791.0 997943.0 1016920.0 1004357.0 1001033.0 1001028.0 996914.0 996089.0 1000253.0 1004086.0 995364.0 994389.0 995607.0 988118.0 1017892.0 999664.0 990852.0 992887.0 1004238.0 1013910.0 1007667.0 1002943.0 996371.0 997614.0 1019323.0 1005382.0 999851.0 1000373.0 996888.0 1005700.0 1012836.0 1005799.0 1006874.0 1012741.0 994415.0 997098.0 991380.0 1000044.0 995974.0 995469.0 994989.0 987734.0 986770.0 1000010.0 998964.0 1012520.0 1005464.0 1009367.0 1001329.0 997296.0 999832.0 988259.0 990994.0 998275.0 998028.0 1005653.0 1004130.0 997181.0 989977.0 995741.0 998193.0 992813.0 1002537.0 1007532.0 1006234.0 993918.0 1012476.0 999502.0 1002107.0 1005002.0 1010313.0 1000901.0 998351.0 1011582.0 1004929.0 1004242.0 990441.0 1004824.0 1002046.0 1018199.0 995385.0 993903.0 1006319.0 995386.0 1000351.0 982835.0 1001129.0 996551.0 995039.0 997588.0 996538.0 1006614.0 1001812.0 1002385.0 1003829.0 994486.0 1005700.0 993093.0 1001911.0 999827.0 1004477.0 1009946.0 996874.0 994202.0 999942.0 1001009.0 1003202.0 998062.0 992394.0 985273.0 993898.0 990281.0 995050.0 999253.0 985378.0 999754.0 998489.0 1010888.0 991360.0 1001114.0 1008635.0 988303.0 1009225.0 992123.0 1006006.0 1004674.0 1000212.0 994995.0 990811.0 986213.0 999182.0 990515.0 996361.0 1003104.0 1006189.0 995679.0 999602.0 996502.0 998059.0 998889.0 992914.0 995476.0 1000377.0 991099.0 996985.0 995168.0 997818.0 1010602.0 1013827.0 999349.0 1007585.0 988283.0 1015176.0 993600.0 1003952.0 1004192.0 1003360.0 993848.0 1008740.0 1005581.0 1000221.0 999493.0 1009451.0 990177.0 1000032.0 1001838.0 998420.0 999266.0 996713.0 997543.0 1006158.0 986872.0 988342.0 999658.0 1013770.0 1004418.0 1000519.0 1000186.0 992991.0 995896.0 1011445.0 990886.0 991027.0 983441.0 990406.0 993285.0 1003953.0 1000026.0 1000743.0 1011229.0 1001208.0 1004448.0 988078.0 997266.0 1009829.0 1011161.0 1002280.0 999772.0 1001562.0 1002840.0 1002506.0 1003244.0 1003801.0 1007026.0 1005907.0 1003275.0 998281.0 1000533.0 990830.0 1001801.0 1002364.0 1002599.0 990850.0 992422.0 999202.0 996329.0 993649.0 1005829.0 995835.0 990307.0 999091.0 1010161.0 1001479.0 1002253.0 981601.0 1010817.0 1000519.0 989446.0 993040.0 996514.0 996473.0 1000190.0 1011587.0 1015054.0 996101.0 991160.0 997008.0 992472.0 999801.0 1011437.0 996561.0 991915.0 998894.0 1002367.0 1001846.0 1009732.0 990963.0 1012652.0 999417.0 993345.0 998739.0 1009347.0 1005086.0 992523.0 1008943.0 1011722.0 1003740.0 1000079.0 1007647.0 998276.0 1004574.0 1006286.0 995176.0 999794.0 1001181.0 986674.0 989629.0 999917.0 997216.0 1005178.0 1003281.0 994300.0 1006142.0 1005608.0 995490.0 1006039.0 991275.0 997126.0 1000607.0 986703.0 1000386.0 990486.0 1002337.0 1002797.0 998342.0 998757.0 999701.0 1002847.0 998499.0 993901.0 1008990.0 993631.0 1004900.0 1012404.0 993210.0 1006403.0 1004778.0 995689.0 990475.0 999205.0 993121.0 1004609.0 1008695.0 991633.0 1004572.0 991430.0 986997.0 991135.0 991033.0 999604.0 1005124.0 995570.0 1000944.0 1000494.0 999477.0 998017.0 1013832.0 1007782.0 1007746.0 1018734.0 992774.0 1003667.0 991426.0 1000408.0 1001569.0 1004474.0 1006498.0 991619.0 993889.0 1006422.0 1007068.0 1005367.0 1007010.0 999997.0 995654.0 1000304.0 999372.0 988154.0 999124.0 1004630.0 1005879.0 987952.0 1012608.0 993091.0 1025244.0 988874.0 987974.0 1009227.0 1009763.0 1002759.0 1008798.0 1003752.0 1015959.0 996062.0 1000173.0 1003664.0 985617.0 1002755.0 989089.0 1010499.0 981416.0 1000219.0 1004022.0 993864.0 996498.0 993555.0 999741.0 1000293.0 990388.0 1008223.0 999117.0 991058.0 998473.0 1008704.0 991173.0 1000179.0 1004576.0 997796.0 1003667.0 1008967.0 995127.0 1006117.0 991957.0 1001573.0 993475.0 1003137.0 1000171.0 984183.0 995953.0 999941.0 992105.0 1003558.0 989864.0 996950.0 992205.0 990286.0 1014578.0 1002998.0 990642.0 998405.0 994554.0 1003267.0 995842.0 1001138.0 992794.0 1002903.0 1002296.0 994059.0 991572.0 1000858.0 994856.0 1003757.0 1008693.0 1002266.0 993541.0 974552.0 998451.0 988874.0 994803.0 1012872.0 999506.0 998512.0 1004085.0 998658.0 988290.0 1009881.0 1011302.0 992888.0 994018.0 1002633.0 991472.0 1001127.0 992384.0 992500.0 996562.0 996970.0 1008886.0 1003270.0 986950.0 1002905.0 1000269.0 988847.0 1006084.0 993225.0 998138.0 1001791.0 996463.0 993116.0 1003175.0 1008131.0 1001652.0 1011158.0 1000832.0 1003274.0 1009662.0 1001271.0 1006972.0 1005647.0 993251.0 988628.0 992795.0 991668.0 1010071.0 1007144.0 1004569.0 1002613.0 1000156.0 991513.0 997745.0 993837.0 999045.0 1003691.0 992589.0 1010371.0 997282.0 995263.0 1011601.0 992196.0 1009274.0 994253.0 1002523.0 1009825.0 1002989.0 1002326.0 996837.0 1002276.0 998923.0 1005801.0 1016509.0 1000894.0 1012223.0 992846.0 994821.0 1000942.0 996320.0 1003295.0 1000622.0 1004779.0 990987.0 1011063.0 1009596.0 1006349.0 988389.0 1011330.0 999014.0 989944.0 1005742.0 1004430.0 1007860.0 997929.0 999830.0 992781.0 994404.0 995479.0 1016276.0 999620.0 988490.0 1010311.0 1012520.0 996113.0 1010395.0 1001179.0 1001704.0 1002261.0 988223.0 992108.0 995949.0 989330.0 996106.0 1007226.0 998675.0 999637.0 1016012.0 1002071.0 998649.0 985663.0 990592.0 1010105.0 995128.0 1005418.0 1009231.0 996822.0 999760.0 1008691.0 997644.0 987781.0 1001028.0 1003544.0 1017357.0 1004155.0 1010000.0 996798.0 996055.0 984398.0 990005.0 1010660.0 994701.0 998746.0 998164.0 1003704.0 988539.0 1015317.0 999305.0 992194.0 1001501.0 995465.0 998708.0 1003356.0 1002921.0 994578.0 1004397.0 999254.0 1018253.0 1000108.0 1006527.0 996640.0 998426.0 1012258.0 995603.0 997191.0 997104.0 1001058.0 983300.0 1007183.0 1001766.0 992946.0 1007775.0 1005010.0 1009027.0 992253.0 999058.0 997609.0 1001358.0 999106.0 1015004.0 993165.0 1004577.0 1007323.0 992668.0 996877.0 989940.0 1004526.0 996601.0 991597.0 1010217.0 1001663.0 1002989.0 995639.0 991949.0 1005342.0 1005294.0 983623.0 997832.0 993483.0 998169.0 1005648.0 1007201.0 993188.0 1004810.0 999825.0 984642.0 997081.0 1006076.0 984594.0 999436.0 998502.0 1001387.0 990119.0 990466.0 996093.0 1003507.0 1014440.0 1001231.0 1010270.0 997007.0 989622.0 987915.0 998999.0 1001012.0 994830.0 1011221.0 996587.0 996163.0 1004103.0 984984.0 1007249.0 993594.0 1002580.0 997642.0 1007915.0 995813.0 987335.0 991166.0 1007887.0 986833.0 1008512.0 988808.0 999847.0 1001397.0 1003933.0 1006121.0 993599.0 1002925.0 994472.0 995932.0 1000892.0 997175.0 1006826.0 997898.0 1001871.0 997721.0 998409.0 1004801.0 1003000.0 988961.0 1000394.0 994896.0 996883.0 989080.0 992817.0 1003690.0 1012711.0 992480.0 1004548.0 1000410.0 1011130.0 999718.0 999535.0 1004744.0 985210.0 993655.0 992379.0 995387.0 996844.0 1006177.0 990551.0 1002214.0 998757.0 999064.0 1021435.0 988996.0 998354.0 997005.0 995362.0 991740.0 1003460.0 996591.0 989679.0 1007770.0 996328.0 1022334.0 1010919.0 977990.0 1008659.0 1010430.0 1004571.0 1003638.0 997046.0 993567.0 986290.0 1002198.0 1002714.0 995883.0 1002402.0 996490.0 1011802.0 997109.0 1012568.0 1003812.0 1005263.0 1005869.0 1009523.0 1002603.0 988649.0 1009773.0 1011296.0 1008470.0 1000008.0 1002861.0 1005666.0 999558.0 992889.0 984951.0 1003723.0 996308.0 997038.0 1006374.0 996254.0 995980.0 1003020.0 1003788.0 1007048.0 1007450.0 1002015.0 989512.0 995839.0 1005823.0 1003109.0 1000229.0 992116.0 1011080.0 1001425.0 1003549.0 1001282.0 999971.0 1005742.0 1001357.0 998055.0 1000475.0 990659.0 1011891.0 1009232.0 1015683.0 1003434.0 996192.0 989574.0 981627.0 999892.0 1006855.0 1006097.0 1000987.0 1001951.0 993606.0 995253.0 1000822.0 996205.0 999203.0 1014454.0 997451.0 1000594.0 1008112.0 1004974.0 1010996.0 998052.0 1008083.0 997701.0 990489.0 1015503.0 996528.0 1008527.0 1012222.0 993857.0 997610.0 1002097.0 988757.0 1009452.0 990161.0 995351.0 995865.0 999258.0 992339.0 990276.0 1010757.0 1003285.0 987050.0 1011453.0 1001911.0 997622.0 995945.0 996955.0 996169.0 996307.0 1006407.0 997088.0 999489.0 987588.0 999533.0 992722.0 992310.0 1002405.0 1010447.0 1006711.0 998212.0 999920.0 995904.0 1002372.0 999447.0 1006388.0 990075.0 998965.0 1003123.0 996630.0 1000599.0 994905.0 1006103.0 993499.0 1001651.0 993353.0 991463.0 999926.0 996960.0 997760.0 1008259.0 995310.0 1001256.0 999794.0 987622.0 1013652.0 1012007.0 990610.0 1002886.0 1010291.0 1005374.0 990476.0 1001501.0 994278.0 992602.0 990587.0 994154.0 1005428.0 1002685.0 1004191.0 998125.0 1013789.0 1000450.0 993162.0 1002158.0 988622.0 994624.0 989489.0 1009647.0 1007547.0 993785.0 997193.0 998622.0 1008173.0 1007468.0 1000296.0 998227.0 1023267.0 1009332.0 987219.0 990794.0 994102.0 994839.0 997676.0 999499.0 1007490.0 1008409.0 992597.0 1000908.0 1011150.0 997044.0 1001729.0 987347.0 1007547.0 1002449.0 1004641.0 994560.0 992435.0 1012838.0 995699.0 1001048.0 992816.0 1015705.0 1003121.0 1006941.0 985144.0 1001077.0 1000907.0 989359.0 1010073.0 999231.0 1008548.0 1005877.0 995610.0 994152.0 993547.0 1009307.0 1009358.0 1002133.0 995496.0 1017793.0 1002663.0 995051.0 1002854.0 1012739.0 995679.0 998605.0 1009777.0 990910.0 995230.0 996058.0 980014.0 995989.0 1004260.0 998245.0 1000467.0 996120.0 994503.0 999075.0 992897.0 996604.0 1012849.0 1003177.0 1005378.0 999591.0 1004983.0 988483.0 1007298.0 997311.0 1001575.0 999651.0 1003232.0 1003438.0 1007529.0 995105.0 1005109.0 1001856.0 1000640.0 1002760.0 1005240.0 1007262.0 994611.0 1007331.0 992160.0 1011965.0 993710.0 978212.0 1004845.0 989455.0 1006813.0 1006280.0 995858.0 1005058.0 996763.0 999907.0 1013199.0 996186.0 1003605.0 998945.0 988151.0 1004121.0 1003139.0 996785.0 1003719.0 1003251.0 1007847.0 983040.0 995243.0 1004591.0 1001934.0 1000490.0 1009750.0 1002842.0 1004682.0 994530.0 1003004.0 998723.0 1008098.0 1013335.0 1003650.0 1010752.0 1003628.0 989233.0 1001293.0 986464.0 983651.0 998336.0 1002511.0 1004363.0 998476.0 996096.0 992971.0 990441.0 995753.0 992825.0 996543.0 1010807.0 1002992.0 987639.0 1004253.0 1003488.0 994025.0 993738.0 997455.0 996490.0 999477.0 994073.0 1004651.0 996120.0 999403.0 983720.0 998485.0 1002585.0 1004794.0 992326.0 1001078.0 985004.0 995339.0 986590.0 1009213.0 1004254.0 990436.0 993161.0 999989.0 996931.0 998250.0 999178.0 1013666.0 993572.0 990631.0 1006050.0 984816.0 987972.0 1001490.0 1003572.0 988752.0 998963.0 997366.0 999497.0 1001743.0 1008580.0 989624.0 991486.0 1004525.0 1007403.0 1010398.0 989461.0 1007587.0 996129.0 1001143.0 986766.0 1009601.0 1002618.0 1001306.0 998039.0 991182.0 995170.0 999446.0 1023581.0 992343.0 1003656.0 1000398.0 1006048.0 1002540.0 998868.0 997420.0 1000293.0 985706.0 995657.0 1002011.0 994434.0 1014063.0 981376.0 997872.0 1009383.0 1005572.0 1000809.0 1002316.0 996738.0 1005631.0 980108.0 992105.0 1002654.0 1006435.0 1005658.0 993610.0 987876.0 1003755.0 992389.0 1001996.0 1002049.0 1015145.0 995829.0 1009294.0 1006168.0 1007331.0 989706.0 989180.0 988083.0 1016007.0 1007061.0 1012418.0 990521.0 1000247.0 991348.0 996006.0 1008223.0 1025377.0 1004461.0 1007225.0 1008768.0 990731.0 1004542.0 999811.0 993029.0 993802.0 991652.0 1000452.0 1002892.0 1004545.0 996134.0 999858.0 1014574.0 991011.0 995702.0 1008838.0 999209.0 1006825.0 1005660.0 1003927.0 1005200.0 998055.0 993367.0 992111.0 993804.0 1004014.0 989773.0 999941.0 1003658.0 997173.0 1002074.0 1013468.0 1005136.0 1006954.0 991977.0 992450.0 986873.0 1000264.0 1000536.0 1005338.0 1005888.0 1005407.0 1004728.0 1002354.0 1012646.0 998901.0 1012630.0 991005.0 999725.0 1005969.0 995446.0 996807.0 999319.0 1004210.0 1003513.0 992416.0 1004924.0 1005669.0 995527.0 1012081.0 999490.0 991344.0 992193.0 1003678.0 1008222.0 1007356.0 994094.0 987481.0 1005140.0 999495.0 997478.0 992053.0 997167.0 1015777.0 998656.0 998870.0 1003613.0 995371.0 992919.0 991479.0 1000562.0 1001888.0 988441.0 1007389.0 994782.0 1001489.0 996420.0 998395.0 1014625.0 1002752.0 993057.0 1006708.0 999993.0 1012929.0 999593.0 1001631.0 993468.0 998715.0 1004100.0 1016344.0 993266.0 1006464.0 997988.0 1004229.0 996613.0 998694.0 995181.0 995709.0 985751.0 1011447.0 993496.0 991870.0 998602.0 997706.0 995419.0 1008922.0 1001634.0 993939.0 998296.0 994879.0 1007664.0 994614.0 1010260.0 1004077.0 998632.0 1000345.0 989017.0 986103.0 995519.0 1011339.0 1001403.0 1001618.0 990691.0 1005653.0 1001115.0 1008127.0 1005295.0 1001109.0 1004260.0 981587.0 1006484.0 1006545.0 996762.0 992514.0 1004491.0 998310.0 1006278.0 997320.0 997893.0 992623.0 1000861.0 1018768.0 1003289.0 992261.0 998249.0 1009503.0 989811.0 1003255.0 1003689.0 1000130.0 1008421.0 1008349.0 1013604.0 1007271.0 1000206.0 992162.0 994619.0 1005956.0 1010014.0 984584.0 1014652.0 998998.0 1001246.0 999046.0 1021763.0 998859.0 997155.0 1007801.0 1001347.0 1004347.0 1012944.0 995243.0 996482.0 1012750.0 1000815.0 988213.0 992583.0 990101.0 986549.0 981113.0 1006683.0 989024.0 1002459.0 1000647.0 1003826.0 1013926.0 986480.0 997062.0 1005762.0 1000663.0 1020062.0 985054.0 986231.0 997070.0 1009054.0 1000729.0 1004312.0 985167.0 992250.0 993865.0 1002366.0 994652.0 1007144.0 998499.0 984910.0 1003448.0 1002708.0 1001462.0 988519.0 1008729.0 989350.0 1008109.0 991621.0 1006422.0 998644.0 980075.0 997758.0 993510.0 989346.0 994931.0 1008931.0 1011688.0 1002090.0 991802.0 992360.0 1003028.0 995062.0 983546.0 997609.0 996119.0 1005092.0 1003958.0 992947.0 1008312.0 996069.0 994488.0 1000909.0 1001546.0 992212.0 1011643.0 1001430.0 987891.0 1007777.0 999274.0 989255.0 999609.0 997061.0 999252.0 994681.0 980166.0 1000127.0 998042.0 999348.0 991857.0 996630.0 1003927.0 1004766.0 1009859.0 989691.0 994197.0 995261.0 991283.0 1001673.0 1010768.0 1016495.0 997114.0 992933.0 989075.0 1000513.0 1016366.0 990273.0 1001760.0 993443.0 991861.0 1001070.0 1008481.0 1020239.0 989442.0 990124.0 992166.0 1015624.0 1004630.0 991721.0 1018933.0 1006997.0 1004626.0 997073.0 1001311.0 994734.0 986155.0 992072.0 1012944.0 995586.0 989448.0 1013541.0 1007518.0 1008234.0 1001840.0 1004979.0 1001020.0 990246.0 996522.0 1000716.0 998640.0 1005697.0 994802.0 994068.0 1010935.0 1002210.0 989417.0 1005377.0 997841.0 996491.0 995726.0 995049.0 993372.0 1002511.0 1004639.0 1005982.0 995319.0 1013198.0 991602.0 997095.0 1009914.0 1012578.0 1004682.0 1003271.0 995832.0 994090.0 994345.0 996574.0 1000662.0 1003081.0 997022.0 1007082.0 1009001.0 1012962.0 995037.0 983854.0 996515.0 1009441.0 991962.0 999722.0 1000066.0 1003958.0 1003355.0 992979.0 1004900.0 993813.0 1001414.0 1000607.0 991409.0 1000122.0 996235.0 997947.0 996502.0 1005833.0 995428.0 988165.0 1002547.0 996556.0 994744.0 1008905.0 997437.0 995344.0 997766.0 989800.0 999703.0 997242.0 995849.0 1002594.0 999651.0 1011128.0 989953.0 1001208.0 989911.0 1003497.0 1014538.0 1008431.0 998996.0 993934.0 995612.0 1001375.0 1001398.0 1004113.0 1005558.0 1009073.0 1006048.0 992756.0 997232.0 1001519.0 992316.0 1005752.0 997291.0 1002561.0 992444.0 1002882.0 1006031.0 999789.0 1002227.0 997593.0 998550.0 990991.0 986469.0 989010.0 1003293.0 1012252.0 1002076.0 998933.0 990736.0 1007926.0 1011045.0 1004843.0 992608.0 997558.0 992413.0 988377.0 1007477.0 1010011.0 997983.0 986064.0 993253.0 992849.0 1001422.0 1004090.0 1008568.0 997448.0 990747.0 996612.0 999110.0 994787.0 999668.0 1007914.0 983907.0 985699.0 1009591.0 1004849.0 998702.0 1003971.0 1002609.0 1006498.0 992249.0 1005747.0 999278.0 1008069.0 1005110.0 1001235.0 1005202.0 1003455.0 1002047.0 1009515.0 1003355.0 1004892.0 1001503.0 998799.0 994287.0 991853.0 995361.0 990376.0 999524.0 1004973.0 1007217.0 1000367.0 993560.0 996273.0 999358.0 1001232.0 997887.0 994404.0 1006813.0 1003528.0 1004860.0 1004952.0 1006291.0 999018.0 1011590.0 993408.0 998352.0 1003652.0 1012320.0 1007282.0 1001559.0 1004828.0 1004369.0 998902.0 1002459.0 1004671.0 996653.0 1003395.0 1003035.0 997105.0 1004919.0 998627.0 999062.0 1004237.0 999946.0 981777.0 1008938.0 1010919.0 1013695.0 997044.0 1012602.0 1000015.0 979680.0 997443.0 988360.0 993716.0 995225.0 1008691.0 997529.0 997452.0 1001845.0 1012187.0 1001404.0 ]

10002 actual elapsed

T=1268770, R=0, W=0
T=1293334, R=0, W=0
T=1041566, R=0, W=0
T=1292928, R=0, W=0
T=1139635, R=0, W=0
T=1134745, R=0, W=0
T=1349920, R=0, W=0
T=1340363, R=0, W=0
T=1433175, R=0, W=0
T=1807789, R=0, W=0
T=1281805, R=0, W=0
T=864342, R=0, W=0
T=1095955, R=0, W=0
T=1286686, R=0, W=0
T=1060326, R=0, W=0
T=1118630, R=0, W=0
T=1106532, R=0, W=0
T=854274, R=0, W=0
T=946895, R=0, W=0
T=1082742, R=0, W=0
T=1060230, R=0, W=0
T=1317317, R=0, W=0
T=1330488, R=0, W=0
T=1050912, R=0, W=0
T=1271606, R=0, W=0
T=1170992, R=0, W=0
T=1348448, R=0, W=0
T=1099754, R=0, W=0
T=1134656, R=0, W=0
T=765986, R=0, W=0
T=1090339, R=0, W=0
T=1205282, R=0, W=0
T=1053105, R=0, W=0
T=832126, R=0, W=0
T=1514638, R=0, W=0
T=1208605, R=0, W=0
T=1009596, R=0, W=0
T=1093728, R=0, W=0
T=920561, R=0, W=0
T=1017543, R=0, W=0
T=1330015, R=0, W=0
T=1453089, R=0, W=0
T=1346573, R=0, W=0
T=1011266, R=0, W=0
T=1328070, R=0, W=0
T=1356822, R=0, W=0
T=1283030, R=0, W=0
T=1206051, R=0, W=0
T=1271304, R=0, W=0
T=841018, R=0, W=0
T=1019360, R=0, W=0
T=1090469, R=0, W=0
T=1413645, R=0, W=0
T=1016001, R=0, W=0
T=1057716, R=0, W=0
T=1268331, R=0, W=0
T=1155122, R=0, W=0
T=1252226, R=0, W=0
T=1164129, R=0, W=0
T=1195863, R=0, W=0
T=1070817, R=0, W=0
T=1037310, R=0, W=0
T=1261896, R=0, W=0
T=1281266, R=0, W=0

TOTAL: T=75007713, R=0, W=0
--- 59,098 MB collected in 0.130 secs (0.9% of total), longest GC took 0.009 secs
DATA gc:  total_k 60516736  total_secs 0.130141  max_secs 0.00883
