startup =       4000
elapsed =       10000
threads =       64
accounts =      64
init =          1000000
maxAmount =     10
readFreq =      0
writeFreq =     0
readThreads =   0
writeThreads =  0
disjointTrans = false
yieldALot =     false
flavour =       t

warming up
timed execution

TOTAL=6.3999992E7 [ 1017854.0 994123.0 1003981.0 1010708.0 1013100.0 1011775.0 931327.0 1039116.0 1054795.0 1014697.0 1017878.0 990798.0 974676.0 997326.0 911905.0 1023998.0 962683.0 993575.0 1018676.0 968495.0 978318.0 966506.0 1006037.0 1042709.0 967910.0 993242.0 993109.0 1044161.0 1037210.0 1014215.0 986150.0 980632.0 991125.0 1043984.0 1006064.0 1026599.0 977711.0 993002.0 983818.0 996458.0 1021975.0 1031555.0 991307.0 1018858.0 987053.0 947623.0 1018454.0 1048437.0 1038985.0 962633.0 904591.0 989155.0 991493.0 1037461.0 988324.0 1022355.0 978024.0 972041.0 1005059.0 978012.0 1015255.0 1004309.0 1087442.0 979153.0 ]

10001 actual elapsed

T=644545, R=0, W=0
T=669458, R=0, W=0
T=587865, R=0, W=0
T=600471, R=0, W=0
T=726994, R=0, W=0
T=644560, R=0, W=0
T=570679, R=0, W=0
T=672822, R=0, W=0
T=617169, R=0, W=0
T=605055, R=0, W=0
T=599527, R=0, W=0
T=663725, R=0, W=0
T=631004, R=0, W=0
T=629317, R=0, W=0
T=528418, R=0, W=0
T=663137, R=0, W=0
T=678639, R=0, W=0
T=599992, R=0, W=0
T=579407, R=0, W=0
T=644341, R=0, W=0
T=665225, R=0, W=0
T=601763, R=0, W=0
T=612561, R=0, W=0
T=653201, R=0, W=0
T=603900, R=0, W=0
T=648200, R=0, W=0
T=655692, R=0, W=0
T=585294, R=0, W=0
T=541788, R=0, W=0
T=604095, R=0, W=0
T=704622, R=0, W=0
T=683620, R=0, W=0
T=667909, R=0, W=0
T=636599, R=0, W=0
T=565013, R=0, W=0
T=585939, R=0, W=0
T=656732, R=0, W=0
T=641314, R=0, W=0
T=587943, R=0, W=0
T=619097, R=0, W=0
T=692169, R=0, W=0
T=638654, R=0, W=0
T=707569, R=0, W=0
T=621652, R=0, W=0
T=657029, R=0, W=0
T=594651, R=0, W=0
T=479773, R=0, W=0
T=670257, R=0, W=0
T=645341, R=0, W=0
T=601267, R=0, W=0
T=596461, R=0, W=0
T=719902, R=0, W=0
T=634029, R=0, W=0
T=604576, R=0, W=0
T=594993, R=0, W=0
T=531590, R=0, W=0
T=639596, R=0, W=0
T=675632, R=0, W=0
T=714784, R=0, W=0
T=636857, R=0, W=0
T=589733, R=0, W=0
T=603287, R=0, W=0
T=656861, R=0, W=0
T=582694, R=0, W=0

TOTAL: T=40166989, R=0, W=0
--- 34,623 MB collected in 0.109 secs (0.8% of total), longest GC took 0.005 secs
DATA gc:  total_k 35454440  total_secs 0.109056  max_secs 0.004684
