startup =       4000
elapsed =       10000
threads =       16
accounts =      512
init =          1000000
maxAmount =     10
readFreq =      0
writeFreq =     0
readThreads =   0
writeThreads =  0
disjointTrans = false
yieldALot =     false
flavour =       t

warming up
timed execution

TOTAL=5.11999904E8 [ 1027747.0 1008243.0 987818.0 999401.0 982784.0 1007607.0 985914.0 1025421.0 1007354.0 1006708.0 977838.0 1007779.0 1009824.0 999151.0 996998.0 982535.0 1011891.0 996499.0 1007315.0 999294.0 1004813.0 985451.0 999750.0 979557.0 1001397.0 999561.0 1015240.0 987033.0 999568.0 1004905.0 1015183.0 990691.0 983347.0 1002474.0 1020546.0 989696.0 1000244.0 999396.0 997738.0 1017558.0 1015599.0 996069.0 1024352.0 1005013.0 993688.0 1001969.0 976518.0 1018272.0 1016782.0 1011218.0 978247.0 998010.0 1031079.0 973963.0 1019086.0 979212.0 1008104.0 1023390.0 1001272.0 996535.0 1037069.0 1007749.0 993087.0 981779.0 995718.0 997289.0 1002125.0 1010507.0 993273.0 996176.0 1012604.0 996586.0 1016052.0 1007536.0 1007103.0 1001248.0 1012940.0 1002486.0 1008089.0 1003975.0 993854.0 973111.0 1007762.0 1008159.0 1013347.0 977854.0 1016901.0 993543.0 972606.0 989146.0 993625.0 1008144.0 986817.0 989683.0 1008235.0 978039.0 1006214.0 1007977.0 979033.0 1022467.0 987455.0 992019.0 996137.0 977219.0 1004100.0 975678.0 1006893.0 1008454.0 986636.0 971305.0 1026611.0 981015.0 1017470.0 1026533.0 997517.0 1003512.0 992007.0 1012100.0 1016908.0 993783.0 979523.0 988864.0 976219.0 1004922.0 1016868.0 1003686.0 977380.0 1001483.0 1002200.0 1028928.0 991212.0 987955.0 999768.0 1006750.0 995966.0 1026332.0 1012386.0 987760.0 1007453.0 996409.0 977910.0 991599.0 1000798.0 997789.0 990507.0 1008191.0 992783.0 1010564.0 1000247.0 1000414.0 1006340.0 1013254.0 1008779.0 993969.0 1006978.0 1001236.0 999736.0 1005600.0 1028362.0 984300.0 1011150.0 966018.0 1013528.0 996024.0 989247.0 1000406.0 999139.0 979171.0 974200.0 1019438.0 1011950.0 1008654.0 978237.0 1009639.0 984481.0 983442.0 992992.0 1005596.0 986736.0 984083.0 994530.0 993790.0 1005898.0 1006432.0 1005558.0 1013102.0 1006374.0 1011552.0 977982.0 981866.0 985286.0 982265.0 1006898.0 1019906.0 1000020.0 1004158.0 984816.0 993388.0 999158.0 988532.0 1011403.0 1011523.0 974929.0 998821.0 989777.0 997466.0 1000206.0 1010958.0 1017119.0 1020187.0 1014936.0 992233.0 1004851.0 993726.0 985910.0 991671.0 981530.0 1002285.0 994125.0 1013300.0 991820.0 1022639.0 995998.0 1001464.0 980554.0 987472.0 995772.0 993746.0 999673.0 998146.0 1013798.0 1016536.0 997976.0 1009635.0 989951.0 979616.0 985747.0 979726.0 977430.0 968131.0 980861.0 973349.0 997735.0 1002219.0 985208.0 1014344.0 991746.0 997098.0 963105.0 1016911.0 1018158.0 1012625.0 1014787.0 995017.0 967685.0 1009299.0 1016296.0 992752.0 1007856.0 995679.0 987939.0 1018294.0 1014585.0 979314.0 1001248.0 1009550.0 1000714.0 1007220.0 1007558.0 1000452.0 1008319.0 1012576.0 1010959.0 984060.0 1006807.0 991270.0 1014547.0 976262.0 1004701.0 1010468.0 992319.0 1002437.0 983695.0 1010460.0 995665.0 1014384.0 997338.0 987531.0 1005502.0 995529.0 970331.0 988477.0 1001960.0 989527.0 1018840.0 987590.0 1005768.0 1006035.0 1025280.0 1002393.0 989856.0 987565.0 1006295.0 991931.0 982255.0 1005236.0 1012898.0 999546.0 997205.0 1011288.0 989485.0 983268.0 1010483.0 1005198.0 1003847.0 996426.0 1003519.0 1004049.0 998618.0 980501.0 995561.0 992268.0 1015256.0 999525.0 1030220.0 995534.0 997559.0 989666.0 998667.0 1005089.0 1001526.0 994258.0 1025630.0 1011975.0 989864.0 998997.0 1014773.0 998113.0 986117.0 987304.0 1005160.0 997100.0 989748.0 1002048.0 1035823.0 967754.0 995571.0 987434.0 1005396.0 981082.0 997386.0 1003737.0 996415.0 995331.0 1008501.0 988581.0 994294.0 1012778.0 993656.0 980276.0 1018041.0 984326.0 987662.0 1009010.0 996664.0 999071.0 993032.0 997949.0 981948.0 1023476.0 1006731.0 1007580.0 976074.0 988594.0 1011610.0 1019183.0 1003034.0 983113.0 1002914.0 980206.0 1005719.0 978621.0 1018050.0 1007641.0 992879.0 1028929.0 961018.0 991206.0 1029551.0 1005166.0 1014808.0 1008436.0 1003965.0 990714.0 1011645.0 1010328.0 1008384.0 980670.0 993297.0 988150.0 1020491.0 1010833.0 1011153.0 997960.0 1032244.0 989033.0 989701.0 978122.0 991489.0 1004064.0 1002970.0 991589.0 990357.0 1005799.0 1018603.0 1003434.0 1018824.0 1007322.0 1022205.0 1008601.0 990173.0 1009935.0 1002675.0 1004054.0 1012023.0 983975.0 999817.0 1008367.0 1010485.0 1015131.0 1001337.0 1021393.0 992181.0 1020149.0 990086.0 1001456.0 996963.0 1003114.0 1009045.0 1021416.0 1005470.0 1003337.0 1030947.0 1018955.0 994031.0 982031.0 1005257.0 1007594.0 999958.0 987449.0 991647.0 988484.0 1003135.0 991107.0 995639.0 1002249.0 1004403.0 1000265.0 1020261.0 987586.0 984832.0 999485.0 993477.0 988641.0 988089.0 999038.0 984277.0 980807.0 997925.0 980761.0 985643.0 1002846.0 1012485.0 1026906.0 1022413.0 976391.0 993361.0 1025289.0 1007160.0 1003835.0 997689.0 1016055.0 1011351.0 1004097.0 1012956.0 1020461.0 1000551.0 992517.0 1021858.0 992431.0 992842.0 1013487.0 971379.0 994110.0 1003984.0 1028496.0 981136.0 1015315.0 1008433.0 992774.0 1014801.0 987526.0 1010495.0 1011363.0 997882.0 1017895.0 999950.0 982723.0 1007514.0 1000113.0 990463.0 1006092.0 ]

10002 actual elapsed

T=4312564, R=0, W=0
T=3487255, R=0, W=0
T=3991413, R=0, W=0
T=4468323, R=0, W=0
T=3884136, R=0, W=0
T=3881519, R=0, W=0
T=3557156, R=0, W=0
T=4338954, R=0, W=0
T=3262135, R=0, W=0
T=3940910, R=0, W=0
T=3855464, R=0, W=0
T=4099595, R=0, W=0
T=4375757, R=0, W=0
T=4021465, R=0, W=0
T=4198774, R=0, W=0
T=4792517, R=0, W=0

TOTAL: T=64467937, R=0, W=0
--- 52,419 MB collected in 0.108 secs (0.8% of total), longest GC took 0.003 secs
DATA gc:  total_k 53677921  total_secs 0.108005  max_secs 0.003232
