startup =       4000
elapsed =       10000
threads =       8
accounts =      256
init =          1000000
maxAmount =     10
readFreq =      0
writeFreq =     0
readThreads =   0
writeThreads =  0
disjointTrans = false
yieldALot =     false
flavour =       rfw

warming up
timed execution

TOTAL=2.55999984E8 [ 998331.0 994773.0 985170.0 995833.0 1000948.0 1004209.0 1012522.0 1003508.0 1001512.0 999256.0 998959.0 1019692.0 1004387.0 987161.0 1009269.0 1024746.0 993036.0 994831.0 992698.0 1003261.0 997979.0 1007801.0 986123.0 1006686.0 983650.0 999314.0 1006056.0 989624.0 1011049.0 988644.0 1013009.0 1004617.0 1022360.0 979383.0 982364.0 1001644.0 1009854.0 1001261.0 1017949.0 1012264.0 1005782.0 1003268.0 997546.0 1003705.0 1012296.0 998456.0 980808.0 1027746.0 1014564.0 994138.0 1009600.0 1005037.0 1004221.0 1008614.0 987697.0 1008906.0 995013.0 1016417.0 998410.0 993292.0 1002095.0 986049.0 1002957.0 1003535.0 998998.0 997249.0 1014083.0 989673.0 1022754.0 1002224.0 979919.0 979754.0 1008593.0 1018206.0 993313.0 995488.0 1000357.0 1001156.0 1014253.0 1014275.0 990293.0 997623.0 1003473.0 997395.0 1012225.0 998205.0 980849.0 983952.0 1018587.0 1010100.0 1006173.0 999062.0 999835.0 1016543.0 973314.0 976364.0 991629.0 996749.0 999202.0 1014468.0 971290.0 987174.0 985051.0 1020474.0 995427.0 996399.0 994008.0 993655.0 975526.0 996024.0 989112.0 989049.0 997399.0 987216.0 989273.0 1005566.0 984551.0 990313.0 1007964.0 986853.0 991232.0 998267.0 1008240.0 994868.0 1010400.0 1007958.0 995171.0 1000647.0 999339.0 983550.0 972013.0 1011700.0 1003672.0 1010313.0 1009255.0 1001128.0 1006245.0 1012739.0 1004420.0 997939.0 1007172.0 980374.0 996544.0 999525.0 999720.0 996440.0 982528.0 979795.0 998993.0 998723.0 1012027.0 1007022.0 990646.0 997927.0 1001535.0 1008224.0 1012261.0 1006830.0 975466.0 990861.0 1004532.0 1014185.0 1001096.0 997053.0 997034.0 1005899.0 999003.0 1002273.0 1000878.0 996251.0 982646.0 992750.0 1002079.0 1008265.0 991734.0 1003143.0 982287.0 991873.0 1019866.0 985697.0 982488.0 985928.0 981253.0 1011561.0 1015123.0 999237.0 998227.0 1011146.0 1009911.0 1021464.0 1010470.0 1011511.0 984127.0 1007912.0 1008478.0 987209.0 1009268.0 985775.0 981129.0 1012604.0 1003794.0 982919.0 981416.0 1018716.0 990874.0 1004400.0 1011831.0 1007034.0 1005073.0 1005822.0 986844.0 1008628.0 1020768.0 1007203.0 998994.0 1001687.0 996781.0 999115.0 996985.0 983076.0 997432.0 1017992.0 1010440.0 999304.0 1001579.0 991933.0 1005961.0 1023823.0 1013709.0 1001721.0 989061.0 1009548.0 999997.0 1004220.0 993638.0 1004160.0 981154.0 1010918.0 995573.0 1022741.0 1019316.0 992722.0 1005858.0 1005703.0 968912.0 1013813.0 993580.0 989618.0 1009912.0 989573.0 1009631.0 1018931.0 1008105.0 993578.0 996745.0 997520.0 ]

10001 actual elapsed

T=4793248, R=0, W=0
T=4843915, R=0, W=0
T=5197914, R=0, W=0
T=6123781, R=0, W=0
T=5048009, R=0, W=0
T=5168719, R=0, W=0
T=4708771, R=0, W=0
T=6648946, R=0, W=0

TOTAL: T=42533303, R=0, W=0
--- 31,981 MB collected in 0.048 secs (0.3% of total), longest GC took 0.003 secs
DATA gc:  total_k 32748781  total_secs 0.048227  max_secs 0.003067
