startup =       4000
elapsed =       10000
threads =       64
accounts =      64
init =          1000000
maxAmount =     10
readFreq =      0
writeFreq =     0
readThreads =   0
writeThreads =  0
disjointTrans = false
yieldALot =     false
flavour =       d

warming up
timed execution

TOTAL=6.3999996E7 [ 992361.0 1034983.0 1038799.0 968727.0 969378.0 1040517.0 1081865.0 994115.0 979495.0 1040779.0 966607.0 1035381.0 1006250.0 906237.0 1016831.0 1021051.0 1001321.0 964943.0 1056596.0 998936.0 975184.0 1020393.0 994556.0 987760.0 1013080.0 1000194.0 939731.0 971365.0 1045713.0 1004786.0 1000010.0 1058999.0 986823.0 1023405.0 975795.0 925485.0 980596.0 969007.0 998593.0 935044.0 959322.0 1032428.0 1022083.0 990178.0 1021951.0 985133.0 999728.0 1057325.0 980030.0 1023362.0 972036.0 978899.0 990423.0 1004216.0 994350.0 1020981.0 1020533.0 1021290.0 984932.0 1004067.0 1027854.0 968554.0 1021083.0 997551.0 ]

10002 actual elapsed

T=566760, R=0, W=0
T=621737, R=0, W=0
T=615070, R=0, W=0
T=628584, R=0, W=0
T=629243, R=0, W=0
T=599647, R=0, W=0
T=588585, R=0, W=0
T=567377, R=0, W=0
T=618492, R=0, W=0
T=628561, R=0, W=0
T=575620, R=0, W=0
T=562911, R=0, W=0
T=588240, R=0, W=0
T=602644, R=0, W=0
T=618014, R=0, W=0
T=653484, R=0, W=0
T=638984, R=0, W=0
T=623914, R=0, W=0
T=596925, R=0, W=0
T=605845, R=0, W=0
T=664923, R=0, W=0
T=622088, R=0, W=0
T=587877, R=0, W=0
T=564877, R=0, W=0
T=569877, R=0, W=0
T=564106, R=0, W=0
T=625453, R=0, W=0
T=576064, R=0, W=0
T=600270, R=0, W=0
T=630070, R=0, W=0
T=545093, R=0, W=0
T=652845, R=0, W=0
T=644121, R=0, W=0
T=601422, R=0, W=0
T=603047, R=0, W=0
T=618522, R=0, W=0
T=562132, R=0, W=0
T=598951, R=0, W=0
T=541070, R=0, W=0
T=618117, R=0, W=0
T=472285, R=0, W=0
T=636891, R=0, W=0
T=574230, R=0, W=0
T=581166, R=0, W=0
T=551751, R=0, W=0
T=556167, R=0, W=0
T=565051, R=0, W=0
T=585652, R=0, W=0
T=581510, R=0, W=0
T=617979, R=0, W=0
T=614095, R=0, W=0
T=597287, R=0, W=0
T=558405, R=0, W=0
T=664660, R=0, W=0
T=630862, R=0, W=0
T=582909, R=0, W=0
T=592671, R=0, W=0
T=585910, R=0, W=0
T=648888, R=0, W=0
T=590067, R=0, W=0
T=649997, R=0, W=0
T=599846, R=0, W=0
T=612245, R=0, W=0
T=575723, R=0, W=0

TOTAL: T=38347809, R=0, W=0
--- 28,175 MB collected in 0.086 secs (0.6% of total), longest GC took 0.005 secs
DATA gc:  total_k 28851560  total_secs 0.086131  max_secs 0.004512
