Number of accounts  = 256
Initial amount      = 100000.0
Maximal transfer    = 10
Read-all frequency  = 0%
Write-all frequency = 0%
Read-all threads    = 0
Write-all threads   = 0
Disjoint            = false
Yield               = false

Starting threads... 0 1 2 3
End of warmup phase... 0 1 2 3
End of test phase... 0 1 2 3
Waiting for threads to finish...
All threads returned successfully
RESULTS:

  Warmup duration (ms) = 20005
  Test duration (ms)   = 3148943
  Nb iterations        = 391703
  Stats                = T=391703, R=0, W=0, TOTAL=25599992 [ 0=100930.0 1=102191.0 2=99156.0 3=100777.0 4=98352.0 5=99975.0 6=101608.0 7=102484.0 8=99423.0 9=98985.0 10=99197.0 11=101170.0 12=100879.0 13=99605.0 14=98350.0 15=100994.0 16=99573.0 17=98875.0 18=99296.0 19=100849.0 20=99213.0 21=101234.0 22=101114.0 23=102042.0 24=101670.0 25=102607.0 26=101104.0 27=101782.0 28=99073.0 29=103139.0 30=102020.0 31=104120.0 32=100713.0 33=99839.0 34=101196.0 35=102171.0 36=100756.0 37=100712.0 38=101095.0 39=98770.0 40=100642.0 41=99322.0 42=99269.0 43=100058.0 44=100518.0 45=101894.0 46=100620.0 47=100092.0 48=100266.0 49=100157.0 50=101347.0 51=100196.0 52=98044.0 53=97884.0 54=99343.0 55=100777.0 56=101546.0 57=99708.0 58=99776.0 59=99514.0 60=100634.0 61=96779.0 62=100128.0 63=98105.0 64=101862.0 65=101408.0 66=99496.0 67=101245.0 68=97528.0 69=98749.0 70=101923.0 71=100174.0 72=98750.0 73=99400.0 74=97989.0 75=102459.0 76=95973.0 77=100545.0 78=99411.0 79=98648.0 80=100188.0 81=96680.0 82=99368.0 83=98674.0 84=100390.0 85=99267.0 86=99595.0 87=100921.0 88=99678.0 89=102171.0 90=99619.0 91=98977.0 92=100093.0 93=96859.0 94=101457.0 95=98675.0 96=99219.0 97=101259.0 98=98972.0 99=102825.0 100=99633.0 101=100031.0 102=101317.0 103=103306.0 104=100841.0 105=102156.0 106=100218.0 107=100146.0 108=100291.0 109=97384.0 110=101337.0 111=97853.0 112=101652.0 113=97443.0 114=99671.0 115=98575.0 116=98729.0 117=99269.0 118=101699.0 119=99288.0 120=100396.0 121=98538.0 122=100297.0 123=101366.0 124=96322.0 125=100092.0 126=99851.0 127=96935.0 128=100804.0 129=100558.0 130=100125.0 131=99914.0 132=99456.0 133=99749.0 134=99490.0 135=98758.0 136=100696.0 137=98407.0 138=102300.0 139=101470.0 140=101284.0 141=100647.0 142=98407.0 143=100790.0 144=101283.0 145=98366.0 146=97557.0 147=102326.0 148=99146.0 149=98677.0 150=98556.0 151=102525.0 152=99505.0 153=100399.0 154=100169.0 155=96879.0 156=101284.0 157=101156.0 158=100355.0 159=100801.0 160=100788.0 161=101313.0 162=99238.0 163=98776.0 164=98826.0 165=99562.0 166=100682.0 167=100582.0 168=99654.0 169=98379.0 170=102232.0 171=99542.0 172=100304.0 173=103313.0 174=100320.0 175=98029.0 176=101726.0 177=100460.0 178=98591.0 179=98796.0 180=97997.0 181=96834.0 182=100643.0 183=100568.0 184=102524.0 185=100008.0 186=102132.0 187=100907.0 188=101787.0 189=100612.0 190=98869.0 191=100249.0 192=101770.0 193=98296.0 194=103036.0 195=97183.0 196=97536.0 197=101898.0 198=101830.0 199=99605.0 200=97591.0 201=98361.0 202=100618.0 203=100882.0 204=101312.0 205=99132.0 206=102099.0 207=99709.0 208=97345.0 209=98673.0 210=99456.0 211=100120.0 212=99725.0 213=101959.0 214=99184.0 215=100174.0 216=99072.0 217=98629.0 218=101365.0 219=99792.0 220=98883.0 221=99058.0 222=99290.0 223=99373.0 224=98589.0 225=98331.0 226=98823.0 227=99774.0 228=101846.0 229=100472.0 230=100231.0 231=101524.0 232=95794.0 233=101711.0 234=96752.0 235=103098.0 236=99847.0 237=98727.0 238=99114.0 239=101658.0 240=99383.0 241=100926.0 242=97545.0 243=99591.0 244=99064.0 245=100713.0 246=100249.0 247=98925.0 248=101124.0 249=101049.0 250=98496.0 251=98059.0 252=100528.0 253=99737.0 254=100876.0 255=99665.0 ]
    0 : 97619 (T=97619, R=0, W=0)
    1 : 98623 (T=98623, R=0, W=0)
    2 : 97165 (T=97165, R=0, W=0)
    3 : 98296 (T=98296, R=0, W=0)
--- 767 MB collected in 0.298 secs (0.0% of total), longest GC took 0.151 secs
DATA gc:  total_k 786016  total_secs 0.297911  max_secs 0.151043
