Number of accounts  = 128
Initial amount      = 100000.0
Maximal transfer    = 10
Read-all frequency  = 0%
Write-all frequency = 0%
Read-all threads    = 0
Write-all threads   = 0
Disjoint            = false
Yield               = false

Starting threads... 0 1
End of warmup phase... 0 1
End of test phase... 0 1
Waiting for threads to finish...
All threads returned successfully
RESULTS:

  Warmup duration (ms) = 20001
  Test duration (ms)   = 10009
  Nb iterations        = 1825889
  Stats                = T=1825889, R=0, W=0, TOTAL=12800000 [ 0=102146.0 1=97415.0 2=101252.0 3=101685.0 4=102495.0 5=97145.0 6=100616.0 7=97692.0 8=101065.0 9=101642.0 10=101078.0 11=98749.0 12=102115.0 13=100840.0 14=99992.0 15=103845.0 16=99526.0 17=98472.0 18=100385.0 19=102379.0 20=99777.0 21=99596.0 22=101008.0 23=102120.0 24=101992.0 25=98568.0 26=104085.0 27=101214.0 28=99750.0 29=100007.0 30=99950.0 31=99272.0 32=97665.0 33=99980.0 34=98807.0 35=101447.0 36=102204.0 37=101165.0 38=102020.0 39=99595.0 40=95782.0 41=100257.0 42=102371.0 43=99818.0 44=100270.0 45=103088.0 46=100116.0 47=100720.0 48=98754.0 49=100931.0 50=100007.0 51=103452.0 52=97589.0 53=100690.0 54=101181.0 55=99275.0 56=98165.0 57=99381.0 58=100309.0 59=99482.0 60=101893.0 61=101167.0 62=98605.0 63=100693.0 64=96385.0 65=96394.0 66=98341.0 67=100825.0 68=104204.0 69=99220.0 70=99501.0 71=97169.0 72=96828.0 73=98928.0 74=100802.0 75=97912.0 76=100410.0 77=100741.0 78=100558.0 79=100864.0 80=102777.0 81=99828.0 82=102821.0 83=100572.0 84=102055.0 85=99987.0 86=100107.0 87=101568.0 88=97697.0 89=100348.0 90=98922.0 91=98696.0 92=99110.0 93=102317.0 94=100897.0 95=99323.0 96=98014.0 97=103192.0 98=101803.0 99=97855.0 100=96587.0 101=100177.0 102=101142.0 103=101200.0 104=97098.0 105=98395.0 106=98334.0 107=97280.0 108=100642.0 109=96774.0 110=99803.0 111=99165.0 112=102524.0 113=98327.0 114=99835.0 115=99192.0 116=98857.0 117=98203.0 118=99951.0 119=97211.0 120=101273.0 121=102312.0 122=100379.0 123=97702.0 124=99812.0 125=98028.0 126=99523.0 127=98551.0 ]
    0 : 911330 (T=911330, R=0, W=0)
    1 : 914559 (T=914559, R=0, W=0)
--- 509 MB collected in 0.256 secs (0.9% of total), longest GC took 0.129 secs
DATA gc:  total_k 521920  total_secs 0.256239  max_secs 0.128703
