Number of accounts  = 1
Initial amount      = 100000.0
Maximal transfer    = 10
Read-all frequency  = 0%
Write-all frequency = 0%
Read-all threads    = 0
Write-all threads   = 0
Disjoint            = false
Yield               = false

Starting threads... 0
End of warmup phase... 0
End of test phase... 0
Waiting for threads to finish...
All threads returned successfully
RESULTS:

  Warmup duration (ms) = 4000
  Test duration (ms)   = 10000
  Nb iterations        = 17380098
  Stats                = T=17380098, R=0, W=0, TOTAL=100000 [ 0=100000.0 ]
    0 : 17380098 (T=17380098, R=0, W=0)
--- 3,608 MB collected in 0.033 secs (0.2% of total), longest GC took 0.004 secs
DATA gc:  total_k 3694816  total_secs 0.033283  max_secs 0.004437
