Number of accounts  = 2
Initial amount      = 100000.0
Maximal transfer    = 10
Read-all frequency  = 0%
Write-all frequency = 0%
Read-all threads    = 0
Write-all threads   = 0
Disjoint            = false
Yield               = false

Starting threads... 0 1
End of warmup phase... 0 1
End of test phase... 0 1
Waiting for threads to finish...
All threads returned successfully
RESULTS:

  Warmup duration (ms) = 20004
  Test duration (ms)   = 10008
  Nb iterations        = 26639
  Stats                = T=26639, R=0, W=0, TOTAL=200000 [ 0=100207.0 1=99793.0 ]
    0 : 13672 (T=13672, R=0, W=0)
    1 : 12967 (T=12967, R=0, W=0)
--- 1875 MB collected in 0.643 secs (2.1% of total), longest GC took 0.175 secs
DATA gc:  total_k 1920436  total_secs 0.643217  max_secs 0.175349
