Number of accounts  = 128
Initial amount      = 1000000.0
Maximal transfer    = 10
Read-all frequency  = 0%
Write-all frequency = 0%
Read-all threads    = 0
Write-all threads   = 0
Disjoint            = false
Yield               = false

Starting threads... 0 1
End of warmup phase... 0 1
End of test phase... 0 1
Waiting for threads to finish...
All threads returned successfully
RESULTS:

  Warmup duration (ms) = 4000
  Test duration (ms)   = 10000
  Nb iterations        = 24352692
TOTAL: T=24352692, R=0, W=0

TOTAL=128000008 [ 0=1004040.0 1=1003672.0 2=1005735.0 3=997307.0 4=1001515.0 5=998546.0 6=997275.0 7=1002557.0 8=1012681.0 9=996117.0 10=998497.0 11=1009935.0 12=994986.0 13=999467.0 14=994962.0 15=1000134.0 16=998542.0 17=995465.0 18=994490.0 19=996979.0 20=999355.0 21=988139.0 22=1000016.0 23=996096.0 24=1001867.0 25=999725.0 26=1004123.0 27=998919.0 28=991702.0 29=1006690.0 30=997213.0 31=996519.0 32=994840.0 33=1003237.0 34=1001275.0 35=996199.0 36=1008960.0 37=999302.0 38=1001437.0 39=998576.0 40=997233.0 41=998396.0 42=1003426.0 43=1003995.0 44=1003865.0 45=996657.0 46=1004248.0 47=1000586.0 48=1008006.0 49=996670.0 50=1000408.0 51=994735.0 52=1003275.0 53=998778.0 54=996388.0 55=1005718.0 56=1009255.0 57=998449.0 58=1004567.0 59=1001974.0 60=999165.0 61=1005249.0 62=1005780.0 63=987290.0 64=999907.0 65=1002443.0 66=1002030.0 67=989944.0 68=998234.0 69=997413.0 70=1002507.0 71=1004668.0 72=1004676.0 73=998805.0 74=1003485.0 75=999987.0 76=1000639.0 77=1004286.0 78=997687.0 79=1002485.0 80=997247.0 81=998306.0 82=1000159.0 83=1002567.0 84=993496.0 85=996700.0 86=1003916.0 87=1008995.0 88=999452.0 89=1001128.0 90=1002167.0 91=996672.0 92=1000047.0 93=996528.0 94=1002385.0 95=991675.0 96=1004256.0 97=994818.0 98=998947.0 99=997208.0 100=1000516.0 101=995476.0 102=999733.0 103=1008720.0 104=998324.0 105=994407.0 106=995469.0 107=998909.0 108=996158.0 109=1005564.0 110=990139.0 111=1000147.0 112=994607.0 113=994383.0 114=999314.0 115=1001646.0 116=1002694.0 117=1009281.0 118=1008133.0 119=1003112.0 120=998575.0 121=1002525.0 122=998799.0 123=1005736.0 124=995243.0 125=996134.0 126=999193.0 127=999993.0 ]
    0 : 12549696 (T=12549696, R=0, W=0)
    1 : 11802996 (T=11802996, R=0, W=0)
--- 11,066 MB collected in 0.051 secs (0.4% of total), longest GC took 0.010 secs
DATA gc:  total_k 11332368  total_secs 0.051038  max_secs 0.009713
