Number of accounts  = 512
Initial amount      = 100000.0
Maximal transfer    = 10
Read-all frequency  = 0%
Write-all frequency = 0%
Read-all threads    = 0
Write-all threads   = 0
Disjoint            = false
Yield               = false

Starting threads... 0 1 2 3 4 5 6 7
End of warmup phase... 0 1 2 3 4 5 6 7
End of test phase... 0 1 2 3 4 5 6 7
Waiting for threads to finish...
All threads returned successfully
RESULTS:

  Warmup duration (ms) = 4000
  Test duration (ms)   = 10000
  Nb iterations        = 55527822
  Stats                = T=55527822, R=0, W=0, TOTAL=51199944 [ 0=102067.0 1=97342.0 2=99857.0 3=103367.0 4=101185.0 5=98614.0 6=101482.0 7=104395.0 8=100213.0 9=99434.0 10=101140.0 11=100704.0 12=97026.0 13=103173.0 14=100596.0 15=92217.0 16=101655.0 17=96787.0 18=96427.0 19=101411.0 20=98785.0 21=107090.0 22=101985.0 23=97418.0 24=104410.0 25=103546.0 26=101456.0 27=101856.0 28=102706.0 29=96906.0 30=104140.0 31=105740.0 32=104031.0 33=104976.0 34=102768.0 35=102561.0 36=96868.0 37=98668.0 38=97282.0 39=104704.0 40=98376.0 41=97634.0 42=97330.0 43=90820.0 44=98379.0 45=99207.0 46=98499.0 47=93002.0 48=95588.0 49=102845.0 50=96563.0 51=98587.0 52=96027.0 53=98376.0 54=90831.0 55=101257.0 56=100732.0 57=97194.0 58=95613.0 59=103999.0 60=98523.0 61=103146.0 62=97864.0 63=97377.0 64=99817.0 65=100134.0 66=100197.0 67=101657.0 68=99306.0 69=99269.0 70=97834.0 71=94473.0 72=104685.0 73=97777.0 74=95044.0 75=105144.0 76=102401.0 77=95312.0 78=105307.0 79=99408.0 80=98491.0 81=99655.0 82=100013.0 83=99424.0 84=104731.0 85=103585.0 86=100285.0 87=100282.0 88=104117.0 89=102710.0 90=102981.0 91=102323.0 92=103941.0 93=94511.0 94=98438.0 95=105120.0 96=98632.0 97=91883.0 98=100346.0 99=93398.0 100=96407.0 101=99766.0 102=98003.0 103=102894.0 104=102630.0 105=106737.0 106=95621.0 107=103344.0 108=97660.0 109=96856.0 110=100482.0 111=102085.0 112=99268.0 113=98815.0 114=101165.0 115=96173.0 116=95017.0 117=95339.0 118=96022.0 119=96370.0 120=97542.0 121=106930.0 122=99373.0 123=107773.0 124=103579.0 125=101173.0 126=97294.0 127=98936.0 128=96635.0 129=104615.0 130=103351.0 131=101998.0 132=100155.0 133=101331.0 134=103628.0 135=97261.0 136=95231.0 137=98429.0 138=106267.0 139=105246.0 140=95201.0 141=99170.0 142=102673.0 143=95352.0 144=105571.0 145=97082.0 146=95688.0 147=105573.0 148=100343.0 149=106253.0 150=97932.0 151=103809.0 152=105209.0 153=103090.0 154=95316.0 155=101064.0 156=103391.0 157=99802.0 158=99985.0 159=99450.0 160=102631.0 161=98967.0 162=102191.0 163=98677.0 164=98004.0 165=95531.0 166=98860.0 167=102220.0 168=98067.0 169=101987.0 170=98562.0 171=107142.0 172=95838.0 173=96699.0 174=96135.0 175=100436.0 176=98978.0 177=105934.0 178=106226.0 179=93849.0 180=100239.0 181=100501.0 182=103097.0 183=105594.0 184=102307.0 185=101907.0 186=100826.0 187=96834.0 188=94970.0 189=101397.0 190=100161.0 191=97843.0 192=100434.0 193=102327.0 194=96145.0 195=99834.0 196=99459.0 197=99120.0 198=98373.0 199=95824.0 200=95853.0 201=95840.0 202=103146.0 203=97800.0 204=102804.0 205=99654.0 206=97069.0 207=95140.0 208=103920.0 209=96255.0 210=92817.0 211=99021.0 212=93167.0 213=97142.0 214=100791.0 215=98289.0 216=100820.0 217=100121.0 218=99502.0 219=100182.0 220=99085.0 221=99163.0 222=101193.0 223=96737.0 224=96066.0 225=97189.0 226=95770.0 227=106227.0 228=100891.0 229=95768.0 230=97654.0 231=96031.0 232=101192.0 233=102185.0 234=102915.0 235=99044.0 236=100495.0 237=91530.0 238=99979.0 239=100353.0 240=100296.0 241=99534.0 242=93789.0 243=103857.0 244=97334.0 245=97388.0 246=98116.0 247=100366.0 248=100192.0 249=97551.0 250=101796.0 251=90051.0 252=94786.0 253=104773.0 254=101456.0 255=102080.0 256=95935.0 257=99448.0 258=100731.0 259=106675.0 260=97698.0 261=103304.0 262=99948.0 263=98612.0 264=103297.0 265=97135.0 266=91926.0 267=95465.0 268=100175.0 269=102962.0 270=105645.0 271=100821.0 272=100556.0 273=99956.0 274=103203.0 275=97072.0 276=97712.0 277=100321.0 278=100756.0 279=103804.0 280=101849.0 281=102400.0 282=93397.0 283=94847.0 284=99182.0 285=99069.0 286=94909.0 287=94781.0 288=101995.0 289=105939.0 290=102818.0 291=102245.0 292=99335.0 293=96384.0 294=101727.0 295=99610.0 296=99328.0 297=93986.0 298=98773.0 299=100308.0 300=105055.0 301=100241.0 302=100422.0 303=100524.0 304=100353.0 305=102249.0 306=98842.0 307=103801.0 308=98897.0 309=105491.0 310=100025.0 311=101677.0 312=99438.0 313=100947.0 314=101518.0 315=104016.0 316=101964.0 317=101249.0 318=106971.0 319=104078.0 320=95883.0 321=101273.0 322=103285.0 323=98262.0 324=99574.0 325=93241.0 326=102778.0 327=99874.0 328=98473.0 329=100953.0 330=99968.0 331=99479.0 332=94418.0 333=99377.0 334=99787.0 335=101793.0 336=104770.0 337=100831.0 338=106302.0 339=101362.0 340=99920.0 341=97509.0 342=102234.0 343=98623.0 344=93448.0 345=98017.0 346=99159.0 347=100465.0 348=102306.0 349=104105.0 350=99057.0 351=100191.0 352=104649.0 353=105410.0 354=94307.0 355=99464.0 356=101986.0 357=102834.0 358=96941.0 359=100577.0 360=92085.0 361=101536.0 362=98393.0 363=100192.0 364=101514.0 365=97825.0 366=98452.0 367=99559.0 368=101193.0 369=97985.0 370=106520.0 371=100336.0 372=103596.0 373=103081.0 374=101276.0 375=94283.0 376=101635.0 377=95321.0 378=95155.0 379=100586.0 380=97012.0 381=97571.0 382=97401.0 383=93832.0 384=102067.0 385=98281.0 386=102284.0 387=97524.0 388=106412.0 389=101741.0 390=101874.0 391=100789.0 392=97685.0 393=102826.0 394=107642.0 395=99234.0 396=97955.0 397=95016.0 398=107187.0 399=94985.0 400=95040.0 401=103269.0 402=99209.0 403=105714.0 404=101608.0 405=97838.0 406=103788.0 407=99712.0 408=105823.0 409=98489.0 410=93157.0 411=103246.0 412=102591.0 413=106430.0 414=104284.0 415=101638.0 416=100493.0 417=102486.0 418=100454.0 419=99766.0 420=98931.0 421=105731.0 422=105493.0 423=94964.0 424=96058.0 425=100232.0 426=101520.0 427=95263.0 428=95848.0 429=104526.0 430=97677.0 431=103919.0 432=103243.0 433=98837.0 434=94635.0 435=100673.0 436=102004.0 437=100320.0 438=99014.0 439=105232.0 440=100703.0 441=104817.0 442=102836.0 443=101424.0 444=101032.0 445=98747.0 446=96803.0 447=98328.0 448=99018.0 449=94855.0 450=98133.0 451=100494.0 452=98585.0 453=101443.0 454=97986.0 455=100975.0 456=95810.0 457=98191.0 458=96686.0 459=98632.0 460=93168.0 461=98662.0 462=97682.0 463=103453.0 464=110795.0 465=101153.0 466=101250.0 467=104819.0 468=103048.0 469=102176.0 470=104863.0 471=102768.0 472=98391.0 473=94352.0 474=98720.0 475=99326.0 476=98935.0 477=99977.0 478=100873.0 479=100708.0 480=99198.0 481=104109.0 482=100838.0 483=102424.0 484=99494.0 485=102969.0 486=98750.0 487=106505.0 488=106654.0 489=96320.0 490=104287.0 491=100431.0 492=103500.0 493=91936.0 494=100693.0 495=105401.0 496=99371.0 497=103914.0 498=95666.0 499=95166.0 500=99865.0 501=101259.0 502=103318.0 503=102933.0 504=105123.0 505=95268.0 506=97167.0 507=99143.0 508=101210.0 509=102185.0 510=97385.0 511=98144.0 ]
    0 : 7118599 (T=7118599, R=0, W=0)
    1 : 7757016 (T=7757016, R=0, W=0)
    2 : 7177129 (T=7177129, R=0, W=0)
    3 : 6267620 (T=6267620, R=0, W=0)
    4 : 6970826 (T=6970826, R=0, W=0)
    5 : 6667689 (T=6667689, R=0, W=0)
    6 : 6947741 (T=6947741, R=0, W=0)
    7 : 6621202 (T=6621202, R=0, W=0)
--- 14,668 MB collected in 0.050 secs (0.4% of total), longest GC took 0.011 secs
DATA gc:  total_k 15020806  total_secs 0.050292  max_secs 0.011219
