Number of accounts  = 256
Initial amount      = 100000.0
Maximal transfer    = 10
Read-all frequency  = 0%
Write-all frequency = 0%
Read-all threads    = 0
Write-all threads   = 0
Disjoint            = false
Yield               = false

Starting threads... 0 1 2 3
End of warmup phase... 0 1 2 3
End of test phase... 0 1 2 3
Waiting for threads to finish...
All threads returned successfully
RESULTS:

  Warmup duration (ms) = 20000
  Test duration (ms)   = 10004
  Nb iterations        = 5422955
  Stats                = T=5422955, R=0, W=0, TOTAL=25599988 [ 0=98387.0 1=101847.0 2=96047.0 3=101157.0 4=101059.0 5=98003.0 6=99220.0 7=99960.0 8=103266.0 9=95992.0 10=101209.0 11=99102.0 12=99744.0 13=100758.0 14=97064.0 15=100352.0 16=100657.0 17=100929.0 18=102296.0 19=102887.0 20=99486.0 21=99085.0 22=101353.0 23=101077.0 24=100214.0 25=98953.0 26=99082.0 27=101481.0 28=102363.0 29=98307.0 30=101661.0 31=99436.0 32=97602.0 33=105343.0 34=98307.0 35=96401.0 36=100300.0 37=96614.0 38=103114.0 39=94138.0 40=103875.0 41=102101.0 42=104173.0 43=98167.0 44=101450.0 45=101936.0 46=99626.0 47=100486.0 48=96852.0 49=99730.0 50=97525.0 51=99560.0 52=97903.0 53=100854.0 54=100824.0 55=101813.0 56=104398.0 57=101535.0 58=102390.0 59=101620.0 60=98527.0 61=98323.0 62=100639.0 63=100250.0 64=98478.0 65=99743.0 66=100192.0 67=97352.0 68=97779.0 69=98028.0 70=105269.0 71=104232.0 72=97604.0 73=103750.0 74=98260.0 75=103626.0 76=99341.0 77=98263.0 78=96166.0 79=101093.0 80=97484.0 81=105305.0 82=93162.0 83=100134.0 84=99556.0 85=101355.0 86=100547.0 87=102001.0 88=100952.0 89=99458.0 90=99768.0 91=98778.0 92=101726.0 93=98834.0 94=97714.0 95=103029.0 96=101507.0 97=97636.0 98=96023.0 99=99433.0 100=100558.0 101=101746.0 102=98859.0 103=99954.0 104=98288.0 105=101999.0 106=99871.0 107=100265.0 108=99191.0 109=98318.0 110=100919.0 111=100544.0 112=96900.0 113=97957.0 114=100974.0 115=100368.0 116=100045.0 117=102403.0 118=100375.0 119=94300.0 120=97090.0 121=101148.0 122=101691.0 123=96368.0 124=98971.0 125=101582.0 126=101599.0 127=99956.0 128=99986.0 129=103423.0 130=98547.0 131=100594.0 132=101157.0 133=98807.0 134=100211.0 135=98540.0 136=99762.0 137=100722.0 138=100431.0 139=102964.0 140=100857.0 141=98831.0 142=100221.0 143=100856.0 144=98006.0 145=96859.0 146=102287.0 147=104551.0 148=95253.0 149=102701.0 150=101343.0 151=101517.0 152=102947.0 153=97821.0 154=100915.0 155=97042.0 156=99931.0 157=100205.0 158=102246.0 159=102636.0 160=103813.0 161=97949.0 162=97627.0 163=101382.0 164=100612.0 165=101272.0 166=97654.0 167=98126.0 168=98753.0 169=103557.0 170=102106.0 171=101203.0 172=101456.0 173=103894.0 174=101299.0 175=103070.0 176=100271.0 177=98747.0 178=102124.0 179=100267.0 180=103217.0 181=98381.0 182=98809.0 183=98617.0 184=104234.0 185=103292.0 186=97860.0 187=99371.0 188=103121.0 189=97734.0 190=99245.0 191=95068.0 192=101290.0 193=100681.0 194=100018.0 195=103219.0 196=97225.0 197=102222.0 198=96673.0 199=98589.0 200=99310.0 201=100252.0 202=96398.0 203=97167.0 204=98826.0 205=97447.0 206=99686.0 207=101077.0 208=98653.0 209=97070.0 210=101148.0 211=97087.0 212=101321.0 213=97661.0 214=99780.0 215=100792.0 216=101208.0 217=99487.0 218=101920.0 219=98652.0 220=97797.0 221=101229.0 222=100307.0 223=103565.0 224=99100.0 225=97808.0 226=99406.0 227=95474.0 228=96709.0 229=99879.0 230=101960.0 231=103656.0 232=100155.0 233=102833.0 234=99299.0 235=101810.0 236=101664.0 237=98717.0 238=102869.0 239=97841.0 240=98759.0 241=98466.0 242=99925.0 243=104118.0 244=100210.0 245=97163.0 246=100153.0 247=99097.0 248=97055.0 249=101668.0 250=99176.0 251=100071.0 252=98561.0 253=100557.0 254=99662.0 255=97495.0 ]
    0 : 1406115 (T=1406115, R=0, W=0)
    1 : 1331202 (T=1331202, R=0, W=0)
    2 : 1312378 (T=1312378, R=0, W=0)
    3 : 1373260 (T=1373260, R=0, W=0)
--- 3192 MB collected in 0.668 secs (2.3% of total), longest GC took 0.161 secs
DATA gc:  total_k 3269460  total_secs 0.66795  max_secs 0.161355
