Number of accounts  = 2
Initial amount      = 1000000.0
Maximal transfer    = 10
Read-all frequency  = 0%
Write-all frequency = 0%
Read-all threads    = 0
Write-all threads   = 0
Disjoint            = false
Yield               = false

Starting threads... 0 1
End of warmup phase... 0 1
End of test phase... 0 1
Waiting for threads to finish...
All threads returned successfully
RESULTS:

  Warmup duration (ms) = 4000
  Test duration (ms)   = 10000
  Nb iterations        = 10364940
TOTAL: T=10364940, R=0, W=0

TOTAL=2000000 [ 0=990820.0 1=1009180.0 ]
    0 : 5379050 (T=5379050, R=0, W=0)
    1 : 4985890 (T=4985890, R=0, W=0)
--- 3,614 MB collected in 0.041 secs (0.3% of total), longest GC took 0.007 secs
DATA gc:  total_k 3701048  total_secs 0.041237  max_secs 0.006587
