Number of accounts  = 512
Initial amount      = 100000.0
Maximal transfer    = 10
Read-all frequency  = 0%
Write-all frequency = 0%
Read-all threads    = 0
Write-all threads   = 0
Disjoint            = false
Yield               = false

Starting threads... 0 1 2 3 4 5 6 7
End of warmup phase... 0 1 2 3 4 5 6 7
End of test phase... 0 1 2 3 4 5 6 7
Waiting for threads to finish...
All threads returned successfully
RESULTS:

  Warmup duration (ms) = 4000
  Test duration (ms)   = 10000
  Nb iterations        = 60225621
  Stats                = T=60225621, R=0, W=0, TOTAL=51200004 [ 0=100496.0 1=98389.0 2=101326.0 3=102885.0 4=99478.0 5=99772.0 6=100610.0 7=102718.0 8=102087.0 9=92416.0 10=94509.0 11=109168.0 12=101127.0 13=99303.0 14=92604.0 15=99866.0 16=100548.0 17=95212.0 18=97788.0 19=102425.0 20=104596.0 21=96948.0 22=98493.0 23=101501.0 24=93104.0 25=93026.0 26=103037.0 27=98167.0 28=100049.0 29=101293.0 30=95092.0 31=104476.0 32=93482.0 33=99721.0 34=101674.0 35=95320.0 36=101031.0 37=97733.0 38=100451.0 39=97814.0 40=96418.0 41=99708.0 42=100700.0 43=89123.0 44=98372.0 45=103752.0 46=102964.0 47=105229.0 48=102664.0 49=98083.0 50=99212.0 51=98237.0 52=100488.0 53=98285.0 54=105133.0 55=104188.0 56=92375.0 57=93000.0 58=100107.0 59=101089.0 60=91486.0 61=99171.0 62=96975.0 63=104083.0 64=106306.0 65=99834.0 66=97216.0 67=100719.0 68=94372.0 69=100299.0 70=102341.0 71=96926.0 72=101072.0 73=97900.0 74=101428.0 75=96584.0 76=94524.0 77=100890.0 78=100627.0 79=98357.0 80=99537.0 81=101330.0 82=100047.0 83=102142.0 84=99504.0 85=97096.0 86=96604.0 87=97986.0 88=110718.0 89=91061.0 90=98255.0 91=101973.0 92=103444.0 93=106977.0 94=101784.0 95=105515.0 96=99903.0 97=102246.0 98=99996.0 99=96413.0 100=101305.0 101=103119.0 102=107789.0 103=101299.0 104=102049.0 105=101156.0 106=97686.0 107=95349.0 108=94892.0 109=99797.0 110=101456.0 111=103718.0 112=103231.0 113=98968.0 114=100708.0 115=97373.0 116=103180.0 117=101924.0 118=102614.0 119=97183.0 120=96061.0 121=99291.0 122=102599.0 123=97954.0 124=105587.0 125=100006.0 126=95781.0 127=91381.0 128=94329.0 129=99370.0 130=100568.0 131=98343.0 132=102388.0 133=96792.0 134=97440.0 135=99561.0 136=97350.0 137=99352.0 138=93697.0 139=101257.0 140=97339.0 141=101086.0 142=98926.0 143=105768.0 144=100897.0 145=102406.0 146=102541.0 147=98191.0 148=97374.0 149=105099.0 150=97757.0 151=99249.0 152=102468.0 153=102122.0 154=103348.0 155=100815.0 156=90396.0 157=103417.0 158=99886.0 159=92232.0 160=106133.0 161=101075.0 162=102263.0 163=96347.0 164=99529.0 165=96753.0 166=104322.0 167=96010.0 168=103310.0 169=100113.0 170=103280.0 171=101734.0 172=106908.0 173=101137.0 174=98297.0 175=105410.0 176=100272.0 177=88370.0 178=93274.0 179=98714.0 180=104363.0 181=97344.0 182=99384.0 183=102035.0 184=102725.0 185=98409.0 186=101017.0 187=100598.0 188=101236.0 189=98947.0 190=99937.0 191=106805.0 192=107671.0 193=100538.0 194=106573.0 195=99265.0 196=96781.0 197=101489.0 198=98188.0 199=100241.0 200=96338.0 201=99544.0 202=100144.0 203=103658.0 204=96683.0 205=103392.0 206=98398.0 207=99518.0 208=96008.0 209=97052.0 210=100333.0 211=99177.0 212=90753.0 213=100201.0 214=94907.0 215=101799.0 216=103067.0 217=98424.0 218=101116.0 219=104381.0 220=99341.0 221=102987.0 222=100256.0 223=97541.0 224=103850.0 225=96626.0 226=98041.0 227=101680.0 228=104918.0 229=103065.0 230=101888.0 231=98457.0 232=106204.0 233=98348.0 234=99531.0 235=107044.0 236=98780.0 237=109756.0 238=96441.0 239=102588.0 240=103938.0 241=103991.0 242=95703.0 243=97399.0 244=99212.0 245=100759.0 246=100601.0 247=99616.0 248=99987.0 249=101117.0 250=104686.0 251=101307.0 252=102495.0 253=101129.0 254=96688.0 255=102851.0 256=96386.0 257=99760.0 258=93255.0 259=102361.0 260=99968.0 261=101223.0 262=101981.0 263=103770.0 264=99667.0 265=94070.0 266=104066.0 267=97744.0 268=104228.0 269=104065.0 270=101704.0 271=96502.0 272=96653.0 273=96469.0 274=97766.0 275=98987.0 276=95719.0 277=95031.0 278=108791.0 279=99023.0 280=98489.0 281=98752.0 282=103126.0 283=98204.0 284=97742.0 285=101888.0 286=101176.0 287=103409.0 288=95854.0 289=104728.0 290=95672.0 291=92477.0 292=99287.0 293=100751.0 294=101229.0 295=99088.0 296=103884.0 297=103629.0 298=99702.0 299=96636.0 300=102774.0 301=100460.0 302=103734.0 303=94664.0 304=101616.0 305=97023.0 306=101707.0 307=97110.0 308=95352.0 309=97896.0 310=101608.0 311=101059.0 312=98496.0 313=103202.0 314=96960.0 315=99085.0 316=91255.0 317=99163.0 318=99231.0 319=95686.0 320=96316.0 321=97136.0 322=100447.0 323=103525.0 324=105804.0 325=97987.0 326=99894.0 327=109606.0 328=97724.0 329=95332.0 330=97818.0 331=96453.0 332=98251.0 333=97641.0 334=99498.0 335=108135.0 336=96667.0 337=104114.0 338=100140.0 339=94258.0 340=104416.0 341=96989.0 342=100487.0 343=103163.0 344=101990.0 345=98763.0 346=102386.0 347=102649.0 348=99154.0 349=99402.0 350=102011.0 351=102404.0 352=97986.0 353=105555.0 354=96716.0 355=103362.0 356=99990.0 357=100417.0 358=101579.0 359=97893.0 360=97033.0 361=101373.0 362=98431.0 363=95261.0 364=102092.0 365=99531.0 366=104688.0 367=95084.0 368=99369.0 369=108710.0 370=97614.0 371=103940.0 372=99502.0 373=101518.0 374=97561.0 375=93217.0 376=101832.0 377=105433.0 378=102358.0 379=100473.0 380=100547.0 381=98275.0 382=100776.0 383=106585.0 384=98634.0 385=106124.0 386=98410.0 387=97688.0 388=105647.0 389=103150.0 390=102320.0 391=102257.0 392=99408.0 393=95292.0 394=98435.0 395=97360.0 396=103923.0 397=106528.0 398=101876.0 399=95046.0 400=104774.0 401=101587.0 402=95710.0 403=91935.0 404=104538.0 405=95094.0 406=97410.0 407=102210.0 408=105083.0 409=96052.0 410=103859.0 411=103159.0 412=98540.0 413=91633.0 414=103135.0 415=102284.0 416=96777.0 417=104532.0 418=103902.0 419=97919.0 420=94562.0 421=103375.0 422=101796.0 423=100236.0 424=101155.0 425=99129.0 426=96053.0 427=98370.0 428=97841.0 429=97474.0 430=102829.0 431=98787.0 432=104108.0 433=101528.0 434=101837.0 435=97919.0 436=101204.0 437=99346.0 438=99592.0 439=99298.0 440=102914.0 441=95444.0 442=92760.0 443=102971.0 444=100068.0 445=102637.0 446=104391.0 447=106325.0 448=92287.0 449=101710.0 450=99735.0 451=96815.0 452=101099.0 453=95518.0 454=103586.0 455=99851.0 456=98205.0 457=100190.0 458=98003.0 459=104101.0 460=103196.0 461=101873.0 462=93435.0 463=103495.0 464=101880.0 465=96482.0 466=100232.0 467=97638.0 468=98019.0 469=100325.0 470=107230.0 471=102113.0 472=97226.0 473=95720.0 474=94142.0 475=105352.0 476=97694.0 477=103963.0 478=99719.0 479=108642.0 480=99810.0 481=98913.0 482=95775.0 483=98548.0 484=98903.0 485=104626.0 486=95730.0 487=98626.0 488=101633.0 489=99587.0 490=101493.0 491=105457.0 492=89100.0 493=94277.0 494=102299.0 495=104403.0 496=100837.0 497=97463.0 498=103340.0 499=101551.0 500=101326.0 501=102170.0 502=102294.0 503=101638.0 504=101135.0 505=93638.0 506=97710.0 507=101756.0 508=105762.0 509=99226.0 510=100321.0 511=108509.0 ]
    0 : 7582578 (T=7582578, R=0, W=0)
    1 : 7626881 (T=7626881, R=0, W=0)
    2 : 7552264 (T=7552264, R=0, W=0)
    3 : 7560052 (T=7560052, R=0, W=0)
    4 : 7626749 (T=7626749, R=0, W=0)
    5 : 7583789 (T=7583789, R=0, W=0)
    6 : 7560884 (T=7560884, R=0, W=0)
    7 : 7132424 (T=7132424, R=0, W=0)
--- 30,276 MB collected in 0.043 secs (0.3% of total), longest GC took 0.005 secs
DATA gc:  total_k 31002632  total_secs 0.042877  max_secs 0.004961
