Starting Multiverse JavaAgent
Number of accounts  = 256
Initial amount      = 100000.0
Maximal transfer    = 10
Read-all frequency  = 0%
Write-all frequency = 0%
Read-all threads    = 0
Write-all threads   = 0
Disjoint            = false
Yield               = false

Starting threads... 0 1 2 3
End of warmup phase... 0 1 2 3
End of test phase... 0 1 2 3
Waiting for threads to finish...
All threads returned successfully
RESULTS:

  Warmup duration (ms) = 20001
  Test duration (ms)   = 10008
  Nb iterations        = 4625903
  Stats                = T=4625903, R=0, W=0, TOTAL=25599996 [ 0=96386.0 1=100452.0 2=95530.0 3=100570.0 4=99343.0 5=97885.0 6=101921.0 7=100261.0 8=100671.0 9=100611.0 10=101831.0 11=97087.0 12=100294.0 13=99176.0 14=97757.0 15=103945.0 16=99216.0 17=99011.0 18=99727.0 19=101865.0 20=98314.0 21=98162.0 22=102226.0 23=104181.0 24=101646.0 25=104740.0 26=102217.0 27=101304.0 28=99032.0 29=102562.0 30=100159.0 31=97973.0 32=98556.0 33=100808.0 34=98675.0 35=102859.0 36=93251.0 37=102891.0 38=101014.0 39=101512.0 40=99068.0 41=98959.0 42=99874.0 43=101611.0 44=101899.0 45=101418.0 46=96644.0 47=97808.0 48=99918.0 49=100073.0 50=101284.0 51=99979.0 52=101863.0 53=96332.0 54=100979.0 55=100739.0 56=100447.0 57=102587.0 58=101417.0 59=97739.0 60=96110.0 61=99865.0 62=100040.0 63=98027.0 64=97138.0 65=101104.0 66=104624.0 67=100372.0 68=95517.0 69=102496.0 70=103368.0 71=97354.0 72=99334.0 73=99944.0 74=97689.0 75=99584.0 76=101013.0 77=101985.0 78=99846.0 79=101366.0 80=97178.0 81=102134.0 82=101908.0 83=103781.0 84=101761.0 85=99361.0 86=98486.0 87=96849.0 88=98111.0 89=105802.0 90=100085.0 91=98113.0 92=98544.0 93=101640.0 94=95471.0 95=101959.0 96=96634.0 97=100312.0 98=103047.0 99=98406.0 100=96840.0 101=99010.0 102=102493.0 103=103348.0 104=96758.0 105=102761.0 106=101900.0 107=97612.0 108=99713.0 109=95443.0 110=99503.0 111=98839.0 112=99880.0 113=97572.0 114=101179.0 115=96489.0 116=98440.0 117=98461.0 118=96817.0 119=100438.0 120=100660.0 121=100915.0 122=97860.0 123=99390.0 124=101622.0 125=103694.0 126=100138.0 127=101326.0 128=103269.0 129=100776.0 130=100642.0 131=101368.0 132=99880.0 133=100194.0 134=105307.0 135=96865.0 136=98642.0 137=99931.0 138=99522.0 139=100398.0 140=98135.0 141=100029.0 142=99026.0 143=102306.0 144=98972.0 145=100356.0 146=99881.0 147=96231.0 148=98787.0 149=96221.0 150=99168.0 151=100215.0 152=98159.0 153=97965.0 154=98405.0 155=95096.0 156=101954.0 157=102623.0 158=99614.0 159=94791.0 160=99151.0 161=95578.0 162=101500.0 163=101959.0 164=100798.0 165=101942.0 166=97128.0 167=97738.0 168=97964.0 169=99050.0 170=98573.0 171=101892.0 172=98659.0 173=101970.0 174=99231.0 175=100287.0 176=100483.0 177=102318.0 178=99048.0 179=103096.0 180=101935.0 181=100776.0 182=100716.0 183=101176.0 184=101104.0 185=100886.0 186=97024.0 187=102674.0 188=100530.0 189=102233.0 190=101314.0 191=98471.0 192=101346.0 193=103360.0 194=102202.0 195=101954.0 196=100083.0 197=102134.0 198=101990.0 199=100349.0 200=96722.0 201=100392.0 202=98919.0 203=99471.0 204=101968.0 205=100797.0 206=96265.0 207=104392.0 208=96892.0 209=101249.0 210=101568.0 211=99835.0 212=95879.0 213=98812.0 214=101513.0 215=102496.0 216=100573.0 217=101620.0 218=101827.0 219=97539.0 220=95583.0 221=100428.0 222=100515.0 223=97073.0 224=95262.0 225=96938.0 226=105358.0 227=101644.0 228=100582.0 229=99864.0 230=101774.0 231=99443.0 232=98545.0 233=99760.0 234=102106.0 235=97021.0 236=102201.0 237=101016.0 238=104088.0 239=104296.0 240=98989.0 241=97540.0 242=103250.0 243=101324.0 244=97048.0 245=101267.0 246=97138.0 247=98951.0 248=98387.0 249=98481.0 250=105551.0 251=98399.0 252=104611.0 253=101536.0 254=97441.0 255=100793.0 ]
    0 : 1149416 (T=1149416, R=0, W=0)
    1 : 1159203 (T=1159203, R=0, W=0)
    2 : 1156494 (T=1156494, R=0, W=0)
    3 : 1160790 (T=1160790, R=0, W=0)
--- 1887 MB collected in 0.575 secs (1.7% of total), longest GC took 0.162 secs
DATA gc:  total_k 1932702  total_secs 0.575217  max_secs 0.161619
