Starting Multiverse JavaAgent
Number of accounts  = 512
Initial amount      = 100000.0
Maximal transfer    = 10
Read-all frequency  = 0%
Write-all frequency = 0%
Read-all threads    = 0
Write-all threads   = 0
Disjoint            = false
Yield               = false

Starting threads... 0 1 2 3 4 5 6 7
End of warmup phase... 0 1 2 3 4 5 6 7
End of test phase... 0 1 2 3 4 5 6 7
Waiting for threads to finish...
All threads returned successfully
RESULTS:

  Warmup duration (ms) = 4000
  Test duration (ms)   = 10000
  Nb iterations        = 48193587
  Stats                = T=48193587, R=0, W=0, TOTAL=51199992 [ 0=98925.0 1=101906.0 2=101024.0 3=103874.0 4=106703.0 5=102543.0 6=99587.0 7=95952.0 8=97426.0 9=101250.0 10=101087.0 11=102400.0 12=103494.0 13=103444.0 14=98237.0 15=99542.0 16=101783.0 17=98780.0 18=98915.0 19=97956.0 20=97528.0 21=97633.0 22=96735.0 23=97229.0 24=101576.0 25=100574.0 26=100548.0 27=97058.0 28=103378.0 29=101102.0 30=99916.0 31=97891.0 32=95756.0 33=93161.0 34=100524.0 35=101431.0 36=102181.0 37=101766.0 38=101931.0 39=97984.0 40=98597.0 41=102081.0 42=103046.0 43=103267.0 44=101019.0 45=102778.0 46=105920.0 47=98432.0 48=103194.0 49=96956.0 50=101330.0 51=100045.0 52=99799.0 53=102081.0 54=99211.0 55=94424.0 56=106262.0 57=98199.0 58=101275.0 59=101019.0 60=99660.0 61=103046.0 62=95066.0 63=101891.0 64=101588.0 65=95498.0 66=102155.0 67=105036.0 68=97562.0 69=97873.0 70=103942.0 71=100449.0 72=97209.0 73=93726.0 74=98688.0 75=106993.0 76=101486.0 77=95547.0 78=100184.0 79=100974.0 80=106190.0 81=100518.0 82=102647.0 83=94655.0 84=96988.0 85=97422.0 86=97831.0 87=100993.0 88=96924.0 89=103616.0 90=103371.0 91=97906.0 92=100316.0 93=102287.0 94=102669.0 95=102031.0 96=109917.0 97=100711.0 98=101970.0 99=105583.0 100=104274.0 101=101293.0 102=99439.0 103=96451.0 104=100283.0 105=97775.0 106=103442.0 107=103160.0 108=104324.0 109=97800.0 110=100884.0 111=108664.0 112=100745.0 113=100505.0 114=99784.0 115=100184.0 116=102328.0 117=98143.0 118=97027.0 119=103674.0 120=96672.0 121=100981.0 122=95930.0 123=92262.0 124=102797.0 125=101017.0 126=101255.0 127=98386.0 128=101810.0 129=99883.0 130=101902.0 131=99716.0 132=98976.0 133=103184.0 134=97215.0 135=94671.0 136=99518.0 137=103196.0 138=100060.0 139=96612.0 140=100685.0 141=99009.0 142=97196.0 143=93713.0 144=98298.0 145=100555.0 146=100884.0 147=100107.0 148=97496.0 149=100857.0 150=98905.0 151=98546.0 152=102045.0 153=103579.0 154=97217.0 155=102584.0 156=102394.0 157=106707.0 158=102100.0 159=98794.0 160=97135.0 161=99154.0 162=99832.0 163=100859.0 164=100764.0 165=101953.0 166=103267.0 167=94310.0 168=98995.0 169=97558.0 170=98720.0 171=99095.0 172=98451.0 173=99174.0 174=97827.0 175=99992.0 176=102202.0 177=97883.0 178=102338.0 179=94809.0 180=95018.0 181=102452.0 182=100109.0 183=100909.0 184=102993.0 185=105290.0 186=98808.0 187=98794.0 188=96230.0 189=97860.0 190=104817.0 191=94868.0 192=103817.0 193=107122.0 194=102847.0 195=97797.0 196=105410.0 197=103103.0 198=104241.0 199=93259.0 200=94679.0 201=101304.0 202=95484.0 203=98393.0 204=95344.0 205=93678.0 206=97553.0 207=103010.0 208=98104.0 209=103309.0 210=100588.0 211=99539.0 212=100709.0 213=102616.0 214=99099.0 215=102098.0 216=96441.0 217=100293.0 218=101774.0 219=96194.0 220=100615.0 221=98259.0 222=107040.0 223=100984.0 224=97969.0 225=108940.0 226=102092.0 227=100498.0 228=96417.0 229=99141.0 230=101422.0 231=99851.0 232=97565.0 233=104384.0 234=96347.0 235=99071.0 236=98436.0 237=104096.0 238=94291.0 239=101249.0 240=100743.0 241=97967.0 242=101335.0 243=96035.0 244=100569.0 245=101211.0 246=103258.0 247=105059.0 248=104395.0 249=97636.0 250=93747.0 251=102004.0 252=98458.0 253=96844.0 254=101590.0 255=98148.0 256=98081.0 257=101777.0 258=99693.0 259=101820.0 260=100294.0 261=101299.0 262=102201.0 263=103255.0 264=96556.0 265=101074.0 266=100301.0 267=101437.0 268=99437.0 269=100247.0 270=102520.0 271=101398.0 272=96768.0 273=102384.0 274=100855.0 275=95832.0 276=98647.0 277=98777.0 278=102085.0 279=98886.0 280=103550.0 281=104007.0 282=103635.0 283=100372.0 284=101894.0 285=95904.0 286=98061.0 287=95806.0 288=96686.0 289=102093.0 290=102269.0 291=101632.0 292=95693.0 293=104813.0 294=102095.0 295=106420.0 296=97794.0 297=101227.0 298=103851.0 299=97420.0 300=101675.0 301=97294.0 302=98986.0 303=90080.0 304=98602.0 305=97645.0 306=100955.0 307=97811.0 308=100552.0 309=99889.0 310=101884.0 311=99903.0 312=100977.0 313=102333.0 314=100509.0 315=99044.0 316=99400.0 317=99885.0 318=100104.0 319=99810.0 320=99355.0 321=97536.0 322=103551.0 323=97244.0 324=98690.0 325=100616.0 326=100459.0 327=99875.0 328=98175.0 329=98051.0 330=102838.0 331=100618.0 332=106018.0 333=101097.0 334=101178.0 335=99991.0 336=100541.0 337=94733.0 338=102880.0 339=100661.0 340=101207.0 341=104278.0 342=101018.0 343=101588.0 344=100761.0 345=99558.0 346=98675.0 347=99816.0 348=94397.0 349=93136.0 350=100599.0 351=97731.0 352=94392.0 353=103655.0 354=98063.0 355=103510.0 356=94776.0 357=95191.0 358=103691.0 359=98696.0 360=101341.0 361=104524.0 362=99760.0 363=101838.0 364=98161.0 365=102149.0 366=101701.0 367=101329.0 368=99964.0 369=96710.0 370=95191.0 371=103825.0 372=103464.0 373=98675.0 374=96622.0 375=97264.0 376=100372.0 377=100060.0 378=100137.0 379=101103.0 380=100047.0 381=98387.0 382=96637.0 383=103662.0 384=99399.0 385=100975.0 386=97286.0 387=100523.0 388=96250.0 389=100202.0 390=98936.0 391=101531.0 392=97049.0 393=96734.0 394=95208.0 395=98043.0 396=100037.0 397=97616.0 398=94005.0 399=103420.0 400=100700.0 401=103859.0 402=100700.0 403=93956.0 404=102590.0 405=94119.0 406=101391.0 407=102422.0 408=98806.0 409=104790.0 410=105933.0 411=97160.0 412=97068.0 413=95005.0 414=106434.0 415=96532.0 416=98846.0 417=102118.0 418=101945.0 419=97365.0 420=103146.0 421=100676.0 422=98245.0 423=101127.0 424=100101.0 425=99939.0 426=101877.0 427=99807.0 428=99801.0 429=99842.0 430=99759.0 431=110204.0 432=102762.0 433=99084.0 434=100260.0 435=94651.0 436=96508.0 437=100230.0 438=100686.0 439=97757.0 440=96921.0 441=106076.0 442=96867.0 443=103768.0 444=101434.0 445=101969.0 446=103419.0 447=102514.0 448=100586.0 449=99449.0 450=101042.0 451=103156.0 452=98069.0 453=99210.0 454=101800.0 455=98354.0 456=100793.0 457=98524.0 458=98563.0 459=93512.0 460=99793.0 461=98279.0 462=97215.0 463=100064.0 464=96375.0 465=99304.0 466=100555.0 467=99748.0 468=104922.0 469=101805.0 470=99401.0 471=98609.0 472=101036.0 473=94857.0 474=95437.0 475=95691.0 476=99531.0 477=98470.0 478=97562.0 479=101424.0 480=102240.0 481=96964.0 482=102990.0 483=101610.0 484=100966.0 485=99395.0 486=98314.0 487=95931.0 488=99361.0 489=100826.0 490=98143.0 491=100001.0 492=96586.0 493=100896.0 494=96530.0 495=100700.0 496=101494.0 497=97567.0 498=99050.0 499=94693.0 500=105617.0 501=97515.0 502=105857.0 503=98518.0 504=100852.0 505=103639.0 506=96004.0 507=105955.0 508=100110.0 509=97322.0 510=96214.0 511=98056.0 ]
    0 : 5563519 (T=5563519, R=0, W=0)
    1 : 6428261 (T=6428261, R=0, W=0)
    2 : 6448859 (T=6448859, R=0, W=0)
    3 : 5785631 (T=5785631, R=0, W=0)
    4 : 5602680 (T=5602680, R=0, W=0)
    5 : 6335761 (T=6335761, R=0, W=0)
    6 : 5610534 (T=5610534, R=0, W=0)
    7 : 6418342 (T=6418342, R=0, W=0)
--- 13,254 MB collected in 0.047 secs (0.3% of total), longest GC took 0.003 secs
DATA gc:  total_k 13572224  total_secs 0.046915  max_secs 0.003058
