Starting Multiverse JavaAgent
Number of accounts  = 32
Initial amount      = 100000.0
Maximal transfer    = 10
Read-all frequency  = 0%
Write-all frequency = 0%
Read-all threads    = 0
Write-all threads   = 0
Disjoint            = false
Yield               = false

Starting threads... 0 1 2 3 4 5 6 7 8 9 10 11 12 13 14 15 16 17 18 19 20 21 22 23 24 25 26 27 28 29 30 31
End of warmup phase... 0 1 2 3 4 5 6 7 8 9 10 11 12 13 14 15 16 17 18 19 20 21 22 23 24 25 26 27 28 29 30 31
End of test phase... 0 1 2 3 4 5 6 7 8 9 10 11 12 13 14 15 16 17 18 19 20 21 22 23 24 25 26 27 28 29 30 31
Waiting for threads to finish...
All threads returned successfully
RESULTS:

  Warmup duration (ms) = 4000
  Test duration (ms)   = 10001
  Nb iterations        = 21971523
  Stats                = T=21971523, R=0, W=0, TOTAL=3200000 [ 0=102911.0 1=108913.0 2=93202.0 3=103511.0 4=99921.0 5=116807.0 6=104941.0 7=99409.0 8=91181.0 9=115837.0 10=99094.0 11=102257.0 12=103922.0 13=89059.0 14=94323.0 15=90520.0 16=106788.0 17=98364.0 18=94558.0 19=97265.0 20=103867.0 21=86350.0 22=90459.0 23=115596.0 24=94962.0 25=109062.0 26=96880.0 27=97097.0 28=97839.0 29=85122.0 30=98950.0 31=111033.0 ]
    0 : 698688 (T=698688, R=0, W=0)
    1 : 688342 (T=688342, R=0, W=0)
    2 : 685352 (T=685352, R=0, W=0)
    3 : 702471 (T=702471, R=0, W=0)
    4 : 669004 (T=669004, R=0, W=0)
    5 : 699177 (T=699177, R=0, W=0)
    6 : 696533 (T=696533, R=0, W=0)
    7 : 688858 (T=688858, R=0, W=0)
    8 : 688055 (T=688055, R=0, W=0)
    9 : 686418 (T=686418, R=0, W=0)
    10 : 698032 (T=698032, R=0, W=0)
    11 : 710050 (T=710050, R=0, W=0)
    12 : 689267 (T=689267, R=0, W=0)
    13 : 677374 (T=677374, R=0, W=0)
    14 : 697464 (T=697464, R=0, W=0)
    15 : 668222 (T=668222, R=0, W=0)
    16 : 694036 (T=694036, R=0, W=0)
    17 : 702681 (T=702681, R=0, W=0)
    18 : 674474 (T=674474, R=0, W=0)
    19 : 761587 (T=761587, R=0, W=0)
    20 : 687821 (T=687821, R=0, W=0)
    21 : 692490 (T=692490, R=0, W=0)
    22 : 649013 (T=649013, R=0, W=0)
    23 : 666971 (T=666971, R=0, W=0)
    24 : 695426 (T=695426, R=0, W=0)
    25 : 684663 (T=684663, R=0, W=0)
    26 : 842677 (T=842677, R=0, W=0)
    27 : 681311 (T=681311, R=0, W=0)
    28 : 636467 (T=636467, R=0, W=0)
    29 : 628671 (T=628671, R=0, W=0)
    30 : 651062 (T=651062, R=0, W=0)
    31 : 578866 (T=578866, R=0, W=0)
--- 10,574 MB collected in 0.058 secs (0.4% of total), longest GC took 0.004 secs
DATA gc:  total_k 10827936  total_secs 0.058411  max_secs 0.003517
