Starting Multiverse JavaAgent
Number of accounts  = 128
Initial amount      = 100000.0
Maximal transfer    = 10
Read-all frequency  = 0%
Write-all frequency = 0%
Read-all threads    = 0
Write-all threads   = 0
Disjoint            = false
Yield               = false

Starting threads... 0 1
End of warmup phase... 0 1
End of test phase... 0 1
Waiting for threads to finish...
All threads returned successfully
RESULTS:

  Warmup duration (ms) = 20001
  Test duration (ms)   = 10009
  Nb iterations        = 2927984
  Stats                = T=2927984, R=0, W=0, TOTAL=12800000 [ 0=99321.0 1=98666.0 2=100446.0 3=97962.0 4=101415.0 5=101468.0 6=98475.0 7=100211.0 8=99045.0 9=100876.0 10=98874.0 11=99963.0 12=97786.0 13=99100.0 14=97766.0 15=100617.0 16=101120.0 17=99230.0 18=102889.0 19=100173.0 20=96798.0 21=98007.0 22=99525.0 23=101925.0 24=102270.0 25=100762.0 26=98519.0 27=100130.0 28=100674.0 29=101777.0 30=100634.0 31=99131.0 32=98714.0 33=100392.0 34=101150.0 35=97227.0 36=103816.0 37=98093.0 38=92151.0 39=102872.0 40=101299.0 41=100123.0 42=104622.0 43=99810.0 44=102802.0 45=97292.0 46=100896.0 47=98925.0 48=99315.0 49=99658.0 50=98856.0 51=98688.0 52=102142.0 53=100770.0 54=97906.0 55=97903.0 56=102385.0 57=98301.0 58=100405.0 59=99925.0 60=97783.0 61=101433.0 62=102577.0 63=100940.0 64=98915.0 65=94651.0 66=102479.0 67=97364.0 68=97108.0 69=103660.0 70=98841.0 71=97545.0 72=103741.0 73=99513.0 74=103811.0 75=100465.0 76=100720.0 77=97300.0 78=98739.0 79=100916.0 80=98396.0 81=102662.0 82=98972.0 83=98109.0 84=98191.0 85=99827.0 86=96832.0 87=101197.0 88=99107.0 89=99507.0 90=102923.0 91=103464.0 92=99541.0 93=99407.0 94=103577.0 95=100207.0 96=102745.0 97=101387.0 98=96416.0 99=101409.0 100=99707.0 101=103539.0 102=100644.0 103=100890.0 104=98388.0 105=100429.0 106=99882.0 107=99231.0 108=105323.0 109=102754.0 110=96356.0 111=97714.0 112=101751.0 113=96520.0 114=98692.0 115=99503.0 116=102906.0 117=100421.0 118=100278.0 119=100491.0 120=101789.0 121=97892.0 122=96447.0 123=102285.0 124=101831.0 125=99748.0 126=99791.0 127=100428.0 ]
    0 : 1475875 (T=1475875, R=0, W=0)
    1 : 1452109 (T=1452109, R=0, W=0)
--- 1031 MB collected in 0.366 secs (1.2% of total), longest GC took 0.178 secs
DATA gc:  total_k 1056187  total_secs 0.365861  max_secs 0.178277
