Starting Multiverse JavaAgent
Number of accounts  = 16
Initial amount      = 100000.0
Maximal transfer    = 10
Read-all frequency  = 0%
Write-all frequency = 0%
Read-all threads    = 0
Write-all threads   = 0
Disjoint            = false
Yield               = false

Starting threads... 0 1 2 3 4 5 6 7 8 9 10 11 12 13 14 15
End of warmup phase... 0 1 2 3 4 5 6 7 8 9 10 11 12 13 14 15
End of test phase... 0 1 2 3 4 5 6 7 8 9 10 11 12 13 14 15
Waiting for threads to finish...
All threads returned successfully
RESULTS:

  Warmup duration (ms) = 20003
  Test duration (ms)   = 10008
  Nb iterations        = 3501320
  Stats                = T=3501320, R=0, W=0, TOTAL=1600000 [ 0=104984.0 1=98972.0 2=95856.0 3=111658.0 4=101646.0 5=90547.0 6=98477.0 7=107129.0 8=98947.0 9=85391.0 10=100854.0 11=90884.0 12=96830.0 13=110493.0 14=107186.0 15=100146.0 ]
    0 : 210042 (T=210042, R=0, W=0)
    1 : 224436 (T=224436, R=0, W=0)
    2 : 219296 (T=219296, R=0, W=0)
    3 : 230350 (T=230350, R=0, W=0)
    4 : 212961 (T=212961, R=0, W=0)
    5 : 212013 (T=212013, R=0, W=0)
    6 : 237855 (T=237855, R=0, W=0)
    7 : 228890 (T=228890, R=0, W=0)
    8 : 200227 (T=200227, R=0, W=0)
    9 : 215624 (T=215624, R=0, W=0)
    10 : 230693 (T=230693, R=0, W=0)
    11 : 222135 (T=222135, R=0, W=0)
    12 : 206949 (T=206949, R=0, W=0)
    13 : 220000 (T=220000, R=0, W=0)
    14 : 207755 (T=207755, R=0, W=0)
    15 : 222094 (T=222094, R=0, W=0)
--- 2566 MB collected in 0.664 secs (2.1% of total), longest GC took 0.170 secs
DATA gc:  total_k 2628282  total_secs 0.664495  max_secs 0.170318
