Starting Multiverse JavaAgent
Number of accounts  = 4
Initial amount      = 100000.0
Maximal transfer    = 10
Read-all frequency  = 0%
Write-all frequency = 0%
Read-all threads    = 0
Write-all threads   = 0
Disjoint            = false
Yield               = false

Starting threads... 0 1 2 3
End of warmup phase... 0 1 2 3
End of test phase... 0 1 2 3
Waiting for threads to finish...
All threads returned successfully
RESULTS:

  Warmup duration (ms) = 20009
  Test duration (ms)   = 10008
  Nb iterations        = 2009583
  Stats                = T=2009583, R=0, W=0, TOTAL=400000 [ 0=109740.0 1=102851.0 2=92803.0 3=94606.0 ]
    0 : 523604 (T=523604, R=0, W=0)
    1 : 476167 (T=476167, R=0, W=0)
    2 : 515016 (T=515016, R=0, W=0)
    3 : 494796 (T=494796, R=0, W=0)
--- 1031 MB collected in 0.285 secs (0.9% of total), longest GC took 0.131 secs
DATA gc:  total_k 1056051  total_secs 0.285225  max_secs 0.130897
