startup =       20000
elapsed =       10000
threads =       2
accounts =      128
init =          1000000
maxAmount =     10
readFreq =      0
writeFreq =     0
readThreads =   0
writeThreads =  0
disjointTrans = false
yieldALot =     false
flavour =       rfw

warming up
timed execution

TOTAL=1.27999984E8 [ 997734.0 989392.0 1000082.0 991995.0 999972.0 1000836.0 998571.0 1001780.0 986625.0 1003593.0 1000129.0 998488.0 988508.0 1002218.0 1000613.0 999901.0 999815.0 994629.0 1013820.0 1009534.0 1006309.0 998377.0 1004070.0 988575.0 1012917.0 999785.0 998982.0 1006439.0 988132.0 1010457.0 1009920.0 999827.0 989526.0 993684.0 1006082.0 1001577.0 988015.0 995198.0 991854.0 1007062.0 1006183.0 997506.0 1007451.0 1006061.0 1002206.0 996711.0 1001943.0 989119.0 1000299.0 997062.0 991471.0 1001793.0 1007490.0 993516.0 1005366.0 998722.0 999310.0 1001522.0 1000086.0 1002639.0 1005078.0 995613.0 995314.0 1010218.0 997039.0 990861.0 1002022.0 999040.0 1003594.0 1006898.0 1004028.0 1000961.0 991034.0 997535.0 990275.0 991143.0 996572.0 995760.0 1002444.0 1000506.0 1006027.0 1003570.0 1007539.0 1005148.0 991086.0 1003096.0 996012.0 997513.0 995004.0 997640.0 1001196.0 994750.0 1001967.0 1005519.0 1000362.0 1003315.0 1007455.0 1015926.0 1002560.0 1002885.0 1009181.0 1002712.0 994859.0 1007939.0 993731.0 1004450.0 996584.0 996871.0 991160.0 1005123.0 1006507.0 1001870.0 999388.0 995878.0 1005978.0 993151.0 1002054.0 1002156.0 995701.0 996799.0 996138.0 1003516.0 1000876.0 996522.0 991310.0 1008268.0 1003777.0 1001517.0 ]

10002 actual elapsed

T=10622895, R=0, W=0
T=8907548, R=0, W=0

TOTAL: T=19530443, R=0, W=0
--- 32,578 MB collected in 0.071 secs (0.2% of total), longest GC took 0.003 secs
DATA gc:  total_k 33360137  total_secs 0.071284  max_secs 0.00274
