startup =       20000
elapsed =       10000
threads =       64
accounts =      64
init =          1000000
maxAmount =     10
readFreq =      0
writeFreq =     0
readThreads =   0
writeThreads =  0
disjointTrans = false
yieldALot =     false
flavour =       d

warming up
timed execution

TOTAL=6.3999992E7 [ 1008868.0 997321.0 998451.0 994269.0 987338.0 1002522.0 994247.0 1021552.0 1004157.0 1004886.0 995384.0 991627.0 998501.0 981665.0 1035039.0 994425.0 997532.0 1002747.0 1012846.0 996869.0 995806.0 1011321.0 1013639.0 1013680.0 983244.0 990698.0 1019963.0 974721.0 994713.0 999103.0 980403.0 999037.0 974098.0 1037105.0 995283.0 1011609.0 1008745.0 997108.0 1014141.0 975365.0 994182.0 1027887.0 994551.0 958842.0 1005100.0 988707.0 997508.0 991224.0 1009540.0 988410.0 1036700.0 990460.0 1024706.0 978647.0 994587.0 1003036.0 1008018.0 1000129.0 996429.0 996315.0 1011728.0 1012440.0 989525.0 991301.0 ]

10002 actual elapsed

T=660211, R=0, W=0
T=676359, R=0, W=0
T=712799, R=0, W=0
T=741869, R=0, W=0
T=652491, R=0, W=0
T=597059, R=0, W=0
T=629428, R=0, W=0
T=684219, R=0, W=0
T=675260, R=0, W=0
T=650636, R=0, W=0
T=675855, R=0, W=0
T=645493, R=0, W=0
T=632070, R=0, W=0
T=682882, R=0, W=0
T=656269, R=0, W=0
T=673805, R=0, W=0
T=664137, R=0, W=0
T=646808, R=0, W=0
T=564364, R=0, W=0
T=632868, R=0, W=0
T=674391, R=0, W=0
T=628112, R=0, W=0
T=619730, R=0, W=0
T=635056, R=0, W=0
T=606510, R=0, W=0
T=665480, R=0, W=0
T=691693, R=0, W=0
T=580979, R=0, W=0
T=672873, R=0, W=0
T=656562, R=0, W=0
T=602030, R=0, W=0
T=634915, R=0, W=0
T=651035, R=0, W=0
T=668021, R=0, W=0
T=679453, R=0, W=0
T=616732, R=0, W=0
T=622452, R=0, W=0
T=601255, R=0, W=0
T=635456, R=0, W=0
T=638259, R=0, W=0
T=641940, R=0, W=0
T=642791, R=0, W=0
T=680248, R=0, W=0
T=669081, R=0, W=0
T=705832, R=0, W=0
T=640167, R=0, W=0
T=644165, R=0, W=0
T=636734, R=0, W=0
T=680137, R=0, W=0
T=626842, R=0, W=0
T=648237, R=0, W=0
T=640118, R=0, W=0
T=621669, R=0, W=0
T=615983, R=0, W=0
T=659127, R=0, W=0
T=649900, R=0, W=0
T=650477, R=0, W=0
T=660524, R=0, W=0
T=664011, R=0, W=0
T=616740, R=0, W=0
T=675143, R=0, W=0
T=655592, R=0, W=0
T=656590, R=0, W=0
T=621164, R=0, W=0

TOTAL: T=41539088, R=0, W=0
--- 65,898 MB collected in 0.262 secs (0.9% of total), longest GC took 0.011 secs
DATA gc:  total_k 67479772  total_secs 0.262468  max_secs 0.010758
