startup =       20000
elapsed =       10000
threads =       1
accounts =      2
init =          1000000
maxAmount =     10
readFreq =      0
writeFreq =     0
readThreads =   0
writeThreads =  0
disjointTrans = false
yieldALot =     false
flavour =       d

warming up
timed execution

TOTAL=2000000.0 [ 991489.0 1008511.0 ]

10002 actual elapsed

T=21916809, R=0, W=0

TOTAL: T=21916809, R=0, W=0
--- 27,945 MB collected in 0.077 secs (0.3% of total), longest GC took 0.002 secs
DATA gc:  total_k 28616522  total_secs 0.076966  max_secs 0.002388
