startup =       4000
elapsed =       10000
threads =       2
accounts =      2
init =          1000000
maxAmount =     10
readFreq =      0
writeFreq =     0
readThreads =   0
writeThreads =  0
disjointTrans = false
yieldALot =     false
flavour =       rfw

warming up
timed execution

TOTAL=2000000.0 [ 987985.0 1012015.0 ]

10002 actual elapsed

T=4153884, R=0, W=0
T=4104058, R=0, W=0

TOTAL: T=8257942, R=0, W=0
--- 6,606 MB collected in 0.040 secs (0.3% of total), longest GC took 0.003 secs
DATA gc:  total_k 6765302  total_secs 0.039797  max_secs 0.002561
