startup =       4000
elapsed =       10000
threads =       64
accounts =      64
init =          1000000
maxAmount =     10
readFreq =      0
writeFreq =     0
readThreads =   0
writeThreads =  0
disjointTrans = false
yieldALot =     false
flavour =       rfw

warming up
timed execution

TOTAL=6.4000004E7 [ 1017782.0 1003757.0 1005009.0 1030451.0 980554.0 1000268.0 997018.0 1020104.0 989464.0 964491.0 1007821.0 957381.0 1030051.0 1035377.0 1014803.0 992904.0 1004066.0 1039519.0 952375.0 1029285.0 1022710.0 1028848.0 984584.0 976488.0 979203.0 976379.0 997148.0 1029719.0 961332.0 972869.0 1003776.0 1012090.0 1039617.0 992664.0 1014909.0 1006137.0 1082227.0 1005570.0 1054665.0 1022822.0 982310.0 986482.0 1051175.0 973577.0 968349.0 1037819.0 955393.0 963916.0 997540.0 977793.0 960073.0 956745.0 993286.0 1001914.0 959456.0 963552.0 956077.0 988595.0 1017951.0 1003198.0 1035027.0 1006118.0 1010910.0 1016507.0 ]

10002 actual elapsed

T=588998, R=0, W=0
T=580518, R=0, W=0
T=550083, R=0, W=0
T=596961, R=0, W=0
T=587269, R=0, W=0
T=617319, R=0, W=0
T=594016, R=0, W=0
T=646589, R=0, W=0
T=661420, R=0, W=0
T=627154, R=0, W=0
T=643176, R=0, W=0
T=600420, R=0, W=0
T=589734, R=0, W=0
T=682513, R=0, W=0
T=602265, R=0, W=0
T=635509, R=0, W=0
T=671570, R=0, W=0
T=696660, R=0, W=0
T=601613, R=0, W=0
T=631488, R=0, W=0
T=716305, R=0, W=0
T=634552, R=0, W=0
T=629305, R=0, W=0
T=616264, R=0, W=0
T=610117, R=0, W=0
T=612712, R=0, W=0
T=679767, R=0, W=0
T=580687, R=0, W=0
T=674736, R=0, W=0
T=609551, R=0, W=0
T=591048, R=0, W=0
T=735592, R=0, W=0
T=596465, R=0, W=0
T=530811, R=0, W=0
T=598096, R=0, W=0
T=637999, R=0, W=0
T=624341, R=0, W=0
T=585990, R=0, W=0
T=587128, R=0, W=0
T=616702, R=0, W=0
T=625427, R=0, W=0
T=575894, R=0, W=0
T=616231, R=0, W=0
T=720446, R=0, W=0
T=664689, R=0, W=0
T=660173, R=0, W=0
T=646953, R=0, W=0
T=586732, R=0, W=0
T=602730, R=0, W=0
T=647696, R=0, W=0
T=585436, R=0, W=0
T=658424, R=0, W=0
T=596736, R=0, W=0
T=645241, R=0, W=0
T=595376, R=0, W=0
T=646336, R=0, W=0
T=651942, R=0, W=0
T=646354, R=0, W=0
T=638131, R=0, W=0
T=617307, R=0, W=0
T=600643, R=0, W=0
T=599901, R=0, W=0
T=672721, R=0, W=0
T=624486, R=0, W=0

TOTAL: T=39999448, R=0, W=0
--- 33,804 MB collected in 0.098 secs (0.7% of total), longest GC took 0.004 secs
DATA gc:  total_k 34616232  total_secs 0.09848  max_secs 0.004482
