startup =       20000
elapsed =       10000
threads =       1
accounts =      2
init =          1000000
maxAmount =     10
readFreq =      0
writeFreq =     0
readThreads =   0
writeThreads =  0
disjointTrans = false
yieldALot =     false
flavour =       t

warming up
timed execution

TOTAL=2000000.0 [ 1012669.0 987331.0 ]

10001 actual elapsed

T=16846757, R=0, W=0

TOTAL: T=16846757, R=0, W=0
--- 28,444 MB collected in 0.122 secs (0.4% of total), longest GC took 0.003 secs
DATA gc:  total_k 29127274  total_secs 0.12153  max_secs 0.002605
