startup =       4000
elapsed =       10000
threads =       256
accounts =      256
init =          1000000
maxAmount =     10
readFreq =      0
writeFreq =     0
readThreads =   0
writeThreads =  0
disjointTrans = false
yieldALot =     false
flavour =       rfw

warming up
timed execution

TOTAL=2.5600008E8 [ 1019352.0 1016461.0 988664.0 976304.0 998909.0 1009221.0 1018362.0 1005824.0 1011709.0 989112.0 992479.0 1007333.0 990262.0 992038.0 1035806.0 1015090.0 995977.0 1007152.0 1004948.0 988094.0 994256.0 999331.0 1022817.0 996055.0 993835.0 990498.0 993768.0 987736.0 1021626.0 1003251.0 1021530.0 986077.0 1018034.0 1019764.0 996581.0 990179.0 964323.0 999842.0 983899.0 990574.0 990673.0 1030127.0 1014018.0 982322.0 1007149.0 1019069.0 992418.0 991634.0 994671.0 1014208.0 1011516.0 1010438.0 996805.0 987045.0 987677.0 969770.0 1022898.0 1004468.0 1003414.0 992157.0 986761.0 996428.0 1015763.0 992357.0 974831.0 1001220.0 977652.0 1008807.0 1018094.0 1012673.0 997027.0 969981.0 1001209.0 1027331.0 1006258.0 973502.0 971207.0 997127.0 997265.0 1017609.0 1010711.0 997577.0 1006591.0 1031523.0 1008980.0 1000326.0 1006819.0 998472.0 980680.0 992910.0 980211.0 1019182.0 1002342.0 1015000.0 1021797.0 1012066.0 1006358.0 1001607.0 1010888.0 1017719.0 1007948.0 973735.0 979943.0 993537.0 999097.0 988216.0 1007181.0 1000759.0 997273.0 1013125.0 1000647.0 1002565.0 960926.0 1005201.0 1002467.0 984487.0 979247.0 1020167.0 967033.0 982429.0 1003947.0 981983.0 991017.0 994762.0 987321.0 974847.0 959597.0 1014117.0 1001133.0 1012568.0 1017714.0 995851.0 1008704.0 974039.0 997670.0 1017441.0 1018364.0 995708.0 991868.0 1013246.0 1003304.0 1009641.0 994748.0 991068.0 1014416.0 986581.0 1016906.0 984421.0 958657.0 961571.0 988883.0 991710.0 1015114.0 1011026.0 1000041.0 1018994.0 999928.0 999281.0 985980.0 983508.0 983978.0 1011801.0 998346.0 1021607.0 1032864.0 1010857.0 984266.0 1017952.0 1012178.0 1033226.0 986056.0 981508.0 994364.0 1007195.0 1012011.0 993120.0 987841.0 1006483.0 986091.0 985845.0 996785.0 1022013.0 1018601.0 1006364.0 1005499.0 971612.0 978238.0 1000276.0 991725.0 995458.0 1006753.0 970986.0 1000648.0 974697.0 991044.0 1001456.0 992171.0 1012171.0 987467.0 1026310.0 1025446.0 1026749.0 991052.0 991586.0 986224.0 1026892.0 1020180.0 1002683.0 1019600.0 1004962.0 992496.0 976541.0 973217.0 1008716.0 1016411.0 994982.0 1008959.0 989678.0 1004117.0 981660.0 1015355.0 993608.0 1001566.0 999015.0 1002739.0 1014921.0 995326.0 1006558.0 1020701.0 988740.0 1013175.0 1011191.0 984965.0 998392.0 981682.0 1007570.0 1005798.0 1005115.0 1003092.0 995600.0 1015413.0 996980.0 984868.0 1018806.0 997862.0 1002701.0 1001337.0 990137.0 1021084.0 1017995.0 995772.0 1024245.0 992892.0 981349.0 1005390.0 1009977.0 ]

10002 actual elapsed

T=208735, R=0, W=0
T=165687, R=0, W=0
T=162412, R=0, W=0
T=172779, R=0, W=0
T=152205, R=0, W=0
T=150006, R=0, W=0
T=104352, R=0, W=0
T=173430, R=0, W=0
T=156804, R=0, W=0
T=171793, R=0, W=0
T=189110, R=0, W=0
T=197722, R=0, W=0
T=145155, R=0, W=0
T=156606, R=0, W=0
T=145255, R=0, W=0
T=140304, R=0, W=0
T=146168, R=0, W=0
T=146838, R=0, W=0
T=123078, R=0, W=0
T=167206, R=0, W=0
T=140979, R=0, W=0
T=101489, R=0, W=0
T=123077, R=0, W=0
T=177819, R=0, W=0
T=188217, R=0, W=0
T=160407, R=0, W=0
T=230444, R=0, W=0
T=153044, R=0, W=0
T=141623, R=0, W=0
T=177604, R=0, W=0
T=150612, R=0, W=0
T=129370, R=0, W=0
T=142570, R=0, W=0
T=142087, R=0, W=0
T=163363, R=0, W=0
T=158907, R=0, W=0
T=112804, R=0, W=0
T=140306, R=0, W=0
T=149772, R=0, W=0
T=170470, R=0, W=0
T=128889, R=0, W=0
T=146368, R=0, W=0
T=134686, R=0, W=0
T=173290, R=0, W=0
T=128547, R=0, W=0
T=160522, R=0, W=0
T=185241, R=0, W=0
T=138816, R=0, W=0
T=155172, R=0, W=0
T=187067, R=0, W=0
T=142999, R=0, W=0
T=151175, R=0, W=0
T=147761, R=0, W=0
T=167152, R=0, W=0
T=164219, R=0, W=0
T=156983, R=0, W=0
T=169230, R=0, W=0
T=94395, R=0, W=0
T=202590, R=0, W=0
T=170009, R=0, W=0
T=135949, R=0, W=0
T=139383, R=0, W=0
T=141675, R=0, W=0
T=166210, R=0, W=0
T=180138, R=0, W=0
T=171412, R=0, W=0
T=127191, R=0, W=0
T=135351, R=0, W=0
T=192287, R=0, W=0
T=188265, R=0, W=0
T=166985, R=0, W=0
T=141530, R=0, W=0
T=160065, R=0, W=0
T=155796, R=0, W=0
T=165224, R=0, W=0
T=162824, R=0, W=0
T=129113, R=0, W=0
T=184613, R=0, W=0
T=153410, R=0, W=0
T=150678, R=0, W=0
T=207695, R=0, W=0
T=141937, R=0, W=0
T=120296, R=0, W=0
T=156803, R=0, W=0
T=149502, R=0, W=0
T=147010, R=0, W=0
T=133137, R=0, W=0
T=172140, R=0, W=0
T=135777, R=0, W=0
T=136556, R=0, W=0
T=132814, R=0, W=0
T=136285, R=0, W=0
T=190237, R=0, W=0
T=159885, R=0, W=0
T=151876, R=0, W=0
T=171254, R=0, W=0
T=184825, R=0, W=0
T=139063, R=0, W=0
T=104591, R=0, W=0
T=155964, R=0, W=0
T=146849, R=0, W=0
T=178414, R=0, W=0
T=119530, R=0, W=0
T=144667, R=0, W=0
T=167393, R=0, W=0
T=148884, R=0, W=0
T=150300, R=0, W=0
T=160310, R=0, W=0
T=189536, R=0, W=0
T=162180, R=0, W=0
T=151417, R=0, W=0
T=209425, R=0, W=0
T=159542, R=0, W=0
T=105881, R=0, W=0
T=151201, R=0, W=0
T=142926, R=0, W=0
T=172635, R=0, W=0
T=173669, R=0, W=0
T=149911, R=0, W=0
T=164594, R=0, W=0
T=151459, R=0, W=0
T=151390, R=0, W=0
T=140181, R=0, W=0
T=130400, R=0, W=0
T=159179, R=0, W=0
T=156699, R=0, W=0
T=127941, R=0, W=0
T=161402, R=0, W=0
T=136214, R=0, W=0
T=136492, R=0, W=0
T=173556, R=0, W=0
T=169285, R=0, W=0
T=144759, R=0, W=0
T=121570, R=0, W=0
T=154667, R=0, W=0
T=183052, R=0, W=0
T=149030, R=0, W=0
T=96437, R=0, W=0
T=158403, R=0, W=0
T=185708, R=0, W=0
T=152661, R=0, W=0
T=136364, R=0, W=0
T=178018, R=0, W=0
T=166097, R=0, W=0
T=148399, R=0, W=0
T=165375, R=0, W=0
T=167531, R=0, W=0
T=143434, R=0, W=0
T=138497, R=0, W=0
T=163424, R=0, W=0
T=129058, R=0, W=0
T=136352, R=0, W=0
T=162442, R=0, W=0
T=120176, R=0, W=0
T=174095, R=0, W=0
T=153678, R=0, W=0
T=142671, R=0, W=0
T=156245, R=0, W=0
T=175860, R=0, W=0
T=156038, R=0, W=0
T=191496, R=0, W=0
T=178048, R=0, W=0
T=114498, R=0, W=0
T=175702, R=0, W=0
T=136741, R=0, W=0
T=108501, R=0, W=0
T=171336, R=0, W=0
T=148459, R=0, W=0
T=155470, R=0, W=0
T=114721, R=0, W=0
T=117162, R=0, W=0
T=120906, R=0, W=0
T=195249, R=0, W=0
T=140684, R=0, W=0
T=173648, R=0, W=0
T=141769, R=0, W=0
T=122530, R=0, W=0
T=161407, R=0, W=0
T=132945, R=0, W=0
T=173952, R=0, W=0
T=190670, R=0, W=0
T=175058, R=0, W=0
T=141726, R=0, W=0
T=164003, R=0, W=0
T=143588, R=0, W=0
T=132527, R=0, W=0
T=148920, R=0, W=0
T=177195, R=0, W=0
T=167979, R=0, W=0
T=173513, R=0, W=0
T=133218, R=0, W=0
T=174916, R=0, W=0
T=159516, R=0, W=0
T=172285, R=0, W=0
T=154661, R=0, W=0
T=151717, R=0, W=0
T=133863, R=0, W=0
T=228806, R=0, W=0
T=168126, R=0, W=0
T=149980, R=0, W=0
T=156611, R=0, W=0
T=162820, R=0, W=0
T=118648, R=0, W=0
T=159854, R=0, W=0
T=166838, R=0, W=0
T=158102, R=0, W=0
T=165172, R=0, W=0
T=124762, R=0, W=0
T=163690, R=0, W=0
T=193430, R=0, W=0
T=108030, R=0, W=0
T=142211, R=0, W=0
T=195416, R=0, W=0
T=136545, R=0, W=0
T=204195, R=0, W=0
T=177341, R=0, W=0
T=171498, R=0, W=0
T=143581, R=0, W=0
T=166214, R=0, W=0
T=153532, R=0, W=0
T=186355, R=0, W=0
T=173764, R=0, W=0
T=132425, R=0, W=0
T=132993, R=0, W=0
T=159583, R=0, W=0
T=164214, R=0, W=0
T=144908, R=0, W=0
T=142144, R=0, W=0
T=109303, R=0, W=0
T=131733, R=0, W=0
T=131285, R=0, W=0
T=171659, R=0, W=0
T=160209, R=0, W=0
T=132728, R=0, W=0
T=174334, R=0, W=0
T=106686, R=0, W=0
T=153062, R=0, W=0
T=125996, R=0, W=0
T=194769, R=0, W=0
T=126935, R=0, W=0
T=152946, R=0, W=0
T=154107, R=0, W=0
T=142549, R=0, W=0
T=149368, R=0, W=0
T=155962, R=0, W=0
T=164000, R=0, W=0
T=143892, R=0, W=0
T=116182, R=0, W=0
T=165207, R=0, W=0
T=180291, R=0, W=0
T=143861, R=0, W=0
T=149222, R=0, W=0
T=80980, R=0, W=0
T=141042, R=0, W=0
T=120375, R=0, W=0
T=109359, R=0, W=0

TOTAL: T=39325378, R=0, W=0
--- 22,798 MB collected in 0.098 secs (0.7% of total), longest GC took 0.012 secs
DATA gc:  total_k 23345282  total_secs 0.09754  max_secs 0.012319
