startup =       4000
elapsed =       10000
threads =       256
accounts =      256
init =          1000000
maxAmount =     10
readFreq =      0
writeFreq =     0
readThreads =   0
writeThreads =  0
disjointTrans = false
yieldALot =     false
flavour =       t

warming up
timed execution

TOTAL=2.5600008E8 [ 998545.0 1003876.0 1001570.0 1001636.0 993749.0 996438.0 1001861.0 999702.0 1004550.0 1000581.0 998505.0 1002255.0 1001448.0 994751.0 1004282.0 997913.0 1001867.0 995683.0 999607.0 1000145.0 1002610.0 1004628.0 996955.0 997688.0 1002013.0 997012.0 999745.0 1001569.0 1004324.0 1000160.0 998475.0 996211.0 1002624.0 998425.0 1000100.0 999815.0 1001009.0 1004400.0 1007165.0 999353.0 1000443.0 1002166.0 999751.0 1001660.0 1001638.0 999860.0 999828.0 1002327.0 1001303.0 994570.0 996280.0 1005030.0 996286.0 998872.0 994945.0 995317.0 999868.0 999250.0 1002803.0 1003142.0 998487.0 1004697.0 993457.0 1000918.0 998447.0 993320.0 1002747.0 997635.0 1004451.0 999547.0 1001485.0 997578.0 998762.0 1003304.0 998558.0 999718.0 1003145.0 999719.0 1000591.0 995918.0 998334.0 997953.0 1002673.0 1002372.0 997203.0 1002400.0 1003376.0 1002362.0 1004998.0 1000219.0 994521.0 1000372.0 1005746.0 995784.0 1001623.0 1004849.0 1002593.0 998416.0 995248.0 1000763.0 998748.0 998726.0 998727.0 1002498.0 998539.0 1001287.0 994994.0 1003683.0 999967.0 999968.0 1002139.0 999618.0 1001461.0 1001522.0 1000570.0 1000002.0 1004783.0 997589.0 998282.0 994674.0 995543.0 998997.0 1002136.0 1001004.0 999636.0 999761.0 1001915.0 1001502.0 1003973.0 994983.0 992340.0 1006237.0 995053.0 999879.0 996821.0 1002032.0 1007513.0 996196.0 999403.0 1000990.0 1002391.0 1004254.0 1000694.0 1000103.0 997467.0 1001773.0 998620.0 999946.0 1000064.0 1004556.0 1005328.0 998382.0 995595.0 1001420.0 997918.0 996945.0 993110.0 1004085.0 999181.0 999049.0 1008189.0 999428.0 994512.0 1004669.0 994152.0 1004090.0 992985.0 1001384.0 998651.0 998842.0 997509.0 1004572.0 996544.0 1000580.0 996747.0 1002681.0 1004715.0 999748.0 993898.0 996716.0 1005252.0 1000190.0 1005881.0 1007394.0 1000165.0 999281.0 998377.0 1000797.0 1002965.0 1000480.0 1000383.0 999957.0 998365.0 1000405.0 996680.0 995146.0 996216.0 998415.0 998918.0 1000889.0 1001968.0 1000659.0 1002819.0 1000189.0 1006832.0 1002340.0 1001006.0 1000672.0 1003927.0 998697.0 1003296.0 994746.0 994336.0 997443.0 999723.0 1002187.0 1002512.0 1002427.0 1000377.0 998323.0 997557.0 995135.0 1003131.0 997961.0 1001400.0 997690.0 1002932.0 993509.0 1002107.0 998431.0 998166.0 996624.0 1003036.0 995671.0 994875.0 999618.0 997665.0 994568.0 1005463.0 999280.0 996439.0 996793.0 1000334.0 1005242.0 1004148.0 1002913.0 1000444.0 1002988.0 999901.0 998763.0 997958.0 1001260.0 1001451.0 1001046.0 1004154.0 992655.0 ]

10016 actual elapsed

T=126383, R=0, W=0
T=109779, R=0, W=0
T=237279, R=0, W=0
T=154473, R=0, W=0
T=144718, R=0, W=0
T=136435, R=0, W=0
T=93732, R=0, W=0
T=230141, R=0, W=0
T=150894, R=0, W=0
T=108484, R=0, W=0
T=224656, R=0, W=0
T=118724, R=0, W=0
T=84620, R=0, W=0
T=170592, R=0, W=0
T=103996, R=0, W=0
T=159273, R=0, W=0
T=156278, R=0, W=0
T=152891, R=0, W=0
T=157853, R=0, W=0
T=100273, R=0, W=0
T=96722, R=0, W=0
T=156694, R=0, W=0
T=120526, R=0, W=0
T=109850, R=0, W=0
T=248399, R=0, W=0
T=174117, R=0, W=0
T=130883, R=0, W=0
T=107488, R=0, W=0
T=122060, R=0, W=0
T=120229, R=0, W=0
T=148927, R=0, W=0
T=67355, R=0, W=0
T=206981, R=0, W=0
T=195332, R=0, W=0
T=149194, R=0, W=0
T=97000, R=0, W=0
T=243000, R=0, W=0
T=160437, R=0, W=0
T=124433, R=0, W=0
T=209952, R=0, W=0
T=143687, R=0, W=0
T=125790, R=0, W=0
T=125167, R=0, W=0
T=195946, R=0, W=0
T=116363, R=0, W=0
T=98213, R=0, W=0
T=198456, R=0, W=0
T=78243, R=0, W=0
T=248752, R=0, W=0
T=133050, R=0, W=0
T=98275, R=0, W=0
T=106836, R=0, W=0
T=145215, R=0, W=0
T=136187, R=0, W=0
T=119920, R=0, W=0
T=100000, R=0, W=0
T=67001, R=0, W=0
T=107444, R=0, W=0
T=141493, R=0, W=0
T=175209, R=0, W=0
T=155973, R=0, W=0
T=128071, R=0, W=0
T=153717, R=0, W=0
T=151546, R=0, W=0
T=171177, R=0, W=0
T=143234, R=0, W=0
T=139018, R=0, W=0
T=112486, R=0, W=0
T=104723, R=0, W=0
T=131307, R=0, W=0
T=143988, R=0, W=0
T=131294, R=0, W=0
T=162735, R=0, W=0
T=139681, R=0, W=0
T=184438, R=0, W=0
T=149268, R=0, W=0
T=159299, R=0, W=0
T=96601, R=0, W=0
T=149181, R=0, W=0
T=178597, R=0, W=0
T=114909, R=0, W=0
T=149249, R=0, W=0
T=105057, R=0, W=0
T=143988, R=0, W=0
T=137173, R=0, W=0
T=153254, R=0, W=0
T=151792, R=0, W=0
T=142797, R=0, W=0
T=151234, R=0, W=0
T=175847, R=0, W=0
T=190106, R=0, W=0
T=152845, R=0, W=0
T=91669, R=0, W=0
T=199505, R=0, W=0
T=166041, R=0, W=0
T=142198, R=0, W=0
T=111392, R=0, W=0
T=186258, R=0, W=0
T=124816, R=0, W=0
T=225535, R=0, W=0
T=146353, R=0, W=0
T=103835, R=0, W=0
T=123592, R=0, W=0
T=120829, R=0, W=0
T=159407, R=0, W=0
T=205562, R=0, W=0
T=114491, R=0, W=0
T=111085, R=0, W=0
T=103411, R=0, W=0
T=135919, R=0, W=0
T=137450, R=0, W=0
T=183229, R=0, W=0
T=128389, R=0, W=0
T=102459, R=0, W=0
T=141292, R=0, W=0
T=161180, R=0, W=0
T=167907, R=0, W=0
T=167827, R=0, W=0
T=174917, R=0, W=0
T=172240, R=0, W=0
T=175427, R=0, W=0
T=137698, R=0, W=0
T=121550, R=0, W=0
T=135233, R=0, W=0
T=175992, R=0, W=0
T=137546, R=0, W=0
T=149213, R=0, W=0
T=170267, R=0, W=0
T=134185, R=0, W=0
T=94565, R=0, W=0
T=109245, R=0, W=0
T=125928, R=0, W=0
T=101001, R=0, W=0
T=165065, R=0, W=0
T=128691, R=0, W=0
T=166543, R=0, W=0
T=141229, R=0, W=0
T=102431, R=0, W=0
T=135533, R=0, W=0
T=248607, R=0, W=0
T=245014, R=0, W=0
T=230570, R=0, W=0
T=151173, R=0, W=0
T=79568, R=0, W=0
T=119611, R=0, W=0
T=172109, R=0, W=0
T=150837, R=0, W=0
T=117110, R=0, W=0
T=119472, R=0, W=0
T=112802, R=0, W=0
T=117062, R=0, W=0
T=106820, R=0, W=0
T=139670, R=0, W=0
T=132374, R=0, W=0
T=124068, R=0, W=0
T=141083, R=0, W=0
T=144023, R=0, W=0
T=132671, R=0, W=0
T=164462, R=0, W=0
T=125119, R=0, W=0
T=147167, R=0, W=0
T=196096, R=0, W=0
T=124506, R=0, W=0
T=231628, R=0, W=0
T=110214, R=0, W=0
T=160816, R=0, W=0
T=104227, R=0, W=0
T=114336, R=0, W=0
T=136539, R=0, W=0
T=102059, R=0, W=0
T=98804, R=0, W=0
T=127929, R=0, W=0
T=218940, R=0, W=0
T=166212, R=0, W=0
T=192986, R=0, W=0
T=143232, R=0, W=0
T=132730, R=0, W=0
T=109294, R=0, W=0
T=136422, R=0, W=0
T=117007, R=0, W=0
T=121921, R=0, W=0
T=179990, R=0, W=0
T=124266, R=0, W=0
T=129010, R=0, W=0
T=119919, R=0, W=0
T=148596, R=0, W=0
T=156431, R=0, W=0
T=134934, R=0, W=0
T=129409, R=0, W=0
T=190707, R=0, W=0
T=200892, R=0, W=0
T=124997, R=0, W=0
T=86080, R=0, W=0
T=145769, R=0, W=0
T=134714, R=0, W=0
T=134137, R=0, W=0
T=88044, R=0, W=0
T=160799, R=0, W=0
T=177250, R=0, W=0
T=186460, R=0, W=0
T=104044, R=0, W=0
T=187065, R=0, W=0
T=165602, R=0, W=0
T=182150, R=0, W=0
T=91629, R=0, W=0
T=183930, R=0, W=0
T=135902, R=0, W=0
T=112750, R=0, W=0
T=141967, R=0, W=0
T=199911, R=0, W=0
T=109049, R=0, W=0
T=134544, R=0, W=0
T=155566, R=0, W=0
T=119293, R=0, W=0
T=152010, R=0, W=0
T=148501, R=0, W=0
T=168894, R=0, W=0
T=156863, R=0, W=0
T=109717, R=0, W=0
T=147778, R=0, W=0
T=112797, R=0, W=0
T=147966, R=0, W=0
T=221959, R=0, W=0
T=102780, R=0, W=0
T=130417, R=0, W=0
T=131480, R=0, W=0
T=131071, R=0, W=0
T=100135, R=0, W=0
T=123751, R=0, W=0
T=238171, R=0, W=0
T=157768, R=0, W=0
T=121809, R=0, W=0
T=103468, R=0, W=0
T=92323, R=0, W=0
T=154373, R=0, W=0
T=143341, R=0, W=0
T=164554, R=0, W=0
T=130855, R=0, W=0
T=169468, R=0, W=0
T=118228, R=0, W=0
T=205337, R=0, W=0
T=160258, R=0, W=0
T=140685, R=0, W=0
T=154932, R=0, W=0
T=115495, R=0, W=0
T=138081, R=0, W=0
T=125989, R=0, W=0
T=113548, R=0, W=0
T=230627, R=0, W=0
T=129774, R=0, W=0
T=189557, R=0, W=0
T=149865, R=0, W=0
T=107963, R=0, W=0
T=228644, R=0, W=0
T=104756, R=0, W=0
T=125517, R=0, W=0

TOTAL: T=36887616, R=0, W=0
--- 25,432 MB collected in 0.127 secs (0.9% of total), longest GC took 0.017 secs
DATA gc:  total_k 26043097  total_secs 0.126864  max_secs 0.016699
