startup =       20000
elapsed =       10000
threads =       128
accounts =      128
init =          1000000
maxAmount =     10
readFreq =      0
writeFreq =     0
readThreads =   0
writeThreads =  0
disjointTrans = false
yieldALot =     false
flavour =       t

warming up
timed execution

TOTAL=1.27999992E8 [ 1004489.0 1008572.0 990450.0 998637.0 981823.0 1001720.0 1011172.0 1008828.0 999670.0 997947.0 999513.0 1000965.0 990304.0 982823.0 1022416.0 1017078.0 1019289.0 1012682.0 998803.0 996800.0 1014739.0 999894.0 986595.0 1009590.0 991343.0 989328.0 994909.0 1005639.0 1004041.0 993179.0 1018677.0 991264.0 1011086.0 1011817.0 1010787.0 999116.0 988435.0 999684.0 980634.0 995451.0 1001974.0 992360.0 994055.0 1005537.0 997246.0 988844.0 985686.0 998875.0 1014273.0 986225.0 994493.0 994897.0 995976.0 982050.0 998848.0 1001286.0 995508.0 1005912.0 1001572.0 1003402.0 997840.0 989156.0 1011375.0 1005278.0 1011991.0 1003660.0 992634.0 998095.0 1003114.0 989623.0 1007404.0 1003296.0 1003140.0 998344.0 1001927.0 985648.0 979672.0 1001641.0 995211.0 982845.0 1008565.0 992064.0 1007343.0 989049.0 990477.0 1007928.0 993798.0 1008365.0 992240.0 1005689.0 995214.0 999796.0 1008295.0 1002593.0 1005559.0 993381.0 985151.0 1015027.0 994217.0 999724.0 1003060.0 1026085.0 1002399.0 1007466.0 1008074.0 1001894.0 1009467.0 1008282.0 994211.0 992804.0 1007049.0 997035.0 993161.0 1007076.0 1000481.0 998677.0 997766.0 989622.0 1006223.0 994975.0 1004171.0 987524.0 999109.0 1009371.0 1017166.0 998913.0 998466.0 1003896.0 ]

10002 actual elapsed

T=480461, R=0, W=0
T=456575, R=0, W=0
T=481973, R=0, W=0
T=458804, R=0, W=0
T=439098, R=0, W=0
T=486317, R=0, W=0
T=483455, R=0, W=0
T=488666, R=0, W=0
T=481771, R=0, W=0
T=493816, R=0, W=0
T=493988, R=0, W=0
T=459863, R=0, W=0
T=533972, R=0, W=0
T=425100, R=0, W=0
T=436781, R=0, W=0
T=415050, R=0, W=0
T=441055, R=0, W=0
T=513702, R=0, W=0
T=500913, R=0, W=0
T=499428, R=0, W=0
T=461866, R=0, W=0
T=457900, R=0, W=0
T=405554, R=0, W=0
T=456145, R=0, W=0
T=438933, R=0, W=0
T=456883, R=0, W=0
T=499191, R=0, W=0
T=452173, R=0, W=0
T=356231, R=0, W=0
T=429589, R=0, W=0
T=463815, R=0, W=0
T=480308, R=0, W=0
T=476810, R=0, W=0
T=467436, R=0, W=0
T=405115, R=0, W=0
T=466253, R=0, W=0
T=490977, R=0, W=0
T=461484, R=0, W=0
T=434287, R=0, W=0
T=449504, R=0, W=0
T=494093, R=0, W=0
T=410118, R=0, W=0
T=486696, R=0, W=0
T=428048, R=0, W=0
T=468760, R=0, W=0
T=470438, R=0, W=0
T=446324, R=0, W=0
T=452899, R=0, W=0
T=431758, R=0, W=0
T=451051, R=0, W=0
T=503292, R=0, W=0
T=438565, R=0, W=0
T=441047, R=0, W=0
T=449069, R=0, W=0
T=464466, R=0, W=0
T=474934, R=0, W=0
T=316505, R=0, W=0
T=435243, R=0, W=0
T=447963, R=0, W=0
T=478623, R=0, W=0
T=493395, R=0, W=0
T=495770, R=0, W=0
T=436232, R=0, W=0
T=480982, R=0, W=0
T=446811, R=0, W=0
T=459702, R=0, W=0
T=399371, R=0, W=0
T=463927, R=0, W=0
T=420922, R=0, W=0
T=446277, R=0, W=0
T=470898, R=0, W=0
T=431687, R=0, W=0
T=447988, R=0, W=0
T=461381, R=0, W=0
T=434851, R=0, W=0
T=408871, R=0, W=0
T=436964, R=0, W=0
T=490266, R=0, W=0
T=489455, R=0, W=0
T=495569, R=0, W=0
T=466069, R=0, W=0
T=425479, R=0, W=0
T=504924, R=0, W=0
T=410048, R=0, W=0
T=486624, R=0, W=0
T=476938, R=0, W=0
T=465568, R=0, W=0
T=461303, R=0, W=0
T=424223, R=0, W=0
T=455263, R=0, W=0
T=429427, R=0, W=0
T=423177, R=0, W=0
T=472220, R=0, W=0
T=422139, R=0, W=0
T=455877, R=0, W=0
T=472711, R=0, W=0
T=450080, R=0, W=0
T=450031, R=0, W=0
T=451712, R=0, W=0
T=547469, R=0, W=0
T=450757, R=0, W=0
T=484970, R=0, W=0
T=421011, R=0, W=0
T=462596, R=0, W=0
T=478168, R=0, W=0
T=476338, R=0, W=0
T=425794, R=0, W=0
T=460021, R=0, W=0
T=482662, R=0, W=0
T=463456, R=0, W=0
T=470410, R=0, W=0
T=522631, R=0, W=0
T=473542, R=0, W=0
T=461407, R=0, W=0
T=471641, R=0, W=0
T=451722, R=0, W=0
T=497634, R=0, W=0
T=480195, R=0, W=0
T=457523, R=0, W=0
T=440828, R=0, W=0
T=455999, R=0, W=0
T=421257, R=0, W=0
T=450365, R=0, W=0
T=444008, R=0, W=0
T=490502, R=0, W=0
T=479533, R=0, W=0
T=498227, R=0, W=0
T=484841, R=0, W=0

TOTAL: T=58791773, R=0, W=0
--- 106,776 MB collected in 0.256 secs (0.8% of total), longest GC took 0.008 secs
DATA gc:  total_k 109338900  total_secs 0.255767  max_secs 0.008397
