startup =       20000
elapsed =       10000
threads =       4
accounts =      256
init =          1000000
maxAmount =     10
readFreq =      0
writeFreq =     0
readThreads =   0
writeThreads =  0
disjointTrans = false
yieldALot =     false
flavour =       d

warming up
timed execution

TOTAL=2.55999968E8 [ 1005573.0 993706.0 1001470.0 1005443.0 1005089.0 1003379.0 994545.0 998542.0 1005883.0 1001171.0 993632.0 999210.0 1004054.0 1002832.0 1011153.0 1007795.0 1006605.0 1004491.0 1001602.0 1007831.0 1005847.0 994763.0 1004903.0 994608.0 1003513.0 1009223.0 995248.0 999707.0 1003614.0 999859.0 999608.0 1003603.0 1004462.0 992970.0 1003097.0 1001786.0 1002446.0 1001823.0 1000402.0 999016.0 1000483.0 1002819.0 996034.0 1004048.0 999721.0 998483.0 991757.0 998902.0 996202.0 1000047.0 993025.0 996896.0 1002175.0 999349.0 995293.0 1005563.0 1003189.0 1000182.0 1001923.0 986501.0 991719.0 1000281.0 992259.0 998581.0 999048.0 1005688.0 998805.0 1000971.0 990385.0 1003920.0 994990.0 991324.0 996353.0 999530.0 998727.0 997292.0 991280.0 996206.0 1002290.0 992655.0 996242.0 998334.0 1006647.0 995432.0 998990.0 1000178.0 1008178.0 1005301.0 1001308.0 1003720.0 995426.0 992302.0 990743.0 997168.0 1008207.0 1006194.0 1010114.0 998077.0 1001533.0 995567.0 995336.0 1004870.0 996396.0 992544.0 1002269.0 998373.0 995635.0 996652.0 1005009.0 994395.0 1002450.0 994578.0 1004290.0 989540.0 997963.0 998839.0 994866.0 1002378.0 991773.0 1002141.0 1003177.0 1003281.0 1003852.0 1004199.0 998094.0 992351.0 996272.0 1001562.0 988682.0 1005750.0 997092.0 1001147.0 998512.0 1004719.0 995371.0 997415.0 997670.0 1000797.0 1009067.0 1001812.0 1004195.0 1003897.0 1006184.0 993494.0 1001095.0 999753.0 1013101.0 1015630.0 1009253.0 1001336.0 999853.0 1008526.0 998425.0 1005192.0 997839.0 1006086.0 1007371.0 1013296.0 998635.0 999156.0 996445.0 994995.0 1004071.0 994867.0 1007054.0 1006529.0 994593.0 1007522.0 1002658.0 998005.0 994407.0 996125.0 989802.0 993705.0 994466.0 1005740.0 997365.0 1002033.0 1007710.0 993351.0 1001842.0 1002726.0 995643.0 999610.0 994420.0 1001246.0 999236.0 1003077.0 990551.0 997948.0 1005693.0 987853.0 1001091.0 1000256.0 995349.0 1003051.0 997837.0 1003319.0 989662.0 1007062.0 1001742.0 999973.0 1002403.0 996338.0 1019002.0 1009372.0 991705.0 993089.0 995081.0 1010212.0 990321.0 1009636.0 992079.0 987446.0 1006935.0 990566.0 1009140.0 999483.0 996198.0 1000668.0 1000221.0 993744.0 998426.0 996089.0 1003894.0 991946.0 1006120.0 995206.0 1005620.0 1007213.0 1001849.0 1004217.0 1010298.0 1008219.0 992134.0 1005927.0 1003726.0 1012194.0 990359.0 998522.0 991649.0 988930.0 1002949.0 997517.0 998626.0 1000989.0 1003636.0 997813.0 995207.0 998944.0 997892.0 996793.0 1000844.0 996035.0 996493.0 1006958.0 ]

10001 actual elapsed

T=9263777, R=0, W=0
T=8872740, R=0, W=0
T=10481855, R=0, W=0
T=10708177, R=0, W=0

TOTAL: T=39326549, R=0, W=0
--- 57,667 MB collected in 0.088 secs (0.3% of total), longest GC took 0.003 secs
DATA gc:  total_k 59051175  total_secs 0.087558  max_secs 0.002723
