startup =       20000
elapsed =       10000
threads =       8
accounts =      512
init =          1000000
maxAmount =     10
readFreq =      0
writeFreq =     0
readThreads =   0
writeThreads =  0
disjointTrans = false
yieldALot =     false
flavour =       t

warming up
timed execution

TOTAL=5.11999936E8 [ 1003831.0 996233.0 1002055.0 996474.0 1000049.0 996883.0 998786.0 997698.0 1008822.0 1012339.0 991203.0 998614.0 1003116.0 1000732.0 1000370.0 1002200.0 1005348.0 988485.0 999302.0 997587.0 1005810.0 1014031.0 1002250.0 998242.0 999422.0 1007952.0 988720.0 1001060.0 997796.0 1005003.0 1008167.0 1004854.0 992822.0 992465.0 1004524.0 997845.0 992717.0 1002228.0 1004014.0 990387.0 999155.0 999299.0 1002581.0 992062.0 992445.0 999578.0 1003681.0 1003346.0 999373.0 1002661.0 994207.0 997915.0 994643.0 998502.0 995268.0 998634.0 1005150.0 1000751.0 1001486.0 1004774.0 997808.0 992228.0 1007076.0 1005374.0 1001372.0 994295.0 995609.0 989367.0 1004920.0 998794.0 991535.0 995968.0 1000604.0 1003268.0 1000385.0 997350.0 998480.0 1001041.0 999437.0 1009722.0 1003963.0 1002289.0 999878.0 994049.0 1001465.0 1003359.0 1003128.0 999270.0 995271.0 994608.0 994450.0 1003000.0 998897.0 1000784.0 1001105.0 1001624.0 992177.0 1005701.0 994998.0 998429.0 993771.0 1000540.0 996375.0 1000479.0 1004483.0 999695.0 1003469.0 995370.0 1010421.0 1004614.0 1007689.0 1001456.0 999033.0 1001007.0 1008323.0 1000916.0 1003645.0 1010594.0 997848.0 998604.0 999964.0 995614.0 1003091.0 997853.0 996371.0 1001487.0 1003251.0 998561.0 1004517.0 1002602.0 1005154.0 1004416.0 1001954.0 995525.0 996948.0 1004942.0 1007093.0 1000773.0 1007009.0 999831.0 1000447.0 1000226.0 1000629.0 998556.0 998653.0 999570.0 1002624.0 1003757.0 1004141.0 1000520.0 990176.0 1000136.0 1000242.0 1008327.0 999720.0 1005370.0 1003859.0 1003219.0 987390.0 996589.0 1002646.0 994968.0 999456.0 998864.0 997122.0 1003580.0 992747.0 1000905.0 1003526.0 990634.0 988102.0 999583.0 999498.0 997779.0 1000097.0 1004840.0 995264.0 999987.0 998844.0 1006350.0 995258.0 1000099.0 993169.0 1005445.0 994551.0 1000238.0 997752.0 994683.0 996958.0 993856.0 1004726.0 1005692.0 991757.0 993411.0 1000902.0 998277.0 1008637.0 997360.0 1004924.0 993431.0 998949.0 1003244.0 1006211.0 1010701.0 998628.0 1002460.0 1001059.0 991008.0 1007139.0 1002411.0 997594.0 1008016.0 1005170.0 1001931.0 996823.0 993875.0 991486.0 1001811.0 1002185.0 1006401.0 1019405.0 992844.0 998752.0 1002234.0 996594.0 990733.0 990940.0 995435.0 1002457.0 1004955.0 991290.0 992271.0 1003136.0 990714.0 1002946.0 998375.0 996450.0 993022.0 998038.0 1000352.0 1003439.0 1000413.0 1007141.0 1003478.0 1000574.0 995539.0 1000485.0 997094.0 1006545.0 1000425.0 996930.0 1000496.0 990571.0 999716.0 1001738.0 1000845.0 1005202.0 1000928.0 1001059.0 1000480.0 991195.0 996903.0 992117.0 1009713.0 994197.0 996887.0 1001470.0 1000224.0 1001122.0 993931.0 998186.0 1008475.0 1001548.0 996972.0 1007427.0 998125.0 1004292.0 1001065.0 995729.0 1000190.0 1005844.0 1006053.0 1002803.0 1004200.0 1001250.0 996813.0 998458.0 1008723.0 1001866.0 998778.0 996069.0 997524.0 1003109.0 999858.0 995788.0 997018.0 1005491.0 996333.0 984854.0 1000246.0 996974.0 999712.0 1007454.0 995170.0 1002999.0 998260.0 1004620.0 1013351.0 1004426.0 1000225.0 1003187.0 1001176.0 997709.0 1001717.0 999152.0 1004844.0 1003143.0 1004344.0 993671.0 1001479.0 998191.0 993319.0 1000822.0 1003066.0 1000672.0 1001230.0 1004522.0 994769.0 1002290.0 1001267.0 998037.0 1008351.0 997218.0 1004782.0 1003735.0 1001425.0 1001467.0 1000781.0 998574.0 1004036.0 1001106.0 995657.0 1012015.0 1007021.0 1004157.0 1006938.0 994735.0 996130.0 996960.0 997698.0 1003955.0 993483.0 994340.0 998757.0 1003640.0 993947.0 999296.0 1001221.0 999764.0 994546.0 1000522.0 994283.0 1006241.0 992500.0 995377.0 1007950.0 998606.0 996394.0 991740.0 1001993.0 988449.0 995620.0 992134.0 987657.0 995689.0 1002344.0 1001428.0 1004807.0 997941.0 997851.0 991445.0 1003941.0 998471.0 996010.0 1005144.0 991353.0 989598.0 1003140.0 1001494.0 999492.0 1002244.0 994588.0 1002536.0 999737.0 1004307.0 1000053.0 999291.0 998764.0 993958.0 997028.0 999229.0 1009819.0 1001343.0 1006762.0 995013.0 1006877.0 998222.0 999090.0 997979.0 998593.0 1002805.0 1004693.0 1000268.0 1003333.0 991548.0 992048.0 1013667.0 1006709.0 999146.0 1002965.0 996132.0 1005206.0 1012136.0 1001400.0 994646.0 992616.0 1003840.0 992032.0 1009001.0 997912.0 1012019.0 1001072.0 1001997.0 996351.0 997188.0 997651.0 1000824.0 1006971.0 999897.0 1002510.0 1000743.0 1006094.0 1000417.0 1010846.0 997750.0 1006306.0 999281.0 1003389.0 1002227.0 1000170.0 1002658.0 1002439.0 993927.0 994102.0 1001074.0 1003236.0 1003935.0 1000811.0 993654.0 997189.0 995008.0 1003724.0 1007139.0 1005633.0 996861.0 988183.0 1000067.0 1001553.0 1000700.0 1000310.0 993953.0 1000304.0 1002572.0 995176.0 995747.0 1002636.0 998369.0 994762.0 996888.0 991236.0 1007998.0 991865.0 1000913.0 1002375.0 1003356.0 1007155.0 999104.0 1004632.0 995215.0 998214.0 1002979.0 1000353.0 999613.0 998855.0 1003451.0 996506.0 1000936.0 993422.0 1007090.0 1003758.0 998868.0 1001802.0 997311.0 997286.0 994849.0 1000894.0 1000814.0 1001554.0 994460.0 1001881.0 999278.0 1004610.0 ]

10002 actual elapsed

T=7786184, R=0, W=0
T=5784412, R=0, W=0
T=6868995, R=0, W=0
T=5986062, R=0, W=0
T=7501180, R=0, W=0
T=8006560, R=0, W=0
T=7798435, R=0, W=0
T=7073452, R=0, W=0

TOTAL: T=56805280, R=0, W=0
--- 105,247 MB collected in 0.285 secs (0.9% of total), longest GC took 0.003 secs
DATA gc:  total_k 107773530  total_secs 0.285429  max_secs 0.00259
