startup =       20000
elapsed =       10000
threads =       256
accounts =      256
init =          1000000
maxAmount =     10
readFreq =      0
writeFreq =     0
readThreads =   0
writeThreads =  0
disjointTrans = false
yieldALot =     false
flavour =       d

warming up
timed execution

TOTAL=2.56000112E8 [ 998575.0 1003496.0 1001697.0 996656.0 1000644.0 1004538.0 1005412.0 994075.0 993496.0 1001260.0 998159.0 996676.0 996607.0 997108.0 1004626.0 992999.0 994279.0 1002693.0 1016529.0 1000246.0 994559.0 988025.0 998578.0 992069.0 1000659.0 999779.0 1002957.0 1002637.0 1002886.0 995487.0 999039.0 994304.0 994359.0 991535.0 1000604.0 1004891.0 999705.0 1008764.0 999561.0 999934.0 999267.0 988709.0 1002820.0 1001094.0 1002384.0 1009330.0 1000788.0 1001744.0 1008340.0 1003578.0 997260.0 1000258.0 1001739.0 998704.0 1011493.0 998570.0 984817.0 994886.0 1002406.0 1004512.0 1010637.0 997105.0 994746.0 997637.0 1006102.0 1005133.0 1004743.0 1002903.0 1003557.0 996410.0 1009310.0 1001739.0 1000877.0 1004848.0 997864.0 991717.0 999326.0 1007724.0 995887.0 996432.0 1007577.0 1000465.0 1000469.0 996931.0 991168.0 1000662.0 1003735.0 1002234.0 1010937.0 992194.0 1002145.0 1001146.0 995358.0 1008760.0 998019.0 1002097.0 1003473.0 998921.0 1008671.0 992899.0 1011867.0 1003078.0 1007707.0 998286.0 1000094.0 1008093.0 1002133.0 1004297.0 1000228.0 984708.0 1000938.0 994243.0 1001291.0 1005187.0 999933.0 999552.0 1006925.0 996314.0 1002653.0 997035.0 994937.0 996874.0 1006773.0 1005874.0 995428.0 998452.0 995393.0 991704.0 1001303.0 998469.0 989901.0 1008296.0 1000879.0 996655.0 998587.0 998070.0 1000740.0 997970.0 1004358.0 1000802.0 1000980.0 991415.0 998223.0 999918.0 1000780.0 1001082.0 996318.0 1009165.0 1003356.0 1005162.0 1002727.0 998770.0 997604.0 1004426.0 1002186.0 1004092.0 998205.0 999126.0 1000748.0 1000407.0 992782.0 1007710.0 1001340.0 996722.0 997955.0 996204.0 1007049.0 997503.0 994922.0 994165.0 1006476.0 1001898.0 1005013.0 1000826.0 983468.0 992883.0 996024.0 996521.0 998361.0 1001696.0 995373.0 1006051.0 1001282.0 992981.0 998793.0 1000984.0 991509.0 994017.0 997112.0 1003676.0 1006014.0 1006989.0 1001628.0 999768.0 992406.0 1008230.0 1000682.0 1003178.0 994930.0 992792.0 1001121.0 1003087.0 1006651.0 1000926.0 995965.0 991005.0 997858.0 1002731.0 1005073.0 1000594.0 991802.0 999634.0 1004760.0 998371.0 994461.0 999086.0 994088.0 994541.0 1001442.0 1003897.0 1002159.0 1001132.0 1000442.0 1002546.0 1000092.0 999778.0 997460.0 1000816.0 994335.0 1002678.0 1000445.0 1000106.0 1003682.0 1004281.0 992763.0 1001831.0 1003964.0 996953.0 1002264.0 994844.0 1000572.0 996508.0 1001528.0 999874.0 988787.0 1004208.0 1007584.0 994263.0 995667.0 1003316.0 1001371.0 1002569.0 1008192.0 1000678.0 993332.0 1007897.0 ]

10001 actual elapsed

T=301842, R=0, W=0
T=374105, R=0, W=0
T=309410, R=0, W=0
T=137943, R=0, W=0
T=303649, R=0, W=0
T=348670, R=0, W=0
T=250117, R=0, W=0
T=314530, R=0, W=0
T=346041, R=0, W=0
T=262110, R=0, W=0
T=373079, R=0, W=0
T=365823, R=0, W=0
T=378847, R=0, W=0
T=215637, R=0, W=0
T=249430, R=0, W=0
T=362644, R=0, W=0
T=322879, R=0, W=0
T=251043, R=0, W=0
T=293738, R=0, W=0
T=154682, R=0, W=0
T=372453, R=0, W=0
T=374195, R=0, W=0
T=265018, R=0, W=0
T=357754, R=0, W=0
T=287197, R=0, W=0
T=241739, R=0, W=0
T=313487, R=0, W=0
T=344321, R=0, W=0
T=295184, R=0, W=0
T=383425, R=0, W=0
T=198295, R=0, W=0
T=354962, R=0, W=0
T=218549, R=0, W=0
T=287751, R=0, W=0
T=316762, R=0, W=0
T=265030, R=0, W=0
T=111382, R=0, W=0
T=155975, R=0, W=0
T=322112, R=0, W=0
T=354490, R=0, W=0
T=282998, R=0, W=0
T=157242, R=0, W=0
T=292105, R=0, W=0
T=455218, R=0, W=0
T=274822, R=0, W=0
T=175625, R=0, W=0
T=307553, R=0, W=0
T=352653, R=0, W=0
T=444658, R=0, W=0
T=314052, R=0, W=0
T=492869, R=0, W=0
T=310133, R=0, W=0
T=194942, R=0, W=0
T=467117, R=0, W=0
T=223255, R=0, W=0
T=197244, R=0, W=0
T=356165, R=0, W=0
T=395480, R=0, W=0
T=225383, R=0, W=0
T=318159, R=0, W=0
T=280407, R=0, W=0
T=270572, R=0, W=0
T=147531, R=0, W=0
T=333235, R=0, W=0
T=532547, R=0, W=0
T=482741, R=0, W=0
T=359045, R=0, W=0
T=366886, R=0, W=0
T=290823, R=0, W=0
T=400105, R=0, W=0
T=438980, R=0, W=0
T=342216, R=0, W=0
T=209913, R=0, W=0
T=199888, R=0, W=0
T=392720, R=0, W=0
T=321294, R=0, W=0
T=235117, R=0, W=0
T=275424, R=0, W=0
T=279077, R=0, W=0
T=338559, R=0, W=0
T=201561, R=0, W=0
T=333746, R=0, W=0
T=427859, R=0, W=0
T=94583, R=0, W=0
T=389781, R=0, W=0
T=467608, R=0, W=0
T=260812, R=0, W=0
T=430595, R=0, W=0
T=435857, R=0, W=0
T=306284, R=0, W=0
T=325118, R=0, W=0
T=324294, R=0, W=0
T=265873, R=0, W=0
T=239172, R=0, W=0
T=487653, R=0, W=0
T=380342, R=0, W=0
T=338577, R=0, W=0
T=271056, R=0, W=0
T=205817, R=0, W=0
T=278836, R=0, W=0
T=297047, R=0, W=0
T=238587, R=0, W=0
T=399986, R=0, W=0
T=231503, R=0, W=0
T=301486, R=0, W=0
T=296247, R=0, W=0
T=410299, R=0, W=0
T=319705, R=0, W=0
T=285138, R=0, W=0
T=242206, R=0, W=0
T=311642, R=0, W=0
T=424268, R=0, W=0
T=382839, R=0, W=0
T=293725, R=0, W=0
T=312896, R=0, W=0
T=294042, R=0, W=0
T=339346, R=0, W=0
T=385797, R=0, W=0
T=259744, R=0, W=0
T=381983, R=0, W=0
T=503511, R=0, W=0
T=152701, R=0, W=0
T=231851, R=0, W=0
T=399437, R=0, W=0
T=271686, R=0, W=0
T=267190, R=0, W=0
T=333971, R=0, W=0
T=458403, R=0, W=0
T=239527, R=0, W=0
T=230441, R=0, W=0
T=265500, R=0, W=0
T=333965, R=0, W=0
T=360169, R=0, W=0
T=343746, R=0, W=0
T=189660, R=0, W=0
T=185015, R=0, W=0
T=410000, R=0, W=0
T=457450, R=0, W=0
T=302008, R=0, W=0
T=343537, R=0, W=0
T=285629, R=0, W=0
T=340509, R=0, W=0
T=374979, R=0, W=0
T=349487, R=0, W=0
T=327374, R=0, W=0
T=288455, R=0, W=0
T=318045, R=0, W=0
T=441667, R=0, W=0
T=291990, R=0, W=0
T=371128, R=0, W=0
T=238725, R=0, W=0
T=356563, R=0, W=0
T=226681, R=0, W=0
T=305307, R=0, W=0
T=365734, R=0, W=0
T=299585, R=0, W=0
T=357222, R=0, W=0
T=256833, R=0, W=0
T=402025, R=0, W=0
T=302240, R=0, W=0
T=299867, R=0, W=0
T=243300, R=0, W=0
T=186001, R=0, W=0
T=263888, R=0, W=0
T=425602, R=0, W=0
T=260630, R=0, W=0
T=237160, R=0, W=0
T=224866, R=0, W=0
T=262067, R=0, W=0
T=348865, R=0, W=0
T=271170, R=0, W=0
T=239062, R=0, W=0
T=308925, R=0, W=0
T=466044, R=0, W=0
T=350244, R=0, W=0
T=322009, R=0, W=0
T=470124, R=0, W=0
T=478283, R=0, W=0
T=405234, R=0, W=0
T=256542, R=0, W=0
T=447505, R=0, W=0
T=287925, R=0, W=0
T=368491, R=0, W=0
T=354389, R=0, W=0
T=303977, R=0, W=0
T=337212, R=0, W=0
T=384114, R=0, W=0
T=286893, R=0, W=0
T=135497, R=0, W=0
T=298633, R=0, W=0
T=375238, R=0, W=0
T=344508, R=0, W=0
T=381545, R=0, W=0
T=438693, R=0, W=0
T=342596, R=0, W=0
T=357354, R=0, W=0
T=468614, R=0, W=0
T=298502, R=0, W=0
T=352190, R=0, W=0
T=221546, R=0, W=0
T=308373, R=0, W=0
T=418368, R=0, W=0
T=424446, R=0, W=0
T=461433, R=0, W=0
T=316470, R=0, W=0
T=202750, R=0, W=0
T=364344, R=0, W=0
T=118536, R=0, W=0
T=248152, R=0, W=0
T=336004, R=0, W=0
T=407903, R=0, W=0
T=378030, R=0, W=0
T=294227, R=0, W=0
T=292202, R=0, W=0
T=271173, R=0, W=0
T=365660, R=0, W=0
T=491639, R=0, W=0
T=284186, R=0, W=0
T=197944, R=0, W=0
T=236038, R=0, W=0
T=277637, R=0, W=0
T=264054, R=0, W=0
T=276410, R=0, W=0
T=372767, R=0, W=0
T=335249, R=0, W=0
T=225744, R=0, W=0
T=285456, R=0, W=0
T=202908, R=0, W=0
T=196611, R=0, W=0
T=328558, R=0, W=0
T=385815, R=0, W=0
T=380111, R=0, W=0
T=486589, R=0, W=0
T=401856, R=0, W=0
T=331379, R=0, W=0
T=299388, R=0, W=0
T=461567, R=0, W=0
T=330276, R=0, W=0
T=333504, R=0, W=0
T=355049, R=0, W=0
T=449702, R=0, W=0
T=236941, R=0, W=0
T=484955, R=0, W=0
T=241785, R=0, W=0
T=398753, R=0, W=0
T=370326, R=0, W=0
T=240060, R=0, W=0
T=173693, R=0, W=0
T=287175, R=0, W=0
T=276359, R=0, W=0
T=273433, R=0, W=0
T=317449, R=0, W=0
T=240263, R=0, W=0
T=255255, R=0, W=0
T=415973, R=0, W=0
T=324089, R=0, W=0

TOTAL: T=81165231, R=0, W=0
--- 52,734 MB collected in 0.190 secs (0.6% of total), longest GC took 0.017 secs
DATA gc:  total_k 54000521  total_secs 0.18971  max_secs 0.01703
