startup =       4000
elapsed =       10000
threads =       8
accounts =      512
init =          1000000
maxAmount =     10
readFreq =      0
writeFreq =     0
readThreads =   0
writeThreads =  0
disjointTrans = false
yieldALot =     false
flavour =       d

warming up
timed execution

TOTAL=5.12000192E8 [ 1008672.0 999701.0 990461.0 998005.0 1002760.0 996152.0 1006112.0 994682.0 1007066.0 993200.0 991835.0 989516.0 997975.0 998690.0 1001900.0 1001869.0 987425.0 1009600.0 986683.0 996764.0 1009824.0 993600.0 1005387.0 973313.0 993254.0 987506.0 1004962.0 1001883.0 1007764.0 996959.0 1003889.0 999055.0 996262.0 989840.0 1008081.0 994143.0 1007533.0 1011061.0 997314.0 996236.0 995965.0 1009137.0 1000094.0 992984.0 1011569.0 1011041.0 1014533.0 1000582.0 1002416.0 995950.0 1010056.0 995073.0 1008208.0 1017116.0 999176.0 1012965.0 1009667.0 997090.0 992457.0 991181.0 1001772.0 1003340.0 1015106.0 998709.0 987184.0 1005510.0 1011698.0 1007523.0 1006351.0 1000747.0 989936.0 995964.0 993255.0 994468.0 991984.0 1002243.0 1008654.0 1001890.0 1001926.0 984822.0 1012115.0 1003912.0 1010642.0 985797.0 1008731.0 990944.0 995549.0 998234.0 1018737.0 1013966.0 1000473.0 996126.0 1008264.0 997066.0 1001217.0 1011990.0 985013.0 1000635.0 991261.0 996117.0 1008226.0 1012751.0 996311.0 996925.0 997922.0 990914.0 997655.0 1008481.0 993152.0 995996.0 1006028.0 986449.0 1004691.0 991026.0 981389.0 994945.0 1000747.0 1012780.0 992511.0 996985.0 996519.0 1002799.0 997852.0 988006.0 1004585.0 992356.0 1000045.0 1013408.0 1004428.0 1000171.0 994595.0 996996.0 998313.0 991868.0 991939.0 996357.0 996211.0 1001830.0 1000848.0 1012333.0 989030.0 1004607.0 1007334.0 1003355.0 994674.0 1017056.0 1012144.0 995029.0 997053.0 997716.0 1000016.0 988788.0 1005019.0 1013045.0 991436.0 998481.0 1007126.0 996223.0 1002202.0 999362.0 1002107.0 999688.0 997297.0 990494.0 1000785.0 998036.0 1006124.0 1002685.0 989847.0 997879.0 982725.0 996178.0 995150.0 1011358.0 997912.0 999749.0 997259.0 989685.0 976718.0 1006121.0 994727.0 995296.0 1004849.0 1003040.0 1007829.0 1001190.0 1003099.0 992507.0 1007427.0 992991.0 991007.0 1010637.0 1000226.0 995918.0 999819.0 987781.0 986591.0 1003784.0 983589.0 1000596.0 1010203.0 999276.0 998564.0 984519.0 998376.0 995500.0 992281.0 1000165.0 1003296.0 999724.0 994728.0 1001239.0 1003706.0 993207.0 1001219.0 1004167.0 991291.0 990579.0 1002630.0 1005093.0 1005936.0 989756.0 1002251.0 1010276.0 1009329.0 998397.0 1018492.0 1006164.0 993312.0 996383.0 1005966.0 1002589.0 987356.0 998517.0 1005100.0 1002989.0 997351.0 1008247.0 1010050.0 999869.0 1005502.0 1002499.0 988253.0 987145.0 1014458.0 1003168.0 990248.0 997313.0 994134.0 1001435.0 988423.0 1008214.0 1003328.0 996993.0 997445.0 1002956.0 996824.0 998051.0 1007609.0 1004168.0 983334.0 988899.0 996755.0 984194.0 993327.0 989522.0 1006361.0 1008584.0 1002227.0 992403.0 1002972.0 1013395.0 981473.0 998417.0 987773.0 993470.0 999942.0 1002214.0 989094.0 998805.0 998938.0 1002315.0 1005371.0 999002.0 1003899.0 980795.0 993930.0 1002832.0 995187.0 1004337.0 990243.0 1019358.0 1001103.0 997272.0 1000045.0 996556.0 995282.0 982200.0 1004893.0 1012111.0 987513.0 1012348.0 1003162.0 992573.0 1003063.0 1002352.0 1020188.0 997397.0 1002049.0 1021228.0 992594.0 1001462.0 996052.0 1002148.0 1002179.0 1000595.0 993995.0 1000613.0 985069.0 993478.0 1002097.0 1006241.0 1002087.0 997202.0 997163.0 1009748.0 996948.0 1010087.0 999629.0 1001885.0 1010600.0 1001680.0 1001279.0 999689.0 1002121.0 1007733.0 1007547.0 1012821.0 1017938.0 1002886.0 984745.0 993925.0 992075.0 1000412.0 1010709.0 1006279.0 989398.0 997165.0 1003158.0 993449.0 1000311.0 983679.0 1012988.0 1014554.0 1011106.0 1017538.0 1007421.0 998491.0 989137.0 989872.0 992331.0 1004125.0 991956.0 993027.0 1003555.0 1005026.0 1000472.0 1006175.0 1004167.0 1017315.0 994059.0 1005110.0 1004749.0 991927.0 998287.0 988308.0 1007135.0 1008094.0 1000111.0 994643.0 991904.0 998820.0 997897.0 1009321.0 994083.0 998179.0 1002889.0 999868.0 988199.0 1010777.0 1005748.0 994807.0 990295.0 986396.0 1002667.0 1003506.0 996931.0 1001310.0 1008352.0 1002697.0 995624.0 1002587.0 989977.0 1003358.0 1002391.0 1000720.0 1000727.0 1009401.0 991313.0 993985.0 997314.0 1004301.0 996539.0 1005864.0 1000875.0 987484.0 1003774.0 995207.0 998667.0 1013178.0 1021699.0 994258.0 988353.0 990872.0 997617.0 1007511.0 1000670.0 995608.0 999237.0 1004607.0 1001510.0 1001364.0 1001054.0 1001767.0 999029.0 1002931.0 997342.0 997508.0 1001758.0 999334.0 996115.0 997348.0 1007153.0 999513.0 1007137.0 996530.0 998793.0 1013198.0 1004745.0 1004931.0 991650.0 1011557.0 987357.0 997469.0 1013587.0 996388.0 1017977.0 980148.0 1001772.0 1002800.0 1001663.0 988878.0 997815.0 1005472.0 983593.0 1003744.0 1002347.0 991507.0 1004375.0 999414.0 988760.0 1005152.0 995990.0 990796.0 1008935.0 999033.0 1009019.0 998617.0 1002404.0 998996.0 1010299.0 998379.0 1014945.0 987537.0 1017585.0 991836.0 986713.0 1005437.0 1012844.0 1011947.0 994491.0 1000434.0 1004869.0 1010774.0 1009179.0 988268.0 996560.0 1002468.0 1016276.0 1000672.0 993881.0 1000901.0 1006603.0 998569.0 1002341.0 1013476.0 1001942.0 1010569.0 1001014.0 1000993.0 1018338.0 993905.0 ]

10001 actual elapsed

T=5746633, R=0, W=0
T=5767142, R=0, W=0
T=6261839, R=0, W=0
T=6747093, R=0, W=0
T=6049024, R=0, W=0
T=5831460, R=0, W=0
T=5562579, R=0, W=0
T=5946581, R=0, W=0

TOTAL: T=47912351, R=0, W=0
--- 30,905 MB collected in 0.050 secs (0.4% of total), longest GC took 0.003 secs
DATA gc:  total_k 31647561  total_secs 0.050441  max_secs 0.002988
