startup =       4000
elapsed =       10000
threads =       2
accounts =      128
init =          1000000
maxAmount =     10
readFreq =      0
writeFreq =     0
readThreads =   0
writeThreads =  0
disjointTrans = false
yieldALot =     false
flavour =       t

warming up
timed execution

TOTAL=1.28000016E8 [ 995134.0 999613.0 988477.0 1003684.0 988941.0 1003375.0 1005424.0 999365.0 999689.0 993888.0 1003687.0 1001836.0 1003231.0 996486.0 999684.0 1005966.0 1009927.0 1004756.0 1000217.0 991368.0 1012759.0 996714.0 1001328.0 1002213.0 1000562.0 1002356.0 1005616.0 999715.0 998196.0 1005911.0 997196.0 1007136.0 1000507.0 1003036.0 996111.0 1009682.0 997793.0 993812.0 1002664.0 1004114.0 1004328.0 999053.0 990580.0 1005086.0 990675.0 998630.0 992678.0 1003184.0 999348.0 999386.0 1008889.0 1002108.0 999941.0 983672.0 1007011.0 998572.0 1001319.0 1000195.0 995766.0 993520.0 997809.0 996490.0 1010959.0 999761.0 1000516.0 996831.0 992970.0 1007321.0 991076.0 999807.0 995560.0 998624.0 993789.0 999582.0 984704.0 1000684.0 1000475.0 1008624.0 997580.0 995489.0 1016902.0 995844.0 1009268.0 1009888.0 997854.0 992100.0 984592.0 1008081.0 995412.0 1003099.0 988359.0 1007152.0 996947.0 1003141.0 1001710.0 1000660.0 1005912.0 1005599.0 991631.0 992492.0 1003079.0 997071.0 1007622.0 984840.0 1000106.0 1000881.0 995607.0 1002075.0 1011539.0 999877.0 999517.0 995541.0 995426.0 993599.0 1017878.0 1005936.0 992785.0 1000869.0 1003240.0 1006471.0 995000.0 1003806.0 988589.0 1003300.0 999252.0 1001218.0 1009624.0 1003848.0 ]

10001 actual elapsed

T=11892230, R=0, W=0
T=11300951, R=0, W=0

TOTAL: T=23193181, R=0, W=0
--- 18,240 MB collected in 0.044 secs (0.3% of total), longest GC took 0.002 secs
DATA gc:  total_k 18678758  total_secs 0.043733  max_secs 0.00242
