startup =       20000
elapsed =       10000
threads =       64
accounts =      64
init =          1000000
maxAmount =     10
readFreq =      0
writeFreq =     0
readThreads =   0
writeThreads =  0
disjointTrans = false
yieldALot =     false
flavour =       t

warming up
timed execution

TOTAL=6.3999988E7 [ 995035.0 980345.0 991563.0 1000572.0 1000677.0 1004085.0 988249.0 1001748.0 1000429.0 992312.0 1031225.0 991516.0 1014189.0 995445.0 1000842.0 1009089.0 996144.0 1017427.0 995220.0 992234.0 1007373.0 984674.0 985720.0 1007031.0 1008266.0 996856.0 1004278.0 1022461.0 991015.0 1002158.0 979075.0 1010309.0 990350.0 1005966.0 1008431.0 1007535.0 982595.0 993002.0 1002300.0 976388.0 996597.0 1007160.0 1012502.0 994180.0 991662.0 991490.0 1006888.0 999986.0 1009704.0 987749.0 1023310.0 983327.0 998402.0 988988.0 974322.0 1024832.0 1012265.0 1017521.0 996891.0 994360.0 1015844.0 997630.0 996445.0 1013816.0 ]

10001 actual elapsed

T=732041, R=0, W=0
T=715638, R=0, W=0
T=777787, R=0, W=0
T=796592, R=0, W=0
T=723854, R=0, W=0
T=759357, R=0, W=0
T=837881, R=0, W=0
T=718681, R=0, W=0
T=687499, R=0, W=0
T=744810, R=0, W=0
T=790254, R=0, W=0
T=738875, R=0, W=0
T=746009, R=0, W=0
T=731010, R=0, W=0
T=734969, R=0, W=0
T=728791, R=0, W=0
T=662348, R=0, W=0
T=706256, R=0, W=0
T=708692, R=0, W=0
T=684687, R=0, W=0
T=777243, R=0, W=0
T=732742, R=0, W=0
T=712192, R=0, W=0
T=729733, R=0, W=0
T=675835, R=0, W=0
T=695353, R=0, W=0
T=715557, R=0, W=0
T=681328, R=0, W=0
T=704055, R=0, W=0
T=696282, R=0, W=0
T=713807, R=0, W=0
T=691801, R=0, W=0
T=757918, R=0, W=0
T=705566, R=0, W=0
T=718129, R=0, W=0
T=708562, R=0, W=0
T=728730, R=0, W=0
T=715649, R=0, W=0
T=688801, R=0, W=0
T=706217, R=0, W=0
T=708125, R=0, W=0
T=727625, R=0, W=0
T=728939, R=0, W=0
T=697428, R=0, W=0
T=755124, R=0, W=0
T=761214, R=0, W=0
T=706019, R=0, W=0
T=721434, R=0, W=0
T=677576, R=0, W=0
T=751197, R=0, W=0
T=746424, R=0, W=0
T=744760, R=0, W=0
T=748031, R=0, W=0
T=689393, R=0, W=0
T=715839, R=0, W=0
T=736168, R=0, W=0
T=738332, R=0, W=0
T=760273, R=0, W=0
T=711256, R=0, W=0
T=777517, R=0, W=0
T=677800, R=0, W=0
T=825722, R=0, W=0
T=699588, R=0, W=0
T=704394, R=0, W=0

TOTAL: T=46491709, R=0, W=0
--- 89,634 MB collected in 0.273 secs (0.9% of total), longest GC took 0.005 secs
DATA gc:  total_k 91785244  total_secs 0.272763  max_secs 0.004867
