startup =       4000
elapsed =       10000
threads =       128
accounts =      128
init =          1000000
maxAmount =     10
readFreq =      0
writeFreq =     0
readThreads =   0
writeThreads =  0
disjointTrans = false
yieldALot =     false
flavour =       d

warming up
timed execution

TOTAL=1.28000008E8 [ 1017639.0 1007077.0 1043471.0 958428.0 978001.0 980314.0 990235.0 983061.0 1014342.0 1048227.0 1032246.0 1021607.0 995648.0 1044565.0 967332.0 978526.0 1004227.0 1009820.0 984501.0 955630.0 977859.0 1050905.0 1020391.0 1003835.0 1008876.0 977297.0 989130.0 1030364.0 990648.0 1029863.0 972046.0 1000544.0 1007846.0 997800.0 942281.0 977950.0 998129.0 1011232.0 1009763.0 1065050.0 992214.0 1011535.0 1001153.0 947704.0 988693.0 1012609.0 1030808.0 1025339.0 993475.0 960498.0 957793.0 1013993.0 992814.0 1009792.0 1009437.0 1004878.0 1028693.0 1029789.0 1040229.0 1035320.0 1042943.0 977217.0 1011640.0 978087.0 994607.0 953631.0 944485.0 974565.0 1000486.0 972322.0 937355.0 1045652.0 964315.0 998936.0 1003584.0 987958.0 947177.0 993457.0 997976.0 997882.0 985740.0 962085.0 958361.0 996546.0 1010063.0 989830.0 1021277.0 981261.0 1035777.0 1015342.0 979205.0 1016777.0 998266.0 999929.0 994755.0 1038865.0 964252.0 970301.0 960619.0 1044911.0 1006362.0 1046253.0 997624.0 1004996.0 995882.0 971247.0 949912.0 1015933.0 1008647.0 992900.0 998108.0 1030834.0 1041992.0 1024848.0 993536.0 995882.0 1011844.0 995631.0 1030460.0 955273.0 1024218.0 1049507.0 1032767.0 1036782.0 1036900.0 1013337.0 964392.0 962024.0 ]

10002 actual elapsed

T=476783, R=0, W=0
T=430549, R=0, W=0
T=412412, R=0, W=0
T=475056, R=0, W=0
T=474059, R=0, W=0
T=487399, R=0, W=0
T=511156, R=0, W=0
T=438253, R=0, W=0
T=526386, R=0, W=0
T=474220, R=0, W=0
T=437144, R=0, W=0
T=430327, R=0, W=0
T=450261, R=0, W=0
T=513553, R=0, W=0
T=477595, R=0, W=0
T=497937, R=0, W=0
T=425245, R=0, W=0
T=474618, R=0, W=0
T=459499, R=0, W=0
T=446149, R=0, W=0
T=456669, R=0, W=0
T=518818, R=0, W=0
T=465884, R=0, W=0
T=504545, R=0, W=0
T=465587, R=0, W=0
T=506966, R=0, W=0
T=428041, R=0, W=0
T=462026, R=0, W=0
T=404101, R=0, W=0
T=517595, R=0, W=0
T=470249, R=0, W=0
T=446752, R=0, W=0
T=489365, R=0, W=0
T=490311, R=0, W=0
T=442432, R=0, W=0
T=446820, R=0, W=0
T=443164, R=0, W=0
T=494808, R=0, W=0
T=475064, R=0, W=0
T=509537, R=0, W=0
T=424382, R=0, W=0
T=472566, R=0, W=0
T=480450, R=0, W=0
T=453451, R=0, W=0
T=423504, R=0, W=0
T=491120, R=0, W=0
T=476547, R=0, W=0
T=418989, R=0, W=0
T=511140, R=0, W=0
T=497904, R=0, W=0
T=485343, R=0, W=0
T=450021, R=0, W=0
T=480552, R=0, W=0
T=445768, R=0, W=0
T=445184, R=0, W=0
T=457430, R=0, W=0
T=474251, R=0, W=0
T=480644, R=0, W=0
T=500636, R=0, W=0
T=437886, R=0, W=0
T=460344, R=0, W=0
T=422974, R=0, W=0
T=464571, R=0, W=0
T=499398, R=0, W=0
T=494267, R=0, W=0
T=464572, R=0, W=0
T=421304, R=0, W=0
T=482773, R=0, W=0
T=468622, R=0, W=0
T=447936, R=0, W=0
T=459834, R=0, W=0
T=460861, R=0, W=0
T=507455, R=0, W=0
T=411280, R=0, W=0
T=501579, R=0, W=0
T=450804, R=0, W=0
T=442250, R=0, W=0
T=471263, R=0, W=0
T=457591, R=0, W=0
T=482178, R=0, W=0
T=483411, R=0, W=0
T=532267, R=0, W=0
T=463173, R=0, W=0
T=445609, R=0, W=0
T=453196, R=0, W=0
T=481488, R=0, W=0
T=488929, R=0, W=0
T=458883, R=0, W=0
T=494690, R=0, W=0
T=468163, R=0, W=0
T=434168, R=0, W=0
T=575440, R=0, W=0
T=465291, R=0, W=0
T=348901, R=0, W=0
T=477302, R=0, W=0
T=405200, R=0, W=0
T=414606, R=0, W=0
T=461183, R=0, W=0
T=501968, R=0, W=0
T=490983, R=0, W=0
T=484477, R=0, W=0
T=438534, R=0, W=0
T=475721, R=0, W=0
T=458044, R=0, W=0
T=415732, R=0, W=0
T=501480, R=0, W=0
T=505855, R=0, W=0
T=406379, R=0, W=0
T=515957, R=0, W=0
T=449476, R=0, W=0
T=506762, R=0, W=0
T=410715, R=0, W=0
T=430545, R=0, W=0
T=466857, R=0, W=0
T=453143, R=0, W=0
T=395472, R=0, W=0
T=420876, R=0, W=0
T=440197, R=0, W=0
T=491207, R=0, W=0
T=428768, R=0, W=0
T=408786, R=0, W=0
T=503444, R=0, W=0
T=513831, R=0, W=0
T=452321, R=0, W=0
T=426737, R=0, W=0
T=427250, R=0, W=0
T=448474, R=0, W=0
T=236927, R=0, W=0

TOTAL: T=59195777, R=0, W=0
--- 32,197 MB collected in 0.107 secs (0.8% of total), longest GC took 0.008 secs
DATA gc:  total_k 32969986  total_secs 0.107199  max_secs 0.007843
