startup =       20000
elapsed =       10000
threads =       4
accounts =      256
init =          1000000
maxAmount =     10
readFreq =      0
writeFreq =     0
readThreads =   0
writeThreads =  0
disjointTrans = false
yieldALot =     false
flavour =       t

warming up
timed execution

TOTAL=2.55999952E8 [ 990995.0 996698.0 1002899.0 1008694.0 1003526.0 1006463.0 1008717.0 993836.0 1001468.0 997851.0 1008157.0 998752.0 996171.0 999568.0 999335.0 996576.0 1004237.0 994564.0 1005936.0 1007429.0 1003143.0 1000707.0 1000489.0 1010029.0 996044.0 1002433.0 991895.0 992637.0 1006399.0 1007276.0 1001355.0 998182.0 995194.0 1000720.0 1000199.0 998242.0 998822.0 988694.0 999510.0 1003237.0 1007387.0 1001218.0 1009111.0 1001728.0 994577.0 999156.0 1000225.0 1001836.0 1003409.0 993104.0 1003359.0 997389.0 1002520.0 997051.0 991876.0 998305.0 1005392.0 1005434.0 990401.0 1001950.0 1011181.0 1000009.0 995477.0 999367.0 995786.0 997680.0 991383.0 1002114.0 1000346.0 997981.0 1000058.0 993038.0 1001211.0 1011927.0 1004979.0 997155.0 997953.0 999415.0 992680.0 999562.0 1009546.0 1009573.0 1002626.0 1000105.0 1000069.0 1004721.0 990642.0 990867.0 998298.0 1000240.0 1002419.0 1001231.0 986347.0 1004906.0 993926.0 996044.0 1007214.0 995467.0 1002873.0 1006782.0 1003565.0 993024.0 999338.0 1001394.0 1003249.0 989235.0 996737.0 1009283.0 1006878.0 1000933.0 1000466.0 996718.0 1004772.0 990288.0 1002405.0 1002117.0 997308.0 992128.0 995645.0 1005550.0 999647.0 996734.0 997449.0 1000673.0 1009547.0 1000666.0 1002882.0 998654.0 990822.0 993395.0 1002698.0 992971.0 998348.0 1003211.0 995881.0 994561.0 1000067.0 996849.0 999885.0 995088.0 1001273.0 1010363.0 998244.0 1003190.0 1006286.0 1001623.0 994261.0 1003208.0 1000601.0 989154.0 1000846.0 1003999.0 1011028.0 994151.0 1007548.0 992746.0 994446.0 1001249.0 1001472.0 1010506.0 1000029.0 1005578.0 992705.0 998689.0 994656.0 999491.0 994287.0 998940.0 1000817.0 996760.0 1001320.0 995132.0 984808.0 996684.0 1002160.0 995293.0 1002842.0 994890.0 1008268.0 995298.0 999772.0 1003681.0 1003398.0 997398.0 1006541.0 1004092.0 1002088.0 1008984.0 999265.0 995459.0 997504.0 1004642.0 1001825.0 990308.0 997559.0 999871.0 990641.0 998680.0 1010933.0 1002805.0 999490.0 999899.0 993466.0 997079.0 1010201.0 995495.0 994108.0 991256.0 1007847.0 995817.0 996480.0 998003.0 1002851.0 1001571.0 1003157.0 1002603.0 1001622.0 1003748.0 1001274.0 1005351.0 1002730.0 1003499.0 1004363.0 999315.0 1013544.0 996830.0 1001319.0 1009830.0 1001815.0 995814.0 998120.0 999961.0 999770.0 1003846.0 997669.0 1004486.0 1003374.0 1001163.0 1002054.0 999291.0 1005623.0 1006583.0 1006302.0 996168.0 993809.0 1001513.0 992100.0 999040.0 998603.0 998879.0 994684.0 1002393.0 1000323.0 988885.0 994827.0 1003104.0 ]

10002 actual elapsed

T=8385467, R=0, W=0
T=7255274, R=0, W=0
T=8520959, R=0, W=0
T=8248944, R=0, W=0

TOTAL: T=32410644, R=0, W=0
--- 61,126 MB collected in 0.083 secs (0.3% of total), longest GC took 0.002 secs
DATA gc:  total_k 62593447  total_secs 0.08265  max_secs 0.002267
