startup =       4000
elapsed =       10000
threads =       128
accounts =      128
init =          1000000
maxAmount =     10
readFreq =      0
writeFreq =     0
readThreads =   0
writeThreads =  0
disjointTrans = false
yieldALot =     false
flavour =       rfw

warming up
timed execution

TOTAL=1.2800004E8 [ 1002384.0 1010525.0 1031004.0 994996.0 960305.0 1012818.0 1021443.0 944124.0 952830.0 1009466.0 1022461.0 1021760.0 1008386.0 977032.0 1027703.0 975194.0 989885.0 1001148.0 1006963.0 982889.0 1018739.0 1041206.0 1032417.0 1004486.0 998815.0 967134.0 975975.0 964824.0 988032.0 987411.0 978487.0 964412.0 1018181.0 1002345.0 1003285.0 1019312.0 1048271.0 963570.0 1018970.0 1006762.0 988339.0 999409.0 957373.0 997590.0 1011133.0 1025480.0 1028551.0 1046404.0 973746.0 1018708.0 1023298.0 1009129.0 986105.0 1003931.0 966916.0 987982.0 966111.0 1032467.0 1002572.0 1016698.0 1025124.0 971031.0 1043962.0 957057.0 1012710.0 982883.0 1004993.0 1010677.0 960870.0 993990.0 1008895.0 1011003.0 994544.0 991538.0 1009379.0 998373.0 1001013.0 985731.0 965733.0 1004401.0 956041.0 973418.0 1009269.0 993363.0 1051580.0 989711.0 1049857.0 1003259.0 1048255.0 1039006.0 1004586.0 996223.0 1023438.0 963873.0 1002179.0 1026639.0 1002269.0 1021701.0 992272.0 986516.0 991260.0 1015461.0 993329.0 1000545.0 970836.0 1018262.0 1022229.0 1014954.0 1026404.0 972545.0 961145.0 1043405.0 1020446.0 982661.0 1008142.0 991658.0 1004259.0 1017365.0 1003238.0 975807.0 953918.0 1016163.0 986366.0 987879.0 1028464.0 951746.0 1011228.0 965031.0 ]

10003 actual elapsed

T=391929, R=0, W=0
T=423768, R=0, W=0
T=410831, R=0, W=0
T=416455, R=0, W=0
T=418945, R=0, W=0
T=398420, R=0, W=0
T=437348, R=0, W=0
T=417062, R=0, W=0
T=362207, R=0, W=0
T=440869, R=0, W=0
T=437300, R=0, W=0
T=391545, R=0, W=0
T=337005, R=0, W=0
T=408196, R=0, W=0
T=405099, R=0, W=0
T=382514, R=0, W=0
T=409462, R=0, W=0
T=410532, R=0, W=0
T=404633, R=0, W=0
T=338313, R=0, W=0
T=458325, R=0, W=0
T=416389, R=0, W=0
T=480624, R=0, W=0
T=375663, R=0, W=0
T=383182, R=0, W=0
T=420767, R=0, W=0
T=375606, R=0, W=0
T=440163, R=0, W=0
T=413289, R=0, W=0
T=424041, R=0, W=0
T=380566, R=0, W=0
T=434317, R=0, W=0
T=365845, R=0, W=0
T=429345, R=0, W=0
T=402863, R=0, W=0
T=458404, R=0, W=0
T=411118, R=0, W=0
T=369452, R=0, W=0
T=431531, R=0, W=0
T=383950, R=0, W=0
T=423884, R=0, W=0
T=423180, R=0, W=0
T=465412, R=0, W=0
T=393687, R=0, W=0
T=424972, R=0, W=0
T=370937, R=0, W=0
T=351714, R=0, W=0
T=514385, R=0, W=0
T=426786, R=0, W=0
T=454758, R=0, W=0
T=427483, R=0, W=0
T=420440, R=0, W=0
T=424866, R=0, W=0
T=424018, R=0, W=0
T=381325, R=0, W=0
T=416449, R=0, W=0
T=374935, R=0, W=0
T=421779, R=0, W=0
T=405925, R=0, W=0
T=379798, R=0, W=0
T=396590, R=0, W=0
T=404731, R=0, W=0
T=445033, R=0, W=0
T=417677, R=0, W=0
T=507280, R=0, W=0
T=401347, R=0, W=0
T=362818, R=0, W=0
T=461462, R=0, W=0
T=461011, R=0, W=0
T=426028, R=0, W=0
T=381529, R=0, W=0
T=424798, R=0, W=0
T=420639, R=0, W=0
T=390968, R=0, W=0
T=374200, R=0, W=0
T=398023, R=0, W=0
T=368856, R=0, W=0
T=410052, R=0, W=0
T=342218, R=0, W=0
T=329307, R=0, W=0
T=364121, R=0, W=0
T=392804, R=0, W=0
T=401333, R=0, W=0
T=408078, R=0, W=0
T=449921, R=0, W=0
T=413512, R=0, W=0
T=455680, R=0, W=0
T=432667, R=0, W=0
T=415044, R=0, W=0
T=413440, R=0, W=0
T=449592, R=0, W=0
T=394783, R=0, W=0
T=433409, R=0, W=0
T=406911, R=0, W=0
T=438219, R=0, W=0
T=399528, R=0, W=0
T=369939, R=0, W=0
T=420221, R=0, W=0
T=409809, R=0, W=0
T=474197, R=0, W=0
T=431783, R=0, W=0
T=397291, R=0, W=0
T=390241, R=0, W=0
T=442615, R=0, W=0
T=410308, R=0, W=0
T=435256, R=0, W=0
T=415646, R=0, W=0
T=399311, R=0, W=0
T=356594, R=0, W=0
T=449511, R=0, W=0
T=458815, R=0, W=0
T=372425, R=0, W=0
T=437929, R=0, W=0
T=414802, R=0, W=0
T=433588, R=0, W=0
T=430615, R=0, W=0
T=388894, R=0, W=0
T=502056, R=0, W=0
T=413045, R=0, W=0
T=451858, R=0, W=0
T=426798, R=0, W=0
T=418361, R=0, W=0
T=486181, R=0, W=0
T=391813, R=0, W=0
T=417980, R=0, W=0
T=426995, R=0, W=0
T=493453, R=0, W=0
T=357848, R=0, W=0

TOTAL: T=52944393, R=0, W=0
--- 34,806 MB collected in 0.104 secs (0.8% of total), longest GC took 0.008 secs
DATA gc:  total_k 35641858  total_secs 0.103922  max_secs 0.008448
