startup =       20000
elapsed =       10000
threads =       1
accounts =      1
init =          1000000
maxAmount =     10
readFreq =      0
writeFreq =     0
readThreads =   0
writeThreads =  0
disjointTrans = false
yieldALot =     false
flavour =       rfw

warming up
timed execution

TOTAL=1000000.0 [ 1000000.0 ]

10001 actual elapsed

T=22897669, R=0, W=0

TOTAL: T=22897669, R=0, W=0
--- 32,931 MB collected in 0.211 secs (0.7% of total), longest GC took 0.009 secs
DATA gc:  total_k 33721866  total_secs 0.210938  max_secs 0.008888
