startup =       20000
elapsed =       10000
threads =       8
accounts =      512
init =          1000000
maxAmount =     10
readFreq =      0
writeFreq =     0
readThreads =   0
writeThreads =  0
disjointTrans = false
yieldALot =     false
flavour =       rfw

warming up
timed execution

TOTAL=5.1200016E8 [ 1006210.0 992779.0 999856.0 995631.0 1004228.0 1004256.0 1006281.0 996917.0 993122.0 998174.0 1001037.0 1001591.0 995677.0 1003996.0 992824.0 1003119.0 1006797.0 993331.0 990916.0 1001226.0 1003943.0 1006502.0 999715.0 1000016.0 1001735.0 1002421.0 996017.0 995344.0 990991.0 1002358.0 994046.0 1000234.0 999150.0 992817.0 997988.0 994390.0 1002457.0 997735.0 997292.0 1002184.0 992351.0 1002630.0 994130.0 996791.0 1004290.0 999321.0 991754.0 1005228.0 1001470.0 1001279.0 997071.0 1001154.0 1001567.0 1002051.0 998269.0 1001990.0 997312.0 996857.0 1000869.0 994217.0 1003996.0 998418.0 1002515.0 1003682.0 1000452.0 1003486.0 997958.0 1004278.0 1002362.0 995790.0 1006047.0 1001920.0 1001139.0 999731.0 1007559.0 1001049.0 1008134.0 1005527.0 1003972.0 988497.0 1000459.0 1008319.0 1003835.0 1000459.0 997895.0 998995.0 993915.0 1004901.0 1005593.0 1004720.0 998458.0 1005215.0 1000491.0 999969.0 999624.0 1003975.0 995500.0 997540.0 1003291.0 999074.0 1008357.0 996880.0 1003612.0 996847.0 992837.0 999631.0 994583.0 998948.0 1002476.0 999836.0 998796.0 997352.0 1001610.0 1001626.0 1004306.0 999152.0 998985.0 993349.0 1000879.0 1002321.0 997755.0 1008259.0 1002508.0 1002600.0 994739.0 998665.0 1006010.0 1002359.0 1003571.0 1004279.0 998936.0 996958.0 993851.0 1006706.0 995711.0 999042.0 1001603.0 990890.0 998483.0 993161.0 996351.0 1000761.0 1004333.0 998391.0 1014322.0 1001923.0 998935.0 998524.0 997202.0 998892.0 988478.0 995684.0 994559.0 999584.0 993636.0 999890.0 996778.0 988925.0 1000429.0 1002130.0 992183.0 1001788.0 999199.0 995475.0 1004764.0 1002869.0 1007776.0 998731.0 996715.0 1006836.0 1001374.0 1004847.0 1002768.0 1003595.0 999905.0 993651.0 994367.0 992328.0 1004340.0 1000494.0 997499.0 995759.0 1000116.0 991665.0 1000511.0 1004961.0 1000662.0 992985.0 1007303.0 1002183.0 1001677.0 1001372.0 992639.0 1001587.0 1001236.0 1002173.0 997353.0 997152.0 996911.0 1003032.0 1004964.0 991171.0 1000160.0 1000002.0 998823.0 998377.0 992721.0 1004304.0 994444.0 1001429.0 1009115.0 992577.0 1005614.0 1006286.0 999097.0 996572.0 1010740.0 1001966.0 996749.0 991809.0 998437.0 997949.0 1003731.0 997553.0 997100.0 1004632.0 997252.0 998112.0 999350.0 996915.0 1000776.0 991668.0 1002202.0 998511.0 996684.0 997780.0 1000713.0 1005030.0 991216.0 996235.0 999308.0 1002809.0 988942.0 996852.0 1001730.0 996459.0 1006092.0 1002742.0 1002982.0 1000449.0 1000343.0 996116.0 998562.0 1003077.0 1006989.0 1006476.0 1005872.0 992808.0 995448.0 1001637.0 999113.0 1005989.0 997297.0 995637.0 1005775.0 1002350.0 988678.0 1008559.0 1005534.0 1000597.0 1000809.0 995916.0 1001209.0 998064.0 996673.0 1004306.0 1003803.0 993765.0 997584.0 997924.0 993965.0 1003964.0 1004195.0 999659.0 1003158.0 989865.0 996411.0 996021.0 1002634.0 1002780.0 996253.0 1009733.0 998084.0 997316.0 1000606.0 1014297.0 999632.0 998181.0 998431.0 999377.0 996851.0 1001860.0 989953.0 991503.0 992813.0 1001405.0 999285.0 1003143.0 1000095.0 988626.0 1002396.0 996336.0 998418.0 1008018.0 994666.0 1008537.0 995801.0 997522.0 1003351.0 997297.0 997026.0 991036.0 1010847.0 1005063.0 1004774.0 996300.0 999948.0 994841.0 1005133.0 996774.0 998191.0 992596.0 1002999.0 1013233.0 1001072.0 993420.0 1003272.0 999613.0 1004031.0 1014724.0 1000665.0 1003143.0 994589.0 1003787.0 999582.0 1002122.0 1000900.0 999932.0 1001588.0 993513.0 1004484.0 1002321.0 1001488.0 993108.0 1008085.0 994278.0 996915.0 990014.0 1001743.0 1000208.0 998334.0 1004234.0 995064.0 1000673.0 998807.0 996093.0 1009762.0 990220.0 1003590.0 999719.0 1003494.0 1000080.0 1008478.0 1000789.0 993493.0 993810.0 1000614.0 1008013.0 1000082.0 990553.0 1002333.0 1011585.0 1000031.0 999977.0 992178.0 1001518.0 997974.0 1000594.0 993190.0 997864.0 1002120.0 995289.0 997399.0 999751.0 1008778.0 1000488.0 997099.0 998691.0 994955.0 999353.0 1003518.0 1008958.0 1000930.0 1001394.0 1000922.0 998083.0 999746.0 1000281.0 1004958.0 1003904.0 997797.0 1002678.0 1005156.0 996321.0 1009336.0 997303.0 993425.0 1004376.0 1001756.0 995104.0 991769.0 996156.0 997544.0 1000564.0 1001115.0 1000348.0 998501.0 1000533.0 998612.0 993937.0 1008679.0 1000800.0 996897.0 993801.0 1007091.0 1006153.0 1007015.0 996821.0 1004598.0 991624.0 997835.0 1001584.0 1001793.0 1003850.0 998781.0 998793.0 995079.0 991587.0 1005590.0 1005572.0 993562.0 1000069.0 1006516.0 1003989.0 1001262.0 999104.0 999855.0 998116.0 1004990.0 997430.0 999102.0 1005027.0 1001796.0 998640.0 1003331.0 1014944.0 1001031.0 1005337.0 997682.0 997542.0 1008776.0 1004711.0 1002611.0 1001367.0 998971.0 1002336.0 1004002.0 990252.0 1000059.0 1006182.0 1002537.0 999850.0 1001361.0 1003845.0 1004139.0 996204.0 997992.0 999200.0 1005472.0 998885.0 1002697.0 1000820.0 991544.0 998383.0 1003261.0 1003182.0 1005970.0 998871.0 1006363.0 1002261.0 995319.0 999858.0 997126.0 1001256.0 1006323.0 988282.0 1006216.0 1005369.0 1001399.0 1001230.0 999570.0 1001128.0 ]

10001 actual elapsed

T=6893444, R=0, W=0
T=7120762, R=0, W=0
T=5912385, R=0, W=0
T=7471648, R=0, W=0
T=7629309, R=0, W=0
T=6142614, R=0, W=0
T=7781346, R=0, W=0
T=6766757, R=0, W=0

TOTAL: T=55718265, R=0, W=0
--- 93,642 MB collected in 0.289 secs (1.0% of total), longest GC took 0.003 secs
DATA gc:  total_k 95890330  total_secs 0.288985  max_secs 0.003433
