startup =       4000
elapsed =       10000
threads =       1
accounts =      2
init =          1000000
maxAmount =     10
readFreq =      0
writeFreq =     0
readThreads =   0
writeThreads =  0
disjointTrans = false
yieldALot =     false
flavour =       t

warming up
timed execution

TOTAL=2000000.0 [ 996041.0 1003959.0 ]

10001 actual elapsed

T=15877797, R=0, W=0

TOTAL: T=15877797, R=0, W=0
--- 12,064 MB collected in 0.053 secs (0.4% of total), longest GC took 0.003 secs
DATA gc:  total_k 12354202  total_secs 0.0529  max_secs 0.002534
