startup =       4000
elapsed =       10000
threads =       2
accounts =      2
init =          1000000
maxAmount =     10
readFreq =      0
writeFreq =     0
readThreads =   0
writeThreads =  0
disjointTrans = false
yieldALot =     false
flavour =       d

warming up
timed execution

TOTAL=2000000.0 [ 988013.0 1011987.0 ]

10001 actual elapsed

T=2599300, R=0, W=0
T=3422710, R=0, W=0

TOTAL: T=6022010, R=0, W=0
--- 4,750 MB collected in 0.033 secs (0.2% of total), longest GC took 0.003 secs
DATA gc:  total_k 4864465  total_secs 0.033247  max_secs 0.002713
