startup =       20000
elapsed =       10000
threads =       4
accounts =      256
init =          1000000
maxAmount =     10
readFreq =      0
writeFreq =     0
readThreads =   0
writeThreads =  0
disjointTrans = false
yieldALot =     false
flavour =       rfw

warming up
timed execution

TOTAL=2.55999952E8 [ 996105.0 997021.0 994989.0 988189.0 999679.0 1008608.0 1000301.0 993902.0 1003063.0 997938.0 993954.0 1000846.0 1008634.0 1005130.0 998009.0 1004243.0 998563.0 999749.0 1006669.0 995011.0 1007303.0 996044.0 1002651.0 1005838.0 996423.0 998231.0 1002336.0 1002364.0 1001674.0 1010763.0 994915.0 1001088.0 991453.0 1002472.0 997163.0 1001151.0 989931.0 1004789.0 1001969.0 1009250.0 997539.0 1000135.0 1007887.0 1009404.0 1005885.0 998980.0 990925.0 995350.0 1002507.0 993835.0 1005280.0 990480.0 986452.0 994706.0 998140.0 1001766.0 995860.0 1000076.0 1002769.0 1006198.0 1003860.0 1000478.0 992100.0 997347.0 1010803.0 999109.0 1004743.0 990377.0 1000498.0 998879.0 993483.0 1005711.0 1001894.0 1000527.0 1005832.0 1003719.0 994442.0 996208.0 998349.0 999422.0 998006.0 999100.0 997712.0 1002001.0 996395.0 1004131.0 998898.0 995022.0 994556.0 1005151.0 996367.0 1006535.0 1002093.0 1001307.0 1000882.0 1001923.0 995196.0 998987.0 1006155.0 998768.0 999652.0 997319.0 997804.0 997416.0 999876.0 997122.0 989415.0 996525.0 997456.0 1004906.0 1004700.0 993897.0 1006755.0 1000263.0 1001664.0 993439.0 1004710.0 1006297.0 996423.0 997746.0 1002493.0 992710.0 1000701.0 1003898.0 1001382.0 994926.0 1004852.0 992704.0 1002362.0 999510.0 990087.0 1005476.0 995048.0 992255.0 999576.0 1007570.0 994856.0 1006129.0 998160.0 1007247.0 991142.0 1004043.0 1000011.0 999679.0 997698.0 1003913.0 1004921.0 998905.0 995123.0 996252.0 1001302.0 1001716.0 1003358.0 1004213.0 1004321.0 1001509.0 998194.0 993222.0 1002281.0 1001702.0 1002155.0 987997.0 997975.0 991405.0 999446.0 997926.0 996945.0 997136.0 1002013.0 1002179.0 1016647.0 1004023.0 1005309.0 995357.0 999104.0 1008994.0 1000363.0 1005276.0 1007260.0 1000817.0 1002670.0 991411.0 1004687.0 1000006.0 998300.0 1001944.0 1011569.0 1001012.0 999341.0 995732.0 995358.0 1003681.0 1008030.0 1013142.0 1000255.0 997446.0 1012885.0 992589.0 998678.0 1003732.0 1002839.0 993402.0 991932.0 996828.0 1002896.0 1004596.0 997786.0 1011435.0 1002870.0 996310.0 993392.0 990422.0 1001748.0 1010916.0 1001548.0 991595.0 986388.0 1003247.0 990531.0 998224.0 999927.0 992431.0 1002653.0 1006759.0 1008835.0 999889.0 992088.0 996920.0 1002688.0 997477.0 1002874.0 997826.0 1001388.0 1011051.0 994195.0 999241.0 1009219.0 995916.0 993047.0 1006068.0 1007866.0 988274.0 1009197.0 1001285.0 999330.0 991718.0 999848.0 990663.0 1000564.0 999942.0 1007446.0 999580.0 1002309.0 991908.0 1004747.0 1006748.0 ]

10001 actual elapsed

T=9742508, R=0, W=0
T=8596175, R=0, W=0
T=10111400, R=0, W=0
T=10830005, R=0, W=0

TOTAL: T=39280088, R=0, W=0
--- 66,437 MB collected in 0.093 secs (0.3% of total), longest GC took 0.002 secs
DATA gc:  total_k 68031527  total_secs 0.092583  max_secs 0.002277
