startup =       20000
elapsed =       10000
threads =       2
accounts =      128
init =          1000000
maxAmount =     10
readFreq =      0
writeFreq =     0
readThreads =   0
writeThreads =  0
disjointTrans = false
yieldALot =     false
flavour =       d

warming up
timed execution

TOTAL=1.27999992E8 [ 1008119.0 1001939.0 997782.0 998476.0 1005770.0 999573.0 1000044.0 1006439.0 1000783.0 994059.0 1007510.0 1002596.0 996694.0 1004644.0 1004930.0 1005057.0 998863.0 987839.0 977361.0 993941.0 995123.0 1002128.0 1000051.0 1000270.0 991735.0 998936.0 1001550.0 1000558.0 1001189.0 998683.0 1006358.0 1001550.0 1003848.0 996834.0 1009600.0 982388.0 996124.0 993900.0 1009094.0 1016837.0 992518.0 998964.0 1002401.0 997038.0 1002760.0 1000539.0 1001978.0 1006388.0 993292.0 997772.0 1001033.0 1001484.0 1001875.0 998841.0 988975.0 1013531.0 1007298.0 1006774.0 1012023.0 993198.0 1010657.0 1003881.0 1012008.0 1007006.0 989210.0 997919.0 999062.0 993118.0 999110.0 1011167.0 988017.0 1006905.0 1000525.0 1000313.0 991945.0 1004451.0 995194.0 995149.0 1014190.0 1004877.0 1004758.0 995109.0 1004609.0 998343.0 986710.0 1009970.0 1001587.0 1005096.0 990229.0 996256.0 992108.0 995205.0 1003386.0 990420.0 999117.0 998305.0 997864.0 991500.0 1007971.0 994774.0 1000766.0 994753.0 985138.0 991800.0 996388.0 1009914.0 996105.0 996249.0 985823.0 1001682.0 987875.0 999286.0 998828.0 1007808.0 1003094.0 1002298.0 1004776.0 1001930.0 1007306.0 1003961.0 987697.0 1007261.0 1004877.0 1006084.0 1003180.0 995365.0 1011964.0 1001914.0 ]

10001 actual elapsed

T=12818512, R=0, W=0
T=12810567, R=0, W=0

TOTAL: T=25629079, R=0, W=0
--- 37,051 MB collected in 0.111 secs (0.4% of total), longest GC took 0.003 secs
DATA gc:  total_k 37940881  total_secs 0.111324  max_secs 0.002753
