TL2CM Initialized:
Contention Manager: Polka busy-waiting [C=10]
Number of accounts  = 2
Initial amount      = 100000.0
Maximal transfer    = 10
Read-all frequency  = 0%
Write-all frequency = 0%
Read-all threads    = 0
Write-all threads   = 0
Disjoint            = false
Yield               = false

Starting threads... 0
End of warmup phase... 0
End of test phase... 0
Waiting for threads to finish...
All threads returned successfully
RESULTS:

  Warmup duration (ms) = 20000
  Test duration (ms)   = 10000
  Nb iterations        = 4236253
  Stats                = T=4236253, R=0, W=0, TOTAL=200000 [ 0=104424.0 1=95576.0 ]
    0 : 4236253 (T=4236253, R=0, W=0)
--- 7,247 MB collected in 0.072 secs (0.2% of total), longest GC took 0.008 secs
DATA gc:  total_k 7420952  total_secs 0.071808  max_secs 0.008056
