Number of accounts  = 2
Initial amount      = 100000.0
Maximal transfer    = 10
Read-all frequency  = 0%
Write-all frequency = 0%
Read-all threads    = 0
Write-all threads   = 0
Disjoint            = false
Yield               = false

Starting threads... 0
End of warmup phase... 0
End of test phase... 0
Waiting for threads to finish...
All threads returned successfully
RESULTS:

  Warmup duration (ms) = 20000
  Test duration (ms)   = 10000
  Nb iterations        = 20312986
  Stats                = T=20312986, R=0, W=0, TOTAL=200000 [ 0=42676.0 1=157324.0 ]
    0 : 20312986 (T=20312986, R=0, W=0)
--- 20,593 MB collected in 0.056 secs (0.2% of total), longest GC took 0.006 secs
DATA gc:  total_k 21087504  total_secs 0.05597  max_secs 0.006215
