Number of accounts  = 2
Initial amount      = 1000000.0
Maximal transfer    = 10
Read-all frequency  = 0%
Write-all frequency = 0%
Read-all threads    = 0
Write-all threads   = 0
Disjoint            = false
Yield               = false

Starting threads... 0
End of warmup phase... 0
End of test phase... 0
Waiting for threads to finish...
All threads returned successfully
RESULTS:

  Warmup duration (ms) = 4000
  Test duration (ms)   = 10001
  Nb iterations        = 24229069
TOTAL: T=24229069, R=0, W=0

TOTAL=2000000 [ 0=983960.0 1=1016040.0 ]
    0 : 24229069 (T=24229069, R=0, W=0)
--- 10,886 MB collected in 0.033 secs (0.2% of total), longest GC took 0.004 secs
DATA gc:  total_k 11148128  total_secs 0.03276  max_secs 0.003601
