TL2CM Initialized:
Contention Manager: Polka busy-waiting [C=10]
Number of accounts  = 128
Initial amount      = 100000.0
Maximal transfer    = 10
Read-all frequency  = 0%
Write-all frequency = 0%
Read-all threads    = 0
Write-all threads   = 0
Disjoint            = false
Yield               = false

Starting threads... 0 1
End of warmup phase... 0 1
End of test phase... 0 1
Waiting for threads to finish...
All threads returned successfully
RESULTS:

  Warmup duration (ms) = 20000
  Test duration (ms)   = 10000
  Nb iterations        = 7155523
  Stats                = T=7155523, R=0, W=0, TOTAL=12800640 [ 0=94363.0 1=102597.0 2=100920.0 3=99273.0 4=98171.0 5=98077.0 6=98891.0 7=98314.0 8=101971.0 9=99669.0 10=97701.0 11=102488.0 12=97227.0 13=99420.0 14=99892.0 15=98289.0 16=98971.0 17=95588.0 18=95756.0 19=97391.0 20=107755.0 21=101007.0 22=101959.0 23=103823.0 24=102684.0 25=95738.0 26=98680.0 27=103737.0 28=101364.0 29=104752.0 30=103639.0 31=103396.0 32=98032.0 33=100691.0 34=101688.0 35=100437.0 36=101116.0 37=100034.0 38=102215.0 39=95799.0 40=105937.0 41=101186.0 42=97923.0 43=102452.0 44=101946.0 45=98317.0 46=98439.0 47=100204.0 48=103889.0 49=101455.0 50=98784.0 51=99323.0 52=100497.0 53=97937.0 54=100362.0 55=99061.0 56=102973.0 57=102986.0 58=99402.0 59=101952.0 60=98352.0 61=98894.0 62=97983.0 63=102292.0 64=102643.0 65=103568.0 66=103310.0 67=95874.0 68=102886.0 69=98054.0 70=102031.0 71=96689.0 72=98856.0 73=104689.0 74=97050.0 75=101639.0 76=100219.0 77=95059.0 78=101458.0 79=99382.0 80=103789.0 81=102386.0 82=101009.0 83=100109.0 84=101313.0 85=99176.0 86=97666.0 87=92243.0 88=102262.0 89=100310.0 90=95486.0 91=97970.0 92=97945.0 93=102229.0 94=95731.0 95=97286.0 96=97313.0 97=98518.0 98=108159.0 99=97349.0 100=103534.0 101=99616.0 102=99436.0 103=97956.0 104=96994.0 105=100896.0 106=99157.0 107=100959.0 108=101603.0 109=96271.0 110=102610.0 111=99252.0 112=94821.0 113=97518.0 114=102202.0 115=96918.0 116=105157.0 117=95413.0 118=100448.0 119=102695.0 120=100991.0 121=106761.0 122=99860.0 123=101027.0 124=94767.0 125=102549.0 126=96875.0 127=96637.0 ]
    0 : 3542669 (T=3542669, R=0, W=0)
    1 : 3612854 (T=3612854, R=0, W=0)
--- 13,944 MB collected in 0.066 secs (0.2% of total), longest GC took 0.009 secs
DATA gc:  total_k 14279136  total_secs 0.066325  max_secs 0.009415
