Number of accounts  = 512
Initial amount      = 100000.0
Maximal transfer    = 10
Read-all frequency  = 0%
Write-all frequency = 0%
Read-all threads    = 0
Write-all threads   = 0
Disjoint            = false
Yield               = false

Starting threads... 0 1 2 3 4 5 6 7
End of warmup phase... 0 1 2 3 4 5 6 7
End of test phase... 0 1 2 3 4 5 6 7
Waiting for threads to finish...
All threads returned successfully
RESULTS:

  Warmup duration (ms) = 20000
  Test duration (ms)   = 10000
  Nb iterations        = 57639783
  Stats                = T=57639783, R=0, W=0, TOTAL=51200024 [ 0=99423.0 1=100280.0 2=100013.0 3=92237.0 4=112107.0 5=100740.0 6=98103.0 7=104390.0 8=107938.0 9=105233.0 10=97110.0 11=100769.0 12=95091.0 13=104070.0 14=110354.0 15=111089.0 16=96811.0 17=93462.0 18=102598.0 19=98003.0 20=102603.0 21=94489.0 22=90803.0 23=104798.0 24=104959.0 25=100240.0 26=98825.0 27=104189.0 28=96562.0 29=92370.0 30=92527.0 31=107700.0 32=104337.0 33=106528.0 34=92811.0 35=101830.0 36=96830.0 37=97526.0 38=95264.0 39=99195.0 40=99969.0 41=105412.0 42=94920.0 43=103993.0 44=106247.0 45=92794.0 46=92911.0 47=107729.0 48=101104.0 49=104029.0 50=100648.0 51=101413.0 52=102086.0 53=96174.0 54=101074.0 55=101310.0 56=95939.0 57=100329.0 58=98547.0 59=100131.0 60=102257.0 61=99428.0 62=96066.0 63=89566.0 64=112526.0 65=99839.0 66=106443.0 67=99219.0 68=95602.0 69=108483.0 70=99645.0 71=93313.0 72=97019.0 73=95776.0 74=105628.0 75=107541.0 76=108355.0 77=101197.0 78=96098.0 79=103101.0 80=98727.0 81=91254.0 82=104464.0 83=99004.0 84=99297.0 85=97615.0 86=106413.0 87=107079.0 88=95815.0 89=93236.0 90=102180.0 91=92473.0 92=103060.0 93=95674.0 94=93370.0 95=97927.0 96=101497.0 97=95012.0 98=96829.0 99=101422.0 100=114222.0 101=95770.0 102=97172.0 103=108064.0 104=96769.0 105=92171.0 106=96014.0 107=109905.0 108=98067.0 109=104359.0 110=92843.0 111=99602.0 112=99217.0 113=97109.0 114=98221.0 115=93215.0 116=101644.0 117=101712.0 118=104318.0 119=101498.0 120=110446.0 121=96903.0 122=90784.0 123=91586.0 124=112672.0 125=96265.0 126=96843.0 127=93205.0 128=109464.0 129=109722.0 130=102782.0 131=99097.0 132=107469.0 133=99039.0 134=99937.0 135=97819.0 136=96836.0 137=105288.0 138=100502.0 139=108531.0 140=103261.0 141=98201.0 142=103140.0 143=95738.0 144=97654.0 145=103817.0 146=96733.0 147=93163.0 148=95485.0 149=86228.0 150=100002.0 151=101272.0 152=94293.0 153=102052.0 154=106584.0 155=102247.0 156=90771.0 157=108276.0 158=98050.0 159=107263.0 160=100955.0 161=110260.0 162=105419.0 163=96139.0 164=90745.0 165=88058.0 166=98072.0 167=98547.0 168=102904.0 169=101250.0 170=101930.0 171=108554.0 172=91461.0 173=90986.0 174=103746.0 175=111203.0 176=113661.0 177=94453.0 178=108414.0 179=103611.0 180=103889.0 181=102025.0 182=100787.0 183=105610.0 184=103984.0 185=93445.0 186=96383.0 187=98480.0 188=105682.0 189=99204.0 190=95548.0 191=108605.0 192=99098.0 193=102685.0 194=96794.0 195=92738.0 196=95550.0 197=98916.0 198=88204.0 199=99067.0 200=106939.0 201=97912.0 202=92846.0 203=96778.0 204=96421.0 205=102959.0 206=100866.0 207=98426.0 208=109760.0 209=101381.0 210=106811.0 211=95803.0 212=108235.0 213=101388.0 214=95514.0 215=100778.0 216=99353.0 217=96563.0 218=98088.0 219=92359.0 220=97798.0 221=97684.0 222=99806.0 223=94736.0 224=99737.0 225=101583.0 226=99390.0 227=88054.0 228=96602.0 229=101931.0 230=97611.0 231=106729.0 232=99694.0 233=92609.0 234=97794.0 235=102721.0 236=86730.0 237=101132.0 238=97130.0 239=99157.0 240=107860.0 241=102026.0 242=103228.0 243=107970.0 244=97122.0 245=97763.0 246=93049.0 247=101953.0 248=103426.0 249=99620.0 250=92553.0 251=100753.0 252=100776.0 253=99926.0 254=99288.0 255=95619.0 256=96397.0 257=93672.0 258=99289.0 259=103195.0 260=97496.0 261=105207.0 262=109928.0 263=103548.0 264=98666.0 265=96640.0 266=102436.0 267=101077.0 268=98976.0 269=93412.0 270=106786.0 271=91749.0 272=99346.0 273=104056.0 274=91025.0 275=90904.0 276=99922.0 277=94725.0 278=102319.0 279=102598.0 280=104523.0 281=96440.0 282=96811.0 283=91081.0 284=104281.0 285=95996.0 286=102729.0 287=107918.0 288=104888.0 289=95221.0 290=104018.0 291=92377.0 292=108479.0 293=97823.0 294=102703.0 295=85982.0 296=96761.0 297=103437.0 298=99088.0 299=99969.0 300=90831.0 301=95220.0 302=102484.0 303=102525.0 304=107633.0 305=100049.0 306=99634.0 307=99728.0 308=96743.0 309=100152.0 310=97102.0 311=92998.0 312=103087.0 313=109426.0 314=110763.0 315=91917.0 316=102522.0 317=104019.0 318=103523.0 319=100555.0 320=96835.0 321=94949.0 322=106880.0 323=91805.0 324=100530.0 325=100589.0 326=96451.0 327=97993.0 328=99440.0 329=99151.0 330=100751.0 331=104959.0 332=93731.0 333=91893.0 334=103020.0 335=96919.0 336=101213.0 337=98223.0 338=97697.0 339=99190.0 340=108840.0 341=98542.0 342=96093.0 343=103836.0 344=101369.0 345=93289.0 346=102538.0 347=107358.0 348=104281.0 349=108060.0 350=104385.0 351=97086.0 352=92685.0 353=95445.0 354=99998.0 355=96427.0 356=89657.0 357=104915.0 358=100186.0 359=106797.0 360=98565.0 361=93106.0 362=90126.0 363=108027.0 364=95152.0 365=95759.0 366=96796.0 367=106358.0 368=108581.0 369=96196.0 370=99115.0 371=103713.0 372=98259.0 373=101277.0 374=110476.0 375=87237.0 376=98627.0 377=102790.0 378=98154.0 379=103222.0 380=94721.0 381=97262.0 382=98127.0 383=94966.0 384=105018.0 385=98560.0 386=98207.0 387=99761.0 388=90109.0 389=104789.0 390=101639.0 391=97712.0 392=96700.0 393=92795.0 394=105304.0 395=99362.0 396=98701.0 397=95792.0 398=103775.0 399=102242.0 400=100486.0 401=95905.0 402=94112.0 403=101188.0 404=95634.0 405=104408.0 406=99316.0 407=100831.0 408=95573.0 409=105831.0 410=104047.0 411=110337.0 412=109020.0 413=99386.0 414=105826.0 415=99346.0 416=96964.0 417=106864.0 418=94193.0 419=100067.0 420=111661.0 421=103210.0 422=97974.0 423=98695.0 424=94494.0 425=106501.0 426=101182.0 427=105221.0 428=109164.0 429=99177.0 430=108074.0 431=95081.0 432=96555.0 433=96627.0 434=94678.0 435=104838.0 436=103667.0 437=100125.0 438=90070.0 439=98295.0 440=92096.0 441=113331.0 442=93732.0 443=103041.0 444=100607.0 445=108305.0 446=110263.0 447=108786.0 448=102931.0 449=112039.0 450=109314.0 451=101248.0 452=94881.0 453=98782.0 454=93168.0 455=102093.0 456=94079.0 457=103616.0 458=105315.0 459=102531.0 460=99339.0 461=102885.0 462=99878.0 463=97884.0 464=104657.0 465=93399.0 466=95760.0 467=101023.0 468=103920.0 469=96506.0 470=95926.0 471=92814.0 472=113806.0 473=113028.0 474=105530.0 475=106895.0 476=114325.0 477=101396.0 478=93525.0 479=102998.0 480=99357.0 481=91333.0 482=91155.0 483=94129.0 484=95877.0 485=99767.0 486=97099.0 487=105228.0 488=97056.0 489=103068.0 490=93783.0 491=104683.0 492=100281.0 493=96973.0 494=100509.0 495=108722.0 496=105155.0 497=99910.0 498=93108.0 499=97450.0 500=100035.0 501=99958.0 502=94240.0 503=95135.0 504=94223.0 505=103563.0 506=99457.0 507=96082.0 508=104265.0 509=95436.0 510=100144.0 511=97125.0 ]
    0 : 7976958 (T=7976958, R=0, W=0)
    1 : 8009204 (T=8009204, R=0, W=0)
    2 : 7987282 (T=7987282, R=0, W=0)
    3 : 7361427 (T=7361427, R=0, W=0)
    4 : 7346774 (T=7346774, R=0, W=0)
    5 : 7347718 (T=7347718, R=0, W=0)
    6 : 5518909 (T=5518909, R=0, W=0)
    7 : 6091511 (T=6091511, R=0, W=0)
--- 68,684 MB collected in 0.111 secs (0.4% of total), longest GC took 0.013 secs
DATA gc:  total_k 70332488  total_secs 0.110627  max_secs 0.013406
