Number of accounts  = 512
Initial amount      = 1000000.0
Maximal transfer    = 10
Read-all frequency  = 0%
Write-all frequency = 0%
Read-all threads    = 0
Write-all threads   = 0
Disjoint            = false
Yield               = false

Starting threads... 0 1 2 3 4 5 6 7
End of warmup phase... 0 1 2 3 4 5 6 7
End of test phase... 0 1 2 3 4 5 6 7
Waiting for threads to finish...
All threads returned successfully
RESULTS:

  Warmup duration (ms) = 4000
  Test duration (ms)   = 10000
  Nb iterations        = 68727386
TOTAL: T=68727386, R=0, W=0

TOTAL=511999808 [ 0=994961.0 1=996562.0 2=995565.0 3=1001445.0 4=995077.0 5=1004959.0 6=996078.0 7=1003674.0 8=993044.0 9=1003641.0 10=1001191.0 11=994403.0 12=1004356.0 13=997574.0 14=999373.0 15=1000391.0 16=997621.0 17=1003727.0 18=1002739.0 19=1006725.0 20=994738.0 21=999518.0 22=1002046.0 23=995939.0 24=995569.0 25=1004430.0 26=1000215.0 27=997837.0 28=998574.0 29=998789.0 30=1003269.0 31=994514.0 32=998652.0 33=1001642.0 34=1000584.0 35=995944.0 36=999937.0 37=1003421.0 38=991597.0 39=1001647.0 40=1004151.0 41=1000368.0 42=988307.0 43=995683.0 44=998975.0 45=991280.0 46=998333.0 47=997631.0 48=1007856.0 49=999378.0 50=998686.0 51=996919.0 52=1005218.0 53=1001901.0 54=999706.0 55=999402.0 56=997463.0 57=999308.0 58=1007531.0 59=1001300.0 60=998012.0 61=999889.0 62=988200.0 63=1000559.0 64=998448.0 65=1003099.0 66=1004458.0 67=1004467.0 68=996132.0 69=999445.0 70=1004143.0 71=996785.0 72=1000936.0 73=997943.0 74=1002464.0 75=996244.0 76=996408.0 77=1004677.0 78=1005702.0 79=997977.0 80=999953.0 81=994746.0 82=999865.0 83=997835.0 84=996438.0 85=996490.0 86=1001181.0 87=996922.0 88=996654.0 89=998731.0 90=1004940.0 91=997003.0 92=1001410.0 93=1007301.0 94=994248.0 95=1003270.0 96=1004660.0 97=1007011.0 98=999877.0 99=1002562.0 100=997905.0 101=993928.0 102=1001408.0 103=1001881.0 104=1001583.0 105=993182.0 106=997979.0 107=999374.0 108=1006203.0 109=999994.0 110=994546.0 111=1006088.0 112=999343.0 113=999151.0 114=995868.0 115=1000310.0 116=1005451.0 117=1003013.0 118=998428.0 119=1000816.0 120=1003469.0 121=998939.0 122=1002930.0 123=992909.0 124=997173.0 125=999127.0 126=996395.0 127=1003481.0 128=996485.0 129=994372.0 130=1006572.0 131=1001347.0 132=1004476.0 133=1002897.0 134=1003542.0 135=1002115.0 136=998935.0 137=1002227.0 138=1000252.0 139=1005660.0 140=1004353.0 141=1002895.0 142=1007507.0 143=1000336.0 144=1000948.0 145=997895.0 146=996343.0 147=1001385.0 148=998498.0 149=1005060.0 150=1006465.0 151=999085.0 152=998815.0 153=1002436.0 154=1000243.0 155=999734.0 156=1000271.0 157=996195.0 158=1001235.0 159=1002315.0 160=998536.0 161=1003026.0 162=998844.0 163=1003027.0 164=998247.0 165=998028.0 166=997693.0 167=999309.0 168=1003279.0 169=1001773.0 170=998136.0 171=999611.0 172=996036.0 173=1004400.0 174=998790.0 175=998878.0 176=1002978.0 177=995941.0 178=998708.0 179=998639.0 180=995806.0 181=1003145.0 182=992573.0 183=997901.0 184=1002651.0 185=1005545.0 186=1005917.0 187=998225.0 188=993662.0 189=997993.0 190=1000132.0 191=1001727.0 192=998183.0 193=999602.0 194=999866.0 195=1001212.0 196=999152.0 197=1004698.0 198=1000383.0 199=996620.0 200=998616.0 201=1002730.0 202=1003121.0 203=995481.0 204=1000962.0 205=998079.0 206=991801.0 207=1003873.0 208=997189.0 209=997133.0 210=997772.0 211=999706.0 212=1002463.0 213=997506.0 214=998844.0 215=1005214.0 216=998625.0 217=1001782.0 218=1003811.0 219=1006644.0 220=1001647.0 221=1002439.0 222=997614.0 223=1010173.0 224=999975.0 225=1001941.0 226=995696.0 227=1002169.0 228=999295.0 229=996948.0 230=998687.0 231=1000337.0 232=1004406.0 233=1001499.0 234=1006003.0 235=998937.0 236=994692.0 237=1002920.0 238=997672.0 239=995617.0 240=1007665.0 241=1002082.0 242=999336.0 243=1000116.0 244=999744.0 245=999154.0 246=1000768.0 247=996743.0 248=1006147.0 249=997216.0 250=998587.0 251=996886.0 252=1001640.0 253=998172.0 254=1004459.0 255=1000532.0 256=999132.0 257=998390.0 258=999840.0 259=1000094.0 260=1004849.0 261=996996.0 262=996280.0 263=1000322.0 264=997258.0 265=992844.0 266=1006217.0 267=996294.0 268=998123.0 269=1001436.0 270=997803.0 271=1001717.0 272=999545.0 273=1001025.0 274=1003805.0 275=1001001.0 276=999081.0 277=996462.0 278=994838.0 279=997921.0 280=996768.0 281=1006624.0 282=994707.0 283=1010281.0 284=1003816.0 285=1000614.0 286=996365.0 287=1010424.0 288=1001509.0 289=998406.0 290=1006726.0 291=1001757.0 292=1004650.0 293=1005295.0 294=1008102.0 295=994481.0 296=1004463.0 297=996823.0 298=999531.0 299=998669.0 300=996264.0 301=1002467.0 302=1003375.0 303=1002718.0 304=1001607.0 305=997098.0 306=998885.0 307=1000346.0 308=996868.0 309=1002312.0 310=993230.0 311=1000553.0 312=1001916.0 313=996908.0 314=1001047.0 315=1004814.0 316=1001794.0 317=995313.0 318=999505.0 319=998827.0 320=996036.0 321=1000690.0 322=1003012.0 323=999442.0 324=1000061.0 325=997009.0 326=1004302.0 327=1003654.0 328=995817.0 329=1008352.0 330=991855.0 331=1001228.0 332=1001427.0 333=1004557.0 334=997673.0 335=1005422.0 336=1000304.0 337=1001949.0 338=993818.0 339=996969.0 340=1001712.0 341=1001470.0 342=1001323.0 343=1004883.0 344=1002929.0 345=989408.0 346=999038.0 347=995475.0 348=998942.0 349=1002495.0 350=1001677.0 351=998582.0 352=1000395.0 353=995510.0 354=1006249.0 355=994322.0 356=996051.0 357=1004962.0 358=991759.0 359=993869.0 360=1002680.0 361=1003071.0 362=997543.0 363=1002676.0 364=997712.0 365=1004441.0 366=1001616.0 367=1000021.0 368=995531.0 369=994473.0 370=1003553.0 371=998548.0 372=1003555.0 373=993774.0 374=996271.0 375=1002952.0 376=997066.0 377=999770.0 378=998980.0 379=994189.0 380=999567.0 381=999552.0 382=996785.0 383=1000667.0 384=997065.0 385=999884.0 386=998009.0 387=997539.0 388=997100.0 389=998033.0 390=1008947.0 391=998962.0 392=1002978.0 393=996399.0 394=1001951.0 395=999255.0 396=1000999.0 397=991384.0 398=1001197.0 399=996313.0 400=992959.0 401=1001465.0 402=1002617.0 403=1005389.0 404=1004437.0 405=998339.0 406=997786.0 407=1009827.0 408=1003891.0 409=992432.0 410=1000351.0 411=1003813.0 412=1001920.0 413=996184.0 414=995332.0 415=1006263.0 416=1008155.0 417=1001927.0 418=995673.0 419=1002180.0 420=997228.0 421=1000897.0 422=1000154.0 423=1005217.0 424=997997.0 425=1004055.0 426=1001146.0 427=995900.0 428=1006135.0 429=998423.0 430=999852.0 431=997833.0 432=999578.0 433=1001327.0 434=994979.0 435=998947.0 436=994947.0 437=998351.0 438=995587.0 439=1008384.0 440=993252.0 441=999334.0 442=1001617.0 443=995163.0 444=995070.0 445=999674.0 446=1001234.0 447=1001404.0 448=994134.0 449=997139.0 450=996920.0 451=1007202.0 452=997965.0 453=1002926.0 454=1002811.0 455=998851.0 456=1000596.0 457=1001054.0 458=997290.0 459=998878.0 460=1003921.0 461=998187.0 462=998362.0 463=1001870.0 464=1005566.0 465=998726.0 466=999087.0 467=1004398.0 468=1003181.0 469=1000852.0 470=998040.0 471=1001761.0 472=1005220.0 473=998711.0 474=1007563.0 475=1004787.0 476=997500.0 477=1008470.0 478=997020.0 479=1001840.0 480=1003421.0 481=994979.0 482=1002903.0 483=1000912.0 484=1002444.0 485=1003452.0 486=992803.0 487=992883.0 488=998518.0 489=1004502.0 490=1003442.0 491=997887.0 492=998320.0 493=999231.0 494=1003788.0 495=1001285.0 496=1006182.0 497=1001093.0 498=1002849.0 499=997492.0 500=1003126.0 501=993465.0 502=1001644.0 503=995014.0 504=998420.0 505=995359.0 506=1001633.0 507=1000335.0 508=993416.0 509=1007159.0 510=996141.0 511=999327.0 ]
    0 : 8217690 (T=8217690, R=0, W=0)
    1 : 8584665 (T=8584665, R=0, W=0)
    2 : 8865059 (T=8865059, R=0, W=0)
    3 : 8489721 (T=8489721, R=0, W=0)
    4 : 8689299 (T=8689299, R=0, W=0)
    5 : 8619178 (T=8619178, R=0, W=0)
    6 : 8687911 (T=8687911, R=0, W=0)
    7 : 8573863 (T=8573863, R=0, W=0)
--- 34,470 MB collected in 0.055 secs (0.4% of total), longest GC took 0.011 secs
DATA gc:  total_k 35298056  total_secs 0.055215  max_secs 0.011149
