Number of accounts  = 256
Initial amount      = 1000000.0
Maximal transfer    = 10
Read-all frequency  = 0%
Write-all frequency = 0%
Read-all threads    = 0
Write-all threads   = 0
Disjoint            = false
Yield               = false

Starting threads... 0 1 2 3
End of warmup phase... 0 1 2 3
End of test phase... 0 1 2 3
Waiting for threads to finish...
All threads returned successfully
RESULTS:

  Warmup duration (ms) = 4000
  Test duration (ms)   = 10001
  Nb iterations        = 33998277
TOTAL: T=33998277, R=0, W=0

TOTAL=255999984 [ 0=995544.0 1=994696.0 2=997130.0 3=1006507.0 4=999941.0 5=996000.0 6=999430.0 7=995316.0 8=1003268.0 9=1005583.0 10=993238.0 11=1002603.0 12=1005831.0 13=996384.0 14=1003850.0 15=997237.0 16=1000926.0 17=1001849.0 18=1003807.0 19=1002880.0 20=1008930.0 21=1005567.0 22=1000669.0 23=1000041.0 24=998511.0 25=1000960.0 26=1006833.0 27=1005512.0 28=993857.0 29=1001793.0 30=1000134.0 31=999812.0 32=998147.0 33=1002745.0 34=1000601.0 35=1003572.0 36=1006931.0 37=1005820.0 38=1005461.0 39=1004780.0 40=1002049.0 41=1000697.0 42=1006390.0 43=994708.0 44=996498.0 45=1000066.0 46=996438.0 47=996873.0 48=995696.0 49=1007394.0 50=1000558.0 51=994983.0 52=998451.0 53=1001534.0 54=993040.0 55=992104.0 56=999177.0 57=1002110.0 58=996550.0 59=1001853.0 60=1000593.0 61=1005641.0 62=1001625.0 63=1004692.0 64=995973.0 65=996620.0 66=996446.0 67=999526.0 68=1004397.0 69=999367.0 70=994929.0 71=1001703.0 72=1011054.0 73=1004048.0 74=994116.0 75=1001695.0 76=998005.0 77=998633.0 78=998550.0 79=1005204.0 80=997395.0 81=1002264.0 82=995282.0 83=1003818.0 84=997649.0 85=998198.0 86=1001434.0 87=998928.0 88=999871.0 89=1000803.0 90=1006842.0 91=1004102.0 92=1000310.0 93=996937.0 94=1003149.0 95=988840.0 96=1005927.0 97=1004953.0 98=995947.0 99=999402.0 100=996236.0 101=995829.0 102=998084.0 103=994671.0 104=999023.0 105=1004140.0 106=996143.0 107=1003318.0 108=996435.0 109=1002056.0 110=1003282.0 111=995993.0 112=1000207.0 113=1005032.0 114=1000615.0 115=997619.0 116=997838.0 117=996719.0 118=1001551.0 119=1006374.0 120=998672.0 121=1001743.0 122=1000799.0 123=996673.0 124=994984.0 125=999797.0 126=991777.0 127=1001483.0 128=999090.0 129=1004934.0 130=1001703.0 131=996868.0 132=1000127.0 133=999562.0 134=995390.0 135=999268.0 136=1000508.0 137=996754.0 138=997214.0 139=997028.0 140=997663.0 141=1000866.0 142=1002949.0 143=1003369.0 144=1001484.0 145=1007906.0 146=999641.0 147=997891.0 148=999488.0 149=1004582.0 150=1008081.0 151=1003425.0 152=999247.0 153=998311.0 154=1003802.0 155=999244.0 156=1006984.0 157=998088.0 158=996612.0 159=996156.0 160=1002351.0 161=994744.0 162=997560.0 163=999324.0 164=997155.0 165=1000682.0 166=1002930.0 167=1000508.0 168=991033.0 169=1002021.0 170=1005752.0 171=993464.0 172=1001715.0 173=995162.0 174=997552.0 175=1003296.0 176=995764.0 177=1000313.0 178=1000001.0 179=1000764.0 180=1000785.0 181=1004955.0 182=1002024.0 183=1000291.0 184=1002443.0 185=1006033.0 186=996455.0 187=997131.0 188=1000553.0 189=1002950.0 190=1003854.0 191=1007301.0 192=1003024.0 193=998235.0 194=1003014.0 195=1000453.0 196=996453.0 197=997167.0 198=989992.0 199=1002487.0 200=999898.0 201=994151.0 202=1000086.0 203=998616.0 204=1000354.0 205=1002506.0 206=995141.0 207=998360.0 208=1002797.0 209=1003004.0 210=998693.0 211=995458.0 212=989894.0 213=996854.0 214=1000254.0 215=999601.0 216=1001696.0 217=995516.0 218=992433.0 219=996312.0 220=999498.0 221=1006968.0 222=995064.0 223=996244.0 224=1001776.0 225=1002462.0 226=997665.0 227=998154.0 228=1005063.0 229=993477.0 230=1000599.0 231=996845.0 232=1002437.0 233=1004289.0 234=1006352.0 235=1000932.0 236=1002166.0 237=1001680.0 238=1002960.0 239=994804.0 240=1002388.0 241=999351.0 242=996447.0 243=1000675.0 244=999610.0 245=998430.0 246=1003316.0 247=1000265.0 248=1000331.0 249=998490.0 250=1003745.0 251=1002875.0 252=997751.0 253=999937.0 254=1000486.0 255=991092.0 ]
    0 : 8326586 (T=8326586, R=0, W=0)
    1 : 8616084 (T=8616084, R=0, W=0)
    2 : 8851858 (T=8851858, R=0, W=0)
    3 : 8203749 (T=8203749, R=0, W=0)
--- 8,542 MB collected in 0.060 secs (0.5% of total), longest GC took 0.009 secs
DATA gc:  total_k 8747455  total_secs 0.059536  max_secs 0.008722
