Number of accounts  = 2
Initial amount      = 100000.0
Maximal transfer    = 10
Read-all frequency  = 0%
Write-all frequency = 0%
Read-all threads    = 0
Write-all threads   = 0
Disjoint            = false
Yield               = false

Starting threads... 0
End of warmup phase... 0
End of test phase... 0
Waiting for threads to finish...
All threads returned successfully
RESULTS:

  Warmup duration (ms) = 20000
  Test duration (ms)   = 10001
  Nb iterations        = 16236398
  Stats                = T=16236398, R=0, W=0, TOTAL=200000 [ 0=74364.0 1=125636.0 ]
    0 : 16236398 (T=16236398, R=0, W=0)
--- 8,398 MB collected in 0.073 secs (0.2% of total), longest GC took 0.006 secs
DATA gc:  total_k 8599904  total_secs 0.073161  max_secs 0.005655
