Number of accounts  = 128
Initial amount      = 100000.0
Maximal transfer    = 10
Read-all frequency  = 0%
Write-all frequency = 0%
Read-all threads    = 0
Write-all threads   = 0
Disjoint            = false
Yield               = false

Starting threads... 0 1
End of warmup phase... 0 1
End of test phase... 0 1
Waiting for threads to finish...
All threads returned successfully
RESULTS:

  Warmup duration (ms) = 20001
  Test duration (ms)   = 10000
  Nb iterations        = 23940155
  Stats                = T=23940155, R=0, W=0, TOTAL=12800000 [ 0=103312.0 1=92718.0 2=106122.0 3=99081.0 4=95783.0 5=101008.0 6=101586.0 7=106943.0 8=109856.0 9=95880.0 10=107292.0 11=111969.0 12=98679.0 13=97443.0 14=104451.0 15=110165.0 16=97671.0 17=94221.0 18=92895.0 19=105130.0 20=96437.0 21=103385.0 22=98611.0 23=90832.0 24=96202.0 25=102024.0 26=90611.0 27=89651.0 28=97399.0 29=88320.0 30=100238.0 31=94806.0 32=103209.0 33=106711.0 34=99442.0 35=87551.0 36=98415.0 37=115999.0 38=102352.0 39=98867.0 40=93681.0 41=105249.0 42=95372.0 43=100553.0 44=104029.0 45=102249.0 46=97472.0 47=105041.0 48=100325.0 49=100999.0 50=88968.0 51=102230.0 52=94383.0 53=101197.0 54=108144.0 55=100873.0 56=94766.0 57=108260.0 58=92654.0 59=100668.0 60=103119.0 61=87805.0 62=97731.0 63=110692.0 64=90957.0 65=105524.0 66=92710.0 67=105121.0 68=107053.0 69=103275.0 70=98625.0 71=96258.0 72=94819.0 73=110266.0 74=96646.0 75=110469.0 76=102651.0 77=107675.0 78=94822.0 79=97808.0 80=105944.0 81=97044.0 82=100904.0 83=103008.0 84=106612.0 85=105633.0 86=107448.0 87=85850.0 88=106668.0 89=109366.0 90=112705.0 91=98559.0 92=93382.0 93=100667.0 94=102296.0 95=100388.0 96=93084.0 97=110059.0 98=103380.0 99=100133.0 100=89881.0 101=94518.0 102=93040.0 103=103897.0 104=98857.0 105=105577.0 106=98367.0 107=105788.0 108=97513.0 109=103610.0 110=107545.0 111=108375.0 112=100378.0 113=99347.0 114=88173.0 115=89377.0 116=92724.0 117=105595.0 118=99846.0 119=94695.0 120=101471.0 121=96006.0 122=92505.0 123=102780.0 124=103809.0 125=89086.0 126=96547.0 127=93157.0 ]
    0 : 12602018 (T=12602018, R=0, W=0)
    1 : 11338137 (T=11338137, R=0, W=0)
--- 26,552 MB collected in 0.046 secs (0.2% of total), longest GC took 0.004 secs
DATA gc:  total_k 27189600  total_secs 0.046306  max_secs 0.003854
