Number of accounts  = 32
Initial amount      = 100000.0
Maximal transfer    = 10
Read-all frequency  = 0%
Write-all frequency = 0%
Read-all threads    = 0
Write-all threads   = 0
Disjoint            = false
Yield               = false

Starting threads... 0 1 2 3 4 5 6 7 8 9 10 11 12 13 14 15 16 17 18 19 20 21 22 23 24 25 26 27 28 29 30 31
End of warmup phase... 0 1 2 3 4 5 6 7 8 9 10 11 12 13 14 15 16 17 18 19 20 21 22 23 24 25 26 27 28 29 30 31
End of test phase... 0 1 2 3 4 5 6 7 8 9 10 11 12 13 14 15 16 17 18 19 20 21 22 23 24 25 26 27 28 29 30 31
Waiting for threads to finish...
All threads returned successfully
RESULTS:

  Warmup duration (ms) = 20000
  Test duration (ms)   = 10000
  Nb iterations        = 66385
  Stats                = T=66385, R=0, W=0, TOTAL=3200000 [ 0=99449.0 1=99822.0 2=99696.0 3=100548.0 4=100290.0 5=100794.0 6=99989.0 7=100723.0 8=99279.0 9=99568.0 10=100042.0 11=101059.0 12=99207.0 13=98959.0 14=99635.0 15=100337.0 16=99422.0 17=100231.0 18=100481.0 19=99914.0 20=100219.0 21=99483.0 22=100628.0 23=99645.0 24=100290.0 25=100352.0 26=99384.0 27=100654.0 28=99871.0 29=99860.0 30=100828.0 31=99341.0 ]
    0 : 3922 (T=3922, R=0, W=0)
    1 : 437 (T=437, R=0, W=0)
    2 : 1501 (T=1501, R=0, W=0)
    3 : 3662 (T=3662, R=0, W=0)
    4 : 504 (T=504, R=0, W=0)
    5 : 462 (T=462, R=0, W=0)
    6 : 397 (T=397, R=0, W=0)
    7 : 3315 (T=3315, R=0, W=0)
    8 : 3458 (T=3458, R=0, W=0)
    9 : 581 (T=581, R=0, W=0)
    10 : 429 (T=429, R=0, W=0)
    11 : 3523 (T=3523, R=0, W=0)
    12 : 364 (T=364, R=0, W=0)
    13 : 2242 (T=2242, R=0, W=0)
    14 : 1331 (T=1331, R=0, W=0)
    15 : 519 (T=519, R=0, W=0)
    16 : 3454 (T=3454, R=0, W=0)
    17 : 2411 (T=2411, R=0, W=0)
    18 : 3833 (T=3833, R=0, W=0)
    19 : 3951 (T=3951, R=0, W=0)
    20 : 546 (T=546, R=0, W=0)
    21 : 672 (T=672, R=0, W=0)
    22 : 327 (T=327, R=0, W=0)
    23 : 2259 (T=2259, R=0, W=0)
    24 : 1816 (T=1816, R=0, W=0)
    25 : 4015 (T=4015, R=0, W=0)
    26 : 401 (T=401, R=0, W=0)
    27 : 2451 (T=2451, R=0, W=0)
    28 : 1709 (T=1709, R=0, W=0)
    29 : 3997 (T=3997, R=0, W=0)
    30 : 4075 (T=4075, R=0, W=0)
    31 : 3821 (T=3821, R=0, W=0)
--- 36,008 MB collected in 0.085 secs (0.3% of total), longest GC took 0.009 secs
DATA gc:  total_k 36872944  total_secs 0.085216  max_secs 0.00909
