TL2CM Initialized:
Contention Manager: Polka busy-waiting [C=10]
Number of accounts  = 512
Initial amount      = 100000.0
Maximal transfer    = 10
Read-all frequency  = 0%
Write-all frequency = 0%
Read-all threads    = 0
Write-all threads   = 0
Disjoint            = false
Yield               = false

Starting threads... 0 1 2 3 4 5 6 7
End of warmup phase... 0 1 2 3 4 5 6 7
End of test phase... 0 1 2 3 4 5 6 7
Waiting for threads to finish...
All threads returned successfully
RESULTS:

  Warmup duration (ms) = 20000
  Test duration (ms)   = 10000
  Nb iterations        = 13907494
  Stats                = T=13907494, R=0, W=0, TOTAL=51182072 [ 0=101738.0 1=100388.0 2=100465.0 3=98557.0 4=99823.0 5=99811.0 6=102967.0 7=102528.0 8=100176.0 9=98492.0 10=101150.0 11=97607.0 12=97039.0 13=97463.0 14=97332.0 15=100900.0 16=96613.0 17=101268.0 18=97392.0 19=96047.0 20=96216.0 21=98311.0 22=104541.0 23=98785.0 24=98788.0 25=100924.0 26=100262.0 27=102475.0 28=97221.0 29=93565.0 30=100925.0 31=99305.0 32=105106.0 33=100493.0 34=106310.0 35=99409.0 36=99708.0 37=99263.0 38=96807.0 39=102719.0 40=102170.0 41=99830.0 42=100854.0 43=101911.0 44=94787.0 45=98497.0 46=97741.0 47=98963.0 48=103831.0 49=102798.0 50=99903.0 51=97649.0 52=103239.0 53=101604.0 54=99643.0 55=98986.0 56=93599.0 57=103851.0 58=99167.0 59=98354.0 60=97408.0 61=95330.0 62=99136.0 63=100355.0 64=102002.0 65=102731.0 66=98418.0 67=98742.0 68=97648.0 69=106076.0 70=101571.0 71=103962.0 72=97305.0 73=100129.0 74=98369.0 75=96841.0 76=95213.0 77=103354.0 78=100239.0 79=101813.0 80=98320.0 81=96932.0 82=99209.0 83=97055.0 84=103529.0 85=100567.0 86=99415.0 87=100609.0 88=101542.0 89=98746.0 90=104719.0 91=97216.0 92=102877.0 93=98318.0 94=101779.0 95=102150.0 96=96619.0 97=99119.0 98=94005.0 99=103258.0 100=101944.0 101=102061.0 102=99596.0 103=96087.0 104=96901.0 105=96168.0 106=100425.0 107=98902.0 108=101543.0 109=98963.0 110=100161.0 111=97649.0 112=95685.0 113=97602.0 114=98959.0 115=96445.0 116=96203.0 117=100995.0 118=99891.0 119=94448.0 120=102824.0 121=102496.0 122=99893.0 123=101444.0 124=100350.0 125=98711.0 126=97568.0 127=99394.0 128=100947.0 129=103806.0 130=99834.0 131=100460.0 132=102544.0 133=99867.0 134=98592.0 135=102605.0 136=97274.0 137=104207.0 138=100461.0 139=96846.0 140=99875.0 141=94838.0 142=99536.0 143=103969.0 144=95664.0 145=98907.0 146=94217.0 147=97673.0 148=98508.0 149=96338.0 150=102268.0 151=97407.0 152=99359.0 153=100002.0 154=103520.0 155=102298.0 156=94080.0 157=99798.0 158=106854.0 159=101711.0 160=102048.0 161=100701.0 162=97757.0 163=102521.0 164=100376.0 165=101033.0 166=96121.0 167=101877.0 168=98551.0 169=100263.0 170=101923.0 171=103585.0 172=102381.0 173=95338.0 174=102634.0 175=99116.0 176=99988.0 177=101422.0 178=101957.0 179=102059.0 180=97813.0 181=100032.0 182=98248.0 183=101311.0 184=95596.0 185=103157.0 186=95826.0 187=98829.0 188=100028.0 189=103547.0 190=98997.0 191=97465.0 192=96434.0 193=98966.0 194=100717.0 195=103586.0 196=99171.0 197=97821.0 198=98272.0 199=96974.0 200=104087.0 201=97480.0 202=100465.0 203=100544.0 204=97466.0 205=104891.0 206=100489.0 207=100597.0 208=99136.0 209=100819.0 210=100693.0 211=105019.0 212=96131.0 213=104065.0 214=99648.0 215=101352.0 216=97256.0 217=103588.0 218=100176.0 219=102216.0 220=97738.0 221=102117.0 222=96953.0 223=101402.0 224=97504.0 225=97404.0 226=98319.0 227=105284.0 228=101004.0 229=104621.0 230=100384.0 231=100024.0 232=101074.0 233=102423.0 234=97571.0 235=97571.0 236=97840.0 237=103804.0 238=106375.0 239=97261.0 240=100247.0 241=103042.0 242=95714.0 243=104572.0 244=98415.0 245=101601.0 246=98981.0 247=97129.0 248=102466.0 249=96546.0 250=99322.0 251=102275.0 252=97609.0 253=95816.0 254=102022.0 255=101034.0 256=101773.0 257=104536.0 258=96912.0 259=102071.0 260=99302.0 261=100634.0 262=100327.0 263=99943.0 264=100289.0 265=101829.0 266=103345.0 267=99493.0 268=101126.0 269=96421.0 270=99752.0 271=97514.0 272=96466.0 273=97062.0 274=99495.0 275=100332.0 276=100297.0 277=96789.0 278=99924.0 279=97674.0 280=102725.0 281=100436.0 282=102610.0 283=102049.0 284=100110.0 285=102362.0 286=99110.0 287=97136.0 288=102645.0 289=100102.0 290=100299.0 291=103292.0 292=99038.0 293=103373.0 294=96786.0 295=94402.0 296=99308.0 297=100088.0 298=99502.0 299=96162.0 300=97646.0 301=100798.0 302=99370.0 303=99540.0 304=100879.0 305=99296.0 306=100473.0 307=103392.0 308=100118.0 309=98205.0 310=101287.0 311=99655.0 312=99971.0 313=98505.0 314=103060.0 315=97582.0 316=99815.0 317=96346.0 318=98242.0 319=103379.0 320=101027.0 321=102760.0 322=101826.0 323=102997.0 324=100536.0 325=100095.0 326=101433.0 327=98438.0 328=93652.0 329=103319.0 330=96527.0 331=99192.0 332=101725.0 333=101115.0 334=103926.0 335=101819.0 336=100040.0 337=97042.0 338=97111.0 339=103852.0 340=99890.0 341=96697.0 342=103029.0 343=99845.0 344=97707.0 345=103999.0 346=96863.0 347=94680.0 348=97647.0 349=99057.0 350=104157.0 351=104971.0 352=101971.0 353=97817.0 354=99715.0 355=99574.0 356=100177.0 357=104823.0 358=99684.0 359=95029.0 360=98695.0 361=98381.0 362=97598.0 363=98002.0 364=98758.0 365=102061.0 366=103468.0 367=99957.0 368=97574.0 369=100354.0 370=99966.0 371=98170.0 372=97894.0 373=101889.0 374=101045.0 375=107824.0 376=95795.0 377=99878.0 378=98313.0 379=101166.0 380=102181.0 381=103163.0 382=100685.0 383=100542.0 384=101497.0 385=97957.0 386=103630.0 387=100768.0 388=100003.0 389=101566.0 390=100106.0 391=98328.0 392=97644.0 393=104885.0 394=96567.0 395=99793.0 396=95093.0 397=100660.0 398=94367.0 399=99793.0 400=102455.0 401=103373.0 402=99292.0 403=100366.0 404=99316.0 405=101336.0 406=100268.0 407=102836.0 408=98914.0 409=102683.0 410=98010.0 411=100433.0 412=96783.0 413=102751.0 414=100468.0 415=99958.0 416=95937.0 417=99123.0 418=101191.0 419=105415.0 420=101171.0 421=104751.0 422=97309.0 423=98802.0 424=100608.0 425=98973.0 426=96768.0 427=101483.0 428=99347.0 429=107070.0 430=100238.0 431=99917.0 432=100636.0 433=101158.0 434=101686.0 435=97861.0 436=97523.0 437=96647.0 438=101898.0 439=102079.0 440=99040.0 441=99280.0 442=103418.0 443=97704.0 444=99745.0 445=100446.0 446=102130.0 447=97038.0 448=99779.0 449=100273.0 450=99021.0 451=101997.0 452=97752.0 453=103424.0 454=96770.0 455=102511.0 456=99421.0 457=99102.0 458=98924.0 459=100883.0 460=99637.0 461=99764.0 462=98604.0 463=101618.0 464=97397.0 465=103066.0 466=102643.0 467=101125.0 468=97099.0 469=100148.0 470=100822.0 471=97951.0 472=97664.0 473=100371.0 474=104109.0 475=101505.0 476=101122.0 477=99260.0 478=100755.0 479=99277.0 480=99939.0 481=101099.0 482=98393.0 483=97016.0 484=105247.0 485=98384.0 486=105345.0 487=102983.0 488=101971.0 489=104420.0 490=98444.0 491=98685.0 492=101217.0 493=99608.0 494=101638.0 495=105470.0 496=97732.0 497=94858.0 498=100769.0 499=101889.0 500=102811.0 501=96650.0 502=100556.0 503=101433.0 504=98497.0 505=99158.0 506=100793.0 507=97732.0 508=100755.0 509=98279.0 510=97894.0 511=98322.0 ]
    0 : 1741981 (T=1741981, R=0, W=0)
    1 : 1745844 (T=1745844, R=0, W=0)
    2 : 1751843 (T=1751843, R=0, W=0)
    3 : 1741457 (T=1741457, R=0, W=0)
    4 : 1755577 (T=1755577, R=0, W=0)
    5 : 1744001 (T=1744001, R=0, W=0)
    6 : 1690765 (T=1690765, R=0, W=0)
    7 : 1736026 (T=1736026, R=0, W=0)
--- 27,068 MB collected in 0.084 secs (0.3% of total), longest GC took 0.013 secs
DATA gc:  total_k 27718398  total_secs 0.084359  max_secs 0.013034
