Number of accounts  = 512
Initial amount      = 100000.0
Maximal transfer    = 10
Read-all frequency  = 0%
Write-all frequency = 0%
Read-all threads    = 0
Write-all threads   = 0
Disjoint            = false
Yield               = false

Starting threads... 0 1 2 3 4 5 6 7
End of warmup phase... 0 1 2 3 4 5 6 7
End of test phase... 0 1 2 3 4 5 6 7
Waiting for threads to finish...
All threads returned successfully
RESULTS:

  Warmup duration (ms) = 20000
  Test duration (ms)   = 10000
  Nb iterations        = 57287134
  Stats                = T=57287134, R=0, W=0, TOTAL=51200008 [ 0=103203.0 1=102823.0 2=90185.0 3=102180.0 4=95664.0 5=104196.0 6=104485.0 7=100564.0 8=101928.0 9=103445.0 10=97310.0 11=94956.0 12=100469.0 13=98077.0 14=99891.0 15=96081.0 16=100333.0 17=98459.0 18=97603.0 19=108175.0 20=101872.0 21=90483.0 22=98800.0 23=97416.0 24=99229.0 25=98098.0 26=100538.0 27=100273.0 28=96052.0 29=97934.0 30=98080.0 31=103073.0 32=99476.0 33=94004.0 34=103219.0 35=100304.0 36=97922.0 37=105095.0 38=98283.0 39=97343.0 40=99940.0 41=99546.0 42=102897.0 43=99386.0 44=89376.0 45=91764.0 46=94746.0 47=104093.0 48=97244.0 49=106799.0 50=102235.0 51=108747.0 52=96735.0 53=103045.0 54=97111.0 55=107843.0 56=107688.0 57=90420.0 58=100494.0 59=94969.0 60=101249.0 61=99128.0 62=103205.0 63=99277.0 64=102724.0 65=98161.0 66=99899.0 67=105083.0 68=104888.0 69=105510.0 70=101508.0 71=93443.0 72=102300.0 73=89874.0 74=98200.0 75=97015.0 76=97541.0 77=101692.0 78=97074.0 79=94879.0 80=97293.0 81=105369.0 82=102065.0 83=97046.0 84=92865.0 85=97244.0 86=97488.0 87=101539.0 88=97091.0 89=96794.0 90=98266.0 91=106765.0 92=102871.0 93=100778.0 94=96694.0 95=106344.0 96=92074.0 97=95917.0 98=107329.0 99=93949.0 100=100001.0 101=98093.0 102=94771.0 103=105308.0 104=102690.0 105=99745.0 106=94030.0 107=99205.0 108=104215.0 109=91012.0 110=102172.0 111=101609.0 112=87366.0 113=99204.0 114=106860.0 115=101949.0 116=104916.0 117=95237.0 118=107936.0 119=101089.0 120=101095.0 121=103895.0 122=100927.0 123=103319.0 124=104071.0 125=106945.0 126=95523.0 127=103294.0 128=101742.0 129=102636.0 130=98095.0 131=91404.0 132=89103.0 133=98971.0 134=97258.0 135=106529.0 136=106400.0 137=103337.0 138=105182.0 139=105422.0 140=104340.0 141=105396.0 142=95892.0 143=99200.0 144=94443.0 145=105127.0 146=104453.0 147=98084.0 148=102802.0 149=97128.0 150=94900.0 151=100518.0 152=102151.0 153=102672.0 154=89852.0 155=102416.0 156=97254.0 157=87293.0 158=96704.0 159=102099.0 160=102244.0 161=98850.0 162=98789.0 163=103760.0 164=92196.0 165=103514.0 166=99319.0 167=101108.0 168=102390.0 169=95784.0 170=95365.0 171=109694.0 172=101129.0 173=101168.0 174=91545.0 175=102222.0 176=103574.0 177=93674.0 178=111267.0 179=104004.0 180=102245.0 181=99252.0 182=89263.0 183=98893.0 184=99304.0 185=100474.0 186=100213.0 187=96921.0 188=103166.0 189=102927.0 190=99105.0 191=99029.0 192=98109.0 193=97297.0 194=99575.0 195=96233.0 196=98931.0 197=105647.0 198=100507.0 199=101974.0 200=100624.0 201=95965.0 202=103417.0 203=108309.0 204=93611.0 205=97131.0 206=99842.0 207=98731.0 208=99378.0 209=96921.0 210=100252.0 211=101368.0 212=92956.0 213=94150.0 214=104487.0 215=102515.0 216=102653.0 217=103420.0 218=95877.0 219=99496.0 220=98750.0 221=103991.0 222=98663.0 223=101639.0 224=96745.0 225=99148.0 226=105907.0 227=113597.0 228=84335.0 229=96480.0 230=96397.0 231=102714.0 232=101580.0 233=97732.0 234=105735.0 235=100943.0 236=103303.0 237=90269.0 238=98512.0 239=92601.0 240=97871.0 241=99923.0 242=95691.0 243=98466.0 244=93567.0 245=100670.0 246=106071.0 247=95889.0 248=98448.0 249=93588.0 250=98208.0 251=98131.0 252=95189.0 253=93234.0 254=100792.0 255=100508.0 256=101456.0 257=97282.0 258=97586.0 259=103148.0 260=102739.0 261=93885.0 262=101404.0 263=96540.0 264=94228.0 265=94247.0 266=100443.0 267=91615.0 268=96999.0 269=106675.0 270=101748.0 271=103990.0 272=99239.0 273=97720.0 274=105649.0 275=97453.0 276=104420.0 277=104838.0 278=98829.0 279=98858.0 280=103707.0 281=96457.0 282=96067.0 283=99962.0 284=100839.0 285=104748.0 286=98778.0 287=102250.0 288=108080.0 289=103999.0 290=101991.0 291=104113.0 292=100986.0 293=100464.0 294=100303.0 295=101312.0 296=101035.0 297=102014.0 298=99784.0 299=93549.0 300=99541.0 301=92575.0 302=104390.0 303=101049.0 304=99168.0 305=102363.0 306=100068.0 307=100651.0 308=92291.0 309=90571.0 310=99316.0 311=102409.0 312=103323.0 313=96169.0 314=93900.0 315=95437.0 316=95669.0 317=104004.0 318=101660.0 319=94789.0 320=101459.0 321=102548.0 322=109499.0 323=99621.0 324=100458.0 325=101949.0 326=107680.0 327=105460.0 328=98376.0 329=101935.0 330=101100.0 331=105548.0 332=102223.0 333=98169.0 334=104751.0 335=101217.0 336=93774.0 337=106321.0 338=107127.0 339=107371.0 340=97435.0 341=111729.0 342=104080.0 343=105170.0 344=97932.0 345=93877.0 346=103648.0 347=100530.0 348=100284.0 349=101941.0 350=108471.0 351=101310.0 352=101373.0 353=100094.0 354=108364.0 355=105999.0 356=100356.0 357=97502.0 358=97823.0 359=94853.0 360=105670.0 361=96688.0 362=99182.0 363=100588.0 364=105233.0 365=97066.0 366=108500.0 367=108798.0 368=102212.0 369=99018.0 370=97424.0 371=99811.0 372=95781.0 373=99879.0 374=101095.0 375=101689.0 376=99371.0 377=107556.0 378=98105.0 379=96785.0 380=100544.0 381=98289.0 382=93404.0 383=104813.0 384=93696.0 385=103099.0 386=100643.0 387=95265.0 388=94331.0 389=96468.0 390=97942.0 391=107894.0 392=95878.0 393=106692.0 394=109285.0 395=90725.0 396=96508.0 397=107670.0 398=102687.0 399=114315.0 400=101045.0 401=103437.0 402=97897.0 403=97881.0 404=98047.0 405=105155.0 406=103416.0 407=100198.0 408=96900.0 409=101364.0 410=102966.0 411=99844.0 412=102578.0 413=107836.0 414=106062.0 415=94569.0 416=104090.0 417=100942.0 418=100819.0 419=105419.0 420=93003.0 421=90276.0 422=95639.0 423=106654.0 424=105717.0 425=105938.0 426=99209.0 427=112520.0 428=102735.0 429=97113.0 430=94731.0 431=101541.0 432=99718.0 433=92447.0 434=98442.0 435=97722.0 436=93424.0 437=105041.0 438=101523.0 439=100636.0 440=96966.0 441=93676.0 442=101953.0 443=95072.0 444=97870.0 445=106042.0 446=98861.0 447=101999.0 448=105459.0 449=99418.0 450=106073.0 451=107868.0 452=102086.0 453=102204.0 454=95875.0 455=97490.0 456=105389.0 457=100628.0 458=98395.0 459=99291.0 460=93043.0 461=99522.0 462=93418.0 463=95217.0 464=96721.0 465=106519.0 466=97809.0 467=96684.0 468=96670.0 469=98774.0 470=93837.0 471=99068.0 472=101959.0 473=97226.0 474=99895.0 475=106316.0 476=99130.0 477=99413.0 478=93808.0 479=100868.0 480=94733.0 481=105805.0 482=106302.0 483=97758.0 484=102321.0 485=100598.0 486=97913.0 487=100667.0 488=97916.0 489=98006.0 490=96045.0 491=98185.0 492=113679.0 493=97587.0 494=98393.0 495=102100.0 496=98931.0 497=100403.0 498=103911.0 499=96302.0 500=95566.0 501=96656.0 502=93905.0 503=95790.0 504=101065.0 505=95078.0 506=111488.0 507=102836.0 508=101577.0 509=92611.0 510=96940.0 511=101835.0 ]
    0 : 7168651 (T=7168651, R=0, W=0)
    1 : 7185534 (T=7185534, R=0, W=0)
    2 : 7140807 (T=7140807, R=0, W=0)
    3 : 7245286 (T=7245286, R=0, W=0)
    4 : 7196739 (T=7196739, R=0, W=0)
    5 : 7316721 (T=7316721, R=0, W=0)
    6 : 6734568 (T=6734568, R=0, W=0)
    7 : 7298828 (T=7298828, R=0, W=0)
--- 34,242 MB collected in 0.087 secs (0.3% of total), longest GC took 0.012 secs
DATA gc:  total_k 35063902  total_secs 0.087037  max_secs 0.012461
