Number of accounts  = 4
Initial amount      = 100000.0
Maximal transfer    = 10
Read-all frequency  = 0%
Write-all frequency = 0%
Read-all threads    = 0
Write-all threads   = 0
Disjoint            = false
Yield               = false

Starting threads... 0 1 2 3
End of warmup phase... 0 1 2 3
End of test phase... 0 1 2 3
Waiting for threads to finish...
All threads returned successfully
RESULTS:

  Warmup duration (ms) = 20000
  Test duration (ms)   = 10000
  Nb iterations        = 8795713
  Stats                = T=8795713, R=0, W=0, TOTAL=400000 [ 0=112406.0 1=89063.0 2=92416.0 3=106115.0 ]
    0 : 2612701 (T=2612701, R=0, W=0)
    1 : 1760548 (T=1760548, R=0, W=0)
    2 : 2098802 (T=2098802, R=0, W=0)
    3 : 2323662 (T=2323662, R=0, W=0)
--- 17,574 MB collected in 0.059 secs (0.2% of total), longest GC took 0.007 secs
DATA gc:  total_k 17996448  total_secs 0.058971  max_secs 0.007213
