Number of accounts  = 256
Initial amount      = 100000.0
Maximal transfer    = 10
Read-all frequency  = 0%
Write-all frequency = 0%
Read-all threads    = 0
Write-all threads   = 0
Disjoint            = false
Yield               = false

Starting threads... 0 1 2 3
End of warmup phase... 0 1 2 3
End of test phase... 0 1 2 3
Waiting for threads to finish...
All threads returned successfully
RESULTS:

  Warmup duration (ms) = 20000
  Test duration (ms)   = 10000
  Nb iterations        = 32025981
  Stats                = T=32025981, R=0, W=0, TOTAL=25599996 [ 0=97041.0 1=90844.0 2=93975.0 3=92824.0 4=93211.0 5=104705.0 6=99208.0 7=98936.0 8=93247.0 9=98412.0 10=96739.0 11=105541.0 12=90923.0 13=96008.0 14=98019.0 15=97462.0 16=106752.0 17=90099.0 18=105060.0 19=90107.0 20=102478.0 21=95950.0 22=102492.0 23=100426.0 24=103150.0 25=96413.0 26=100010.0 27=96995.0 28=103627.0 29=100177.0 30=108615.0 31=99013.0 32=102880.0 33=106991.0 34=101450.0 35=92731.0 36=106993.0 37=90945.0 38=99871.0 39=99979.0 40=98404.0 41=98998.0 42=99149.0 43=101591.0 44=104866.0 45=91116.0 46=93625.0 47=100370.0 48=107714.0 49=104559.0 50=99322.0 51=103437.0 52=99356.0 53=102232.0 54=89298.0 55=97266.0 56=105606.0 57=100218.0 58=97635.0 59=107530.0 60=101032.0 61=91920.0 62=101862.0 63=102810.0 64=107035.0 65=96936.0 66=102939.0 67=106812.0 68=104484.0 69=101754.0 70=92260.0 71=86698.0 72=91133.0 73=99964.0 74=94538.0 75=103012.0 76=99184.0 77=101736.0 78=100915.0 79=104324.0 80=96139.0 81=92489.0 82=101075.0 83=99155.0 84=84569.0 85=110478.0 86=101248.0 87=100481.0 88=103964.0 89=100534.0 90=96147.0 91=90419.0 92=99293.0 93=90741.0 94=92792.0 95=104118.0 96=92261.0 97=91994.0 98=104978.0 99=99612.0 100=98145.0 101=102652.0 102=105656.0 103=101414.0 104=105487.0 105=92484.0 106=101556.0 107=103232.0 108=97942.0 109=107218.0 110=105385.0 111=96984.0 112=102226.0 113=102559.0 114=92007.0 115=101791.0 116=99761.0 117=107699.0 118=92015.0 119=103511.0 120=111859.0 121=108469.0 122=97015.0 123=98679.0 124=95958.0 125=103478.0 126=102042.0 127=100541.0 128=96575.0 129=106990.0 130=98522.0 131=100594.0 132=102936.0 133=102079.0 134=96234.0 135=97474.0 136=107771.0 137=102169.0 138=100856.0 139=109081.0 140=105552.0 141=103906.0 142=110736.0 143=105540.0 144=100509.0 145=100147.0 146=101914.0 147=102353.0 148=100286.0 149=101200.0 150=96876.0 151=107336.0 152=100237.0 153=101818.0 154=97374.0 155=101628.0 156=94242.0 157=93889.0 158=100722.0 159=93494.0 160=103841.0 161=104193.0 162=90104.0 163=103012.0 164=101235.0 165=98192.0 166=98888.0 167=107032.0 168=99957.0 169=102409.0 170=102286.0 171=106735.0 172=113702.0 173=103837.0 174=101630.0 175=102933.0 176=103573.0 177=96784.0 178=102900.0 179=105320.0 180=104103.0 181=104180.0 182=102923.0 183=98344.0 184=100437.0 185=100593.0 186=95505.0 187=93435.0 188=99921.0 189=95930.0 190=105911.0 191=100958.0 192=97273.0 193=100139.0 194=106221.0 195=92684.0 196=107328.0 197=96193.0 198=110191.0 199=95615.0 200=103538.0 201=97376.0 202=108443.0 203=103841.0 204=107068.0 205=95845.0 206=93889.0 207=99582.0 208=104989.0 209=98410.0 210=100263.0 211=99757.0 212=97545.0 213=101570.0 214=96821.0 215=99659.0 216=93172.0 217=102272.0 218=92144.0 219=107997.0 220=101211.0 221=104905.0 222=92412.0 223=95873.0 224=105518.0 225=99392.0 226=104035.0 227=99936.0 228=87873.0 229=97948.0 230=96300.0 231=92055.0 232=101233.0 233=92732.0 234=101272.0 235=101703.0 236=92226.0 237=107909.0 238=97932.0 239=92490.0 240=102963.0 241=106341.0 242=96303.0 243=92082.0 244=101861.0 245=95590.0 246=95772.0 247=98083.0 248=103915.0 249=102111.0 250=103009.0 251=101222.0 252=101725.0 253=99383.0 254=99007.0 255=99819.0 ]
    0 : 8161701 (T=8161701, R=0, W=0)
    1 : 8473847 (T=8473847, R=0, W=0)
    2 : 6638779 (T=6638779, R=0, W=0)
    3 : 8751654 (T=8751654, R=0, W=0)
--- 37,839 MB collected in 0.064 secs (0.2% of total), longest GC took 0.007 secs
DATA gc:  total_k 38747648  total_secs 0.064282  max_secs 0.00679
