Number of accounts  = 128
Initial amount      = 1000000.0
Maximal transfer    = 10
Read-all frequency  = 0%
Write-all frequency = 0%
Read-all threads    = 0
Write-all threads   = 0
Disjoint            = false
Yield               = false

Starting threads... 0 1
End of warmup phase... 0 1
End of test phase... 0 1
Waiting for threads to finish...
All threads returned successfully
RESULTS:

  Warmup duration (ms) = 4000
  Test duration (ms)   = 10000
  Nb iterations        = 15948988
TOTAL: T=15948988, R=0, W=0

TOTAL=127999944 [ 0=996556.0 1=998466.0 2=998950.0 3=1000814.0 4=1002366.0 5=1002338.0 6=999473.0 7=996121.0 8=995239.0 9=997271.0 10=998506.0 11=1000892.0 12=998897.0 13=1001340.0 14=995210.0 15=996276.0 16=1008111.0 17=1002186.0 18=998764.0 19=1001918.0 20=995383.0 21=994316.0 22=998012.0 23=998513.0 24=997335.0 25=998921.0 26=996044.0 27=996149.0 28=1002782.0 29=1000235.0 30=999530.0 31=1007351.0 32=1002410.0 33=1000577.0 34=1001628.0 35=1001886.0 36=1004101.0 37=999557.0 38=1003340.0 39=1001046.0 40=999967.0 41=999546.0 42=996081.0 43=1006699.0 44=999338.0 45=1002431.0 46=998674.0 47=998286.0 48=997580.0 49=995258.0 50=1004057.0 51=999023.0 52=1005182.0 53=1000233.0 54=1000354.0 55=998250.0 56=1001964.0 57=998816.0 58=1001731.0 59=1003042.0 60=1001342.0 61=1005408.0 62=1001974.0 63=1001321.0 64=997828.0 65=1004174.0 66=1000863.0 67=1000430.0 68=996343.0 69=997504.0 70=994123.0 71=1000251.0 72=996796.0 73=994038.0 74=1001187.0 75=994574.0 76=999238.0 77=993758.0 78=999530.0 79=1001449.0 80=998915.0 81=1004936.0 82=1012062.0 83=997742.0 84=999023.0 85=999762.0 86=1004481.0 87=997659.0 88=997181.0 89=1000679.0 90=1002093.0 91=1004449.0 92=1002039.0 93=1003876.0 94=1000131.0 95=997487.0 96=999278.0 97=1000013.0 98=1004765.0 99=1002771.0 100=991396.0 101=1001095.0 102=997906.0 103=1005286.0 104=995141.0 105=994407.0 106=1002255.0 107=1004028.0 108=995426.0 109=1000440.0 110=1003059.0 111=1003486.0 112=995752.0 113=1001633.0 114=1002064.0 115=999169.0 116=1000554.0 117=1003775.0 118=1000923.0 119=1002634.0 120=1003468.0 121=994861.0 122=997993.0 123=1004181.0 124=998471.0 125=995099.0 126=1001547.0 127=997121.0 ]
    0 : 8585953 (T=8585953, R=0, W=0)
    1 : 7363035 (T=7363035, R=0, W=0)
--- 4,500 MB collected in 0.039 secs (0.3% of total), longest GC took 0.005 secs
DATA gc:  total_k 4608808  total_secs 0.03939  max_secs 0.005463
