Number of accounts  = 128
Initial amount      = 100000.0
Maximal transfer    = 10
Read-all frequency  = 0%
Write-all frequency = 0%
Read-all threads    = 0
Write-all threads   = 0
Disjoint            = false
Yield               = false

Starting threads... 0 1
End of warmup phase... 0 1
End of test phase... 0 1
Waiting for threads to finish...
All threads returned successfully
RESULTS:

  Warmup duration (ms) = 20000
  Test duration (ms)   = 10001
  Nb iterations        = 19812012
  Stats                = T=19812012, R=0, W=0, TOTAL=12800000 [ 0=98574.0 1=98934.0 2=110438.0 3=86189.0 4=89697.0 5=102681.0 6=103402.0 7=90269.0 8=107053.0 9=108422.0 10=100099.0 11=97835.0 12=104010.0 13=96968.0 14=101875.0 15=101924.0 16=94729.0 17=96149.0 18=100511.0 19=96287.0 20=102713.0 21=99250.0 22=93175.0 23=108976.0 24=94042.0 25=98559.0 26=107376.0 27=106291.0 28=94077.0 29=94594.0 30=100880.0 31=91057.0 32=102743.0 33=96372.0 34=104553.0 35=93594.0 36=108098.0 37=102031.0 38=100803.0 39=105010.0 40=95646.0 41=111862.0 42=94947.0 43=100791.0 44=102385.0 45=97435.0 46=93962.0 47=90983.0 48=108194.0 49=96390.0 50=100567.0 51=91441.0 52=103885.0 53=94395.0 54=95986.0 55=105956.0 56=101781.0 57=108975.0 58=98030.0 59=104443.0 60=103991.0 61=92044.0 62=101103.0 63=97930.0 64=109677.0 65=96751.0 66=87508.0 67=104712.0 68=111940.0 69=100862.0 70=101752.0 71=100569.0 72=104142.0 73=92383.0 74=101828.0 75=109933.0 76=95952.0 77=100875.0 78=104280.0 79=99835.0 80=101680.0 81=96446.0 82=103725.0 83=101471.0 84=88214.0 85=93174.0 86=86863.0 87=101767.0 88=106039.0 89=111033.0 90=101984.0 91=97460.0 92=90075.0 93=97123.0 94=103550.0 95=108895.0 96=104916.0 97=99307.0 98=92167.0 99=103808.0 100=98112.0 101=101352.0 102=93665.0 103=108711.0 104=94317.0 105=110539.0 106=102428.0 107=103256.0 108=99602.0 109=102388.0 110=98289.0 111=96376.0 112=112628.0 113=102753.0 114=96894.0 115=96280.0 116=97622.0 117=88556.0 118=99215.0 119=106068.0 120=98085.0 121=105886.0 122=103492.0 123=87902.0 124=104460.0 125=97014.0 126=95471.0 127=102581.0 ]
    0 : 9819314 (T=9819314, R=0, W=0)
    1 : 9992698 (T=9992698, R=0, W=0)
--- 23,112 MB collected in 0.061 secs (0.2% of total), longest GC took 0.007 secs
DATA gc:  total_k 23667144  total_secs 0.060708  max_secs 0.006598
