TL2CM Initialized:
Contention Manager: Polka busy-waiting [C=10]
Number of accounts  = 256
Initial amount      = 100000.0
Maximal transfer    = 10
Read-all frequency  = 0%
Write-all frequency = 0%
Read-all threads    = 0
Write-all threads   = 0
Disjoint            = false
Yield               = false

Starting threads... 0 1 2 3
End of warmup phase... 0 1 2 3
End of test phase... 0 1 2 3
Waiting for threads to finish...
All threads returned successfully
RESULTS:

  Warmup duration (ms) = 20000
  Test duration (ms)   = 10001
  Nb iterations        = 11731998
  Stats                = T=11731998, R=0, W=0, TOTAL=25579360 [ 0=102990.0 1=103207.0 2=96525.0 3=98414.0 4=101894.0 5=101184.0 6=101661.0 7=100118.0 8=97569.0 9=100289.0 10=98013.0 11=102887.0 12=94220.0 13=96212.0 14=101322.0 15=102183.0 16=100807.0 17=93730.0 18=98873.0 19=100787.0 20=101948.0 21=99532.0 22=99487.0 23=106485.0 24=105040.0 25=99912.0 26=103000.0 27=94239.0 28=91215.0 29=100138.0 30=98603.0 31=106735.0 32=104563.0 33=100579.0 34=100376.0 35=106833.0 36=100979.0 37=104758.0 38=96401.0 39=96558.0 40=96588.0 41=100508.0 42=101743.0 43=94385.0 44=99218.0 45=100169.0 46=99803.0 47=93601.0 48=92360.0 49=101117.0 50=97455.0 51=100152.0 52=97574.0 53=101235.0 54=96449.0 55=102728.0 56=100671.0 57=102672.0 58=102076.0 59=101218.0 60=101713.0 61=102166.0 62=96366.0 63=98006.0 64=98899.0 65=106301.0 66=97514.0 67=105035.0 68=95542.0 69=102264.0 70=97847.0 71=102120.0 72=100973.0 73=106791.0 74=97227.0 75=96663.0 76=100865.0 77=100786.0 78=97232.0 79=102113.0 80=104512.0 81=97938.0 82=102992.0 83=96672.0 84=100607.0 85=97593.0 86=94298.0 87=101794.0 88=101974.0 89=101678.0 90=96598.0 91=100762.0 92=99301.0 93=103724.0 94=101563.0 95=97241.0 96=103463.0 97=96061.0 98=100037.0 99=97647.0 100=104336.0 101=100773.0 102=100634.0 103=97528.0 104=97928.0 105=102878.0 106=92307.0 107=97084.0 108=95741.0 109=100653.0 110=97447.0 111=96204.0 112=101034.0 113=97768.0 114=103240.0 115=97795.0 116=101309.0 117=106242.0 118=92872.0 119=101713.0 120=99097.0 121=97348.0 122=99651.0 123=103908.0 124=94519.0 125=99735.0 126=102128.0 127=96396.0 128=103250.0 129=99942.0 130=100328.0 131=94383.0 132=103712.0 133=100888.0 134=100589.0 135=101003.0 136=100855.0 137=97437.0 138=98537.0 139=93283.0 140=100119.0 141=102795.0 142=99237.0 143=92634.0 144=103379.0 145=100656.0 146=104936.0 147=98211.0 148=100554.0 149=98902.0 150=103303.0 151=101606.0 152=100050.0 153=99670.0 154=94922.0 155=100122.0 156=100990.0 157=100963.0 158=105809.0 159=95741.0 160=106469.0 161=103320.0 162=96994.0 163=102010.0 164=102429.0 165=105587.0 166=100684.0 167=99702.0 168=92571.0 169=98009.0 170=103846.0 171=98161.0 172=101253.0 173=102169.0 174=102232.0 175=97715.0 176=101641.0 177=99194.0 178=98853.0 179=99198.0 180=97350.0 181=100161.0 182=102827.0 183=92928.0 184=103536.0 185=103343.0 186=99429.0 187=98174.0 188=100755.0 189=102231.0 190=97317.0 191=101529.0 192=101550.0 193=98559.0 194=99601.0 195=92660.0 196=101650.0 197=99939.0 198=96495.0 199=99497.0 200=96238.0 201=102318.0 202=109725.0 203=104786.0 204=97506.0 205=95912.0 206=102084.0 207=100254.0 208=98116.0 209=102705.0 210=102984.0 211=102436.0 212=102834.0 213=98312.0 214=105318.0 215=95001.0 216=98967.0 217=98147.0 218=93840.0 219=98836.0 220=102199.0 221=99550.0 222=100253.0 223=102939.0 224=97279.0 225=94690.0 226=98148.0 227=98701.0 228=104444.0 229=103153.0 230=97040.0 231=100963.0 232=100284.0 233=99736.0 234=100020.0 235=101254.0 236=97371.0 237=102027.0 238=100874.0 239=98834.0 240=100142.0 241=103138.0 242=94097.0 243=100916.0 244=95217.0 245=99777.0 246=108866.0 247=98037.0 248=99003.0 249=105028.0 250=95971.0 251=97381.0 252=104281.0 253=97692.0 254=99382.0 255=100845.0 ]
    0 : 2995595 (T=2995595, R=0, W=0)
    1 : 2888930 (T=2888930, R=0, W=0)
    2 : 2886729 (T=2886729, R=0, W=0)
    3 : 2960744 (T=2960744, R=0, W=0)
--- 22,750 MB collected in 0.077 secs (0.3% of total), longest GC took 0.010 secs
DATA gc:  total_k 23296431  total_secs 0.077399  max_secs 0.009644
