Number of accounts  = 256
Initial amount      = 1000000.0
Maximal transfer    = 10
Read-all frequency  = 0%
Write-all frequency = 0%
Read-all threads    = 0
Write-all threads   = 0
Disjoint            = false
Yield               = false

Starting threads... 0 1 2 3
End of warmup phase... 0 1 2 3
End of test phase... 0 1 2 3
Waiting for threads to finish...
All threads returned successfully
RESULTS:

  Warmup duration (ms) = 4001
  Test duration (ms)   = 10000
  Nb iterations        = 42348046
TOTAL: T=42348046, R=0, W=0

TOTAL=255999984 [ 0=1001416.0 1=995802.0 2=1005576.0 3=1000541.0 4=997864.0 5=996500.0 6=1006549.0 7=994693.0 8=999597.0 9=998411.0 10=1001612.0 11=1005292.0 12=996326.0 13=1001457.0 14=1002054.0 15=994215.0 16=1005699.0 17=1002206.0 18=998129.0 19=998099.0 20=998102.0 21=1002139.0 22=993106.0 23=995842.0 24=1001163.0 25=999013.0 26=1006234.0 27=1001575.0 28=1002375.0 29=998967.0 30=1002453.0 31=1001063.0 32=1000135.0 33=998563.0 34=997024.0 35=1002477.0 36=996310.0 37=1005574.0 38=1002635.0 39=1008762.0 40=1008134.0 41=1006313.0 42=1001978.0 43=1001020.0 44=1000828.0 45=999800.0 46=996840.0 47=1003475.0 48=987331.0 49=1004465.0 50=1003363.0 51=1006743.0 52=998506.0 53=999265.0 54=999287.0 55=995685.0 56=1004436.0 57=1004762.0 58=1000529.0 59=996606.0 60=999139.0 61=1004374.0 62=1003991.0 63=1008538.0 64=998334.0 65=993016.0 66=1004139.0 67=1002102.0 68=998022.0 69=1006815.0 70=1002146.0 71=1004168.0 72=999283.0 73=994909.0 74=995585.0 75=1002393.0 76=1002935.0 77=992707.0 78=999791.0 79=996947.0 80=1005251.0 81=1000845.0 82=997306.0 83=1003039.0 84=997179.0 85=1001042.0 86=1002751.0 87=997530.0 88=996130.0 89=994169.0 90=997145.0 91=991871.0 92=1000363.0 93=997709.0 94=1000600.0 95=999152.0 96=993061.0 97=1003478.0 98=1003814.0 99=1004063.0 100=1001021.0 101=1000881.0 102=999059.0 103=1002972.0 104=996110.0 105=1005575.0 106=998096.0 107=994722.0 108=1002668.0 109=996973.0 110=999839.0 111=997616.0 112=1002379.0 113=996664.0 114=1002612.0 115=996092.0 116=1001144.0 117=1003839.0 118=1001120.0 119=991336.0 120=998180.0 121=1005769.0 122=1002007.0 123=998597.0 124=1003954.0 125=1003244.0 126=995256.0 127=995919.0 128=1001643.0 129=997628.0 130=1003430.0 131=995868.0 132=1000188.0 133=1004907.0 134=998782.0 135=1000959.0 136=989022.0 137=999512.0 138=995512.0 139=1000477.0 140=992312.0 141=998913.0 142=996110.0 143=996403.0 144=998921.0 145=997372.0 146=996653.0 147=1003895.0 148=997006.0 149=998895.0 150=1002067.0 151=1003810.0 152=999784.0 153=993524.0 154=1004148.0 155=998351.0 156=994989.0 157=1002897.0 158=996018.0 159=998944.0 160=1000665.0 161=997873.0 162=997493.0 163=993547.0 164=1002995.0 165=1001948.0 166=997186.0 167=1001556.0 168=1004075.0 169=998328.0 170=998227.0 171=1006784.0 172=996077.0 173=999206.0 174=1012831.0 175=993627.0 176=997201.0 177=1003613.0 178=993406.0 179=1005163.0 180=998713.0 181=1005490.0 182=1001159.0 183=996032.0 184=999170.0 185=995981.0 186=1010724.0 187=994709.0 188=1002399.0 189=1000039.0 190=994705.0 191=999311.0 192=1003354.0 193=1002100.0 194=998356.0 195=1000971.0 196=998179.0 197=1000001.0 198=997416.0 199=996648.0 200=1001016.0 201=995544.0 202=999927.0 203=990854.0 204=1001990.0 205=994871.0 206=994877.0 207=1003419.0 208=998393.0 209=1001367.0 210=1000801.0 211=1001813.0 212=1000829.0 213=1002486.0 214=1004327.0 215=995203.0 216=998313.0 217=1002658.0 218=1003148.0 219=997969.0 220=1007517.0 221=1000455.0 222=995139.0 223=996792.0 224=1010648.0 225=988659.0 226=998184.0 227=1003534.0 228=1003121.0 229=1006321.0 230=994908.0 231=996882.0 232=999389.0 233=1000830.0 234=995458.0 235=1005537.0 236=990672.0 237=1004288.0 238=1002912.0 239=1005864.0 240=999372.0 241=991282.0 242=999154.0 243=1005604.0 244=1006369.0 245=994214.0 246=1005276.0 247=999374.0 248=1011738.0 249=1007140.0 250=1007175.0 251=1003200.0 252=997001.0 253=1000024.0 254=999157.0 255=996415.0 ]
    0 : 10938249 (T=10938249, R=0, W=0)
    1 : 10360084 (T=10360084, R=0, W=0)
    2 : 10432276 (T=10432276, R=0, W=0)
    3 : 10617437 (T=10617437, R=0, W=0)
--- 21,007 MB collected in 0.043 secs (0.3% of total), longest GC took 0.005 secs
DATA gc:  total_k 21511312  total_secs 0.042736  max_secs 0.004724
