Number of accounts  = 4
Initial amount      = 1000000.0
Maximal transfer    = 10
Read-all frequency  = 0%
Write-all frequency = 0%
Read-all threads    = 0
Write-all threads   = 0
Disjoint            = false
Yield               = false

Starting threads... 0 1 2 3
End of warmup phase... 0 1 2 3
End of test phase... 0 1 2 3
Waiting for threads to finish...
All threads returned successfully
RESULTS:

  Warmup duration (ms) = 4000
  Test duration (ms)   = 10000
  Nb iterations        = 10928104
TOTAL: T=10928104, R=0, W=0

TOTAL=4000000 [ 0=1028464.0 1=961525.0 2=976625.0 3=1033386.0 ]
    0 : 2678849 (T=2678849, R=0, W=0)
    1 : 2676441 (T=2676441, R=0, W=0)
    2 : 2893721 (T=2893721, R=0, W=0)
    3 : 2679093 (T=2679093, R=0, W=0)
--- 7,052 MB collected in 0.052 secs (0.4% of total), longest GC took 0.007 secs
DATA gc:  total_k 7221399  total_secs 0.051679  max_secs 0.007318
