Starting Multiverse JavaAgent
Number of accounts  = 2
Initial amount      = 100000.0
Maximal transfer    = 10
Read-all frequency  = 0%
Write-all frequency = 0%
Read-all threads    = 0
Write-all threads   = 0
Disjoint            = false
Yield               = false

Starting threads... 0
End of warmup phase... 0
End of test phase... 0
Waiting for threads to finish...
All threads returned successfully
RESULTS:

  Warmup duration (ms) = 20000
  Test duration (ms)   = 10000
  Nb iterations        = 38911753
  Stats                = T=38911753, R=0, W=0, TOTAL=200000 [ 0=97467.0 1=102533.0 ]
    0 : 38911753 (T=38911753, R=0, W=0)
--- 20,240 MB collected in 0.079 secs (0.3% of total), longest GC took 0.002 secs
DATA gc:  total_k 20726088  total_secs 0.078534  max_secs 0.002389
