Starting Multiverse JavaAgent
Number of accounts  = 256
Initial amount      = 100000.0
Maximal transfer    = 10
Read-all frequency  = 0%
Write-all frequency = 0%
Read-all threads    = 0
Write-all threads   = 0
Disjoint            = false
Yield               = false

Starting threads... 0 1 2 3
End of warmup phase... 0 1 2 3
End of test phase... 0 1 2 3
Waiting for threads to finish...
All threads returned successfully
RESULTS:

  Warmup duration (ms) = 4001
  Test duration (ms)   = 10000
  Nb iterations        = 24526435
  Stats                = T=24526435, R=0, W=0, TOTAL=25600000 [ 0=97343.0 1=99626.0 2=95171.0 3=101240.0 4=107007.0 5=98514.0 6=106165.0 7=100568.0 8=103854.0 9=99427.0 10=101237.0 11=103497.0 12=94948.0 13=98668.0 14=100060.0 15=100347.0 16=96730.0 17=98393.0 18=102203.0 19=100566.0 20=92244.0 21=100188.0 22=99731.0 23=103622.0 24=96471.0 25=105552.0 26=100788.0 27=102256.0 28=98626.0 29=99058.0 30=101137.0 31=102339.0 32=98357.0 33=98776.0 34=103558.0 35=99113.0 36=98389.0 37=98559.0 38=100088.0 39=105035.0 40=97956.0 41=102484.0 42=100894.0 43=100766.0 44=103871.0 45=99658.0 46=103674.0 47=105105.0 48=101660.0 49=105096.0 50=100704.0 51=100292.0 52=97700.0 53=97023.0 54=98389.0 55=97638.0 56=100542.0 57=94336.0 58=98351.0 59=102264.0 60=99975.0 61=99740.0 62=98098.0 63=101998.0 64=98529.0 65=102488.0 66=96330.0 67=97594.0 68=98558.0 69=103233.0 70=103500.0 71=96785.0 72=99185.0 73=99717.0 74=99265.0 75=102061.0 76=100885.0 77=99472.0 78=102408.0 79=98137.0 80=103035.0 81=100792.0 82=101811.0 83=103811.0 84=102850.0 85=102091.0 86=98937.0 87=97405.0 88=96587.0 89=100859.0 90=100832.0 91=99150.0 92=100633.0 93=93677.0 94=96965.0 95=102963.0 96=103288.0 97=96349.0 98=96182.0 99=103461.0 100=103333.0 101=102177.0 102=100222.0 103=98259.0 104=93895.0 105=96533.0 106=91338.0 107=98317.0 108=92286.0 109=98942.0 110=98593.0 111=94422.0 112=98744.0 113=98594.0 114=99505.0 115=94376.0 116=97120.0 117=100656.0 118=105139.0 119=100319.0 120=99287.0 121=101594.0 122=98640.0 123=100743.0 124=99420.0 125=100643.0 126=98727.0 127=103151.0 128=104028.0 129=97742.0 130=98292.0 131=102501.0 132=96002.0 133=101036.0 134=97641.0 135=99428.0 136=101819.0 137=99283.0 138=106908.0 139=100630.0 140=99517.0 141=93418.0 142=105244.0 143=100272.0 144=93091.0 145=101260.0 146=105350.0 147=102761.0 148=98382.0 149=98597.0 150=101576.0 151=101690.0 152=99077.0 153=100171.0 154=100871.0 155=101571.0 156=104198.0 157=96393.0 158=95183.0 159=98857.0 160=98648.0 161=100590.0 162=104620.0 163=102216.0 164=99160.0 165=104079.0 166=100867.0 167=102096.0 168=97477.0 169=97302.0 170=104093.0 171=99417.0 172=100270.0 173=103498.0 174=107564.0 175=100789.0 176=100605.0 177=96442.0 178=103254.0 179=97560.0 180=96777.0 181=99602.0 182=95894.0 183=101248.0 184=97519.0 185=100105.0 186=105584.0 187=100793.0 188=102388.0 189=102508.0 190=99841.0 191=98441.0 192=102929.0 193=103840.0 194=100835.0 195=104243.0 196=102767.0 197=102854.0 198=93655.0 199=95010.0 200=100931.0 201=102915.0 202=98156.0 203=103427.0 204=95078.0 205=103276.0 206=102639.0 207=93424.0 208=99250.0 209=100227.0 210=98142.0 211=100657.0 212=106643.0 213=101371.0 214=100894.0 215=97855.0 216=97708.0 217=97659.0 218=100619.0 219=102670.0 220=97183.0 221=100323.0 222=100842.0 223=97039.0 224=97871.0 225=105085.0 226=98912.0 227=96267.0 228=106089.0 229=94569.0 230=97393.0 231=99410.0 232=98854.0 233=99823.0 234=100058.0 235=102977.0 236=108541.0 237=102566.0 238=97177.0 239=98012.0 240=97949.0 241=96600.0 242=96354.0 243=95748.0 244=102313.0 245=99603.0 246=94024.0 247=95170.0 248=95085.0 249=101105.0 250=101694.0 251=101274.0 252=104348.0 253=100608.0 254=98499.0 255=104460.0 ]
    0 : 7341810 (T=7341810, R=0, W=0)
    1 : 6516725 (T=6516725, R=0, W=0)
    2 : 5701202 (T=5701202, R=0, W=0)
    3 : 4966698 (T=4966698, R=0, W=0)
--- 6,976 MB collected in 0.035 secs (0.2% of total), longest GC took 0.003 secs
DATA gc:  total_k 7143776  total_secs 0.035261  max_secs 0.002879
