Starting Multiverse JavaAgent
Number of accounts  = 2
Initial amount      = 1000000.0
Maximal transfer    = 10
Read-all frequency  = 0%
Write-all frequency = 0%
Read-all threads    = 0
Write-all threads   = 0
Disjoint            = false
Yield               = false

Starting threads... 0 1
End of warmup phase... 0 1
End of test phase... 0 1
Waiting for threads to finish...
All threads returned successfully
RESULTS:

  Warmup duration (ms) = 4000
  Test duration (ms)   = 10001
  Nb iterations        = 10513681
TOTAL: T=10513681, R=0, W=0

TOTAL=2000000 [ 0=1006905.0 1=993095.0 ]
    0 : 5488540 (T=5488540, R=0, W=0)
    1 : 5025141 (T=5025141, R=0, W=0)
--- 12,730 MB collected in 0.042 secs (0.3% of total), longest GC took 0.004 secs
DATA gc:  total_k 13036256  total_secs 0.041729  max_secs 0.003911
