Starting Multiverse JavaAgent
Number of accounts  = 512
Initial amount      = 100000.0
Maximal transfer    = 10
Read-all frequency  = 0%
Write-all frequency = 0%
Read-all threads    = 0
Write-all threads   = 0
Disjoint            = false
Yield               = false

Starting threads... 0 1 2 3 4 5 6 7
End of warmup phase... 0 1 2 3 4 5 6 7
End of test phase... 0 1 2 3 4 5 6 7
Waiting for threads to finish...
All threads returned successfully
RESULTS:

  Warmup duration (ms) = 20000
  Test duration (ms)   = 10000
  Nb iterations        = 32079479
  Stats                = T=32079479, R=0, W=0, TOTAL=51200000 [ 0=101054.0 1=101856.0 2=104535.0 3=100626.0 4=101692.0 5=97629.0 6=96187.0 7=99782.0 8=108999.0 9=106658.0 10=94249.0 11=98001.0 12=97704.0 13=102639.0 14=97021.0 15=98356.0 16=98211.0 17=98550.0 18=95954.0 19=100493.0 20=104277.0 21=100730.0 22=99886.0 23=93860.0 24=93714.0 25=103488.0 26=109576.0 27=99592.0 28=101210.0 29=106105.0 30=99482.0 31=101898.0 32=96204.0 33=106429.0 34=90192.0 35=105297.0 36=104589.0 37=96801.0 38=103919.0 39=104243.0 40=99020.0 41=104077.0 42=100981.0 43=97707.0 44=102971.0 45=97093.0 46=98531.0 47=100348.0 48=101300.0 49=100574.0 50=103379.0 51=96180.0 52=102515.0 53=97687.0 54=99657.0 55=109458.0 56=97156.0 57=102951.0 58=101481.0 59=104803.0 60=90267.0 61=109366.0 62=99445.0 63=105080.0 64=96354.0 65=92995.0 66=94936.0 67=103177.0 68=104604.0 69=102076.0 70=93675.0 71=107166.0 72=106318.0 73=101738.0 74=104025.0 75=105738.0 76=104151.0 77=103150.0 78=105984.0 79=100896.0 80=104396.0 81=98643.0 82=104829.0 83=94359.0 84=95051.0 85=98221.0 86=105484.0 87=102991.0 88=95185.0 89=95938.0 90=99375.0 91=97721.0 92=103116.0 93=101987.0 94=101156.0 95=102549.0 96=104095.0 97=100320.0 98=97800.0 99=101047.0 100=99829.0 101=100230.0 102=101721.0 103=100507.0 104=104653.0 105=106489.0 106=96951.0 107=100176.0 108=101018.0 109=94417.0 110=99610.0 111=101850.0 112=101843.0 113=97691.0 114=101206.0 115=99828.0 116=94261.0 117=101249.0 118=97824.0 119=101019.0 120=96907.0 121=96636.0 122=105921.0 123=107512.0 124=97686.0 125=103550.0 126=96546.0 127=97264.0 128=95887.0 129=97506.0 130=104942.0 131=97858.0 132=100501.0 133=101802.0 134=103112.0 135=103593.0 136=96325.0 137=99825.0 138=93215.0 139=100248.0 140=104127.0 141=105381.0 142=96010.0 143=103653.0 144=98865.0 145=100270.0 146=102606.0 147=102390.0 148=100995.0 149=100949.0 150=101756.0 151=97941.0 152=101598.0 153=105467.0 154=96603.0 155=95282.0 156=94779.0 157=101342.0 158=93927.0 159=103809.0 160=100792.0 161=105698.0 162=99453.0 163=95630.0 164=102595.0 165=100832.0 166=103308.0 167=101181.0 168=97814.0 169=99409.0 170=101718.0 171=94351.0 172=100258.0 173=103124.0 174=104207.0 175=98774.0 176=94067.0 177=96937.0 178=95633.0 179=95790.0 180=102165.0 181=104987.0 182=93345.0 183=106806.0 184=98513.0 185=103099.0 186=95609.0 187=103188.0 188=97607.0 189=97253.0 190=92811.0 191=98100.0 192=97373.0 193=98659.0 194=99016.0 195=96779.0 196=93384.0 197=88833.0 198=106408.0 199=94573.0 200=100735.0 201=101756.0 202=102102.0 203=99541.0 204=100805.0 205=94215.0 206=104357.0 207=104458.0 208=98692.0 209=99807.0 210=103444.0 211=90866.0 212=93135.0 213=105073.0 214=99515.0 215=100414.0 216=97349.0 217=101811.0 218=110126.0 219=95590.0 220=93155.0 221=104866.0 222=107604.0 223=99276.0 224=101195.0 225=98738.0 226=94908.0 227=100399.0 228=98360.0 229=104066.0 230=96965.0 231=102389.0 232=98516.0 233=97774.0 234=98901.0 235=95142.0 236=105932.0 237=101243.0 238=99852.0 239=97311.0 240=96969.0 241=96173.0 242=98392.0 243=99447.0 244=101468.0 245=95889.0 246=102776.0 247=101684.0 248=103764.0 249=104365.0 250=96278.0 251=98060.0 252=106207.0 253=98515.0 254=97199.0 255=97014.0 256=94350.0 257=99910.0 258=102902.0 259=98126.0 260=99473.0 261=102687.0 262=102511.0 263=102635.0 264=104815.0 265=92550.0 266=93356.0 267=96975.0 268=96424.0 269=90912.0 270=103019.0 271=100957.0 272=93093.0 273=96620.0 274=105410.0 275=105707.0 276=102050.0 277=99639.0 278=96890.0 279=105914.0 280=95491.0 281=100663.0 282=96741.0 283=98947.0 284=99063.0 285=94109.0 286=105473.0 287=100493.0 288=103339.0 289=103337.0 290=95632.0 291=105369.0 292=101891.0 293=96824.0 294=94559.0 295=97145.0 296=95029.0 297=102859.0 298=99587.0 299=103804.0 300=100218.0 301=97055.0 302=106338.0 303=94379.0 304=97053.0 305=98815.0 306=99439.0 307=100117.0 308=97351.0 309=97481.0 310=96888.0 311=105616.0 312=99113.0 313=103585.0 314=105583.0 315=106017.0 316=103192.0 317=104573.0 318=96741.0 319=95724.0 320=99418.0 321=105500.0 322=105492.0 323=99438.0 324=98636.0 325=105975.0 326=98746.0 327=98285.0 328=106090.0 329=96813.0 330=100528.0 331=100527.0 332=100500.0 333=94329.0 334=99385.0 335=103333.0 336=100004.0 337=99384.0 338=102500.0 339=100490.0 340=98687.0 341=98842.0 342=95795.0 343=102282.0 344=96177.0 345=103007.0 346=101598.0 347=107617.0 348=99164.0 349=98442.0 350=99432.0 351=102831.0 352=98966.0 353=106660.0 354=105642.0 355=95645.0 356=99069.0 357=100619.0 358=103287.0 359=97788.0 360=94599.0 361=100585.0 362=100001.0 363=97866.0 364=107299.0 365=93420.0 366=104632.0 367=106440.0 368=101839.0 369=99335.0 370=101561.0 371=101971.0 372=99251.0 373=93186.0 374=105677.0 375=99310.0 376=94081.0 377=101473.0 378=102991.0 379=95736.0 380=100420.0 381=100984.0 382=105621.0 383=103527.0 384=106604.0 385=95729.0 386=97357.0 387=103099.0 388=96492.0 389=99888.0 390=100492.0 391=94887.0 392=99414.0 393=110942.0 394=100909.0 395=96255.0 396=105539.0 397=102842.0 398=97110.0 399=102215.0 400=100054.0 401=92393.0 402=106209.0 403=100377.0 404=100569.0 405=96199.0 406=98492.0 407=103665.0 408=101652.0 409=98591.0 410=102788.0 411=99088.0 412=98994.0 413=103861.0 414=113859.0 415=97511.0 416=92041.0 417=104359.0 418=104329.0 419=97968.0 420=95074.0 421=94063.0 422=99504.0 423=94943.0 424=97843.0 425=101038.0 426=97033.0 427=97504.0 428=91180.0 429=99592.0 430=98420.0 431=100670.0 432=99907.0 433=97206.0 434=105299.0 435=105981.0 436=101935.0 437=100101.0 438=92690.0 439=94473.0 440=98988.0 441=101374.0 442=100814.0 443=98709.0 444=100727.0 445=93817.0 446=104295.0 447=104110.0 448=93219.0 449=93855.0 450=92764.0 451=95627.0 452=101801.0 453=102890.0 454=106980.0 455=96717.0 456=100640.0 457=97109.0 458=96146.0 459=94590.0 460=100898.0 461=96825.0 462=96953.0 463=107537.0 464=99458.0 465=106864.0 466=100354.0 467=96273.0 468=92746.0 469=108510.0 470=98959.0 471=95864.0 472=103256.0 473=103059.0 474=101693.0 475=98471.0 476=101823.0 477=102719.0 478=97541.0 479=109798.0 480=104271.0 481=100634.0 482=99778.0 483=100450.0 484=97278.0 485=99401.0 486=102161.0 487=96302.0 488=100977.0 489=97155.0 490=97790.0 491=97031.0 492=99601.0 493=97579.0 494=99073.0 495=99594.0 496=104791.0 497=97501.0 498=99874.0 499=96931.0 500=91938.0 501=100831.0 502=96105.0 503=102657.0 504=98924.0 505=98785.0 506=98919.0 507=94436.0 508=92129.0 509=101094.0 510=96991.0 511=99150.0 ]
    0 : 4605763 (T=4605763, R=0, W=0)
    1 : 3798287 (T=3798287, R=0, W=0)
    2 : 3551617 (T=3551617, R=0, W=0)
    3 : 3891315 (T=3891315, R=0, W=0)
    4 : 3312555 (T=3312555, R=0, W=0)
    5 : 4593840 (T=4593840, R=0, W=0)
    6 : 4594749 (T=4594749, R=0, W=0)
    7 : 3731353 (T=3731353, R=0, W=0)
--- 20,268 MB collected in 0.090 secs (0.3% of total), longest GC took 0.005 secs
DATA gc:  total_k 20754664  total_secs 0.08984  max_secs 0.005247
