Starting Multiverse JavaAgent
Number of accounts  = 8
Initial amount      = 100000.0
Maximal transfer    = 10
Read-all frequency  = 0%
Write-all frequency = 0%
Read-all threads    = 0
Write-all threads   = 0
Disjoint            = false
Yield               = false

Starting threads... 0 1 2 3 4 5 6 7
End of warmup phase... 0 1 2 3 4 5 6 7
End of test phase... 0 1 2 3 4 5 6 7
Waiting for threads to finish...
All threads returned successfully
RESULTS:

  Warmup duration (ms) = 20001
  Test duration (ms)   = 10000
  Nb iterations        = 17212644
  Stats                = T=17212644, R=0, W=0, TOTAL=800000 [ 0=118608.0 1=76567.0 2=117135.0 3=102360.0 4=55168.0 5=114047.0 6=100652.0 7=115463.0 ]
    0 : 2717902 (T=2717902, R=0, W=0)
    1 : 1649097 (T=1649097, R=0, W=0)
    2 : 2626635 (T=2626635, R=0, W=0)
    3 : 2686928 (T=2686928, R=0, W=0)
    4 : 1662369 (T=1662369, R=0, W=0)
    5 : 1622232 (T=1622232, R=0, W=0)
    6 : 2555066 (T=2555066, R=0, W=0)
    7 : 1692415 (T=1692415, R=0, W=0)
--- 13,421 MB collected in 0.060 secs (0.2% of total), longest GC took 0.003 secs
DATA gc:  total_k 13744080  total_secs 0.06002  max_secs 0.002773
