Starting Multiverse JavaAgent
Number of accounts  = 128
Initial amount      = 100000.0
Maximal transfer    = 10
Read-all frequency  = 0%
Write-all frequency = 0%
Read-all threads    = 0
Write-all threads   = 0
Disjoint            = false
Yield               = false

Starting threads... 0 1
End of warmup phase... 0 1
End of test phase... 0 1
Waiting for threads to finish...
All threads returned successfully
RESULTS:

  Warmup duration (ms) = 20000
  Test duration (ms)   = 10000
  Nb iterations        = 20471141
  Stats                = T=20471141, R=0, W=0, TOTAL=12800000 [ 0=95435.0 1=101721.0 2=101416.0 3=95155.0 4=93687.0 5=99664.0 6=104648.0 7=89318.0 8=101893.0 9=95482.0 10=104670.0 11=94151.0 12=94616.0 13=91270.0 14=100177.0 15=102691.0 16=94382.0 17=103903.0 18=106067.0 19=104641.0 20=105966.0 21=99734.0 22=101585.0 23=109333.0 24=96690.0 25=94478.0 26=95399.0 27=85208.0 28=112723.0 29=107525.0 30=98704.0 31=99864.0 32=100447.0 33=100520.0 34=99471.0 35=101618.0 36=99445.0 37=109802.0 38=99307.0 39=104276.0 40=94939.0 41=101243.0 42=98529.0 43=101959.0 44=99023.0 45=101097.0 46=102507.0 47=102390.0 48=102549.0 49=96431.0 50=103171.0 51=110267.0 52=106143.0 53=95841.0 54=100364.0 55=102436.0 56=109967.0 57=103010.0 58=97641.0 59=106589.0 60=101290.0 61=103506.0 62=97923.0 63=107729.0 64=108933.0 65=93323.0 66=98243.0 67=107297.0 68=106495.0 69=99695.0 70=95744.0 71=95809.0 72=100793.0 73=94142.0 74=93829.0 75=93605.0 76=103034.0 77=90522.0 78=94974.0 79=97783.0 80=99380.0 81=95371.0 82=98848.0 83=101441.0 84=101961.0 85=111495.0 86=114119.0 87=103475.0 88=89679.0 89=91240.0 90=100281.0 91=93407.0 92=91132.0 93=95363.0 94=89258.0 95=93691.0 96=103238.0 97=108267.0 98=104790.0 99=87787.0 100=106466.0 101=103206.0 102=97023.0 103=101022.0 104=101418.0 105=102730.0 106=90385.0 107=102629.0 108=100096.0 109=92399.0 110=102679.0 111=103731.0 112=103415.0 113=112647.0 114=97625.0 115=103871.0 116=95130.0 117=105750.0 118=98293.0 119=96694.0 120=100013.0 121=100387.0 122=92070.0 123=106094.0 124=102412.0 125=90994.0 126=96624.0 127=102127.0 ]
    0 : 9244549 (T=9244549, R=0, W=0)
    1 : 11226592 (T=11226592, R=0, W=0)
--- 12,312 MB collected in 0.066 secs (0.2% of total), longest GC took 0.003 secs
DATA gc:  total_k 12607920  total_secs 0.066063  max_secs 0.002946
