Starting Multiverse JavaAgent
Number of accounts  = 16
Initial amount      = 100000.0
Maximal transfer    = 10
Read-all frequency  = 0%
Write-all frequency = 0%
Read-all threads    = 0
Write-all threads   = 0
Disjoint            = false
Yield               = false

Starting threads... 0 1 2 3 4 5 6 7 8 9 10 11 12 13 14 15
End of warmup phase... 0 1 2 3 4 5 6 7 8 9 10 11 12 13 14 15
End of test phase... 0 1 2 3 4 5 6 7 8 9 10 11 12 13 14 15
Waiting for threads to finish...
All threads returned successfully
RESULTS:

  Warmup duration (ms) = 20000
  Test duration (ms)   = 10000
  Nb iterations        = 15146020
  Stats                = T=15146020, R=0, W=0, TOTAL=1600000 [ 0=103311.0 1=94638.0 2=103859.0 3=93557.0 4=96341.0 5=110162.0 6=97596.0 7=88427.0 8=99238.0 9=92713.0 10=91669.0 11=100116.0 12=147214.0 13=100875.0 14=82091.0 15=98193.0 ]
    0 : 931196 (T=931196, R=0, W=0)
    1 : 943412 (T=943412, R=0, W=0)
    2 : 969966 (T=969966, R=0, W=0)
    3 : 1018633 (T=1018633, R=0, W=0)
    4 : 953393 (T=953393, R=0, W=0)
    5 : 947318 (T=947318, R=0, W=0)
    6 : 955129 (T=955129, R=0, W=0)
    7 : 939352 (T=939352, R=0, W=0)
    8 : 948968 (T=948968, R=0, W=0)
    9 : 951212 (T=951212, R=0, W=0)
    10 : 940759 (T=940759, R=0, W=0)
    11 : 959085 (T=959085, R=0, W=0)
    12 : 924174 (T=924174, R=0, W=0)
    13 : 969070 (T=969070, R=0, W=0)
    14 : 890452 (T=890452, R=0, W=0)
    15 : 903901 (T=903901, R=0, W=0)
--- 26,426 MB collected in 0.081 secs (0.3% of total), longest GC took 0.005 secs
DATA gc:  total_k 27060776  total_secs 0.081472  max_secs 0.004873
