startup =       20000
elapsed =       10000
threads =       256
accounts =      256
init =          1000000
maxAmount =     10
readFreq =      0
writeFreq =     0
readThreads =   0
writeThreads =  0
disjointTrans = false
yieldALot =     false
flavour =       t

warming up
timed execution

TOTAL=2.55999984E8 [ 988576.0 1001600.0 990949.0 1016142.0 996023.0 1005396.0 997622.0 999712.0 1012860.0 1003851.0 1013869.0 1005058.0 994838.0 994261.0 1001642.0 996082.0 1008638.0 986035.0 997786.0 990346.0 1000993.0 996177.0 1006656.0 1005655.0 1003104.0 997096.0 1011383.0 1012167.0 991989.0 1011498.0 997640.0 1001485.0 999914.0 1006572.0 997004.0 991440.0 1006081.0 997422.0 1001120.0 988925.0 1009766.0 993008.0 999549.0 997441.0 987903.0 1002101.0 993991.0 1019938.0 998262.0 1005701.0 1008782.0 990883.0 1000403.0 998747.0 993243.0 992282.0 986027.0 999835.0 993639.0 989251.0 1001078.0 996484.0 998587.0 1006953.0 990949.0 990267.0 1003282.0 1001518.0 1013654.0 1002623.0 1002979.0 997124.0 1005614.0 991788.0 1003775.0 993415.0 1000220.0 1000447.0 995004.0 997846.0 1000831.0 1006575.0 986768.0 1000543.0 993421.0 1005022.0 1000426.0 1005616.0 998925.0 1000066.0 999504.0 993307.0 1007970.0 1006901.0 1005141.0 1006327.0 986135.0 1004822.0 996922.0 998620.0 1010745.0 996874.0 999009.0 993754.0 1009105.0 990023.0 1006077.0 1014230.0 1000330.0 1000486.0 997270.0 997466.0 991415.0 998786.0 1010172.0 997994.0 1007695.0 1001012.0 997751.0 999778.0 1010407.0 1009293.0 1006602.0 1005443.0 997564.0 996713.0 1009577.0 1005012.0 991480.0 998777.0 1013422.0 1012450.0 1004693.0 1002153.0 995095.0 1001970.0 996469.0 1008244.0 994073.0 1004131.0 1004521.0 996658.0 1004382.0 996882.0 1002298.0 978197.0 983611.0 1001408.0 995461.0 998080.0 1010119.0 998626.0 998581.0 995436.0 1003875.0 1008882.0 991877.0 997211.0 988612.0 1002155.0 986084.0 998300.0 998085.0 1004135.0 1003714.0 1014557.0 994837.0 998072.0 997789.0 1011439.0 1002544.0 1002889.0 1009917.0 998912.0 1005747.0 996801.0 994792.0 995691.0 1003088.0 1016098.0 1004544.0 992165.0 1004025.0 994622.0 1004787.0 1004917.0 998364.0 992839.0 997977.0 996457.0 999447.0 1001301.0 996027.0 994109.0 984597.0 999371.0 994346.0 995405.0 1006255.0 1007846.0 1001350.0 998785.0 996619.0 1000605.0 999640.0 1000100.0 1003875.0 996687.0 1002267.0 1000828.0 1018902.0 997526.0 999452.0 999543.0 1005380.0 1000316.0 997272.0 1009132.0 994007.0 998359.0 993433.0 996160.0 1011932.0 997850.0 994530.0 1006160.0 1004466.0 1008048.0 1004670.0 989843.0 995712.0 993602.0 999299.0 996827.0 1008024.0 995290.0 994650.0 991465.0 990665.0 997630.0 1007042.0 1002836.0 1000003.0 990997.0 1002993.0 994524.0 986019.0 997896.0 996562.0 1008087.0 1012666.0 1001506.0 1002292.0 994960.0 988790.0 994814.0 ]

10002 actual elapsed

T=192619, R=0, W=0
T=327670, R=0, W=0
T=377993, R=0, W=0
T=348218, R=0, W=0
T=338340, R=0, W=0
T=313125, R=0, W=0
T=326621, R=0, W=0
T=298021, R=0, W=0
T=202559, R=0, W=0
T=253663, R=0, W=0
T=339294, R=0, W=0
T=331040, R=0, W=0
T=300895, R=0, W=0
T=275800, R=0, W=0
T=381566, R=0, W=0
T=296092, R=0, W=0
T=330204, R=0, W=0
T=330648, R=0, W=0
T=288932, R=0, W=0
T=351462, R=0, W=0
T=361907, R=0, W=0
T=250646, R=0, W=0
T=164456, R=0, W=0
T=271526, R=0, W=0
T=244305, R=0, W=0
T=372651, R=0, W=0
T=213345, R=0, W=0
T=294992, R=0, W=0
T=295239, R=0, W=0
T=481375, R=0, W=0
T=269742, R=0, W=0
T=299933, R=0, W=0
T=358819, R=0, W=0
T=279116, R=0, W=0
T=295552, R=0, W=0
T=268244, R=0, W=0
T=285642, R=0, W=0
T=474369, R=0, W=0
T=259436, R=0, W=0
T=226897, R=0, W=0
T=220937, R=0, W=0
T=303501, R=0, W=0
T=342906, R=0, W=0
T=337403, R=0, W=0
T=240014, R=0, W=0
T=283273, R=0, W=0
T=329179, R=0, W=0
T=348381, R=0, W=0
T=323559, R=0, W=0
T=296321, R=0, W=0
T=224390, R=0, W=0
T=309283, R=0, W=0
T=388406, R=0, W=0
T=432976, R=0, W=0
T=166325, R=0, W=0
T=332981, R=0, W=0
T=349456, R=0, W=0
T=271636, R=0, W=0
T=237146, R=0, W=0
T=182953, R=0, W=0
T=282500, R=0, W=0
T=302252, R=0, W=0
T=342960, R=0, W=0
T=351981, R=0, W=0
T=383841, R=0, W=0
T=302638, R=0, W=0
T=332809, R=0, W=0
T=375865, R=0, W=0
T=354797, R=0, W=0
T=334066, R=0, W=0
T=329611, R=0, W=0
T=330578, R=0, W=0
T=387096, R=0, W=0
T=267137, R=0, W=0
T=399324, R=0, W=0
T=277067, R=0, W=0
T=290402, R=0, W=0
T=312371, R=0, W=0
T=377250, R=0, W=0
T=398638, R=0, W=0
T=347407, R=0, W=0
T=376491, R=0, W=0
T=246248, R=0, W=0
T=371389, R=0, W=0
T=408690, R=0, W=0
T=351774, R=0, W=0
T=366839, R=0, W=0
T=467242, R=0, W=0
T=353873, R=0, W=0
T=321349, R=0, W=0
T=305625, R=0, W=0
T=287800, R=0, W=0
T=349015, R=0, W=0
T=313877, R=0, W=0
T=372685, R=0, W=0
T=538542, R=0, W=0
T=335190, R=0, W=0
T=443580, R=0, W=0
T=280955, R=0, W=0
T=407721, R=0, W=0
T=224501, R=0, W=0
T=262165, R=0, W=0
T=244118, R=0, W=0
T=427646, R=0, W=0
T=303894, R=0, W=0
T=335840, R=0, W=0
T=390332, R=0, W=0
T=338656, R=0, W=0
T=247746, R=0, W=0
T=494477, R=0, W=0
T=339130, R=0, W=0
T=331049, R=0, W=0
T=447528, R=0, W=0
T=464528, R=0, W=0
T=314307, R=0, W=0
T=294855, R=0, W=0
T=397937, R=0, W=0
T=358461, R=0, W=0
T=341174, R=0, W=0
T=300918, R=0, W=0
T=240865, R=0, W=0
T=403256, R=0, W=0
T=298558, R=0, W=0
T=395235, R=0, W=0
T=419236, R=0, W=0
T=240950, R=0, W=0
T=378524, R=0, W=0
T=231476, R=0, W=0
T=307427, R=0, W=0
T=278306, R=0, W=0
T=347408, R=0, W=0
T=268524, R=0, W=0
T=342904, R=0, W=0
T=217562, R=0, W=0
T=324095, R=0, W=0
T=298048, R=0, W=0
T=427801, R=0, W=0
T=372194, R=0, W=0
T=286408, R=0, W=0
T=340131, R=0, W=0
T=402925, R=0, W=0
T=373442, R=0, W=0
T=327844, R=0, W=0
T=337401, R=0, W=0
T=299997, R=0, W=0
T=303741, R=0, W=0
T=290066, R=0, W=0
T=315666, R=0, W=0
T=390224, R=0, W=0
T=321826, R=0, W=0
T=387855, R=0, W=0
T=323744, R=0, W=0
T=351385, R=0, W=0
T=262780, R=0, W=0
T=368463, R=0, W=0
T=300374, R=0, W=0
T=278874, R=0, W=0
T=357927, R=0, W=0
T=348477, R=0, W=0
T=319329, R=0, W=0
T=311688, R=0, W=0
T=422024, R=0, W=0
T=406409, R=0, W=0
T=317778, R=0, W=0
T=418509, R=0, W=0
T=359593, R=0, W=0
T=388901, R=0, W=0
T=246850, R=0, W=0
T=234464, R=0, W=0
T=245228, R=0, W=0
T=392568, R=0, W=0
T=284010, R=0, W=0
T=301249, R=0, W=0
T=267258, R=0, W=0
T=290097, R=0, W=0
T=225939, R=0, W=0
T=358757, R=0, W=0
T=390057, R=0, W=0
T=504196, R=0, W=0
T=356397, R=0, W=0
T=299793, R=0, W=0
T=370081, R=0, W=0
T=398417, R=0, W=0
T=407000, R=0, W=0
T=382832, R=0, W=0
T=319685, R=0, W=0
T=283805, R=0, W=0
T=341432, R=0, W=0
T=313787, R=0, W=0
T=346301, R=0, W=0
T=263195, R=0, W=0
T=322969, R=0, W=0
T=440637, R=0, W=0
T=243046, R=0, W=0
T=305744, R=0, W=0
T=259890, R=0, W=0
T=320052, R=0, W=0
T=296988, R=0, W=0
T=374219, R=0, W=0
T=298004, R=0, W=0
T=350419, R=0, W=0
T=367846, R=0, W=0
T=350194, R=0, W=0
T=255711, R=0, W=0
T=270789, R=0, W=0
T=299663, R=0, W=0
T=195745, R=0, W=0
T=317930, R=0, W=0
T=290092, R=0, W=0
T=366504, R=0, W=0
T=279572, R=0, W=0
T=444102, R=0, W=0
T=288988, R=0, W=0
T=284335, R=0, W=0
T=384957, R=0, W=0
T=275707, R=0, W=0
T=282011, R=0, W=0
T=398690, R=0, W=0
T=289713, R=0, W=0
T=367702, R=0, W=0
T=310871, R=0, W=0
T=441080, R=0, W=0
T=273305, R=0, W=0
T=272259, R=0, W=0
T=383921, R=0, W=0
T=263851, R=0, W=0
T=480796, R=0, W=0
T=317691, R=0, W=0
T=383178, R=0, W=0
T=403385, R=0, W=0
T=312163, R=0, W=0
T=291197, R=0, W=0
T=266003, R=0, W=0
T=306657, R=0, W=0
T=249130, R=0, W=0
T=306930, R=0, W=0
T=258002, R=0, W=0
T=398615, R=0, W=0
T=302863, R=0, W=0
T=279567, R=0, W=0
T=243743, R=0, W=0
T=275485, R=0, W=0
T=314627, R=0, W=0
T=416490, R=0, W=0
T=387458, R=0, W=0
T=459675, R=0, W=0
T=268902, R=0, W=0
T=249380, R=0, W=0
T=383820, R=0, W=0
T=265618, R=0, W=0
T=355258, R=0, W=0
T=310328, R=0, W=0
T=357546, R=0, W=0
T=358887, R=0, W=0
T=317638, R=0, W=0
T=402711, R=0, W=0

TOTAL: T=83553514, R=0, W=0
--- 109,806 MB collected in 0.288 secs (1.0% of total), longest GC took 0.013 secs
DATA gc:  total_k 112441709  total_secs 0.288175  max_secs 0.012899
