startup =       20000
elapsed =       10000
threads =       64
accounts =      64
init =          1000000
maxAmount =     10
readFreq =      0
writeFreq =     0
readThreads =   0
writeThreads =  0
disjointTrans = false
yieldALot =     false
flavour =       d

warming up
timed execution

TOTAL=6.4E7 [ 1008540.0 985305.0 1008833.0 981197.0 995971.0 1010522.0 1002188.0 1003088.0 999419.0 1007104.0 998031.0 1007965.0 976915.0 1009916.0 1014405.0 989382.0 1013030.0 1000080.0 999503.0 998741.0 992635.0 1006549.0 993797.0 983926.0 1002537.0 994695.0 1024957.0 999156.0 995966.0 993091.0 991615.0 1016340.0 995463.0 989805.0 984616.0 989501.0 1006834.0 1009121.0 987264.0 999907.0 996778.0 1024192.0 992495.0 999846.0 1003998.0 1013758.0 984554.0 1006231.0 1001385.0 988603.0 995691.0 995722.0 999788.0 996360.0 1025789.0 1014340.0 1005637.0 986302.0 996337.0 1011178.0 990081.0 1005856.0 1019839.0 977330.0 ]

10001 actual elapsed

T=665294, R=0, W=0
T=663793, R=0, W=0
T=676611, R=0, W=0
T=656363, R=0, W=0
T=672562, R=0, W=0
T=648351, R=0, W=0
T=675379, R=0, W=0
T=725248, R=0, W=0
T=723077, R=0, W=0
T=685665, R=0, W=0
T=656993, R=0, W=0
T=666583, R=0, W=0
T=609175, R=0, W=0
T=638114, R=0, W=0
T=666605, R=0, W=0
T=598681, R=0, W=0
T=593627, R=0, W=0
T=678964, R=0, W=0
T=640566, R=0, W=0
T=589846, R=0, W=0
T=602376, R=0, W=0
T=634785, R=0, W=0
T=709597, R=0, W=0
T=639368, R=0, W=0
T=700297, R=0, W=0
T=634938, R=0, W=0
T=650818, R=0, W=0
T=634589, R=0, W=0
T=659341, R=0, W=0
T=666117, R=0, W=0
T=697317, R=0, W=0
T=643373, R=0, W=0
T=683281, R=0, W=0
T=708961, R=0, W=0
T=600291, R=0, W=0
T=636531, R=0, W=0
T=665780, R=0, W=0
T=649510, R=0, W=0
T=625030, R=0, W=0
T=616420, R=0, W=0
T=620769, R=0, W=0
T=638645, R=0, W=0
T=604833, R=0, W=0
T=650917, R=0, W=0
T=613496, R=0, W=0
T=634804, R=0, W=0
T=652924, R=0, W=0
T=642873, R=0, W=0
T=634014, R=0, W=0
T=665391, R=0, W=0
T=651703, R=0, W=0
T=645295, R=0, W=0
T=660573, R=0, W=0
T=622438, R=0, W=0
T=668659, R=0, W=0
T=655120, R=0, W=0
T=704525, R=0, W=0
T=593587, R=0, W=0
T=621590, R=0, W=0
T=656850, R=0, W=0
T=747196, R=0, W=0
T=673280, R=0, W=0
T=672078, R=0, W=0
T=601871, R=0, W=0

TOTAL: T=41723648, R=0, W=0
--- 60,431 MB collected in 0.288 secs (1.0% of total), longest GC took 0.005 secs
DATA gc:  total_k 61882204  total_secs 0.287995  max_secs 0.004611
