startup =       4000
elapsed =       10000
threads =       4
accounts =      256
init =          1000000
maxAmount =     10
readFreq =      0
writeFreq =     0
readThreads =   0
writeThreads =  0
disjointTrans = false
yieldALot =     false
flavour =       rfw

warming up
timed execution

TOTAL=2.56000016E8 [ 995061.0 996984.0 995549.0 999582.0 999719.0 1006357.0 1009684.0 996252.0 1000463.0 998168.0 1004120.0 1007170.0 1006993.0 1003015.0 1015232.0 1005933.0 1007573.0 982498.0 1006918.0 1004625.0 1008632.0 990741.0 1006590.0 995493.0 1010676.0 992524.0 1008037.0 998051.0 994836.0 996373.0 995882.0 997461.0 1002586.0 1002444.0 1000026.0 990880.0 988547.0 999193.0 995157.0 1003291.0 1005900.0 1011821.0 1009320.0 1006296.0 998401.0 1000682.0 991127.0 1002442.0 995812.0 999229.0 1000415.0 998931.0 984806.0 1000216.0 991346.0 1015106.0 1008238.0 1008774.0 998426.0 1004322.0 1007382.0 994300.0 993333.0 994877.0 1008906.0 991203.0 1005339.0 994825.0 1010510.0 1002668.0 1003915.0 1006813.0 1007104.0 1007275.0 1009770.0 1003204.0 982525.0 1009612.0 994122.0 1002099.0 998686.0 1003107.0 997773.0 1002271.0 1003772.0 1008844.0 1012867.0 1011518.0 995804.0 995049.0 1003679.0 1007368.0 999810.0 992945.0 1013198.0 999916.0 1006314.0 1009394.0 993488.0 998030.0 999316.0 999010.0 999727.0 1010390.0 997838.0 999494.0 997902.0 999836.0 998165.0 1006705.0 996979.0 1012764.0 998701.0 1009585.0 1006303.0 998102.0 987737.0 997478.0 987243.0 999720.0 1006650.0 995100.0 1003685.0 1002738.0 995899.0 1013656.0 996126.0 992975.0 996237.0 993519.0 1007571.0 999300.0 998989.0 996978.0 999333.0 996527.0 1005782.0 1007003.0 999208.0 994392.0 993374.0 989560.0 1007581.0 1009857.0 998134.0 999664.0 1002264.0 992088.0 1009643.0 982432.0 996008.0 985963.0 1004259.0 995401.0 997755.0 1003015.0 996326.0 1007052.0 995383.0 1019729.0 1010780.0 1003303.0 1006469.0 999985.0 998151.0 1003845.0 996752.0 1001519.0 1002268.0 1001045.0 1007859.0 1000514.0 999099.0 994856.0 990091.0 1004703.0 1010063.0 989541.0 1000192.0 997888.0 1004520.0 995023.0 991397.0 995528.0 992636.0 996381.0 987618.0 992970.0 997370.0 989688.0 996572.0 1007734.0 1004565.0 983680.0 995952.0 997404.0 998132.0 1006709.0 998111.0 996034.0 986277.0 998388.0 993490.0 1000938.0 1000066.0 997969.0 1010366.0 1003171.0 998866.0 1003132.0 991773.0 994108.0 987287.0 998658.0 1001446.0 1006031.0 1001249.0 1005313.0 1002222.0 985023.0 1007353.0 996259.0 997668.0 1002923.0 1021287.0 997170.0 1001704.0 1000662.0 993954.0 992715.0 1001511.0 996722.0 998362.0 1001532.0 992679.0 999120.0 987739.0 995362.0 993916.0 993322.0 991537.0 1004311.0 997407.0 1000398.0 1014669.0 998247.0 1004202.0 1012194.0 993328.0 989545.0 996356.0 991717.0 999097.0 994853.0 993332.0 1009435.0 ]

10002 actual elapsed

T=7221431, R=0, W=0
T=6687492, R=0, W=0
T=7353372, R=0, W=0
T=6869733, R=0, W=0

TOTAL: T=28132028, R=0, W=0
--- 20,679 MB collected in 0.038 secs (0.3% of total), longest GC took 0.002 secs
DATA gc:  total_k 21175302  total_secs 0.038232  max_secs 0.002434
