startup =       20000
elapsed =       10000
threads =       8
accounts =      512
init =          1000000
maxAmount =     10
readFreq =      0
writeFreq =     0
readThreads =   0
writeThreads =  0
disjointTrans = false
yieldALot =     false
flavour =       rfw

warming up
timed execution

TOTAL=5.11999616E8 [ 1000445.0 1001147.0 1001360.0 998094.0 1008154.0 992860.0 988785.0 995063.0 1004484.0 996777.0 1006097.0 1005686.0 1010067.0 991987.0 1003710.0 1006051.0 997406.0 992031.0 1005272.0 1003320.0 1000239.0 1012672.0 1003091.0 1004066.0 998911.0 994931.0 994952.0 998219.0 1004465.0 1001871.0 1002198.0 995835.0 1001267.0 994985.0 1013730.0 1005661.0 1005275.0 993510.0 1001372.0 1002752.0 1004125.0 998291.0 1002423.0 995206.0 1004433.0 1003610.0 998851.0 994613.0 1000281.0 1000149.0 996845.0 1001018.0 998146.0 996670.0 1007306.0 991662.0 995133.0 1003735.0 1008360.0 1001436.0 1003192.0 995822.0 1003995.0 1000830.0 1003156.0 998845.0 1006057.0 997257.0 1001545.0 1001732.0 999419.0 999683.0 990794.0 991530.0 998329.0 995864.0 997527.0 1000344.0 997161.0 997764.0 1007262.0 1004667.0 995124.0 999553.0 1001255.0 997079.0 999708.0 992679.0 1000152.0 1002578.0 998321.0 1007655.0 1006447.0 993946.0 991049.0 1004816.0 996018.0 1007143.0 999711.0 1001071.0 1001437.0 1005744.0 1007592.0 998816.0 995868.0 987284.0 994839.0 1000076.0 1000706.0 1006502.0 1003916.0 998248.0 997078.0 1007004.0 1001177.0 997967.0 987317.0 992490.0 991718.0 997877.0 999947.0 998302.0 992342.0 1004433.0 995371.0 1004475.0 996332.0 995634.0 1005478.0 995049.0 998709.0 1002446.0 1004386.0 1004164.0 1002176.0 1000092.0 1000063.0 999561.0 1007326.0 1001057.0 1003529.0 1001763.0 995176.0 1000278.0 995917.0 1003709.0 1003792.0 1011241.0 992290.0 997596.0 1008577.0 994431.0 993704.0 999244.0 993703.0 997517.0 1000257.0 1010080.0 1005599.0 1000103.0 996156.0 999744.0 992229.0 1005156.0 1002604.0 1000944.0 998592.0 1003039.0 1003396.0 997101.0 1003865.0 996166.0 1002417.0 1000388.0 998306.0 993119.0 1005784.0 999527.0 1003007.0 1000763.0 990621.0 1002622.0 997578.0 1004051.0 997376.0 1002514.0 1006863.0 1002948.0 1002974.0 1001691.0 1000053.0 995542.0 994336.0 993364.0 1007651.0 992622.0 1002491.0 1002228.0 1000713.0 992166.0 992013.0 1004614.0 996371.0 1004534.0 1000127.0 993616.0 997070.0 996280.0 996484.0 1001892.0 997062.0 993905.0 999541.0 1003305.0 1002912.0 1000061.0 997124.0 995550.0 1010644.0 1009759.0 999096.0 997061.0 1002724.0 1001669.0 989290.0 1001361.0 1001260.0 994563.0 1003749.0 991467.0 1007741.0 1002086.0 1005419.0 1003126.0 1000424.0 999303.0 998945.0 999549.0 991232.0 996884.0 998165.0 995707.0 1001163.0 996069.0 1010907.0 996795.0 994526.0 999921.0 1001877.0 1003643.0 997554.0 1004697.0 1002582.0 999119.0 1003889.0 993093.0 999807.0 1002228.0 1002408.0 1006856.0 1000599.0 994449.0 1004557.0 1004747.0 988824.0 993406.0 1003199.0 996794.0 1004185.0 994848.0 998274.0 994011.0 1005188.0 1002415.0 1004048.0 991243.0 1003147.0 994369.0 1007959.0 996554.0 1002754.0 997143.0 1003536.0 1007807.0 1006338.0 997122.0 998699.0 1005721.0 1005719.0 995551.0 1001455.0 1010575.0 994527.0 992557.0 1003839.0 1002184.0 993043.0 1003405.0 1005418.0 1005129.0 1003299.0 1000229.0 1001603.0 1001494.0 999180.0 1000689.0 1000245.0 1006789.0 999751.0 1000024.0 995800.0 992951.0 999848.0 1002263.0 1000322.0 995468.0 996874.0 1008657.0 1002688.0 1003904.0 1005682.0 995658.0 1000439.0 998901.0 996033.0 1003956.0 994114.0 1003168.0 1005838.0 1004784.0 997385.0 995011.0 1004717.0 1001991.0 1009614.0 994848.0 992002.0 996956.0 999155.0 1004428.0 1008073.0 1010551.0 1007465.0 1007748.0 997931.0 1000594.0 1001662.0 1000734.0 1003914.0 1004101.0 1005577.0 1000549.0 1000505.0 995460.0 997965.0 994436.0 1008930.0 995305.0 996227.0 1003177.0 1004330.0 999308.0 992649.0 997380.0 1007920.0 1000820.0 998434.0 999579.0 993612.0 1009260.0 988844.0 1008633.0 1007794.0 1002418.0 989164.0 989049.0 995618.0 1005670.0 1000928.0 997488.0 989056.0 1001831.0 997828.0 998889.0 997832.0 998743.0 997807.0 999628.0 994001.0 1005089.0 1004564.0 999207.0 1003946.0 1004225.0 998567.0 1003223.0 999522.0 998575.0 993887.0 993197.0 1007828.0 1002417.0 1005461.0 997075.0 996418.0 997625.0 1000870.0 1013353.0 1006109.0 995159.0 999930.0 1004065.0 991180.0 1005077.0 1003965.0 1004875.0 1001735.0 1003732.0 1014621.0 996882.0 995240.0 991434.0 992517.0 989752.0 1003065.0 989768.0 1001683.0 1005903.0 998065.0 1002051.0 994564.0 1000537.0 1016772.0 997896.0 1004808.0 1000663.0 1008149.0 999672.0 997274.0 1007342.0 997479.0 1011197.0 998716.0 993697.0 1003592.0 999343.0 994095.0 994803.0 998031.0 995763.0 1005482.0 1001860.0 995691.0 999440.0 1002995.0 1002496.0 1000395.0 994453.0 996600.0 999442.0 1002687.0 999206.0 999362.0 999718.0 1004607.0 991766.0 997935.0 996721.0 1001091.0 999601.0 997776.0 995741.0 1002223.0 995048.0 1005898.0 993727.0 1005185.0 989283.0 999718.0 989364.0 996854.0 997865.0 1000070.0 993952.0 993720.0 999799.0 999855.0 996814.0 1002878.0 1001454.0 1000324.0 1001706.0 995282.0 1003182.0 1005761.0 999924.0 998235.0 999642.0 995295.0 1003511.0 986304.0 999246.0 996558.0 1003335.0 996144.0 996912.0 995798.0 1002755.0 1002751.0 995470.0 997446.0 1000682.0 ]

10002 actual elapsed

T=7353127, R=0, W=0
T=6458993, R=0, W=0
T=6763060, R=0, W=0
T=7288346, R=0, W=0
T=7920229, R=0, W=0
T=7429903, R=0, W=0
T=6773880, R=0, W=0
T=6254638, R=0, W=0

TOTAL: T=56242176, R=0, W=0
--- 95,181 MB collected in 0.293 secs (1.0% of total), longest GC took 0.003 secs
DATA gc:  total_k 97466266  total_secs 0.292977  max_secs 0.003352
