startup =       20000
elapsed =       10000
threads =       64
accounts =      64
init =          1000000
maxAmount =     10
readFreq =      0
writeFreq =     0
readThreads =   0
writeThreads =  0
disjointTrans = false
yieldALot =     false
flavour =       rfw

warming up
timed execution

TOTAL=6.3999992E7 [ 995922.0 1005033.0 1027231.0 1018732.0 1016800.0 1016206.0 982226.0 979889.0 1002320.0 1001110.0 985974.0 1009252.0 992271.0 994588.0 982649.0 1001111.0 999585.0 1007926.0 989190.0 991501.0 994764.0 994825.0 977106.0 991386.0 1006609.0 993836.0 1006448.0 1000462.0 1009487.0 991733.0 990419.0 1013319.0 1000756.0 1006672.0 1002831.0 999094.0 998898.0 997100.0 991933.0 993780.0 1002929.0 1017282.0 1007765.0 1032796.0 995273.0 989996.0 1005895.0 1001544.0 993107.0 994627.0 991966.0 994592.0 992699.0 1004997.0 993719.0 1003869.0 1015748.0 1010332.0 993237.0 989026.0 1015824.0 1000381.0 981929.0 1009493.0 ]

10002 actual elapsed

T=693137, R=0, W=0
T=668919, R=0, W=0
T=736761, R=0, W=0
T=712414, R=0, W=0
T=664518, R=0, W=0
T=706269, R=0, W=0
T=625172, R=0, W=0
T=634123, R=0, W=0
T=602297, R=0, W=0
T=770322, R=0, W=0
T=703335, R=0, W=0
T=775144, R=0, W=0
T=701328, R=0, W=0
T=629151, R=0, W=0
T=636919, R=0, W=0
T=729284, R=0, W=0
T=682358, R=0, W=0
T=661250, R=0, W=0
T=588713, R=0, W=0
T=681097, R=0, W=0
T=694175, R=0, W=0
T=587548, R=0, W=0
T=643561, R=0, W=0
T=656197, R=0, W=0
T=629607, R=0, W=0
T=728575, R=0, W=0
T=631199, R=0, W=0
T=650826, R=0, W=0
T=584943, R=0, W=0
T=648912, R=0, W=0
T=631624, R=0, W=0
T=643991, R=0, W=0
T=681768, R=0, W=0
T=589629, R=0, W=0
T=629777, R=0, W=0
T=657504, R=0, W=0
T=645922, R=0, W=0
T=708557, R=0, W=0
T=640316, R=0, W=0
T=629487, R=0, W=0
T=708507, R=0, W=0
T=604464, R=0, W=0
T=638228, R=0, W=0
T=603580, R=0, W=0
T=663198, R=0, W=0
T=648813, R=0, W=0
T=628112, R=0, W=0
T=655600, R=0, W=0
T=626415, R=0, W=0
T=680304, R=0, W=0
T=712518, R=0, W=0
T=650672, R=0, W=0
T=651788, R=0, W=0
T=671132, R=0, W=0
T=680130, R=0, W=0
T=741571, R=0, W=0
T=709486, R=0, W=0
T=683175, R=0, W=0
T=595463, R=0, W=0
T=642754, R=0, W=0
T=737430, R=0, W=0
T=683639, R=0, W=0
T=613555, R=0, W=0
T=524921, R=0, W=0

TOTAL: T=42272084, R=0, W=0
--- 72,148 MB collected in 0.258 secs (0.9% of total), longest GC took 0.004 secs
DATA gc:  total_k 73879668  total_secs 0.257819  max_secs 0.004374
