startup =       20000
elapsed =       10000
threads =       256
accounts =      256
init =          1000000
maxAmount =     10
readFreq =      0
writeFreq =     0
readThreads =   0
writeThreads =  0
disjointTrans = false
yieldALot =     false
flavour =       rfw

warming up
timed execution

TOTAL=2.56E8 [ 993559.0 997188.0 999782.0 995955.0 1003480.0 990354.0 1002612.0 1009438.0 1002342.0 993302.0 1001082.0 1011705.0 1007375.0 998249.0 1015638.0 998139.0 991848.0 1004060.0 1009920.0 1003382.0 995374.0 999295.0 999933.0 994538.0 999140.0 1006623.0 996356.0 998171.0 997822.0 1003166.0 1007613.0 1003202.0 998695.0 1012605.0 995005.0 993518.0 1000537.0 1000683.0 1004164.0 1006029.0 1002318.0 995668.0 993741.0 988013.0 1006926.0 1002450.0 994229.0 1000228.0 994408.0 1001383.0 999475.0 1001143.0 1002442.0 1006675.0 999265.0 999865.0 985110.0 1004557.0 994282.0 1002325.0 1006591.0 1001757.0 990709.0 993474.0 990306.0 995874.0 1002098.0 1007617.0 1013552.0 1003470.0 992988.0 1015397.0 1007237.0 1015826.0 992418.0 993198.0 998934.0 993076.0 991719.0 998499.0 995180.0 996355.0 1011614.0 1005894.0 997892.0 998644.0 991709.0 1002380.0 995179.0 1011565.0 1008554.0 995623.0 1003401.0 1002063.0 994091.0 1001454.0 1001355.0 1004211.0 1004232.0 1001116.0 990525.0 988676.0 998474.0 999686.0 991176.0 998819.0 1007442.0 1004624.0 1001626.0 1005965.0 1009567.0 1001484.0 994267.0 999812.0 981295.0 1009518.0 1007518.0 1001121.0 1001383.0 996701.0 998230.0 1000763.0 995317.0 992317.0 1005402.0 1009015.0 1002383.0 998965.0 998604.0 995396.0 1002491.0 985585.0 994368.0 994181.0 1011929.0 987736.0 1001362.0 1006609.0 998893.0 998164.0 996064.0 997856.0 1004022.0 1008185.0 988007.0 1001981.0 1003475.0 1003178.0 987726.0 1001978.0 1006437.0 990477.0 993505.0 1007083.0 1004424.0 999069.0 998284.0 995635.0 997780.0 994099.0 1004166.0 1004147.0 998540.0 1008407.0 1000255.0 1000773.0 1001929.0 1008927.0 1003970.0 994814.0 1002366.0 998649.0 989618.0 993126.0 1009539.0 1002626.0 993457.0 1003606.0 1000672.0 995446.0 1002588.0 1004224.0 992150.0 1002630.0 994016.0 994425.0 985116.0 1000034.0 997119.0 999405.0 1003424.0 988506.0 999104.0 998092.0 993792.0 997738.0 1006647.0 1009834.0 1004958.0 1006297.0 1002067.0 996445.0 1004552.0 1007554.0 1002569.0 998730.0 1005658.0 998379.0 1008339.0 1011192.0 994664.0 999296.0 995794.0 1005726.0 995789.0 995924.0 1002608.0 995186.0 999402.0 999812.0 1000058.0 1005792.0 996324.0 997606.0 1003645.0 1004282.0 999680.0 997439.0 1003482.0 1000036.0 994916.0 991443.0 999364.0 997589.0 1005361.0 1002420.0 1007108.0 997455.0 992959.0 996751.0 992164.0 999647.0 1001868.0 999208.0 1000320.0 1003489.0 1003568.0 994926.0 1003961.0 1010251.0 987415.0 1012406.0 997836.0 998469.0 996160.0 999496.0 ]

10002 actual elapsed

T=268354, R=0, W=0
T=288606, R=0, W=0
T=271462, R=0, W=0
T=331429, R=0, W=0
T=253727, R=0, W=0
T=296363, R=0, W=0
T=255381, R=0, W=0
T=301310, R=0, W=0
T=338351, R=0, W=0
T=249632, R=0, W=0
T=242217, R=0, W=0
T=353406, R=0, W=0
T=258695, R=0, W=0
T=285646, R=0, W=0
T=293996, R=0, W=0
T=332487, R=0, W=0
T=225502, R=0, W=0
T=273315, R=0, W=0
T=315444, R=0, W=0
T=246816, R=0, W=0
T=302299, R=0, W=0
T=300503, R=0, W=0
T=370946, R=0, W=0
T=300659, R=0, W=0
T=330696, R=0, W=0
T=252702, R=0, W=0
T=449432, R=0, W=0
T=252387, R=0, W=0
T=275582, R=0, W=0
T=216926, R=0, W=0
T=312582, R=0, W=0
T=253992, R=0, W=0
T=374635, R=0, W=0
T=373635, R=0, W=0
T=334066, R=0, W=0
T=259286, R=0, W=0
T=264957, R=0, W=0
T=279444, R=0, W=0
T=260142, R=0, W=0
T=374121, R=0, W=0
T=342861, R=0, W=0
T=311849, R=0, W=0
T=368976, R=0, W=0
T=206507, R=0, W=0
T=417590, R=0, W=0
T=211795, R=0, W=0
T=223963, R=0, W=0
T=390495, R=0, W=0
T=417562, R=0, W=0
T=308274, R=0, W=0
T=226689, R=0, W=0
T=278320, R=0, W=0
T=339526, R=0, W=0
T=271496, R=0, W=0
T=325849, R=0, W=0
T=249353, R=0, W=0
T=211605, R=0, W=0
T=307563, R=0, W=0
T=370524, R=0, W=0
T=229074, R=0, W=0
T=326857, R=0, W=0
T=333671, R=0, W=0
T=297880, R=0, W=0
T=381058, R=0, W=0
T=308401, R=0, W=0
T=226196, R=0, W=0
T=284065, R=0, W=0
T=182742, R=0, W=0
T=233423, R=0, W=0
T=255185, R=0, W=0
T=481561, R=0, W=0
T=266178, R=0, W=0
T=247021, R=0, W=0
T=296565, R=0, W=0
T=258610, R=0, W=0
T=273398, R=0, W=0
T=365825, R=0, W=0
T=235274, R=0, W=0
T=267235, R=0, W=0
T=233547, R=0, W=0
T=252210, R=0, W=0
T=330311, R=0, W=0
T=355156, R=0, W=0
T=226483, R=0, W=0
T=329523, R=0, W=0
T=284238, R=0, W=0
T=193177, R=0, W=0
T=237791, R=0, W=0
T=262247, R=0, W=0
T=379320, R=0, W=0
T=326672, R=0, W=0
T=379147, R=0, W=0
T=244894, R=0, W=0
T=324879, R=0, W=0
T=293772, R=0, W=0
T=353459, R=0, W=0
T=356558, R=0, W=0
T=442911, R=0, W=0
T=246824, R=0, W=0
T=241797, R=0, W=0
T=357000, R=0, W=0
T=155309, R=0, W=0
T=213925, R=0, W=0
T=369222, R=0, W=0
T=262723, R=0, W=0
T=385369, R=0, W=0
T=311045, R=0, W=0
T=208196, R=0, W=0
T=323299, R=0, W=0
T=204893, R=0, W=0
T=434923, R=0, W=0
T=413845, R=0, W=0
T=359628, R=0, W=0
T=366342, R=0, W=0
T=340583, R=0, W=0
T=289755, R=0, W=0
T=259271, R=0, W=0
T=218664, R=0, W=0
T=233072, R=0, W=0
T=260425, R=0, W=0
T=308261, R=0, W=0
T=228968, R=0, W=0
T=315411, R=0, W=0
T=288293, R=0, W=0
T=195844, R=0, W=0
T=271546, R=0, W=0
T=361992, R=0, W=0
T=278345, R=0, W=0
T=402235, R=0, W=0
T=281209, R=0, W=0
T=294318, R=0, W=0
T=252631, R=0, W=0
T=262679, R=0, W=0
T=351211, R=0, W=0
T=332381, R=0, W=0
T=271901, R=0, W=0
T=270598, R=0, W=0
T=271811, R=0, W=0
T=389087, R=0, W=0
T=380048, R=0, W=0
T=283763, R=0, W=0
T=335647, R=0, W=0
T=474158, R=0, W=0
T=275523, R=0, W=0
T=373068, R=0, W=0
T=235422, R=0, W=0
T=319692, R=0, W=0
T=493578, R=0, W=0
T=343617, R=0, W=0
T=452642, R=0, W=0
T=237825, R=0, W=0
T=496066, R=0, W=0
T=337312, R=0, W=0
T=306327, R=0, W=0
T=285982, R=0, W=0
T=363562, R=0, W=0
T=193184, R=0, W=0
T=284410, R=0, W=0
T=350762, R=0, W=0
T=245218, R=0, W=0
T=463574, R=0, W=0
T=335430, R=0, W=0
T=338497, R=0, W=0
T=264177, R=0, W=0
T=392862, R=0, W=0
T=345879, R=0, W=0
T=257062, R=0, W=0
T=321003, R=0, W=0
T=300408, R=0, W=0
T=341062, R=0, W=0
T=361840, R=0, W=0
T=423792, R=0, W=0
T=339464, R=0, W=0
T=332948, R=0, W=0
T=303819, R=0, W=0
T=222560, R=0, W=0
T=279926, R=0, W=0
T=199578, R=0, W=0
T=205996, R=0, W=0
T=288659, R=0, W=0
T=188959, R=0, W=0
T=328662, R=0, W=0
T=258370, R=0, W=0
T=254079, R=0, W=0
T=306700, R=0, W=0
T=296191, R=0, W=0
T=327591, R=0, W=0
T=310166, R=0, W=0
T=330299, R=0, W=0
T=294669, R=0, W=0
T=345222, R=0, W=0
T=423747, R=0, W=0
T=326611, R=0, W=0
T=311960, R=0, W=0
T=295712, R=0, W=0
T=232410, R=0, W=0
T=467091, R=0, W=0
T=203732, R=0, W=0
T=299020, R=0, W=0
T=276440, R=0, W=0
T=418141, R=0, W=0
T=210980, R=0, W=0
T=300055, R=0, W=0
T=382227, R=0, W=0
T=348087, R=0, W=0
T=234431, R=0, W=0
T=242969, R=0, W=0
T=348624, R=0, W=0
T=271206, R=0, W=0
T=312453, R=0, W=0
T=269039, R=0, W=0
T=233982, R=0, W=0
T=478497, R=0, W=0
T=518698, R=0, W=0
T=189869, R=0, W=0
T=331874, R=0, W=0
T=330898, R=0, W=0
T=348434, R=0, W=0
T=148583, R=0, W=0
T=287329, R=0, W=0
T=260264, R=0, W=0
T=260086, R=0, W=0
T=341602, R=0, W=0
T=272597, R=0, W=0
T=269039, R=0, W=0
T=327373, R=0, W=0
T=281491, R=0, W=0
T=358760, R=0, W=0
T=283739, R=0, W=0
T=305998, R=0, W=0
T=325294, R=0, W=0
T=335536, R=0, W=0
T=290406, R=0, W=0
T=312379, R=0, W=0
T=260688, R=0, W=0
T=283674, R=0, W=0
T=250943, R=0, W=0
T=245498, R=0, W=0
T=185467, R=0, W=0
T=283029, R=0, W=0
T=268806, R=0, W=0
T=286003, R=0, W=0
T=274385, R=0, W=0
T=213638, R=0, W=0
T=277213, R=0, W=0
T=248298, R=0, W=0
T=221709, R=0, W=0
T=346245, R=0, W=0
T=217608, R=0, W=0
T=375003, R=0, W=0
T=272513, R=0, W=0
T=293494, R=0, W=0
T=298881, R=0, W=0
T=262208, R=0, W=0
T=324332, R=0, W=0
T=295947, R=0, W=0

TOTAL: T=77123768, R=0, W=0
--- 80,569 MB collected in 0.227 secs (0.7% of total), longest GC took 0.013 secs
DATA gc:  total_k 82502721  total_secs 0.227233  max_secs 0.01337
