startup =       20000
elapsed =       10000
threads =       128
accounts =      128
init =          1000000
maxAmount =     10
readFreq =      0
writeFreq =     0
readThreads =   0
writeThreads =  0
disjointTrans = false
yieldALot =     false
flavour =       rfw

warming up
timed execution

TOTAL=1.28000024E8 [ 1013998.0 1004734.0 1001181.0 1005935.0 1011306.0 1007879.0 972515.0 1004001.0 997273.0 972067.0 991821.0 994385.0 1000649.0 1000271.0 994483.0 997476.0 996728.0 998792.0 993432.0 1000689.0 987252.0 983166.0 996186.0 1009188.0 998584.0 978552.0 1017024.0 1020761.0 998870.0 1003893.0 1028347.0 992059.0 1008337.0 1006653.0 998294.0 1013685.0 1001651.0 988229.0 988053.0 1011647.0 994748.0 993315.0 1020119.0 1002389.0 1001259.0 985700.0 991356.0 1004646.0 1002004.0 1006869.0 981399.0 994178.0 1005576.0 1001942.0 1005971.0 1012781.0 993105.0 1001606.0 1001817.0 984855.0 989313.0 1015938.0 991281.0 1002105.0 993975.0 1004057.0 979317.0 1015968.0 991890.0 998004.0 989797.0 984132.0 1001642.0 1012970.0 984855.0 988191.0 1018202.0 1015961.0 990193.0 1005088.0 1004461.0 994709.0 1008109.0 1008520.0 1030171.0 983045.0 1012046.0 1007314.0 997546.0 1004494.0 998812.0 987845.0 1000683.0 995135.0 1005421.0 997176.0 1011077.0 1013859.0 1008847.0 998303.0 1003291.0 986927.0 999509.0 1004835.0 1011366.0 1003830.0 1005236.0 999475.0 999542.0 1003557.0 993350.0 989117.0 994520.0 997276.0 992808.0 1003871.0 1006457.0 983878.0 1007550.0 998674.0 985540.0 1018178.0 1017034.0 1003490.0 990644.0 981192.0 993818.0 1008902.0 ]

10056 actual elapsed

T=544415, R=0, W=0
T=490056, R=0, W=0
T=506650, R=0, W=0
T=522808, R=0, W=0
T=499808, R=0, W=0
T=523413, R=0, W=0
T=498366, R=0, W=0
T=527053, R=0, W=0
T=513685, R=0, W=0
T=529583, R=0, W=0
T=496043, R=0, W=0
T=504523, R=0, W=0
T=514247, R=0, W=0
T=531398, R=0, W=0
T=512133, R=0, W=0
T=550808, R=0, W=0
T=473615, R=0, W=0
T=521888, R=0, W=0
T=457366, R=0, W=0
T=554633, R=0, W=0
T=561757, R=0, W=0
T=528259, R=0, W=0
T=491582, R=0, W=0
T=495424, R=0, W=0
T=492681, R=0, W=0
T=418384, R=0, W=0
T=574245, R=0, W=0
T=506105, R=0, W=0
T=517489, R=0, W=0
T=534162, R=0, W=0
T=476902, R=0, W=0
T=521222, R=0, W=0
T=483718, R=0, W=0
T=602379, R=0, W=0
T=513605, R=0, W=0
T=495171, R=0, W=0
T=579610, R=0, W=0
T=474412, R=0, W=0
T=547050, R=0, W=0
T=520431, R=0, W=0
T=430311, R=0, W=0
T=495490, R=0, W=0
T=520814, R=0, W=0
T=590355, R=0, W=0
T=531388, R=0, W=0
T=528390, R=0, W=0
T=503703, R=0, W=0
T=497234, R=0, W=0
T=540448, R=0, W=0
T=477140, R=0, W=0
T=501908, R=0, W=0
T=496885, R=0, W=0
T=498993, R=0, W=0
T=533862, R=0, W=0
T=559825, R=0, W=0
T=499641, R=0, W=0
T=518833, R=0, W=0
T=495803, R=0, W=0
T=541219, R=0, W=0
T=516852, R=0, W=0
T=486427, R=0, W=0
T=493221, R=0, W=0
T=532666, R=0, W=0
T=520126, R=0, W=0
T=499501, R=0, W=0
T=494405, R=0, W=0
T=540658, R=0, W=0
T=478798, R=0, W=0
T=517067, R=0, W=0
T=500839, R=0, W=0
T=468367, R=0, W=0
T=473255, R=0, W=0
T=530887, R=0, W=0
T=520785, R=0, W=0
T=516707, R=0, W=0
T=605688, R=0, W=0
T=509026, R=0, W=0
T=448800, R=0, W=0
T=478255, R=0, W=0
T=499319, R=0, W=0
T=509113, R=0, W=0
T=482573, R=0, W=0
T=503408, R=0, W=0
T=463563, R=0, W=0
T=543967, R=0, W=0
T=475060, R=0, W=0
T=529991, R=0, W=0
T=488569, R=0, W=0
T=531666, R=0, W=0
T=515170, R=0, W=0
T=455217, R=0, W=0
T=504117, R=0, W=0
T=506055, R=0, W=0
T=504412, R=0, W=0
T=488348, R=0, W=0
T=529650, R=0, W=0
T=484960, R=0, W=0
T=571255, R=0, W=0
T=529000, R=0, W=0
T=523943, R=0, W=0
T=554935, R=0, W=0
T=518466, R=0, W=0
T=563675, R=0, W=0
T=508285, R=0, W=0
T=523568, R=0, W=0
T=535838, R=0, W=0
T=511308, R=0, W=0
T=536839, R=0, W=0
T=507191, R=0, W=0
T=485328, R=0, W=0
T=536497, R=0, W=0
T=483311, R=0, W=0
T=562096, R=0, W=0
T=486710, R=0, W=0
T=504036, R=0, W=0
T=519937, R=0, W=0
T=503429, R=0, W=0
T=466773, R=0, W=0
T=540643, R=0, W=0
T=513008, R=0, W=0
T=532826, R=0, W=0
T=514110, R=0, W=0
T=517645, R=0, W=0
T=462809, R=0, W=0
T=421697, R=0, W=0
T=536176, R=0, W=0
T=456024, R=0, W=0
T=472410, R=0, W=0

TOTAL: T=65416577, R=0, W=0
--- 105,804 MB collected in 0.308 secs (1.0% of total), longest GC took 0.011 secs
DATA gc:  total_k 108343632  total_secs 0.308466  max_secs 0.010746
