startup =       20000
elapsed =       10000
threads =       2
accounts =      128
init =          1000000
maxAmount =     10
readFreq =      0
writeFreq =     0
readThreads =   0
writeThreads =  0
disjointTrans = false
yieldALot =     false
flavour =       rfw

warming up
timed execution

TOTAL=1.27999992E8 [ 1006260.0 993099.0 994963.0 1011251.0 992901.0 995320.0 994786.0 1001477.0 1007674.0 993322.0 1007711.0 1005673.0 995568.0 1007844.0 993977.0 1009442.0 999014.0 1010752.0 1006936.0 998482.0 1000014.0 1018571.0 993340.0 996231.0 1011066.0 1003771.0 990881.0 998165.0 997600.0 987863.0 1009960.0 998126.0 994622.0 997551.0 1003043.0 1003137.0 1008905.0 993108.0 994861.0 1000204.0 1008036.0 1004911.0 996185.0 995820.0 991517.0 1000286.0 1003373.0 1010573.0 985659.0 1008927.0 1003657.0 1005019.0 999025.0 1003806.0 1002293.0 993615.0 1001275.0 994516.0 1003084.0 1009707.0 995505.0 996651.0 989680.0 1009271.0 991658.0 1008587.0 998184.0 999684.0 1004188.0 1002192.0 1010018.0 1001402.0 1004849.0 991698.0 993671.0 1002094.0 1001569.0 996584.0 985447.0 1005474.0 997019.0 998547.0 1008114.0 1009359.0 995355.0 1002269.0 1000650.0 1000135.0 993143.0 1003009.0 1011865.0 1001335.0 1001775.0 1000717.0 987763.0 1004192.0 990876.0 1005938.0 999249.0 1000793.0 994363.0 994402.0 999031.0 996358.0 1001060.0 998735.0 993899.0 1013332.0 999168.0 1009000.0 1004605.0 994982.0 997798.0 999182.0 995671.0 999553.0 992501.0 1002613.0 996272.0 1000502.0 994685.0 989281.0 992217.0 983177.0 992259.0 1003069.0 998760.0 1014261.0 ]

10001 actual elapsed

T=12758456, R=0, W=0
T=9791364, R=0, W=0

TOTAL: T=22549820, R=0, W=0
--- 38,943 MB collected in 0.073 secs (0.2% of total), longest GC took 0.002 secs
DATA gc:  total_k 39878609  total_secs 0.073074  max_secs 0.002108
