startup =       4000
elapsed =       10000
threads =       2
accounts =      128
init =          1000000
maxAmount =     10
readFreq =      0
writeFreq =     0
readThreads =   0
writeThreads =  0
disjointTrans = false
yieldALot =     false
flavour =       t

warming up
timed execution

TOTAL=1.28000008E8 [ 1003643.0 995840.0 995017.0 1002501.0 1000059.0 995150.0 1000126.0 992850.0 988588.0 1001522.0 994076.0 997645.0 995894.0 1001014.0 999488.0 999165.0 999116.0 999824.0 1000056.0 986610.0 1003935.0 1003625.0 1002701.0 1002036.0 996310.0 996020.0 1007268.0 1012566.0 999985.0 994247.0 994663.0 998893.0 995036.0 990485.0 994264.0 1002080.0 997538.0 991370.0 996901.0 999208.0 1007621.0 1001577.0 998487.0 998968.0 998302.0 1000421.0 1000562.0 1000238.0 1007387.0 1010670.0 998618.0 1007764.0 1003783.0 1005803.0 1004364.0 992547.0 1001648.0 999962.0 992954.0 1002175.0 999026.0 1003554.0 998515.0 1003897.0 998935.0 1001443.0 1001979.0 1006780.0 1001972.0 1011402.0 1000290.0 1004440.0 1010954.0 998393.0 1006192.0 1000081.0 993373.0 1006126.0 989693.0 996963.0 1008413.0 1004968.0 992075.0 995848.0 1008537.0 998425.0 998562.0 1009910.0 1003145.0 993140.0 1000617.0 1001422.0 999632.0 1000870.0 997263.0 1001765.0 1002834.0 1014336.0 988702.0 1007622.0 999090.0 1003022.0 1005495.0 997227.0 1002617.0 1005837.0 1004064.0 1000931.0 989540.0 994979.0 999468.0 996523.0 1002421.0 995323.0 996483.0 1001177.0 1003538.0 998087.0 988728.0 992573.0 993155.0 996012.0 1001121.0 1000396.0 1001535.0 1003489.0 1001488.0 1002421.0 ]

10002 actual elapsed

T=8689635, R=0, W=0
T=10255348, R=0, W=0

TOTAL: T=18944983, R=0, W=0
--- 15,035 MB collected in 0.041 secs (0.3% of total), longest GC took 0.002 secs
DATA gc:  total_k 15396290  total_secs 0.040895  max_secs 0.002224
