startup =       4000
elapsed =       10000
threads =       2
accounts =      128
init =          1000000
maxAmount =     10
readFreq =      0
writeFreq =     0
readThreads =   0
writeThreads =  0
disjointTrans = false
yieldALot =     false
flavour =       d

warming up
timed execution

TOTAL=1.27999984E8 [ 1005689.0 997109.0 993250.0 1000363.0 997117.0 998476.0 994896.0 996374.0 996364.0 1002552.0 1004495.0 1001467.0 1004727.0 1001955.0 996320.0 994516.0 997966.0 1000009.0 1004509.0 1002486.0 1002380.0 1001906.0 1002220.0 998759.0 996239.0 993086.0 988765.0 991656.0 992730.0 1001114.0 1002134.0 996906.0 1001921.0 1001457.0 998519.0 1004593.0 1001500.0 998012.0 997986.0 999538.0 996025.0 1002581.0 1000958.0 995868.0 1006501.0 1003093.0 997958.0 1001964.0 996832.0 991660.0 1002503.0 1009642.0 1003666.0 1000116.0 999234.0 997373.0 1004018.0 996914.0 1000646.0 1007540.0 998337.0 985339.0 998386.0 1001383.0 1001924.0 1003537.0 1000129.0 1000498.0 1000152.0 1002193.0 998032.0 999331.0 1001959.0 996867.0 999776.0 1004470.0 999173.0 1005919.0 1008688.0 1004392.0 1001151.0 1002459.0 998234.0 999121.0 994994.0 1001250.0 1000479.0 999104.0 1002671.0 1001501.0 991254.0 991798.0 997993.0 1004361.0 1001583.0 1001550.0 1000924.0 1004319.0 1000430.0 1002006.0 998602.0 995611.0 1002100.0 999158.0 1003468.0 1004808.0 997624.0 1001221.0 997283.0 1010921.0 1000246.0 1001196.0 997195.0 1001987.0 997927.0 1002239.0 1004690.0 1002349.0 1002443.0 1006895.0 996585.0 997506.0 996345.0 1001989.0 1001622.0 999821.0 1000381.0 992968.0 ]

10001 actual elapsed

T=10816796, R=0, W=0
T=9791943, R=0, W=0

TOTAL: T=20608739, R=0, W=0
--- 13,741 MB collected in 0.047 secs (0.3% of total), longest GC took 0.003 secs
DATA gc:  total_k 14070937  total_secs 0.047433  max_secs 0.002703
