startup =       20000
elapsed =       10000
threads =       4
accounts =      256
init =          1000000
maxAmount =     10
readFreq =      0
writeFreq =     0
readThreads =   0
writeThreads =  0
disjointTrans = false
yieldALot =     false
flavour =       t

warming up
timed execution

TOTAL=2.56000016E8 [ 991872.0 1000748.0 1002716.0 992561.0 1002239.0 988533.0 998479.0 1002736.0 996614.0 996662.0 986127.0 997326.0 998208.0 1002209.0 997241.0 992048.0 1002362.0 999289.0 1011879.0 997548.0 1003435.0 992860.0 995788.0 1000503.0 1006390.0 1001338.0 1002541.0 1001664.0 995890.0 1001386.0 997639.0 997721.0 1005052.0 993322.0 1003789.0 1005732.0 994166.0 994478.0 1000164.0 997152.0 1001786.0 1009223.0 994578.0 1003981.0 1002994.0 995907.0 1004053.0 1000871.0 1001740.0 1003259.0 1005033.0 993813.0 1003959.0 999982.0 999518.0 1004519.0 1008846.0 999861.0 1008000.0 1005932.0 1000086.0 1001644.0 1002854.0 1009402.0 1003041.0 998076.0 1004812.0 1001362.0 987283.0 1000885.0 1005120.0 1001407.0 1004654.0 1000689.0 997941.0 997416.0 990479.0 1006693.0 998163.0 1002685.0 1009424.0 1007263.0 1000601.0 999215.0 997853.0 1010800.0 998457.0 1006218.0 1008148.0 996803.0 997543.0 994178.0 999278.0 999898.0 1006756.0 995462.0 993411.0 1001994.0 986891.0 1005048.0 993466.0 1003507.0 1009504.0 1001011.0 993413.0 997770.0 1002301.0 999788.0 997575.0 1008887.0 1001877.0 990601.0 992945.0 1013103.0 997476.0 1002869.0 995469.0 1003491.0 988082.0 991831.0 1000139.0 1003903.0 1004167.0 1008521.0 991600.0 995565.0 998939.0 998908.0 1006962.0 1000879.0 1014557.0 995460.0 1005418.0 998637.0 996492.0 999516.0 991575.0 995176.0 998188.0 1008364.0 1006412.0 1002583.0 1001688.0 998185.0 998042.0 996615.0 997693.0 1006173.0 998297.0 985914.0 1001869.0 999702.0 992663.0 990797.0 1004586.0 995173.0 993690.0 1002046.0 1008148.0 998188.0 1005447.0 1004821.0 999204.0 1003873.0 1001416.0 995351.0 1002033.0 996366.0 1006758.0 997051.0 1002948.0 998858.0 996002.0 1002485.0 990690.0 993838.0 998003.0 990824.0 997570.0 1002544.0 1004843.0 1002316.0 1000775.0 1007885.0 997652.0 1004148.0 1001179.0 1004850.0 990963.0 1002492.0 1000464.0 1002478.0 1002160.0 998437.0 1005250.0 993966.0 1005129.0 1001051.0 993923.0 990612.0 1003428.0 1005533.0 990768.0 1009535.0 995719.0 989767.0 992974.0 1004658.0 995914.0 993184.0 995235.0 1007783.0 1000146.0 999601.0 994987.0 994180.0 1011128.0 995499.0 997611.0 999543.0 999743.0 1002315.0 1007264.0 1009323.0 989001.0 1009957.0 996416.0 999791.0 1002694.0 999511.0 1006227.0 998302.0 998879.0 1002306.0 1005104.0 995384.0 1005646.0 1003721.0 998744.0 1001478.0 1000351.0 1001646.0 998943.0 998066.0 998240.0 996327.0 1012727.0 1004649.0 994226.0 1005809.0 994168.0 995731.0 988789.0 1004272.0 1003241.0 994570.0 ]

10002 actual elapsed

T=8976645, R=0, W=0
T=7986778, R=0, W=0
T=8214234, R=0, W=0
T=9829713, R=0, W=0

TOTAL: T=35007370, R=0, W=0
--- 66,031 MB collected in 0.098 secs (0.3% of total), longest GC took 0.003 secs
DATA gc:  total_k 67616487  total_secs 0.098093  max_secs 0.002523
