startup =       4000
elapsed =       10000
threads =       1
accounts =      2
init =          1000000
maxAmount =     10
readFreq =      0
writeFreq =     0
readThreads =   0
writeThreads =  0
disjointTrans = false
yieldALot =     false
flavour =       d

warming up
timed execution

TOTAL=2000000.0 [ 983151.0 1016849.0 ]

10001 actual elapsed

T=20583373, R=0, W=0

TOTAL: T=20583373, R=0, W=0
--- 11,964 MB collected in 0.050 secs (0.4% of total), longest GC took 0.003 secs
DATA gc:  total_k 12251826  total_secs 0.049962  max_secs 0.002506
