startup =       20000
elapsed =       10000
threads =       16
accounts =      1024
init =          1000000
maxAmount =     10
readFreq =      0
writeFreq =     0
readThreads =   0
writeThreads =  0
disjointTrans = false
yieldALot =     false
flavour =       d

warming up
timed execution

TOTAL=1.02399987E9 [ 999731.0 993488.0 998927.0 1009972.0 998189.0 1002043.0 997039.0 997718.0 1004959.0 1000163.0 1002314.0 994282.0 989528.0 998237.0 1005836.0 1003431.0 1000959.0 1001670.0 1008774.0 995496.0 1003196.0 1001552.0 1000842.0 1003580.0 991659.0 1002464.0 994171.0 997320.0 996501.0 999012.0 1006693.0 991984.0 1005639.0 997824.0 1003806.0 993778.0 990897.0 999990.0 999037.0 1006075.0 1001317.0 995378.0 997594.0 997855.0 997484.0 994992.0 996287.0 1003063.0 998402.0 1004576.0 998057.0 999856.0 999516.0 1003830.0 1002739.0 1000616.0 1000997.0 1006639.0 997740.0 992476.0 995402.0 991841.0 1002906.0 996842.0 991757.0 991482.0 1000800.0 1005357.0 1004435.0 1002209.0 1000444.0 996937.0 1001688.0 1000037.0 1003428.0 998227.0 999553.0 1005036.0 1001031.0 1002765.0 1000258.0 1003259.0 1004932.0 1006914.0 997859.0 994384.0 999999.0 997493.0 1003559.0 1002690.0 1002640.0 997604.0 999882.0 1000421.0 1004296.0 997168.0 1012405.0 996120.0 998096.0 1000638.0 1004571.0 993730.0 1001722.0 999733.0 999431.0 1003299.0 996391.0 1002546.0 1000065.0 1002310.0 994828.0 1001638.0 1007926.0 999131.0 1005275.0 1000450.0 995749.0 1000286.0 1000877.0 1006984.0 1003790.0 1005761.0 998229.0 1005062.0 1003581.0 1003158.0 999638.0 1006150.0 994509.0 1001875.0 1002479.0 999950.0 1000634.0 992215.0 997748.0 997847.0 1002994.0 994373.0 992656.0 998016.0 1005013.0 993047.0 999376.0 1005502.0 997559.0 1002391.0 994206.0 996224.0 996257.0 990390.0 999374.0 995143.0 997246.0 999765.0 1003397.0 998881.0 1002326.0 1005190.0 994785.0 991891.0 1004338.0 1000519.0 999929.0 987867.0 997807.0 1006116.0 995933.0 1002867.0 1001236.0 999120.0 1002744.0 998004.0 1002536.0 996687.0 1005215.0 1002393.0 1007348.0 992520.0 998127.0 1000866.0 997307.0 1002956.0 996864.0 1000505.0 997610.0 1008085.0 1001513.0 1002623.0 1000396.0 999244.0 1000870.0 995835.0 992706.0 1003549.0 997685.0 999648.0 996844.0 997074.0 999813.0 998931.0 996891.0 1004884.0 995904.0 995869.0 995271.0 1000468.0 998077.0 1003034.0 1002022.0 1001789.0 1006388.0 1000635.0 997575.0 1002553.0 1007406.0 1004622.0 996924.0 996871.0 999004.0 1001682.0 1000187.0 1005133.0 999614.0 996734.0 997966.0 1001043.0 997824.0 997432.0 1006254.0 992677.0 1000183.0 996679.0 1005723.0 999848.0 1000003.0 1009016.0 1007248.0 1003552.0 1000472.0 1000792.0 1003291.0 1008384.0 1000629.0 998508.0 1004775.0 992063.0 997888.0 996080.0 999146.0 997430.0 1003057.0 998289.0 1000505.0 1002873.0 1002649.0 1003391.0 994182.0 1006926.0 997022.0 1004358.0 1005472.0 1000401.0 998774.0 1001945.0 1004294.0 1003156.0 1005573.0 1003828.0 996265.0 1008286.0 995469.0 995489.0 998452.0 1001669.0 996662.0 1000615.0 993764.0 991477.0 996534.0 1001989.0 1000449.0 1002844.0 1000132.0 1002842.0 1000641.0 993081.0 999563.0 1002091.0 1004334.0 1006043.0 1001772.0 1001070.0 999505.0 997609.0 1000859.0 1002050.0 1005642.0 1001069.0 990221.0 1002588.0 1001674.0 996777.0 1005676.0 1007637.0 1000958.0 1003212.0 1006965.0 995205.0 996613.0 1000060.0 997750.0 1003321.0 1004980.0 1000470.0 998878.0 1000431.0 998035.0 1001124.0 1000632.0 997520.0 1007204.0 1000694.0 999577.0 1008956.0 1004542.0 1004129.0 999285.0 996936.0 993438.0 1001784.0 995559.0 990325.0 999786.0 994045.0 992334.0 998124.0 1000492.0 997578.0 1001257.0 995345.0 1000097.0 1004487.0 988390.0 1001515.0 1002047.0 998439.0 1001208.0 1000071.0 999038.0 998789.0 1002027.0 1009308.0 999532.0 1002714.0 1003407.0 998250.0 992934.0 1001558.0 998955.0 999659.0 992673.0 1001078.0 1004955.0 1000908.0 997543.0 1005755.0 1000253.0 1002422.0 1004099.0 996890.0 995187.0 994260.0 996341.0 999396.0 1000766.0 1002150.0 1001933.0 1001070.0 993640.0 1003756.0 1006799.0 1001318.0 1000984.0 1002287.0 1002270.0 1007482.0 1001558.0 999497.0 995247.0 1000460.0 998494.0 1000302.0 1000683.0 994306.0 989869.0 996125.0 990468.0 1001845.0 994429.0 1004144.0 996891.0 1002542.0 1001915.0 1002170.0 990285.0 1006618.0 1000122.0 1005739.0 1002519.0 993413.0 1002940.0 999973.0 1004771.0 1001748.0 1002736.0 1001878.0 1001770.0 1004130.0 1000246.0 994468.0 1000734.0 996341.0 994176.0 999271.0 998624.0 1002172.0 1000423.0 1009619.0 1001235.0 1004565.0 1010632.0 1003403.0 994486.0 997326.0 1002445.0 996066.0 1003325.0 1000926.0 999565.0 1004723.0 1005599.0 1011686.0 996233.0 1004033.0 995116.0 993535.0 998893.0 997863.0 1004422.0 998886.0 1003772.0 997168.0 995830.0 995346.0 998514.0 1002226.0 997259.0 999227.0 996888.0 996401.0 1003710.0 1000965.0 1002060.0 994633.0 1003213.0 997449.0 1002019.0 998580.0 993665.0 1001316.0 1003005.0 1000767.0 996278.0 997116.0 1001044.0 999932.0 994241.0 1001107.0 1001897.0 1000221.0 998619.0 1002449.0 996018.0 991365.0 999550.0 1006212.0 996515.0 1003323.0 1000955.0 992774.0 994552.0 988246.0 998107.0 1000052.0 995552.0 996161.0 1005307.0 996782.0 999998.0 998815.0 1001914.0 992947.0 998079.0 999555.0 1007827.0 1003954.0 1002266.0 1001426.0 993424.0 999211.0 995913.0 1001492.0 999216.0 993725.0 994809.0 1014381.0 997451.0 1004489.0 996141.0 1000589.0 990335.0 995249.0 993977.0 998103.0 997353.0 999079.0 999709.0 997796.0 997922.0 1005233.0 999333.0 990276.0 998204.0 1003975.0 1002212.0 996634.0 998291.0 994700.0 999869.0 992132.0 997979.0 1001992.0 996457.0 1006716.0 1005029.0 998495.0 1008089.0 1000243.0 997083.0 1001229.0 999388.0 996908.0 1003108.0 1004862.0 1005820.0 1006080.0 1000931.0 996441.0 996979.0 1001908.0 1004493.0 1005712.0 1003510.0 996652.0 1001918.0 998635.0 1002832.0 995560.0 1006914.0 1001478.0 1010883.0 1001606.0 997671.0 991428.0 995932.0 994795.0 998632.0 1000312.0 997108.0 1003998.0 996120.0 1008931.0 1003263.0 997662.0 997374.0 1002284.0 1004921.0 1002088.0 994771.0 1001224.0 996333.0 1003875.0 997912.0 997238.0 993213.0 995945.0 999807.0 1000186.0 1005845.0 994873.0 999264.0 997146.0 999434.0 1002684.0 1003907.0 1002883.0 991656.0 1002284.0 997289.0 1002954.0 994381.0 999555.0 997691.0 1003051.0 998741.0 998198.0 996609.0 999603.0 993641.0 1003814.0 993738.0 998996.0 1007228.0 990896.0 998655.0 995133.0 1001521.0 999195.0 987888.0 1001803.0 1010629.0 1002700.0 995404.0 995648.0 996108.0 1005959.0 1000526.0 996913.0 995417.0 995160.0 1000673.0 995381.0 1003075.0 1003604.0 997981.0 1007347.0 1003293.0 992742.0 1003497.0 992944.0 995952.0 999074.0 1001977.0 999127.0 996037.0 1005488.0 998659.0 994085.0 1001827.0 1006461.0 1001019.0 1002105.0 1000722.0 998254.0 1002677.0 998446.0 997821.0 1001300.0 998124.0 989995.0 1002269.0 1006547.0 995181.0 1004788.0 1003179.0 1005340.0 1001713.0 999065.0 999058.0 1003753.0 1001391.0 1008098.0 999545.0 1002559.0 995315.0 1006859.0 998656.0 995521.0 1003637.0 1009960.0 995596.0 1005640.0 1001304.0 1001196.0 1003493.0 1001069.0 995776.0 999064.0 998563.0 1007954.0 1011211.0 1001671.0 989601.0 1010033.0 995548.0 1007485.0 998344.0 996902.0 1002912.0 1000846.0 998608.0 1006558.0 999787.0 1001077.0 998376.0 1005411.0 998859.0 997703.0 995922.0 1001352.0 994625.0 1000947.0 1000014.0 997494.0 994543.0 1000731.0 1004067.0 998581.0 997606.0 999730.0 998171.0 1000655.0 1003393.0 1003724.0 1003857.0 991992.0 1000556.0 991285.0 999196.0 998358.0 1000152.0 996173.0 1004483.0 998413.0 1007904.0 1000003.0 995506.0 1002820.0 1004857.0 1000722.0 1005178.0 1002648.0 994805.0 999186.0 1004442.0 998540.0 993418.0 994686.0 1003239.0 1003121.0 1003599.0 997406.0 1008489.0 1004078.0 999926.0 1005014.0 1001110.0 1001180.0 1005614.0 1000568.0 1007062.0 994228.0 1001869.0 996460.0 1000287.0 1012645.0 996150.0 994294.0 996093.0 1003850.0 1002770.0 1001774.0 994168.0 997015.0 1002744.0 1000066.0 998183.0 996043.0 998388.0 1005911.0 993155.0 1006712.0 1002436.0 993756.0 999532.0 994802.0 994620.0 996761.0 1003360.0 996318.0 1003801.0 1001616.0 998558.0 992090.0 1000980.0 999043.0 1000383.0 1000641.0 1002885.0 1007601.0 998707.0 996593.0 1000947.0 1004643.0 990171.0 1002784.0 991710.0 1001586.0 995419.0 1004020.0 996671.0 1004208.0 993839.0 1004171.0 1009819.0 996630.0 997906.0 998936.0 1001845.0 1004925.0 998220.0 1007290.0 1006243.0 1000422.0 1000030.0 995268.0 996582.0 997680.0 1002442.0 1001946.0 1004937.0 998238.0 1002341.0 997084.0 999881.0 1003217.0 1006278.0 999601.0 1000633.0 997115.0 999398.0 998416.0 997857.0 999244.0 997908.0 1002140.0 993306.0 1005886.0 993915.0 1007449.0 1006006.0 1003248.0 999068.0 1001610.0 1000518.0 1003749.0 999681.0 1001900.0 1002613.0 1005702.0 1008965.0 998690.0 999244.0 996522.0 1001422.0 1003462.0 999570.0 1003377.0 999897.0 1001062.0 1004542.0 1003238.0 998784.0 994674.0 996979.0 1004419.0 990093.0 1006432.0 1003028.0 1000870.0 994648.0 999008.0 999616.0 994718.0 1000960.0 1001660.0 1003232.0 997069.0 997107.0 998535.0 999121.0 1005983.0 1000346.0 1007898.0 1003059.0 1007128.0 1000745.0 997923.0 996475.0 1000454.0 1000308.0 998539.0 1002997.0 1002009.0 994722.0 1002723.0 1005289.0 1001227.0 998357.0 1004528.0 996856.0 1002239.0 1002526.0 1003747.0 996875.0 1000470.0 1009910.0 994999.0 995321.0 989689.0 1001730.0 993409.0 998191.0 997315.0 996287.0 1004310.0 1003274.0 995488.0 1001715.0 1001932.0 1001557.0 997420.0 998155.0 998971.0 1004253.0 1000697.0 991065.0 997502.0 999089.0 1003687.0 1005409.0 993106.0 995555.0 1002013.0 989964.0 1000269.0 1009677.0 993796.0 1000853.0 999540.0 1004486.0 997729.0 1002525.0 995260.0 1002758.0 1002902.0 1000372.0 996226.0 995850.0 1004973.0 1002417.0 996902.0 1006596.0 992953.0 993895.0 999813.0 998314.0 997901.0 991583.0 1005568.0 997129.0 1001149.0 1005039.0 1000598.0 1003745.0 998857.0 1001329.0 991538.0 1002002.0 999264.0 997450.0 994017.0 1003037.0 1005823.0 993257.0 1000181.0 1003412.0 1002329.0 999902.0 994157.0 999883.0 998492.0 995998.0 995558.0 1002641.0 997212.0 999152.0 998822.0 996921.0 1000103.0 1003686.0 1001791.0 1004581.0 1001147.0 1003876.0 1001071.0 1000574.0 999263.0 995663.0 1003957.0 991801.0 1001491.0 1003940.0 1002260.0 ]

10001 actual elapsed

T=5163731, R=0, W=0
T=4776229, R=0, W=0
T=4198355, R=0, W=0
T=4986445, R=0, W=0
T=4834141, R=0, W=0
T=3993194, R=0, W=0
T=4975719, R=0, W=0
T=4639457, R=0, W=0
T=4035878, R=0, W=0
T=4749032, R=0, W=0
T=3997637, R=0, W=0
T=4374950, R=0, W=0
T=4622453, R=0, W=0
T=5136441, R=0, W=0
T=4086790, R=0, W=0
T=6345067, R=0, W=0

TOTAL: T=74915519, R=0, W=0
--- 111,322 MB collected in 0.272 secs (0.9% of total), longest GC took 0.004 secs
DATA gc:  total_k 113993777  total_secs 0.271766  max_secs 0.00432
