startup =       20000
elapsed =       10000
threads =       1
accounts =      2
init =          1000000
maxAmount =     10
readFreq =      0
writeFreq =     0
readThreads =   0
writeThreads =  0
disjointTrans = false
yieldALot =     false
flavour =       rfw

warming up
timed execution

TOTAL=2000000.0 [ 1004895.0 995105.0 ]

10001 actual elapsed

T=20486596, R=0, W=0

TOTAL: T=20486596, R=0, W=0
--- 30,675 MB collected in 0.128 secs (0.4% of total), longest GC took 0.003 secs
DATA gc:  total_k 31411914  total_secs 0.128472  max_secs 0.002654
