startup =       20000
elapsed =       10000
threads =       8
accounts =      512
init =          1000000
maxAmount =     10
readFreq =      0
writeFreq =     0
readThreads =   0
writeThreads =  0
disjointTrans = false
yieldALot =     false
flavour =       d

warming up
timed execution

TOTAL=5.11999872E8 [ 997780.0 995181.0 992366.0 1005755.0 996510.0 1000773.0 999517.0 999915.0 998041.0 994416.0 1001955.0 999452.0 1000156.0 997095.0 984357.0 998118.0 1000933.0 996364.0 993619.0 1003267.0 994627.0 992082.0 1001275.0 996214.0 990975.0 994911.0 1001743.0 1003440.0 1004577.0 994993.0 996133.0 1000344.0 1003530.0 1002626.0 1002565.0 1004448.0 1002007.0 1005534.0 999034.0 994779.0 1002988.0 998655.0 997870.0 999044.0 1000427.0 1012843.0 995115.0 998072.0 1001327.0 1002901.0 995567.0 1003849.0 997489.0 1003424.0 1000482.0 1000729.0 993880.0 993857.0 997000.0 1004725.0 998187.0 996165.0 986927.0 1006681.0 990865.0 1011930.0 1003438.0 998041.0 997171.0 1002380.0 1001465.0 992053.0 996666.0 997771.0 1001435.0 1004348.0 998984.0 997103.0 999448.0 993430.0 1003813.0 988447.0 998716.0 1007043.0 1001335.0 1005862.0 1002398.0 1015335.0 994590.0 1003283.0 1001562.0 1001828.0 997538.0 1003599.0 1006295.0 1001902.0 1004889.0 1000195.0 998786.0 995967.0 996060.0 1001794.0 1000266.0 1001140.0 991802.0 1006294.0 998269.0 997449.0 994043.0 996219.0 991998.0 988356.0 1005253.0 999346.0 997606.0 994188.0 990801.0 1006142.0 1002749.0 993972.0 1004680.0 997331.0 1001980.0 1007937.0 1003522.0 1004026.0 995955.0 995350.0 994566.0 1005333.0 1006626.0 1000919.0 1007267.0 990469.0 1002735.0 999463.0 994603.0 992671.0 1002677.0 999746.0 989589.0 1000541.0 1003575.0 999616.0 996393.0 1004118.0 995951.0 998877.0 1000971.0 1004046.0 1000308.0 993919.0 1001798.0 1003305.0 995290.0 1011441.0 1000919.0 993667.0 999174.0 1001689.0 1001420.0 996544.0 1007051.0 1002536.0 993508.0 1009338.0 1000589.0 1005337.0 998846.0 993990.0 989654.0 1001530.0 995565.0 1000988.0 1005856.0 998138.0 1003135.0 1002175.0 1004812.0 1005298.0 1000149.0 1006272.0 998962.0 993646.0 1002595.0 993885.0 1003519.0 990304.0 996420.0 1004868.0 993381.0 1005593.0 999083.0 986652.0 1008607.0 1004189.0 993630.0 997636.0 996294.0 1001972.0 996658.0 1000819.0 1002856.0 993558.0 994343.0 997499.0 1000326.0 999957.0 1006071.0 994564.0 1004324.0 1006898.0 990986.0 1004469.0 998376.0 992910.0 1002134.0 995901.0 1005260.0 997518.0 996463.0 995256.0 997810.0 1003449.0 1004105.0 999611.0 1004147.0 990801.0 1001385.0 1005460.0 992440.0 995106.0 1002653.0 998302.0 995828.0 992620.0 992643.0 1002834.0 995531.0 991443.0 999071.0 1007864.0 999532.0 999058.0 989765.0 997115.0 1008234.0 1008452.0 999067.0 998814.0 1000353.0 1002141.0 1000811.0 998528.0 1000345.0 1000347.0 997637.0 1004294.0 1003367.0 993238.0 1004361.0 1000655.0 998900.0 993626.0 1005945.0 996040.0 998475.0 996769.0 1006090.0 1002145.0 1004102.0 1004524.0 1000851.0 996175.0 1004698.0 1005173.0 1003400.0 1004163.0 998703.0 1000512.0 995711.0 1009806.0 1009209.0 995542.0 999854.0 1007456.0 998569.0 991236.0 1002976.0 1010374.0 1002319.0 1003359.0 995266.0 1003947.0 998787.0 996787.0 1005879.0 994675.0 1005699.0 992853.0 993176.0 999564.0 1010810.0 1005575.0 993258.0 1005752.0 1007634.0 1003962.0 1002380.0 1006623.0 1003128.0 1002380.0 1004810.0 1003516.0 1000820.0 1001353.0 1001645.0 999174.0 1004952.0 997638.0 1004848.0 999574.0 995065.0 990342.0 999979.0 1001141.0 999070.0 1008680.0 1005137.0 1005674.0 992303.0 1002474.0 991373.0 995809.0 999072.0 998668.0 997603.0 1001558.0 1000738.0 1000644.0 992613.0 1000591.0 994678.0 999909.0 1000244.0 1006447.0 1001838.0 1001180.0 993472.0 1002021.0 992391.0 1000920.0 998740.0 997244.0 1006008.0 999531.0 992838.0 1005891.0 1000927.0 995826.0 1004271.0 1005056.0 1002397.0 1002196.0 1004582.0 994918.0 996478.0 998226.0 996999.0 1007149.0 993719.0 1004423.0 995397.0 1011811.0 992436.0 997560.0 1007034.0 993541.0 998633.0 994341.0 998254.0 997726.0 1010002.0 1000002.0 1008228.0 1003831.0 998935.0 999593.0 996082.0 1006539.0 999086.0 996237.0 1007784.0 1000206.0 1001608.0 1002422.0 1001238.0 998474.0 1008706.0 1001374.0 999586.0 1003256.0 1001891.0 1006871.0 1002593.0 997854.0 1002826.0 1002027.0 1001588.0 1004096.0 997174.0 996102.0 999833.0 997410.0 1005555.0 999976.0 1003113.0 997414.0 1002265.0 994884.0 998864.0 1003452.0 1007603.0 997459.0 997747.0 998264.0 997158.0 999163.0 998249.0 1002856.0 1003418.0 1003609.0 999104.0 997625.0 998319.0 993409.0 1004472.0 1001719.0 1000636.0 998572.0 998226.0 1000954.0 999765.0 996857.0 1005349.0 996784.0 990017.0 998534.0 998504.0 997974.0 990436.0 1002073.0 997721.0 998024.0 1004325.0 1000501.0 1001390.0 1001693.0 999393.0 991954.0 1000623.0 996520.0 994457.0 1009620.0 1000239.0 1002089.0 999144.0 1015189.0 996041.0 1006349.0 992512.0 1004676.0 996203.0 1003101.0 998168.0 999374.0 1005666.0 1002499.0 1002875.0 996352.0 998195.0 999586.0 996124.0 1003751.0 996681.0 1003360.0 1001630.0 1002005.0 1004295.0 1001962.0 998646.0 999056.0 1005949.0 997330.0 1006795.0 998707.0 998742.0 1002966.0 1001445.0 1014666.0 1000863.0 1006254.0 997900.0 1006589.0 997023.0 988370.0 999261.0 1006882.0 997185.0 1003003.0 1001448.0 997206.0 ]

10002 actual elapsed

T=8240983, R=0, W=0
T=6932183, R=0, W=0
T=6575896, R=0, W=0
T=7032355, R=0, W=0
T=6321308, R=0, W=0
T=7838938, R=0, W=0
T=8295161, R=0, W=0
T=7061188, R=0, W=0

TOTAL: T=58298012, R=0, W=0
--- 84,554 MB collected in 0.194 secs (0.6% of total), longest GC took 0.003 secs
DATA gc:  total_k 86583314  total_secs 0.193883  max_secs 0.003396
