startup =       20000
elapsed =       10000
threads =       128
accounts =      128
init =          1000000
maxAmount =     10
readFreq =      0
writeFreq =     0
readThreads =   0
writeThreads =  0
disjointTrans = false
yieldALot =     false
flavour =       d

warming up
timed execution

TOTAL=1.27999984E8 [ 1014800.0 992862.0 981442.0 1004250.0 1015325.0 1006969.0 1019165.0 998759.0 1001636.0 987396.0 1016289.0 999690.0 1017687.0 1010809.0 1016504.0 1022447.0 994567.0 1000106.0 1014494.0 1014784.0 1002492.0 1013907.0 1013303.0 992976.0 996261.0 1005424.0 1000617.0 1005388.0 991867.0 990183.0 1006614.0 998627.0 1013579.0 1006007.0 979952.0 998453.0 996837.0 986165.0 981555.0 986793.0 996463.0 1000278.0 998428.0 1006781.0 1000857.0 993045.0 1009909.0 1004014.0 978878.0 974717.0 1000335.0 998300.0 989028.0 1001129.0 1007966.0 992339.0 999993.0 1011150.0 1003487.0 989481.0 1003226.0 980617.0 989304.0 1005379.0 987359.0 1010893.0 991502.0 1009408.0 1000151.0 998219.0 1004818.0 986601.0 1003995.0 997490.0 998887.0 1005768.0 1006187.0 1005850.0 998886.0 986399.0 1017484.0 1001198.0 1011484.0 1019077.0 987524.0 1002652.0 1000435.0 997608.0 1010162.0 1011142.0 998027.0 985228.0 1006839.0 984741.0 1010096.0 994737.0 998087.0 984786.0 972673.0 996175.0 987052.0 993976.0 980892.0 984780.0 1005351.0 1011430.0 987800.0 1013763.0 1015541.0 1000138.0 1014952.0 996412.0 990722.0 1002563.0 988319.0 1010048.0 984364.0 1004552.0 1027859.0 1001336.0 1006023.0 1002482.0 1005428.0 990987.0 973596.0 1006654.0 1007051.0 991276.0 ]

10002 actual elapsed

T=505936, R=0, W=0
T=455827, R=0, W=0
T=552437, R=0, W=0
T=458381, R=0, W=0
T=469090, R=0, W=0
T=582029, R=0, W=0
T=477102, R=0, W=0
T=494362, R=0, W=0
T=464187, R=0, W=0
T=480914, R=0, W=0
T=434082, R=0, W=0
T=549370, R=0, W=0
T=486563, R=0, W=0
T=599098, R=0, W=0
T=518544, R=0, W=0
T=474272, R=0, W=0
T=489408, R=0, W=0
T=485926, R=0, W=0
T=523158, R=0, W=0
T=504462, R=0, W=0
T=450233, R=0, W=0
T=486184, R=0, W=0
T=417994, R=0, W=0
T=454588, R=0, W=0
T=515511, R=0, W=0
T=535374, R=0, W=0
T=551831, R=0, W=0
T=506028, R=0, W=0
T=418068, R=0, W=0
T=497712, R=0, W=0
T=500736, R=0, W=0
T=550238, R=0, W=0
T=469602, R=0, W=0
T=479468, R=0, W=0
T=577471, R=0, W=0
T=537203, R=0, W=0
T=522997, R=0, W=0
T=452568, R=0, W=0
T=549075, R=0, W=0
T=485905, R=0, W=0
T=460646, R=0, W=0
T=421603, R=0, W=0
T=535242, R=0, W=0
T=564664, R=0, W=0
T=532960, R=0, W=0
T=474236, R=0, W=0
T=481502, R=0, W=0
T=508136, R=0, W=0
T=526680, R=0, W=0
T=415740, R=0, W=0
T=536489, R=0, W=0
T=519791, R=0, W=0
T=561204, R=0, W=0
T=551096, R=0, W=0
T=492822, R=0, W=0
T=509936, R=0, W=0
T=535278, R=0, W=0
T=478081, R=0, W=0
T=534996, R=0, W=0
T=575709, R=0, W=0
T=486217, R=0, W=0
T=591701, R=0, W=0
T=543093, R=0, W=0
T=471208, R=0, W=0
T=552260, R=0, W=0
T=477397, R=0, W=0
T=526642, R=0, W=0
T=530360, R=0, W=0
T=510509, R=0, W=0
T=495043, R=0, W=0
T=532482, R=0, W=0
T=553038, R=0, W=0
T=507302, R=0, W=0
T=524882, R=0, W=0
T=436059, R=0, W=0
T=481520, R=0, W=0
T=481884, R=0, W=0
T=479485, R=0, W=0
T=474854, R=0, W=0
T=459619, R=0, W=0
T=537236, R=0, W=0
T=441714, R=0, W=0
T=516797, R=0, W=0
T=513605, R=0, W=0
T=547751, R=0, W=0
T=576571, R=0, W=0
T=573226, R=0, W=0
T=552613, R=0, W=0
T=505487, R=0, W=0
T=478729, R=0, W=0
T=468986, R=0, W=0
T=442204, R=0, W=0
T=559372, R=0, W=0
T=516316, R=0, W=0
T=416426, R=0, W=0
T=429832, R=0, W=0
T=526157, R=0, W=0
T=573765, R=0, W=0
T=415723, R=0, W=0
T=467042, R=0, W=0
T=480506, R=0, W=0
T=607900, R=0, W=0
T=544076, R=0, W=0
T=520677, R=0, W=0
T=543600, R=0, W=0
T=539837, R=0, W=0
T=578488, R=0, W=0
T=511541, R=0, W=0
T=580455, R=0, W=0
T=448495, R=0, W=0
T=366011, R=0, W=0
T=485861, R=0, W=0
T=484993, R=0, W=0
T=523792, R=0, W=0
T=508085, R=0, W=0
T=561134, R=0, W=0
T=536679, R=0, W=0
T=558925, R=0, W=0
T=503542, R=0, W=0
T=493152, R=0, W=0
T=489614, R=0, W=0
T=505666, R=0, W=0
T=512065, R=0, W=0
T=498701, R=0, W=0
T=551381, R=0, W=0
T=592438, R=0, W=0
T=415743, R=0, W=0
T=370545, R=0, W=0

TOTAL: T=64669754, R=0, W=0
--- 92,494 MB collected in 0.302 secs (1.0% of total), longest GC took 0.007 secs
DATA gc:  total_k 94714764  total_secs 0.302335  max_secs 0.007143
