startup =       20000
elapsed =       10000
threads =       128
accounts =      128
init =          1000000
maxAmount =     10
readFreq =      0
writeFreq =     0
readThreads =   0
writeThreads =  0
disjointTrans = false
yieldALot =     false
flavour =       t

warming up
timed execution

TOTAL=1.28E8 [ 997499.0 975855.0 1020180.0 1004983.0 1004630.0 1016640.0 995509.0 1003568.0 992903.0 995469.0 1004219.0 1010094.0 1005866.0 1013271.0 1000152.0 998260.0 1008648.0 990853.0 992575.0 1020023.0 994241.0 991941.0 1004420.0 1004355.0 987895.0 1005776.0 1000348.0 1013440.0 987516.0 1018964.0 998507.0 1013227.0 1014440.0 992618.0 1014242.0 993378.0 990114.0 1001206.0 986774.0 993386.0 993592.0 996855.0 1009173.0 1011268.0 998915.0 1003870.0 1000782.0 1004704.0 1004338.0 1020586.0 998851.0 1012291.0 1021726.0 1011853.0 1004442.0 1015815.0 1008896.0 1004740.0 997689.0 990098.0 984438.0 995970.0 1006197.0 981569.0 994543.0 1002713.0 1003624.0 994640.0 995890.0 1001167.0 994538.0 1013403.0 994843.0 1007664.0 1000935.0 999481.0 988472.0 998416.0 1002914.0 988711.0 1013538.0 986354.0 1006170.0 989524.0 1003078.0 992096.0 980784.0 998309.0 998025.0 996561.0 1006514.0 993565.0 989341.0 980431.0 982770.0 1006271.0 1000594.0 1013866.0 992564.0 988359.0 1006494.0 985069.0 1003241.0 1011869.0 990216.0 984676.0 998334.0 1014149.0 1010709.0 1023307.0 1009950.0 992847.0 997858.0 998837.0 982747.0 980754.0 989072.0 999480.0 1006774.0 991503.0 1007008.0 1000679.0 1004310.0 1011249.0 979568.0 1007994.0 984078.0 989917.0 ]

10125 actual elapsed

T=411200, R=0, W=0
T=458328, R=0, W=0
T=417195, R=0, W=0
T=453890, R=0, W=0
T=446962, R=0, W=0
T=394983, R=0, W=0
T=490633, R=0, W=0
T=527459, R=0, W=0
T=486301, R=0, W=0
T=455039, R=0, W=0
T=426509, R=0, W=0
T=407800, R=0, W=0
T=461462, R=0, W=0
T=514152, R=0, W=0
T=490079, R=0, W=0
T=468409, R=0, W=0
T=488350, R=0, W=0
T=465716, R=0, W=0
T=531922, R=0, W=0
T=474337, R=0, W=0
T=478256, R=0, W=0
T=507107, R=0, W=0
T=487147, R=0, W=0
T=480633, R=0, W=0
T=505682, R=0, W=0
T=516702, R=0, W=0
T=440235, R=0, W=0
T=480168, R=0, W=0
T=557451, R=0, W=0
T=490330, R=0, W=0
T=462908, R=0, W=0
T=472994, R=0, W=0
T=432000, R=0, W=0
T=516711, R=0, W=0
T=391445, R=0, W=0
T=469906, R=0, W=0
T=400938, R=0, W=0
T=496239, R=0, W=0
T=557899, R=0, W=0
T=379478, R=0, W=0
T=443735, R=0, W=0
T=420163, R=0, W=0
T=491108, R=0, W=0
T=444831, R=0, W=0
T=484500, R=0, W=0
T=471760, R=0, W=0
T=437333, R=0, W=0
T=482301, R=0, W=0
T=505089, R=0, W=0
T=430944, R=0, W=0
T=475984, R=0, W=0
T=442725, R=0, W=0
T=527248, R=0, W=0
T=454309, R=0, W=0
T=453598, R=0, W=0
T=418238, R=0, W=0
T=411279, R=0, W=0
T=442968, R=0, W=0
T=444717, R=0, W=0
T=502149, R=0, W=0
T=430360, R=0, W=0
T=450250, R=0, W=0
T=491800, R=0, W=0
T=501281, R=0, W=0
T=475723, R=0, W=0
T=484852, R=0, W=0
T=514414, R=0, W=0
T=435663, R=0, W=0
T=464646, R=0, W=0
T=476303, R=0, W=0
T=474260, R=0, W=0
T=451097, R=0, W=0
T=412351, R=0, W=0
T=397412, R=0, W=0
T=420298, R=0, W=0
T=481945, R=0, W=0
T=476679, R=0, W=0
T=494321, R=0, W=0
T=429842, R=0, W=0
T=449986, R=0, W=0
T=417728, R=0, W=0
T=453387, R=0, W=0
T=474214, R=0, W=0
T=417215, R=0, W=0
T=418559, R=0, W=0
T=426681, R=0, W=0
T=447995, R=0, W=0
T=446933, R=0, W=0
T=453726, R=0, W=0
T=451055, R=0, W=0
T=399196, R=0, W=0
T=459766, R=0, W=0
T=458965, R=0, W=0
T=417441, R=0, W=0
T=400990, R=0, W=0
T=410912, R=0, W=0
T=462981, R=0, W=0
T=438375, R=0, W=0
T=467206, R=0, W=0
T=462064, R=0, W=0
T=478777, R=0, W=0
T=467646, R=0, W=0
T=449432, R=0, W=0
T=418327, R=0, W=0
T=404969, R=0, W=0
T=415643, R=0, W=0
T=498114, R=0, W=0
T=446188, R=0, W=0
T=465509, R=0, W=0
T=467497, R=0, W=0
T=507945, R=0, W=0
T=486967, R=0, W=0
T=448525, R=0, W=0
T=459616, R=0, W=0
T=448140, R=0, W=0
T=480933, R=0, W=0
T=465819, R=0, W=0
T=465979, R=0, W=0
T=473944, R=0, W=0
T=392641, R=0, W=0
T=479578, R=0, W=0
T=452737, R=0, W=0
T=440410, R=0, W=0
T=429509, R=0, W=0
T=456230, R=0, W=0
T=443254, R=0, W=0
T=471732, R=0, W=0
T=445492, R=0, W=0

TOTAL: T=58740359, R=0, W=0
--- 110,181 MB collected in 0.270 secs (0.9% of total), longest GC took 0.007 secs
DATA gc:  total_k 112826124  total_secs 0.269986  max_secs 0.007428
