startup =       4000
elapsed =       10000
threads =       8
accounts =      512
init =          1000000
maxAmount =     10
readFreq =      0
writeFreq =     0
readThreads =   0
writeThreads =  0
disjointTrans = false
yieldALot =     false
flavour =       t

warming up
timed execution

TOTAL=5.11999904E8 [ 1007217.0 995382.0 992626.0 988466.0 983459.0 1004882.0 991052.0 1009067.0 987654.0 989244.0 992749.0 996526.0 1012939.0 994490.0 998438.0 993590.0 1003815.0 988153.0 1007642.0 1010044.0 995449.0 1005945.0 990089.0 999238.0 992808.0 992486.0 999868.0 982020.0 994364.0 1017541.0 1003153.0 998396.0 1014687.0 1010612.0 1008359.0 989700.0 995866.0 1006860.0 1000728.0 1000598.0 995490.0 1010531.0 1000080.0 993528.0 993933.0 998849.0 1009175.0 1008658.0 1005140.0 1021028.0 1004163.0 984976.0 998083.0 988068.0 998605.0 995418.0 994196.0 991942.0 996774.0 996542.0 1002218.0 1006303.0 1004759.0 1004412.0 992855.0 995611.0 1002378.0 1002912.0 1005985.0 991189.0 1008890.0 993218.0 985592.0 1001245.0 1009275.0 1009518.0 1003040.0 993821.0 996642.0 1010215.0 990106.0 1003340.0 984073.0 982735.0 1004405.0 988428.0 1013709.0 992665.0 988103.0 1008354.0 1001485.0 999620.0 1000674.0 996290.0 1001536.0 998746.0 996676.0 979160.0 1000735.0 991270.0 998259.0 995410.0 991827.0 1013901.0 998828.0 993966.0 999460.0 996034.0 994121.0 1009035.0 1007137.0 1010152.0 994999.0 1004721.0 998045.0 995209.0 1011987.0 995025.0 1000024.0 993675.0 1000803.0 994127.0 1005959.0 1007667.0 1000192.0 1003687.0 1001558.0 992905.0 991264.0 998762.0 1012028.0 996764.0 1009365.0 1016211.0 1011826.0 1012317.0 999943.0 995073.0 1007186.0 1002378.0 991993.0 1000233.0 996821.0 981430.0 1014945.0 991801.0 979356.0 983881.0 1011263.0 1003916.0 1012094.0 1001555.0 1002411.0 996351.0 989822.0 1005009.0 982972.0 999467.0 990685.0 1004241.0 991158.0 998754.0 987847.0 991462.0 997643.0 1013472.0 1000339.0 1011848.0 1003841.0 1006944.0 1002651.0 990042.0 989953.0 1002577.0 997435.0 1009299.0 1000399.0 995994.0 1003865.0 1005392.0 993858.0 1007139.0 1002824.0 985758.0 989094.0 991261.0 992079.0 1000147.0 1004797.0 995840.0 1001176.0 1001862.0 1015220.0 994433.0 996942.0 993962.0 993467.0 1000474.0 991091.0 998484.0 992583.0 991116.0 1000388.0 1012445.0 1002355.0 1001420.0 988470.0 1002353.0 997639.0 1020462.0 983493.0 1014388.0 998780.0 1004311.0 993283.0 1001098.0 988195.0 1004439.0 1009441.0 1002237.0 985195.0 994743.0 995032.0 1006223.0 996389.0 1005262.0 991376.0 989154.0 998247.0 995877.0 995034.0 986496.0 997657.0 1004590.0 999009.0 1017587.0 999260.0 996469.0 1009553.0 997327.0 1003355.0 996080.0 999484.0 1002583.0 1003785.0 980736.0 988259.0 1001605.0 992460.0 1008430.0 995909.0 992183.0 1001665.0 1001110.0 1006238.0 995817.0 1006155.0 994490.0 998017.0 999893.0 1009813.0 1005621.0 1002488.0 997539.0 991426.0 999199.0 1010698.0 989197.0 1001355.0 1003425.0 998500.0 1006439.0 1006548.0 1008708.0 1004206.0 1008828.0 998386.0 1005234.0 995684.0 1001400.0 997717.0 1002571.0 1011461.0 1010687.0 1009368.0 1019769.0 997101.0 984803.0 991734.0 1012000.0 1005745.0 1014609.0 1006668.0 1012803.0 1004075.0 1009435.0 983926.0 990648.0 991072.0 1008031.0 995542.0 1012440.0 1000229.0 1002944.0 993294.0 1004561.0 1001120.0 1003464.0 1006916.0 1004998.0 1006097.0 1000361.0 1007516.0 999458.0 1012951.0 1005809.0 994126.0 988294.0 1004273.0 999244.0 997390.0 1011376.0 1002835.0 994841.0 1007634.0 1001736.0 995006.0 998628.0 1013035.0 1008683.0 1000293.0 1009733.0 1000573.0 1007959.0 997857.0 1004993.0 1008104.0 992111.0 1012298.0 1000346.0 1011035.0 995023.0 1002459.0 999684.0 988068.0 1014762.0 1004134.0 992898.0 992095.0 1003093.0 1006577.0 1012106.0 992653.0 995389.0 999150.0 993624.0 997210.0 1008090.0 987760.0 1000840.0 1006264.0 1015416.0 978380.0 1005259.0 988167.0 1002247.0 1005473.0 998428.0 1003263.0 998557.0 982058.0 1014437.0 1017701.0 1002678.0 994601.0 1009360.0 995777.0 995902.0 1014663.0 1001877.0 989076.0 1006002.0 1005797.0 1019853.0 989494.0 1007968.0 996442.0 996420.0 1001741.0 1019418.0 1002986.0 1008741.0 1002909.0 990854.0 993955.0 998596.0 986419.0 1000490.0 1008152.0 992123.0 1002278.0 987271.0 999542.0 994327.0 998470.0 995474.0 994892.0 998598.0 997842.0 994916.0 993167.0 1002134.0 1001361.0 989999.0 1001314.0 1009001.0 1001662.0 992729.0 1009990.0 1013880.0 1006208.0 1013492.0 994270.0 992363.0 1004511.0 990206.0 995682.0 991862.0 1004996.0 1008860.0 1013836.0 997441.0 1002415.0 981734.0 1000807.0 993826.0 1000350.0 1008788.0 1005639.0 1004095.0 1000693.0 999659.0 1008223.0 1001725.0 1011517.0 1006598.0 1014460.0 1006271.0 1006077.0 1000221.0 994726.0 1008359.0 1004010.0 998602.0 1000086.0 994672.0 986270.0 1000241.0 984872.0 1010785.0 998151.0 1004688.0 1009331.0 1008745.0 1003516.0 1007174.0 1008015.0 1002374.0 1000722.0 1001897.0 997190.0 989073.0 1010530.0 993812.0 980000.0 1005016.0 1003499.0 1015369.0 992724.0 981232.0 1001277.0 989303.0 999500.0 994237.0 1011355.0 993925.0 1000934.0 1006584.0 996242.0 1000835.0 978723.0 1004682.0 997453.0 999310.0 996312.0 1008190.0 999559.0 989477.0 1006057.0 1013357.0 999082.0 986912.0 981898.0 992667.0 999684.0 999328.0 995731.0 994711.0 1001273.0 1002999.0 992825.0 997548.0 ]

10001 actual elapsed

T=7363797, R=0, W=0
T=6695608, R=0, W=0
T=6848585, R=0, W=0
T=6953254, R=0, W=0
T=5904351, R=0, W=0
T=6566551, R=0, W=0
T=5927661, R=0, W=0
T=8718905, R=0, W=0

TOTAL: T=54978712, R=0, W=0
--- 44,586 MB collected in 0.080 secs (0.6% of total), longest GC took 0.010 secs
DATA gc:  total_k 45656329  total_secs 0.07956  max_secs 0.009574
