startup =       4000
elapsed =       10000
threads =       256
accounts =      256
init =          1000000
maxAmount =     10
readFreq =      0
writeFreq =     0
readThreads =   0
writeThreads =  0
disjointTrans = false
yieldALot =     false
flavour =       d

warming up
timed execution

TOTAL=2.56000032E8 [ 1001139.0 1004444.0 1003075.0 997393.0 1000010.0 1008265.0 996754.0 1000609.0 1006370.0 1000198.0 994251.0 1002570.0 996641.0 995182.0 1002135.0 997391.0 997073.0 996890.0 1005430.0 994592.0 1007518.0 1002395.0 996057.0 996430.0 1005744.0 1002983.0 1000131.0 992022.0 1003735.0 995228.0 998125.0 998106.0 993719.0 999282.0 1007569.0 1001157.0 1004442.0 1002554.0 1003182.0 1003090.0 1007778.0 994182.0 1011181.0 992530.0 1000059.0 997440.0 1002909.0 993978.0 996549.0 995734.0 1011128.0 1000654.0 999158.0 1002256.0 998091.0 996001.0 995399.0 1001820.0 1004677.0 1006248.0 996651.0 1002943.0 993407.0 996597.0 999280.0 996881.0 1002628.0 1000353.0 999624.0 995726.0 999188.0 991652.0 999890.0 1015734.0 1006066.0 993417.0 993781.0 998237.0 1005124.0 996119.0 1009718.0 999995.0 1003111.0 997220.0 998252.0 999525.0 994756.0 1002132.0 1005851.0 995716.0 1000052.0 994520.0 1004484.0 997547.0 1003205.0 999898.0 1009057.0 998303.0 998714.0 1012641.0 1010148.0 1002435.0 992560.0 998034.0 999512.0 997388.0 997461.0 1007410.0 1005096.0 1002669.0 1006075.0 1004909.0 1000324.0 1003794.0 992057.0 1006267.0 987067.0 997703.0 1001183.0 987788.0 999832.0 999227.0 1004601.0 1002382.0 1002071.0 1012313.0 997119.0 1000865.0 1000327.0 997778.0 1004624.0 1001187.0 993038.0 1002769.0 995216.0 1004292.0 999313.0 991786.0 998223.0 998758.0 995485.0 1002350.0 1000039.0 999026.0 1003065.0 997279.0 996888.0 1004493.0 1002193.0 1004231.0 995660.0 1000274.0 996033.0 994261.0 1000309.0 1000206.0 1001088.0 991817.0 1007363.0 1007483.0 999561.0 996780.0 998127.0 1001695.0 1006438.0 1004276.0 1002285.0 998784.0 998296.0 1006132.0 1003434.0 997761.0 999228.0 995970.0 994258.0 996755.0 998293.0 996812.0 993802.0 1003851.0 1011088.0 1002683.0 996479.0 997849.0 1005256.0 1003848.0 995682.0 998037.0 1007827.0 1002432.0 995807.0 999671.0 1000787.0 1002905.0 998864.0 1004933.0 997731.0 1000372.0 997839.0 1003451.0 998670.0 992440.0 989859.0 999749.0 1009320.0 1007104.0 999193.0 1006264.0 1001447.0 992693.0 995167.0 998120.0 999106.0 1003413.0 1003541.0 999803.0 1000334.0 993160.0 999440.0 999824.0 999596.0 998518.0 1005740.0 992836.0 995213.0 1006309.0 1006142.0 1003547.0 991727.0 1008717.0 995433.0 996094.0 1000265.0 998797.0 1003110.0 991081.0 989166.0 1005759.0 998267.0 1004495.0 995843.0 997577.0 1000035.0 985476.0 1001572.0 1003171.0 993581.0 1000003.0 993609.0 1001033.0 999748.0 1002225.0 991083.0 1002205.0 994487.0 1008022.0 ]

11147 actual elapsed

T=293629, R=0, W=0
T=314166, R=0, W=0
T=367351, R=0, W=0
T=332435, R=0, W=0
T=237090, R=0, W=0
T=339454, R=0, W=0
T=228081, R=0, W=0
T=256442, R=0, W=0
T=264700, R=0, W=0
T=260579, R=0, W=0
T=259326, R=0, W=0
T=300859, R=0, W=0
T=199340, R=0, W=0
T=335444, R=0, W=0
T=231544, R=0, W=0
T=357270, R=0, W=0
T=314655, R=0, W=0
T=200385, R=0, W=0
T=315530, R=0, W=0
T=277007, R=0, W=0
T=208788, R=0, W=0
T=258437, R=0, W=0
T=269390, R=0, W=0
T=454853, R=0, W=0
T=207063, R=0, W=0
T=262521, R=0, W=0
T=252386, R=0, W=0
T=220484, R=0, W=0
T=331596, R=0, W=0
T=340422, R=0, W=0
T=266796, R=0, W=0
T=298662, R=0, W=0
T=201992, R=0, W=0
T=249009, R=0, W=0
T=260861, R=0, W=0
T=335154, R=0, W=0
T=268485, R=0, W=0
T=264974, R=0, W=0
T=264757, R=0, W=0
T=322223, R=0, W=0
T=237747, R=0, W=0
T=247601, R=0, W=0
T=362898, R=0, W=0
T=323230, R=0, W=0
T=254513, R=0, W=0
T=306393, R=0, W=0
T=265265, R=0, W=0
T=207920, R=0, W=0
T=248924, R=0, W=0
T=417715, R=0, W=0
T=275131, R=0, W=0
T=250066, R=0, W=0
T=307946, R=0, W=0
T=219055, R=0, W=0
T=233242, R=0, W=0
T=317094, R=0, W=0
T=274736, R=0, W=0
T=272352, R=0, W=0
T=304842, R=0, W=0
T=260081, R=0, W=0
T=216141, R=0, W=0
T=207668, R=0, W=0
T=255900, R=0, W=0
T=227868, R=0, W=0
T=321036, R=0, W=0
T=284572, R=0, W=0
T=266363, R=0, W=0
T=288805, R=0, W=0
T=234942, R=0, W=0
T=324390, R=0, W=0
T=284746, R=0, W=0
T=287472, R=0, W=0
T=266462, R=0, W=0
T=292844, R=0, W=0
T=397972, R=0, W=0
T=248341, R=0, W=0
T=265596, R=0, W=0
T=220173, R=0, W=0
T=290260, R=0, W=0
T=217796, R=0, W=0
T=311308, R=0, W=0
T=284297, R=0, W=0
T=292261, R=0, W=0
T=237225, R=0, W=0
T=291084, R=0, W=0
T=290764, R=0, W=0
T=327173, R=0, W=0
T=295679, R=0, W=0
T=316630, R=0, W=0
T=299814, R=0, W=0
T=215850, R=0, W=0
T=399576, R=0, W=0
T=327981, R=0, W=0
T=193482, R=0, W=0
T=394243, R=0, W=0
T=263176, R=0, W=0
T=247526, R=0, W=0
T=350879, R=0, W=0
T=197883, R=0, W=0
T=281045, R=0, W=0
T=327802, R=0, W=0
T=303541, R=0, W=0
T=299728, R=0, W=0
T=238790, R=0, W=0
T=185945, R=0, W=0
T=216143, R=0, W=0
T=218930, R=0, W=0
T=363869, R=0, W=0
T=274563, R=0, W=0
T=293147, R=0, W=0
T=302513, R=0, W=0
T=339287, R=0, W=0
T=226446, R=0, W=0
T=248179, R=0, W=0
T=221794, R=0, W=0
T=340443, R=0, W=0
T=229045, R=0, W=0
T=247891, R=0, W=0
T=243396, R=0, W=0
T=315589, R=0, W=0
T=252085, R=0, W=0
T=273903, R=0, W=0
T=234327, R=0, W=0
T=340877, R=0, W=0
T=230394, R=0, W=0
T=337669, R=0, W=0
T=213254, R=0, W=0
T=286049, R=0, W=0
T=301087, R=0, W=0
T=273859, R=0, W=0
T=329459, R=0, W=0
T=345291, R=0, W=0
T=233670, R=0, W=0
T=293449, R=0, W=0
T=353247, R=0, W=0
T=209486, R=0, W=0
T=178152, R=0, W=0
T=282522, R=0, W=0
T=343115, R=0, W=0
T=240142, R=0, W=0
T=234002, R=0, W=0
T=282519, R=0, W=0
T=329264, R=0, W=0
T=303939, R=0, W=0
T=345336, R=0, W=0
T=236134, R=0, W=0
T=234985, R=0, W=0
T=292649, R=0, W=0
T=287659, R=0, W=0
T=308725, R=0, W=0
T=249324, R=0, W=0
T=213369, R=0, W=0
T=277065, R=0, W=0
T=266469, R=0, W=0
T=207947, R=0, W=0
T=171313, R=0, W=0
T=179347, R=0, W=0
T=214397, R=0, W=0
T=245422, R=0, W=0
T=323788, R=0, W=0
T=294493, R=0, W=0
T=305248, R=0, W=0
T=314549, R=0, W=0
T=149333, R=0, W=0
T=301266, R=0, W=0
T=360423, R=0, W=0
T=194174, R=0, W=0
T=328153, R=0, W=0
T=170323, R=0, W=0
T=284451, R=0, W=0
T=380242, R=0, W=0
T=293461, R=0, W=0
T=343668, R=0, W=0
T=254927, R=0, W=0
T=297015, R=0, W=0
T=281701, R=0, W=0
T=208403, R=0, W=0
T=262268, R=0, W=0
T=324393, R=0, W=0
T=209414, R=0, W=0
T=248950, R=0, W=0
T=284578, R=0, W=0
T=297643, R=0, W=0
T=261280, R=0, W=0
T=221836, R=0, W=0
T=216770, R=0, W=0
T=341142, R=0, W=0
T=237791, R=0, W=0
T=218378, R=0, W=0
T=230212, R=0, W=0
T=227433, R=0, W=0
T=256361, R=0, W=0
T=294003, R=0, W=0
T=333569, R=0, W=0
T=258442, R=0, W=0
T=221507, R=0, W=0
T=288283, R=0, W=0
T=276738, R=0, W=0
T=201803, R=0, W=0
T=255929, R=0, W=0
T=275512, R=0, W=0
T=294637, R=0, W=0
T=216211, R=0, W=0
T=271419, R=0, W=0
T=304667, R=0, W=0
T=285396, R=0, W=0
T=353464, R=0, W=0
T=255552, R=0, W=0
T=266653, R=0, W=0
T=359842, R=0, W=0
T=252692, R=0, W=0
T=231680, R=0, W=0
T=341483, R=0, W=0
T=256977, R=0, W=0
T=233199, R=0, W=0
T=222635, R=0, W=0
T=295806, R=0, W=0
T=259123, R=0, W=0
T=181930, R=0, W=0
T=177981, R=0, W=0
T=237443, R=0, W=0
T=441630, R=0, W=0
T=280417, R=0, W=0
T=173799, R=0, W=0
T=265356, R=0, W=0
T=332105, R=0, W=0
T=340378, R=0, W=0
T=425555, R=0, W=0
T=291228, R=0, W=0
T=248679, R=0, W=0
T=261933, R=0, W=0
T=239921, R=0, W=0
T=366510, R=0, W=0
T=290080, R=0, W=0
T=278385, R=0, W=0
T=276583, R=0, W=0
T=321451, R=0, W=0
T=326052, R=0, W=0
T=221413, R=0, W=0
T=332085, R=0, W=0
T=230885, R=0, W=0
T=353068, R=0, W=0
T=324704, R=0, W=0
T=271884, R=0, W=0
T=297185, R=0, W=0
T=307565, R=0, W=0
T=284550, R=0, W=0
T=256237, R=0, W=0
T=283296, R=0, W=0
T=222115, R=0, W=0
T=267566, R=0, W=0
T=263853, R=0, W=0
T=284605, R=0, W=0
T=286501, R=0, W=0
T=319830, R=0, W=0
T=267023, R=0, W=0

TOTAL: T=70760127, R=0, W=0
--- 37,027 MB collected in 0.135 secs (0.8% of total), longest GC took 0.012 secs
DATA gc:  total_k 37916085  total_secs 0.13537  max_secs 0.011877
