startup =       20000
elapsed =       10000
threads =       2
accounts =      2
init =          1000000
maxAmount =     10
readFreq =      0
writeFreq =     0
readThreads =   0
writeThreads =  0
disjointTrans = false
yieldALot =     false
flavour =       d

warming up
timed execution

TOTAL=2000000.0 [ 985346.0 1014654.0 ]

10002 actual elapsed

T=3006483, R=0, W=0
T=3242617, R=0, W=0

TOTAL: T=6249100, R=0, W=0
--- 10,579 MB collected in 0.064 secs (0.2% of total), longest GC took 0.003 secs
DATA gc:  total_k 10833473  total_secs 0.063507  max_secs 0.002635
