startup =       20000
elapsed =       10000
threads =       64
accounts =      64
init =          1000000
maxAmount =     10
readFreq =      0
writeFreq =     0
readThreads =   0
writeThreads =  0
disjointTrans = false
yieldALot =     false
flavour =       t

warming up
timed execution

TOTAL=6.3999992E7 [ 1008403.0 1007613.0 1015425.0 1015973.0 993857.0 1012610.0 998381.0 988360.0 984612.0 982608.0 998114.0 982242.0 1004604.0 1014571.0 990637.0 1006983.0 1015529.0 1029395.0 1005424.0 995190.0 988965.0 1003405.0 995379.0 1005629.0 1008144.0 983370.0 1005436.0 1025434.0 985760.0 1000677.0 992580.0 996770.0 1003520.0 986127.0 1003694.0 987669.0 990717.0 1003939.0 995392.0 995095.0 1019799.0 1013287.0 1006193.0 1001655.0 1006735.0 1013143.0 987529.0 998240.0 993351.0 985080.0 1001118.0 984849.0 1008269.0 972350.0 994066.0 1027042.0 1011771.0 987842.0 1020545.0 973436.0 993736.0 1001631.0 1010003.0 980097.0 ]

10002 actual elapsed

T=733929, R=0, W=0
T=709850, R=0, W=0
T=707218, R=0, W=0
T=718302, R=0, W=0
T=753347, R=0, W=0
T=707663, R=0, W=0
T=697305, R=0, W=0
T=747764, R=0, W=0
T=707794, R=0, W=0
T=671196, R=0, W=0
T=670304, R=0, W=0
T=684053, R=0, W=0
T=686036, R=0, W=0
T=711389, R=0, W=0
T=724188, R=0, W=0
T=685393, R=0, W=0
T=659776, R=0, W=0
T=718385, R=0, W=0
T=690532, R=0, W=0
T=687257, R=0, W=0
T=714692, R=0, W=0
T=699707, R=0, W=0
T=695384, R=0, W=0
T=727115, R=0, W=0
T=660807, R=0, W=0
T=715180, R=0, W=0
T=687886, R=0, W=0
T=720169, R=0, W=0
T=733226, R=0, W=0
T=698219, R=0, W=0
T=720369, R=0, W=0
T=700992, R=0, W=0
T=700075, R=0, W=0
T=681744, R=0, W=0
T=690788, R=0, W=0
T=699672, R=0, W=0
T=736746, R=0, W=0
T=732050, R=0, W=0
T=707292, R=0, W=0
T=669428, R=0, W=0
T=670883, R=0, W=0
T=716541, R=0, W=0
T=743143, R=0, W=0
T=690047, R=0, W=0
T=686017, R=0, W=0
T=679328, R=0, W=0
T=747466, R=0, W=0
T=676794, R=0, W=0
T=733259, R=0, W=0
T=664867, R=0, W=0
T=633925, R=0, W=0
T=708760, R=0, W=0
T=700526, R=0, W=0
T=699314, R=0, W=0
T=734254, R=0, W=0
T=733529, R=0, W=0
T=686880, R=0, W=0
T=687432, R=0, W=0
T=708597, R=0, W=0
T=732766, R=0, W=0
T=636513, R=0, W=0
T=691110, R=0, W=0
T=662653, R=0, W=0
T=696979, R=0, W=0

TOTAL: T=44884805, R=0, W=0
--- 88,296 MB collected in 0.266 secs (0.9% of total), longest GC took 0.006 secs
DATA gc:  total_k 90415912  total_secs 0.266174  max_secs 0.005864
