startup =       4000
elapsed =       10000
threads =       1
accounts =      2
init =          1000000
maxAmount =     10
readFreq =      0
writeFreq =     0
readThreads =   0
writeThreads =  0
disjointTrans = false
yieldALot =     false
flavour =       t

warming up
timed execution

TOTAL=2000000.0 [ 1042251.0 957749.0 ]

10001 actual elapsed

T=16020809, R=0, W=0

TOTAL: T=16020809, R=0, W=0
--- 12,189 MB collected in 0.041 secs (0.3% of total), longest GC took 0.002 secs
DATA gc:  total_k 12482394  total_secs 0.040803  max_secs 0.001881
