startup =       20000
elapsed =       10000
threads =       4
accounts =      256
init =          1000000
maxAmount =     10
readFreq =      0
writeFreq =     0
readThreads =   0
writeThreads =  0
disjointTrans = false
yieldALot =     false
flavour =       d

warming up
timed execution

TOTAL=2.55999984E8 [ 993857.0 1002963.0 1004240.0 1002718.0 999209.0 1000509.0 999823.0 1008240.0 1002126.0 997615.0 997074.0 1003512.0 1003298.0 996390.0 1013483.0 995627.0 1006047.0 989551.0 1000927.0 1002417.0 999796.0 995633.0 996306.0 993430.0 997555.0 997391.0 1003664.0 1010156.0 992164.0 992150.0 999988.0 1003424.0 1009153.0 1001989.0 994521.0 1007683.0 991322.0 1004560.0 992420.0 1012808.0 1011780.0 993241.0 992718.0 999870.0 994826.0 991295.0 1003697.0 1001187.0 996934.0 999319.0 1001516.0 1004689.0 1004154.0 1010431.0 1004041.0 999660.0 999161.0 999637.0 997808.0 999846.0 1001547.0 1014772.0 993051.0 999506.0 1004879.0 997869.0 990561.0 1001980.0 996580.0 1001654.0 996884.0 1005164.0 998077.0 1005787.0 1010054.0 1001370.0 1003403.0 994759.0 1002367.0 993874.0 997488.0 1001058.0 994270.0 1010313.0 999364.0 997236.0 993866.0 990108.0 1008573.0 997745.0 996089.0 1001175.0 993724.0 999982.0 998856.0 996839.0 1005116.0 993326.0 1007551.0 1012338.0 998407.0 1004133.0 995701.0 1001654.0 999487.0 989924.0 1005536.0 987137.0 1008324.0 1007849.0 994475.0 989270.0 1002022.0 1011292.0 1003743.0 998828.0 998308.0 1003555.0 997915.0 994915.0 993802.0 1002054.0 990049.0 991256.0 999687.0 1003397.0 1002026.0 1004823.0 1003009.0 1002316.0 987935.0 1003216.0 1009853.0 992972.0 1002151.0 1003003.0 1011802.0 987004.0 1000436.0 1003814.0 996598.0 997204.0 1001499.0 993043.0 994563.0 1004495.0 994168.0 996312.0 1005949.0 1002607.0 989951.0 1006192.0 1009160.0 1009122.0 998646.0 1000629.0 999215.0 998525.0 1011375.0 992811.0 989000.0 995606.0 1001637.0 1009352.0 998124.0 995222.0 1001425.0 995058.0 1000463.0 996463.0 995921.0 1003433.0 997068.0 995842.0 987885.0 1004433.0 992039.0 1002202.0 986405.0 1002219.0 1003793.0 996261.0 993367.0 1010947.0 1004017.0 1001634.0 991076.0 1001869.0 999343.0 1003508.0 997141.0 989653.0 999267.0 999802.0 1015164.0 998013.0 1001606.0 986399.0 992017.0 1007625.0 1003000.0 1006645.0 1006566.0 1005774.0 1013295.0 992651.0 998408.0 1000285.0 996553.0 995644.0 996128.0 1002414.0 998752.0 1007419.0 1006347.0 998082.0 1003028.0 1004754.0 991462.0 997526.0 994355.0 1005402.0 992255.0 1000644.0 995396.0 1006205.0 1009157.0 1002420.0 991861.0 1007961.0 1002440.0 989107.0 1002268.0 1001903.0 997550.0 996651.0 1010178.0 1008320.0 1004683.0 1002071.0 995893.0 994912.0 1001088.0 992251.0 992105.0 1004114.0 1002325.0 999557.0 1002212.0 1005328.0 1001208.0 1000811.0 993697.0 1000084.0 1004721.0 1001987.0 ]

10001 actual elapsed

T=9355681, R=0, W=0
T=8843767, R=0, W=0
T=8275510, R=0, W=0
T=8811997, R=0, W=0

TOTAL: T=35286955, R=0, W=0
--- 52,026 MB collected in 0.083 secs (0.3% of total), longest GC took 0.003 secs
DATA gc:  total_k 53274855  total_secs 0.083101  max_secs 0.002689
