Number of accounts  = 2
Initial amount      = 100000.0
Maximal transfer    = 10
Read-all frequency  = 0%
Write-all frequency = 0%
Read-all threads    = 0
Write-all threads   = 0
Disjoint            = false
Yield               = false

Starting threads... 0 1
End of warmup phase... 0 1
End of test phase... 0 1
Waiting for threads to finish...
All threads returned successfully
RESULTS:

  Warmup duration (ms) = 20000
  Test duration (ms)   = 10000
  Nb iterations        = 4284676
  Stats                = T=4284676, R=0, W=0, TOTAL=200000 [ 0=109990.0 1=90010.0 ]
    0 : 2103006 (T=2103006, R=0, W=0)
    1 : 2181670 (T=2181670, R=0, W=0)
--- 13,419 MB collected in 0.067 secs (0.2% of total), longest GC took 0.007 secs
DATA gc:  total_k 13741240  total_secs 0.067323  max_secs 0.006746
