TL2CM Initialized:
Contention Manager: Polka busy-waiting [C=10]
Number of accounts  = 512
Initial amount      = 100000.0
Maximal transfer    = 10
Read-all frequency  = 0%
Write-all frequency = 0%
Read-all threads    = 0
Write-all threads   = 0
Disjoint            = false
Yield               = false

Starting threads... 0 1 2 3 4 5 6 7
End of warmup phase... 0 1 2 3 4 5 6 7
End of test phase... 0 1 2 3 4 5 6 7
Waiting for threads to finish...
All threads returned successfully
RESULTS:

  Warmup duration (ms) = 20000
  Test duration (ms)   = 10000
  Nb iterations        = 13921871
  Stats                = T=13921871, R=0, W=0, TOTAL=51195456 [ 0=98785.0 1=99153.0 2=97944.0 3=98087.0 4=97654.0 5=99947.0 6=96447.0 7=99846.0 8=101030.0 9=100648.0 10=97560.0 11=100191.0 12=99045.0 13=98788.0 14=101436.0 15=98940.0 16=102849.0 17=98673.0 18=98687.0 19=101368.0 20=98111.0 21=100298.0 22=99456.0 23=102392.0 24=97802.0 25=93973.0 26=101011.0 27=102588.0 28=99054.0 29=105216.0 30=102335.0 31=99127.0 32=99316.0 33=101144.0 34=97440.0 35=100678.0 36=100057.0 37=104260.0 38=102216.0 39=96549.0 40=98915.0 41=99076.0 42=99520.0 43=99688.0 44=102668.0 45=104023.0 46=100459.0 47=101067.0 48=102080.0 49=99208.0 50=100589.0 51=102135.0 52=98192.0 53=101229.0 54=97766.0 55=95978.0 56=101529.0 57=100070.0 58=100142.0 59=99326.0 60=95798.0 61=104799.0 62=99143.0 63=101045.0 64=97292.0 65=101617.0 66=103082.0 67=102552.0 68=100102.0 69=105162.0 70=103186.0 71=102659.0 72=100980.0 73=98616.0 74=99852.0 75=100692.0 76=94532.0 77=95751.0 78=102404.0 79=101386.0 80=101033.0 81=101078.0 82=103494.0 83=97483.0 84=101349.0 85=96866.0 86=98092.0 87=102141.0 88=97592.0 89=102948.0 90=101001.0 91=95548.0 92=103653.0 93=99690.0 94=99129.0 95=99682.0 96=98942.0 97=103111.0 98=99766.0 99=97058.0 100=98987.0 101=102075.0 102=100043.0 103=103230.0 104=101064.0 105=103242.0 106=101557.0 107=101609.0 108=100062.0 109=100871.0 110=100177.0 111=100517.0 112=101837.0 113=98971.0 114=100252.0 115=99910.0 116=100764.0 117=100663.0 118=103779.0 119=99777.0 120=100857.0 121=100446.0 122=97426.0 123=98280.0 124=103512.0 125=99274.0 126=102007.0 127=100388.0 128=103181.0 129=100598.0 130=99169.0 131=98706.0 132=98728.0 133=99856.0 134=99606.0 135=101450.0 136=97275.0 137=99828.0 138=97855.0 139=102362.0 140=102058.0 141=95654.0 142=102511.0 143=104120.0 144=98809.0 145=95189.0 146=94052.0 147=99671.0 148=100383.0 149=104483.0 150=99456.0 151=102950.0 152=97092.0 153=101492.0 154=96758.0 155=96068.0 156=99942.0 157=100457.0 158=104162.0 159=101613.0 160=101085.0 161=98830.0 162=100474.0 163=98951.0 164=96925.0 165=97564.0 166=95990.0 167=97410.0 168=101763.0 169=100667.0 170=98340.0 171=100336.0 172=102832.0 173=98650.0 174=100789.0 175=101006.0 176=99833.0 177=100752.0 178=95322.0 179=102217.0 180=104404.0 181=105972.0 182=100274.0 183=95978.0 184=103511.0 185=101775.0 186=103974.0 187=103238.0 188=97029.0 189=99761.0 190=99002.0 191=100852.0 192=102378.0 193=96525.0 194=102731.0 195=103676.0 196=103099.0 197=102501.0 198=100599.0 199=98843.0 200=98962.0 201=97808.0 202=96147.0 203=104775.0 204=97667.0 205=95668.0 206=103751.0 207=96613.0 208=97345.0 209=99550.0 210=99927.0 211=100137.0 212=100531.0 213=95225.0 214=100008.0 215=102755.0 216=96749.0 217=103213.0 218=97429.0 219=98182.0 220=98777.0 221=99862.0 222=96492.0 223=96358.0 224=97031.0 225=101424.0 226=97314.0 227=99236.0 228=99587.0 229=102166.0 230=96373.0 231=98985.0 232=101586.0 233=100066.0 234=100971.0 235=98325.0 236=100294.0 237=98725.0 238=104078.0 239=96966.0 240=101314.0 241=99117.0 242=102855.0 243=103383.0 244=106020.0 245=101880.0 246=99197.0 247=96375.0 248=100459.0 249=98699.0 250=103218.0 251=102495.0 252=100690.0 253=101309.0 254=105983.0 255=100637.0 256=101564.0 257=103814.0 258=101411.0 259=97212.0 260=97626.0 261=101371.0 262=99008.0 263=98032.0 264=103133.0 265=101334.0 266=98836.0 267=97755.0 268=101519.0 269=103772.0 270=100451.0 271=98978.0 272=103533.0 273=96802.0 274=98275.0 275=97741.0 276=96928.0 277=98822.0 278=101015.0 279=95750.0 280=104232.0 281=99714.0 282=96471.0 283=99490.0 284=99549.0 285=99088.0 286=97043.0 287=100549.0 288=104479.0 289=97800.0 290=98616.0 291=107465.0 292=98633.0 293=99731.0 294=98600.0 295=97170.0 296=97115.0 297=101868.0 298=103150.0 299=98392.0 300=98556.0 301=102473.0 302=96676.0 303=101165.0 304=97337.0 305=99379.0 306=92201.0 307=100361.0 308=101223.0 309=103720.0 310=98495.0 311=98880.0 312=99076.0 313=98807.0 314=98512.0 315=101149.0 316=98267.0 317=94992.0 318=100639.0 319=99047.0 320=102032.0 321=99290.0 322=101163.0 323=97656.0 324=101766.0 325=99785.0 326=98568.0 327=99448.0 328=99818.0 329=102409.0 330=97316.0 331=99423.0 332=94967.0 333=104433.0 334=98168.0 335=106588.0 336=99380.0 337=93726.0 338=99762.0 339=99508.0 340=100347.0 341=99414.0 342=99827.0 343=102808.0 344=103436.0 345=99565.0 346=100632.0 347=102223.0 348=101283.0 349=97384.0 350=100351.0 351=98684.0 352=101450.0 353=100552.0 354=101078.0 355=98322.0 356=102455.0 357=97191.0 358=101663.0 359=103137.0 360=102545.0 361=99151.0 362=99104.0 363=98510.0 364=99658.0 365=101359.0 366=102041.0 367=99169.0 368=97522.0 369=101155.0 370=99638.0 371=96981.0 372=101696.0 373=102071.0 374=103093.0 375=99142.0 376=100932.0 377=98532.0 378=100689.0 379=98962.0 380=99285.0 381=101338.0 382=100601.0 383=100185.0 384=101674.0 385=102775.0 386=99177.0 387=101481.0 388=95320.0 389=101390.0 390=98467.0 391=99532.0 392=99788.0 393=94002.0 394=96602.0 395=97095.0 396=99312.0 397=100640.0 398=101005.0 399=98690.0 400=99525.0 401=96536.0 402=100539.0 403=101703.0 404=97734.0 405=96879.0 406=102607.0 407=98231.0 408=100218.0 409=101501.0 410=102913.0 411=102254.0 412=101348.0 413=101162.0 414=99273.0 415=100946.0 416=105020.0 417=98343.0 418=98217.0 419=94985.0 420=98125.0 421=98604.0 422=98803.0 423=101201.0 424=101342.0 425=104427.0 426=94121.0 427=96594.0 428=99652.0 429=101377.0 430=98209.0 431=96612.0 432=95412.0 433=104071.0 434=105752.0 435=100306.0 436=99683.0 437=96708.0 438=104886.0 439=97384.0 440=99224.0 441=103421.0 442=98769.0 443=102621.0 444=101768.0 445=105492.0 446=99899.0 447=100916.0 448=95991.0 449=98549.0 450=96481.0 451=96964.0 452=100579.0 453=101611.0 454=95419.0 455=102704.0 456=98043.0 457=98558.0 458=100545.0 459=102144.0 460=97588.0 461=100592.0 462=99032.0 463=98604.0 464=99701.0 465=101564.0 466=99157.0 467=100105.0 468=98362.0 469=95812.0 470=97030.0 471=104341.0 472=97878.0 473=100912.0 474=100491.0 475=97890.0 476=101233.0 477=104566.0 478=101551.0 479=98052.0 480=99492.0 481=103314.0 482=105501.0 483=98503.0 484=97868.0 485=95318.0 486=101496.0 487=99688.0 488=102556.0 489=102725.0 490=100388.0 491=103252.0 492=102210.0 493=99655.0 494=99231.0 495=102554.0 496=96343.0 497=98206.0 498=100809.0 499=99749.0 500=94904.0 501=100795.0 502=103560.0 503=103744.0 504=98373.0 505=101634.0 506=97608.0 507=98369.0 508=104058.0 509=101574.0 510=99672.0 511=95096.0 ]
    0 : 1762632 (T=1762632, R=0, W=0)
    1 : 1733573 (T=1733573, R=0, W=0)
    2 : 1742224 (T=1742224, R=0, W=0)
    3 : 1739063 (T=1739063, R=0, W=0)
    4 : 1758622 (T=1758622, R=0, W=0)
    5 : 1686655 (T=1686655, R=0, W=0)
    6 : 1759419 (T=1759419, R=0, W=0)
    7 : 1739683 (T=1739683, R=0, W=0)
--- 26,978 MB collected in 0.087 secs (0.3% of total), longest GC took 0.014 secs
DATA gc:  total_k 27626398  total_secs 0.086554  max_secs 0.014302
