Number of accounts  = 32
Initial amount      = 100000.0
Maximal transfer    = 10
Read-all frequency  = 0%
Write-all frequency = 0%
Read-all threads    = 0
Write-all threads   = 0
Disjoint            = false
Yield               = false

Starting threads... 0 1 2 3 4 5 6 7 8 9 10 11 12 13 14 15 16 17 18 19 20 21 22 23 24 25 26 27 28 29 30 31
End of warmup phase... 0 1 2 3 4 5 6 7 8 9 10 11 12 13 14 15 16 17 18 19 20 21 22 23 24 25 26 27 28 29 30 31
End of test phase... 0 1 2 3 4 5 6 7 8 9 10 11 12 13 14 15 16 17 18 19 20 21 22 23 24 25 26 27 28 29 30 31
Waiting for threads to finish...
All threads returned successfully
RESULTS:

  Warmup duration (ms) = 20000
  Test duration (ms)   = 10000
  Nb iterations        = 8990174
  Stats                = T=8990174, R=0, W=0, TOTAL=3200000 [ 0=99259.0 1=93172.0 2=111434.0 3=114714.0 4=105308.0 5=84031.0 6=106543.0 7=104014.0 8=106779.0 9=83846.0 10=98537.0 11=98533.0 12=94894.0 13=86454.0 14=96632.0 15=112639.0 16=84630.0 17=102049.0 18=96146.0 19=100880.0 20=106449.0 21=113887.0 22=89423.0 23=96151.0 24=100489.0 25=100698.0 26=102951.0 27=103852.0 28=100556.0 29=92371.0 30=110254.0 31=102425.0 ]
    0 : 236177 (T=236177, R=0, W=0)
    1 : 329390 (T=329390, R=0, W=0)
    2 : 280478 (T=280478, R=0, W=0)
    3 : 268543 (T=268543, R=0, W=0)
    4 : 187642 (T=187642, R=0, W=0)
    5 : 243003 (T=243003, R=0, W=0)
    6 : 245799 (T=245799, R=0, W=0)
    7 : 312083 (T=312083, R=0, W=0)
    8 : 185106 (T=185106, R=0, W=0)
    9 : 283966 (T=283966, R=0, W=0)
    10 : 261238 (T=261238, R=0, W=0)
    11 : 333881 (T=333881, R=0, W=0)
    12 : 268433 (T=268433, R=0, W=0)
    13 : 299659 (T=299659, R=0, W=0)
    14 : 294468 (T=294468, R=0, W=0)
    15 : 249464 (T=249464, R=0, W=0)
    16 : 329511 (T=329511, R=0, W=0)
    17 : 325868 (T=325868, R=0, W=0)
    18 : 361112 (T=361112, R=0, W=0)
    19 : 217336 (T=217336, R=0, W=0)
    20 : 350103 (T=350103, R=0, W=0)
    21 : 243690 (T=243690, R=0, W=0)
    22 : 219334 (T=219334, R=0, W=0)
    23 : 321835 (T=321835, R=0, W=0)
    24 : 390429 (T=390429, R=0, W=0)
    25 : 290468 (T=290468, R=0, W=0)
    26 : 312810 (T=312810, R=0, W=0)
    27 : 326420 (T=326420, R=0, W=0)
    28 : 264156 (T=264156, R=0, W=0)
    29 : 287172 (T=287172, R=0, W=0)
    30 : 216509 (T=216509, R=0, W=0)
    31 : 254091 (T=254091, R=0, W=0)
--- 15,157 MB collected in 0.151 secs (0.5% of total), longest GC took 0.026 secs
DATA gc:  total_k 15521256  total_secs 0.150865  max_secs 0.025947
