TL2CM Initialized:
Contention Manager: Polka busy-waiting [C=10]
Number of accounts  = 4
Initial amount      = 100000.0
Maximal transfer    = 10
Read-all frequency  = 0%
Write-all frequency = 0%
Read-all threads    = 0
Write-all threads   = 0
Disjoint            = false
Yield               = false

Starting threads... 0 1 2 3
End of warmup phase... 0 1 2 3
End of test phase... 0 1 2 3
Waiting for threads to finish...
All threads returned successfully
RESULTS:

  Warmup duration (ms) = 20000
  Test duration (ms)   = 10000
  Nb iterations        = 7062200
  Stats                = T=7035692, R=0, W=0, TOTAL=794952 [ 0=167937.0 1=625587.0 2=616.0 3=812.0 ]
    0 : 1948048 (T=1941128, R=0, W=0)
    1 : 1651538 (T=1645136, R=0, W=0)
    2 : 1649031 (T=1642545, R=0, W=0)
    3 : 1813583 (T=1806883, R=0, W=0)
--- 13,942 MB collected in 0.073 secs (0.2% of total), longest GC took 0.010 secs
DATA gc:  total_k 14277063  total_secs 0.073092  max_secs 0.00967
