Number of accounts  = 2
Initial amount      = 100000.0
Maximal transfer    = 10
Read-all frequency  = 0%
Write-all frequency = 0%
Read-all threads    = 0
Write-all threads   = 0
Disjoint            = false
Yield               = false

Starting threads... 0
End of warmup phase... 0
End of test phase... 0
Waiting for threads to finish...
All threads returned successfully
RESULTS:

  Warmup duration (ms) = 20000
  Test duration (ms)   = 10000
  Nb iterations        = 20041653
  Stats                = T=20041653, R=0, W=0, TOTAL=200000 [ 0=118602.0 1=81398.0 ]
    0 : 20041653 (T=20041653, R=0, W=0)
--- 20,528 MB collected in 0.061 secs (0.2% of total), longest GC took 0.006 secs
DATA gc:  total_k 21021648  total_secs 0.061196  max_secs 0.005746
