Number of accounts  = 128
Initial amount      = 100000.0
Maximal transfer    = 10
Read-all frequency  = 0%
Write-all frequency = 0%
Read-all threads    = 0
Write-all threads   = 0
Disjoint            = false
Yield               = false

Starting threads... 0 1
End of warmup phase... 0 1
End of test phase... 0 1
Waiting for threads to finish...
All threads returned successfully
RESULTS:

  Warmup duration (ms) = 20000
  Test duration (ms)   = 10000
  Nb iterations        = 18073453
  Stats                = T=18073453, R=0, W=0, TOTAL=12800000 [ 0=103036.0 1=95283.0 2=97265.0 3=103878.0 4=94701.0 5=96089.0 6=95959.0 7=116781.0 8=100423.0 9=94473.0 10=105884.0 11=109926.0 12=99930.0 13=100725.0 14=92040.0 15=100980.0 16=96654.0 17=99472.0 18=99443.0 19=92757.0 20=99930.0 21=101523.0 22=93199.0 23=100162.0 24=101616.0 25=96212.0 26=103897.0 27=106930.0 28=102689.0 29=101814.0 30=104593.0 31=99100.0 32=109874.0 33=107557.0 34=101220.0 35=99756.0 36=94925.0 37=109663.0 38=108552.0 39=95515.0 40=98848.0 41=94521.0 42=99135.0 43=115007.0 44=106746.0 45=111152.0 46=101516.0 47=110515.0 48=104208.0 49=90533.0 50=96139.0 51=96245.0 52=100288.0 53=91969.0 54=96366.0 55=99813.0 56=110574.0 57=101753.0 58=93348.0 59=92687.0 60=102660.0 61=102488.0 62=95364.0 63=89189.0 64=102705.0 65=99357.0 66=103946.0 67=104221.0 68=97851.0 69=85053.0 70=104328.0 71=99091.0 72=100952.0 73=103366.0 74=98258.0 75=92802.0 76=103056.0 77=95954.0 78=97877.0 79=85990.0 80=94028.0 81=103672.0 82=99692.0 83=106835.0 84=106910.0 85=94465.0 86=98466.0 87=94106.0 88=102899.0 89=101621.0 90=114459.0 91=87515.0 92=97817.0 93=96527.0 94=93742.0 95=103440.0 96=93796.0 97=105382.0 98=95693.0 99=93999.0 100=112897.0 101=101785.0 102=95245.0 103=104198.0 104=97324.0 105=97784.0 106=93248.0 107=108429.0 108=94025.0 109=92174.0 110=100761.0 111=100651.0 112=101086.0 113=93076.0 114=111165.0 115=103087.0 116=97089.0 117=100252.0 118=102172.0 119=99394.0 120=101657.0 121=90004.0 122=96028.0 123=103080.0 124=108220.0 125=97587.0 126=98821.0 127=103400.0 ]
    0 : 8640217 (T=8640217, R=0, W=0)
    1 : 9433236 (T=9433236, R=0, W=0)
--- 10,640 MB collected in 0.065 secs (0.2% of total), longest GC took 0.006 secs
DATA gc:  total_k 10896128  total_secs 0.065441  max_secs 0.006478
