Number of accounts  = 64
Initial amount      = 100000.0
Maximal transfer    = 10
Read-all frequency  = 0%
Write-all frequency = 0%
Read-all threads    = 0
Write-all threads   = 0
Disjoint            = false
Yield               = false

Starting threads... 0 1 2 3 4 5 6 7 8 9 10 11 12 13 14 15 16 17 18 19 20 21 22 23 24 25 26 27 28 29 30 31 32 33 34 35 36 37 38 39 40 41 42 43 44 45 46 47 48 49 50 51 52 53 54 55 56 57 58 59 60 61 62 63
End of warmup phase... 0 1 2 3 4 5 6 7 8 9 10 11 12 13 14 15 16 17 18 19 20 21 22 23 24 25 26 27 28 29 30 31 32 33 34 35 36 37 38 39 40 41 42 43 44 45 46 47 48 49 50 51 52 53 54 55 56 57 58 59 60 61 62 63
End of test phase... 0 1 2 3 4 5 6 7 8 9 10 11 12 13 14 15 16 17 18 19 20 21 22 23 24 25 26 27 28 29 30 31 32 33 34 35 36 37 38 39 40 41 42 43 44 45 46 47 48 49 50 51 52 53 54 55 56 57 58 59 60 61 62 63
Waiting for threads to finish...
All threads returned successfully
RESULTS:

  Warmup duration (ms) = 20000
  Test duration (ms)   = 10000
  Nb iterations        = 3870145
  Stats                = T=3870145, R=0, W=0, TOTAL=6400000 [ 0=102957.0 1=101425.0 2=101487.0 3=104478.0 4=95185.0 5=110058.0 6=104436.0 7=101854.0 8=101948.0 9=96926.0 10=92487.0 11=105419.0 12=95415.0 13=101943.0 14=100482.0 15=97512.0 16=97188.0 17=94530.0 18=96453.0 19=105441.0 20=105037.0 21=105239.0 22=100887.0 23=93078.0 24=93271.0 25=101576.0 26=105194.0 27=107142.0 28=99623.0 29=106281.0 30=95125.0 31=106395.0 32=103338.0 33=101829.0 34=99878.0 35=101848.0 36=101349.0 37=91302.0 38=94459.0 39=94867.0 40=86143.0 41=101561.0 42=86692.0 43=88747.0 44=104578.0 45=103476.0 46=103364.0 47=98397.0 48=103806.0 49=100654.0 50=101992.0 51=101319.0 52=104898.0 53=91374.0 54=101437.0 55=98565.0 56=101082.0 57=99331.0 58=95987.0 59=100496.0 60=100787.0 61=110763.0 62=97220.0 63=101989.0 ]
    0 : 79218 (T=79218, R=0, W=0)
    1 : 49136 (T=49136, R=0, W=0)
    2 : 80187 (T=80187, R=0, W=0)
    3 : 108277 (T=108277, R=0, W=0)
    4 : 40972 (T=40972, R=0, W=0)
    5 : 27039 (T=27039, R=0, W=0)
    6 : 61758 (T=61758, R=0, W=0)
    7 : 51505 (T=51505, R=0, W=0)
    8 : 43095 (T=43095, R=0, W=0)
    9 : 71860 (T=71860, R=0, W=0)
    10 : 75652 (T=75652, R=0, W=0)
    11 : 48347 (T=48347, R=0, W=0)
    12 : 47968 (T=47968, R=0, W=0)
    13 : 101789 (T=101789, R=0, W=0)
    14 : 52233 (T=52233, R=0, W=0)
    15 : 40877 (T=40877, R=0, W=0)
    16 : 41164 (T=41164, R=0, W=0)
    17 : 65354 (T=65354, R=0, W=0)
    18 : 34758 (T=34758, R=0, W=0)
    19 : 73244 (T=73244, R=0, W=0)
    20 : 57087 (T=57087, R=0, W=0)
    21 : 59759 (T=59759, R=0, W=0)
    22 : 70668 (T=70668, R=0, W=0)
    23 : 81241 (T=81241, R=0, W=0)
    24 : 43995 (T=43995, R=0, W=0)
    25 : 39075 (T=39075, R=0, W=0)
    26 : 61901 (T=61901, R=0, W=0)
    27 : 94621 (T=94621, R=0, W=0)
    28 : 41552 (T=41552, R=0, W=0)
    29 : 72658 (T=72658, R=0, W=0)
    30 : 51317 (T=51317, R=0, W=0)
    31 : 62199 (T=62199, R=0, W=0)
    32 : 26365 (T=26365, R=0, W=0)
    33 : 66714 (T=66714, R=0, W=0)
    34 : 67303 (T=67303, R=0, W=0)
    35 : 54226 (T=54226, R=0, W=0)
    36 : 48884 (T=48884, R=0, W=0)
    37 : 50402 (T=50402, R=0, W=0)
    38 : 96767 (T=96767, R=0, W=0)
    39 : 43469 (T=43469, R=0, W=0)
    40 : 68014 (T=68014, R=0, W=0)
    41 : 63909 (T=63909, R=0, W=0)
    42 : 71750 (T=71750, R=0, W=0)
    43 : 46517 (T=46517, R=0, W=0)
    44 : 68764 (T=68764, R=0, W=0)
    45 : 53976 (T=53976, R=0, W=0)
    46 : 52630 (T=52630, R=0, W=0)
    47 : 41328 (T=41328, R=0, W=0)
    48 : 51635 (T=51635, R=0, W=0)
    49 : 70229 (T=70229, R=0, W=0)
    50 : 42099 (T=42099, R=0, W=0)
    51 : 49964 (T=49964, R=0, W=0)
    52 : 94995 (T=94995, R=0, W=0)
    53 : 81882 (T=81882, R=0, W=0)
    54 : 42177 (T=42177, R=0, W=0)
    55 : 58600 (T=58600, R=0, W=0)
    56 : 53214 (T=53214, R=0, W=0)
    57 : 53238 (T=53238, R=0, W=0)
    58 : 82454 (T=82454, R=0, W=0)
    59 : 80014 (T=80014, R=0, W=0)
    60 : 66394 (T=66394, R=0, W=0)
    61 : 95121 (T=95121, R=0, W=0)
    62 : 58823 (T=58823, R=0, W=0)
    63 : 37782 (T=37782, R=0, W=0)
--- 13,317 MB collected in 0.168 secs (0.6% of total), longest GC took 0.029 secs
DATA gc:  total_k 13637463  total_secs 0.168499  max_secs 0.029261
