Number of accounts  = 512
Initial amount      = 100000.0
Maximal transfer    = 10
Read-all frequency  = 0%
Write-all frequency = 0%
Read-all threads    = 0
Write-all threads   = 0
Disjoint            = false
Yield               = false

Starting threads... 0 1 2 3 4 5 6 7
End of warmup phase... 0 1 2 3 4 5 6 7
End of test phase... 0 1 2 3 4 5 6 7
Waiting for threads to finish...
All threads returned successfully
RESULTS:

  Warmup duration (ms) = 20000
  Test duration (ms)   = 10000
  Nb iterations        = 64789870
  Stats                = T=64789870, R=0, W=0, TOTAL=51199976 [ 0=103798.0 1=97918.0 2=96377.0 3=94343.0 4=89083.0 5=113210.0 6=95434.0 7=102820.0 8=101974.0 9=95541.0 10=100256.0 11=102877.0 12=108889.0 13=105020.0 14=91830.0 15=95961.0 16=102540.0 17=102768.0 18=94830.0 19=101246.0 20=92561.0 21=94880.0 22=94422.0 23=94202.0 24=107216.0 25=102060.0 26=106424.0 27=97923.0 28=94797.0 29=93214.0 30=95620.0 31=98743.0 32=104434.0 33=100382.0 34=95857.0 35=100265.0 36=96807.0 37=105196.0 38=99921.0 39=102672.0 40=107785.0 41=99007.0 42=94664.0 43=104763.0 44=109815.0 45=99706.0 46=100996.0 47=97826.0 48=99669.0 49=94785.0 50=96442.0 51=94079.0 52=92018.0 53=102840.0 54=103615.0 55=104055.0 56=105514.0 57=107888.0 58=98175.0 59=97898.0 60=94543.0 61=95896.0 62=98227.0 63=98687.0 64=105944.0 65=97296.0 66=99717.0 67=104064.0 68=96945.0 69=106921.0 70=106456.0 71=107829.0 72=102055.0 73=97847.0 74=102930.0 75=102567.0 76=111285.0 77=100680.0 78=96346.0 79=87308.0 80=99212.0 81=94572.0 82=102318.0 83=106861.0 84=94588.0 85=104541.0 86=99651.0 87=94235.0 88=96692.0 89=103742.0 90=89403.0 91=104928.0 92=99556.0 93=106464.0 94=95020.0 95=102179.0 96=106567.0 97=89640.0 98=92882.0 99=100238.0 100=99030.0 101=98580.0 102=96262.0 103=93971.0 104=91888.0 105=110124.0 106=104051.0 107=101697.0 108=108803.0 109=99958.0 110=101363.0 111=98018.0 112=98399.0 113=91355.0 114=106948.0 115=93908.0 116=105056.0 117=110441.0 118=94149.0 119=94147.0 120=99844.0 121=99489.0 122=94987.0 123=91027.0 124=100240.0 125=103868.0 126=88659.0 127=96020.0 128=93286.0 129=105110.0 130=104836.0 131=96742.0 132=108231.0 133=104421.0 134=97964.0 135=97922.0 136=102955.0 137=89677.0 138=109051.0 139=95078.0 140=96815.0 141=99019.0 142=98138.0 143=97414.0 144=109875.0 145=102679.0 146=97536.0 147=102998.0 148=91674.0 149=100976.0 150=98523.0 151=101744.0 152=96881.0 153=96652.0 154=96959.0 155=92681.0 156=101969.0 157=106212.0 158=99305.0 159=104003.0 160=95345.0 161=93736.0 162=101934.0 163=82444.0 164=93924.0 165=94408.0 166=102002.0 167=95531.0 168=97652.0 169=90855.0 170=98708.0 171=94797.0 172=103659.0 173=97341.0 174=95352.0 175=93956.0 176=97571.0 177=92215.0 178=94291.0 179=97253.0 180=102706.0 181=91490.0 182=101296.0 183=104028.0 184=93871.0 185=112453.0 186=111023.0 187=97398.0 188=90762.0 189=98092.0 190=99605.0 191=108028.0 192=109910.0 193=97056.0 194=91871.0 195=101134.0 196=95301.0 197=104758.0 198=93056.0 199=95694.0 200=108580.0 201=108693.0 202=89206.0 203=109650.0 204=100173.0 205=101143.0 206=97644.0 207=103209.0 208=98016.0 209=96843.0 210=99302.0 211=95548.0 212=100415.0 213=104605.0 214=98567.0 215=102688.0 216=101949.0 217=102041.0 218=101800.0 219=109639.0 220=102822.0 221=101648.0 222=101082.0 223=106391.0 224=100275.0 225=101005.0 226=98469.0 227=101917.0 228=109685.0 229=102576.0 230=96644.0 231=105184.0 232=99852.0 233=98406.0 234=100377.0 235=89581.0 236=98345.0 237=95358.0 238=98745.0 239=106312.0 240=105560.0 241=105933.0 242=98617.0 243=98601.0 244=103408.0 245=97399.0 246=100441.0 247=93662.0 248=109735.0 249=97880.0 250=97861.0 251=110889.0 252=97538.0 253=102966.0 254=101114.0 255=108481.0 256=100507.0 257=92319.0 258=105480.0 259=109203.0 260=96357.0 261=95791.0 262=106234.0 263=91192.0 264=98426.0 265=108573.0 266=99797.0 267=109575.0 268=107548.0 269=94939.0 270=104647.0 271=105218.0 272=92410.0 273=105467.0 274=110290.0 275=103274.0 276=111952.0 277=101091.0 278=106659.0 279=99013.0 280=89452.0 281=99646.0 282=96963.0 283=105340.0 284=97139.0 285=100701.0 286=103998.0 287=102787.0 288=104718.0 289=102091.0 290=104692.0 291=109570.0 292=100736.0 293=97317.0 294=101668.0 295=100420.0 296=99212.0 297=102432.0 298=100554.0 299=100481.0 300=97172.0 301=99740.0 302=98339.0 303=103029.0 304=93905.0 305=110635.0 306=98680.0 307=103096.0 308=103160.0 309=98602.0 310=97007.0 311=101060.0 312=101255.0 313=105176.0 314=104689.0 315=103943.0 316=100273.0 317=102176.0 318=103356.0 319=102456.0 320=92898.0 321=104355.0 322=96365.0 323=94964.0 324=91009.0 325=104255.0 326=103135.0 327=94152.0 328=93135.0 329=93634.0 330=101231.0 331=92636.0 332=105539.0 333=96107.0 334=104607.0 335=102564.0 336=107915.0 337=99744.0 338=105157.0 339=101434.0 340=91462.0 341=106630.0 342=101986.0 343=97657.0 344=97413.0 345=99460.0 346=98690.0 347=106700.0 348=97281.0 349=105275.0 350=102406.0 351=104628.0 352=104505.0 353=97769.0 354=95760.0 355=96318.0 356=96591.0 357=98920.0 358=105432.0 359=109692.0 360=100506.0 361=99861.0 362=105558.0 363=101488.0 364=104064.0 365=98389.0 366=104873.0 367=99177.0 368=106547.0 369=92095.0 370=90600.0 371=97251.0 372=108846.0 373=96528.0 374=98320.0 375=111412.0 376=106306.0 377=102890.0 378=92959.0 379=106634.0 380=103812.0 381=91681.0 382=90654.0 383=102376.0 384=87782.0 385=97257.0 386=102340.0 387=114374.0 388=93948.0 389=95247.0 390=103996.0 391=105527.0 392=97853.0 393=112052.0 394=90563.0 395=102899.0 396=99394.0 397=97741.0 398=95715.0 399=100131.0 400=104734.0 401=97074.0 402=101679.0 403=94598.0 404=94831.0 405=96927.0 406=104037.0 407=99189.0 408=96593.0 409=97470.0 410=105640.0 411=109173.0 412=110655.0 413=97569.0 414=102723.0 415=98051.0 416=87760.0 417=93270.0 418=100043.0 419=108045.0 420=98436.0 421=93367.0 422=106414.0 423=111034.0 424=104274.0 425=104493.0 426=87408.0 427=107746.0 428=104454.0 429=104210.0 430=102960.0 431=91692.0 432=100193.0 433=94542.0 434=87623.0 435=101362.0 436=99845.0 437=98760.0 438=99270.0 439=96439.0 440=105048.0 441=107818.0 442=109611.0 443=99431.0 444=99837.0 445=95392.0 446=106709.0 447=91180.0 448=97371.0 449=100486.0 450=93009.0 451=93406.0 452=98829.0 453=88187.0 454=98633.0 455=99070.0 456=85832.0 457=102267.0 458=101319.0 459=91469.0 460=99402.0 461=100978.0 462=96981.0 463=102071.0 464=102645.0 465=95844.0 466=99627.0 467=102370.0 468=99836.0 469=104564.0 470=91482.0 471=99800.0 472=106365.0 473=94513.0 474=96607.0 475=95147.0 476=99903.0 477=104679.0 478=104847.0 479=92016.0 480=98965.0 481=112848.0 482=105471.0 483=102154.0 484=105129.0 485=100989.0 486=97658.0 487=87248.0 488=92860.0 489=95460.0 490=94578.0 491=99972.0 492=93777.0 493=101805.0 494=94494.0 495=103447.0 496=96485.0 497=104365.0 498=92337.0 499=101855.0 500=98047.0 501=105240.0 502=103542.0 503=101384.0 504=105915.0 505=89738.0 506=99218.0 507=96781.0 508=105354.0 509=97880.0 510=107278.0 511=106610.0 ]
    0 : 8080455 (T=8080455, R=0, W=0)
    1 : 8384990 (T=8384990, R=0, W=0)
    2 : 8088812 (T=8088812, R=0, W=0)
    3 : 8380290 (T=8380290, R=0, W=0)
    4 : 8088077 (T=8088077, R=0, W=0)
    5 : 8198837 (T=8198837, R=0, W=0)
    6 : 8389151 (T=8389151, R=0, W=0)
    7 : 7179258 (T=7179258, R=0, W=0)
--- 71,759 MB collected in 0.091 secs (0.3% of total), longest GC took 0.005 secs
DATA gc:  total_k 73481480  total_secs 0.090872  max_secs 0.004826
