Number of accounts  = 256
Initial amount      = 1000000.0
Maximal transfer    = 10
Read-all frequency  = 0%
Write-all frequency = 0%
Read-all threads    = 0
Write-all threads   = 0
Disjoint            = false
Yield               = false

Starting threads... 0 1 2 3
End of warmup phase... 0 1 2 3
End of test phase... 0 1 2 3
Waiting for threads to finish...
All threads returned successfully
RESULTS:

  Warmup duration (ms) = 4000
  Test duration (ms)   = 10000
  Nb iterations        = 47039066
TOTAL: T=47039066, R=0, W=0

TOTAL=256000000 [ 0=997405.0 1=1001797.0 2=1005191.0 3=1005371.0 4=995839.0 5=999174.0 6=989127.0 7=1002114.0 8=1001385.0 9=999411.0 10=1001981.0 11=991055.0 12=1001038.0 13=1002075.0 14=998531.0 15=995250.0 16=1002269.0 17=999546.0 18=998619.0 19=994246.0 20=993113.0 21=998588.0 22=997599.0 23=992585.0 24=1003054.0 25=999468.0 26=998782.0 27=992533.0 28=999092.0 29=996000.0 30=988068.0 31=994115.0 32=995446.0 33=999586.0 34=1009123.0 35=995469.0 36=995011.0 37=996028.0 38=1005830.0 39=1002618.0 40=1001025.0 41=988534.0 42=1003392.0 43=998042.0 44=992410.0 45=997305.0 46=1004102.0 47=998652.0 48=1004032.0 49=996867.0 50=1000533.0 51=998111.0 52=998029.0 53=988842.0 54=1001953.0 55=996772.0 56=996291.0 57=996685.0 58=1001498.0 59=993404.0 60=993908.0 61=1012841.0 62=1005741.0 63=1003193.0 64=1006150.0 65=1003266.0 66=1001830.0 67=1001013.0 68=990031.0 69=1004677.0 70=1004106.0 71=998012.0 72=994027.0 73=998304.0 74=992049.0 75=1004815.0 76=992602.0 77=1000744.0 78=1002134.0 79=1006221.0 80=999880.0 81=995856.0 82=996609.0 83=1005301.0 84=994277.0 85=997674.0 86=1001672.0 87=999617.0 88=1002983.0 89=993848.0 90=999649.0 91=1001987.0 92=1002324.0 93=998561.0 94=1001990.0 95=999867.0 96=996186.0 97=1002937.0 98=1000605.0 99=1004513.0 100=996139.0 101=1000947.0 102=1004499.0 103=998207.0 104=999238.0 105=1003973.0 106=1002034.0 107=1005887.0 108=1009243.0 109=1008746.0 110=1000522.0 111=1001376.0 112=1004249.0 113=1001254.0 114=1000378.0 115=995553.0 116=998638.0 117=995757.0 118=1004242.0 119=1005892.0 120=1002070.0 121=1002599.0 122=998332.0 123=997800.0 124=1004091.0 125=995250.0 126=1005801.0 127=1002665.0 128=1006045.0 129=1008971.0 130=1009396.0 131=1000465.0 132=999102.0 133=1010164.0 134=1004685.0 135=1002203.0 136=1003259.0 137=1000876.0 138=1003072.0 139=1002324.0 140=996712.0 141=1006209.0 142=998768.0 143=999902.0 144=999241.0 145=1002590.0 146=1003396.0 147=1004700.0 148=998200.0 149=1002861.0 150=992229.0 151=1004810.0 152=997548.0 153=994613.0 154=999318.0 155=1001424.0 156=1009309.0 157=1000839.0 158=998069.0 159=995627.0 160=998007.0 161=1000188.0 162=996686.0 163=996900.0 164=1004185.0 165=994760.0 166=1004890.0 167=1000385.0 168=1004512.0 169=997211.0 170=997164.0 171=1001283.0 172=1011625.0 173=989909.0 174=1001175.0 175=1004515.0 176=998644.0 177=998806.0 178=1003007.0 179=998292.0 180=993689.0 181=998175.0 182=997430.0 183=999497.0 184=993586.0 185=994787.0 186=996424.0 187=1007160.0 188=997812.0 189=1004900.0 190=1004992.0 191=999580.0 192=1004931.0 193=1001144.0 194=999619.0 195=1001042.0 196=998834.0 197=997804.0 198=995663.0 199=994009.0 200=1002389.0 201=1005320.0 202=1000835.0 203=999138.0 204=998462.0 205=995067.0 206=1003617.0 207=998400.0 208=1000345.0 209=1003173.0 210=1001471.0 211=998622.0 212=995884.0 213=1002753.0 214=999288.0 215=990224.0 216=998992.0 217=999678.0 218=1000828.0 219=1009755.0 220=995331.0 221=1008138.0 222=999881.0 223=1003459.0 224=995961.0 225=1004913.0 226=1006686.0 227=1003104.0 228=1000990.0 229=998840.0 230=992208.0 231=1006804.0 232=1005039.0 233=996562.0 234=998653.0 235=1005621.0 236=1000799.0 237=994318.0 238=993240.0 239=989963.0 240=1006101.0 241=1007294.0 242=1004988.0 243=995295.0 244=985949.0 245=1005637.0 246=993928.0 247=998354.0 248=1001150.0 249=1004603.0 250=1000903.0 251=991453.0 252=1009099.0 253=999069.0 254=1001032.0 255=1002852.0 ]
    0 : 12327235 (T=12327235, R=0, W=0)
    1 : 12326199 (T=12326199, R=0, W=0)
    2 : 11162842 (T=11162842, R=0, W=0)
    3 : 11222790 (T=11222790, R=0, W=0)
--- 23,407 MB collected in 0.041 secs (0.3% of total), longest GC took 0.004 secs
DATA gc:  total_k 23969072  total_secs 0.040704  max_secs 0.00421
