Number of accounts  = 4
Initial amount      = 100000.0
Maximal transfer    = 10
Read-all frequency  = 0%
Write-all frequency = 0%
Read-all threads    = 0
Write-all threads   = 0
Disjoint            = false
Yield               = false

Starting threads... 0 1 2 3
End of warmup phase... 0 1 2 3
End of test phase... 0 1 2 3
Waiting for threads to finish...
All threads returned successfully
RESULTS:

  Warmup duration (ms) = 4000
  Test duration (ms)   = 10000
  Nb iterations        = 12337317
  Stats                = T=12337317, R=0, W=0, TOTAL=400000 [ 0=121150.0 1=69287.0 2=100753.0 3=108810.0 ]
    0 : 3149411 (T=3149411, R=0, W=0)
    1 : 3279350 (T=3279350, R=0, W=0)
    2 : 3306097 (T=3306097, R=0, W=0)
    3 : 2602459 (T=2602459, R=0, W=0)
--- 7,052 MB collected in 0.051 secs (0.4% of total), longest GC took 0.008 secs
DATA gc:  total_k 7221399  total_secs 0.050972  max_secs 0.007618
