Number of accounts  = 2
Initial amount      = 100000.0
Maximal transfer    = 10
Read-all frequency  = 0%
Write-all frequency = 0%
Read-all threads    = 0
Write-all threads   = 0
Disjoint            = false
Yield               = false

Starting threads... 0 1
End of warmup phase... 0 1
End of test phase... 0 1
Waiting for threads to finish...
All threads returned successfully
RESULTS:

  Warmup duration (ms) = 20000
  Test duration (ms)   = 10000
  Nb iterations        = 6828428
  Stats                = T=6828428, R=0, W=0, TOTAL=200000 [ 0=97990.0 1=102010.0 ]
    0 : 3588295 (T=3588295, R=0, W=0)
    1 : 3240133 (T=3240133, R=0, W=0)
--- 26,551 MB collected in 0.068 secs (0.2% of total), longest GC took 0.005 secs
DATA gc:  total_k 27189096  total_secs 0.068223  max_secs 0.004999
