Number of accounts  = 64
Initial amount      = 100000.0
Maximal transfer    = 10
Read-all frequency  = 0%
Write-all frequency = 0%
Read-all threads    = 0
Write-all threads   = 0
Disjoint            = false
Yield               = false

Starting threads... 0 1 2 3 4 5 6 7 8 9 10 11 12 13 14 15 16 17 18 19 20 21 22 23 24 25 26 27 28 29 30 31 32 33 34 35 36 37 38 39 40 41 42 43 44 45 46 47 48 49 50 51 52 53 54 55 56 57 58 59 60 61 62 63
End of warmup phase... 0 1 2 3 4 5 6 7 8 9 10 11 12 13 14 15 16 17 18 19 20 21 22 23 24 25 26 27 28 29 30 31 32 33 34 35 36 37 38 39 40 41 42 43 44 45 46 47 48 49 50 51 52 53 54 55 56 57 58 59 60 61 62 63
End of test phase... 0 1 2 3 4 5 6 7 8 9 10 11 12 13 14 15 16 17 18 19 20 21 22 23 24 25 26 27 28 29 30 31 32 33 34 35 36 37 38 39 40 41 42 43 44 45 46 47 48 49 50 51 52 53 54 55 56 57 58 59 60 61 62 63
Waiting for threads to finish...
All threads returned successfully
RESULTS:

  Warmup duration (ms) = 20051
  Test duration (ms)   = 10000
  Nb iterations        = 2627
  Stats                = T=2627, R=0, W=0, TOTAL=6400000 [ 0=100106.0 1=99904.0 2=99754.0 3=100159.0 4=100032.0 5=100053.0 6=99925.0 7=100091.0 8=99987.0 9=100042.0 10=99907.0 11=100000.0 12=99816.0 13=99811.0 14=99896.0 15=100167.0 16=99998.0 17=100223.0 18=99773.0 19=99986.0 20=100143.0 21=99860.0 22=100050.0 23=99951.0 24=100283.0 25=100063.0 26=100005.0 27=100088.0 28=100060.0 29=100008.0 30=100036.0 31=99819.0 32=100082.0 33=100016.0 34=100001.0 35=100002.0 36=99941.0 37=100066.0 38=99813.0 39=99955.0 40=100186.0 41=100011.0 42=99717.0 43=99926.0 44=99866.0 45=100121.0 46=100071.0 47=100193.0 48=100135.0 49=100071.0 50=100142.0 51=100088.0 52=99982.0 53=100052.0 54=99747.0 55=99794.0 56=100219.0 57=99910.0 58=99941.0 59=99905.0 60=99881.0 61=99877.0 62=100102.0 63=100191.0 ]
    0 : 24 (T=24, R=0, W=0)
    1 : 35 (T=35, R=0, W=0)
    2 : 57 (T=57, R=0, W=0)
    3 : 92 (T=92, R=0, W=0)
    4 : 31 (T=31, R=0, W=0)
    5 : 45 (T=45, R=0, W=0)
    6 : 36 (T=36, R=0, W=0)
    7 : 44 (T=44, R=0, W=0)
    8 : 49 (T=49, R=0, W=0)
    9 : 32 (T=32, R=0, W=0)
    10 : 38 (T=38, R=0, W=0)
    11 : 54 (T=54, R=0, W=0)
    12 : 19 (T=19, R=0, W=0)
    13 : 37 (T=37, R=0, W=0)
    14 : 34 (T=34, R=0, W=0)
    15 : 36 (T=36, R=0, W=0)
    16 : 53 (T=53, R=0, W=0)
    17 : 34 (T=34, R=0, W=0)
    18 : 46 (T=46, R=0, W=0)
    19 : 39 (T=39, R=0, W=0)
    20 : 35 (T=35, R=0, W=0)
    21 : 36 (T=36, R=0, W=0)
    22 : 35 (T=35, R=0, W=0)
    23 : 38 (T=38, R=0, W=0)
    24 : 42 (T=42, R=0, W=0)
    25 : 47 (T=47, R=0, W=0)
    26 : 33 (T=33, R=0, W=0)
    27 : 49 (T=49, R=0, W=0)
    28 : 56 (T=56, R=0, W=0)
    29 : 39 (T=39, R=0, W=0)
    30 : 30 (T=30, R=0, W=0)
    31 : 27 (T=27, R=0, W=0)
    32 : 36 (T=36, R=0, W=0)
    33 : 45 (T=45, R=0, W=0)
    34 : 20 (T=20, R=0, W=0)
    35 : 33 (T=33, R=0, W=0)
    36 : 43 (T=43, R=0, W=0)
    37 : 38 (T=38, R=0, W=0)
    38 : 51 (T=51, R=0, W=0)
    39 : 32 (T=32, R=0, W=0)
    40 : 52 (T=52, R=0, W=0)
    41 : 30 (T=30, R=0, W=0)
    42 : 45 (T=45, R=0, W=0)
    43 : 35 (T=35, R=0, W=0)
    44 : 27 (T=27, R=0, W=0)
    45 : 29 (T=29, R=0, W=0)
    46 : 41 (T=41, R=0, W=0)
    47 : 76 (T=76, R=0, W=0)
    48 : 30 (T=30, R=0, W=0)
    49 : 54 (T=54, R=0, W=0)
    50 : 28 (T=28, R=0, W=0)
    51 : 36 (T=36, R=0, W=0)
    52 : 40 (T=40, R=0, W=0)
    53 : 36 (T=36, R=0, W=0)
    54 : 40 (T=40, R=0, W=0)
    55 : 38 (T=38, R=0, W=0)
    56 : 61 (T=61, R=0, W=0)
    57 : 50 (T=50, R=0, W=0)
    58 : 41 (T=41, R=0, W=0)
    59 : 32 (T=32, R=0, W=0)
    60 : 45 (T=45, R=0, W=0)
    61 : 51 (T=51, R=0, W=0)
    62 : 62 (T=62, R=0, W=0)
    63 : 48 (T=48, R=0, W=0)
--- 58,829 MB collected in 0.130 secs (0.4% of total), longest GC took 0.007 secs
DATA gc:  total_k 60241335  total_secs 0.12987  max_secs 0.006983
