Number of accounts  = 256
Initial amount      = 1000000.0
Maximal transfer    = 10
Read-all frequency  = 0%
Write-all frequency = 0%
Read-all threads    = 0
Write-all threads   = 0
Disjoint            = false
Yield               = false

Starting threads... 0 1 2 3
End of warmup phase... 0 1 2 3
End of test phase... 0 1 2 3
Waiting for threads to finish...
All threads returned successfully
RESULTS:

  Warmup duration (ms) = 4000
  Test duration (ms)   = 10000
  Nb iterations        = 33893733
TOTAL: T=33893733, R=0, W=0

TOTAL=256000016 [ 0=1003902.0 1=997057.0 2=1000614.0 3=995610.0 4=1000881.0 5=999175.0 6=997233.0 7=999595.0 8=995764.0 9=995075.0 10=1000136.0 11=1009025.0 12=992694.0 13=998227.0 14=1000005.0 15=997745.0 16=1002460.0 17=1001899.0 18=990893.0 19=998547.0 20=999222.0 21=995949.0 22=997290.0 23=1003070.0 24=997760.0 25=998947.0 26=1006025.0 27=998460.0 28=992736.0 29=995459.0 30=1000227.0 31=995967.0 32=1001472.0 33=1002979.0 34=999265.0 35=995134.0 36=1005661.0 37=1000903.0 38=1003385.0 39=1003874.0 40=999138.0 41=1003007.0 42=1004278.0 43=996694.0 44=1007371.0 45=993411.0 46=1005985.0 47=995432.0 48=1001242.0 49=997495.0 50=998785.0 51=1002255.0 52=996437.0 53=1009674.0 54=1000091.0 55=1003093.0 56=1005464.0 57=998605.0 58=995539.0 59=997661.0 60=999518.0 61=1000094.0 62=1002965.0 63=1000240.0 64=991876.0 65=997673.0 66=990530.0 67=995820.0 68=994265.0 69=1001757.0 70=994797.0 71=998275.0 72=1000230.0 73=1000663.0 74=997268.0 75=999866.0 76=999214.0 77=1003571.0 78=996463.0 79=998297.0 80=1001460.0 81=1008949.0 82=1010792.0 83=993197.0 84=1000177.0 85=999418.0 86=1000849.0 87=1004075.0 88=996651.0 89=1005232.0 90=1002919.0 91=996933.0 92=1000767.0 93=1005332.0 94=994323.0 95=998363.0 96=999525.0 97=1000554.0 98=997895.0 99=993977.0 100=1002341.0 101=1001956.0 102=1001774.0 103=995049.0 104=1006709.0 105=996035.0 106=998344.0 107=998727.0 108=989597.0 109=1004697.0 110=997031.0 111=1003420.0 112=1000670.0 113=999344.0 114=991214.0 115=995002.0 116=993926.0 117=1004884.0 118=998599.0 119=1007495.0 120=997118.0 121=999331.0 122=998047.0 123=1007156.0 124=996149.0 125=1001121.0 126=1000670.0 127=1004052.0 128=1003253.0 129=1002209.0 130=1001704.0 131=999815.0 132=1003120.0 133=1008528.0 134=1007148.0 135=1001230.0 136=995803.0 137=1000262.0 138=1001956.0 139=998939.0 140=995320.0 141=998220.0 142=1008067.0 143=1005338.0 144=1000191.0 145=995156.0 146=1002681.0 147=996458.0 148=1001944.0 149=996616.0 150=1001272.0 151=999916.0 152=995678.0 153=1001472.0 154=1004337.0 155=1003026.0 156=996986.0 157=999736.0 158=998485.0 159=1004014.0 160=998260.0 161=991967.0 162=1001794.0 163=992144.0 164=1002378.0 165=997447.0 166=998186.0 167=1001621.0 168=997900.0 169=1000730.0 170=995622.0 171=996991.0 172=1000798.0 173=1008051.0 174=1007850.0 175=1001668.0 176=1003622.0 177=999047.0 178=997957.0 179=999378.0 180=997349.0 181=993296.0 182=1001685.0 183=1001310.0 184=998360.0 185=1001479.0 186=999992.0 187=999334.0 188=1001028.0 189=998022.0 190=1005064.0 191=1001935.0 192=999127.0 193=993816.0 194=1004927.0 195=1004991.0 196=999854.0 197=1001488.0 198=1002336.0 199=1000929.0 200=996247.0 201=1001708.0 202=996879.0 203=995702.0 204=998445.0 205=998356.0 206=1003765.0 207=993663.0 208=1002522.0 209=1002605.0 210=1006669.0 211=1000343.0 212=997692.0 213=1001036.0 214=999714.0 215=1001608.0 216=1002298.0 217=996748.0 218=1009499.0 219=1004361.0 220=1001762.0 221=999512.0 222=1001262.0 223=1002615.0 224=993363.0 225=1001290.0 226=1002488.0 227=1006688.0 228=998495.0 229=1001768.0 230=1002672.0 231=1002655.0 232=994999.0 233=1001218.0 234=1000112.0 235=997582.0 236=1001785.0 237=998517.0 238=1006390.0 239=996642.0 240=1002879.0 241=1002360.0 242=1002476.0 243=991992.0 244=994605.0 245=999222.0 246=1000153.0 247=1004396.0 248=1008259.0 249=1004367.0 250=992915.0 251=996669.0 252=999752.0 253=1001026.0 254=999974.0 255=1001460.0 ]
    0 : 8762322 (T=8762322, R=0, W=0)
    1 : 8207358 (T=8207358, R=0, W=0)
    2 : 8281589 (T=8281589, R=0, W=0)
    3 : 8642464 (T=8642464, R=0, W=0)
--- 8,542 MB collected in 0.056 secs (0.4% of total), longest GC took 0.009 secs
DATA gc:  total_k 8747455  total_secs 0.055505  max_secs 0.008505
