TL2CM Initialized:
Contention Manager: Polka busy-waiting [C=10]
Number of accounts  = 1
Initial amount      = 100000.0
Maximal transfer    = 10
Read-all frequency  = 0%
Write-all frequency = 0%
Read-all threads    = 0
Write-all threads   = 0
Disjoint            = false
Yield               = false

Starting threads... 0
End of warmup phase... 0
End of test phase... 0
Waiting for threads to finish...
All threads returned successfully
RESULTS:

  Warmup duration (ms) = 20001
  Test duration (ms)   = 10000
  Nb iterations        = 4385955
  Stats                = T=4385955, R=0, W=0, TOTAL=100000 [ 0=100000.0 ]
    0 : 4385955 (T=4385955, R=0, W=0)
--- 6,515 MB collected in 0.069 secs (0.2% of total), longest GC took 0.008 secs
DATA gc:  total_k 6672160  total_secs 0.06855  max_secs 0.007652
