Number of accounts  = 128
Initial amount      = 100000.0
Maximal transfer    = 10
Read-all frequency  = 0%
Write-all frequency = 0%
Read-all threads    = 0
Write-all threads   = 0
Disjoint            = false
Yield               = false

Starting threads... 0 1
End of warmup phase... 0 1
End of test phase... 0 1
Waiting for threads to finish...
All threads returned successfully
RESULTS:

  Warmup duration (ms) = 20000
  Test duration (ms)   = 10000
  Nb iterations        = 20787508
  Stats                = T=20787508, R=0, W=0, TOTAL=12800000 [ 0=99300.0 1=106446.0 2=95515.0 3=104725.0 4=102941.0 5=96303.0 6=92420.0 7=99353.0 8=88371.0 9=88692.0 10=106898.0 11=122501.0 12=105533.0 13=94510.0 14=113848.0 15=105211.0 16=101511.0 17=103543.0 18=98330.0 19=104354.0 20=96359.0 21=91959.0 22=104726.0 23=101011.0 24=95045.0 25=93305.0 26=101389.0 27=94799.0 28=102955.0 29=101977.0 30=91427.0 31=95246.0 32=96763.0 33=89227.0 34=108254.0 35=94880.0 36=106586.0 37=94964.0 38=103771.0 39=109112.0 40=98775.0 41=107016.0 42=99687.0 43=97491.0 44=101678.0 45=102393.0 46=95142.0 47=103720.0 48=107691.0 49=91471.0 50=95490.0 51=109383.0 52=87295.0 53=89170.0 54=107895.0 55=108690.0 56=90100.0 57=89170.0 58=102778.0 59=104887.0 60=107915.0 61=107237.0 62=96135.0 63=96669.0 64=101299.0 65=99370.0 66=105239.0 67=99911.0 68=102309.0 69=105656.0 70=97258.0 71=104643.0 72=100163.0 73=100671.0 74=92830.0 75=93540.0 76=95189.0 77=102104.0 78=106316.0 79=98967.0 80=94866.0 81=93397.0 82=100190.0 83=94511.0 84=101053.0 85=105221.0 86=91797.0 87=106272.0 88=96540.0 89=101193.0 90=104085.0 91=100853.0 92=96923.0 93=90904.0 94=106155.0 95=95196.0 96=100634.0 97=107879.0 98=102600.0 99=101883.0 100=88845.0 101=97300.0 102=100549.0 103=91700.0 104=92687.0 105=100767.0 106=105562.0 107=101491.0 108=100951.0 109=95440.0 110=100167.0 111=98667.0 112=97632.0 113=102679.0 114=99545.0 115=99716.0 116=98964.0 117=101024.0 118=101136.0 119=99949.0 120=108004.0 121=107944.0 122=111031.0 123=99719.0 124=103744.0 125=100376.0 126=91778.0 127=103078.0 ]
    0 : 10657282 (T=10657282, R=0, W=0)
    1 : 10130226 (T=10130226, R=0, W=0)
--- 23,676 MB collected in 0.064 secs (0.2% of total), longest GC took 0.006 secs
DATA gc:  total_k 24244224  total_secs 0.064414  max_secs 0.005994
