TL2CM Initialized:
Contention Manager: Polka busy-waiting [C=10]
Number of accounts  = 256
Initial amount      = 100000.0
Maximal transfer    = 10
Read-all frequency  = 0%
Write-all frequency = 0%
Read-all threads    = 0
Write-all threads   = 0
Disjoint            = false
Yield               = false

Starting threads... 0 1 2 3
End of warmup phase... 0 1 2 3
End of test phase... 0 1 2 3
Waiting for threads to finish...
All threads returned successfully
RESULTS:

  Warmup duration (ms) = 20000
  Test duration (ms)   = 10000
  Nb iterations        = 11849303
  Stats                = T=11849303, R=0, W=0, TOTAL=25585748 [ 0=102931.0 1=100430.0 2=104702.0 3=100384.0 4=96525.0 5=97845.0 6=101862.0 7=101862.0 8=92932.0 9=102541.0 10=97398.0 11=97488.0 12=99213.0 13=102247.0 14=103643.0 15=98747.0 16=98036.0 17=97881.0 18=100116.0 19=98711.0 20=100672.0 21=99011.0 22=105947.0 23=101579.0 24=96282.0 25=98047.0 26=102814.0 27=100838.0 28=105870.0 29=97770.0 30=100544.0 31=105119.0 32=99649.0 33=93331.0 34=106701.0 35=101645.0 36=103500.0 37=99039.0 38=95207.0 39=95733.0 40=94192.0 41=101639.0 42=97065.0 43=96057.0 44=97641.0 45=101395.0 46=102748.0 47=100313.0 48=98984.0 49=98395.0 50=102419.0 51=100882.0 52=100445.0 53=98482.0 54=101473.0 55=95064.0 56=99128.0 57=97953.0 58=101541.0 59=102854.0 60=98342.0 61=98241.0 62=97831.0 63=98642.0 64=97475.0 65=96749.0 66=102253.0 67=102402.0 68=101030.0 69=95788.0 70=99702.0 71=100971.0 72=99305.0 73=96687.0 74=98216.0 75=106563.0 76=100075.0 77=102219.0 78=103304.0 79=102721.0 80=100692.0 81=100917.0 82=100508.0 83=98568.0 84=103193.0 85=100329.0 86=103201.0 87=98680.0 88=98330.0 89=98903.0 90=96535.0 91=106312.0 92=102948.0 93=100192.0 94=98823.0 95=101402.0 96=99617.0 97=97787.0 98=94991.0 99=97930.0 100=96813.0 101=97063.0 102=96508.0 103=97943.0 104=96791.0 105=97432.0 106=100140.0 107=99570.0 108=97067.0 109=100801.0 110=96313.0 111=100429.0 112=99798.0 113=103376.0 114=101385.0 115=104971.0 116=99081.0 117=100140.0 118=100482.0 119=101151.0 120=99983.0 121=96618.0 122=106071.0 123=99534.0 124=96922.0 125=99362.0 126=98842.0 127=98980.0 128=101290.0 129=106512.0 130=96179.0 131=99958.0 132=96881.0 133=100313.0 134=101553.0 135=100369.0 136=96759.0 137=97791.0 138=99176.0 139=99576.0 140=96825.0 141=103286.0 142=102023.0 143=103152.0 144=104028.0 145=101155.0 146=102445.0 147=98715.0 148=101567.0 149=103800.0 150=98252.0 151=99396.0 152=94626.0 153=102230.0 154=94691.0 155=102521.0 156=100222.0 157=103041.0 158=98016.0 159=103713.0 160=104522.0 161=103677.0 162=94364.0 163=98056.0 164=103034.0 165=102518.0 166=98670.0 167=104704.0 168=97823.0 169=98673.0 170=96948.0 171=100645.0 172=100990.0 173=101079.0 174=101878.0 175=101091.0 176=99179.0 177=98469.0 178=97748.0 179=100575.0 180=99936.0 181=100602.0 182=99350.0 183=95346.0 184=94097.0 185=99924.0 186=99078.0 187=96155.0 188=99542.0 189=101463.0 190=96834.0 191=103562.0 192=100001.0 193=99433.0 194=101988.0 195=97245.0 196=98972.0 197=98788.0 198=98779.0 199=104219.0 200=100688.0 201=93352.0 202=99580.0 203=95996.0 204=90856.0 205=95148.0 206=103094.0 207=101262.0 208=98274.0 209=105471.0 210=94809.0 211=99959.0 212=99948.0 213=102632.0 214=107363.0 215=94068.0 216=99575.0 217=101913.0 218=101020.0 219=99784.0 220=96795.0 221=101494.0 222=98238.0 223=98382.0 224=100805.0 225=100065.0 226=99739.0 227=105706.0 228=99165.0 229=100956.0 230=97703.0 231=99325.0 232=95734.0 233=101420.0 234=102477.0 235=99293.0 236=109178.0 237=102085.0 238=105170.0 239=108519.0 240=99784.0 241=100457.0 242=98988.0 243=103719.0 244=104839.0 245=99942.0 246=96286.0 247=99247.0 248=104169.0 249=100649.0 250=99107.0 251=101218.0 252=103013.0 253=100103.0 254=96896.0 255=94867.0 ]
    0 : 3038102 (T=3038102, R=0, W=0)
    1 : 2901063 (T=2901063, R=0, W=0)
    2 : 2900521 (T=2900521, R=0, W=0)
    3 : 3009617 (T=3009617, R=0, W=0)
--- 22,077 MB collected in 0.078 secs (0.3% of total), longest GC took 0.010 secs
DATA gc:  total_k 22607599  total_secs 0.077764  max_secs 0.009928
