Number of accounts  = 128
Initial amount      = 100000.0
Maximal transfer    = 10
Read-all frequency  = 0%
Write-all frequency = 0%
Read-all threads    = 0
Write-all threads   = 0
Disjoint            = false
Yield               = false

Starting threads... 0 1
End of warmup phase... 0 1
End of test phase... 0 1
Waiting for threads to finish...
All threads returned successfully
RESULTS:

  Warmup duration (ms) = 20000
  Test duration (ms)   = 10000
  Nb iterations        = 23380600
  Stats                = T=23380600, R=0, W=0, TOTAL=12800000 [ 0=110648.0 1=101511.0 2=97135.0 3=104851.0 4=112368.0 5=98345.0 6=115503.0 7=108609.0 8=86225.0 9=109977.0 10=106666.0 11=100856.0 12=104766.0 13=103433.0 14=95277.0 15=100683.0 16=95316.0 17=100326.0 18=115908.0 19=105830.0 20=98185.0 21=105376.0 22=94943.0 23=91388.0 24=107675.0 25=108921.0 26=113191.0 27=104245.0 28=113632.0 29=105699.0 30=91489.0 31=80863.0 32=98448.0 33=101116.0 34=106162.0 35=91063.0 36=94945.0 37=103996.0 38=92097.0 39=99214.0 40=93434.0 41=96045.0 42=104313.0 43=92750.0 44=110258.0 45=94141.0 46=96336.0 47=106113.0 48=109074.0 49=102882.0 50=95813.0 51=97030.0 52=96962.0 53=104893.0 54=97571.0 55=91448.0 56=100581.0 57=87793.0 58=103292.0 59=104546.0 60=95282.0 61=95591.0 62=87519.0 63=96746.0 64=102692.0 65=95693.0 66=113465.0 67=100381.0 68=109574.0 69=96091.0 70=102106.0 71=91841.0 72=98020.0 73=97079.0 74=87468.0 75=95375.0 76=99280.0 77=101573.0 78=89854.0 79=103482.0 80=103460.0 81=103749.0 82=98427.0 83=92728.0 84=113842.0 85=91027.0 86=94497.0 87=97520.0 88=96493.0 89=99900.0 90=97448.0 91=97967.0 92=94792.0 93=106372.0 94=103380.0 95=92331.0 96=106799.0 97=97110.0 98=86577.0 99=97964.0 100=98498.0 101=100391.0 102=88632.0 103=104256.0 104=91582.0 105=90521.0 106=112068.0 107=109837.0 108=97654.0 109=93174.0 110=106701.0 111=98429.0 112=95231.0 113=99425.0 114=97177.0 115=112276.0 116=96357.0 117=100482.0 118=97895.0 119=102922.0 120=106753.0 121=110649.0 122=99133.0 123=105984.0 124=100616.0 125=92767.0 126=98563.0 127=98376.0 ]
    0 : 12497947 (T=12497947, R=0, W=0)
    1 : 10882653 (T=10882653, R=0, W=0)
--- 25,480 MB collected in 0.071 secs (0.2% of total), longest GC took 0.005 secs
DATA gc:  total_k 26092256  total_secs 0.071107  max_secs 0.005244
