TL2CM Initialized:
Contention Manager: Polka busy-waiting [C=10]
Number of accounts  = 128
Initial amount      = 100000.0
Maximal transfer    = 10
Read-all frequency  = 0%
Write-all frequency = 0%
Read-all threads    = 0
Write-all threads   = 0
Disjoint            = false
Yield               = false

Starting threads... 0 1
End of warmup phase... 0 1
End of test phase... 0 1
Waiting for threads to finish...
All threads returned successfully
RESULTS:

  Warmup duration (ms) = 20000
  Test duration (ms)   = 10000
  Nb iterations        = 6518895
  Stats                = T=6518895, R=0, W=0, TOTAL=12797155 [ 0=103239.0 1=99005.0 2=99357.0 3=97897.0 4=99919.0 5=101121.0 6=100533.0 7=98072.0 8=103442.0 9=97988.0 10=100112.0 11=107518.0 12=103158.0 13=101469.0 14=102585.0 15=102377.0 16=101295.0 17=97478.0 18=99814.0 19=95797.0 20=97971.0 21=97517.0 22=99138.0 23=103408.0 24=105222.0 25=98167.0 26=98906.0 27=100434.0 28=103111.0 29=92902.0 30=99323.0 31=103860.0 32=100361.0 33=96688.0 34=104253.0 35=105637.0 36=96927.0 37=105952.0 38=101863.0 39=94210.0 40=100405.0 41=99670.0 42=96564.0 43=94606.0 44=98442.0 45=102639.0 46=102608.0 47=101900.0 48=96764.0 49=102867.0 50=93493.0 51=98138.0 52=99936.0 53=93973.0 54=100509.0 55=96388.0 56=90848.0 57=95592.0 58=95923.0 59=104417.0 60=99171.0 61=104143.0 62=99112.0 63=104216.0 64=101799.0 65=103087.0 66=93109.0 67=97832.0 68=97777.0 69=98990.0 70=96285.0 71=101247.0 72=102860.0 73=105832.0 74=102033.0 75=95348.0 76=91868.0 77=97249.0 78=98459.0 79=102378.0 80=103846.0 81=103251.0 82=94151.0 83=98425.0 84=100573.0 85=101653.0 86=100176.0 87=102234.0 88=98788.0 89=102266.0 90=108788.0 91=99849.0 92=94846.0 93=103618.0 94=100010.0 95=94696.0 96=101391.0 97=99720.0 98=105218.0 99=100667.0 100=105640.0 101=97173.0 102=101606.0 103=96000.0 104=97604.0 105=104328.0 106=101780.0 107=106082.0 108=94765.0 109=98472.0 110=102728.0 111=95869.0 112=100573.0 113=98146.0 114=105217.0 115=97025.0 116=106457.0 117=90499.0 118=102764.0 119=96927.0 120=103767.0 121=102103.0 122=102500.0 123=100987.0 124=101138.0 125=102156.0 126=93923.0 127=100257.0 ]
    0 : 3232207 (T=3232207, R=0, W=0)
    1 : 3286688 (T=3286688, R=0, W=0)
--- 12,926 MB collected in 0.075 secs (0.3% of total), longest GC took 0.016 secs
DATA gc:  total_k 13236864  total_secs 0.075385  max_secs 0.016431
