Number of accounts  = 32
Initial amount      = 100000.0
Maximal transfer    = 10
Read-all frequency  = 0%
Write-all frequency = 0%
Read-all threads    = 0
Write-all threads   = 0
Disjoint            = false
Yield               = false

Starting threads... 0 1 2 3 4 5 6 7 8 9 10 11 12 13 14 15 16 17 18 19 20 21 22 23 24 25 26 27 28 29 30 31
End of warmup phase... 0 1 2 3 4 5 6 7 8 9 10 11 12 13 14 15 16 17 18 19 20 21 22 23 24 25 26 27 28 29 30 31
End of test phase... 0 1 2 3 4 5 6 7 8 9 10 11 12 13 14 15 16 17 18 19 20 21 22 23 24 25 26 27 28 29 30 31
Waiting for threads to finish...
All threads returned successfully
RESULTS:

  Warmup duration (ms) = 4000
  Test duration (ms)   = 10000
  Nb iterations        = 24478
  Stats                = T=24478, R=0, W=0, TOTAL=3200000 [ 0=99684.0 1=99263.0 2=100091.0 3=99978.0 4=100118.0 5=99968.0 6=100009.0 7=100144.0 8=99991.0 9=99814.0 10=99589.0 11=100704.0 12=100002.0 13=99790.0 14=99873.0 15=100099.0 16=100296.0 17=100509.0 18=99732.0 19=100066.0 20=100462.0 21=100146.0 22=100044.0 23=100557.0 24=99838.0 25=100506.0 26=100252.0 27=99598.0 28=99903.0 29=99719.0 30=99540.0 31=99715.0 ]
    0 : 192 (T=192, R=0, W=0)
    1 : 171 (T=171, R=0, W=0)
    2 : 2037 (T=2037, R=0, W=0)
    3 : 109 (T=109, R=0, W=0)
    4 : 133 (T=133, R=0, W=0)
    5 : 103 (T=103, R=0, W=0)
    6 : 136 (T=136, R=0, W=0)
    7 : 1030 (T=1030, R=0, W=0)
    8 : 1587 (T=1587, R=0, W=0)
    9 : 175 (T=175, R=0, W=0)
    10 : 152 (T=152, R=0, W=0)
    11 : 565 (T=565, R=0, W=0)
    12 : 2053 (T=2053, R=0, W=0)
    13 : 234 (T=234, R=0, W=0)
    14 : 606 (T=606, R=0, W=0)
    15 : 1727 (T=1727, R=0, W=0)
    16 : 877 (T=877, R=0, W=0)
    17 : 2193 (T=2193, R=0, W=0)
    18 : 1306 (T=1306, R=0, W=0)
    19 : 1363 (T=1363, R=0, W=0)
    20 : 115 (T=115, R=0, W=0)
    21 : 547 (T=547, R=0, W=0)
    22 : 1674 (T=1674, R=0, W=0)
    23 : 1917 (T=1917, R=0, W=0)
    24 : 121 (T=121, R=0, W=0)
    25 : 1886 (T=1886, R=0, W=0)
    26 : 165 (T=165, R=0, W=0)
    27 : 792 (T=792, R=0, W=0)
    28 : 113 (T=113, R=0, W=0)
    29 : 157 (T=157, R=0, W=0)
    30 : 138 (T=138, R=0, W=0)
    31 : 104 (T=104, R=0, W=0)
--- 95,639 MB collected in 0.151 secs (1.1% of total), longest GC took 0.008 secs
DATA gc:  total_k 97934456  total_secs 0.150702  max_secs 0.007887
