Number of accounts  = 2
Initial amount      = 100000.0
Maximal transfer    = 10
Read-all frequency  = 0%
Write-all frequency = 0%
Read-all threads    = 0
Write-all threads   = 0
Disjoint            = false
Yield               = false

Starting threads... 0
End of warmup phase... 0
End of test phase... 0
Waiting for threads to finish...
All threads returned successfully
RESULTS:

  Warmup duration (ms) = 4000
  Test duration (ms)   = 10000
  Nb iterations        = 24214723
  Stats                = T=24214723, R=0, W=0, TOTAL=200000 [ 0=68794.0 1=131206.0 ]
    0 : 24214723 (T=24214723, R=0, W=0)
--- 10,886 MB collected in 0.040 secs (0.3% of total), longest GC took 0.004 secs
DATA gc:  total_k 11148128  total_secs 0.040005  max_secs 0.003799
