Number of accounts  = 512
Initial amount      = 100000.0
Maximal transfer    = 10
Read-all frequency  = 0%
Write-all frequency = 0%
Read-all threads    = 0
Write-all threads   = 0
Disjoint            = false
Yield               = false

Starting threads... 0 1 2 3 4 5 6 7
End of warmup phase... 0 1 2 3 4 5 6 7
End of test phase... 0 1 2 3 4 5 6 7
Waiting for threads to finish...
All threads returned successfully
RESULTS:

  Warmup duration (ms) = 20000
  Test duration (ms)   = 10000
  Nb iterations        = 58446093
  Stats                = T=58446093, R=0, W=0, TOTAL=51200000 [ 0=101818.0 1=97645.0 2=98160.0 3=93797.0 4=97672.0 5=93274.0 6=103326.0 7=102909.0 8=102470.0 9=104402.0 10=98330.0 11=104656.0 12=107275.0 13=91840.0 14=102396.0 15=108774.0 16=97736.0 17=96545.0 18=96851.0 19=101172.0 20=97499.0 21=103348.0 22=102396.0 23=101678.0 24=91181.0 25=101215.0 26=102007.0 27=107153.0 28=100711.0 29=97698.0 30=91029.0 31=105537.0 32=106129.0 33=99977.0 34=97871.0 35=103095.0 36=98983.0 37=94796.0 38=102955.0 39=106584.0 40=95821.0 41=99892.0 42=92535.0 43=99533.0 44=92530.0 45=104178.0 46=92806.0 47=98140.0 48=111234.0 49=97880.0 50=91686.0 51=104313.0 52=94270.0 53=95100.0 54=103722.0 55=99303.0 56=94068.0 57=93975.0 58=88507.0 59=95406.0 60=96709.0 61=100450.0 62=91597.0 63=100191.0 64=95363.0 65=98866.0 66=107218.0 67=94706.0 68=96686.0 69=108589.0 70=95882.0 71=106894.0 72=105050.0 73=112055.0 74=96991.0 75=103086.0 76=96795.0 77=104061.0 78=105989.0 79=105015.0 80=93939.0 81=97072.0 82=99368.0 83=96556.0 84=100172.0 85=107919.0 86=105918.0 87=93385.0 88=101350.0 89=106622.0 90=97106.0 91=103702.0 92=100454.0 93=99782.0 94=100775.0 95=91734.0 96=97614.0 97=95970.0 98=100189.0 99=102427.0 100=107472.0 101=93712.0 102=101900.0 103=105443.0 104=113131.0 105=95104.0 106=100109.0 107=99691.0 108=101502.0 109=104887.0 110=101788.0 111=109739.0 112=101859.0 113=98816.0 114=106567.0 115=102906.0 116=104445.0 117=105280.0 118=103005.0 119=92983.0 120=89049.0 121=98052.0 122=96839.0 123=91047.0 124=101166.0 125=94763.0 126=98041.0 127=108321.0 128=100297.0 129=93540.0 130=100806.0 131=98928.0 132=93567.0 133=97012.0 134=100197.0 135=97845.0 136=104698.0 137=99159.0 138=97206.0 139=112279.0 140=93508.0 141=87444.0 142=98776.0 143=98620.0 144=94990.0 145=101215.0 146=113189.0 147=88961.0 148=98083.0 149=96420.0 150=104346.0 151=104176.0 152=108446.0 153=104284.0 154=104490.0 155=102887.0 156=106553.0 157=108827.0 158=102194.0 159=98433.0 160=100403.0 161=100232.0 162=109128.0 163=95615.0 164=93873.0 165=93014.0 166=97033.0 167=95207.0 168=103095.0 169=106598.0 170=107724.0 171=99621.0 172=95367.0 173=100808.0 174=102349.0 175=99476.0 176=101129.0 177=103416.0 178=104790.0 179=99771.0 180=104006.0 181=102754.0 182=97585.0 183=99151.0 184=96370.0 185=96810.0 186=116939.0 187=99582.0 188=110813.0 189=100183.0 190=101473.0 191=98213.0 192=99328.0 193=100446.0 194=92031.0 195=109380.0 196=106076.0 197=110645.0 198=99410.0 199=93782.0 200=105865.0 201=99414.0 202=101269.0 203=103186.0 204=104339.0 205=93833.0 206=101263.0 207=95367.0 208=110950.0 209=103273.0 210=95863.0 211=98439.0 212=101123.0 213=97687.0 214=92583.0 215=98071.0 216=94801.0 217=97141.0 218=90835.0 219=99685.0 220=92411.0 221=102007.0 222=96036.0 223=101493.0 224=100041.0 225=95949.0 226=101928.0 227=98216.0 228=101542.0 229=101193.0 230=103261.0 231=108121.0 232=96730.0 233=89418.0 234=111250.0 235=95631.0 236=98117.0 237=104226.0 238=96097.0 239=99470.0 240=98789.0 241=94555.0 242=102152.0 243=111301.0 244=94010.0 245=100231.0 246=92134.0 247=99259.0 248=107728.0 249=89935.0 250=102157.0 251=102680.0 252=97683.0 253=101157.0 254=103170.0 255=94046.0 256=97976.0 257=114043.0 258=101382.0 259=109816.0 260=99521.0 261=93296.0 262=103428.0 263=97735.0 264=103283.0 265=97206.0 266=95993.0 267=98504.0 268=95798.0 269=101277.0 270=99452.0 271=107218.0 272=99664.0 273=109328.0 274=107310.0 275=108465.0 276=97168.0 277=104829.0 278=83600.0 279=103654.0 280=94288.0 281=97365.0 282=98813.0 283=100354.0 284=96994.0 285=97053.0 286=93971.0 287=97549.0 288=105202.0 289=107226.0 290=104973.0 291=98109.0 292=106110.0 293=103469.0 294=97701.0 295=93740.0 296=102810.0 297=97447.0 298=100241.0 299=91026.0 300=99094.0 301=100610.0 302=101503.0 303=99371.0 304=89728.0 305=98278.0 306=106978.0 307=104139.0 308=93668.0 309=101085.0 310=102954.0 311=102667.0 312=98423.0 313=100012.0 314=106737.0 315=96541.0 316=108320.0 317=102762.0 318=94438.0 319=90730.0 320=104978.0 321=104415.0 322=98178.0 323=99797.0 324=90281.0 325=93961.0 326=94967.0 327=99978.0 328=104424.0 329=100847.0 330=107305.0 331=97661.0 332=102193.0 333=96750.0 334=95614.0 335=92284.0 336=102541.0 337=96799.0 338=107934.0 339=99930.0 340=109827.0 341=102491.0 342=97567.0 343=102158.0 344=103307.0 345=90989.0 346=95462.0 347=99877.0 348=111283.0 349=93365.0 350=101285.0 351=99786.0 352=101754.0 353=96384.0 354=93935.0 355=100534.0 356=96040.0 357=98090.0 358=101644.0 359=96614.0 360=95390.0 361=95819.0 362=105096.0 363=105376.0 364=103084.0 365=101829.0 366=95282.0 367=95038.0 368=103259.0 369=109846.0 370=110578.0 371=102712.0 372=94525.0 373=97001.0 374=99081.0 375=103408.0 376=97635.0 377=97000.0 378=100359.0 379=102933.0 380=107326.0 381=100416.0 382=97463.0 383=107714.0 384=99536.0 385=96968.0 386=100868.0 387=92979.0 388=103425.0 389=97187.0 390=103675.0 391=100298.0 392=106189.0 393=96724.0 394=104208.0 395=99910.0 396=103918.0 397=96871.0 398=109691.0 399=105291.0 400=105088.0 401=92684.0 402=94446.0 403=96955.0 404=101537.0 405=112273.0 406=96611.0 407=104332.0 408=104193.0 409=105055.0 410=94873.0 411=97005.0 412=107923.0 413=102189.0 414=99657.0 415=99961.0 416=83657.0 417=99739.0 418=98208.0 419=97079.0 420=100902.0 421=95715.0 422=106091.0 423=89543.0 424=98484.0 425=98106.0 426=97815.0 427=95902.0 428=105751.0 429=105972.0 430=103533.0 431=99338.0 432=98880.0 433=106029.0 434=93074.0 435=105214.0 436=93520.0 437=101109.0 438=99990.0 439=105437.0 440=93689.0 441=99665.0 442=112108.0 443=95518.0 444=94694.0 445=90209.0 446=101299.0 447=96070.0 448=103411.0 449=93565.0 450=91372.0 451=105228.0 452=106940.0 453=101240.0 454=96202.0 455=99136.0 456=95752.0 457=106856.0 458=110614.0 459=96076.0 460=109194.0 461=104604.0 462=95588.0 463=101392.0 464=87406.0 465=109566.0 466=104095.0 467=102933.0 468=104200.0 469=100563.0 470=100106.0 471=97154.0 472=95684.0 473=111291.0 474=93183.0 475=100829.0 476=95985.0 477=97701.0 478=100069.0 479=90620.0 480=93376.0 481=97200.0 482=99376.0 483=100812.0 484=98433.0 485=101870.0 486=107427.0 487=100503.0 488=90856.0 489=103259.0 490=104653.0 491=95979.0 492=104053.0 493=96189.0 494=109731.0 495=91958.0 496=93504.0 497=102939.0 498=95228.0 499=96067.0 500=100403.0 501=102176.0 502=97333.0 503=92316.0 504=92891.0 505=90661.0 506=100831.0 507=99086.0 508=94512.0 509=96127.0 510=103104.0 511=96142.0 ]
    0 : 7595963 (T=7595963, R=0, W=0)
    1 : 7632162 (T=7632162, R=0, W=0)
    2 : 7643049 (T=7643049, R=0, W=0)
    3 : 7637871 (T=7637871, R=0, W=0)
    4 : 7642611 (T=7642611, R=0, W=0)
    5 : 7661749 (T=7661749, R=0, W=0)
    6 : 7130801 (T=7130801, R=0, W=0)
    7 : 5501887 (T=5501887, R=0, W=0)
--- 70,280 MB collected in 0.185 secs (0.6% of total), longest GC took 0.008 secs
DATA gc:  total_k 71967304  total_secs 0.185417  max_secs 0.008079
