Number of accounts  = 4
Initial amount      = 1000000.0
Maximal transfer    = 10
Read-all frequency  = 0%
Write-all frequency = 0%
Read-all threads    = 0
Write-all threads   = 0
Disjoint            = false
Yield               = false

Starting threads... 0 1 2 3
End of warmup phase... 0 1 2 3
End of test phase... 0 1 2 3
Waiting for threads to finish...
All threads returned successfully
RESULTS:

  Warmup duration (ms) = 4000
  Test duration (ms)   = 10000
  Nb iterations        = 3462322
TOTAL: T=3462322, R=0, W=0

TOTAL=4000000 [ 0=1004624.0 1=993098.0 2=999463.0 3=1002815.0 ]
    0 : 945424 (T=945424, R=0, W=0)
    1 : 823832 (T=823832, R=0, W=0)
    2 : 913275 (T=913275, R=0, W=0)
    3 : 779791 (T=779791, R=0, W=0)
--- 19,073 MB collected in 0.039 secs (0.3% of total), longest GC took 0.005 secs
DATA gc:  total_k 19531400  total_secs 0.039037  max_secs 0.005019
