Number of accounts  = 512
Initial amount      = 1000000.0
Maximal transfer    = 10
Read-all frequency  = 0%
Write-all frequency = 0%
Read-all threads    = 0
Write-all threads   = 0
Disjoint            = false
Yield               = false

Starting threads... 0 1 2 3 4 5 6 7
End of warmup phase... 0 1 2 3 4 5 6 7
End of test phase... 0 1 2 3 4 5 6 7
Waiting for threads to finish...
All threads returned successfully
RESULTS:

  Warmup duration (ms) = 4000
  Test duration (ms)   = 10000
  Nb iterations        = 62178808
TOTAL: T=62178808, R=0, W=0

TOTAL=511999552 [ 0=1001090.0 1=998058.0 2=1001869.0 3=1002762.0 4=998425.0 5=998584.0 6=1002666.0 7=998187.0 8=1006261.0 9=998570.0 10=996084.0 11=1002601.0 12=1003480.0 13=1004990.0 14=997809.0 15=998839.0 16=995495.0 17=1006072.0 18=1004897.0 19=996750.0 20=1001922.0 21=1005409.0 22=995998.0 23=998905.0 24=996465.0 25=1005595.0 26=996718.0 27=997780.0 28=997922.0 29=1007641.0 30=1002710.0 31=999879.0 32=995661.0 33=998989.0 34=1005901.0 35=995895.0 36=998457.0 37=998871.0 38=997641.0 39=995913.0 40=998168.0 41=996850.0 42=1001663.0 43=995169.0 44=999631.0 45=1004277.0 46=1001789.0 47=1000775.0 48=998577.0 49=998083.0 50=994818.0 51=1002563.0 52=1003173.0 53=1000935.0 54=1000393.0 55=995353.0 56=998299.0 57=996460.0 58=998487.0 59=1001492.0 60=1005425.0 61=995178.0 62=1000826.0 63=1002903.0 64=995934.0 65=995247.0 66=997863.0 67=997307.0 68=997998.0 69=1006378.0 70=1000150.0 71=998280.0 72=999432.0 73=1000297.0 74=1002025.0 75=998076.0 76=995193.0 77=998223.0 78=995793.0 79=997547.0 80=998638.0 81=998507.0 82=1002859.0 83=996223.0 84=997653.0 85=1000612.0 86=990835.0 87=1000563.0 88=999962.0 89=999838.0 90=1001148.0 91=999594.0 92=998526.0 93=1000228.0 94=995063.0 95=999663.0 96=1004328.0 97=999162.0 98=1002921.0 99=1001684.0 100=1000812.0 101=998018.0 102=991459.0 103=1004558.0 104=1000011.0 105=1002143.0 106=995384.0 107=1000418.0 108=1004480.0 109=1002847.0 110=999107.0 111=1001470.0 112=993397.0 113=1003728.0 114=1001440.0 115=1001973.0 116=996416.0 117=994960.0 118=1000767.0 119=998965.0 120=1004968.0 121=994066.0 122=997701.0 123=994979.0 124=999676.0 125=997592.0 126=1002409.0 127=996063.0 128=998978.0 129=1005762.0 130=998225.0 131=1002769.0 132=1003321.0 133=993475.0 134=997598.0 135=998868.0 136=999512.0 137=998200.0 138=997379.0 139=1001903.0 140=1000671.0 141=997748.0 142=996645.0 143=1000834.0 144=1005904.0 145=1004978.0 146=999786.0 147=1009859.0 148=1005869.0 149=997544.0 150=998823.0 151=991847.0 152=991582.0 153=1006268.0 154=997925.0 155=1004741.0 156=1004432.0 157=994172.0 158=996192.0 159=1002541.0 160=999820.0 161=996919.0 162=994550.0 163=1005238.0 164=1002556.0 165=1006956.0 166=1004091.0 167=1002871.0 168=995805.0 169=999153.0 170=1002876.0 171=999089.0 172=997716.0 173=998071.0 174=994942.0 175=1002539.0 176=1000954.0 177=1001768.0 178=1003686.0 179=1005131.0 180=1001686.0 181=996472.0 182=999714.0 183=996918.0 184=1000654.0 185=1002081.0 186=1003752.0 187=998709.0 188=998899.0 189=1001050.0 190=998814.0 191=995553.0 192=1001729.0 193=1007370.0 194=1001825.0 195=1003341.0 196=994860.0 197=1006273.0 198=1004558.0 199=1002973.0 200=998355.0 201=997717.0 202=1004486.0 203=1003871.0 204=1004091.0 205=998373.0 206=1002627.0 207=999351.0 208=998999.0 209=999996.0 210=999679.0 211=1001949.0 212=999796.0 213=1001727.0 214=996865.0 215=1002239.0 216=998847.0 217=1000201.0 218=996594.0 219=1002759.0 220=994093.0 221=1008219.0 222=997334.0 223=1003188.0 224=1001557.0 225=1000871.0 226=999744.0 227=1008573.0 228=1003575.0 229=1002981.0 230=997769.0 231=1005247.0 232=1000753.0 233=1004797.0 234=998024.0 235=999830.0 236=997302.0 237=1006870.0 238=998290.0 239=1000290.0 240=998688.0 241=996428.0 242=1001246.0 243=1002613.0 244=1002984.0 245=998285.0 246=996286.0 247=999805.0 248=1002773.0 249=1004771.0 250=999527.0 251=992922.0 252=1008294.0 253=1000180.0 254=994691.0 255=999788.0 256=1004459.0 257=1005704.0 258=1002588.0 259=999496.0 260=1006967.0 261=1003182.0 262=1001878.0 263=1001361.0 264=998941.0 265=1003219.0 266=995564.0 267=999467.0 268=1001850.0 269=1003384.0 270=1002388.0 271=997739.0 272=999444.0 273=1004971.0 274=992785.0 275=998403.0 276=1000686.0 277=1005103.0 278=1000682.0 279=996952.0 280=993103.0 281=1000140.0 282=1002171.0 283=1003432.0 284=1003655.0 285=999485.0 286=1002714.0 287=998092.0 288=998818.0 289=1002120.0 290=996942.0 291=1005265.0 292=997549.0 293=1002163.0 294=1000180.0 295=1003416.0 296=1000678.0 297=997679.0 298=1011411.0 299=1000768.0 300=993100.0 301=994157.0 302=1003886.0 303=1001899.0 304=1005131.0 305=1002348.0 306=997740.0 307=999346.0 308=996872.0 309=995522.0 310=1000523.0 311=1001292.0 312=996045.0 313=1002990.0 314=1004265.0 315=1005582.0 316=1000215.0 317=996494.0 318=1004342.0 319=999685.0 320=998878.0 321=1004735.0 322=998389.0 323=994260.0 324=998643.0 325=1002116.0 326=1002019.0 327=1003852.0 328=999877.0 329=999537.0 330=997410.0 331=1004468.0 332=1000621.0 333=992555.0 334=1003950.0 335=998155.0 336=999508.0 337=1007386.0 338=1000504.0 339=996963.0 340=997218.0 341=999689.0 342=1000856.0 343=1004011.0 344=1001188.0 345=1002736.0 346=1000916.0 347=1007416.0 348=1000752.0 349=998726.0 350=1002479.0 351=997357.0 352=999078.0 353=995360.0 354=998308.0 355=1002991.0 356=1003141.0 357=996715.0 358=995411.0 359=1004767.0 360=999861.0 361=1003806.0 362=999330.0 363=1000380.0 364=1004400.0 365=997969.0 366=998681.0 367=999059.0 368=998938.0 369=993282.0 370=1004336.0 371=998999.0 372=997340.0 373=1003024.0 374=1000437.0 375=1000312.0 376=1000929.0 377=1001463.0 378=996337.0 379=993618.0 380=997824.0 381=996409.0 382=1004940.0 383=1002251.0 384=998964.0 385=998358.0 386=1001878.0 387=1000262.0 388=1001221.0 389=1000698.0 390=1004581.0 391=999645.0 392=999434.0 393=996574.0 394=997586.0 395=1008205.0 396=993341.0 397=1001248.0 398=998903.0 399=1003301.0 400=1002692.0 401=999752.0 402=1003400.0 403=997566.0 404=998373.0 405=1008457.0 406=990636.0 407=1005739.0 408=1002342.0 409=1005025.0 410=999083.0 411=994627.0 412=1004165.0 413=1009277.0 414=996805.0 415=1002356.0 416=1008298.0 417=1001238.0 418=999536.0 419=999204.0 420=993060.0 421=993651.0 422=992582.0 423=1000905.0 424=1003793.0 425=1003134.0 426=996681.0 427=995614.0 428=994443.0 429=995237.0 430=1001709.0 431=1000729.0 432=1001398.0 433=999621.0 434=999496.0 435=999894.0 436=1004420.0 437=994556.0 438=995811.0 439=994625.0 440=998416.0 441=995498.0 442=999627.0 443=993880.0 444=996010.0 445=1001754.0 446=1000434.0 447=999111.0 448=999310.0 449=1000629.0 450=998792.0 451=994894.0 452=997251.0 453=1003990.0 454=998880.0 455=1000217.0 456=1002112.0 457=996611.0 458=998418.0 459=993537.0 460=997319.0 461=1002569.0 462=1002708.0 463=1000363.0 464=1002281.0 465=995886.0 466=1003762.0 467=1000941.0 468=992762.0 469=1003771.0 470=1003726.0 471=995801.0 472=997581.0 473=1002230.0 474=1001598.0 475=998831.0 476=996905.0 477=999021.0 478=997383.0 479=996022.0 480=998792.0 481=1006021.0 482=993445.0 483=997026.0 484=995382.0 485=994071.0 486=1003005.0 487=993364.0 488=998026.0 489=1003723.0 490=994807.0 491=998521.0 492=999611.0 493=996652.0 494=1002808.0 495=1000406.0 496=996099.0 497=994538.0 498=1002583.0 499=994164.0 500=993495.0 501=1003657.0 502=1000594.0 503=1004137.0 504=1000576.0 505=1002016.0 506=1003384.0 507=1003197.0 508=1000491.0 509=1004104.0 510=996776.0 511=998180.0 ]
    0 : 7645862 (T=7645862, R=0, W=0)
    1 : 8103936 (T=8103936, R=0, W=0)
    2 : 7521444 (T=7521444, R=0, W=0)
    3 : 7419090 (T=7419090, R=0, W=0)
    4 : 8100204 (T=8100204, R=0, W=0)
    5 : 7643733 (T=7643733, R=0, W=0)
    6 : 7735831 (T=7735831, R=0, W=0)
    7 : 8008708 (T=8008708, R=0, W=0)
--- 16,973 MB collected in 0.087 secs (0.6% of total), longest GC took 0.013 secs
DATA gc:  total_k 17380902  total_secs 0.086591  max_secs 0.013065
