Number of accounts  = 256
Initial amount      = 100000.0
Maximal transfer    = 10
Read-all frequency  = 0%
Write-all frequency = 0%
Read-all threads    = 0
Write-all threads   = 0
Disjoint            = false
Yield               = false

Starting threads... 0 1 2 3
End of warmup phase... 0 1 2 3
End of test phase... 0 1 2 3
Waiting for threads to finish...
All threads returned successfully
RESULTS:

  Warmup duration (ms) = 20001
  Test duration (ms)   = 10000
  Nb iterations        = 31613191
  Stats                = T=31613191, R=0, W=0, TOTAL=25599988 [ 0=99862.0 1=94050.0 2=105690.0 3=96223.0 4=105423.0 5=96455.0 6=102925.0 7=95862.0 8=97499.0 9=101612.0 10=91779.0 11=101582.0 12=96946.0 13=101835.0 14=105186.0 15=96347.0 16=103979.0 17=103268.0 18=101843.0 19=97015.0 20=97431.0 21=94358.0 22=100219.0 23=101497.0 24=94374.0 25=104983.0 26=103888.0 27=96782.0 28=95760.0 29=104922.0 30=89944.0 31=98731.0 32=99573.0 33=97210.0 34=103404.0 35=102902.0 36=93675.0 37=95575.0 38=101775.0 39=94787.0 40=99499.0 41=104260.0 42=105853.0 43=101977.0 44=107458.0 45=97929.0 46=94749.0 47=99875.0 48=102472.0 49=100344.0 50=110030.0 51=104074.0 52=104676.0 53=102644.0 54=102090.0 55=96831.0 56=108846.0 57=95164.0 58=98714.0 59=106782.0 60=103979.0 61=107722.0 62=99500.0 63=100101.0 64=93729.0 65=105160.0 66=110171.0 67=102270.0 68=100063.0 69=94793.0 70=98420.0 71=109522.0 72=100059.0 73=96475.0 74=99004.0 75=100910.0 76=99760.0 77=96176.0 78=105798.0 79=100489.0 80=108706.0 81=101093.0 82=101145.0 83=96333.0 84=108333.0 85=97646.0 86=101516.0 87=94760.0 88=105376.0 89=86145.0 90=91880.0 91=101966.0 92=98154.0 93=96561.0 94=101708.0 95=104306.0 96=95572.0 97=99095.0 98=92694.0 99=96626.0 100=96793.0 101=105259.0 102=96716.0 103=90963.0 104=101078.0 105=101590.0 106=104056.0 107=98160.0 108=101958.0 109=104449.0 110=104483.0 111=99990.0 112=109090.0 113=102546.0 114=91355.0 115=103504.0 116=100021.0 117=101026.0 118=99117.0 119=93184.0 120=102250.0 121=105729.0 122=97991.0 123=94174.0 124=104206.0 125=95948.0 126=107654.0 127=108186.0 128=94918.0 129=99857.0 130=94864.0 131=104718.0 132=100671.0 133=94103.0 134=94474.0 135=95600.0 136=100729.0 137=94300.0 138=99758.0 139=103409.0 140=103051.0 141=102151.0 142=92328.0 143=97575.0 144=106227.0 145=100207.0 146=105742.0 147=96393.0 148=96099.0 149=89918.0 150=96247.0 151=99756.0 152=90890.0 153=95287.0 154=92407.0 155=109947.0 156=97357.0 157=104616.0 158=109498.0 159=95660.0 160=101880.0 161=99811.0 162=97588.0 163=96756.0 164=102039.0 165=98305.0 166=103500.0 167=105616.0 168=97599.0 169=102562.0 170=94554.0 171=100453.0 172=96455.0 173=100070.0 174=99453.0 175=95708.0 176=97540.0 177=101249.0 178=99025.0 179=90278.0 180=90875.0 181=105695.0 182=89649.0 183=99706.0 184=95475.0 185=100426.0 186=96002.0 187=98024.0 188=102374.0 189=97129.0 190=98947.0 191=98741.0 192=100392.0 193=104689.0 194=107337.0 195=95629.0 196=93749.0 197=93700.0 198=105288.0 199=96643.0 200=99949.0 201=93696.0 202=106269.0 203=95456.0 204=103797.0 205=87902.0 206=107912.0 207=108261.0 208=102913.0 209=99826.0 210=99587.0 211=109649.0 212=101796.0 213=89428.0 214=106409.0 215=97911.0 216=97422.0 217=95880.0 218=104734.0 219=99747.0 220=105576.0 221=103027.0 222=83715.0 223=88310.0 224=92920.0 225=107457.0 226=105832.0 227=101231.0 228=104830.0 229=102675.0 230=93978.0 231=102943.0 232=105321.0 233=99864.0 234=101443.0 235=99489.0 236=104789.0 237=102133.0 238=110754.0 239=98850.0 240=104665.0 241=99718.0 242=100722.0 243=102654.0 244=95649.0 245=107088.0 246=100141.0 247=99187.0 248=112077.0 249=110773.0 250=111099.0 251=96960.0 252=98934.0 253=97105.0 254=95381.0 255=97868.0 ]
    0 : 8883372 (T=8883372, R=0, W=0)
    1 : 8891505 (T=8891505, R=0, W=0)
    2 : 7272078 (T=7272078, R=0, W=0)
    3 : 6566236 (T=6566236, R=0, W=0)
--- 38,795 MB collected in 0.069 secs (0.2% of total), longest GC took 0.007 secs
DATA gc:  total_k 39726216  total_secs 0.069347  max_secs 0.006664
