Number of accounts  = 2
Initial amount      = 100000.0
Maximal transfer    = 10
Read-all frequency  = 0%
Write-all frequency = 0%
Read-all threads    = 0
Write-all threads   = 0
Disjoint            = false
Yield               = false

Starting threads... 0
End of warmup phase... 0
End of test phase... 0
Waiting for threads to finish...
All threads returned successfully
RESULTS:

  Warmup duration (ms) = 20001
  Test duration (ms)   = 10000
  Nb iterations        = 16089903
  Stats                = T=16089903, R=0, W=0, TOTAL=200000 [ 0=67760.0 1=132240.0 ]
    0 : 16089903 (T=16089903, R=0, W=0)
--- 8,256 MB collected in 0.057 secs (0.2% of total), longest GC took 0.005 secs
DATA gc:  total_k 8454560  total_secs 0.056928  max_secs 0.00467
