Starting Multiverse JavaAgent
Number of accounts  = 32
Initial amount      = 100000.0
Maximal transfer    = 10
Read-all frequency  = 0%
Write-all frequency = 0%
Read-all threads    = 0
Write-all threads   = 0
Disjoint            = false
Yield               = false

Starting threads... 0 1 2 3 4 5 6 7 8 9 10 11 12 13 14 15 16 17 18 19 20 21 22 23 24 25 26 27 28 29 30 31
End of warmup phase... 0 1 2 3 4 5 6 7 8 9 10 11 12 13 14 15 16 17 18 19 20 21 22 23 24 25 26 27 28 29 30 31
End of test phase... 0 1 2 3 4 5 6 7 8 9 10 11 12 13 14 15 16 17 18 19 20 21 22 23 24 25 26 27 28 29 30 31
Waiting for threads to finish...
All threads returned successfully
RESULTS:

  Warmup duration (ms) = 20025
  Test duration (ms)   = 10000
  Nb iterations        = 21384120
  Stats                = T=21384120, R=0, W=0, TOTAL=3200000 [ 0=130148.0 1=100613.0 2=105383.0 3=99639.0 4=88837.0 5=90487.0 6=101050.0 7=119140.0 8=96783.0 9=93972.0 10=84688.0 11=100684.0 12=78847.0 13=117644.0 14=92248.0 15=105917.0 16=95496.0 17=96636.0 18=73422.0 19=105507.0 20=113119.0 21=90245.0 22=122978.0 23=87031.0 24=110074.0 25=104664.0 26=107629.0 27=114139.0 28=86677.0 29=112618.0 30=97175.0 31=76510.0 ]
    0 : 677473 (T=677473, R=0, W=0)
    1 : 663445 (T=663445, R=0, W=0)
    2 : 659853 (T=659853, R=0, W=0)
    3 : 665128 (T=665128, R=0, W=0)
    4 : 660649 (T=660649, R=0, W=0)
    5 : 720867 (T=720867, R=0, W=0)
    6 : 666108 (T=666108, R=0, W=0)
    7 : 678136 (T=678136, R=0, W=0)
    8 : 647036 (T=647036, R=0, W=0)
    9 : 676142 (T=676142, R=0, W=0)
    10 : 671225 (T=671225, R=0, W=0)
    11 : 655702 (T=655702, R=0, W=0)
    12 : 685018 (T=685018, R=0, W=0)
    13 : 637932 (T=637932, R=0, W=0)
    14 : 671419 (T=671419, R=0, W=0)
    15 : 704341 (T=704341, R=0, W=0)
    16 : 684171 (T=684171, R=0, W=0)
    17 : 658143 (T=658143, R=0, W=0)
    18 : 697854 (T=697854, R=0, W=0)
    19 : 652680 (T=652680, R=0, W=0)
    20 : 674579 (T=674579, R=0, W=0)
    21 : 678832 (T=678832, R=0, W=0)
    22 : 730303 (T=730303, R=0, W=0)
    23 : 680855 (T=680855, R=0, W=0)
    24 : 661013 (T=661013, R=0, W=0)
    25 : 639462 (T=639462, R=0, W=0)
    26 : 659880 (T=659880, R=0, W=0)
    27 : 672719 (T=672719, R=0, W=0)
    28 : 650967 (T=650967, R=0, W=0)
    29 : 645906 (T=645906, R=0, W=0)
    30 : 661424 (T=661424, R=0, W=0)
    31 : 594858 (T=594858, R=0, W=0)
--- 23,352 MB collected in 0.127 secs (0.4% of total), longest GC took 0.004 secs
DATA gc:  total_k 23913056  total_secs 0.126626  max_secs 0.004391
