Starting Multiverse JavaAgent
Number of accounts  = 8
Initial amount      = 100000.0
Maximal transfer    = 10
Read-all frequency  = 0%
Write-all frequency = 0%
Read-all threads    = 0
Write-all threads   = 0
Disjoint            = false
Yield               = false

Starting threads... 0 1 2 3 4 5 6 7
End of warmup phase... 0 1 2 3 4 5 6 7
End of test phase... 0 1 2 3 4 5 6 7
Waiting for threads to finish...
All threads returned successfully
RESULTS:

  Warmup duration (ms) = 20000
  Test duration (ms)   = 10001
  Nb iterations        = 18800532
  Stats                = T=18800532, R=0, W=0, TOTAL=800000 [ 0=94298.0 1=95294.0 2=93584.0 3=106373.0 4=134967.0 5=86254.0 6=82744.0 7=106486.0 ]
    0 : 1645290 (T=1645290, R=0, W=0)
    1 : 3193521 (T=3193521, R=0, W=0)
    2 : 1611034 (T=1611034, R=0, W=0)
    3 : 3278087 (T=3278087, R=0, W=0)
    4 : 3111997 (T=3111997, R=0, W=0)
    5 : 3066317 (T=3066317, R=0, W=0)
    6 : 1458021 (T=1458021, R=0, W=0)
    7 : 1436265 (T=1436265, R=0, W=0)
--- 17,027 MB collected in 0.063 secs (0.2% of total), longest GC took 0.002 secs
DATA gc:  total_k 17436208  total_secs 0.062668  max_secs 0.002421
