Starting Multiverse JavaAgent
Number of accounts  = 16
Initial amount      = 100000.0
Maximal transfer    = 10
Read-all frequency  = 0%
Write-all frequency = 0%
Read-all threads    = 0
Write-all threads   = 0
Disjoint            = false
Yield               = false

Starting threads... 0 1 2 3 4 5 6 7 8 9 10 11 12 13 14 15
End of warmup phase... 0 1 2 3 4 5 6 7 8 9 10 11 12 13 14 15
End of test phase... 0 1 2 3 4 5 6 7 8 9 10 11 12 13 14 15
Waiting for threads to finish...
All threads returned successfully
RESULTS:

  Warmup duration (ms) = 20000
  Test duration (ms)   = 10000
  Nb iterations        = 15670314
  Stats                = T=15670314, R=0, W=0, TOTAL=1600000 [ 0=94317.0 1=86641.0 2=102249.0 3=92797.0 4=104227.0 5=118317.0 6=89691.0 7=100337.0 8=109309.0 9=92824.0 10=117885.0 11=90614.0 12=101491.0 13=105865.0 14=96108.0 15=97328.0 ]
    0 : 982381 (T=982381, R=0, W=0)
    1 : 1019362 (T=1019362, R=0, W=0)
    2 : 951906 (T=951906, R=0, W=0)
    3 : 1011597 (T=1011597, R=0, W=0)
    4 : 948431 (T=948431, R=0, W=0)
    5 : 980568 (T=980568, R=0, W=0)
    6 : 1268068 (T=1268068, R=0, W=0)
    7 : 984111 (T=984111, R=0, W=0)
    8 : 999704 (T=999704, R=0, W=0)
    9 : 1023109 (T=1023109, R=0, W=0)
    10 : 1003088 (T=1003088, R=0, W=0)
    11 : 978802 (T=978802, R=0, W=0)
    12 : 905097 (T=905097, R=0, W=0)
    13 : 894685 (T=894685, R=0, W=0)
    14 : 871347 (T=871347, R=0, W=0)
    15 : 848058 (T=848058, R=0, W=0)
--- 26,861 MB collected in 0.082 secs (0.3% of total), longest GC took 0.004 secs
DATA gc:  total_k 27506584  total_secs 0.081817  max_secs 0.003568
