Starting Multiverse JavaAgent
Number of accounts  = 512
Initial amount      = 1000000.0
Maximal transfer    = 10
Read-all frequency  = 0%
Write-all frequency = 0%
Read-all threads    = 0
Write-all threads   = 0
Disjoint            = false
Yield               = false

Starting threads... 0 1 2 3 4 5 6 7
End of warmup phase... 0 1 2 3 4 5 6 7
End of test phase... 0 1 2 3 4 5 6 7
Waiting for threads to finish...
All threads returned successfully
RESULTS:

  Warmup duration (ms) = 4000
  Test duration (ms)   = 10000
  Nb iterations        = 7847019
TOTAL: T=7847019, R=0, W=0

TOTAL=512000224 [ 0=998217.0 1=1002329.0 2=999995.0 3=998496.0 4=999070.0 5=1002050.0 6=1000993.0 7=997098.0 8=1000002.0 9=1000344.0 10=1000406.0 11=999924.0 12=998944.0 13=1000207.0 14=998885.0 15=999055.0 16=1001914.0 17=999121.0 18=998766.0 19=1001054.0 20=1000423.0 21=1002057.0 22=999014.0 23=998987.0 24=998397.0 25=999910.0 26=999041.0 27=1004224.0 28=999026.0 29=999990.0 30=1000178.0 31=1000901.0 32=1000597.0 33=1000444.0 34=997858.0 35=998562.0 36=1000821.0 37=1000989.0 38=999833.0 39=1000689.0 40=998486.0 41=999192.0 42=999675.0 43=1000307.0 44=1002129.0 45=999639.0 46=1000162.0 47=999433.0 48=999946.0 49=998239.0 50=999730.0 51=997377.0 52=1000216.0 53=1000302.0 54=998466.0 55=997777.0 56=999130.0 57=998441.0 58=998956.0 59=999724.0 60=1001762.0 61=999035.0 62=1002712.0 63=999486.0 64=1002016.0 65=998497.0 66=999094.0 67=1000385.0 68=1002787.0 69=998613.0 70=1000652.0 71=998990.0 72=1000260.0 73=999951.0 74=1000099.0 75=1002056.0 76=1000962.0 77=999801.0 78=1000530.0 79=1001124.0 80=999579.0 81=999401.0 82=1000117.0 83=998433.0 84=1000889.0 85=999021.0 86=1000232.0 87=1000621.0 88=1001714.0 89=999770.0 90=997143.0 91=999785.0 92=1000639.0 93=1001150.0 94=1000450.0 95=997867.0 96=998701.0 97=1000497.0 98=998972.0 99=1000904.0 100=1000095.0 101=1000518.0 102=1001682.0 103=999974.0 104=1000297.0 105=999950.0 106=1002054.0 107=999391.0 108=1001676.0 109=1001253.0 110=999450.0 111=998572.0 112=1001567.0 113=998530.0 114=997309.0 115=998298.0 116=1001489.0 117=1001097.0 118=1001343.0 119=999848.0 120=1000528.0 121=1000474.0 122=998674.0 123=1001272.0 124=998986.0 125=1000182.0 126=1001188.0 127=1001226.0 128=1001459.0 129=1001241.0 130=999777.0 131=999577.0 132=999961.0 133=1000920.0 134=1001505.0 135=1000740.0 136=1000934.0 137=998447.0 138=999935.0 139=998252.0 140=1001314.0 141=1000220.0 142=999809.0 143=999582.0 144=1000496.0 145=999950.0 146=998553.0 147=998133.0 148=1001216.0 149=1001110.0 150=1002075.0 151=1000960.0 152=997470.0 153=1001506.0 154=1001942.0 155=1000819.0 156=998492.0 157=1000415.0 158=1001473.0 159=999586.0 160=999672.0 161=998757.0 162=999971.0 163=996276.0 164=1002357.0 165=1001323.0 166=1001472.0 167=1001304.0 168=1000312.0 169=999539.0 170=999620.0 171=1000044.0 172=1001002.0 173=1001979.0 174=1001177.0 175=1001137.0 176=999040.0 177=999101.0 178=1000279.0 179=1003038.0 180=1001847.0 181=998929.0 182=1000799.0 183=1000882.0 184=998430.0 185=999332.0 186=1002761.0 187=999541.0 188=1000272.0 189=1000208.0 190=998922.0 191=998180.0 192=999246.0 193=999548.0 194=999490.0 195=1000123.0 196=1001258.0 197=996508.0 198=1000298.0 199=1001144.0 200=1000495.0 201=998419.0 202=999967.0 203=1001450.0 204=997491.0 205=1001472.0 206=1000858.0 207=996920.0 208=998657.0 209=1001337.0 210=1000236.0 211=1000251.0 212=1001065.0 213=1000704.0 214=998172.0 215=999679.0 216=1000953.0 217=1000073.0 218=999328.0 219=1001230.0 220=1001703.0 221=1000740.0 222=999927.0 223=1001108.0 224=997890.0 225=998085.0 226=1000132.0 227=1002282.0 228=999217.0 229=1000382.0 230=999900.0 231=998742.0 232=1000154.0 233=1000392.0 234=1000913.0 235=999967.0 236=1000040.0 237=1000965.0 238=1001008.0 239=1001971.0 240=1001800.0 241=998358.0 242=998222.0 243=1000702.0 244=997704.0 245=999775.0 246=999686.0 247=1000276.0 248=1001045.0 249=1000966.0 250=999740.0 251=1000573.0 252=1000675.0 253=999879.0 254=1000739.0 255=999884.0 256=1001215.0 257=1000714.0 258=999685.0 259=999119.0 260=998398.0 261=1000180.0 262=998610.0 263=1000609.0 264=999871.0 265=999170.0 266=998094.0 267=1000549.0 268=998866.0 269=1001024.0 270=1000487.0 271=1001182.0 272=999793.0 273=1000181.0 274=1002639.0 275=1001470.0 276=999434.0 277=1000558.0 278=1003070.0 279=999859.0 280=999678.0 281=1001499.0 282=999964.0 283=999156.0 284=999611.0 285=1000479.0 286=997916.0 287=998191.0 288=999412.0 289=1001786.0 290=998627.0 291=1001191.0 292=1000468.0 293=1000107.0 294=998559.0 295=1001958.0 296=1000082.0 297=1000800.0 298=1002771.0 299=999717.0 300=1000750.0 301=999708.0 302=998558.0 303=1001217.0 304=1000414.0 305=1000172.0 306=1000576.0 307=997960.0 308=999315.0 309=999118.0 310=1000700.0 311=1000233.0 312=999028.0 313=1000841.0 314=1000281.0 315=998846.0 316=1001306.0 317=998757.0 318=998786.0 319=1001311.0 320=1001131.0 321=1000113.0 322=999996.0 323=1001407.0 324=998178.0 325=997290.0 326=998429.0 327=1000828.0 328=997792.0 329=998725.0 330=998323.0 331=1000586.0 332=997369.0 333=1000776.0 334=998619.0 335=998540.0 336=998940.0 337=998121.0 338=1001041.0 339=999642.0 340=1001027.0 341=1001751.0 342=1003142.0 343=1000931.0 344=999124.0 345=999385.0 346=1000361.0 347=998685.0 348=996017.0 349=1000799.0 350=1001876.0 351=999458.0 352=998427.0 353=1000846.0 354=1000094.0 355=1000507.0 356=999539.0 357=1003097.0 358=1002772.0 359=999351.0 360=1000293.0 361=999940.0 362=997334.0 363=997233.0 364=997978.0 365=997388.0 366=1001512.0 367=999984.0 368=999962.0 369=998708.0 370=1000322.0 371=997122.0 372=999221.0 373=997299.0 374=999537.0 375=998789.0 376=1000049.0 377=1001226.0 378=998192.0 379=1001452.0 380=1001313.0 381=999312.0 382=1001171.0 383=999068.0 384=1000003.0 385=1000949.0 386=997717.0 387=999334.0 388=1002379.0 389=999600.0 390=1003155.0 391=1000769.0 392=999511.0 393=999910.0 394=1001670.0 395=998937.0 396=999133.0 397=999694.0 398=1000028.0 399=998713.0 400=998795.0 401=999478.0 402=1000221.0 403=999801.0 404=998167.0 405=999953.0 406=1001159.0 407=1003204.0 408=999704.0 409=999638.0 410=1000335.0 411=1001204.0 412=1000176.0 413=1000585.0 414=1000642.0 415=1001499.0 416=998404.0 417=998836.0 418=1000172.0 419=1001129.0 420=1001157.0 421=999738.0 422=1001178.0 423=999773.0 424=999055.0 425=999962.0 426=1002486.0 427=998162.0 428=999466.0 429=1000641.0 430=999853.0 431=997240.0 432=999548.0 433=1001663.0 434=1000184.0 435=1000702.0 436=998898.0 437=999238.0 438=997466.0 439=999855.0 440=1002707.0 441=1001318.0 442=1001492.0 443=999790.0 444=998539.0 445=999427.0 446=999123.0 447=1001101.0 448=1000142.0 449=999917.0 450=1001516.0 451=999551.0 452=998985.0 453=999577.0 454=999738.0 455=999161.0 456=997117.0 457=1001880.0 458=1000342.0 459=1002103.0 460=999927.0 461=999440.0 462=1000054.0 463=998455.0 464=1000001.0 465=1000638.0 466=1000571.0 467=1000609.0 468=998717.0 469=1000620.0 470=1001300.0 471=1000246.0 472=1001212.0 473=1000996.0 474=1001645.0 475=997744.0 476=997669.0 477=999679.0 478=997828.0 479=997860.0 480=999316.0 481=999485.0 482=1001027.0 483=1000992.0 484=1000630.0 485=1002888.0 486=999853.0 487=1001332.0 488=1000875.0 489=1000003.0 490=1000034.0 491=1003322.0 492=1000720.0 493=999745.0 494=1001289.0 495=1000607.0 496=999724.0 497=1000107.0 498=1000448.0 499=998814.0 500=998357.0 501=999355.0 502=997681.0 503=999782.0 504=998379.0 505=1001034.0 506=998897.0 507=1001313.0 508=998748.0 509=999521.0 510=1001989.0 511=997017.0 ]
    0 : 1065837 (T=1065837, R=0, W=0)
    1 : 1057631 (T=1057631, R=0, W=0)
    2 : 990195 (T=990195, R=0, W=0)
    3 : 1034631 (T=1034631, R=0, W=0)
    4 : 976571 (T=976571, R=0, W=0)
    5 : 967774 (T=967774, R=0, W=0)
    6 : 765917 (T=765917, R=0, W=0)
    7 : 988463 (T=988463, R=0, W=0)
--- 11,572 MB collected in 0.040 secs (0.3% of total), longest GC took 0.004 secs
DATA gc:  total_k 11849876  total_secs 0.040353  max_secs 0.004348
