Starting Multiverse JavaAgent
Number of accounts  = 2
Initial amount      = 100000.0
Maximal transfer    = 10
Read-all frequency  = 0%
Write-all frequency = 0%
Read-all threads    = 0
Write-all threads   = 0
Disjoint            = false
Yield               = false

Starting threads... 0 1
End of warmup phase... 0 1
End of test phase... 0 1
Waiting for threads to finish...
All threads returned successfully
RESULTS:

  Warmup duration (ms) = 20000
  Test duration (ms)   = 10000
  Nb iterations        = 39296502
  Stats                = T=39296340, R=0, W=0, TOTAL=200000 [ 0=20349.0 1=179651.0 ]
    0 : 36462135 (T=36461973, R=0, W=0)
    1 : 2834367 (T=2834367, R=0, W=0)
--- 20,502 MB collected in 0.090 secs (0.3% of total), longest GC took 0.003 secs
DATA gc:  total_k 20994376  total_secs 0.090179  max_secs 0.002638
