Starting Multiverse JavaAgent
Number of accounts  = 2
Initial amount      = 100000.0
Maximal transfer    = 10
Read-all frequency  = 0%
Write-all frequency = 0%
Read-all threads    = 0
Write-all threads   = 0
Disjoint            = false
Yield               = false

Starting threads... 0
End of warmup phase... 0
End of test phase... 0
Waiting for threads to finish...
All threads returned successfully
RESULTS:

  Warmup duration (ms) = 20001
  Test duration (ms)   = 10000
  Nb iterations        = 38578747
  Stats                = T=38578747, R=0, W=0, TOTAL=200000 [ 0=89632.0 1=110368.0 ]
    0 : 38578747 (T=38578747, R=0, W=0)
--- 20,006 MB collected in 0.066 secs (0.2% of total), longest GC took 0.002 secs
DATA gc:  total_k 20486728  total_secs 0.065739  max_secs 0.002294
