Starting Multiverse JavaAgent
Number of accounts  = 2
Initial amount      = 1000000.0
Maximal transfer    = 10
Read-all frequency  = 0%
Write-all frequency = 0%
Read-all threads    = 0
Write-all threads   = 0
Disjoint            = false
Yield               = false

Starting threads... 0
End of warmup phase... 0
End of test phase... 0
Waiting for threads to finish...
All threads returned successfully
RESULTS:

  Warmup duration (ms) = 4000
  Test duration (ms)   = 10000
  Nb iterations        = 10933806
TOTAL: T=10933806, R=0, W=0

TOTAL=2000000 [ 0=998555.0 1=1001445.0 ]
    0 : 10933806 (T=10933806, R=0, W=0)
--- 13,220 MB collected in 0.030 secs (0.2% of total), longest GC took 0.004 secs
DATA gc:  total_k 13537568  total_secs 0.030005  max_secs 0.003779
