Starting Multiverse JavaAgent
Number of accounts  = 4
Initial amount      = 100000.0
Maximal transfer    = 10
Read-all frequency  = 0%
Write-all frequency = 0%
Read-all threads    = 0
Write-all threads   = 0
Disjoint            = false
Yield               = false

Starting threads... 0 1 2 3
End of warmup phase... 0 1 2 3
End of test phase... 0 1 2 3
Waiting for threads to finish...
All threads returned successfully
RESULTS:

  Warmup duration (ms) = 20000
  Test duration (ms)   = 10000
  Nb iterations        = 32212373
  Stats                = T=32212373, R=0, W=0, TOTAL=400000 [ 0=125099.0 1=111931.0 2=49207.0 3=113763.0 ]
    0 : 19509733 (T=19509733, R=0, W=0)
    1 : 3792642 (T=3792642, R=0, W=0)
    2 : 8909998 (T=8909998, R=0, W=0)
    3 : 0 (T=0, R=0, W=0)
--- 18,143 MB collected in 0.072 secs (0.2% of total), longest GC took 0.003 secs
DATA gc:  total_k 18579232  total_secs 0.072218  max_secs 0.002745
