Starting Multiverse JavaAgent
Number of accounts  = 64
Initial amount      = 100000.0
Maximal transfer    = 10
Read-all frequency  = 0%
Write-all frequency = 0%
Read-all threads    = 0
Write-all threads   = 0
Disjoint            = false
Yield               = false

Starting threads... 0 1 2 3 4 5 6 7 8 9 10 11 12 13 14 15 16 17 18 19 20 21 22 23 24 25 26 27 28 29 30 31 32 33 34 35 36 37 38 39 40 41 42 43 44 45 46 47 48 49 50 51 52 53 54 55 56 57 58 59 60 61 62 63
End of warmup phase... 0 1 2 3 4 5 6 7 8 9 10 11 12 13 14 15 16 17 18 19 20 21 22 23 24 25 26 27 28 29 30 31 32 33 34 35 36 37 38 39 40 41 42 43 44 45 46 47 48 49 50 51 52 53 54 55 56 57 58 59 60 61 62 63
End of test phase... 0 1 2 3 4 5 6 7 8 9 10 11 12 13 14 15 16 17 18 19 20 21 22 23 24 25 26 27 28 29 30 31 32 33 34 35 36 37 38 39 40 41 42 43 44 45 46 47 48 49 50 51 52 53 54 55 56 57 58 59 60 61 62 63
Waiting for threads to finish...
All threads returned successfully
RESULTS:

  Warmup duration (ms) = 20000
  Test duration (ms)   = 10000
  Nb iterations        = 29295397
  Stats                = T=29295397, R=0, W=0, TOTAL=6400000 [ 0=88675.0 1=103090.0 2=101337.0 3=112693.0 4=115813.0 5=99659.0 6=102479.0 7=81587.0 8=111228.0 9=100636.0 10=104571.0 11=86025.0 12=72602.0 13=115214.0 14=114092.0 15=98175.0 16=93003.0 17=103044.0 18=102065.0 19=103322.0 20=100891.0 21=92696.0 22=94556.0 23=95845.0 24=110866.0 25=87784.0 26=110071.0 27=96364.0 28=101269.0 29=96064.0 30=96948.0 31=105656.0 32=99489.0 33=107449.0 34=96922.0 35=90349.0 36=115286.0 37=84937.0 38=102633.0 39=105770.0 40=97248.0 41=98221.0 42=99560.0 43=104192.0 44=97584.0 45=103646.0 46=96399.0 47=90935.0 48=94165.0 49=110193.0 50=126920.0 51=84944.0 52=86341.0 53=106105.0 54=93099.0 55=92674.0 56=119453.0 57=103929.0 58=90263.0 59=110032.0 60=100652.0 61=112536.0 62=85843.0 63=93911.0 ]
    0 : 442439 (T=442439, R=0, W=0)
    1 : 447333 (T=447333, R=0, W=0)
    2 : 473603 (T=473603, R=0, W=0)
    3 : 448035 (T=448035, R=0, W=0)
    4 : 475232 (T=475232, R=0, W=0)
    5 : 441596 (T=441596, R=0, W=0)
    6 : 484085 (T=484085, R=0, W=0)
    7 : 454464 (T=454464, R=0, W=0)
    8 : 460537 (T=460537, R=0, W=0)
    9 : 486532 (T=486532, R=0, W=0)
    10 : 491074 (T=491074, R=0, W=0)
    11 : 432366 (T=432366, R=0, W=0)
    12 : 473685 (T=473685, R=0, W=0)
    13 : 445768 (T=445768, R=0, W=0)
    14 : 440633 (T=440633, R=0, W=0)
    15 : 442237 (T=442237, R=0, W=0)
    16 : 446598 (T=446598, R=0, W=0)
    17 : 444372 (T=444372, R=0, W=0)
    18 : 462896 (T=462896, R=0, W=0)
    19 : 439307 (T=439307, R=0, W=0)
    20 : 494591 (T=494591, R=0, W=0)
    21 : 474283 (T=474283, R=0, W=0)
    22 : 448283 (T=448283, R=0, W=0)
    23 : 485748 (T=485748, R=0, W=0)
    24 : 448306 (T=448306, R=0, W=0)
    25 : 447436 (T=447436, R=0, W=0)
    26 : 467098 (T=467098, R=0, W=0)
    27 : 500964 (T=500964, R=0, W=0)
    28 : 477075 (T=477075, R=0, W=0)
    29 : 457637 (T=457637, R=0, W=0)
    30 : 441860 (T=441860, R=0, W=0)
    31 : 427167 (T=427167, R=0, W=0)
    32 : 472526 (T=472526, R=0, W=0)
    33 : 459656 (T=459656, R=0, W=0)
    34 : 463461 (T=463461, R=0, W=0)
    35 : 466531 (T=466531, R=0, W=0)
    36 : 453166 (T=453166, R=0, W=0)
    37 : 480841 (T=480841, R=0, W=0)
    38 : 475515 (T=475515, R=0, W=0)
    39 : 478264 (T=478264, R=0, W=0)
    40 : 479471 (T=479471, R=0, W=0)
    41 : 467468 (T=467468, R=0, W=0)
    42 : 451933 (T=451933, R=0, W=0)
    43 : 441264 (T=441264, R=0, W=0)
    44 : 454665 (T=454665, R=0, W=0)
    45 : 442731 (T=442731, R=0, W=0)
    46 : 452283 (T=452283, R=0, W=0)
    47 : 452464 (T=452464, R=0, W=0)
    48 : 437444 (T=437444, R=0, W=0)
    49 : 456023 (T=456023, R=0, W=0)
    50 : 430115 (T=430115, R=0, W=0)
    51 : 499367 (T=499367, R=0, W=0)
    52 : 450735 (T=450735, R=0, W=0)
    53 : 459669 (T=459669, R=0, W=0)
    54 : 468073 (T=468073, R=0, W=0)
    55 : 446656 (T=446656, R=0, W=0)
    56 : 466479 (T=466479, R=0, W=0)
    57 : 468306 (T=468306, R=0, W=0)
    58 : 463229 (T=463229, R=0, W=0)
    59 : 435770 (T=435770, R=0, W=0)
    60 : 457075 (T=457075, R=0, W=0)
    61 : 443534 (T=443534, R=0, W=0)
    62 : 436615 (T=436615, R=0, W=0)
    63 : 380828 (T=380828, R=0, W=0)
--- 23,266 MB collected in 0.123 secs (0.4% of total), longest GC took 0.005 secs
DATA gc:  total_k 23824952  total_secs 0.122575  max_secs 0.004982
