Starting Multiverse JavaAgent
Number of accounts  = 256
Initial amount      = 100000.0
Maximal transfer    = 10
Read-all frequency  = 0%
Write-all frequency = 0%
Read-all threads    = 0
Write-all threads   = 0
Disjoint            = false
Yield               = false

Starting threads... 0 1 2 3
End of warmup phase... 0 1 2 3
End of test phase... 0 1 2 3
Waiting for threads to finish...
All threads returned successfully
RESULTS:

  Warmup duration (ms) = 20000
  Test duration (ms)   = 10000
  Nb iterations        = 25403234
  Stats                = T=25403234, R=0, W=0, TOTAL=25600006 [ 0=105307.0 1=106111.0 2=105821.0 3=101110.0 4=98770.0 5=106296.0 6=98259.0 7=100532.0 8=98529.0 9=100728.0 10=100204.0 11=100611.0 12=101493.0 13=107395.0 14=102716.0 15=103263.0 16=96520.0 17=103764.0 18=95967.0 19=97904.0 20=101709.0 21=105833.0 22=113366.0 23=97284.0 24=93797.0 25=99389.0 26=109599.0 27=99330.0 28=99685.0 29=94876.0 30=96448.0 31=99938.0 32=98416.0 33=102341.0 34=99310.0 35=104531.0 36=96246.0 37=91573.0 38=97495.0 39=104139.0 40=96428.0 41=103355.0 42=98179.0 43=98828.0 44=107426.0 45=95705.0 46=98670.0 47=95025.0 48=101632.0 49=99947.0 50=96956.0 51=102864.0 52=108546.0 53=96634.0 54=98335.0 55=96405.0 56=109404.0 57=94730.0 58=100707.0 59=95695.0 60=100293.0 61=103316.0 62=100380.0 63=94612.0 64=98021.0 65=98670.0 66=98475.0 67=98272.0 68=100765.0 69=92830.0 70=93854.0 71=107192.0 72=101273.0 73=100580.0 74=104850.0 75=97483.0 76=96493.0 77=101196.0 78=100520.0 79=97095.0 80=99650.0 81=108933.0 82=107424.0 83=96909.0 84=99024.0 85=98561.0 86=101658.0 87=101684.0 88=100944.0 89=80250.0 90=91737.0 91=91946.0 92=96443.0 93=101085.0 94=103723.0 95=100589.0 96=100017.0 97=105548.0 98=102075.0 99=103279.0 100=99727.0 101=114098.0 102=102148.0 103=99456.0 104=108030.0 105=102844.0 106=103138.0 107=102523.0 108=93496.0 109=103268.0 110=96699.0 111=104815.0 112=100408.0 113=100654.0 114=98378.0 115=102162.0 116=90091.0 117=105506.0 118=100130.0 119=105522.0 120=92267.0 121=97148.0 122=98772.0 123=100735.0 124=108091.0 125=92548.0 126=101415.0 127=99720.0 128=100122.0 129=104064.0 130=96105.0 131=101356.0 132=95636.0 133=105635.0 134=96517.0 135=103834.0 136=96978.0 137=97439.0 138=98602.0 139=96465.0 140=103817.0 141=95799.0 142=99715.0 143=93829.0 144=101969.0 145=101868.0 146=101194.0 147=100788.0 148=113124.0 149=96615.0 150=105630.0 151=97388.0 152=97897.0 153=91049.0 154=97050.0 155=108213.0 156=97789.0 157=93476.0 158=98580.0 159=96663.0 160=102708.0 161=101515.0 162=106502.0 163=101096.0 164=98058.0 165=96280.0 166=104433.0 167=96841.0 168=99291.0 169=98171.0 170=104186.0 171=97555.0 172=94807.0 173=92371.0 174=105620.0 175=98827.0 176=93168.0 177=103122.0 178=95745.0 179=93801.0 180=98566.0 181=99705.0 182=96043.0 183=102900.0 184=103894.0 185=102095.0 186=97490.0 187=94613.0 188=96138.0 189=94800.0 190=97917.0 191=99394.0 192=99751.0 193=99941.0 194=98889.0 195=106298.0 196=95861.0 197=95719.0 198=98349.0 199=100996.0 200=100976.0 201=106846.0 202=106046.0 203=103341.0 204=103218.0 205=94524.0 206=104901.0 207=98301.0 208=90401.0 209=104920.0 210=109526.0 211=90173.0 212=96911.0 213=103038.0 214=103223.0 215=101178.0 216=98680.0 217=93356.0 218=96739.0 219=103960.0 220=100654.0 221=105361.0 222=96688.0 223=103516.0 224=92788.0 225=98477.0 226=105062.0 227=98293.0 228=96831.0 229=101719.0 230=98417.0 231=100661.0 232=105540.0 233=105276.0 234=106147.0 235=98494.0 236=100129.0 237=90593.0 238=95267.0 239=104977.0 240=103476.0 241=94359.0 242=105372.0 243=96384.0 244=105590.0 245=110390.0 246=101786.0 247=96604.0 248=103117.0 249=90765.0 250=96878.0 251=98070.0 252=98631.0 253=92549.0 254=99243.0 255=109462.0 ]
    0 : 6691520 (T=6691520, R=0, W=0)
    1 : 6215038 (T=6215038, R=0, W=0)
    2 : 6490449 (T=6490449, R=0, W=0)
    3 : 6006227 (T=6006227, R=0, W=0)
--- 15,288 MB collected in 0.083 secs (0.3% of total), longest GC took 0.003 secs
DATA gc:  total_k 15655456  total_secs 0.082972  max_secs 0.00316
