Starting Multiverse JavaAgent
Number of accounts  = 128
Initial amount      = 100000.0
Maximal transfer    = 10
Read-all frequency  = 0%
Write-all frequency = 0%
Read-all threads    = 0
Write-all threads   = 0
Disjoint            = false
Yield               = false

Starting threads... 0 1
End of warmup phase... 0 1
End of test phase... 0 1
Waiting for threads to finish...
All threads returned successfully
RESULTS:

  Warmup duration (ms) = 20000
  Test duration (ms)   = 10000
  Nb iterations        = 20396767
  Stats                = T=20396767, R=0, W=0, TOTAL=12800000 [ 0=101690.0 1=96832.0 2=104633.0 3=102597.0 4=102324.0 5=91183.0 6=106053.0 7=117224.0 8=99742.0 9=104702.0 10=102877.0 11=106821.0 12=97730.0 13=93168.0 14=93332.0 15=84818.0 16=97226.0 17=100274.0 18=87002.0 19=101718.0 20=93375.0 21=104172.0 22=95456.0 23=103008.0 24=105731.0 25=103270.0 26=101849.0 27=103695.0 28=103678.0 29=96536.0 30=90105.0 31=98491.0 32=99368.0 33=96911.0 34=102246.0 35=96173.0 36=105401.0 37=102513.0 38=98706.0 39=96749.0 40=95924.0 41=104120.0 42=109737.0 43=86607.0 44=99293.0 45=99672.0 46=106105.0 47=106486.0 48=95746.0 49=96701.0 50=102351.0 51=100161.0 52=99817.0 53=101327.0 54=108163.0 55=103725.0 56=104316.0 57=93640.0 58=100660.0 59=111246.0 60=92357.0 61=100508.0 62=89490.0 63=93176.0 64=105050.0 65=100442.0 66=96623.0 67=93231.0 68=108211.0 69=109804.0 70=104408.0 71=110074.0 72=99092.0 73=96225.0 74=105149.0 75=101138.0 76=112643.0 77=104652.0 78=98025.0 79=109543.0 80=110988.0 81=101798.0 82=109147.0 83=106306.0 84=97353.0 85=95625.0 86=103589.0 87=99310.0 88=95831.0 89=90246.0 90=103603.0 91=102163.0 92=102831.0 93=103532.0 94=97799.0 95=101927.0 96=99613.0 97=91049.0 98=100278.0 99=98751.0 100=104276.0 101=104701.0 102=98967.0 103=101043.0 104=94900.0 105=97751.0 106=112425.0 107=90876.0 108=98030.0 109=97715.0 110=106126.0 111=84832.0 112=99731.0 113=101469.0 114=89759.0 115=102020.0 116=94498.0 117=106154.0 118=94867.0 119=102362.0 120=84455.0 121=100384.0 122=103759.0 123=93464.0 124=86646.0 125=100239.0 126=96356.0 127=95439.0 ]
    0 : 12090363 (T=12090363, R=0, W=0)
    1 : 8306404 (T=8306404, R=0, W=0)
--- 12,312 MB collected in 0.053 secs (0.2% of total), longest GC took 0.003 secs
DATA gc:  total_k 12607920  total_secs 0.053363  max_secs 0.002839
