startup =       4000
elapsed =       10000
threads =       128
accounts =      128
init =          1000000
maxAmount =     10
readFreq =      0
writeFreq =     0
readThreads =   0
writeThreads =  0
disjointTrans = false
yieldALot =     false
flavour =       t

warming up
timed execution

TOTAL=1.27999984E8 [ 1003833.0 995643.0 992256.0 989168.0 1002692.0 1004635.0 994469.0 1003146.0 998314.0 1006009.0 1006064.0 1002363.0 1005099.0 1008159.0 996716.0 1003310.0 996197.0 994690.0 995600.0 1002690.0 995631.0 1002693.0 1000233.0 995466.0 1005032.0 1001892.0 993719.0 994081.0 1008794.0 997959.0 1005469.0 990399.0 1000672.0 1003638.0 997272.0 993012.0 1000436.0 1009331.0 996476.0 999775.0 998695.0 993343.0 993957.0 1001328.0 995135.0 1005727.0 998099.0 1001233.0 1000131.0 994406.0 992149.0 1001195.0 991621.0 1006350.0 995713.0 998530.0 1007412.0 1006831.0 992944.0 1000667.0 996437.0 1000477.0 996661.0 1000789.0 998817.0 997627.0 997732.0 1010398.0 998238.0 997857.0 1007829.0 992594.0 1006930.0 1007908.0 997671.0 1000793.0 1001441.0 1010571.0 992844.0 995265.0 1007341.0 998892.0 995286.0 1005650.0 1006272.0 988086.0 989229.0 994261.0 1004995.0 995211.0 1001814.0 1002835.0 995097.0 999184.0 991669.0 995426.0 1005571.0 996420.0 1011361.0 996196.0 1002446.0 1004626.0 1005405.0 997570.0 993422.0 1013975.0 1005384.0 1006398.0 998800.0 997902.0 1004448.0 1003623.0 1007230.0 1006196.0 995499.0 995917.0 990889.0 990968.0 996819.0 1002875.0 998305.0 1001051.0 1005202.0 1007392.0 998715.0 999480.0 998289.0 1013000.0 ]

10002 actual elapsed

T=434011, R=0, W=0
T=378406, R=0, W=0
T=417179, R=0, W=0
T=442949, R=0, W=0
T=411149, R=0, W=0
T=455004, R=0, W=0
T=455871, R=0, W=0
T=431762, R=0, W=0
T=416594, R=0, W=0
T=509313, R=0, W=0
T=434285, R=0, W=0
T=472699, R=0, W=0
T=474381, R=0, W=0
T=406020, R=0, W=0
T=435489, R=0, W=0
T=444179, R=0, W=0
T=394653, R=0, W=0
T=447591, R=0, W=0
T=428791, R=0, W=0
T=375748, R=0, W=0
T=428865, R=0, W=0
T=423747, R=0, W=0
T=423020, R=0, W=0
T=468821, R=0, W=0
T=489770, R=0, W=0
T=435290, R=0, W=0
T=389990, R=0, W=0
T=419448, R=0, W=0
T=416307, R=0, W=0
T=403164, R=0, W=0
T=415716, R=0, W=0
T=419377, R=0, W=0
T=443887, R=0, W=0
T=430835, R=0, W=0
T=425680, R=0, W=0
T=399244, R=0, W=0
T=423759, R=0, W=0
T=377617, R=0, W=0
T=426201, R=0, W=0
T=468475, R=0, W=0
T=392820, R=0, W=0
T=343375, R=0, W=0
T=445355, R=0, W=0
T=440691, R=0, W=0
T=406512, R=0, W=0
T=395004, R=0, W=0
T=448477, R=0, W=0
T=458648, R=0, W=0
T=376154, R=0, W=0
T=423287, R=0, W=0
T=439992, R=0, W=0
T=499818, R=0, W=0
T=426325, R=0, W=0
T=440399, R=0, W=0
T=475517, R=0, W=0
T=379727, R=0, W=0
T=450839, R=0, W=0
T=428479, R=0, W=0
T=429632, R=0, W=0
T=444575, R=0, W=0
T=390577, R=0, W=0
T=386174, R=0, W=0
T=434906, R=0, W=0
T=398585, R=0, W=0
T=423492, R=0, W=0
T=474655, R=0, W=0
T=385611, R=0, W=0
T=442756, R=0, W=0
T=447804, R=0, W=0
T=383974, R=0, W=0
T=378923, R=0, W=0
T=436947, R=0, W=0
T=405188, R=0, W=0
T=427752, R=0, W=0
T=376152, R=0, W=0
T=477342, R=0, W=0
T=386363, R=0, W=0
T=451204, R=0, W=0
T=407985, R=0, W=0
T=443531, R=0, W=0
T=488102, R=0, W=0
T=355966, R=0, W=0
T=424999, R=0, W=0
T=425306, R=0, W=0
T=440816, R=0, W=0
T=460680, R=0, W=0
T=422241, R=0, W=0
T=421449, R=0, W=0
T=452199, R=0, W=0
T=421087, R=0, W=0
T=419818, R=0, W=0
T=466762, R=0, W=0
T=428004, R=0, W=0
T=399005, R=0, W=0
T=393628, R=0, W=0
T=427890, R=0, W=0
T=345088, R=0, W=0
T=386519, R=0, W=0
T=447369, R=0, W=0
T=367678, R=0, W=0
T=451196, R=0, W=0
T=446521, R=0, W=0
T=385287, R=0, W=0
T=491009, R=0, W=0
T=485167, R=0, W=0
T=485436, R=0, W=0
T=432141, R=0, W=0
T=463358, R=0, W=0
T=448899, R=0, W=0
T=374325, R=0, W=0
T=411562, R=0, W=0
T=438592, R=0, W=0
T=425492, R=0, W=0
T=439038, R=0, W=0
T=395755, R=0, W=0
T=427733, R=0, W=0
T=482128, R=0, W=0
T=370653, R=0, W=0
T=405107, R=0, W=0
T=469152, R=0, W=0
T=416476, R=0, W=0
T=357854, R=0, W=0
T=457369, R=0, W=0
T=425594, R=0, W=0
T=457567, R=0, W=0
T=495588, R=0, W=0
T=490369, R=0, W=0
T=383285, R=0, W=0

TOTAL: T=54708093, R=0, W=0
--- 38,507 MB collected in 0.115 secs (0.8% of total), longest GC took 0.009 secs
DATA gc:  total_k 39431900  total_secs 0.11506  max_secs 0.008681
