startup =       4000
elapsed =       10000
threads =       2
accounts =      128
init =          1000000
maxAmount =     10
readFreq =      0
writeFreq =     0
readThreads =   0
writeThreads =  0
disjointTrans = false
yieldALot =     false
flavour =       d

warming up
timed execution

TOTAL=1.27999984E8 [ 999647.0 999783.0 994651.0 1006299.0 998678.0 995262.0 1005973.0 998475.0 1010506.0 1000177.0 997127.0 1000315.0 999759.0 1000706.0 994998.0 1001953.0 1002162.0 1000311.0 993957.0 996319.0 1002394.0 1000260.0 999926.0 1006105.0 1001141.0 1001696.0 1004352.0 999280.0 997949.0 997752.0 992112.0 993075.0 1003089.0 995889.0 992386.0 1001474.0 997637.0 996014.0 1004571.0 1006764.0 1004959.0 998204.0 994595.0 1007630.0 1001391.0 1005004.0 1005817.0 1000313.0 1004666.0 996481.0 995654.0 1003042.0 997258.0 1007329.0 993530.0 1000638.0 992812.0 999729.0 1000367.0 1000013.0 1001824.0 1000603.0 995418.0 999130.0 992253.0 1001448.0 1002139.0 998103.0 1001339.0 1003352.0 996056.0 1001412.0 993125.0 1002861.0 1002235.0 995046.0 1002803.0 997800.0 1002771.0 996937.0 998715.0 1000186.0 1003773.0 998368.0 999638.0 1005813.0 1000358.0 997867.0 993672.0 1001613.0 997392.0 1004690.0 996513.0 1000018.0 1006205.0 995576.0 997547.0 1002163.0 995112.0 997568.0 1004696.0 1004517.0 1001029.0 1005067.0 992205.0 1002377.0 1000033.0 1001392.0 999025.0 992570.0 1000006.0 1003326.0 1002397.0 1003974.0 1009372.0 999282.0 999714.0 1002251.0 1000979.0 994256.0 996872.0 998034.0 998449.0 1005830.0 1010916.0 993874.0 1000345.0 997414.0 ]

10002 actual elapsed

T=11219137, R=0, W=0
T=8761431, R=0, W=0

TOTAL: T=19980568, R=0, W=0
--- 13,235 MB collected in 0.043 secs (0.3% of total), longest GC took 0.003 secs
DATA gc:  total_k 13552665  total_secs 0.043254  max_secs 0.002735
