startup =       4000
elapsed =       10000
threads =       2
accounts =      2
init =          1000000
maxAmount =     10
readFreq =      0
writeFreq =     0
readThreads =   0
writeThreads =  0
disjointTrans = false
yieldALot =     false
flavour =       rfw

warming up
timed execution

TOTAL=2000000.0 [ 1015098.0 984902.0 ]

10002 actual elapsed

T=3369895, R=0, W=0
T=3606226, R=0, W=0

TOTAL: T=6976121, R=0, W=0
--- 5,619 MB collected in 0.033 secs (0.2% of total), longest GC took 0.002 secs
DATA gc:  total_k 5754281  total_secs 0.032825  max_secs 0.002291
