startup =       4000
elapsed =       10000
threads =       4
accounts =      256
init =          1000000
maxAmount =     10
readFreq =      0
writeFreq =     0
readThreads =   0
writeThreads =  0
disjointTrans = false
yieldALot =     false
flavour =       rfw

warming up
timed execution

TOTAL=2.56000032E8 [ 999405.0 1003486.0 996404.0 998967.0 997284.0 1002119.0 1003757.0 996130.0 1000081.0 996237.0 1001594.0 1002989.0 1005745.0 1002048.0 1001595.0 1004382.0 1005573.0 1000551.0 997219.0 1002820.0 997030.0 1001036.0 999425.0 1004097.0 1004160.0 1005527.0 1000300.0 1002210.0 1001511.0 997201.0 1000802.0 1005115.0 997851.0 996719.0 993904.0 997631.0 997151.0 998803.0 1001377.0 999647.0 1006526.0 999337.0 1001996.0 999360.0 1002243.0 992290.0 1010213.0 998156.0 1000268.0 999956.0 996340.0 1000063.0 1003618.0 996235.0 996923.0 1003264.0 998503.0 1000700.0 998016.0 994898.0 1006217.0 1000082.0 1000490.0 1008325.0 996058.0 998430.0 1004587.0 1001479.0 1005117.0 994810.0 1004084.0 999936.0 1001350.0 998927.0 997098.0 998284.0 996781.0 999739.0 999758.0 995200.0 999200.0 997530.0 999039.0 1002226.0 996330.0 1002973.0 1000999.0 992902.0 1004980.0 1001278.0 996390.0 1004666.0 999610.0 1001321.0 1002666.0 996165.0 997945.0 1000038.0 1001102.0 1006030.0 1002474.0 1009207.0 998250.0 992796.0 1006424.0 1003149.0 1004206.0 1003296.0 997525.0 996016.0 1002561.0 1000256.0 1000604.0 999057.0 998334.0 996798.0 997197.0 1003709.0 990358.0 994457.0 999001.0 999839.0 1002659.0 996850.0 1005052.0 999885.0 1006592.0 1000914.0 998862.0 996335.0 1003875.0 1005506.0 1004589.0 1003675.0 1007010.0 1001856.0 1000513.0 997588.0 998315.0 1004180.0 1002334.0 1000183.0 1002766.0 991339.0 998689.0 1003763.0 993275.0 1000758.0 1003967.0 1004617.0 997813.0 997038.0 999338.0 1001003.0 994317.0 999243.0 997260.0 1001686.0 997528.0 1003205.0 1005913.0 996604.0 996941.0 995916.0 1000224.0 997743.0 1002505.0 994447.0 1000229.0 1002053.0 1003029.0 993720.0 1003136.0 1004633.0 1001171.0 994111.0 1001807.0 1002375.0 997921.0 998455.0 997263.0 1001027.0 1005445.0 1004698.0 1002533.0 999535.0 1000659.0 1000340.0 1002735.0 996561.0 1002910.0 1003954.0 999135.0 1002215.0 1000168.0 996287.0 993741.0 993131.0 1000488.0 1003193.0 995351.0 993928.0 999952.0 1004866.0 995504.0 993426.0 1001888.0 999763.0 997848.0 999988.0 996503.0 998395.0 997308.0 1003131.0 999598.0 1000142.0 998025.0 1002750.0 1000910.0 1001160.0 999804.0 1002844.0 993996.0 1002135.0 993423.0 1000456.0 998662.0 1000637.0 1003575.0 1004272.0 997883.0 1001803.0 1000449.0 1003204.0 1001047.0 1004088.0 1001102.0 998933.0 1002043.0 998768.0 998310.0 997302.0 994357.0 996708.0 1001091.0 997139.0 992891.0 997454.0 1001975.0 998438.0 1002000.0 997052.0 1000918.0 994616.0 996142.0 996274.0 ]

10002 actual elapsed

T=5236697, R=0, W=0
T=7638745, R=0, W=0
T=7393739, R=0, W=0
T=9529103, R=0, W=0

TOTAL: T=29798284, R=0, W=0
--- 23,459 MB collected in 0.038 secs (0.3% of total), longest GC took 0.003 secs
DATA gc:  total_k 24022063  total_secs 0.038215  max_secs 0.002649
