Number of accounts  = 256
Initial amount      = 100000.0
Maximal transfer    = 10
Read-all frequency  = 0%
Write-all frequency = 0%
Read-all threads    = 0
Write-all threads   = 0
Disjoint            = false
Yield               = false

Starting threads... 0 1 2 3
End of warmup phase... 0 1 2 3
End of test phase... 0 1 2 3
Waiting for threads to finish...
All threads returned successfully
RESULTS:

  Warmup duration (ms) = 4000
  Test duration (ms)   = 10000
  Nb iterations        = 39933116
  Stats                = T=39933116, R=0, W=0, TOTAL=25600004 [ 0=98894.0 1=99623.0 2=100890.0 3=103651.0 4=100340.0 5=101212.0 6=105671.0 7=105315.0 8=93110.0 9=104733.0 10=100042.0 11=102944.0 12=104252.0 13=96429.0 14=100753.0 15=103336.0 16=106164.0 17=107672.0 18=101904.0 19=102187.0 20=96216.0 21=100346.0 22=106813.0 23=97947.0 24=98179.0 25=95013.0 26=93885.0 27=103305.0 28=95405.0 29=105624.0 30=100129.0 31=97922.0 32=97611.0 33=100203.0 34=96677.0 35=106062.0 36=99307.0 37=102127.0 38=98535.0 39=97917.0 40=103553.0 41=104564.0 42=98765.0 43=100580.0 44=106347.0 45=104422.0 46=98385.0 47=99391.0 48=106809.0 49=98977.0 50=103252.0 51=105015.0 52=98842.0 53=100057.0 54=101854.0 55=104675.0 56=94295.0 57=98360.0 58=96956.0 59=97253.0 60=98298.0 61=100090.0 62=89949.0 63=103112.0 64=105973.0 65=91636.0 66=101356.0 67=109343.0 68=100154.0 69=101265.0 70=95344.0 71=98023.0 72=96881.0 73=96521.0 74=93616.0 75=96575.0 76=97800.0 77=100996.0 78=100113.0 79=94491.0 80=100220.0 81=94207.0 82=107654.0 83=97738.0 84=98532.0 85=98488.0 86=96529.0 87=97578.0 88=98281.0 89=97902.0 90=103951.0 91=98882.0 92=101132.0 93=105671.0 94=103507.0 95=91988.0 96=103607.0 97=101450.0 98=106950.0 99=99393.0 100=102878.0 101=101355.0 102=92853.0 103=101358.0 104=100793.0 105=100208.0 106=100165.0 107=97827.0 108=103269.0 109=102527.0 110=95619.0 111=95873.0 112=102659.0 113=94951.0 114=98602.0 115=102260.0 116=101273.0 117=93513.0 118=99441.0 119=100793.0 120=108552.0 121=98779.0 122=100726.0 123=99278.0 124=93042.0 125=96573.0 126=106344.0 127=103553.0 128=105374.0 129=104528.0 130=106829.0 131=105543.0 132=104089.0 133=96053.0 134=100105.0 135=100626.0 136=101874.0 137=97853.0 138=103101.0 139=104198.0 140=103654.0 141=99160.0 142=97032.0 143=105223.0 144=107360.0 145=104293.0 146=94895.0 147=97993.0 148=105170.0 149=107178.0 150=96609.0 151=100426.0 152=95725.0 153=101631.0 154=99597.0 155=101819.0 156=99570.0 157=102549.0 158=94759.0 159=103290.0 160=96354.0 161=100866.0 162=102400.0 163=102698.0 164=95431.0 165=105097.0 166=97624.0 167=97615.0 168=94705.0 169=99407.0 170=99051.0 171=98038.0 172=93111.0 173=100715.0 174=100328.0 175=99056.0 176=102104.0 177=95894.0 178=102257.0 179=101705.0 180=99341.0 181=111453.0 182=101518.0 183=100518.0 184=103452.0 185=100912.0 186=96435.0 187=104198.0 188=96993.0 189=90671.0 190=93918.0 191=101026.0 192=101380.0 193=104866.0 194=109688.0 195=91052.0 196=99504.0 197=89731.0 198=101975.0 199=102189.0 200=100712.0 201=95273.0 202=98265.0 203=92684.0 204=98108.0 205=101008.0 206=104590.0 207=104098.0 208=96398.0 209=104352.0 210=99512.0 211=97565.0 212=97331.0 213=97862.0 214=103963.0 215=94718.0 216=101329.0 217=93867.0 218=100980.0 219=102241.0 220=98932.0 221=91539.0 222=96542.0 223=105836.0 224=99076.0 225=104205.0 226=98690.0 227=104118.0 228=93693.0 229=95903.0 230=92169.0 231=88464.0 232=100194.0 233=100227.0 234=98851.0 235=100616.0 236=101503.0 237=98393.0 238=99242.0 239=97850.0 240=91988.0 241=95131.0 242=95775.0 243=105610.0 244=101094.0 245=97735.0 246=97939.0 247=98050.0 248=94510.0 249=96830.0 250=100340.0 251=99987.0 252=102042.0 253=104315.0 254=104704.0 255=108712.0 ]
    0 : 10812780 (T=10812780, R=0, W=0)
    1 : 10640051 (T=10640051, R=0, W=0)
    2 : 9903053 (T=9903053, R=0, W=0)
    3 : 8577232 (T=8577232, R=0, W=0)
--- 20,650 MB collected in 0.033 secs (0.2% of total), longest GC took 0.004 secs
DATA gc:  total_k 21146344  total_secs 0.032664  max_secs 0.004036
