Number of accounts  = 128
Initial amount      = 100000.0
Maximal transfer    = 10
Read-all frequency  = 0%
Write-all frequency = 0%
Read-all threads    = 0
Write-all threads   = 0
Disjoint            = false
Yield               = false

Starting threads... 0 1
End of warmup phase... 0 1
End of test phase... 0 1
Waiting for threads to finish...
All threads returned successfully
RESULTS:

  Warmup duration (ms) = 20000
  Test duration (ms)   = 10000
  Nb iterations        = 18751180
  Stats                = T=18751180, R=0, W=0, TOTAL=12800000 [ 0=92455.0 1=111271.0 2=99724.0 3=108466.0 4=88749.0 5=103992.0 6=93452.0 7=95355.0 8=88990.0 9=92069.0 10=92889.0 11=98850.0 12=97656.0 13=94680.0 14=105469.0 15=96168.0 16=103750.0 17=92083.0 18=98784.0 19=101756.0 20=98990.0 21=99257.0 22=111073.0 23=99756.0 24=99428.0 25=100470.0 26=92258.0 27=102000.0 28=106287.0 29=105955.0 30=94966.0 31=89694.0 32=99300.0 33=99850.0 34=103963.0 35=101034.0 36=102740.0 37=95462.0 38=100505.0 39=94499.0 40=89879.0 41=103244.0 42=99643.0 43=103489.0 44=102403.0 45=98178.0 46=97037.0 47=102578.0 48=108346.0 49=109168.0 50=105733.0 51=99633.0 52=106225.0 53=100283.0 54=100744.0 55=95970.0 56=102848.0 57=95355.0 58=105257.0 59=100550.0 60=88699.0 61=101381.0 62=98088.0 63=103768.0 64=101273.0 65=104070.0 66=100041.0 67=102422.0 68=104856.0 69=99948.0 70=102680.0 71=93492.0 72=98235.0 73=106838.0 74=97718.0 75=116168.0 76=102515.0 77=105080.0 78=99421.0 79=95284.0 80=105082.0 81=101487.0 82=88213.0 83=98881.0 84=99154.0 85=99630.0 86=98942.0 87=94346.0 88=92551.0 89=106452.0 90=106985.0 91=103935.0 92=92967.0 93=98128.0 94=90948.0 95=100625.0 96=97031.0 97=84739.0 98=97242.0 99=100653.0 100=104345.0 101=109283.0 102=94863.0 103=110974.0 104=112487.0 105=97004.0 106=96077.0 107=102484.0 108=114426.0 109=101942.0 110=89197.0 111=94196.0 112=98550.0 113=101338.0 114=98127.0 115=107805.0 116=102135.0 117=95152.0 118=103389.0 119=103057.0 120=114295.0 121=98365.0 122=96425.0 123=105823.0 124=106572.0 125=105163.0 126=87660.0 127=88240.0 ]
    0 : 9489728 (T=9489728, R=0, W=0)
    1 : 9261452 (T=9261452, R=0, W=0)
--- 21,908 MB collected in 0.062 secs (0.2% of total), longest GC took 0.007 secs
DATA gc:  total_k 22434568  total_secs 0.061759  max_secs 0.006787
