Number of accounts  = 32
Initial amount      = 100000.0
Maximal transfer    = 10
Read-all frequency  = 0%
Write-all frequency = 0%
Read-all threads    = 0
Write-all threads   = 0
Disjoint            = false
Yield               = false

Starting threads... 0 1 2 3 4 5 6 7 8 9 10 11 12 13 14 15 16 17 18 19 20 21 22 23 24 25 26 27 28 29 30 31
End of warmup phase... 0 1 2 3 4 5 6 7 8 9 10 11 12 13 14 15 16 17 18 19 20 21 22 23 24 25 26 27 28 29 30 31
End of test phase... 0 1 2 3 4 5 6 7 8 9 10 11 12 13 14 15 16 17 18 19 20 21 22 23 24 25 26 27 28 29 30 31
Waiting for threads to finish...
All threads returned successfully
RESULTS:

  Warmup duration (ms) = 4000
  Test duration (ms)   = 10000
  Nb iterations        = 16625
  Stats                = T=16625, R=0, W=0, TOTAL=3200000 [ 0=100332.0 1=99790.0 2=100108.0 3=100136.0 4=100272.0 5=100459.0 6=99975.0 7=99727.0 8=99732.0 9=99678.0 10=100262.0 11=100093.0 12=99876.0 13=100042.0 14=100027.0 15=100190.0 16=99806.0 17=99851.0 18=100278.0 19=100342.0 20=99944.0 21=99849.0 22=100039.0 23=99779.0 24=100171.0 25=99948.0 26=99764.0 27=99733.0 28=99947.0 29=99979.0 30=100144.0 31=99727.0 ]
    0 : 523 (T=523, R=0, W=0)
    1 : 529 (T=529, R=0, W=0)
    2 : 483 (T=483, R=0, W=0)
    3 : 458 (T=458, R=0, W=0)
    4 : 572 (T=572, R=0, W=0)
    5 : 490 (T=490, R=0, W=0)
    6 : 656 (T=656, R=0, W=0)
    7 : 421 (T=421, R=0, W=0)
    8 : 452 (T=452, R=0, W=0)
    9 : 597 (T=597, R=0, W=0)
    10 : 532 (T=532, R=0, W=0)
    11 : 623 (T=623, R=0, W=0)
    12 : 531 (T=531, R=0, W=0)
    13 : 703 (T=703, R=0, W=0)
    14 : 550 (T=550, R=0, W=0)
    15 : 498 (T=498, R=0, W=0)
    16 : 446 (T=446, R=0, W=0)
    17 : 487 (T=487, R=0, W=0)
    18 : 485 (T=485, R=0, W=0)
    19 : 385 (T=385, R=0, W=0)
    20 : 565 (T=565, R=0, W=0)
    21 : 458 (T=458, R=0, W=0)
    22 : 486 (T=486, R=0, W=0)
    23 : 457 (T=457, R=0, W=0)
    24 : 471 (T=471, R=0, W=0)
    25 : 661 (T=661, R=0, W=0)
    26 : 555 (T=555, R=0, W=0)
    27 : 417 (T=417, R=0, W=0)
    28 : 570 (T=570, R=0, W=0)
    29 : 542 (T=542, R=0, W=0)
    30 : 560 (T=560, R=0, W=0)
    31 : 462 (T=462, R=0, W=0)
--- 25,703 MB collected in 0.065 secs (0.5% of total), longest GC took 0.008 secs
DATA gc:  total_k 26320880  total_secs 0.065083  max_secs 0.007825
