Number of accounts  = 512
Initial amount      = 100000.0
Maximal transfer    = 10
Read-all frequency  = 0%
Write-all frequency = 0%
Read-all threads    = 0
Write-all threads   = 0
Disjoint            = false
Yield               = false

Starting threads... 0 1 2 3 4 5 6 7
End of warmup phase... 0 1 2 3 4 5 6 7
End of test phase... 0 1 2 3 4 5 6 7
Waiting for threads to finish...
All threads returned successfully
RESULTS:

  Warmup duration (ms) = 4000
  Test duration (ms)   = 10000
  Nb iterations        = 59881110
  Stats                = T=59881110, R=0, W=0, TOTAL=51199992 [ 0=102352.0 1=100978.0 2=102569.0 3=96578.0 4=101587.0 5=95725.0 6=102171.0 7=96682.0 8=103963.0 9=106359.0 10=99593.0 11=108224.0 12=98206.0 13=100310.0 14=97994.0 15=96697.0 16=95690.0 17=101064.0 18=102791.0 19=99091.0 20=97913.0 21=102224.0 22=99905.0 23=94545.0 24=102533.0 25=94676.0 26=99710.0 27=95331.0 28=98069.0 29=100053.0 30=101479.0 31=97468.0 32=102438.0 33=97652.0 34=106263.0 35=104324.0 36=92702.0 37=100893.0 38=100588.0 39=103668.0 40=95689.0 41=111009.0 42=101672.0 43=103188.0 44=100821.0 45=95068.0 46=96246.0 47=98196.0 48=96179.0 49=98329.0 50=101265.0 51=99747.0 52=100143.0 53=99893.0 54=96792.0 55=99539.0 56=101190.0 57=101061.0 58=99565.0 59=100541.0 60=101758.0 61=97698.0 62=102685.0 63=102647.0 64=97343.0 65=98924.0 66=98461.0 67=99299.0 68=94914.0 69=99247.0 70=98374.0 71=100565.0 72=100531.0 73=100787.0 74=91576.0 75=101207.0 76=99728.0 77=100433.0 78=105567.0 79=99799.0 80=105701.0 81=96996.0 82=95091.0 83=107437.0 84=96856.0 85=92795.0 86=99407.0 87=97838.0 88=92675.0 89=102660.0 90=105121.0 91=98991.0 92=96079.0 93=99842.0 94=103157.0 95=100379.0 96=98593.0 97=101051.0 98=99590.0 99=103715.0 100=100517.0 101=98995.0 102=102335.0 103=96711.0 104=97768.0 105=99917.0 106=95372.0 107=103488.0 108=101400.0 109=101263.0 110=101732.0 111=98761.0 112=99232.0 113=94347.0 114=105985.0 115=102660.0 116=103515.0 117=104560.0 118=97975.0 119=98350.0 120=103991.0 121=95629.0 122=96828.0 123=96218.0 124=102829.0 125=98753.0 126=104937.0 127=98711.0 128=100592.0 129=97097.0 130=106045.0 131=99492.0 132=105426.0 133=103331.0 134=98214.0 135=95494.0 136=102276.0 137=107255.0 138=98993.0 139=102867.0 140=101193.0 141=101571.0 142=103670.0 143=100610.0 144=105282.0 145=97747.0 146=95292.0 147=99077.0 148=100773.0 149=97778.0 150=97827.0 151=97128.0 152=98877.0 153=100821.0 154=97348.0 155=103243.0 156=108222.0 157=97272.0 158=100692.0 159=103295.0 160=101011.0 161=103366.0 162=106777.0 163=99068.0 164=102081.0 165=95021.0 166=93117.0 167=103427.0 168=97872.0 169=100832.0 170=100110.0 171=106868.0 172=110068.0 173=94487.0 174=98395.0 175=100400.0 176=95665.0 177=102300.0 178=102287.0 179=102754.0 180=92435.0 181=101345.0 182=101804.0 183=102523.0 184=103865.0 185=97480.0 186=98169.0 187=101440.0 188=108487.0 189=102016.0 190=104900.0 191=101577.0 192=97960.0 193=101339.0 194=104571.0 195=91957.0 196=93508.0 197=103897.0 198=105549.0 199=103249.0 200=105420.0 201=104645.0 202=102455.0 203=105543.0 204=98918.0 205=95766.0 206=100769.0 207=100016.0 208=92553.0 209=96000.0 210=100688.0 211=104364.0 212=106120.0 213=95982.0 214=99902.0 215=101948.0 216=93993.0 217=97211.0 218=98249.0 219=101460.0 220=104909.0 221=99564.0 222=98797.0 223=103826.0 224=104662.0 225=102020.0 226=99512.0 227=98705.0 228=97995.0 229=105197.0 230=97030.0 231=105598.0 232=97523.0 233=101911.0 234=95734.0 235=100738.0 236=95400.0 237=101488.0 238=98269.0 239=98199.0 240=101422.0 241=100184.0 242=97858.0 243=94001.0 244=96647.0 245=102950.0 246=96915.0 247=98500.0 248=101562.0 249=102617.0 250=96886.0 251=97835.0 252=94223.0 253=100528.0 254=100669.0 255=101447.0 256=96187.0 257=100399.0 258=103272.0 259=90307.0 260=99307.0 261=96758.0 262=99425.0 263=106277.0 264=98602.0 265=100394.0 266=100644.0 267=96416.0 268=98764.0 269=99359.0 270=97844.0 271=102820.0 272=100885.0 273=106133.0 274=103997.0 275=98382.0 276=99377.0 277=99704.0 278=102372.0 279=99263.0 280=95578.0 281=93380.0 282=98741.0 283=100094.0 284=107022.0 285=102305.0 286=94726.0 287=99759.0 288=100390.0 289=100269.0 290=100282.0 291=98263.0 292=94673.0 293=109279.0 294=97847.0 295=95716.0 296=103400.0 297=101198.0 298=99913.0 299=98520.0 300=101865.0 301=100707.0 302=96913.0 303=103160.0 304=98820.0 305=98657.0 306=98595.0 307=101932.0 308=102177.0 309=103377.0 310=94794.0 311=94380.0 312=98768.0 313=98048.0 314=101952.0 315=100388.0 316=98168.0 317=98971.0 318=95442.0 319=102012.0 320=98156.0 321=103673.0 322=92771.0 323=106354.0 324=102021.0 325=97407.0 326=105592.0 327=102442.0 328=97757.0 329=103616.0 330=100596.0 331=96547.0 332=98812.0 333=103376.0 334=103626.0 335=99057.0 336=98050.0 337=96940.0 338=105336.0 339=102640.0 340=108798.0 341=101858.0 342=95333.0 343=100951.0 344=99449.0 345=101277.0 346=98233.0 347=99259.0 348=96464.0 349=97244.0 350=95005.0 351=102341.0 352=104264.0 353=102705.0 354=102008.0 355=96340.0 356=97996.0 357=98049.0 358=99198.0 359=99266.0 360=100913.0 361=98908.0 362=100185.0 363=99478.0 364=96700.0 365=99383.0 366=95565.0 367=98705.0 368=98982.0 369=105718.0 370=96498.0 371=100079.0 372=100803.0 373=103655.0 374=103467.0 375=97489.0 376=95671.0 377=92776.0 378=98547.0 379=95131.0 380=99353.0 381=101437.0 382=99576.0 383=99909.0 384=94582.0 385=97375.0 386=98401.0 387=94250.0 388=101365.0 389=103650.0 390=106847.0 391=95151.0 392=99974.0 393=98082.0 394=98056.0 395=100297.0 396=103009.0 397=105006.0 398=99409.0 399=98895.0 400=104465.0 401=96012.0 402=97919.0 403=105544.0 404=101751.0 405=100773.0 406=99648.0 407=100054.0 408=101591.0 409=97051.0 410=100194.0 411=105066.0 412=95723.0 413=96752.0 414=97306.0 415=105446.0 416=101676.0 417=103476.0 418=97364.0 419=99152.0 420=101723.0 421=106918.0 422=108416.0 423=94239.0 424=104174.0 425=99560.0 426=99378.0 427=98913.0 428=101343.0 429=103998.0 430=102735.0 431=102449.0 432=103558.0 433=96330.0 434=103948.0 435=97999.0 436=102045.0 437=97901.0 438=102396.0 439=104753.0 440=96113.0 441=104687.0 442=103059.0 443=96820.0 444=98503.0 445=103486.0 446=100242.0 447=98081.0 448=101989.0 449=94631.0 450=95856.0 451=96122.0 452=98468.0 453=98155.0 454=100463.0 455=98689.0 456=99638.0 457=100583.0 458=99505.0 459=99890.0 460=106240.0 461=98836.0 462=98137.0 463=103262.0 464=102967.0 465=97502.0 466=90886.0 467=97608.0 468=98592.0 469=100387.0 470=100081.0 471=103859.0 472=96705.0 473=101593.0 474=100707.0 475=108862.0 476=98778.0 477=102060.0 478=96121.0 479=97796.0 480=99559.0 481=102034.0 482=99411.0 483=97405.0 484=98107.0 485=99115.0 486=99768.0 487=98683.0 488=97512.0 489=92682.0 490=96887.0 491=97061.0 492=101286.0 493=99922.0 494=97663.0 495=101696.0 496=96786.0 497=108836.0 498=99932.0 499=103017.0 500=100136.0 501=99953.0 502=95030.0 503=98683.0 504=100972.0 505=92977.0 506=103511.0 507=101130.0 508=100330.0 509=97630.0 510=99780.0 511=97756.0 ]
    0 : 7811661 (T=7811661, R=0, W=0)
    1 : 7350368 (T=7350368, R=0, W=0)
    2 : 7417255 (T=7417255, R=0, W=0)
    3 : 7381884 (T=7381884, R=0, W=0)
    4 : 7773011 (T=7773011, R=0, W=0)
    5 : 7375396 (T=7375396, R=0, W=0)
    6 : 7851434 (T=7851434, R=0, W=0)
    7 : 6920101 (T=6920101, R=0, W=0)
--- 15,281 MB collected in 0.084 secs (0.7% of total), longest GC took 0.013 secs
DATA gc:  total_k 15648614  total_secs 0.08439  max_secs 0.012774
