Number of accounts  = 2
Initial amount      = 100000.0
Maximal transfer    = 10
Read-all frequency  = 0%
Write-all frequency = 0%
Read-all threads    = 0
Write-all threads   = 0
Disjoint            = false
Yield               = false

Starting threads... 0
End of warmup phase... 0
End of test phase... 0
Waiting for threads to finish...
All threads returned successfully
RESULTS:

  Warmup duration (ms) = 4000
  Test duration (ms)   = 10000
  Nb iterations        = 16248165
  Stats                = T=16248165, R=0, W=0, TOTAL=200000 [ 0=119542.0 1=80458.0 ]
    0 : 16248165 (T=16248165, R=0, W=0)
--- 3,690 MB collected in 0.063 secs (0.5% of total), longest GC took 0.009 secs
DATA gc:  total_k 3778880  total_secs 0.063406  max_secs 0.009071
