Number of accounts  = 512
Initial amount      = 100000.0
Maximal transfer    = 10
Read-all frequency  = 0%
Write-all frequency = 0%
Read-all threads    = 0
Write-all threads   = 0
Disjoint            = false
Yield               = false

Starting threads... 0 1 2 3 4 5 6 7
End of warmup phase... 0 1 2 3 4 5 6 7
End of test phase... 0 1 2 3 4 5 6 7
Waiting for threads to finish...
All threads returned successfully
RESULTS:

  Warmup duration (ms) = 4000
  Test duration (ms)   = 10000
  Nb iterations        = 63934337
  Stats                = T=63934337, R=0, W=0, TOTAL=51200012 [ 0=98344.0 1=99114.0 2=91143.0 3=93174.0 4=97802.0 5=105140.0 6=103245.0 7=97019.0 8=93823.0 9=99282.0 10=98190.0 11=101322.0 12=102746.0 13=99523.0 14=99002.0 15=98904.0 16=104528.0 17=97206.0 18=105481.0 19=94270.0 20=99949.0 21=104014.0 22=102872.0 23=106203.0 24=104699.0 25=101103.0 26=100605.0 27=100945.0 28=99617.0 29=99256.0 30=107157.0 31=107342.0 32=96973.0 33=99844.0 34=93323.0 35=99725.0 36=89308.0 37=95725.0 38=99116.0 39=99413.0 40=104981.0 41=101888.0 42=100876.0 43=104183.0 44=103625.0 45=104104.0 46=107177.0 47=100471.0 48=98942.0 49=99384.0 50=100491.0 51=101699.0 52=100755.0 53=105686.0 54=95929.0 55=100424.0 56=94948.0 57=98753.0 58=99988.0 59=103006.0 60=99539.0 61=97011.0 62=100638.0 63=99581.0 64=92434.0 65=100992.0 66=99760.0 67=101862.0 68=96676.0 69=96155.0 70=102159.0 71=102504.0 72=92931.0 73=98571.0 74=108647.0 75=103457.0 76=96355.0 77=99211.0 78=97754.0 79=102639.0 80=104148.0 81=101679.0 82=97822.0 83=103112.0 84=107610.0 85=97789.0 86=99615.0 87=103319.0 88=93710.0 89=102013.0 90=102075.0 91=101104.0 92=101818.0 93=93852.0 94=97711.0 95=98743.0 96=105391.0 97=104278.0 98=100903.0 99=99972.0 100=102685.0 101=100088.0 102=100343.0 103=99243.0 104=102925.0 105=101535.0 106=102491.0 107=91911.0 108=98477.0 109=103116.0 110=103632.0 111=97433.0 112=101226.0 113=106705.0 114=100489.0 115=97288.0 116=103207.0 117=105498.0 118=106093.0 119=97948.0 120=101837.0 121=97967.0 122=96884.0 123=93961.0 124=96738.0 125=102246.0 126=101474.0 127=99172.0 128=102531.0 129=96554.0 130=96937.0 131=92261.0 132=103971.0 133=104675.0 134=99047.0 135=102127.0 136=96190.0 137=102081.0 138=99928.0 139=98247.0 140=104338.0 141=100582.0 142=99218.0 143=100382.0 144=97561.0 145=102872.0 146=104131.0 147=106670.0 148=98271.0 149=100560.0 150=95907.0 151=99308.0 152=97267.0 153=101368.0 154=95228.0 155=100982.0 156=99282.0 157=101028.0 158=101615.0 159=102554.0 160=102418.0 161=101923.0 162=100398.0 163=102688.0 164=95786.0 165=100663.0 166=99509.0 167=93329.0 168=97168.0 169=103785.0 170=102268.0 171=95712.0 172=95127.0 173=99021.0 174=95761.0 175=109000.0 176=101224.0 177=101596.0 178=102172.0 179=97634.0 180=101706.0 181=101782.0 182=101149.0 183=98290.0 184=99604.0 185=100232.0 186=104787.0 187=109478.0 188=96498.0 189=90968.0 190=100881.0 191=96305.0 192=101339.0 193=94896.0 194=104387.0 195=94704.0 196=96560.0 197=99414.0 198=92059.0 199=96222.0 200=100536.0 201=97240.0 202=97198.0 203=97137.0 204=95604.0 205=105680.0 206=98129.0 207=94527.0 208=101667.0 209=102575.0 210=98184.0 211=96773.0 212=94080.0 213=99355.0 214=99035.0 215=96875.0 216=99014.0 217=100215.0 218=101772.0 219=99219.0 220=93550.0 221=102156.0 222=103551.0 223=105643.0 224=100660.0 225=101452.0 226=99722.0 227=105428.0 228=93638.0 229=97834.0 230=96999.0 231=100626.0 232=99836.0 233=98313.0 234=106692.0 235=99945.0 236=102099.0 237=97983.0 238=100684.0 239=99919.0 240=96033.0 241=100262.0 242=101899.0 243=104669.0 244=92422.0 245=95657.0 246=99518.0 247=102741.0 248=98316.0 249=97243.0 250=96625.0 251=98903.0 252=106768.0 253=95232.0 254=101294.0 255=100905.0 256=102506.0 257=95856.0 258=96125.0 259=104548.0 260=106510.0 261=94694.0 262=94278.0 263=99743.0 264=97021.0 265=99464.0 266=100145.0 267=100557.0 268=95040.0 269=101373.0 270=94020.0 271=97949.0 272=101910.0 273=101221.0 274=98837.0 275=100010.0 276=100626.0 277=98902.0 278=99985.0 279=108026.0 280=96008.0 281=104131.0 282=100997.0 283=100605.0 284=107107.0 285=99263.0 286=105586.0 287=96533.0 288=99746.0 289=97826.0 290=97102.0 291=101820.0 292=102365.0 293=102969.0 294=95710.0 295=101265.0 296=98341.0 297=104293.0 298=95482.0 299=97154.0 300=102244.0 301=97844.0 302=107919.0 303=102998.0 304=98880.0 305=97143.0 306=97269.0 307=101963.0 308=99304.0 309=100758.0 310=100236.0 311=100809.0 312=105355.0 313=107420.0 314=99765.0 315=104445.0 316=104167.0 317=99547.0 318=100411.0 319=99086.0 320=96840.0 321=100393.0 322=104876.0 323=97815.0 324=104203.0 325=101964.0 326=100128.0 327=98652.0 328=92521.0 329=101761.0 330=101379.0 331=106630.0 332=99305.0 333=99264.0 334=91519.0 335=104739.0 336=99960.0 337=98750.0 338=97267.0 339=99547.0 340=94701.0 341=103771.0 342=101478.0 343=105536.0 344=97191.0 345=98035.0 346=106110.0 347=97889.0 348=95665.0 349=100796.0 350=102993.0 351=102499.0 352=93049.0 353=98344.0 354=98212.0 355=94515.0 356=98499.0 357=102064.0 358=99042.0 359=97925.0 360=97415.0 361=99882.0 362=102382.0 363=102916.0 364=101774.0 365=99887.0 366=103120.0 367=95665.0 368=97988.0 369=105920.0 370=102646.0 371=107651.0 372=111467.0 373=106720.0 374=104604.0 375=100708.0 376=102805.0 377=105293.0 378=99815.0 379=103460.0 380=99985.0 381=99361.0 382=104431.0 383=101412.0 384=103814.0 385=95629.0 386=100772.0 387=97004.0 388=95600.0 389=99353.0 390=101741.0 391=103170.0 392=99560.0 393=96629.0 394=107984.0 395=98135.0 396=96938.0 397=95038.0 398=95965.0 399=105714.0 400=91478.0 401=102241.0 402=103266.0 403=96887.0 404=104091.0 405=107231.0 406=103833.0 407=92948.0 408=96607.0 409=102383.0 410=97294.0 411=95947.0 412=95194.0 413=103558.0 414=95933.0 415=99550.0 416=99670.0 417=97932.0 418=101902.0 419=88999.0 420=95517.0 421=100251.0 422=95341.0 423=93707.0 424=102310.0 425=95445.0 426=101142.0 427=98949.0 428=109522.0 429=104217.0 430=95167.0 431=102190.0 432=96843.0 433=103307.0 434=95690.0 435=105117.0 436=94246.0 437=99224.0 438=93912.0 439=104818.0 440=107986.0 441=96823.0 442=104665.0 443=97768.0 444=96146.0 445=99305.0 446=99169.0 447=98348.0 448=91918.0 449=100847.0 450=96873.0 451=98638.0 452=103809.0 453=97770.0 454=102468.0 455=102230.0 456=107758.0 457=100396.0 458=94684.0 459=95306.0 460=104267.0 461=104300.0 462=103331.0 463=104437.0 464=99060.0 465=94554.0 466=104831.0 467=91995.0 468=104323.0 469=94595.0 470=97548.0 471=102609.0 472=100408.0 473=104051.0 474=99929.0 475=94192.0 476=99219.0 477=99078.0 478=101595.0 479=103705.0 480=99984.0 481=95165.0 482=103041.0 483=99748.0 484=95957.0 485=94018.0 486=101829.0 487=99547.0 488=99467.0 489=95527.0 490=98542.0 491=102952.0 492=99912.0 493=99443.0 494=101641.0 495=100105.0 496=104947.0 497=107258.0 498=103417.0 499=97483.0 500=96555.0 501=101687.0 502=98735.0 503=99318.0 504=98391.0 505=94666.0 506=91995.0 507=98453.0 508=102961.0 509=100554.0 510=100703.0 511=109757.0 ]
    0 : 8173734 (T=8173734, R=0, W=0)
    1 : 8210811 (T=8210811, R=0, W=0)
    2 : 8443660 (T=8443660, R=0, W=0)
    3 : 8308963 (T=8308963, R=0, W=0)
    4 : 8015344 (T=8015344, R=0, W=0)
    5 : 8009190 (T=8009190, R=0, W=0)
    6 : 7474471 (T=7474471, R=0, W=0)
    7 : 7298164 (T=7298164, R=0, W=0)
--- 32,908 MB collected in 0.045 secs (0.3% of total), longest GC took 0.006 secs
DATA gc:  total_k 33698184  total_secs 0.044807  max_secs 0.005705
