Number of accounts  = 512
Initial amount      = 100000.0
Maximal transfer    = 10
Read-all frequency  = 0%
Write-all frequency = 0%
Read-all threads    = 0
Write-all threads   = 0
Disjoint            = false
Yield               = false

Starting threads... 0 1 2 3 4 5 6 7
End of warmup phase... 0 1 2 3 4 5 6 7
End of test phase... 0 1 2 3 4 5 6 7
Waiting for threads to finish...
All threads returned successfully
RESULTS:

  Warmup duration (ms) = 20000
  Test duration (ms)   = 10000
  Nb iterations        = 59168376
  Stats                = T=59168376, R=0, W=0, TOTAL=51200028 [ 0=106828.0 1=99235.0 2=102127.0 3=107783.0 4=99059.0 5=108893.0 6=95809.0 7=93751.0 8=101277.0 9=98356.0 10=92827.0 11=99985.0 12=104624.0 13=106185.0 14=96732.0 15=103027.0 16=104333.0 17=98258.0 18=108902.0 19=96075.0 20=96617.0 21=90906.0 22=108978.0 23=97471.0 24=106765.0 25=105038.0 26=101627.0 27=98362.0 28=104222.0 29=105664.0 30=94656.0 31=94868.0 32=96467.0 33=95613.0 34=101972.0 35=94170.0 36=101626.0 37=101610.0 38=97340.0 39=96674.0 40=95923.0 41=97313.0 42=100348.0 43=108040.0 44=96359.0 45=92471.0 46=98609.0 47=91894.0 48=94114.0 49=101638.0 50=98096.0 51=90414.0 52=93133.0 53=94011.0 54=102083.0 55=109342.0 56=105480.0 57=100377.0 58=94486.0 59=96129.0 60=106073.0 61=97398.0 62=94599.0 63=104399.0 64=103279.0 65=101537.0 66=92166.0 67=102372.0 68=96334.0 69=98812.0 70=105564.0 71=101519.0 72=90194.0 73=93223.0 74=94636.0 75=101417.0 76=88633.0 77=103127.0 78=103934.0 79=99686.0 80=106165.0 81=97991.0 82=101452.0 83=100205.0 84=97547.0 85=97809.0 86=97742.0 87=105605.0 88=101293.0 89=109731.0 90=104191.0 91=96467.0 92=99132.0 93=96888.0 94=101195.0 95=95403.0 96=99729.0 97=103044.0 98=99600.0 99=99691.0 100=94979.0 101=98146.0 102=100894.0 103=103200.0 104=100152.0 105=101934.0 106=96649.0 107=103374.0 108=99972.0 109=95049.0 110=97196.0 111=95463.0 112=105325.0 113=96404.0 114=102132.0 115=100588.0 116=98858.0 117=105080.0 118=98951.0 119=102503.0 120=94677.0 121=96406.0 122=101952.0 123=95917.0 124=107576.0 125=103525.0 126=103112.0 127=92088.0 128=99775.0 129=96709.0 130=105429.0 131=98969.0 132=99298.0 133=99979.0 134=107643.0 135=92737.0 136=92352.0 137=97483.0 138=97482.0 139=96446.0 140=95685.0 141=95006.0 142=102001.0 143=100235.0 144=100390.0 145=102716.0 146=88686.0 147=94249.0 148=107979.0 149=96701.0 150=103063.0 151=104392.0 152=108430.0 153=107018.0 154=97363.0 155=105097.0 156=104124.0 157=103016.0 158=101384.0 159=99766.0 160=94341.0 161=99579.0 162=92696.0 163=95217.0 164=92506.0 165=92828.0 166=90774.0 167=102979.0 168=100619.0 169=91038.0 170=106874.0 171=91370.0 172=106284.0 173=100259.0 174=101814.0 175=94536.0 176=104286.0 177=105967.0 178=109305.0 179=104698.0 180=99073.0 181=98540.0 182=86280.0 183=103320.0 184=86432.0 185=106803.0 186=93483.0 187=97068.0 188=93095.0 189=105658.0 190=98986.0 191=99538.0 192=105464.0 193=113073.0 194=103033.0 195=103614.0 196=103921.0 197=102829.0 198=96704.0 199=97690.0 200=98572.0 201=94796.0 202=100935.0 203=104810.0 204=93609.0 205=101524.0 206=112845.0 207=96019.0 208=95671.0 209=102576.0 210=101456.0 211=95768.0 212=96444.0 213=103048.0 214=101512.0 215=104550.0 216=97040.0 217=99835.0 218=92765.0 219=95741.0 220=97552.0 221=110181.0 222=105655.0 223=100763.0 224=96215.0 225=97487.0 226=95221.0 227=101121.0 228=105891.0 229=92668.0 230=96615.0 231=102744.0 232=101626.0 233=93537.0 234=90408.0 235=101390.0 236=95862.0 237=96541.0 238=98759.0 239=100160.0 240=96676.0 241=101048.0 242=102549.0 243=101112.0 244=102023.0 245=103271.0 246=97327.0 247=102148.0 248=98527.0 249=101016.0 250=104483.0 251=94438.0 252=106336.0 253=102126.0 254=93677.0 255=98115.0 256=105778.0 257=101292.0 258=96164.0 259=101275.0 260=103498.0 261=92181.0 262=94878.0 263=102797.0 264=105067.0 265=105883.0 266=98406.0 267=95061.0 268=105961.0 269=97323.0 270=106972.0 271=94659.0 272=101565.0 273=110632.0 274=105977.0 275=97028.0 276=100586.0 277=97524.0 278=101939.0 279=107649.0 280=104232.0 281=97484.0 282=103280.0 283=95457.0 284=102095.0 285=102952.0 286=101983.0 287=93592.0 288=93131.0 289=100891.0 290=95467.0 291=96221.0 292=106674.0 293=90669.0 294=91948.0 295=97422.0 296=102184.0 297=103755.0 298=98596.0 299=98566.0 300=101027.0 301=88473.0 302=103683.0 303=94160.0 304=103076.0 305=98220.0 306=101128.0 307=106533.0 308=97669.0 309=94289.0 310=102160.0 311=93890.0 312=103379.0 313=99300.0 314=106257.0 315=91356.0 316=93878.0 317=99077.0 318=95881.0 319=106380.0 320=99561.0 321=103522.0 322=100246.0 323=101559.0 324=91437.0 325=101589.0 326=101902.0 327=100225.0 328=95693.0 329=100908.0 330=110833.0 331=98987.0 332=97214.0 333=101197.0 334=113268.0 335=100097.0 336=91691.0 337=106118.0 338=92312.0 339=97283.0 340=96073.0 341=100977.0 342=102740.0 343=102681.0 344=95801.0 345=102546.0 346=102269.0 347=92521.0 348=102210.0 349=94726.0 350=110514.0 351=98888.0 352=102746.0 353=98168.0 354=97824.0 355=99318.0 356=95062.0 357=95797.0 358=97906.0 359=97805.0 360=91392.0 361=98245.0 362=89957.0 363=95079.0 364=103562.0 365=103171.0 366=103784.0 367=98279.0 368=98407.0 369=108146.0 370=90146.0 371=103021.0 372=101096.0 373=93085.0 374=98424.0 375=99116.0 376=99472.0 377=102666.0 378=94172.0 379=102366.0 380=94475.0 381=98311.0 382=99445.0 383=89013.0 384=111233.0 385=95049.0 386=108866.0 387=91299.0 388=87932.0 389=102984.0 390=99229.0 391=105685.0 392=103938.0 393=100694.0 394=94147.0 395=101837.0 396=108552.0 397=106361.0 398=98363.0 399=101459.0 400=102026.0 401=102064.0 402=102816.0 403=97374.0 404=97492.0 405=109868.0 406=105791.0 407=99328.0 408=105438.0 409=90678.0 410=97973.0 411=98847.0 412=99686.0 413=108927.0 414=92016.0 415=95112.0 416=92635.0 417=106779.0 418=97181.0 419=103765.0 420=107557.0 421=108905.0 422=103483.0 423=104709.0 424=97188.0 425=95983.0 426=91418.0 427=100373.0 428=98982.0 429=103029.0 430=103582.0 431=94193.0 432=94644.0 433=109346.0 434=98652.0 435=107563.0 436=97211.0 437=116255.0 438=96754.0 439=108874.0 440=99776.0 441=100786.0 442=107990.0 443=99877.0 444=102168.0 445=104225.0 446=102683.0 447=102733.0 448=109552.0 449=99205.0 450=100735.0 451=104711.0 452=101011.0 453=107626.0 454=100066.0 455=103143.0 456=106244.0 457=93335.0 458=99775.0 459=95578.0 460=108701.0 461=104489.0 462=106003.0 463=104371.0 464=92187.0 465=96859.0 466=104251.0 467=88918.0 468=100485.0 469=103845.0 470=107142.0 471=99645.0 472=105854.0 473=93765.0 474=99380.0 475=105513.0 476=104414.0 477=101532.0 478=95199.0 479=103232.0 480=96967.0 481=107395.0 482=106405.0 483=104545.0 484=98284.0 485=103859.0 486=110386.0 487=102171.0 488=100131.0 489=94523.0 490=110690.0 491=91562.0 492=111082.0 493=101976.0 494=99399.0 495=109620.0 496=101503.0 497=99749.0 498=101577.0 499=105429.0 500=94291.0 501=100692.0 502=87463.0 503=107255.0 504=93664.0 505=103122.0 506=100414.0 507=95448.0 508=97590.0 509=98153.0 510=92207.0 511=103948.0 ]
    0 : 8118772 (T=8118772, R=0, W=0)
    1 : 8126520 (T=8126520, R=0, W=0)
    2 : 7767794 (T=7767794, R=0, W=0)
    3 : 8124137 (T=8124137, R=0, W=0)
    4 : 7777716 (T=7777716, R=0, W=0)
    5 : 8123396 (T=8123396, R=0, W=0)
    6 : 5730735 (T=5730735, R=0, W=0)
    7 : 5399306 (T=5399306, R=0, W=0)
--- 69,901 MB collected in 0.090 secs (0.3% of total), longest GC took 0.007 secs
DATA gc:  total_k 71579432  total_secs 0.089786  max_secs 0.00658
