Number of accounts  = 2
Initial amount      = 100000.0
Maximal transfer    = 10
Read-all frequency  = 0%
Write-all frequency = 0%
Read-all threads    = 0
Write-all threads   = 0
Disjoint            = false
Yield               = false

Starting threads... 0 1
End of warmup phase... 0 1
End of test phase... 0 1
Waiting for threads to finish...
All threads returned successfully
RESULTS:

  Warmup duration (ms) = 20001
  Test duration (ms)   = 10000
  Nb iterations        = 3884098
  Stats                = T=3884098, R=0, W=0, TOTAL=200000 [ 0=86554.0 1=113446.0 ]
    0 : 2072367 (T=2072367, R=0, W=0)
    1 : 1811731 (T=1811731, R=0, W=0)
--- 12,804 MB collected in 0.060 secs (0.2% of total), longest GC took 0.007 secs
DATA gc:  total_k 13111704  total_secs 0.060055  max_secs 0.007025
