TL2CM Initialized:
Contention Manager: Polka busy-waiting [C=10]
Number of accounts  = 64
Initial amount      = 100000.0
Maximal transfer    = 10
Read-all frequency  = 0%
Write-all frequency = 0%
Read-all threads    = 0
Write-all threads   = 0
Disjoint            = false
Yield               = false

Starting threads... 0 1 2 3 4 5 6 7 8 9 10 11 12 13 14 15 16 17 18 19 20 21 22 23 24 25 26 27 28 29 30 31 32 33 34 35 36 37 38 39 40 41 42 43 44 45 46 47 48 49 50 51 52 53 54 55 56 57 58 59 60 61 62 63
End of warmup phase... 0 1 2 3 4 5 6 7 8 9 10 11 12 13 14 15 16 17 18 19 20 21 22 23 24 25 26 27 28 29 30 31 32 33 34 35 36 37 38 39 40 41 42 43 44 45 46 47 48 49 50 51 52 53 54 55 56 57 58 59 60 61 62 63
End of test phase... 0 1 2 3 4 5 6 7 8 9 10 11 12 13 14 15 16 17 18 19 20 21 22 23 24 25 26 27 28 29 30 31 32 33 34 35 36 37 38 39 40 41 42 43 44 45 46 47 48 49 50 51 52 53 54 55 56 57 58 59 60 61 62 63
Waiting for threads to finish...
All threads returned successfully
RESULTS:

  Warmup duration (ms) = 20000
  Test duration (ms)   = 10000
  Nb iterations        = 2864674
  Stats                = T=2864674, R=0, W=0, TOTAL=6466312 [ 0=98105.0 1=100682.0 2=104063.0 3=106491.0 4=95439.0 5=104086.0 6=95424.0 7=100140.0 8=103062.0 9=105144.0 10=94701.0 11=104140.0 12=99748.0 13=102583.0 14=102078.0 15=103664.0 16=98239.0 17=105304.0 18=100600.0 19=103651.0 20=104089.0 21=101633.0 22=107170.0 23=94658.0 24=103534.0 25=101912.0 26=108209.0 27=97178.0 28=104544.0 29=103567.0 30=99962.0 31=103597.0 32=104351.0 33=96860.0 34=104998.0 35=99067.0 36=97528.0 37=106774.0 38=100118.0 39=100543.0 40=102599.0 41=95807.0 42=101959.0 43=102354.0 44=93999.0 45=99766.0 46=104739.0 47=96514.0 48=98125.0 49=98606.0 50=96713.0 51=97585.0 52=101111.0 53=99881.0 54=101189.0 55=103038.0 56=99467.0 57=103154.0 58=98462.0 59=96404.0 60=102450.0 61=96112.0 62=102655.0 63=105987.0 ]
    0 : 61388 (T=61388, R=0, W=0)
    1 : 53358 (T=53358, R=0, W=0)
    2 : 53551 (T=53551, R=0, W=0)
    3 : 55300 (T=55300, R=0, W=0)
    4 : 43266 (T=43266, R=0, W=0)
    5 : 42337 (T=42337, R=0, W=0)
    6 : 43503 (T=43503, R=0, W=0)
    7 : 44280 (T=44280, R=0, W=0)
    8 : 41229 (T=41229, R=0, W=0)
    9 : 43227 (T=43227, R=0, W=0)
    10 : 32391 (T=32391, R=0, W=0)
    11 : 54326 (T=54326, R=0, W=0)
    12 : 44261 (T=44261, R=0, W=0)
    13 : 52734 (T=52734, R=0, W=0)
    14 : 49088 (T=49088, R=0, W=0)
    15 : 42378 (T=42378, R=0, W=0)
    16 : 49199 (T=49199, R=0, W=0)
    17 : 39198 (T=39198, R=0, W=0)
    18 : 38551 (T=38551, R=0, W=0)
    19 : 44870 (T=44870, R=0, W=0)
    20 : 30913 (T=30913, R=0, W=0)
    21 : 24983 (T=24983, R=0, W=0)
    22 : 44619 (T=44619, R=0, W=0)
    23 : 46259 (T=46259, R=0, W=0)
    24 : 37951 (T=37951, R=0, W=0)
    25 : 51121 (T=51121, R=0, W=0)
    26 : 45156 (T=45156, R=0, W=0)
    27 : 44746 (T=44746, R=0, W=0)
    28 : 42710 (T=42710, R=0, W=0)
    29 : 43312 (T=43312, R=0, W=0)
    30 : 47498 (T=47498, R=0, W=0)
    31 : 47651 (T=47651, R=0, W=0)
    32 : 44591 (T=44591, R=0, W=0)
    33 : 36063 (T=36063, R=0, W=0)
    34 : 37533 (T=37533, R=0, W=0)
    35 : 33867 (T=33867, R=0, W=0)
    36 : 46580 (T=46580, R=0, W=0)
    37 : 54552 (T=54552, R=0, W=0)
    38 : 55487 (T=55487, R=0, W=0)
    39 : 44113 (T=44113, R=0, W=0)
    40 : 43841 (T=43841, R=0, W=0)
    41 : 44814 (T=44814, R=0, W=0)
    42 : 42200 (T=42200, R=0, W=0)
    43 : 57387 (T=57387, R=0, W=0)
    44 : 45366 (T=45366, R=0, W=0)
    45 : 42891 (T=42891, R=0, W=0)
    46 : 39225 (T=39225, R=0, W=0)
    47 : 41196 (T=41196, R=0, W=0)
    48 : 50315 (T=50315, R=0, W=0)
    49 : 38207 (T=38207, R=0, W=0)
    50 : 47740 (T=47740, R=0, W=0)
    51 : 50801 (T=50801, R=0, W=0)
    52 : 38059 (T=38059, R=0, W=0)
    53 : 51250 (T=51250, R=0, W=0)
    54 : 33311 (T=33311, R=0, W=0)
    55 : 41898 (T=41898, R=0, W=0)
    56 : 36652 (T=36652, R=0, W=0)
    57 : 36456 (T=36456, R=0, W=0)
    58 : 41538 (T=41538, R=0, W=0)
    59 : 65379 (T=65379, R=0, W=0)
    60 : 46544 (T=46544, R=0, W=0)
    61 : 41689 (T=41689, R=0, W=0)
    62 : 41632 (T=41632, R=0, W=0)
    63 : 58143 (T=58143, R=0, W=0)
--- 5,731 MB collected in 0.186 secs (0.7% of total), longest GC took 0.053 secs
DATA gc:  total_k 5869273  total_secs 0.186142  max_secs 0.053379
