Starting Multiverse JavaAgent
Number of accounts  = 128
Initial amount      = 100000.0
Maximal transfer    = 10
Read-all frequency  = 0%
Write-all frequency = 0%
Read-all threads    = 0
Write-all threads   = 0
Disjoint            = false
Yield               = false

Starting threads... 0 1
End of warmup phase... 0 1
End of test phase... 0 1
Waiting for threads to finish...
All threads returned successfully
RESULTS:

  Warmup duration (ms) = 4000
  Test duration (ms)   = 10000
  Nb iterations        = 17580381
  Stats                = T=17580381, R=0, W=0, TOTAL=12800000 [ 0=93735.0 1=95998.0 2=96133.0 3=104079.0 4=95675.0 5=101605.0 6=95547.0 7=100598.0 8=99756.0 9=98097.0 10=100217.0 11=101068.0 12=94435.0 13=103509.0 14=99496.0 15=102489.0 16=100698.0 17=98623.0 18=100999.0 19=99278.0 20=103652.0 21=99003.0 22=105756.0 23=95027.0 24=95632.0 25=95774.0 26=102307.0 27=97428.0 28=100286.0 29=100258.0 30=100874.0 31=98881.0 32=100413.0 33=98180.0 34=105718.0 35=101600.0 36=98586.0 37=105771.0 38=108195.0 39=99430.0 40=94656.0 41=98351.0 42=100552.0 43=96715.0 44=105401.0 45=98059.0 46=102132.0 47=100378.0 48=102865.0 49=95350.0 50=98457.0 51=96048.0 52=102842.0 53=104795.0 54=97747.0 55=99915.0 56=95849.0 57=97697.0 58=100193.0 59=98724.0 60=95580.0 61=96275.0 62=100506.0 63=101376.0 64=96801.0 65=102031.0 66=102335.0 67=99378.0 68=90541.0 69=100453.0 70=102232.0 71=102835.0 72=99725.0 73=97866.0 74=101702.0 75=102225.0 76=96851.0 77=103612.0 78=95282.0 79=93734.0 80=101612.0 81=104696.0 82=99147.0 83=99619.0 84=98221.0 85=99953.0 86=97920.0 87=104478.0 88=99419.0 89=97575.0 90=97881.0 91=101980.0 92=105057.0 93=99747.0 94=99384.0 95=100318.0 96=103584.0 97=97601.0 98=98502.0 99=95286.0 100=102155.0 101=105099.0 102=101047.0 103=99903.0 104=101531.0 105=101176.0 106=101530.0 107=99003.0 108=101566.0 109=96247.0 110=99696.0 111=99721.0 112=99921.0 113=103510.0 114=98105.0 115=97700.0 116=98242.0 117=101479.0 118=97669.0 119=99322.0 120=100737.0 121=106917.0 122=106705.0 123=109622.0 124=99190.0 125=99469.0 126=103376.0 127=104510.0 ]
    0 : 7097118 (T=7097118, R=0, W=0)
    1 : 10483263 (T=10483263, R=0, W=0)
--- 4,995 MB collected in 0.023 secs (0.2% of total), longest GC took 0.002 secs
DATA gc:  total_k 5114992  total_secs 0.023233  max_secs 0.002381
