startup =       4000
elapsed =       10000
threads =       64
accounts =      64
init =          1000000
maxAmount =     10
readFreq =      0
writeFreq =     0
readThreads =   0
writeThreads =  0
disjointTrans = false
yieldALot =     false
flavour =       t

warming up
timed execution

TOTAL=6.4E7 [ 967273.0 998116.0 970975.0 944286.0 1011119.0 1004452.0 1021749.0 963428.0 968692.0 1037492.0 1018330.0 1022383.0 987634.0 1015171.0 991694.0 1002884.0 961631.0 965052.0 983195.0 1018978.0 1013010.0 979133.0 979272.0 1026962.0 994608.0 995573.0 996953.0 975078.0 1008893.0 990042.0 1008810.0 951408.0 1035042.0 982508.0 1015808.0 1050068.0 965663.0 1011728.0 1021871.0 1013772.0 990177.0 987125.0 960948.0 952335.0 994546.0 1076408.0 1038253.0 1031494.0 1007901.0 1044242.0 1031509.0 1039375.0 1038138.0 949712.0 1029972.0 970085.0 1048910.0 980167.0 999443.0 985118.0 977591.0 993768.0 1029449.0 972598.0 ]

10001 actual elapsed

T=540406, R=0, W=0
T=515788, R=0, W=0
T=556914, R=0, W=0
T=559059, R=0, W=0
T=517793, R=0, W=0
T=558111, R=0, W=0
T=542133, R=0, W=0
T=548375, R=0, W=0
T=533998, R=0, W=0
T=566766, R=0, W=0
T=530389, R=0, W=0
T=576562, R=0, W=0
T=622626, R=0, W=0
T=508034, R=0, W=0
T=581389, R=0, W=0
T=579551, R=0, W=0
T=527525, R=0, W=0
T=587871, R=0, W=0
T=557575, R=0, W=0
T=555387, R=0, W=0
T=529645, R=0, W=0
T=572553, R=0, W=0
T=581984, R=0, W=0
T=585932, R=0, W=0
T=595923, R=0, W=0
T=543280, R=0, W=0
T=546120, R=0, W=0
T=545228, R=0, W=0
T=521175, R=0, W=0
T=548970, R=0, W=0
T=567812, R=0, W=0
T=575130, R=0, W=0
T=517612, R=0, W=0
T=548686, R=0, W=0
T=553865, R=0, W=0
T=537425, R=0, W=0
T=537467, R=0, W=0
T=519148, R=0, W=0
T=551240, R=0, W=0
T=602272, R=0, W=0
T=599273, R=0, W=0
T=506333, R=0, W=0
T=518322, R=0, W=0
T=571585, R=0, W=0
T=545737, R=0, W=0
T=566952, R=0, W=0
T=525687, R=0, W=0
T=536438, R=0, W=0
T=538811, R=0, W=0
T=509903, R=0, W=0
T=588512, R=0, W=0
T=524538, R=0, W=0
T=544962, R=0, W=0
T=570079, R=0, W=0
T=580282, R=0, W=0
T=555561, R=0, W=0
T=544356, R=0, W=0
T=548572, R=0, W=0
T=565369, R=0, W=0
T=567371, R=0, W=0
T=572258, R=0, W=0
T=546639, R=0, W=0
T=554935, R=0, W=0
T=471221, R=0, W=0

TOTAL: T=35301415, R=0, W=0
--- 30,763 MB collected in 0.127 secs (0.9% of total), longest GC took 0.005 secs
DATA gc:  total_k 31501608  total_secs 0.127351  max_secs 0.004506
