startup =       20000
elapsed =       10000
threads =       8
accounts =      512
init =          1000000
maxAmount =     10
readFreq =      0
writeFreq =     0
readThreads =   0
writeThreads =  0
disjointTrans = false
yieldALot =     false
flavour =       rfw

warming up
timed execution

TOTAL=5.12000224E8 [ 1000887.0 997368.0 999443.0 1000934.0 1002092.0 1005351.0 1001751.0 997170.0 1000499.0 1000120.0 1000030.0 997253.0 998596.0 1001635.0 997827.0 998733.0 996643.0 1003156.0 998698.0 1001625.0 1001095.0 997214.0 999602.0 1000171.0 1001432.0 995968.0 1001006.0 997788.0 998700.0 1002301.0 1000767.0 1000388.0 1000223.0 1002538.0 1000565.0 1000479.0 1002355.0 998406.0 998703.0 997127.0 997529.0 999631.0 999111.0 1001377.0 999644.0 997418.0 997070.0 1004413.0 999966.0 1002231.0 996652.0 1002138.0 998355.0 1002449.0 999793.0 1001503.0 999732.0 998652.0 1001745.0 1000043.0 1000724.0 998868.0 999863.0 1003012.0 1000879.0 1002888.0 998067.0 1003245.0 1002175.0 1003382.0 997582.0 997588.0 999786.0 1001230.0 1000939.0 1002526.0 1000402.0 1000642.0 998407.0 994426.0 997007.0 998749.0 999597.0 1004609.0 1000543.0 1000444.0 999796.0 996593.0 1000682.0 1001777.0 997780.0 999956.0 999107.0 999826.0 1000726.0 1004613.0 1000641.0 1001325.0 997355.0 995668.0 999998.0 1002218.0 1001282.0 1000040.0 999627.0 1000797.0 1001198.0 999058.0 1000552.0 1002161.0 996975.0 1003567.0 1001614.0 998426.0 1000455.0 1003634.0 1002146.0 997349.0 1002490.0 1001024.0 998997.0 1002047.0 997251.0 999842.0 998654.0 999075.0 1001593.0 1002834.0 1000504.0 999755.0 1002758.0 1002056.0 999319.0 1000840.0 998462.0 998198.0 1001637.0 1001651.0 998489.0 1002547.0 1000588.0 1002771.0 1000721.0 1002724.0 1002202.0 998526.0 1000037.0 999618.0 1001751.0 999438.0 996977.0 998020.0 999865.0 1001156.0 999087.0 998329.0 1003551.0 1002178.0 998705.0 1000408.0 996939.0 1000398.0 999699.0 1000042.0 1003706.0 999544.0 1001773.0 996775.0 1002348.0 998690.0 998850.0 998553.0 1000387.0 1004307.0 997473.0 1001990.0 1001162.0 1001401.0 1002135.0 993803.0 1000043.0 997484.0 1002209.0 996369.0 998811.0 1000832.0 1003759.0 1001756.0 999751.0 1002925.0 998168.0 999954.0 1001616.0 1000660.0 995938.0 998720.0 1002857.0 1000827.0 1002853.0 1000581.0 1000170.0 1003908.0 999537.0 1001111.0 1003971.0 996306.0 1000537.0 999361.0 1000795.0 999803.0 999548.0 999819.0 999188.0 1000544.0 1001290.0 1001806.0 998608.0 998892.0 1002921.0 1004588.0 1000526.0 998996.0 1000379.0 999340.0 1000337.0 1001476.0 1001115.0 999952.0 998464.0 999219.0 1002818.0 997036.0 1001610.0 1003784.0 997862.0 999227.0 996504.0 997772.0 1001473.0 997904.0 1001686.0 997252.0 1000649.0 1001465.0 1001031.0 1002728.0 999861.0 998819.0 998253.0 999607.0 1002402.0 998265.0 1001897.0 999512.0 998947.0 1000384.0 999097.0 997432.0 1001145.0 1001258.0 998815.0 1000850.0 999518.0 999440.0 997892.0 1000195.0 999339.0 999205.0 1001877.0 998984.0 1001611.0 998551.0 1001491.0 999093.0 1000955.0 1000332.0 999841.0 1000398.0 999375.0 999701.0 1000233.0 999920.0 1000250.0 998690.0 1002085.0 1002627.0 1000476.0 1000264.0 997294.0 1002011.0 1000776.0 999588.0 999784.0 999324.0 1000053.0 1000059.0 999765.0 999150.0 998267.0 997106.0 1002755.0 1001602.0 997598.0 1001086.0 1003005.0 1000163.0 1000057.0 1001939.0 1000031.0 1001050.0 1000468.0 999662.0 998950.0 996794.0 995625.0 1000641.0 998709.0 1002480.0 996981.0 1000577.0 1000921.0 1001571.0 999747.0 998444.0 1000393.0 998740.0 998962.0 997738.0 1001855.0 1000933.0 1003189.0 1001267.0 999583.0 999571.0 1001936.0 1002843.0 999423.0 1001788.0 998959.0 999162.0 998880.0 997044.0 996667.0 1001511.0 1000689.0 999571.0 999000.0 997264.0 998962.0 1000830.0 997401.0 999723.0 999582.0 1000997.0 999880.0 998196.0 1002432.0 999780.0 998732.0 999244.0 998033.0 998034.0 1004412.0 999344.0 1001550.0 1002175.0 1000637.0 998856.0 999547.0 999428.0 1000206.0 1000047.0 997358.0 1002000.0 999675.0 1000909.0 1002864.0 1001072.0 998253.0 999585.0 1000544.0 1000954.0 997992.0 998628.0 1001991.0 999796.0 1001047.0 997312.0 998002.0 997438.0 1001603.0 1001149.0 1000071.0 998261.0 996617.0 1002159.0 1000140.0 998455.0 999807.0 998983.0 1002854.0 998325.0 1005140.0 1000649.0 1000436.0 1000420.0 1002635.0 1000277.0 1002195.0 997670.0 996555.0 997532.0 999133.0 1000092.0 999802.0 1001076.0 999037.0 1001575.0 997703.0 999257.0 998098.0 997956.0 998990.0 998502.0 997745.0 1001405.0 1003554.0 998835.0 1000970.0 1000111.0 999446.0 995154.0 998477.0 999443.0 998691.0 999046.0 997385.0 1002255.0 1002869.0 1000537.0 1001075.0 997611.0 998540.0 1001320.0 1001368.0 1002392.0 999058.0 999526.0 998976.0 999087.0 999188.0 999989.0 998490.0 1001400.0 1005308.0 998233.0 999892.0 998028.0 997390.0 1000183.0 1002006.0 1001508.0 1001546.0 999716.0 998239.0 995545.0 997337.0 1001209.0 1003905.0 997320.0 996059.0 998012.0 1000842.0 998751.0 1002642.0 995636.0 997882.0 1001120.0 1000586.0 997935.0 1002071.0 999713.0 1001831.0 998218.0 1000350.0 998102.0 1000255.0 1000758.0 1000620.0 994041.0 997998.0 1000981.0 1006147.0 998151.0 998353.0 1002544.0 998371.0 1003816.0 1000576.0 997359.0 1002384.0 997703.0 999605.0 999664.0 998022.0 993310.0 1003429.0 999840.0 1001714.0 999564.0 1001950.0 998613.0 ]

10024 actual elapsed

T=1177527, R=0, W=0
T=1116808, R=0, W=0
T=1155416, R=0, W=0
T=1101324, R=0, W=0
T=1226258, R=0, W=0
T=1063005, R=0, W=0
T=1161250, R=0, W=0
T=1203208, R=0, W=0

TOTAL: T=9204796, R=0, W=0
--- 8686 MB collected in 0.851 secs (2.7% of total), longest GC took 0.165 secs
DATA gc:  total_k 8895065  total_secs 0.850528  max_secs 0.164575
