startup =       4000
elapsed =       10000
threads =       64
accounts =      2048
init =          1000000
maxAmount =     10
readFreq =      0
writeFreq =     0
readThreads =   0
writeThreads =  0
disjointTrans = false
yieldALot =     false
flavour =       rfw

warming up
timed execution

TOTAL=2.04799885E9 [ 995547.0 1002541.0 993880.0 995871.0 1009874.0 1012313.0 1006828.0 1004889.0 998689.0 989310.0 996918.0 996754.0 1005853.0 1008125.0 996721.0 995566.0 1001067.0 1004980.0 1009418.0 997107.0 1006207.0 986441.0 992905.0 1008994.0 998433.0 992682.0 1015813.0 1000203.0 1018219.0 999955.0 1007860.0 1002459.0 993824.0 1001916.0 1008376.0 999792.0 996382.0 986611.0 999946.0 996982.0 998895.0 990640.0 993129.0 996416.0 1008966.0 1001212.0 998790.0 1000159.0 1006276.0 1001108.0 993324.0 1003380.0 999022.0 1009711.0 999732.0 1016887.0 992589.0 994494.0 1001447.0 996470.0 1000415.0 993138.0 997459.0 1000851.0 1008856.0 1007353.0 995024.0 1002830.0 994253.0 1002938.0 1001200.0 984111.0 987954.0 1001615.0 1003941.0 1008490.0 1006072.0 997323.0 995692.0 1000423.0 1008368.0 997798.0 1003811.0 995102.0 994561.0 1008197.0 1015541.0 994463.0 1000104.0 991089.0 995954.0 1001909.0 1002892.0 1007908.0 991491.0 987615.0 996392.0 993943.0 1007453.0 1000610.0 1012146.0 997504.0 1013673.0 992266.0 1006975.0 1000833.0 1003249.0 1009274.0 992616.0 1007216.0 990212.0 995811.0 994854.0 989020.0 997387.0 1002884.0 994114.0 996134.0 998809.0 994267.0 1005131.0 993040.0 984640.0 1010723.0 998564.0 1001601.0 991052.0 997253.0 993912.0 990281.0 988949.0 1000192.0 989215.0 996221.0 1001435.0 1000363.0 999942.0 1007395.0 996584.0 1013019.0 1013058.0 1002998.0 1002874.0 996863.0 1016444.0 996877.0 1004930.0 1001106.0 999131.0 994082.0 993535.0 1007662.0 1011983.0 992622.0 994121.0 1003464.0 991918.0 1004923.0 1014360.0 1003687.0 1005133.0 1007242.0 997008.0 1006674.0 1015461.0 1005569.0 1006837.0 1006037.0 991792.0 988610.0 998412.0 1000456.0 1011657.0 1009376.0 991859.0 995992.0 993911.0 982506.0 992594.0 998251.0 1008901.0 986284.0 991880.0 1003792.0 983220.0 994855.0 994107.0 1000121.0 1002419.0 1006031.0 1002669.0 995818.0 986291.0 1002608.0 992105.0 991960.0 1000484.0 994577.0 998989.0 999137.0 997604.0 995094.0 1001377.0 990103.0 995952.0 1009780.0 997737.0 999943.0 997350.0 1006210.0 1014569.0 999972.0 997700.0 1011385.0 1008578.0 990204.0 997954.0 1002534.0 997353.0 999272.0 994066.0 1017421.0 1002577.0 1000975.0 1008685.0 1004731.0 1007833.0 1009024.0 990797.0 1008640.0 999070.0 993725.0 1000334.0 988753.0 996576.0 991953.0 996758.0 992979.0 997285.0 1009851.0 986707.0 1003571.0 986911.0 1008599.0 1004039.0 997637.0 992408.0 996065.0 995437.0 1003258.0 1002590.0 995320.0 987272.0 1000230.0 1001850.0 992795.0 1002547.0 995364.0 996357.0 1003564.0 1007556.0 993797.0 992829.0 1004688.0 1001895.0 1003372.0 999588.0 1001435.0 1001270.0 1013543.0 992974.0 999215.0 987920.0 1003923.0 1004610.0 1002441.0 1003159.0 1011473.0 987700.0 999815.0 989353.0 999476.0 988839.0 1005902.0 989543.0 1002085.0 1007955.0 990179.0 1003186.0 996700.0 994180.0 994460.0 1022222.0 989509.0 1001789.0 1014850.0 1010384.0 993710.0 999015.0 991307.0 1008394.0 1001435.0 993230.0 988744.0 987647.0 999277.0 998835.0 995516.0 997904.0 1004277.0 997939.0 990566.0 1005822.0 993305.0 996402.0 1001275.0 995798.0 989636.0 996647.0 999981.0 1000229.0 999162.0 992840.0 1008134.0 1001926.0 992484.0 998160.0 1002714.0 987808.0 993144.0 994655.0 994935.0 1002183.0 1002080.0 1014217.0 1002165.0 998524.0 996617.0 1004495.0 995150.0 1010860.0 998474.0 988764.0 998031.0 1002801.0 1002127.0 999165.0 1001557.0 997083.0 1007497.0 994132.0 993570.0 1005142.0 998478.0 1003519.0 1009892.0 987909.0 990483.0 1005438.0 992482.0 1000217.0 1001064.0 995138.0 980426.0 995485.0 994842.0 1002609.0 1006912.0 1000740.0 1010978.0 999057.0 1003076.0 1013146.0 998977.0 996852.0 1000909.0 998913.0 989451.0 994119.0 1008890.0 1006116.0 996742.0 998092.0 1000862.0 996820.0 990150.0 1011888.0 995992.0 1002565.0 1001357.0 1000579.0 996942.0 1013989.0 992409.0 1000160.0 999269.0 996455.0 998445.0 994935.0 996686.0 1010701.0 999707.0 990611.0 1003282.0 999102.0 999120.0 986662.0 1000860.0 999620.0 1002291.0 993198.0 994523.0 987759.0 1012724.0 991414.0 1000539.0 994309.0 999593.0 1008445.0 994939.0 1008960.0 995916.0 1008604.0 1006798.0 991225.0 1001370.0 1002219.0 1005270.0 997525.0 992750.0 999633.0 1006767.0 1002174.0 991192.0 998382.0 1001568.0 991252.0 996102.0 1012273.0 998042.0 1001153.0 998755.0 1013569.0 1002554.0 995387.0 980936.0 997691.0 1001357.0 998971.0 1003571.0 1006370.0 1014822.0 1005464.0 1002310.0 1007902.0 1007467.0 998527.0 991945.0 1003863.0 999368.0 997105.0 992497.0 990461.0 995408.0 1004399.0 1014082.0 989682.0 1005868.0 1003545.0 997373.0 1013273.0 986566.0 992078.0 1001620.0 1004917.0 1003617.0 997598.0 999665.0 1004819.0 979219.0 988207.0 1005674.0 1000904.0 1012147.0 1000599.0 1003542.0 1000298.0 1001909.0 999842.0 1000783.0 994472.0 991741.0 987285.0 993927.0 989974.0 1001166.0 1001951.0 1005950.0 1003954.0 990412.0 999908.0 999944.0 1010135.0 1002624.0 998444.0 1000158.0 995279.0 1007644.0 999786.0 987806.0 995954.0 996142.0 997392.0 988046.0 998062.0 998602.0 987508.0 995087.0 1007295.0 1010202.0 998636.0 1005296.0 1003590.0 987634.0 1006281.0 989555.0 1007957.0 1008102.0 999436.0 1001883.0 995915.0 1010996.0 991920.0 1003349.0 996677.0 1000051.0 998966.0 993281.0 1008435.0 997855.0 991686.0 1000666.0 1006149.0 1010653.0 1006453.0 997587.0 1006516.0 996641.0 1001632.0 1010580.0 1003788.0 1001894.0 994437.0 1001312.0 994951.0 1003959.0 1001619.0 1002619.0 995875.0 1003890.0 998943.0 1004699.0 992830.0 1005379.0 999686.0 995189.0 993142.0 1001613.0 996535.0 994772.0 1005148.0 1009858.0 991363.0 992836.0 1007752.0 1005297.0 998035.0 985633.0 992175.0 1004134.0 1002256.0 1006330.0 1002701.0 992048.0 1004845.0 1004152.0 1000748.0 996534.0 992046.0 1001574.0 989334.0 1005079.0 990534.0 999356.0 1009346.0 1003317.0 997645.0 999229.0 995316.0 996795.0 1003692.0 1000995.0 988064.0 1009669.0 995598.0 999693.0 984019.0 998837.0 1009168.0 991524.0 1013378.0 1003351.0 1007715.0 1013396.0 997236.0 1004605.0 991612.0 1001473.0 989415.0 994181.0 1011411.0 1002909.0 1014474.0 999720.0 1000871.0 993346.0 1001855.0 995620.0 1008754.0 1001466.0 1002909.0 1010412.0 999601.0 1000954.0 1010509.0 1003124.0 998790.0 1007195.0 1002526.0 993079.0 1001446.0 995916.0 992015.0 1001376.0 996215.0 1010363.0 1000681.0 993383.0 998049.0 995061.0 1003613.0 1006820.0 1008252.0 998770.0 1006325.0 1006763.0 996814.0 1008695.0 981028.0 994875.0 1000160.0 998055.0 1005456.0 998639.0 993940.0 1000548.0 1006816.0 992956.0 1012033.0 1014485.0 1002867.0 995773.0 1005342.0 1009842.0 991748.0 1001459.0 1004284.0 1006598.0 1012922.0 1006934.0 988255.0 1007497.0 996507.0 1002230.0 989942.0 1004724.0 1002454.0 1009949.0 990324.0 1005682.0 1002456.0 999130.0 1006300.0 996436.0 998778.0 1000617.0 1007617.0 1006396.0 1008825.0 1010915.0 998237.0 986721.0 991963.0 992268.0 1003670.0 1001162.0 996931.0 1000732.0 1009467.0 1000895.0 1006478.0 997368.0 999712.0 1009493.0 1004030.0 995935.0 1002255.0 992970.0 1003702.0 1005150.0 996915.0 1005139.0 1012521.0 1012704.0 1001251.0 997812.0 1011860.0 994784.0 1000039.0 995487.0 997740.0 1000129.0 998023.0 1005133.0 1002663.0 1000675.0 1003261.0 990911.0 996348.0 995501.0 1001472.0 992460.0 1005086.0 1006754.0 990328.0 997385.0 1003315.0 992650.0 1017790.0 996236.0 998459.0 1001403.0 991833.0 991963.0 1000885.0 997373.0 1005745.0 997482.0 1000061.0 1002179.0 1004744.0 1007983.0 993901.0 1010882.0 1001615.0 991827.0 993883.0 1000552.0 1003517.0 995755.0 990215.0 1000715.0 991530.0 1011449.0 989896.0 1010140.0 1004561.0 998343.0 1001138.0 1001410.0 994969.0 996955.0 1006297.0 995190.0 996276.0 1010774.0 997959.0 1009270.0 994510.0 1002293.0 1005875.0 999429.0 1006377.0 992200.0 1016554.0 999067.0 1008328.0 996239.0 1000511.0 991175.0 978073.0 1000449.0 993853.0 997179.0 996015.0 1002638.0 993612.0 999981.0 1004716.0 1001882.0 1005801.0 997038.0 982424.0 996344.0 1006719.0 997005.0 995025.0 996792.0 994553.0 998075.0 1009249.0 1000801.0 994193.0 1003064.0 1009296.0 998265.0 1002187.0 992014.0 999115.0 991722.0 1000096.0 988869.0 1003043.0 1009542.0 1001288.0 994376.0 1000601.0 996110.0 989065.0 1003424.0 987668.0 1018191.0 993622.0 992310.0 1008631.0 1008012.0 1001028.0 986598.0 987074.0 1001421.0 1004256.0 1008712.0 1008944.0 988228.0 996908.0 995473.0 992858.0 988199.0 998204.0 1002316.0 990619.0 992329.0 1001805.0 997721.0 1008006.0 993480.0 1001256.0 998403.0 998544.0 1003830.0 995021.0 994307.0 1016413.0 998123.0 1007731.0 1009943.0 990058.0 998648.0 998946.0 1013733.0 998425.0 998322.0 1013969.0 997762.0 1002391.0 1002981.0 994359.0 995942.0 989931.0 1016707.0 996461.0 999877.0 1000626.0 1006391.0 1006408.0 1010341.0 998230.0 986023.0 999623.0 989698.0 998633.0 1014253.0 1001523.0 1000344.0 1016577.0 994728.0 1005859.0 998273.0 1001714.0 1011214.0 991950.0 996026.0 1000162.0 1006907.0 1005806.0 1000338.0 1017255.0 1005886.0 996326.0 988236.0 991761.0 1001107.0 1000054.0 1014414.0 1005833.0 1005260.0 987162.0 1011072.0 988314.0 996009.0 1003408.0 999098.0 990423.0 996885.0 1000781.0 994093.0 999346.0 999279.0 1006736.0 997391.0 1004478.0 1005099.0 1000972.0 1005726.0 1002939.0 998817.0 999585.0 995474.0 1004892.0 991663.0 992991.0 1003400.0 1007959.0 995494.0 1002033.0 1005958.0 999685.0 1000162.0 1004321.0 1015444.0 983500.0 995917.0 995228.0 987078.0 1014714.0 1000499.0 991754.0 990049.0 1008084.0 1006545.0 996621.0 997405.0 998958.0 1001559.0 1006006.0 986900.0 987956.0 1005512.0 987798.0 994297.0 995409.0 1001285.0 993286.0 996312.0 995811.0 1002499.0 1006486.0 1001610.0 1009792.0 1002906.0 1000905.0 1009156.0 993590.0 1005966.0 995887.0 1002212.0 997695.0 996351.0 988336.0 1006777.0 993952.0 1002948.0 1003264.0 1007641.0 1008741.0 993202.0 1002574.0 1005623.0 1007362.0 1005069.0 1007710.0 1002557.0 986460.0 1006261.0 993939.0 993781.0 990633.0 988575.0 990273.0 1001074.0 993878.0 1004115.0 1007419.0 1010000.0 1003592.0 1006911.0 1006949.0 992729.0 992649.0 1004777.0 1001219.0 1002572.0 1000951.0 997497.0 978702.0 1005330.0 1005870.0 999933.0 991904.0 980470.0 1003844.0 1001069.0 1000063.0 988817.0 1000347.0 994752.0 1001286.0 1002271.0 1002721.0 1008423.0 1004083.0 997092.0 993414.0 989655.0 1001788.0 1002036.0 984639.0 1004150.0 1003327.0 1000762.0 1006052.0 1002338.0 996234.0 997579.0 998027.0 1007674.0 1001064.0 999842.0 1001001.0 999863.0 1000084.0 998319.0 1000664.0 1007417.0 1014475.0 1012363.0 1002883.0 1001855.0 993916.0 985067.0 1000800.0 990940.0 996242.0 1002448.0 990927.0 1003132.0 1002014.0 998002.0 1004712.0 1007011.0 996612.0 1009272.0 1004265.0 999538.0 1005422.0 1004835.0 1004174.0 997968.0 997111.0 990328.0 1009280.0 1000550.0 1000057.0 995462.0 999644.0 979871.0 989423.0 1010822.0 999322.0 996859.0 991322.0 1001357.0 989013.0 996409.0 999027.0 1003536.0 1002340.0 999558.0 1006137.0 989505.0 982380.0 999704.0 1008262.0 995712.0 1004960.0 1008926.0 998228.0 998933.0 993703.0 1004024.0 989861.0 1001183.0 1004429.0 992684.0 1001052.0 997368.0 993639.0 1003510.0 1000993.0 1002374.0 997874.0 1011979.0 997905.0 1003348.0 1002881.0 997644.0 1002079.0 991656.0 989097.0 996246.0 1000186.0 1006213.0 984816.0 995124.0 1000095.0 1004586.0 996196.0 1008264.0 1000608.0 1003303.0 998140.0 995642.0 999265.0 1001339.0 999735.0 1005833.0 994752.0 1005158.0 1004216.0 1009196.0 990052.0 992095.0 995960.0 1004761.0 1001641.0 1008671.0 998963.0 997573.0 987033.0 1000806.0 1001356.0 999979.0 1007856.0 1011099.0 1001105.0 991469.0 1000696.0 1004572.0 1007361.0 982509.0 1016501.0 991862.0 996706.0 1002922.0 991918.0 995281.0 1006892.0 995882.0 992556.0 1011096.0 1003743.0 1006887.0 1002220.0 1005317.0 1002346.0 1008820.0 998428.0 1004630.0 1005262.0 1002489.0 989220.0 986291.0 1008951.0 1005540.0 1005406.0 999191.0 995821.0 1008386.0 999305.0 994328.0 993940.0 1005589.0 1000275.0 991600.0 1004999.0 998577.0 990249.0 987852.0 998908.0 1003832.0 1001338.0 1001166.0 1003104.0 1010389.0 1007208.0 993368.0 998156.0 997411.0 1000129.0 1002352.0 1003689.0 994104.0 1004237.0 997069.0 998386.0 1015669.0 1001252.0 1002273.0 996633.0 1005652.0 993255.0 988194.0 1005681.0 997612.0 997823.0 999726.0 994265.0 993917.0 999637.0 984532.0 999292.0 1005478.0 1001959.0 998492.0 1002517.0 1004260.0 998390.0 1001556.0 993497.0 1012720.0 1006169.0 1022583.0 1002058.0 996133.0 1001518.0 998646.0 1004636.0 999793.0 998985.0 1002722.0 1000865.0 1004935.0 998645.0 1001315.0 997477.0 994141.0 994108.0 1000525.0 998324.0 1002915.0 1004430.0 1001890.0 997837.0 996860.0 999904.0 995289.0 992197.0 1003909.0 991203.0 1004063.0 1003883.0 983964.0 1002741.0 1005226.0 991271.0 1004077.0 1006706.0 1001575.0 1001453.0 988515.0 999269.0 994860.0 997031.0 1002997.0 992657.0 1000005.0 992839.0 1002434.0 997007.0 1005177.0 1004471.0 999504.0 1003717.0 1002408.0 1000774.0 1006417.0 1006313.0 1006587.0 998244.0 995829.0 1008356.0 1002388.0 999113.0 997287.0 1012021.0 994940.0 997287.0 1010827.0 995435.0 994047.0 994656.0 1018204.0 1011025.0 997031.0 995732.0 1002291.0 1007214.0 998768.0 993547.0 992098.0 995776.0 1001357.0 1000733.0 1001069.0 1006679.0 995143.0 1000873.0 1003837.0 1001976.0 998131.0 1004558.0 996276.0 1001567.0 994939.0 1006398.0 999950.0 990611.0 1000459.0 992915.0 1004626.0 1010484.0 997230.0 999060.0 999262.0 1010608.0 1001530.0 1000886.0 993230.0 990713.0 999642.0 999245.0 997307.0 992517.0 994048.0 1006504.0 1001256.0 1007636.0 1004176.0 1003643.0 1010748.0 1008784.0 982752.0 997389.0 999083.0 1007694.0 995302.0 990556.0 1003208.0 996735.0 1000395.0 1001461.0 999427.0 992616.0 1003420.0 1004682.0 1011414.0 1007057.0 1002633.0 1007469.0 1001123.0 991652.0 1005723.0 1006166.0 995702.0 999642.0 1015461.0 1004055.0 997308.0 1010639.0 996944.0 1000623.0 1011760.0 999186.0 996542.0 1006647.0 1008859.0 992838.0 1000224.0 997585.0 996684.0 1002171.0 1006238.0 994115.0 1010593.0 998524.0 1010181.0 1000083.0 997521.0 998042.0 1006555.0 1009447.0 994462.0 1006519.0 1001125.0 1002780.0 989292.0 1002596.0 999100.0 1011698.0 1004784.0 1012004.0 1004427.0 987623.0 1018904.0 1007963.0 1010232.0 1006152.0 1003473.0 998558.0 1003213.0 1000015.0 1008809.0 1005703.0 1000773.0 999499.0 1015266.0 1004627.0 1010849.0 1000178.0 1001669.0 997378.0 995137.0 994204.0 989808.0 1006961.0 1002657.0 1009004.0 999466.0 989490.0 994429.0 995578.0 994114.0 996164.0 998379.0 995268.0 1007717.0 995348.0 1001001.0 1004492.0 985414.0 997805.0 998950.0 1006387.0 999214.0 998368.0 1002944.0 1006555.0 1004638.0 997518.0 1007806.0 998659.0 1000297.0 996266.0 991192.0 985004.0 1003608.0 1003197.0 997169.0 1009072.0 988598.0 1012513.0 1000372.0 997760.0 993460.0 998888.0 1003710.0 993009.0 998553.0 982197.0 991395.0 1002795.0 998343.0 997164.0 993361.0 985376.0 1006908.0 1009772.0 1001853.0 1000799.0 1006307.0 989251.0 988714.0 993268.0 1011097.0 991612.0 1010874.0 985544.0 1006255.0 994335.0 1007385.0 1011128.0 1005064.0 1001583.0 1001530.0 997147.0 1005925.0 993127.0 1011968.0 1003013.0 1002610.0 997957.0 996968.0 1009270.0 986151.0 990260.0 992724.0 1013043.0 992678.0 990270.0 1004483.0 993260.0 999868.0 989627.0 1010978.0 1004051.0 1001274.0 991926.0 1006702.0 1002890.0 996414.0 1001304.0 997285.0 1000081.0 1006090.0 990558.0 990717.0 1005598.0 987254.0 1001504.0 1000146.0 997860.0 987898.0 991707.0 999000.0 1004074.0 999238.0 1003091.0 990903.0 1005360.0 1001417.0 1009775.0 999056.0 997891.0 1007449.0 1001219.0 998633.0 989852.0 1000442.0 999493.0 1005038.0 1008329.0 1001431.0 996220.0 1004853.0 995223.0 1003434.0 1004089.0 1010128.0 1009458.0 997185.0 1003311.0 1003121.0 1004226.0 989681.0 987474.0 1011060.0 1003342.0 988152.0 996768.0 997557.0 1002173.0 1009297.0 999478.0 998974.0 1002243.0 1001258.0 1003805.0 1001784.0 995409.0 991806.0 987741.0 1004583.0 1011887.0 1002220.0 1007798.0 996707.0 1007166.0 1002816.0 1005857.0 1003567.0 999726.0 995382.0 999934.0 998634.0 991960.0 1002117.0 997545.0 1003556.0 990673.0 987303.0 1006286.0 1003333.0 1002863.0 999632.0 998663.0 993215.0 992979.0 988627.0 1008856.0 1004515.0 999481.0 1003928.0 999890.0 997088.0 1001467.0 993825.0 1001683.0 1006207.0 1005795.0 985069.0 1004539.0 998838.0 1005844.0 999854.0 988188.0 1008891.0 1006626.0 994521.0 994236.0 997527.0 1004479.0 1003163.0 997627.0 1011036.0 1010495.0 1000723.0 998610.0 988313.0 996381.0 1008355.0 1014053.0 997812.0 1009362.0 995782.0 1011278.0 999934.0 1012549.0 999635.0 1001760.0 992782.0 1006639.0 1006517.0 992313.0 1000500.0 1000440.0 1015631.0 999256.0 1004890.0 985798.0 1008085.0 998654.0 1002342.0 989876.0 996671.0 992561.0 988848.0 1007384.0 993134.0 1004982.0 990412.0 993564.0 1003055.0 999412.0 1005290.0 999545.0 1011782.0 1004583.0 1001918.0 1003381.0 998894.0 1004397.0 996903.0 993529.0 1000680.0 994588.0 1002094.0 988241.0 996474.0 996606.0 1018303.0 997991.0 1000637.0 1002452.0 995763.0 1008065.0 1013830.0 995955.0 1005644.0 987284.0 996817.0 998169.0 997654.0 997121.0 994881.0 1000867.0 997564.0 988194.0 1000938.0 1003400.0 1009813.0 1011069.0 983175.0 1016601.0 1012383.0 1003530.0 1006882.0 1003262.0 999834.0 992251.0 1005435.0 1014071.0 996678.0 995831.0 998295.0 1004531.0 1002908.0 1010043.0 1009637.0 986764.0 1004740.0 1000271.0 1008914.0 984461.0 992960.0 1004166.0 993702.0 1001705.0 1004224.0 1005636.0 992675.0 1002918.0 991339.0 990699.0 1006149.0 1000055.0 1009199.0 993508.0 1005505.0 992315.0 1003733.0 996017.0 1007127.0 999350.0 1006906.0 1007048.0 993222.0 998852.0 993946.0 985805.0 995210.0 999642.0 1004431.0 997388.0 1004987.0 1000792.0 998481.0 997975.0 997151.0 1002158.0 1001401.0 989447.0 1005207.0 995473.0 996240.0 1005698.0 997085.0 1008710.0 1005034.0 1004355.0 994736.0 1010294.0 996897.0 999975.0 1007476.0 995627.0 987635.0 1001159.0 1007873.0 1015856.0 1010240.0 996639.0 994883.0 1012630.0 996040.0 999904.0 996406.0 989926.0 1004674.0 1005934.0 1004488.0 994289.0 999382.0 1007416.0 998857.0 1001531.0 995948.0 1000525.0 1004106.0 984369.0 1016037.0 995764.0 1008237.0 1001302.0 1000793.0 1006549.0 996545.0 991350.0 993877.0 1003810.0 1002459.0 992987.0 984486.0 999068.0 985821.0 1001785.0 1001768.0 1010401.0 1013407.0 997318.0 1003539.0 996789.0 992048.0 991980.0 998648.0 992278.0 992541.0 996451.0 1018204.0 1009655.0 994672.0 1007487.0 1007322.0 994093.0 996208.0 1010691.0 996777.0 1001662.0 991901.0 991963.0 1012168.0 1005880.0 999422.0 1003150.0 996682.0 993004.0 994866.0 991161.0 994578.0 1000284.0 995910.0 998668.0 1017890.0 1003492.0 1008742.0 1007654.0 990415.0 1019835.0 1006206.0 994461.0 996756.0 992113.0 1009318.0 1008518.0 999757.0 996889.0 1008010.0 1007807.0 1009487.0 996433.0 998159.0 1012863.0 1001887.0 989181.0 994025.0 995081.0 995160.0 991923.0 999389.0 1004261.0 998844.0 990334.0 994596.0 985775.0 986922.0 1001327.0 1010289.0 1001501.0 1003934.0 1009556.0 1012274.0 1003425.0 999762.0 1004349.0 998699.0 999522.0 999491.0 988544.0 995631.0 1005065.0 1005738.0 999754.0 998235.0 989876.0 995343.0 1001616.0 1002949.0 1015866.0 990997.0 996307.0 1006300.0 1021494.0 994700.0 993261.0 1007983.0 990980.0 1001594.0 999481.0 1000285.0 1001290.0 995204.0 992953.0 1001501.0 1006051.0 998809.0 987073.0 1007265.0 1001660.0 989403.0 992561.0 1010126.0 992946.0 1007376.0 999167.0 989516.0 998570.0 1000253.0 1001498.0 998168.0 993449.0 1007936.0 1004154.0 1001750.0 1002823.0 1000681.0 1005469.0 1001917.0 997864.0 996140.0 1003295.0 994365.0 1007527.0 1003776.0 1002042.0 1005268.0 992139.0 999506.0 1001960.0 992117.0 990620.0 998484.0 1002913.0 1003547.0 989395.0 991745.0 1000266.0 987910.0 1003729.0 986710.0 1004135.0 998739.0 997849.0 996974.0 991117.0 990458.0 990019.0 1011019.0 1003406.0 989994.0 1004971.0 1003885.0 1010538.0 994933.0 998306.0 1003244.0 985165.0 1004043.0 1002833.0 1005341.0 ]

10002 actual elapsed

T=841439, R=0, W=0
T=1091254, R=0, W=0
T=1049340, R=0, W=0
T=1225189, R=0, W=0
T=1173852, R=0, W=0
T=869760, R=0, W=0
T=1206584, R=0, W=0
T=966364, R=0, W=0
T=744812, R=0, W=0
T=1303815, R=0, W=0
T=1032113, R=0, W=0
T=911959, R=0, W=0
T=1230771, R=0, W=0
T=1175149, R=0, W=0
T=1043275, R=0, W=0
T=827513, R=0, W=0
T=1187498, R=0, W=0
T=1087321, R=0, W=0
T=1216613, R=0, W=0
T=1128063, R=0, W=0
T=1292265, R=0, W=0
T=1004756, R=0, W=0
T=1056158, R=0, W=0
T=867915, R=0, W=0
T=1013790, R=0, W=0
T=960845, R=0, W=0
T=911402, R=0, W=0
T=1313906, R=0, W=0
T=1019729, R=0, W=0
T=1099444, R=0, W=0
T=1067586, R=0, W=0
T=865992, R=0, W=0
T=1058426, R=0, W=0
T=927345, R=0, W=0
T=1025319, R=0, W=0
T=956943, R=0, W=0
T=784651, R=0, W=0
T=1013929, R=0, W=0
T=786527, R=0, W=0
T=1385858, R=0, W=0
T=878735, R=0, W=0
T=813064, R=0, W=0
T=862407, R=0, W=0
T=1075274, R=0, W=0
T=1140905, R=0, W=0
T=1571669, R=0, W=0
T=923159, R=0, W=0
T=851378, R=0, W=0
T=1083058, R=0, W=0
T=869114, R=0, W=0
T=744404, R=0, W=0
T=1159748, R=0, W=0
T=1323784, R=0, W=0
T=964437, R=0, W=0
T=1015695, R=0, W=0
T=1085908, R=0, W=0
T=937061, R=0, W=0
T=1053393, R=0, W=0
T=786127, R=0, W=0
T=1165223, R=0, W=0
T=1280853, R=0, W=0
T=1197055, R=0, W=0
T=933648, R=0, W=0
T=1286474, R=0, W=0

TOTAL: T=66728043, R=0, W=0
--- 44,531 MB collected in 0.125 secs (0.9% of total), longest GC took 0.011 secs
DATA gc:  total_k 45600672  total_secs 0.12462  max_secs 0.010936
