startup =       20000
elapsed =       10000
threads =       256
accounts =      256
init =          1000000
maxAmount =     10
readFreq =      0
writeFreq =     0
readThreads =   0
writeThreads =  0
disjointTrans = false
yieldALot =     false
flavour =       t

warming up
timed execution

TOTAL=2.56000048E8 [ 1003275.0 996855.0 1001516.0 1002135.0 1002856.0 1001179.0 999881.0 1002288.0 1000195.0 997624.0 1000937.0 999321.0 998775.0 1000356.0 1001077.0 1000958.0 1000155.0 997439.0 997675.0 999810.0 1004528.0 1000791.0 997385.0 998474.0 998884.0 998803.0 1001343.0 998240.0 1004062.0 998273.0 996632.0 997928.0 999302.0 1001430.0 1000127.0 996642.0 1001226.0 1000133.0 1000549.0 999027.0 1003222.0 1002995.0 999116.0 1000260.0 1001470.0 998829.0 999868.0 999173.0 1002098.0 998688.0 997501.0 1003333.0 1002331.0 1000592.0 1000488.0 998598.0 995813.0 999839.0 1000348.0 1003501.0 998216.0 1003271.0 998209.0 998276.0 999829.0 1000950.0 1003188.0 997260.0 1002526.0 994855.0 999781.0 999909.0 1003885.0 999653.0 1003147.0 998791.0 999721.0 1000651.0 1003261.0 1002173.0 1003442.0 1000029.0 998964.0 1002115.0 1002661.0 1001182.0 999001.0 1003462.0 998642.0 1001485.0 998237.0 995949.0 995500.0 1000290.0 997168.0 1001122.0 998709.0 999379.0 1000788.0 1003444.0 999250.0 999969.0 1001309.0 997229.0 1002700.0 996658.0 1006284.0 999021.0 999231.0 999248.0 997845.0 998128.0 1002360.0 999456.0 999215.0 999012.0 1000325.0 1002143.0 1000359.0 1000013.0 999359.0 996538.0 999826.0 999177.0 999226.0 999873.0 1001780.0 998017.0 999236.0 1003609.0 998065.0 999623.0 997792.0 999882.0 1003114.0 997770.0 1003380.0 1001011.0 1002172.0 997018.0 1001289.0 999863.0 1002788.0 997867.0 997326.0 998166.0 999948.0 1001841.0 1000363.0 998912.0 997998.0 1003637.0 999513.0 997250.0 1001032.0 1000964.0 999164.0 996251.0 1000010.0 999383.0 998682.0 998511.0 999630.0 1001245.0 1003778.0 996516.0 996141.0 997223.0 1002823.0 1001123.0 1003806.0 998515.0 999546.0 998426.0 1000900.0 1001751.0 1003340.0 998001.0 998996.0 1002128.0 997900.0 1001907.0 1004491.0 999184.0 996924.0 1000389.0 1000953.0 1004981.0 998179.0 1000320.0 996630.0 1001178.0 999995.0 1002612.0 1001361.0 1001577.0 1002177.0 1002098.0 1000244.0 1001362.0 996233.0 1002597.0 999628.0 1000944.0 996680.0 999630.0 997618.0 998769.0 1000070.0 1004069.0 1001528.0 1000174.0 1001864.0 999940.0 996012.0 999479.0 1003452.0 1004479.0 995475.0 999066.0 1002703.0 998014.0 997668.0 998609.0 997792.0 997312.0 1001103.0 994331.0 998167.0 1000299.0 1001687.0 996643.0 1001817.0 1000650.0 1002495.0 996872.0 998918.0 998990.0 999720.0 1000300.0 996475.0 1000657.0 996928.0 1000211.0 1002686.0 1000057.0 998831.0 998469.0 999469.0 997931.0 998529.0 1002360.0 1002560.0 999034.0 1002619.0 1000786.0 ]

10046 actual elapsed

T=24061, R=0, W=0
T=24647, R=0, W=0
T=23968, R=0, W=0
T=23412, R=0, W=0
T=24485, R=0, W=0
T=25829, R=0, W=0
T=23865, R=0, W=0
T=23861, R=0, W=0
T=24292, R=0, W=0
T=23755, R=0, W=0
T=22829, R=0, W=0
T=23784, R=0, W=0
T=23864, R=0, W=0
T=23672, R=0, W=0
T=23935, R=0, W=0
T=22713, R=0, W=0
T=24281, R=0, W=0
T=25223, R=0, W=0
T=23371, R=0, W=0
T=23522, R=0, W=0
T=24094, R=0, W=0
T=24483, R=0, W=0
T=23386, R=0, W=0
T=24254, R=0, W=0
T=23289, R=0, W=0
T=25534, R=0, W=0
T=24261, R=0, W=0
T=23691, R=0, W=0
T=23721, R=0, W=0
T=25102, R=0, W=0
T=23596, R=0, W=0
T=23761, R=0, W=0
T=24254, R=0, W=0
T=24589, R=0, W=0
T=25098, R=0, W=0
T=23154, R=0, W=0
T=22277, R=0, W=0
T=23927, R=0, W=0
T=23658, R=0, W=0
T=22940, R=0, W=0
T=23963, R=0, W=0
T=24602, R=0, W=0
T=24593, R=0, W=0
T=23335, R=0, W=0
T=23302, R=0, W=0
T=25346, R=0, W=0
T=24154, R=0, W=0
T=23429, R=0, W=0
T=24251, R=0, W=0
T=25269, R=0, W=0
T=24993, R=0, W=0
T=22339, R=0, W=0
T=23493, R=0, W=0
T=24343, R=0, W=0
T=24792, R=0, W=0
T=23036, R=0, W=0
T=23939, R=0, W=0
T=25487, R=0, W=0
T=23995, R=0, W=0
T=23878, R=0, W=0
T=23903, R=0, W=0
T=24107, R=0, W=0
T=24065, R=0, W=0
T=21839, R=0, W=0
T=23052, R=0, W=0
T=25137, R=0, W=0
T=24522, R=0, W=0
T=23620, R=0, W=0
T=24502, R=0, W=0
T=24699, R=0, W=0
T=24548, R=0, W=0
T=23365, R=0, W=0
T=23467, R=0, W=0
T=25106, R=0, W=0
T=24051, R=0, W=0
T=24275, R=0, W=0
T=23910, R=0, W=0
T=25919, R=0, W=0
T=24971, R=0, W=0
T=22481, R=0, W=0
T=24488, R=0, W=0
T=25343, R=0, W=0
T=24681, R=0, W=0
T=22510, R=0, W=0
T=24154, R=0, W=0
T=24844, R=0, W=0
T=25412, R=0, W=0
T=22610, R=0, W=0
T=24102, R=0, W=0
T=25196, R=0, W=0
T=24984, R=0, W=0
T=22721, R=0, W=0
T=23914, R=0, W=0
T=24542, R=0, W=0
T=24540, R=0, W=0
T=22703, R=0, W=0
T=24283, R=0, W=0
T=24564, R=0, W=0
T=23568, R=0, W=0
T=24194, R=0, W=0
T=24447, R=0, W=0
T=23933, R=0, W=0
T=24825, R=0, W=0
T=23306, R=0, W=0
T=24837, R=0, W=0
T=24105, R=0, W=0
T=24648, R=0, W=0
T=24103, R=0, W=0
T=23907, R=0, W=0
T=22590, R=0, W=0
T=23952, R=0, W=0
T=24127, R=0, W=0
T=23866, R=0, W=0
T=25123, R=0, W=0
T=24390, R=0, W=0
T=24075, R=0, W=0
T=23559, R=0, W=0
T=23679, R=0, W=0
T=24500, R=0, W=0
T=23935, R=0, W=0
T=24024, R=0, W=0
T=22522, R=0, W=0
T=23579, R=0, W=0
T=23128, R=0, W=0
T=24308, R=0, W=0
T=23793, R=0, W=0
T=23085, R=0, W=0
T=23334, R=0, W=0
T=24414, R=0, W=0
T=24870, R=0, W=0
T=24189, R=0, W=0
T=23204, R=0, W=0
T=24661, R=0, W=0
T=23594, R=0, W=0
T=23471, R=0, W=0
T=23032, R=0, W=0
T=23383, R=0, W=0
T=24846, R=0, W=0
T=24119, R=0, W=0
T=23970, R=0, W=0
T=23679, R=0, W=0
T=24383, R=0, W=0
T=24651, R=0, W=0
T=22786, R=0, W=0
T=23731, R=0, W=0
T=24949, R=0, W=0
T=24892, R=0, W=0
T=22702, R=0, W=0
T=23946, R=0, W=0
T=24600, R=0, W=0
T=23993, R=0, W=0
T=23219, R=0, W=0
T=23424, R=0, W=0
T=25111, R=0, W=0
T=24618, R=0, W=0
T=23554, R=0, W=0
T=24600, R=0, W=0
T=23321, R=0, W=0
T=23898, R=0, W=0
T=23985, R=0, W=0
T=24968, R=0, W=0
T=25130, R=0, W=0
T=24056, R=0, W=0
T=24035, R=0, W=0
T=22408, R=0, W=0
T=25305, R=0, W=0
T=24541, R=0, W=0
T=23865, R=0, W=0
T=24458, R=0, W=0
T=23086, R=0, W=0
T=23388, R=0, W=0
T=24054, R=0, W=0
T=23952, R=0, W=0
T=23798, R=0, W=0
T=24370, R=0, W=0
T=23451, R=0, W=0
T=22874, R=0, W=0
T=23750, R=0, W=0
T=23541, R=0, W=0
T=23572, R=0, W=0
T=24217, R=0, W=0
T=23931, R=0, W=0
T=24149, R=0, W=0
T=24436, R=0, W=0
T=23629, R=0, W=0
T=24321, R=0, W=0
T=23976, R=0, W=0
T=23890, R=0, W=0
T=23419, R=0, W=0
T=24352, R=0, W=0
T=23822, R=0, W=0
T=23714, R=0, W=0
T=24615, R=0, W=0
T=24270, R=0, W=0
T=24447, R=0, W=0
T=23582, R=0, W=0
T=24204, R=0, W=0
T=24580, R=0, W=0
T=23561, R=0, W=0
T=23915, R=0, W=0
T=24108, R=0, W=0
T=23919, R=0, W=0
T=24556, R=0, W=0
T=24316, R=0, W=0
T=23641, R=0, W=0
T=22859, R=0, W=0
T=24555, R=0, W=0
T=23249, R=0, W=0
T=24059, R=0, W=0
T=24448, R=0, W=0
T=23846, R=0, W=0
T=24659, R=0, W=0
T=24621, R=0, W=0
T=23319, R=0, W=0
T=24820, R=0, W=0
T=23153, R=0, W=0
T=24365, R=0, W=0
T=23551, R=0, W=0
T=22208, R=0, W=0
T=24598, R=0, W=0
T=24933, R=0, W=0
T=24417, R=0, W=0
T=23825, R=0, W=0
T=23331, R=0, W=0
T=23511, R=0, W=0
T=23723, R=0, W=0
T=25095, R=0, W=0
T=22593, R=0, W=0
T=24092, R=0, W=0
T=22219, R=0, W=0
T=23230, R=0, W=0
T=24379, R=0, W=0
T=24296, R=0, W=0
T=23923, R=0, W=0
T=24296, R=0, W=0
T=24126, R=0, W=0
T=24586, R=0, W=0
T=23540, R=0, W=0
T=24495, R=0, W=0
T=23532, R=0, W=0
T=23961, R=0, W=0
T=24139, R=0, W=0
T=24518, R=0, W=0
T=24309, R=0, W=0
T=23156, R=0, W=0
T=25070, R=0, W=0
T=23521, R=0, W=0
T=23631, R=0, W=0
T=22718, R=0, W=0
T=23609, R=0, W=0
T=24417, R=0, W=0
T=23473, R=0, W=0
T=23991, R=0, W=0
T=24560, R=0, W=0
T=23568, R=0, W=0
T=23587, R=0, W=0

TOTAL: T=6142196, R=0, W=0
--- 9604 MB collected in 2.823 secs (8.7% of total), longest GC took 0.208 secs
DATA gc:  total_k 9835177  total_secs 2.82313  max_secs 0.207875
