startup =       4000
elapsed =       10000
threads =       64
accounts =      64
init =          1000000
maxAmount =     10
readFreq =      0
writeFreq =     0
readThreads =   0
writeThreads =  0
disjointTrans = false
yieldALot =     false
flavour =       rfw

warming up
timed execution

TOTAL=6.4000016E7 [ 997951.0 1007661.0 987908.0 988363.0 991692.0 992422.0 1004329.0 1008909.0 999759.0 1002095.0 1008001.0 985929.0 995336.0 1004393.0 1013542.0 1006980.0 1006499.0 986893.0 994447.0 995455.0 1001035.0 995459.0 1000206.0 987934.0 1013521.0 1000803.0 996771.0 993583.0 1004069.0 1003438.0 999056.0 1013093.0 1001588.0 996817.0 991130.0 992220.0 1002512.0 994175.0 1003799.0 1012060.0 1000070.0 1002467.0 1017594.0 1001733.0 1007072.0 996700.0 985708.0 1000226.0 1007361.0 991513.0 987471.0 1009903.0 983847.0 1006929.0 996358.0 1001403.0 1001931.0 1009500.0 1001032.0 1012357.0 990096.0 998083.0 1009710.0 999103.0 ]

10006 actual elapsed

T=693786, R=0, W=0
T=648053, R=0, W=0
T=641400, R=0, W=0
T=670921, R=0, W=0
T=407888, R=0, W=0
T=641463, R=0, W=0
T=677822, R=0, W=0
T=665145, R=0, W=0
T=640469, R=0, W=0
T=651478, R=0, W=0
T=616062, R=0, W=0
T=631801, R=0, W=0
T=641907, R=0, W=0
T=602295, R=0, W=0
T=671345, R=0, W=0
T=632757, R=0, W=0
T=635499, R=0, W=0
T=684792, R=0, W=0
T=672826, R=0, W=0
T=657932, R=0, W=0
T=681972, R=0, W=0
T=666898, R=0, W=0
T=644176, R=0, W=0
T=624708, R=0, W=0
T=649663, R=0, W=0
T=641825, R=0, W=0
T=679861, R=0, W=0
T=646702, R=0, W=0
T=640670, R=0, W=0
T=658523, R=0, W=0
T=636683, R=0, W=0
T=633359, R=0, W=0
T=681886, R=0, W=0
T=624885, R=0, W=0
T=662910, R=0, W=0
T=641116, R=0, W=0
T=619932, R=0, W=0
T=658326, R=0, W=0
T=629819, R=0, W=0
T=665920, R=0, W=0
T=671313, R=0, W=0
T=624313, R=0, W=0
T=654413, R=0, W=0
T=654987, R=0, W=0
T=689052, R=0, W=0
T=666188, R=0, W=0
T=637245, R=0, W=0
T=680393, R=0, W=0
T=687887, R=0, W=0
T=587330, R=0, W=0
T=672280, R=0, W=0
T=662970, R=0, W=0
T=679490, R=0, W=0
T=625793, R=0, W=0
T=679344, R=0, W=0
T=636892, R=0, W=0
T=675421, R=0, W=0
T=602436, R=0, W=0
T=627378, R=0, W=0
T=685392, R=0, W=0
T=618341, R=0, W=0
T=640008, R=0, W=0
T=627578, R=0, W=0
T=595251, R=0, W=0

TOTAL: T=41357170, R=0, W=0
--- 32,985 MB collected in 0.114 secs (0.8% of total), longest GC took 0.004 secs
DATA gc:  total_k 33776932  total_secs 0.114479  max_secs 0.00417
