startup =       20000
elapsed =       10000
threads =       256
accounts =      256
init =          1000000
maxAmount =     10
readFreq =      0
writeFreq =     0
readThreads =   0
writeThreads =  0
disjointTrans = false
yieldALot =     false
flavour =       d

warming up
timed execution

TOTAL=2.56000032E8 [ 1000718.0 998470.0 999005.0 999952.0 999076.0 999268.0 999662.0 999756.0 998132.0 999629.0 998141.0 999139.0 997213.0 1000264.0 1003906.0 997231.0 1001240.0 1000484.0 999952.0 998750.0 998093.0 1000327.0 1000216.0 998822.0 998950.0 998005.0 998967.0 999869.0 998760.0 998418.0 1000971.0 1000162.0 997771.0 999429.0 999238.0 1001169.0 998610.0 1001092.0 997836.0 999100.0 1004497.0 1000103.0 1002505.0 1000131.0 999674.0 998921.0 1003430.0 997693.0 1002859.0 1000026.0 998656.0 999151.0 1000780.0 998535.0 998327.0 999664.0 1001131.0 1000472.0 1000710.0 1000303.0 1001161.0 999713.0 1000257.0 1002111.0 1001696.0 997406.0 997380.0 1001476.0 999372.0 1000239.0 1001687.0 998125.0 1001476.0 1001255.0 999560.0 999749.0 1002543.0 999544.0 999524.0 999121.0 1001632.0 997925.0 1001044.0 999175.0 1000992.0 1001820.0 999985.0 1000824.0 999747.0 996833.0 999010.0 997483.0 998378.0 998369.0 1002018.0 999444.0 1000883.0 999203.0 999816.0 1001248.0 1000035.0 1002326.0 999756.0 1000404.0 1000372.0 1000822.0 1001561.0 998825.0 998231.0 999657.0 998995.0 1001076.0 999955.0 1000563.0 999002.0 999412.0 1000000.0 1001080.0 998220.0 1002616.0 999367.0 1000766.0 1000088.0 1002174.0 999721.0 997372.0 997414.0 1001554.0 1001128.0 1000429.0 1002028.0 1000157.0 999692.0 1000298.0 1001593.0 1000068.0 1003487.0 1001916.0 998777.0 998577.0 1001450.0 1000049.0 999707.0 1002100.0 999602.0 996979.0 998818.0 999757.0 1002699.0 999366.0 999119.0 1002779.0 999553.0 998669.0 1000847.0 997035.0 999696.0 1000380.0 1000179.0 995627.0 999746.0 1000047.0 1001441.0 1000429.0 1000723.0 1000633.0 997809.0 1000415.0 1000894.0 1001691.0 1000006.0 1001152.0 997457.0 1001062.0 1002840.0 997894.0 999246.0 999691.0 1002986.0 1000911.0 997684.0 1000821.0 998422.0 1000298.0 999646.0 1001373.0 1001234.0 998875.0 1002954.0 999015.0 1000859.0 999786.0 999637.0 998969.0 999629.0 1001341.0 1000314.0 998478.0 1000830.0 1002532.0 1000878.0 1000942.0 998752.0 999847.0 999076.0 998758.0 1001187.0 1003546.0 999170.0 1002727.0 1001756.0 998882.0 999189.0 1000001.0 1001180.0 998961.0 997880.0 1000310.0 998955.0 999707.0 999126.0 998948.0 999992.0 1000012.0 999716.0 1000869.0 999521.0 998491.0 1001374.0 999311.0 1000487.0 1001094.0 1000320.0 998748.0 1000496.0 999439.0 1000430.0 1001832.0 1001842.0 1000962.0 999461.0 1003384.0 999752.0 999153.0 1001495.0 997437.0 999856.0 999848.0 1000246.0 998770.0 1002107.0 998226.0 997185.0 1003165.0 998832.0 1000089.0 ]

10164 actual elapsed

T=20845, R=0, W=0
T=19638, R=0, W=0
T=18491, R=0, W=0
T=18391, R=0, W=0
T=20938, R=0, W=0
T=19559, R=0, W=0
T=19527, R=0, W=0
T=18301, R=0, W=0
T=21460, R=0, W=0
T=20222, R=0, W=0
T=19275, R=0, W=0
T=18532, R=0, W=0
T=19309, R=0, W=0
T=21450, R=0, W=0
T=19603, R=0, W=0
T=18259, R=0, W=0
T=20254, R=0, W=0
T=20041, R=0, W=0
T=18109, R=0, W=0
T=18544, R=0, W=0
T=21094, R=0, W=0
T=19933, R=0, W=0
T=19352, R=0, W=0
T=18781, R=0, W=0
T=20649, R=0, W=0
T=20979, R=0, W=0
T=18257, R=0, W=0
T=18733, R=0, W=0
T=20231, R=0, W=0
T=21776, R=0, W=0
T=18645, R=0, W=0
T=17324, R=0, W=0
T=19557, R=0, W=0
T=20910, R=0, W=0
T=19037, R=0, W=0
T=18396, R=0, W=0
T=20310, R=0, W=0
T=18877, R=0, W=0
T=17711, R=0, W=0
T=19247, R=0, W=0
T=20144, R=0, W=0
T=19735, R=0, W=0
T=18184, R=0, W=0
T=18081, R=0, W=0
T=19039, R=0, W=0
T=21719, R=0, W=0
T=19303, R=0, W=0
T=19426, R=0, W=0
T=20865, R=0, W=0
T=19735, R=0, W=0
T=18366, R=0, W=0
T=18240, R=0, W=0
T=20624, R=0, W=0
T=20366, R=0, W=0
T=18330, R=0, W=0
T=17591, R=0, W=0
T=20780, R=0, W=0
T=19683, R=0, W=0
T=19639, R=0, W=0
T=18769, R=0, W=0
T=20805, R=0, W=0
T=21246, R=0, W=0
T=18422, R=0, W=0
T=19400, R=0, W=0
T=19414, R=0, W=0
T=19442, R=0, W=0
T=19381, R=0, W=0
T=19905, R=0, W=0
T=21170, R=0, W=0
T=19688, R=0, W=0
T=18460, R=0, W=0
T=17856, R=0, W=0
T=18949, R=0, W=0
T=21053, R=0, W=0
T=17587, R=0, W=0
T=18825, R=0, W=0
T=20235, R=0, W=0
T=19665, R=0, W=0
T=18896, R=0, W=0
T=19103, R=0, W=0
T=20103, R=0, W=0
T=18827, R=0, W=0
T=19370, R=0, W=0
T=18712, R=0, W=0
T=20946, R=0, W=0
T=19877, R=0, W=0
T=19121, R=0, W=0
T=19393, R=0, W=0
T=21447, R=0, W=0
T=18785, R=0, W=0
T=19060, R=0, W=0
T=19819, R=0, W=0
T=21134, R=0, W=0
T=20429, R=0, W=0
T=19177, R=0, W=0
T=19822, R=0, W=0
T=18998, R=0, W=0
T=19942, R=0, W=0
T=18662, R=0, W=0
T=19235, R=0, W=0
T=20662, R=0, W=0
T=18802, R=0, W=0
T=19311, R=0, W=0
T=20426, R=0, W=0
T=20981, R=0, W=0
T=18814, R=0, W=0
T=19795, R=0, W=0
T=19229, R=0, W=0
T=19720, R=0, W=0
T=19145, R=0, W=0
T=19493, R=0, W=0
T=20077, R=0, W=0
T=20916, R=0, W=0
T=19341, R=0, W=0
T=19933, R=0, W=0
T=18478, R=0, W=0
T=21323, R=0, W=0
T=19806, R=0, W=0
T=17965, R=0, W=0
T=19580, R=0, W=0
T=20756, R=0, W=0
T=19320, R=0, W=0
T=19286, R=0, W=0
T=18445, R=0, W=0
T=19376, R=0, W=0
T=19447, R=0, W=0
T=17881, R=0, W=0
T=18619, R=0, W=0
T=21201, R=0, W=0
T=19986, R=0, W=0
T=19349, R=0, W=0
T=17955, R=0, W=0
T=19900, R=0, W=0
T=19782, R=0, W=0
T=19330, R=0, W=0
T=18777, R=0, W=0
T=20828, R=0, W=0
T=20154, R=0, W=0
T=18312, R=0, W=0
T=18141, R=0, W=0
T=20697, R=0, W=0
T=19846, R=0, W=0
T=19088, R=0, W=0
T=18933, R=0, W=0
T=20432, R=0, W=0
T=19450, R=0, W=0
T=19514, R=0, W=0
T=20099, R=0, W=0
T=19426, R=0, W=0
T=19992, R=0, W=0
T=18792, R=0, W=0
T=19639, R=0, W=0
T=20456, R=0, W=0
T=19045, R=0, W=0
T=20040, R=0, W=0
T=20153, R=0, W=0
T=20879, R=0, W=0
T=20213, R=0, W=0
T=19037, R=0, W=0
T=18190, R=0, W=0
T=19648, R=0, W=0
T=18763, R=0, W=0
T=19392, R=0, W=0
T=19114, R=0, W=0
T=5731, R=0, W=0
T=19498, R=0, W=0
T=19738, R=0, W=0
T=19795, R=0, W=0
T=18984, R=0, W=0
T=12164, R=0, W=0
T=18015, R=0, W=0
T=19704, R=0, W=0
T=20618, R=0, W=0
T=19586, R=0, W=0
T=18689, R=0, W=0
T=19726, R=0, W=0
T=19326, R=0, W=0
T=19314, R=0, W=0
T=18110, R=0, W=0
T=20055, R=0, W=0
T=19424, R=0, W=0
T=20102, R=0, W=0
T=17461, R=0, W=0
T=19262, R=0, W=0
T=20395, R=0, W=0
T=20325, R=0, W=0
T=18193, R=0, W=0
T=19623, R=0, W=0
T=21288, R=0, W=0
T=18501, R=0, W=0
T=18698, R=0, W=0
T=19585, R=0, W=0
T=21900, R=0, W=0
T=19847, R=0, W=0
T=18223, R=0, W=0
T=20141, R=0, W=0
T=19468, R=0, W=0
T=19210, R=0, W=0
T=19938, R=0, W=0
T=19410, R=0, W=0
T=20343, R=0, W=0
T=19292, R=0, W=0
T=18705, R=0, W=0
T=18952, R=0, W=0
T=19796, R=0, W=0
T=18090, R=0, W=0
T=18607, R=0, W=0
T=19169, R=0, W=0
T=20274, R=0, W=0
T=18565, R=0, W=0
T=18954, R=0, W=0
T=19172, R=0, W=0
T=19865, R=0, W=0
T=19420, R=0, W=0
T=19777, R=0, W=0
T=18070, R=0, W=0
T=18620, R=0, W=0
T=18060, R=0, W=0
T=19245, R=0, W=0
T=19744, R=0, W=0
T=21155, R=0, W=0
T=18876, R=0, W=0
T=19329, R=0, W=0
T=19555, R=0, W=0
T=19404, R=0, W=0
T=20457, R=0, W=0
T=18471, R=0, W=0
T=19524, R=0, W=0
T=19961, R=0, W=0
T=19718, R=0, W=0
T=19908, R=0, W=0
T=19363, R=0, W=0
T=20263, R=0, W=0
T=20570, R=0, W=0
T=19879, R=0, W=0
T=19533, R=0, W=0
T=20142, R=0, W=0
T=19020, R=0, W=0
T=19654, R=0, W=0
T=18111, R=0, W=0
T=19146, R=0, W=0
T=19843, R=0, W=0
T=19318, R=0, W=0
T=18249, R=0, W=0
T=19895, R=0, W=0
T=18855, R=0, W=0
T=18691, R=0, W=0
T=19156, R=0, W=0
T=19619, R=0, W=0
T=20428, R=0, W=0
T=19705, R=0, W=0
T=19372, R=0, W=0
T=21463, R=0, W=0
T=19989, R=0, W=0
T=19333, R=0, W=0
T=19023, R=0, W=0

TOTAL: T=4970752, R=0, W=0
--- 5360 MB collected in 2.070 secs (6.3% of total), longest GC took 0.164 secs
DATA gc:  total_k 5488694  total_secs 2.07046  max_secs 0.163999
