startup =       4000
elapsed =       10000
threads =       128
accounts =      128
init =          1000000
maxAmount =     10
readFreq =      0
writeFreq =     0
readThreads =   0
writeThreads =  0
disjointTrans = false
yieldALot =     false
flavour =       d

warming up
timed execution

TOTAL=1.27999984E8 [ 999499.0 990284.0 994880.0 989539.0 1003795.0 1015507.0 983888.0 1000818.0 1014355.0 1005489.0 988462.0 999502.0 1000090.0 991985.0 1001434.0 1000799.0 998125.0 1003649.0 987452.0 1003985.0 1012900.0 996664.0 1012337.0 997250.0 997181.0 988430.0 1010163.0 995510.0 1001336.0 989733.0 1001677.0 993211.0 997508.0 1000684.0 1002160.0 1016309.0 989928.0 1000752.0 998590.0 1001293.0 998516.0 1006802.0 1006854.0 990815.0 1002783.0 1003732.0 993355.0 993250.0 986347.0 991992.0 999940.0 1005306.0 1002256.0 997469.0 1003253.0 1004847.0 990553.0 1008576.0 999963.0 1002686.0 992855.0 996162.0 997805.0 1009132.0 992485.0 1000073.0 1010561.0 1004529.0 991657.0 996305.0 993639.0 1009398.0 1001372.0 993509.0 1007362.0 1006424.0 1011138.0 1003284.0 1007179.0 987095.0 993300.0 993829.0 1005722.0 996334.0 1003710.0 998234.0 984176.0 992477.0 1016242.0 1006106.0 993944.0 987377.0 996326.0 998243.0 990700.0 1010805.0 1011702.0 1010713.0 994685.0 1004154.0 1007780.0 1000572.0 995542.0 1006958.0 995321.0 994068.0 1004994.0 997620.0 997614.0 991547.0 999080.0 1008788.0 999977.0 1011504.0 997332.0 1001848.0 1012514.0 1001615.0 997635.0 1000732.0 997133.0 1009173.0 1005185.0 992993.0 1013166.0 996969.0 997790.0 997359.0 ]

10002 actual elapsed

T=484025, R=0, W=0
T=498407, R=0, W=0
T=439942, R=0, W=0
T=551466, R=0, W=0
T=503793, R=0, W=0
T=479123, R=0, W=0
T=562250, R=0, W=0
T=415297, R=0, W=0
T=408847, R=0, W=0
T=582257, R=0, W=0
T=517909, R=0, W=0
T=438818, R=0, W=0
T=502775, R=0, W=0
T=491442, R=0, W=0
T=360996, R=0, W=0
T=463333, R=0, W=0
T=473664, R=0, W=0
T=428814, R=0, W=0
T=432284, R=0, W=0
T=545291, R=0, W=0
T=502614, R=0, W=0
T=495864, R=0, W=0
T=513030, R=0, W=0
T=457504, R=0, W=0
T=421917, R=0, W=0
T=505110, R=0, W=0
T=529538, R=0, W=0
T=518237, R=0, W=0
T=479847, R=0, W=0
T=432479, R=0, W=0
T=496502, R=0, W=0
T=357062, R=0, W=0
T=459450, R=0, W=0
T=430076, R=0, W=0
T=493166, R=0, W=0
T=405908, R=0, W=0
T=491068, R=0, W=0
T=458503, R=0, W=0
T=479713, R=0, W=0
T=429382, R=0, W=0
T=418500, R=0, W=0
T=512178, R=0, W=0
T=534532, R=0, W=0
T=439854, R=0, W=0
T=461591, R=0, W=0
T=444935, R=0, W=0
T=541029, R=0, W=0
T=486087, R=0, W=0
T=509836, R=0, W=0
T=470968, R=0, W=0
T=463367, R=0, W=0
T=567316, R=0, W=0
T=453075, R=0, W=0
T=493483, R=0, W=0
T=548407, R=0, W=0
T=470646, R=0, W=0
T=589201, R=0, W=0
T=471658, R=0, W=0
T=468593, R=0, W=0
T=319444, R=0, W=0
T=567185, R=0, W=0
T=495182, R=0, W=0
T=526159, R=0, W=0
T=560991, R=0, W=0
T=457769, R=0, W=0
T=457107, R=0, W=0
T=408629, R=0, W=0
T=515885, R=0, W=0
T=514901, R=0, W=0
T=426221, R=0, W=0
T=488208, R=0, W=0
T=440516, R=0, W=0
T=534077, R=0, W=0
T=403313, R=0, W=0
T=486807, R=0, W=0
T=453319, R=0, W=0
T=457662, R=0, W=0
T=544904, R=0, W=0
T=491794, R=0, W=0
T=533121, R=0, W=0
T=532541, R=0, W=0
T=484614, R=0, W=0
T=501141, R=0, W=0
T=471485, R=0, W=0
T=417973, R=0, W=0
T=455180, R=0, W=0
T=516113, R=0, W=0
T=513833, R=0, W=0
T=635362, R=0, W=0
T=432345, R=0, W=0
T=493808, R=0, W=0
T=467701, R=0, W=0
T=442076, R=0, W=0
T=451183, R=0, W=0
T=521619, R=0, W=0
T=601340, R=0, W=0
T=535267, R=0, W=0
T=513280, R=0, W=0
T=536499, R=0, W=0
T=525556, R=0, W=0
T=436908, R=0, W=0
T=626460, R=0, W=0
T=491549, R=0, W=0
T=447285, R=0, W=0
T=505233, R=0, W=0
T=457988, R=0, W=0
T=487792, R=0, W=0
T=576843, R=0, W=0
T=452507, R=0, W=0
T=423823, R=0, W=0
T=379482, R=0, W=0
T=433868, R=0, W=0
T=452847, R=0, W=0
T=409560, R=0, W=0
T=460497, R=0, W=0
T=403104, R=0, W=0
T=450258, R=0, W=0
T=440193, R=0, W=0
T=443868, R=0, W=0
T=519107, R=0, W=0
T=377671, R=0, W=0
T=488780, R=0, W=0
T=476883, R=0, W=0
T=397974, R=0, W=0
T=408017, R=0, W=0
T=451499, R=0, W=0
T=390620, R=0, W=0
T=516505, R=0, W=0

TOTAL: T=61222190, R=0, W=0
--- 37,044 MB collected in 0.130 secs (0.9% of total), longest GC took 0.009 secs
DATA gc:  total_k 37933888  total_secs 0.129975  max_secs 0.00892
