startup =       4000
elapsed =       10000
threads =       64
accounts =      2048
init =          1000000
maxAmount =     10
readFreq =      0
writeFreq =     0
readThreads =   0
writeThreads =  0
disjointTrans = false
yieldALot =     false
flavour =       d

warming up
timed execution

TOTAL=2.04799949E9 [ 1004678.0 1003851.0 986767.0 995703.0 995123.0 994817.0 994798.0 993140.0 1002713.0 998062.0 984711.0 1002252.0 998462.0 999215.0 1010509.0 999313.0 997170.0 985024.0 1005261.0 999005.0 1005527.0 1003171.0 1003253.0 989849.0 1004846.0 994070.0 999861.0 995993.0 995953.0 997651.0 1004552.0 996905.0 997769.0 1003523.0 1003086.0 983703.0 995247.0 1003365.0 987967.0 996750.0 1009807.0 990584.0 1006614.0 1016414.0 993336.0 991135.0 994701.0 996923.0 1011856.0 1002781.0 1008220.0 990233.0 996596.0 987069.0 999845.0 1000131.0 998939.0 1003450.0 1006473.0 1012677.0 1002674.0 1002088.0 988647.0 1001081.0 1001415.0 981740.0 1002213.0 1004389.0 1003695.0 1008399.0 995548.0 1004684.0 1001865.0 1008755.0 1010386.0 996998.0 1005114.0 993317.0 998718.0 1013097.0 1005286.0 996631.0 1007179.0 988328.0 1001883.0 997604.0 998374.0 996399.0 990386.0 988093.0 1008892.0 991005.0 1004681.0 998345.0 1011272.0 1005349.0 1015584.0 997311.0 997301.0 1009456.0 990011.0 1003344.0 1011332.0 988924.0 993590.0 1001091.0 988742.0 990858.0 994032.0 1001070.0 1005731.0 1001788.0 1007598.0 1009060.0 989129.0 1000894.0 1008664.0 977304.0 1011064.0 1000655.0 995254.0 1005045.0 1005069.0 1012525.0 1002128.0 1000792.0 986961.0 996833.0 1004884.0 996348.0 996382.0 1005257.0 991923.0 1007190.0 1006059.0 1003624.0 1003586.0 995902.0 996569.0 1001907.0 1010419.0 996536.0 993389.0 1010508.0 1005835.0 1001284.0 998288.0 997384.0 996958.0 996365.0 984212.0 999867.0 992509.0 1003074.0 1000814.0 1001661.0 997796.0 1000118.0 991584.0 1005500.0 1019609.0 1003331.0 992361.0 992773.0 1014775.0 1014247.0 1000404.0 1002549.0 1001387.0 1004218.0 989114.0 989331.0 985502.0 992706.0 997932.0 993843.0 995690.0 1014983.0 987332.0 998203.0 1004174.0 1004319.0 1001411.0 1015934.0 994919.0 993139.0 1002497.0 986319.0 1008584.0 1006044.0 1000363.0 1018016.0 1009001.0 987009.0 987917.0 993403.0 1011498.0 1006092.0 989055.0 994187.0 996771.0 992483.0 996569.0 990521.0 1006047.0 1000233.0 992966.0 1003535.0 995303.0 1004355.0 996620.0 995153.0 986559.0 1023558.0 997009.0 1001128.0 993300.0 1013435.0 1004188.0 1002057.0 1004089.0 999320.0 993536.0 1006101.0 998499.0 1015245.0 1005114.0 1001978.0 1005581.0 997924.0 998884.0 987675.0 999104.0 1011176.0 984551.0 999492.0 1005136.0 1002790.0 1011236.0 989840.0 1003582.0 1013253.0 1000438.0 1010874.0 1008346.0 1010045.0 998345.0 1006836.0 1004260.0 1005049.0 1013281.0 1007228.0 999715.0 996670.0 1005684.0 1009291.0 999930.0 998370.0 997843.0 991064.0 1013040.0 1004715.0 1007038.0 996604.0 996402.0 986715.0 1009646.0 1005098.0 1004415.0 1003474.0 1003653.0 1004076.0 995931.0 1009400.0 1002028.0 1007068.0 991071.0 998046.0 1008163.0 989512.0 1005657.0 996025.0 995201.0 1001888.0 989261.0 992139.0 1009905.0 991752.0 990737.0 1007839.0 997138.0 1007302.0 992389.0 989135.0 1000217.0 990005.0 994416.0 984988.0 987534.0 1000808.0 1000763.0 995696.0 1011729.0 1002695.0 994849.0 1006052.0 1002637.0 998400.0 1008629.0 988821.0 1005007.0 989532.0 990160.0 1000138.0 990128.0 988707.0 993048.0 997052.0 1018754.0 996020.0 998469.0 1000800.0 994500.0 997306.0 998741.0 1002215.0 1004879.0 1003557.0 1006361.0 990065.0 996845.0 1001842.0 989845.0 997962.0 1019813.0 992882.0 988493.0 1007805.0 999498.0 997075.0 1011231.0 987879.0 989466.0 1001417.0 1001330.0 1014036.0 984652.0 998122.0 994824.0 1001321.0 1004383.0 1005441.0 993610.0 991648.0 1001986.0 1008931.0 983322.0 982020.0 1003066.0 1011465.0 1004259.0 999677.0 986483.0 1018414.0 1000097.0 1004999.0 999730.0 991944.0 1001581.0 998616.0 996163.0 998523.0 1010269.0 1001741.0 1012056.0 995160.0 995154.0 996298.0 1010297.0 1003139.0 995685.0 986092.0 1002568.0 986218.0 992612.0 998994.0 995384.0 997758.0 1013726.0 1008275.0 990966.0 996968.0 998146.0 1004142.0 1005489.0 999160.0 999644.0 1001961.0 997076.0 999657.0 1009168.0 1004447.0 1008579.0 1010297.0 994993.0 983639.0 998420.0 999847.0 1003523.0 983688.0 1008593.0 992470.0 1003415.0 991445.0 1014002.0 992286.0 983087.0 1015478.0 998195.0 999700.0 1003095.0 992920.0 994418.0 1001729.0 996192.0 988296.0 1005241.0 994167.0 1011769.0 996990.0 1018591.0 986274.0 1007144.0 1001860.0 1009355.0 995000.0 990216.0 992497.0 1024698.0 998261.0 1008209.0 997641.0 991514.0 995198.0 998088.0 999778.0 997570.0 1020215.0 994779.0 991104.0 997573.0 1014780.0 1003095.0 994957.0 978748.0 994904.0 990849.0 1003356.0 993313.0 996054.0 994796.0 987269.0 1005521.0 1005805.0 992313.0 1002617.0 992138.0 1002632.0 1011503.0 997329.0 983883.0 998438.0 998599.0 1004495.0 991741.0 998644.0 991903.0 1002667.0 1001154.0 995454.0 1002424.0 1010888.0 1004676.0 1000966.0 992871.0 999057.0 996044.0 1001164.0 991460.0 1006211.0 998380.0 991782.0 1007967.0 998092.0 992834.0 1016965.0 1000508.0 1006981.0 992358.0 1015656.0 1008079.0 987833.0 992224.0 996596.0 992267.0 1006991.0 1001563.0 987962.0 1009627.0 997912.0 1016298.0 1008374.0 996170.0 1005068.0 1014724.0 991525.0 1001945.0 990739.0 1007321.0 1006352.0 1012143.0 1002564.0 997934.0 996680.0 997022.0 997341.0 999103.0 985687.0 997234.0 1001821.0 1002271.0 1010801.0 999125.0 996613.0 995923.0 980465.0 996699.0 1017398.0 1002937.0 998756.0 1007782.0 1020613.0 987366.0 1003845.0 1011288.0 1002674.0 1003851.0 1000111.0 1000034.0 1004873.0 980970.0 991860.0 990386.0 998895.0 1006678.0 996549.0 1000724.0 982168.0 994973.0 1004201.0 988603.0 1006569.0 999256.0 1002401.0 1002416.0 998873.0 1010659.0 998172.0 1000705.0 1000623.0 1000529.0 999200.0 1010092.0 1003437.0 996359.0 999996.0 1003519.0 1005041.0 1004479.0 999263.0 1005368.0 981753.0 1002267.0 1003381.0 999435.0 1001402.0 1004636.0 1006996.0 1009482.0 997255.0 988833.0 1006869.0 999419.0 1001359.0 1001928.0 996700.0 993752.0 995396.0 1007338.0 992407.0 988163.0 1005617.0 996123.0 986971.0 1005248.0 1006026.0 1005898.0 1006820.0 998207.0 990908.0 1002375.0 1002755.0 1003719.0 992543.0 994026.0 1014381.0 991498.0 997990.0 992710.0 1003520.0 990653.0 1002198.0 1001585.0 989214.0 994057.0 1013662.0 996424.0 1000407.0 999094.0 1007675.0 992157.0 997776.0 999909.0 1002441.0 1013881.0 990595.0 998760.0 996060.0 1011163.0 1010564.0 987933.0 1002270.0 995441.0 999264.0 993482.0 992751.0 992961.0 999943.0 986962.0 996430.0 1009843.0 1012684.0 1004462.0 998390.0 1000959.0 994807.0 999051.0 995042.0 1004705.0 1003484.0 997293.0 996050.0 988492.0 1003393.0 997810.0 1008754.0 992446.0 989460.0 995586.0 999210.0 1006099.0 996607.0 987172.0 1001787.0 997922.0 997149.0 999959.0 1002649.0 1007495.0 985151.0 1001285.0 1003223.0 1010579.0 1003289.0 1005867.0 1013909.0 1000702.0 994286.0 999772.0 1008786.0 1008052.0 1004202.0 990063.0 999151.0 998164.0 1011447.0 992160.0 999502.0 989000.0 1002665.0 992584.0 997426.0 1001881.0 1002598.0 986969.0 1002740.0 997876.0 1001092.0 1005776.0 989007.0 1009238.0 998607.0 1015456.0 998885.0 984511.0 1009347.0 1014522.0 1000972.0 998843.0 990453.0 1000377.0 1003750.0 1012750.0 1004165.0 996081.0 992580.0 1002889.0 1013109.0 990720.0 1019566.0 991427.0 1004805.0 1000221.0 1013664.0 1010775.0 999718.0 1009880.0 1005064.0 1010293.0 1011243.0 999910.0 999638.0 991188.0 1001375.0 1005685.0 1008296.0 1009233.0 1015761.0 986152.0 995645.0 1003531.0 1001633.0 1001684.0 1007161.0 994542.0 992780.0 986281.0 997025.0 997662.0 989363.0 1008451.0 1006030.0 985738.0 1018539.0 1003404.0 1000834.0 999298.0 992606.0 1000969.0 1004925.0 993424.0 987116.0 995771.0 1005670.0 993998.0 1004934.0 1003261.0 1006009.0 1002095.0 1007023.0 1000968.0 1000917.0 1005216.0 1003119.0 999644.0 1019048.0 1007032.0 986032.0 988815.0 999256.0 995056.0 983246.0 998011.0 998588.0 997460.0 1007317.0 988233.0 1009074.0 1000781.0 995068.0 997476.0 990845.0 998537.0 1005563.0 1000067.0 1005807.0 998894.0 1024409.0 996106.0 1000100.0 1003288.0 994438.0 1000634.0 1007924.0 1002860.0 1012478.0 995408.0 996143.0 999163.0 1000289.0 999788.0 1002746.0 988843.0 995934.0 1017332.0 1014965.0 1005777.0 1008166.0 1014442.0 998222.0 1004838.0 990819.0 1006848.0 1002641.0 998077.0 1000387.0 1002422.0 1003861.0 1002675.0 985030.0 997530.0 996449.0 995969.0 1003858.0 993522.0 993148.0 998939.0 1010812.0 1011731.0 998560.0 1015178.0 1005815.0 1001490.0 1001244.0 1001847.0 989592.0 1008221.0 1018885.0 998047.0 994251.0 999059.0 997226.0 978467.0 1010577.0 992076.0 995384.0 1011195.0 995561.0 993180.0 1002828.0 1003383.0 1000566.0 1017953.0 999940.0 1015454.0 996455.0 993579.0 984106.0 999728.0 997901.0 994083.0 1007395.0 1000023.0 993731.0 995659.0 992552.0 1006916.0 1006807.0 996679.0 994753.0 1013409.0 1000255.0 1000241.0 992545.0 997908.0 993350.0 1004060.0 990360.0 996539.0 994354.0 991969.0 992218.0 1008492.0 1007799.0 1010721.0 1005571.0 992050.0 996152.0 1003353.0 997157.0 996745.0 997114.0 987063.0 996805.0 1002003.0 1000205.0 992811.0 1000198.0 1008190.0 992604.0 997022.0 1012870.0 1006618.0 995610.0 988594.0 1000271.0 1008886.0 996408.0 994892.0 1006592.0 996716.0 1007674.0 994524.0 979056.0 1002738.0 1002340.0 1023726.0 985340.0 993446.0 997368.0 991808.0 994571.0 997522.0 1011992.0 1002393.0 1013135.0 1001709.0 1001205.0 997016.0 1001918.0 998373.0 1002145.0 1017276.0 995857.0 998154.0 991699.0 1007578.0 994511.0 995893.0 997571.0 1009240.0 1012369.0 1011878.0 1000453.0 1005357.0 996076.0 1006802.0 994184.0 989582.0 1002843.0 982962.0 996872.0 996404.0 991450.0 991335.0 1001968.0 996599.0 996098.0 983672.0 1001067.0 1009409.0 996099.0 988988.0 992651.0 1008742.0 1000909.0 996744.0 1006166.0 998686.0 988392.0 993875.0 993015.0 999332.0 1000191.0 991363.0 985260.0 998782.0 991902.0 995574.0 1003280.0 1008794.0 1001230.0 997558.0 1012441.0 1004099.0 1004493.0 990839.0 1009580.0 994492.0 996061.0 989829.0 999949.0 992522.0 991052.0 998641.0 1002205.0 992278.0 995340.0 1000726.0 1005129.0 1001678.0 1000669.0 989496.0 1001916.0 1006881.0 1010480.0 1010472.0 998939.0 997641.0 1003198.0 1002918.0 986311.0 1008439.0 998745.0 1001932.0 994957.0 999097.0 998715.0 995584.0 1003012.0 1001401.0 1005410.0 1001412.0 991016.0 990685.0 997852.0 1004317.0 996101.0 1000333.0 1005112.0 992278.0 993196.0 1003621.0 996289.0 1000122.0 1002052.0 999358.0 1008291.0 1001707.0 1012848.0 992900.0 999251.0 987523.0 992753.0 992187.0 1003747.0 994256.0 1010403.0 996360.0 1004986.0 1001484.0 996970.0 1016683.0 1002227.0 997370.0 991626.0 994164.0 1010003.0 982877.0 995384.0 1006995.0 1003491.0 1003180.0 995032.0 994692.0 987690.0 994782.0 1008141.0 997023.0 984371.0 1009701.0 997005.0 1012417.0 998021.0 998649.0 994332.0 1003195.0 1005652.0 1001881.0 999302.0 1002621.0 980011.0 1002008.0 1004019.0 988670.0 1001673.0 1007939.0 1002849.0 998904.0 1011243.0 988627.0 1002151.0 993770.0 994587.0 1007095.0 1007400.0 1006536.0 1002855.0 998625.0 997803.0 987916.0 1007010.0 994357.0 1000592.0 1005056.0 995652.0 999481.0 1017827.0 998693.0 1005641.0 1004390.0 1009754.0 1005028.0 999469.0 992227.0 989848.0 1000542.0 997187.0 1014437.0 1008917.0 989458.0 1003867.0 1009163.0 1003566.0 1001696.0 1013211.0 992504.0 988461.0 994240.0 995925.0 990470.0 1004781.0 994483.0 1005531.0 1016278.0 993145.0 986066.0 1006160.0 1002803.0 998646.0 1000214.0 989035.0 1000200.0 992056.0 994851.0 1002408.0 1001751.0 988849.0 1011357.0 1002352.0 993167.0 996930.0 1016290.0 1003518.0 994875.0 998860.0 996580.0 998365.0 1003761.0 1017575.0 1006689.0 996259.0 1008241.0 988731.0 990068.0 996336.0 988971.0 1000955.0 984989.0 994218.0 1007151.0 1006447.0 1007354.0 1001451.0 985164.0 1006845.0 1003263.0 991465.0 1008403.0 998334.0 997842.0 989947.0 993548.0 1016486.0 1000114.0 997099.0 1000358.0 990589.0 995558.0 1011424.0 1003472.0 997580.0 987355.0 994655.0 1002379.0 999537.0 1003854.0 1002460.0 992393.0 1001305.0 985669.0 1000154.0 999237.0 989251.0 1003592.0 1001257.0 997237.0 1006772.0 999557.0 1003520.0 1006416.0 1002605.0 994062.0 1000035.0 1007098.0 1008679.0 1009119.0 1002159.0 992190.0 1010530.0 1001333.0 988871.0 1007242.0 1000800.0 1003208.0 1009272.0 991438.0 1004629.0 1009175.0 995077.0 996986.0 991064.0 997485.0 990056.0 995198.0 995945.0 994969.0 990231.0 994373.0 1004382.0 989138.0 995298.0 996504.0 999536.0 995074.0 1003317.0 990006.0 1006009.0 992341.0 1003106.0 1002774.0 990751.0 1010320.0 1000485.0 993844.0 985912.0 1000814.0 1017191.0 1002369.0 988314.0 992675.0 1005661.0 1004498.0 1002245.0 1001339.0 1000816.0 1014542.0 1009703.0 1001825.0 995477.0 989729.0 1001284.0 1001411.0 995125.0 1006973.0 991848.0 1026627.0 977487.0 1007974.0 992714.0 1001537.0 1021666.0 990401.0 989025.0 998872.0 996095.0 998880.0 997853.0 1018057.0 998839.0 1001906.0 994719.0 1003773.0 1017403.0 1010830.0 1004407.0 1017913.0 1012983.0 996852.0 1001500.0 1004772.0 996711.0 1000235.0 989357.0 1001954.0 1009781.0 1026963.0 1003543.0 992794.0 995003.0 1003310.0 988530.0 1003885.0 1008940.0 995216.0 999621.0 995330.0 995382.0 995538.0 988848.0 993570.0 999601.0 997975.0 988404.0 999879.0 1008033.0 1006040.0 991961.0 997810.0 999184.0 1003926.0 1002675.0 1009809.0 1009132.0 983942.0 1003456.0 998156.0 1000455.0 1008172.0 1008462.0 1002673.0 995543.0 1007573.0 994270.0 1001814.0 999412.0 997940.0 1003205.0 1006101.0 1004396.0 1002943.0 1024803.0 1002915.0 993577.0 989072.0 1001116.0 1005304.0 998621.0 1005433.0 996048.0 1009610.0 997343.0 1004262.0 991029.0 996530.0 1005201.0 1000973.0 992976.0 1011164.0 999190.0 985209.0 1006894.0 1008727.0 983181.0 996388.0 1004817.0 1011230.0 1007459.0 989049.0 1004966.0 990799.0 1001291.0 994442.0 992897.0 1004220.0 995653.0 993110.0 1007909.0 998842.0 1004242.0 1004082.0 1008182.0 1004894.0 1020224.0 1006022.0 1003239.0 990562.0 997063.0 993204.0 1000057.0 998924.0 994312.0 1002777.0 990842.0 992562.0 997412.0 1002657.0 994140.0 1001038.0 1006224.0 1001070.0 1006329.0 982909.0 995559.0 992056.0 998167.0 1007137.0 998310.0 1006355.0 993324.0 1008013.0 1001792.0 1011368.0 993986.0 998286.0 1003035.0 1009304.0 1008026.0 1000711.0 988801.0 1001622.0 976761.0 996016.0 989788.0 1000912.0 995283.0 1021685.0 992397.0 1002376.0 1000543.0 1000696.0 999310.0 1003729.0 999508.0 1006991.0 997930.0 1000392.0 1004329.0 981844.0 999130.0 1010762.0 1007902.0 1000778.0 1005166.0 997680.0 998916.0 994708.0 998671.0 998136.0 992422.0 1000708.0 991878.0 993250.0 1001274.0 997237.0 1003238.0 995857.0 993406.0 1013536.0 1016342.0 991100.0 992383.0 990418.0 1005271.0 1010853.0 1010346.0 1010517.0 999573.0 1000335.0 1013396.0 993026.0 998844.0 1001661.0 1005243.0 1005435.0 997406.0 1005092.0 1000989.0 1002950.0 991351.0 992325.0 1002127.0 1002447.0 1009502.0 1008703.0 1002753.0 1004042.0 998886.0 995125.0 1003224.0 988373.0 1001141.0 996990.0 998119.0 1008914.0 1002032.0 993347.0 1008052.0 990538.0 1017828.0 1010677.0 1009282.0 1002465.0 997583.0 1001250.0 1011740.0 986650.0 999936.0 999666.0 1001084.0 1009827.0 1007567.0 986268.0 1009169.0 1009889.0 995485.0 1014250.0 994827.0 991256.0 992845.0 996210.0 1003299.0 1011784.0 996106.0 1014901.0 1003067.0 1001659.0 993568.0 998053.0 991403.0 983938.0 987608.0 995179.0 1005143.0 1006535.0 995266.0 1007494.0 1004703.0 995928.0 1016191.0 999335.0 990422.0 1003860.0 984862.0 1000547.0 996370.0 1001823.0 1001817.0 1011474.0 1005036.0 1004828.0 995764.0 990211.0 992687.0 1016734.0 991136.0 1005912.0 991952.0 984876.0 1006696.0 997020.0 1002226.0 1008299.0 992355.0 985672.0 1005788.0 1000138.0 1012006.0 997581.0 1005021.0 997944.0 1016259.0 1009093.0 1000647.0 998848.0 1000002.0 1001823.0 996557.0 996515.0 1001118.0 999147.0 1005687.0 996290.0 998811.0 1001403.0 993833.0 998075.0 1008148.0 994437.0 1009408.0 1021097.0 994084.0 1008211.0 1006053.0 998175.0 1009003.0 1003316.0 999375.0 983822.0 997830.0 1000492.0 1010998.0 982529.0 1005105.0 1007289.0 1007930.0 998932.0 1007374.0 989953.0 1002030.0 992012.0 999279.0 999709.0 1005987.0 997990.0 1008495.0 995514.0 985490.0 999453.0 1002159.0 1002678.0 989517.0 1002109.0 993715.0 993489.0 993528.0 995676.0 988831.0 1001230.0 992896.0 1000836.0 985539.0 1003253.0 1010831.0 1004266.0 1007927.0 989936.0 1005161.0 1004362.0 990659.0 1001625.0 999567.0 1006402.0 1012669.0 1003249.0 996977.0 998071.0 1009385.0 1006703.0 984230.0 999458.0 1000744.0 1015206.0 1002032.0 1000540.0 1018803.0 994692.0 996929.0 1014818.0 991115.0 997229.0 987965.0 1001602.0 991085.0 1009335.0 995413.0 1002574.0 993661.0 995001.0 988075.0 996096.0 994397.0 1012176.0 1000893.0 1008807.0 994682.0 1011283.0 1003433.0 1007029.0 981020.0 1012904.0 1006930.0 991901.0 995058.0 997630.0 1006740.0 996877.0 1000079.0 1006891.0 1008293.0 987451.0 978485.0 999672.0 996188.0 997391.0 1010219.0 994275.0 1000248.0 1010644.0 994545.0 991748.0 987391.0 1011319.0 993680.0 1007531.0 998745.0 1004798.0 998238.0 1008486.0 1007515.0 1000484.0 1005068.0 1016397.0 995847.0 997864.0 996878.0 991005.0 1007308.0 1006381.0 1000954.0 992613.0 1009507.0 995957.0 1000608.0 1001027.0 990542.0 1007486.0 989434.0 997966.0 990702.0 984552.0 995404.0 991281.0 990568.0 989251.0 1008735.0 1003799.0 1007026.0 983728.0 1006533.0 997329.0 1005098.0 998799.0 1002638.0 1023904.0 989601.0 1006514.0 1002430.0 998261.0 1002746.0 1001530.0 1006272.0 1001546.0 1006079.0 1004596.0 1007662.0 992362.0 1005291.0 1005186.0 1010760.0 992927.0 1007441.0 1000398.0 999828.0 1010930.0 1002830.0 1002506.0 993460.0 997675.0 1001028.0 990010.0 999700.0 985537.0 1010731.0 1002865.0 985926.0 1001669.0 998161.0 994001.0 983471.0 990510.0 998029.0 1013048.0 997744.0 1006015.0 1003299.0 1002985.0 999975.0 1012537.0 988155.0 1009896.0 1001889.0 1001084.0 983124.0 994632.0 1010648.0 1007563.0 1001402.0 995436.0 997948.0 1011987.0 1005362.0 1001854.0 999840.0 1003019.0 995864.0 1001022.0 987452.0 989329.0 1002016.0 998700.0 985701.0 1003619.0 1007861.0 1003510.0 995858.0 990561.0 993509.0 1002935.0 1002667.0 989875.0 992944.0 1003603.0 1002361.0 993406.0 997550.0 1002049.0 995936.0 999048.0 1000032.0 1012688.0 999110.0 999084.0 988008.0 1006469.0 991712.0 996602.0 1001228.0 1003682.0 999110.0 1000845.0 1002645.0 1011561.0 992301.0 998309.0 1006672.0 989112.0 993113.0 1004931.0 988760.0 989054.0 985981.0 1003069.0 1002081.0 1007433.0 1016216.0 1002937.0 992786.0 993959.0 1011744.0 1006349.0 1002119.0 1003450.0 1004671.0 990608.0 1004613.0 1002796.0 992222.0 1002907.0 1009613.0 1000827.0 992365.0 995521.0 998174.0 996066.0 998329.0 987914.0 1007642.0 1011587.0 979702.0 1003521.0 1003839.0 1005017.0 988946.0 997337.0 1006528.0 1003302.0 999182.0 1008682.0 1011775.0 994009.0 998364.0 995031.0 998854.0 999527.0 1013238.0 989992.0 997878.0 995887.0 995624.0 1001838.0 1007710.0 1008590.0 1013965.0 1000649.0 985995.0 1004979.0 1001058.0 996438.0 997172.0 1003582.0 998950.0 1001203.0 1004084.0 1002153.0 994265.0 1003606.0 989757.0 1004682.0 1008904.0 986343.0 1012201.0 998506.0 1013815.0 995859.0 992069.0 989845.0 1000700.0 997966.0 1013975.0 1004549.0 997111.0 1002559.0 995622.0 1001336.0 989383.0 1001524.0 1000023.0 997108.0 999294.0 995431.0 1005420.0 994008.0 1002694.0 994876.0 995293.0 997626.0 996675.0 1001401.0 1005692.0 1005981.0 1008830.0 1002582.0 999405.0 990787.0 1003377.0 1002029.0 1012240.0 1003530.0 993484.0 999220.0 1001300.0 998431.0 992889.0 1003505.0 1006424.0 1010131.0 1011968.0 1002840.0 1003684.0 1004095.0 1002480.0 1007574.0 981602.0 998057.0 1011199.0 1004123.0 1012625.0 1004238.0 1011520.0 989144.0 1015732.0 1001890.0 996851.0 1000138.0 993952.0 977237.0 992584.0 1018584.0 1006769.0 999323.0 998971.0 998221.0 996218.0 999479.0 991441.0 1004245.0 989813.0 1000768.0 990644.0 1002241.0 999086.0 998212.0 991077.0 998866.0 1011894.0 1011416.0 984821.0 995337.0 993619.0 1012836.0 997255.0 1014166.0 997314.0 1013032.0 1010271.0 988470.0 988984.0 ]

10002 actual elapsed

T=914929, R=0, W=0
T=1136601, R=0, W=0
T=1461052, R=0, W=0
T=1110257, R=0, W=0
T=1026969, R=0, W=0
T=1245135, R=0, W=0
T=1159424, R=0, W=0
T=982421, R=0, W=0
T=1374193, R=0, W=0
T=1181688, R=0, W=0
T=855589, R=0, W=0
T=1025522, R=0, W=0
T=1240460, R=0, W=0
T=1147853, R=0, W=0
T=822359, R=0, W=0
T=1447927, R=0, W=0
T=1054034, R=0, W=0
T=1052897, R=0, W=0
T=1121498, R=0, W=0
T=1136292, R=0, W=0
T=1023900, R=0, W=0
T=755022, R=0, W=0
T=1091011, R=0, W=0
T=1539482, R=0, W=0
T=985494, R=0, W=0
T=1114675, R=0, W=0
T=1420151, R=0, W=0
T=907909, R=0, W=0
T=999376, R=0, W=0
T=1040253, R=0, W=0
T=1391972, R=0, W=0
T=1170547, R=0, W=0
T=961702, R=0, W=0
T=1146072, R=0, W=0
T=1327795, R=0, W=0
T=1160423, R=0, W=0
T=957907, R=0, W=0
T=1438940, R=0, W=0
T=1498940, R=0, W=0
T=1042829, R=0, W=0
T=1209921, R=0, W=0
T=1171537, R=0, W=0
T=1608334, R=0, W=0
T=1242573, R=0, W=0
T=1011191, R=0, W=0
T=1021861, R=0, W=0
T=1195447, R=0, W=0
T=1234141, R=0, W=0
T=1088844, R=0, W=0
T=1035160, R=0, W=0
T=1448367, R=0, W=0
T=771121, R=0, W=0
T=1216389, R=0, W=0
T=1390493, R=0, W=0
T=1080055, R=0, W=0
T=1067455, R=0, W=0
T=1209313, R=0, W=0
T=1128879, R=0, W=0
T=1012507, R=0, W=0
T=1326568, R=0, W=0
T=1166142, R=0, W=0
T=1300838, R=0, W=0
T=918110, R=0, W=0
T=1085623, R=0, W=0

TOTAL: T=73412369, R=0, W=0
--- 46,744 MB collected in 0.104 secs (0.7% of total), longest GC took 0.005 secs
DATA gc:  total_k 47866272  total_secs 0.103564  max_secs 0.005491
