startup =       4000
elapsed =       10000
threads =       8
accounts =      256
init =          1000000
maxAmount =     10
readFreq =      0
writeFreq =     0
readThreads =   0
writeThreads =  0
disjointTrans = false
yieldALot =     false
flavour =       d

warming up
timed execution

TOTAL=2.55999984E8 [ 1011737.0 989330.0 1007100.0 1004193.0 1015589.0 984807.0 1003520.0 997822.0 1008345.0 980677.0 1006104.0 992081.0 989579.0 1010005.0 1000317.0 1016686.0 990982.0 989196.0 1023573.0 996499.0 1003140.0 1006376.0 994223.0 1000668.0 1001016.0 997046.0 974463.0 994541.0 1003027.0 1001088.0 992318.0 1012396.0 1007219.0 998415.0 986329.0 999034.0 994748.0 1013001.0 998971.0 1002750.0 997416.0 1007100.0 1009347.0 1012365.0 1014784.0 985251.0 1001025.0 985968.0 987680.0 985092.0 991853.0 992009.0 1020990.0 1010938.0 1016538.0 1003093.0 995595.0 1001658.0 986439.0 986286.0 1023633.0 1011437.0 1015039.0 1009160.0 988285.0 1020617.0 981526.0 998078.0 1019150.0 993948.0 993688.0 999184.0 992492.0 996013.0 996543.0 1016768.0 990718.0 993682.0 991266.0 999223.0 985109.0 1008570.0 1008503.0 1013605.0 1009229.0 1006432.0 989040.0 1002154.0 1024636.0 995409.0 994997.0 1012196.0 1005414.0 995559.0 1023928.0 993592.0 983206.0 1016064.0 999651.0 1007489.0 1005312.0 1012668.0 994412.0 978984.0 1014651.0 995553.0 991611.0 997763.0 998175.0 1022042.0 1005171.0 994348.0 1001497.0 998881.0 993575.0 998272.0 993161.0 1004002.0 1036700.0 1004724.0 994359.0 1002655.0 991696.0 1003117.0 1009970.0 989253.0 1006459.0 997101.0 989818.0 988238.0 996283.0 988943.0 986584.0 1019206.0 975871.0 999265.0 1004833.0 1000397.0 982273.0 991946.0 995630.0 1005687.0 1012240.0 1005440.0 1016909.0 1010740.0 1005787.0 1022961.0 1001301.0 1010077.0 987064.0 1000156.0 1000751.0 999675.0 1005220.0 997828.0 1009934.0 986846.0 981447.0 985312.0 1010860.0 1020359.0 995400.0 986106.0 986912.0 998865.0 1012970.0 989516.0 1005367.0 991616.0 981355.0 998195.0 996717.0 1007493.0 982323.0 1020328.0 999633.0 977997.0 1025827.0 1004438.0 995809.0 1015941.0 1028395.0 1016997.0 987301.0 1002503.0 1027456.0 996799.0 996020.0 994672.0 1001288.0 990200.0 1001574.0 1000059.0 985937.0 1012105.0 993647.0 985953.0 1018203.0 994030.0 994423.0 1001596.0 984158.0 984587.0 1003669.0 992040.0 1004754.0 1005318.0 969362.0 997276.0 1002823.0 1000081.0 992875.0 996884.0 991466.0 994298.0 982163.0 992768.0 1007691.0 1006411.0 1003396.0 1009008.0 995330.0 1006638.0 988692.0 1004570.0 1002881.0 1019190.0 995777.0 1010368.0 990269.0 995971.0 997610.0 991972.0 996438.0 1000788.0 1010851.0 987438.0 1006586.0 992007.0 994114.0 989453.0 992060.0 1012966.0 961870.0 1002284.0 1010468.0 1001702.0 1014338.0 984321.0 987833.0 992281.0 994080.0 1015784.0 1006830.0 995682.0 ]

10002 actual elapsed

T=5393813, R=0, W=0
T=5650941, R=0, W=0
T=5115308, R=0, W=0
T=5288539, R=0, W=0
T=5606488, R=0, W=0
T=5369017, R=0, W=0
T=6092355, R=0, W=0
T=5633182, R=0, W=0

TOTAL: T=44149643, R=0, W=0
--- 28,455 MB collected in 0.040 secs (0.3% of total), longest GC took 0.002 secs
DATA gc:  total_k 29138413  total_secs 0.040051  max_secs 0.002332
