startup =       4000
elapsed =       10000
threads =       32
accounts =      256
init =          1000000
maxAmount =     10
readFreq =      0
writeFreq =     0
readThreads =   0
writeThreads =  0
disjointTrans = false
yieldALot =     false

warming up
timed execution

TOTAL=2.55999984E8 [ 996793.0 1007514.0 1013005.0 958856.0 996341.0 963069.0 1016853.0 984490.0 1011100.0 986603.0 1001366.0 978192.0 1005023.0 1023451.0 979732.0 1028830.0 981398.0 985086.0 994527.0 1033648.0 973738.0 1033007.0 996468.0 1001586.0 1045686.0 1013093.0 1000667.0 984758.0 1008836.0 986985.0 1007584.0 1038247.0 1023429.0 973445.0 1011418.0 992145.0 984764.0 1022528.0 986245.0 967107.0 991713.0 1000231.0 1042788.0 970982.0 994407.0 993821.0 961395.0 990651.0 1009886.0 1021889.0 1008196.0 1008227.0 982459.0 1005733.0 977002.0 1004571.0 981490.0 970928.0 969761.0 991918.0 1033648.0 984167.0 1004435.0 981784.0 998707.0 999752.0 1004956.0 1026760.0 969386.0 987229.0 986871.0 1006729.0 1028460.0 1005210.0 993646.0 1023358.0 975446.0 997536.0 990023.0 1016170.0 1019025.0 1000326.0 1016570.0 1029792.0 970770.0 1000092.0 999490.0 992495.0 1033130.0 1025151.0 999288.0 988270.0 1002666.0 996569.0 959345.0 994633.0 1016077.0 1009467.0 1049123.0 1026510.0 1006025.0 970548.0 980205.0 1029970.0 1022521.0 991748.0 975316.0 983510.0 1020682.0 1001009.0 1038938.0 999308.0 1007319.0 1015314.0 993647.0 973469.0 1027539.0 1001950.0 997307.0 1016430.0 999411.0 942432.0 1026219.0 1000582.0 1016756.0 1000808.0 988254.0 1007195.0 1005009.0 995138.0 1024626.0 1012028.0 996201.0 1003822.0 993473.0 1012686.0 1010167.0 1013523.0 1008643.0 1019387.0 982320.0 999669.0 1012476.0 1029643.0 1010624.0 1031406.0 987688.0 1019870.0 999900.0 968232.0 1014224.0 1015190.0 967468.0 1017052.0 998122.0 1019313.0 997708.0 1032204.0 976957.0 997558.0 974147.0 987565.0 996273.0 992545.0 991454.0 993540.0 1026414.0 1023563.0 1020051.0 1013637.0 1013286.0 1015912.0 1017679.0 1007202.0 1006536.0 983178.0 980300.0 994713.0 1016911.0 1013004.0 1014130.0 993775.0 993183.0 1000006.0 989175.0 975104.0 980493.0 983576.0 1009283.0 1007323.0 1002354.0 995076.0 1045076.0 979834.0 1007667.0 948696.0 1017146.0 965984.0 986623.0 1011333.0 981715.0 991667.0 1011635.0 965808.0 1027900.0 1005590.0 993748.0 996883.0 1016393.0 999649.0 986303.0 1006208.0 980854.0 975585.0 991074.0 1032261.0 979260.0 1042827.0 1040015.0 1018484.0 987733.0 996862.0 979987.0 1002997.0 987053.0 1024559.0 975742.0 1007676.0 990530.0 987407.0 986013.0 1026058.0 978940.0 999171.0 951087.0 994708.0 1006323.0 1030870.0 1006987.0 1015747.0 992061.0 1015471.0 991341.0 983026.0 984819.0 992347.0 939175.0 992841.0 997828.0 1009426.0 980274.0 995109.0 978164.0 1001108.0 982288.0 985204.0 ]

10002 actual elapsed

T=1740958, R=0, W=0
T=1769664, R=0, W=0
T=1877784, R=0, W=0
T=1831287, R=0, W=0
T=1693512, R=0, W=0
T=1756347, R=0, W=0
T=1719611, R=0, W=0
T=1862374, R=0, W=0
T=1772480, R=0, W=0
T=1744920, R=0, W=0
T=1735148, R=0, W=0
T=1621818, R=0, W=0
T=1803807, R=0, W=0
T=1934012, R=0, W=0
T=1867297, R=0, W=0
T=1713809, R=0, W=0
T=1580120, R=0, W=0
T=1618536, R=0, W=0
T=1741340, R=0, W=0
T=1601278, R=0, W=0
T=1871922, R=0, W=0
T=1597983, R=0, W=0
T=1880761, R=0, W=0
T=1715689, R=0, W=0
T=1554366, R=0, W=0
T=1808959, R=0, W=0
T=1818625, R=0, W=0
T=1413846, R=0, W=0
T=1783895, R=0, W=0
T=1777517, R=0, W=0
T=1885694, R=0, W=0
T=1821977, R=0, W=0

TOTAL: T=55917336, R=0, W=0
--- 36,596 MB collected in 0.099 secs (0.7% of total), longest GC took 0.004 secs
DATA gc:  total_k 37475091  total_secs 0.099164  max_secs 0.003728
