startup =       20000
elapsed =       10000
threads =       2
accounts =      128
init =          1000000
maxAmount =     10
readFreq =      0
writeFreq =     0
readThreads =   0
writeThreads =  0
disjointTrans = false
yieldALot =     false
flavour =       t

warming up
timed execution

TOTAL=1.28000008E8 [ 1000719.0 998701.0 997533.0 1001428.0 995713.0 998712.0 999915.0 998466.0 998508.0 999793.0 1000566.0 1001243.0 1000954.0 1002713.0 1002112.0 1001522.0 999600.0 998552.0 998513.0 998537.0 1000630.0 999600.0 998422.0 1000729.0 997088.0 997646.0 997724.0 999835.0 998712.0 999605.0 1002145.0 1002386.0 998380.0 1001191.0 1001714.0 1001192.0 1000740.0 1001605.0 1003637.0 998668.0 998256.0 1000317.0 999438.0 997757.0 1000292.0 1002553.0 1002885.0 1002083.0 1001271.0 998670.0 999192.0 1001986.0 1000481.0 1000536.0 999720.0 1000604.0 1001293.0 998512.0 1003257.0 999427.0 998448.0 1002251.0 1002268.0 999776.0 998097.0 996221.0 999322.0 1000400.0 998440.0 1002068.0 999173.0 998635.0 1000102.0 999969.0 999895.0 1001984.0 999038.0 1002124.0 1002951.0 999738.0 996827.0 999915.0 1001218.0 998970.0 996287.0 999618.0 1002638.0 998761.0 998538.0 1000661.0 999910.0 997904.0 1000511.0 998655.0 1002445.0 1000781.0 995138.0 998161.0 1002681.0 999441.0 1000580.0 1000452.0 1001324.0 1002691.0 1001070.0 999479.0 1002399.0 1000609.0 998950.0 996731.0 999144.0 997628.0 1002127.0 1001534.0 1002430.0 1000076.0 998394.0 1001685.0 998386.0 1002463.0 1000629.0 999956.0 998998.0 1001773.0 998646.0 1001485.0 1000208.0 996214.0 ]

10023 actual elapsed

T=1116857, R=0, W=0
T=1116547, R=0, W=0

TOTAL: T=2233404, R=0, W=0
--- 2227 MB collected in 0.612 secs (2.0% of total), longest GC took 0.161 secs
DATA gc:  total_k 2281093  total_secs 0.611873  max_secs 0.161402
