startup =       4000
elapsed =       10000
threads =       128
accounts =      128
init =          1000000
maxAmount =     10
readFreq =      0
writeFreq =     0
readThreads =   0
writeThreads =  0
disjointTrans = false
yieldALot =     false
flavour =       t

warming up
timed execution

TOTAL=1.27999992E8 [ 1002062.0 1001529.0 1011662.0 1000660.0 1001406.0 1004213.0 1006648.0 1009570.0 992343.0 988016.0 1005399.0 1014852.0 1004545.0 995472.0 993478.0 1016196.0 996054.0 998841.0 1008200.0 999345.0 992013.0 993261.0 998649.0 999243.0 994635.0 998231.0 999028.0 996149.0 1007988.0 996572.0 996855.0 997625.0 1003551.0 996816.0 1010193.0 1006792.0 996165.0 998510.0 996157.0 996372.0 1002525.0 992884.0 1006530.0 1008831.0 994343.0 993270.0 990343.0 984499.0 1005491.0 1005804.0 1003101.0 999932.0 1000673.0 1003095.0 1001764.0 1007205.0 1007493.0 1017116.0 1001855.0 1002960.0 1010084.0 998488.0 997078.0 989637.0 995314.0 991950.0 1009022.0 994571.0 1004223.0 1001196.0 991686.0 1007406.0 995629.0 994764.0 1005001.0 988453.0 995569.0 1005879.0 988809.0 1007416.0 1002863.0 998749.0 1001942.0 1006357.0 1004847.0 987989.0 999082.0 1011585.0 999321.0 990660.0 1002818.0 1002471.0 1010463.0 988999.0 1003157.0 1006887.0 993315.0 982667.0 996264.0 1003447.0 984174.0 999094.0 1010331.0 1009357.0 1004745.0 1000379.0 991825.0 1000543.0 1001481.0 1003492.0 1000318.0 1003611.0 999601.0 1001729.0 998592.0 991332.0 1001956.0 994340.0 1006665.0 1004220.0 994169.0 1002108.0 986227.0 991958.0 1001767.0 993302.0 1005003.0 996613.0 ]

10001 actual elapsed

T=523224, R=0, W=0
T=509916, R=0, W=0
T=519673, R=0, W=0
T=522473, R=0, W=0
T=498587, R=0, W=0
T=508400, R=0, W=0
T=473755, R=0, W=0
T=500147, R=0, W=0
T=476304, R=0, W=0
T=485580, R=0, W=0
T=485096, R=0, W=0
T=545303, R=0, W=0
T=430532, R=0, W=0
T=411398, R=0, W=0
T=519191, R=0, W=0
T=507192, R=0, W=0
T=494071, R=0, W=0
T=499004, R=0, W=0
T=457922, R=0, W=0
T=484501, R=0, W=0
T=454322, R=0, W=0
T=490577, R=0, W=0
T=505767, R=0, W=0
T=477264, R=0, W=0
T=478896, R=0, W=0
T=471528, R=0, W=0
T=446749, R=0, W=0
T=485078, R=0, W=0
T=520904, R=0, W=0
T=604557, R=0, W=0
T=465389, R=0, W=0
T=491873, R=0, W=0
T=491305, R=0, W=0
T=501845, R=0, W=0
T=492080, R=0, W=0
T=463762, R=0, W=0
T=500134, R=0, W=0
T=495119, R=0, W=0
T=421598, R=0, W=0
T=444849, R=0, W=0
T=481956, R=0, W=0
T=468054, R=0, W=0
T=482340, R=0, W=0
T=497424, R=0, W=0
T=499274, R=0, W=0
T=496250, R=0, W=0
T=473388, R=0, W=0
T=458558, R=0, W=0
T=465931, R=0, W=0
T=447790, R=0, W=0
T=506213, R=0, W=0
T=501418, R=0, W=0
T=494484, R=0, W=0
T=500114, R=0, W=0
T=470423, R=0, W=0
T=486397, R=0, W=0
T=475194, R=0, W=0
T=486570, R=0, W=0
T=489598, R=0, W=0
T=487052, R=0, W=0
T=491502, R=0, W=0
T=493448, R=0, W=0
T=425822, R=0, W=0
T=437116, R=0, W=0
T=486671, R=0, W=0
T=455046, R=0, W=0
T=539076, R=0, W=0
T=485066, R=0, W=0
T=488945, R=0, W=0
T=479727, R=0, W=0
T=508114, R=0, W=0
T=509470, R=0, W=0
T=461704, R=0, W=0
T=449141, R=0, W=0
T=451087, R=0, W=0
T=466670, R=0, W=0
T=525520, R=0, W=0
T=453455, R=0, W=0
T=478840, R=0, W=0
T=413228, R=0, W=0
T=477386, R=0, W=0
T=542436, R=0, W=0
T=459351, R=0, W=0
T=457080, R=0, W=0
T=496328, R=0, W=0
T=488631, R=0, W=0
T=497989, R=0, W=0
T=502887, R=0, W=0
T=487443, R=0, W=0
T=406990, R=0, W=0
T=519787, R=0, W=0
T=477900, R=0, W=0
T=511510, R=0, W=0
T=459813, R=0, W=0
T=477191, R=0, W=0
T=406167, R=0, W=0
T=450739, R=0, W=0
T=489767, R=0, W=0
T=469046, R=0, W=0
T=439371, R=0, W=0
T=444188, R=0, W=0
T=493654, R=0, W=0
T=443203, R=0, W=0
T=434089, R=0, W=0
T=523927, R=0, W=0
T=451695, R=0, W=0
T=434668, R=0, W=0
T=491392, R=0, W=0
T=429804, R=0, W=0
T=500605, R=0, W=0
T=469440, R=0, W=0
T=488621, R=0, W=0
T=503923, R=0, W=0
T=526776, R=0, W=0
T=499414, R=0, W=0
T=445535, R=0, W=0
T=495210, R=0, W=0
T=439383, R=0, W=0
T=505294, R=0, W=0
T=493828, R=0, W=0
T=466952, R=0, W=0
T=550854, R=0, W=0
T=447595, R=0, W=0
T=483454, R=0, W=0
T=521130, R=0, W=0
T=488391, R=0, W=0
T=514596, R=0, W=0
T=389332, R=0, W=0

TOTAL: T=61618706, R=0, W=0
--- 43,788 MB collected in 0.118 secs (0.8% of total), longest GC took 0.007 secs
DATA gc:  total_k 44839412  total_secs 0.117545  max_secs 0.007276
