startup =       20000
elapsed =       10000
threads =       16
accounts =      1024
init =          1000000
maxAmount =     10
readFreq =      0
writeFreq =     0
readThreads =   0
writeThreads =  0
disjointTrans = false
yieldALot =     false
flavour =       d

warming up
timed execution

TOTAL=1.02399981E9 [ 1001670.0 997266.0 1000095.0 999098.0 997045.0 996934.0 999237.0 996180.0 1002844.0 999442.0 1001057.0 1002260.0 1000022.0 999646.0 997475.0 999697.0 1000561.0 998640.0 1001029.0 1002848.0 1000580.0 1000740.0 1000523.0 1001707.0 1001484.0 1000592.0 1000323.0 998269.0 1002051.0 998669.0 1000815.0 1002006.0 1002245.0 1000095.0 1000718.0 999237.0 1001256.0 1001092.0 998612.0 1001053.0 1000766.0 1001775.0 1000316.0 997408.0 1000297.0 1000424.0 997087.0 1001129.0 1002337.0 998227.0 997847.0 1002846.0 997909.0 998334.0 1000374.0 997455.0 999772.0 999717.0 1001044.0 999291.0 999088.0 1000880.0 999651.0 999359.0 998564.0 998718.0 1000205.0 999789.0 1001294.0 1001026.0 1001796.0 1002030.0 998200.0 998461.0 998358.0 998826.0 999210.0 1001865.0 1000227.0 1002573.0 1000468.0 998222.0 1000613.0 996101.0 999529.0 997554.0 997192.0 1003115.0 1001152.0 999661.0 998044.0 1000786.0 1000467.0 997765.0 1002223.0 998189.0 997815.0 1001511.0 1000605.0 999717.0 998951.0 1000975.0 1002554.0 999959.0 1005354.0 998999.0 1001650.0 1004295.0 1001161.0 998777.0 998921.0 997780.0 997476.0 999437.0 998949.0 999944.0 997914.0 998315.0 1000835.0 1001136.0 1000486.0 999977.0 998331.0 999600.0 999600.0 999759.0 1002321.0 993538.0 1001074.0 997864.0 998601.0 997034.0 1001224.0 1000159.0 997680.0 1000601.0 999259.0 995074.0 997737.0 999091.0 998333.0 997593.0 1000857.0 997592.0 998739.0 999775.0 998887.0 999435.0 999775.0 1000694.0 998653.0 999826.0 998378.0 998868.0 1004261.0 996576.0 999201.0 1003820.0 1000975.0 1001189.0 998502.0 1000523.0 997743.0 1001277.0 1002284.0 1000737.0 999462.0 999676.0 1003087.0 999519.0 1001101.0 1006804.0 1002369.0 998645.0 1003950.0 1000086.0 998405.0 999778.0 1000559.0 1001848.0 999751.0 998727.0 998956.0 1002066.0 999613.0 997793.0 999895.0 999369.0 998780.0 1000737.0 1003892.0 999237.0 1000185.0 1000338.0 997919.0 998838.0 1000682.0 1002636.0 997595.0 999428.0 1001507.0 1004043.0 1001446.0 1001812.0 1001032.0 1001398.0 1001044.0 999690.0 999899.0 996878.0 1000022.0 1003397.0 998079.0 1001085.0 1002017.0 1001777.0 994703.0 1000440.0 999271.0 1001951.0 1002624.0 1000177.0 999018.0 997032.0 1001289.0 1001152.0 1001533.0 1001855.0 1000090.0 1000629.0 999062.0 999309.0 1002762.0 1003545.0 999963.0 1002690.0 995321.0 1003684.0 999632.0 998289.0 999584.0 998813.0 1000124.0 996248.0 999065.0 1001796.0 1001753.0 1000748.0 1001401.0 999533.0 1000742.0 1000928.0 1001098.0 1003272.0 1001304.0 999580.0 999455.0 997316.0 1001812.0 999430.0 1003291.0 1000328.0 997485.0 999568.0 999735.0 1002621.0 999983.0 997783.0 998945.0 998537.0 1001000.0 1000784.0 1001929.0 1000053.0 1000507.0 997668.0 1001263.0 999808.0 1004679.0 998786.0 999836.0 999204.0 999626.0 999331.0 999131.0 1000028.0 996018.0 1000754.0 999802.0 996518.0 1002250.0 1004039.0 1001634.0 1001428.0 999200.0 999117.0 998275.0 1001769.0 999856.0 1000113.0 1001675.0 996596.0 999012.0 1003088.0 1003804.0 1002370.0 1002644.0 997599.0 1000023.0 1000959.0 999235.0 1000308.0 1001621.0 1001442.0 1001936.0 999345.0 998675.0 999708.0 1000005.0 997908.0 1000230.0 999956.0 1000224.0 999902.0 1003448.0 997988.0 999565.0 1001039.0 998398.0 999455.0 997682.0 998572.0 999016.0 997847.0 1000151.0 999130.0 1002128.0 1000336.0 997726.0 1000557.0 999578.0 1001009.0 1001181.0 1000744.0 1001450.0 999685.0 998517.0 999604.0 999956.0 1001825.0 999380.0 998229.0 998315.0 1000283.0 998021.0 1000861.0 1000595.0 1001285.0 1003434.0 998017.0 1002111.0 999449.0 1002985.0 1004620.0 999554.0 1001046.0 999242.0 1001026.0 1002704.0 997139.0 1001122.0 998966.0 999727.0 1000818.0 1001961.0 998194.0 998696.0 1005173.0 1001128.0 999306.0 999344.0 1001144.0 997139.0 998970.0 999709.0 999677.0 997850.0 998287.0 1000939.0 996713.0 1001095.0 1002662.0 998975.0 996245.0 1002341.0 1000864.0 1001676.0 998319.0 998492.0 1000753.0 1003112.0 1002153.0 998797.0 1000592.0 999261.0 999735.0 1000915.0 997447.0 997913.0 996512.0 995299.0 1001835.0 997772.0 1001226.0 1001293.0 999709.0 1001256.0 999405.0 1000658.0 998105.0 998449.0 998964.0 1002554.0 1003670.0 1001010.0 1001203.0 999896.0 1000141.0 996815.0 1003069.0 997660.0 998571.0 998484.0 999701.0 999672.0 998609.0 1004650.0 1002117.0 1001358.0 998467.0 998945.0 999948.0 997931.0 999691.0 1001404.0 997197.0 999289.0 1002791.0 1001122.0 997933.0 1000835.0 1002954.0 1003944.0 999634.0 1002112.0 998215.0 999468.0 999332.0 995217.0 1001617.0 999878.0 1000989.0 998929.0 1000878.0 1000418.0 1000764.0 997173.0 1004015.0 1000092.0 998984.0 1000200.0 1000509.0 1000629.0 1001375.0 997238.0 998916.0 999901.0 1002131.0 1001088.0 999538.0 997146.0 997829.0 997601.0 1002863.0 999664.0 996313.0 1000758.0 1000123.0 999443.0 997960.0 1000768.0 999736.0 998756.0 1000504.0 998937.0 999102.0 998491.0 1000951.0 999688.0 1000468.0 998915.0 1002437.0 1003040.0 999292.0 1003273.0 998569.0 1001870.0 1000510.0 998869.0 999172.0 1000191.0 1000775.0 998099.0 998618.0 1003675.0 1001975.0 1002913.0 1000175.0 1001819.0 998625.0 999587.0 998243.0 997130.0 1001502.0 1000131.0 998316.0 1002234.0 1002132.0 999366.0 998588.0 998018.0 1000414.0 999408.0 1001255.0 996327.0 1002082.0 1000672.0 1002366.0 1004642.0 1003658.0 1000669.0 1000697.0 999884.0 999854.0 997474.0 998225.0 996200.0 1003358.0 1001208.0 998958.0 1001697.0 996941.0 998619.0 1001310.0 1001551.0 1001168.0 997909.0 999413.0 998047.0 999336.0 999767.0 1001925.0 1001042.0 999159.0 996014.0 996659.0 999028.0 1003333.0 1003561.0 1000319.0 999471.0 998660.0 998424.0 998269.0 1001349.0 999869.0 996497.0 1000944.0 1000140.0 1000921.0 999771.0 1000219.0 997203.0 1000544.0 999600.0 1001246.0 1001826.0 998463.0 1000650.0 1001491.0 999153.0 1001722.0 1003226.0 1003157.0 1000199.0 998249.0 997109.0 1001238.0 1001174.0 1000149.0 999208.0 997762.0 1002467.0 998221.0 1003859.0 1002415.0 1000772.0 998154.0 1000661.0 1000893.0 1000303.0 1000790.0 1001165.0 998027.0 999629.0 1000911.0 999309.0 1001790.0 1001352.0 997723.0 998360.0 999071.0 997958.0 999315.0 1000888.0 997020.0 998114.0 996323.0 1000822.0 996324.0 997712.0 996792.0 998016.0 997936.0 1000302.0 1002350.0 996362.0 1001086.0 999373.0 998494.0 1001650.0 999929.0 999593.0 1000552.0 998199.0 1000108.0 998969.0 1002223.0 998975.0 997065.0 999517.0 1001528.0 999349.0 1004889.0 1001260.0 1000102.0 998463.0 999781.0 999286.0 1000674.0 997757.0 998880.0 1001098.0 998280.0 1000502.0 1000590.0 1000155.0 1002001.0 997737.0 998455.0 999881.0 1000147.0 999320.0 1001566.0 997935.0 1002260.0 998326.0 996480.0 1002580.0 998297.0 1000784.0 1001228.0 1004515.0 1002042.0 999654.0 1001098.0 1002877.0 997335.0 1000065.0 997241.0 999901.0 1002259.0 1000141.0 1001010.0 1002190.0 996772.0 1001759.0 1003362.0 1002784.0 998950.0 1000689.0 997249.0 999632.0 998591.0 997619.0 1001069.0 1000263.0 999433.0 1001384.0 998856.0 1000054.0 1000112.0 1003435.0 1003180.0 1000010.0 998810.0 999516.0 1000521.0 996554.0 1001319.0 1002754.0 999733.0 1001987.0 1000501.0 998270.0 999193.0 999049.0 1004357.0 1004271.0 1002290.0 1001693.0 1001374.0 999716.0 999887.0 1001054.0 1001251.0 996792.0 1000803.0 1000027.0 1000371.0 1001726.0 1001236.0 998704.0 999796.0 1000334.0 998513.0 998818.0 1000210.0 997979.0 998248.0 1000256.0 998851.0 999107.0 999673.0 998713.0 998504.0 1001518.0 998646.0 1002182.0 998271.0 999029.0 997461.0 999626.0 998810.0 999228.0 1001464.0 998222.0 999838.0 992486.0 999167.0 1000316.0 1001607.0 995030.0 999964.0 1000230.0 1000508.0 1002028.0 1001379.0 999335.0 1001580.0 998607.0 1000414.0 1000871.0 996986.0 1003453.0 998569.0 997014.0 999586.0 1000883.0 1000350.0 998806.0 1004293.0 997097.0 999333.0 1000883.0 1000172.0 1000189.0 1002484.0 1000799.0 998953.0 998854.0 1001942.0 1001927.0 1001654.0 999225.0 1000395.0 1002645.0 1000318.0 999816.0 998116.0 1001516.0 999859.0 999535.0 998532.0 999918.0 1002237.0 1000284.0 1005264.0 1002393.0 1001002.0 999565.0 1003324.0 1000608.0 1001049.0 998414.0 1001137.0 1001536.0 999045.0 1002329.0 999764.0 1000925.0 997839.0 997472.0 999679.0 1001632.0 999227.0 1000386.0 1002647.0 998655.0 996074.0 1001442.0 1002426.0 1001426.0 997604.0 1002578.0 1000408.0 1000048.0 1002313.0 999353.0 1000799.0 997179.0 1003067.0 1000036.0 999861.0 1000188.0 998688.0 1002302.0 1000641.0 1001376.0 999935.0 1000666.0 1001931.0 998989.0 1001673.0 1002070.0 1000987.0 1000267.0 994759.0 997112.0 1003578.0 997999.0 1000956.0 999829.0 1001800.0 1001432.0 1002094.0 1001044.0 1002061.0 998835.0 997502.0 1000395.0 998916.0 999209.0 997894.0 998769.0 998551.0 999458.0 996146.0 999085.0 1000738.0 999071.0 1004224.0 1001142.0 1001881.0 1001155.0 999366.0 1001548.0 999655.0 1003450.0 1001277.0 997744.0 1002725.0 1001332.0 999723.0 999818.0 1003648.0 998878.0 998503.0 999499.0 997611.0 1003053.0 999312.0 1003488.0 998269.0 1000208.0 999233.0 998871.0 999435.0 999688.0 998365.0 1001845.0 1000428.0 997999.0 999207.0 1002208.0 1002170.0 1002385.0 998468.0 999604.0 1000376.0 1000999.0 998893.0 997941.0 996559.0 1000587.0 1000599.0 1001354.0 998968.0 997658.0 1001694.0 1000001.0 999231.0 1001009.0 1002436.0 998542.0 1002152.0 996182.0 997594.0 1002438.0 1002170.0 999319.0 1000769.0 1001432.0 1000635.0 997039.0 993935.0 998200.0 998932.0 1002292.0 999152.0 1000973.0 998987.0 1000182.0 998809.0 999258.0 1001973.0 1000841.0 997696.0 1000231.0 1000653.0 998563.0 998301.0 1003494.0 998611.0 997430.0 1002807.0 995855.0 997793.0 997499.0 1003852.0 997496.0 1000390.0 1000469.0 1000929.0 998146.0 1001447.0 999646.0 1001290.0 994416.0 998823.0 998645.0 997703.0 1000642.0 1001739.0 998867.0 1000803.0 999119.0 1000829.0 995662.0 998287.0 999419.0 1002454.0 1001021.0 1000178.0 998649.0 1000033.0 995849.0 1002470.0 1000473.0 1000646.0 996980.0 1002777.0 998516.0 1000448.0 1000323.0 997100.0 1001211.0 999700.0 995988.0 995306.0 999446.0 1002428.0 1003085.0 999544.0 ]

10018 actual elapsed

T=1117754, R=0, W=0
T=1138645, R=0, W=0
T=1115717, R=0, W=0
T=1036048, R=0, W=0
T=1052674, R=0, W=0
T=991749, R=0, W=0
T=903605, R=0, W=0
T=1034915, R=0, W=0
T=1077403, R=0, W=0
T=1134757, R=0, W=0
T=1037092, R=0, W=0
T=1013253, R=0, W=0
T=914281, R=0, W=0
T=997894, R=0, W=0
T=954579, R=0, W=0
T=1115589, R=0, W=0

TOTAL: T=16635955, R=0, W=0
--- 14148 MB collected in 0.881 secs (2.7% of total), longest GC took 0.158 secs
DATA gc:  total_k 14488122  total_secs 0.880576  max_secs 0.158016
