startup =       4000
elapsed =       10000
threads =       64
accounts =      64
init =          1000000
maxAmount =     10
readFreq =      0
writeFreq =     0
readThreads =   0
writeThreads =  0
disjointTrans = false
yieldALot =     false
flavour =       d

warming up
timed execution

TOTAL=6.4E7 [ 994458.0 977161.0 1001828.0 1008526.0 1030092.0 948654.0 965320.0 967512.0 965111.0 1056807.0 940144.0 994212.0 977674.0 1005358.0 1050502.0 975677.0 995873.0 969597.0 1029212.0 1026660.0 1020117.0 942620.0 992704.0 1019441.0 1010398.0 1049783.0 1001718.0 1001761.0 1019132.0 1004094.0 966300.0 997342.0 985400.0 953434.0 1018441.0 961309.0 978560.0 991666.0 1000929.0 988225.0 1020888.0 1018006.0 987548.0 1001548.0 972738.0 1011603.0 1002586.0 1046031.0 990631.0 995208.0 1022602.0 1017346.0 1025196.0 997042.0 996776.0 1045576.0 1037015.0 1025406.0 997445.0 989762.0 988456.0 1035455.0 985143.0 1006241.0 ]

10001 actual elapsed

T=449623, R=0, W=0
T=527406, R=0, W=0
T=480379, R=0, W=0
T=584062, R=0, W=0
T=495931, R=0, W=0
T=484976, R=0, W=0
T=506894, R=0, W=0
T=456137, R=0, W=0
T=505731, R=0, W=0
T=483906, R=0, W=0
T=530338, R=0, W=0
T=561967, R=0, W=0
T=531831, R=0, W=0
T=489290, R=0, W=0
T=559166, R=0, W=0
T=557950, R=0, W=0
T=530221, R=0, W=0
T=505430, R=0, W=0
T=590119, R=0, W=0
T=465617, R=0, W=0
T=457226, R=0, W=0
T=500473, R=0, W=0
T=523016, R=0, W=0
T=509710, R=0, W=0
T=482291, R=0, W=0
T=545948, R=0, W=0
T=523829, R=0, W=0
T=541647, R=0, W=0
T=491319, R=0, W=0
T=479600, R=0, W=0
T=521846, R=0, W=0
T=483092, R=0, W=0
T=479722, R=0, W=0
T=499616, R=0, W=0
T=515137, R=0, W=0
T=484664, R=0, W=0
T=499555, R=0, W=0
T=517122, R=0, W=0
T=460962, R=0, W=0
T=555549, R=0, W=0
T=510741, R=0, W=0
T=543061, R=0, W=0
T=488412, R=0, W=0
T=553521, R=0, W=0
T=572317, R=0, W=0
T=548715, R=0, W=0
T=493913, R=0, W=0
T=582331, R=0, W=0
T=504095, R=0, W=0
T=514095, R=0, W=0
T=521180, R=0, W=0
T=522724, R=0, W=0
T=460655, R=0, W=0
T=542959, R=0, W=0
T=504315, R=0, W=0
T=541234, R=0, W=0
T=544825, R=0, W=0
T=505513, R=0, W=0
T=535480, R=0, W=0
T=536308, R=0, W=0
T=592914, R=0, W=0
T=482382, R=0, W=0
T=537839, R=0, W=0
T=452202, R=0, W=0

TOTAL: T=32961029, R=0, W=0
--- 22,097 MB collected in 0.081 secs (0.6% of total), longest GC took 0.005 secs
DATA gc:  total_k 22628136  total_secs 0.081234  max_secs 0.004872
