startup =       4000
elapsed =       10000
threads =       64
accounts =      64
init =          1000000
maxAmount =     10
readFreq =      0
writeFreq =     0
readThreads =   0
writeThreads =  0
disjointTrans = false
yieldALot =     false

warming up
timed execution

TOTAL=6.3999996E7 [ 959008.0 1038028.0 964872.0 1016614.0 1035940.0 1003915.0 1011162.0 1022449.0 982077.0 1057984.0 1011598.0 1030014.0 992098.0 978352.0 999898.0 1040533.0 992599.0 996433.0 1077096.0 980137.0 1012247.0 982891.0 998868.0 1067084.0 953726.0 995793.0 999110.0 999218.0 992851.0 981018.0 976851.0 1021856.0 960111.0 1018137.0 966759.0 1042075.0 1010366.0 1005128.0 990159.0 1018944.0 983375.0 971474.0 1001168.0 1067830.0 955501.0 993877.0 967121.0 963369.0 1000326.0 978684.0 1019353.0 932256.0 985725.0 1033100.0 1044489.0 972357.0 978557.0 1046164.0 1015150.0 950360.0 966403.0 952401.0 1012548.0 1024413.0 ]

10043 actual elapsed

T=676046, R=0, W=0
T=654974, R=0, W=0
T=640864, R=0, W=0
T=656995, R=0, W=0
T=643541, R=0, W=0
T=625835, R=0, W=0
T=647479, R=0, W=0
T=707031, R=0, W=0
T=651463, R=0, W=0
T=696129, R=0, W=0
T=582499, R=0, W=0
T=597573, R=0, W=0
T=701965, R=0, W=0
T=534882, R=0, W=0
T=636095, R=0, W=0
T=618326, R=0, W=0
T=623576, R=0, W=0
T=640778, R=0, W=0
T=610588, R=0, W=0
T=706911, R=0, W=0
T=686222, R=0, W=0
T=676689, R=0, W=0
T=669390, R=0, W=0
T=707827, R=0, W=0
T=700432, R=0, W=0
T=636143, R=0, W=0
T=644749, R=0, W=0
T=702579, R=0, W=0
T=596907, R=0, W=0
T=648965, R=0, W=0
T=686680, R=0, W=0
T=662350, R=0, W=0
T=601151, R=0, W=0
T=634059, R=0, W=0
T=625296, R=0, W=0
T=566978, R=0, W=0
T=673216, R=0, W=0
T=643678, R=0, W=0
T=658792, R=0, W=0
T=604899, R=0, W=0
T=610642, R=0, W=0
T=638480, R=0, W=0
T=609789, R=0, W=0
T=689841, R=0, W=0
T=605187, R=0, W=0
T=714953, R=0, W=0
T=616363, R=0, W=0
T=668021, R=0, W=0
T=681521, R=0, W=0
T=687524, R=0, W=0
T=641484, R=0, W=0
T=698784, R=0, W=0
T=654408, R=0, W=0
T=609320, R=0, W=0
T=616804, R=0, W=0
T=739573, R=0, W=0
T=725012, R=0, W=0
T=706164, R=0, W=0
T=667382, R=0, W=0
T=623508, R=0, W=0
T=631219, R=0, W=0
T=625862, R=0, W=0
T=648057, R=0, W=0
T=637302, R=0, W=0

TOTAL: T=41627752, R=0, W=0
--- 30,984 MB collected in 0.085 secs (0.6% of total), longest GC took 0.005 secs
DATA gc:  total_k 31727976  total_secs 0.084784  max_secs 0.004904
