startup =       4000
elapsed =       10000
threads =       1
accounts =      2
init =          1000000
maxAmount =     10
readFreq =      0
writeFreq =     0
readThreads =   0
writeThreads =  0
disjointTrans = false
yieldALot =     false
flavour =       rfw

warming up
timed execution

TOTAL=2000000.0 [ 1000007.0 999993.0 ]

10002 actual elapsed

T=17744277, R=0, W=0

TOTAL: T=17744277, R=0, W=0
--- 12,315 MB collected in 0.037 secs (0.3% of total), longest GC took 0.002 secs
DATA gc:  total_k 12611098  total_secs 0.036957  max_secs 0.002292
