startup =       20000
elapsed =       10000
threads =       2
accounts =      2
init =          1000000
maxAmount =     10
readFreq =      0
writeFreq =     0
readThreads =   0
writeThreads =  0
disjointTrans = false
yieldALot =     false
flavour =       t

warming up
timed execution

TOTAL=2000000.0 [ 995117.0 1004883.0 ]

10014 actual elapsed

T=586955, R=0, W=0
T=594132, R=0, W=0

TOTAL: T=1181087, R=0, W=0
--- 1031 MB collected in 0.286 secs (1.1% of total), longest GC took 0.139 secs
DATA gc:  total_k 1055936  total_secs 0.286343  max_secs 0.138636
