startup =       4000
elapsed =       10000
threads =       2
accounts =      128
init =          1000000
maxAmount =     10
readFreq =      0
writeFreq =     0
readThreads =   0
writeThreads =  0
disjointTrans = false
yieldALot =     false
flavour =       d

warming up
timed execution

TOTAL=1.27999984E8 [ 997966.0 999292.0 1003779.0 1000913.0 1003046.0 1000787.0 993625.0 1004305.0 1005124.0 999785.0 998582.0 1003042.0 993431.0 1001685.0 995303.0 995325.0 1002799.0 991544.0 1000944.0 1006316.0 999066.0 1001143.0 997382.0 1007559.0 1002594.0 997525.0 992814.0 995587.0 1004118.0 1002636.0 1000121.0 995061.0 1001491.0 998604.0 1000057.0 1002885.0 1007171.0 997326.0 1000142.0 997739.0 1001780.0 1001165.0 1003194.0 994616.0 997559.0 994321.0 1001231.0 1002773.0 999500.0 1001699.0 1005345.0 1002082.0 996138.0 998101.0 1001155.0 1004756.0 999408.0 1001814.0 1000804.0 999212.0 997234.0 999450.0 1008713.0 1001432.0 1001525.0 999064.0 997846.0 997677.0 1001749.0 1001790.0 1001122.0 992550.0 1007875.0 1001164.0 999821.0 1001873.0 998469.0 1005201.0 1001591.0 1001321.0 999903.0 998132.0 1002194.0 994131.0 999162.0 1002536.0 998532.0 996122.0 999447.0 993976.0 1003364.0 1000122.0 1002419.0 999224.0 999080.0 1001299.0 998735.0 992269.0 994307.0 999758.0 1004726.0 1007528.0 1001231.0 1001708.0 994048.0 994248.0 1003987.0 1000985.0 1004022.0 1005709.0 997920.0 998074.0 1003860.0 1000583.0 993214.0 996994.0 1000709.0 1001468.0 1000631.0 993227.0 1000696.0 999071.0 997968.0 1002297.0 998769.0 995379.0 998546.0 1004956.0 ]

10001 actual elapsed

T=8123882, R=0, W=0
T=8627490, R=0, W=0

TOTAL: T=16751372, R=0, W=0
--- 10,585 MB collected in 0.050 secs (0.4% of total), longest GC took 0.003 secs
DATA gc:  total_k 10840038  total_secs 0.049586  max_secs 0.00266
