startup =       4000
elapsed =       10000
threads =       1
accounts =      2
init =          1000000
maxAmount =     10
readFreq =      0
writeFreq =     0
readThreads =   0
writeThreads =  0
disjointTrans = false
yieldALot =     false
flavour =       t

warming up
timed execution

TOTAL=2000000.0 [ 1019185.0 980815.0 ]

10001 actual elapsed

T=16785023, R=0, W=0

TOTAL: T=16785023, R=0, W=0
--- 12,811 MB collected in 0.059 secs (0.4% of total), longest GC took 0.002 secs
DATA gc:  total_k 13119418  total_secs 0.05936  max_secs 0.002484
