startup =       4000
elapsed =       10000
threads =       1
accounts =      2
init =          1000000
maxAmount =     10
readFreq =      0
writeFreq =     0
readThreads =   0
writeThreads =  0
disjointTrans = false
yieldALot =     false
flavour =       d

warming up
timed execution

TOTAL=2000000.0 [ 1008312.0 991688.0 ]

10002 actual elapsed

T=18718685, R=0, W=0

TOTAL: T=18718685, R=0, W=0
--- 11,402 MB collected in 0.052 secs (0.4% of total), longest GC took 0.002 secs
DATA gc:  total_k 11676186  total_secs 0.051592  max_secs 0.002497
