startup =       4000
elapsed =       10000
threads =       1
accounts =      2
init =          1000000
maxAmount =     10
readFreq =      0
writeFreq =     0
readThreads =   0
writeThreads =  0
disjointTrans = false
yieldALot =     false
flavour =       t

warming up
timed execution

TOTAL=2000000.0 [ 994875.0 1005125.0 ]

10001 actual elapsed

T=15953922, R=0, W=0

TOTAL: T=15953922, R=0, W=0
--- 12,155 MB collected in 0.041 secs (0.3% of total), longest GC took 0.003 secs
DATA gc:  total_k 12447570  total_secs 0.040806  max_secs 0.002614
