startup =       4000
elapsed =       10000
threads =       2
accounts =      2
init =          1000000
maxAmount =     10
readFreq =      0
writeFreq =     0
readThreads =   0
writeThreads =  0
disjointTrans = false
yieldALot =     false
flavour =       d

warming up
timed execution

TOTAL=2000000.0 [ 1006217.0 993783.0 ]

10001 actual elapsed

T=2592391, R=0, W=0
T=3521152, R=0, W=0

TOTAL: T=6113543, R=0, W=0
--- 4,872 MB collected in 0.025 secs (0.2% of total), longest GC took 0.002 secs
DATA gc:  total_k 4989046  total_secs 0.025086  max_secs 0.002421
