startup =       20000
elapsed =       10000
threads =       8
accounts =      512
init =          1000000
maxAmount =     10
readFreq =      0
writeFreq =     0
readThreads =   0
writeThreads =  0
disjointTrans = false
yieldALot =     false
flavour =       t

warming up
timed execution

TOTAL=5.12000032E8 [ 1001037.0 1000270.0 999172.0 1000264.0 999687.0 999833.0 997949.0 1002519.0 999580.0 1004444.0 1001870.0 999586.0 998637.0 1001082.0 999591.0 1000808.0 999516.0 997206.0 999619.0 995152.0 1000370.0 997887.0 1000113.0 1001226.0 1001569.0 1001880.0 998503.0 1001968.0 1001857.0 996564.0 1001740.0 999576.0 1000863.0 1001152.0 1003100.0 1003874.0 999122.0 1001078.0 1002285.0 1003760.0 1000358.0 998673.0 999086.0 1001285.0 999423.0 999763.0 995710.0 999624.0 1000282.0 1001273.0 997988.0 999444.0 995666.0 999452.0 1001533.0 1001157.0 999226.0 1002171.0 1001167.0 999666.0 995619.0 1003839.0 1001190.0 997835.0 999195.0 1001511.0 999453.0 997732.0 998044.0 1001638.0 998559.0 1001609.0 1001170.0 1000763.0 1000370.0 999098.0 1001380.0 1000326.0 999604.0 995897.0 999679.0 1001873.0 1001376.0 999774.0 998836.0 999391.0 998034.0 1002934.0 1001750.0 1001958.0 999505.0 1001559.0 999651.0 1001589.0 999518.0 1000435.0 1000017.0 1003005.0 1001446.0 1000487.0 997735.0 997741.0 1001298.0 998534.0 1001014.0 1003040.0 999517.0 1002734.0 1000845.0 1001862.0 1001383.0 998043.0 998745.0 1002043.0 1000611.0 998790.0 1000441.0 1000470.0 1000517.0 1000347.0 999366.0 1000329.0 998495.0 1000983.0 998169.0 1000875.0 995050.0 999781.0 999783.0 1000181.0 997427.0 999132.0 999816.0 999159.0 1002343.0 998483.0 999003.0 999738.0 1002209.0 998802.0 1000997.0 997540.0 996648.0 997961.0 999314.0 998425.0 999161.0 999352.0 996567.0 1000467.0 1000938.0 1001718.0 999409.0 1002981.0 1002903.0 997311.0 997600.0 998924.0 1002023.0 1001137.0 1000442.0 1000766.0 996688.0 999303.0 996884.0 1000418.0 997298.0 1000927.0 1001032.0 998428.0 1001991.0 1001079.0 1000101.0 1001667.0 998903.0 1001457.0 1002760.0 1000749.0 998151.0 1002261.0 998864.0 998800.0 1000635.0 997482.0 998456.0 1000157.0 1000880.0 1000670.0 998290.0 999711.0 1000854.0 999501.0 999974.0 999113.0 996250.0 1000114.0 999304.0 999276.0 1000748.0 1001695.0 1002916.0 1001867.0 1000438.0 1000392.0 1000188.0 999054.0 998168.0 1000058.0 999500.0 996777.0 999600.0 1001268.0 1000592.0 1001479.0 998909.0 997551.0 1003250.0 1000537.0 1003833.0 997987.0 1000087.0 1001609.0 998738.0 999817.0 1001814.0 1001448.0 998409.0 1000332.0 997851.0 1003755.0 1000060.0 998654.0 999471.0 998145.0 1002326.0 999532.0 998686.0 998185.0 1000325.0 1000390.0 1002019.0 1000299.0 1003346.0 1003158.0 999890.0 1000715.0 1002012.0 1000998.0 1000330.0 999210.0 1001946.0 1001540.0 1001635.0 996514.0 1001727.0 1000245.0 999492.0 999647.0 1001107.0 996148.0 997672.0 1001526.0 997684.0 1000247.0 998126.0 1002007.0 1002608.0 999049.0 1000803.0 1000158.0 1000251.0 1000277.0 999015.0 998268.0 996127.0 998524.0 999270.0 1001796.0 999980.0 998561.0 998187.0 1001773.0 1000513.0 998077.0 1003152.0 1002548.0 999680.0 1000258.0 998393.0 999625.0 998388.0 999894.0 999196.0 999803.0 998041.0 1000459.0 999045.0 999164.0 999981.0 998720.0 996778.0 999799.0 999677.0 1001639.0 1000223.0 999165.0 1000058.0 999251.0 999769.0 999525.0 1000762.0 999679.0 997598.0 997668.0 1001725.0 999115.0 999794.0 999474.0 1000050.0 1000002.0 998824.0 1000755.0 998443.0 1000712.0 1000084.0 1000297.0 992961.0 1000157.0 999412.0 999820.0 997764.0 1000122.0 1001417.0 999501.0 1002869.0 999756.0 1001831.0 1000164.0 1002687.0 995743.0 1000838.0 1000479.0 999263.0 1000391.0 1003789.0 999401.0 998170.0 1001877.0 998869.0 999589.0 1000511.0 996405.0 997641.0 1003082.0 999934.0 1002222.0 997303.0 998059.0 999878.0 997171.0 999915.0 997059.0 1002686.0 998588.0 996984.0 1000016.0 1001417.0 1002129.0 1003496.0 998998.0 999200.0 1002549.0 1001162.0 999925.0 1000062.0 998010.0 998900.0 1001517.0 1000040.0 999285.0 998957.0 1000441.0 996820.0 1000808.0 999916.0 999089.0 997582.0 1000510.0 999949.0 999388.0 999217.0 1000320.0 998683.0 1001235.0 999683.0 997447.0 1002210.0 1000830.0 1001703.0 999268.0 998004.0 998031.0 998405.0 999327.0 1002631.0 1002159.0 1000544.0 1001367.0 999134.0 995639.0 999416.0 1001952.0 1000542.0 998848.0 998534.0 999898.0 1001235.0 998768.0 1004374.0 1002418.0 1003307.0 1001991.0 999132.0 1000801.0 1000683.0 999712.0 999207.0 1000537.0 1001699.0 1000037.0 995370.0 1001479.0 1000888.0 1000692.0 1002106.0 998271.0 1001469.0 999676.0 997556.0 1000733.0 1001277.0 1001750.0 999583.0 1000030.0 995667.0 997824.0 997492.0 998453.0 999682.0 999843.0 998454.0 1001649.0 1003426.0 997444.0 998322.0 999624.0 1000861.0 998687.0 997353.0 997423.0 999080.0 1000203.0 1000316.0 999359.0 997568.0 1001366.0 1000164.0 1000503.0 998212.0 1001040.0 1003110.0 1000908.0 1004581.0 997926.0 999506.0 1003152.0 1003861.0 1001554.0 1000208.0 998792.0 1003075.0 1001505.0 1002356.0 1001746.0 999422.0 999041.0 998701.0 1000753.0 1002774.0 1001101.0 1000503.0 1000554.0 1001350.0 999354.0 998642.0 1002798.0 1000850.0 1002341.0 1002926.0 1000827.0 998857.0 1002701.0 1000476.0 1004564.0 1000475.0 998365.0 1002500.0 999079.0 998787.0 998542.0 999726.0 998532.0 ]

10023 actual elapsed

T=955932, R=0, W=0
T=956436, R=0, W=0
T=981999, R=0, W=0
T=967331, R=0, W=0
T=963446, R=0, W=0
T=1019031, R=0, W=0
T=953317, R=0, W=0
T=982397, R=0, W=0

TOTAL: T=7779889, R=0, W=0
--- 8346 MB collected in 0.798 secs (2.5% of total), longest GC took 0.154 secs
DATA gc:  total_k 8546931  total_secs 0.797605  max_secs 0.154241
