startup =       4000
elapsed =       10000
threads =       2
accounts =      64
init =          1000000
maxAmount =     10
readFreq =      0
writeFreq =     0
readThreads =   0
writeThreads =  0
disjointTrans = false
yieldALot =     false
flavour =       rfw

warming up
timed execution

TOTAL=6.3999992E7 [ 997290.0 995902.0 993398.0 1000681.0 994449.0 1006966.0 993987.0 1003054.0 994595.0 996231.0 1005056.0 1002914.0 990109.0 994692.0 1006874.0 996513.0 1009375.0 1002994.0 1016769.0 994040.0 998413.0 1000212.0 990130.0 1006730.0 1000424.0 979212.0 997684.0 993403.0 996682.0 1004409.0 1000054.0 1003100.0 1005586.0 988990.0 993477.0 1014111.0 993203.0 1007161.0 985411.0 1010507.0 1003529.0 1012972.0 1003166.0 1012677.0 990483.0 1008059.0 1000303.0 1010694.0 1008201.0 1012668.0 997872.0 1002598.0 995698.0 998725.0 993844.0 1003794.0 994887.0 1003112.0 996750.0 1005192.0 993661.0 993900.0 993690.0 998737.0 ]

10001 actual elapsed

T=9485486, R=0, W=0
T=8381850, R=0, W=0

TOTAL: T=17867336, R=0, W=0
--- 13,181 MB collected in 0.054 secs (0.4% of total), longest GC took 0.002 secs
DATA gc:  total_k 13497902  total_secs 0.053507  max_secs 0.002379
