startup =       4000
elapsed =       10000
threads =       1
accounts =      2
init =          1000000
maxAmount =     10
readFreq =      0
writeFreq =     0
readThreads =   0
writeThreads =  0
disjointTrans = false
yieldALot =     false
flavour =       rfw

warming up
timed execution

TOTAL=2000000.0 [ 1039652.0 960348.0 ]

10002 actual elapsed

T=17193157, R=0, W=0

TOTAL: T=17193157, R=0, W=0
--- 11,942 MB collected in 0.035 secs (0.2% of total), longest GC took 0.002 secs
DATA gc:  total_k 12229210  total_secs 0.035146  max_secs 0.001884
