startup =       4000
elapsed =       10000
threads =       256
accounts =      256
init =          1000000
maxAmount =     10
readFreq =      0
writeFreq =     0
readThreads =   0
writeThreads =  0
disjointTrans = false
yieldALot =     false
flavour =       rfw

warming up
timed execution

TOTAL=2.56000064E8 [ 1003517.0 996698.0 1001107.0 997997.0 996198.0 1002498.0 999160.0 1000730.0 999756.0 1002988.0 1003276.0 994218.0 996935.0 1002645.0 998191.0 998509.0 999726.0 1002185.0 1003562.0 996998.0 1000670.0 993438.0 998137.0 995241.0 1002241.0 1001062.0 1001408.0 1004069.0 996734.0 1000632.0 1001759.0 999710.0 996716.0 1001952.0 995563.0 995922.0 1002902.0 999643.0 1003641.0 999175.0 998655.0 1002747.0 1000329.0 998177.0 1003084.0 1000806.0 1003875.0 996083.0 996821.0 1002771.0 999182.0 998746.0 999454.0 1001519.0 1003947.0 998569.0 997445.0 1004358.0 999915.0 1002444.0 1001225.0 997409.0 1001067.0 1005105.0 1001217.0 995969.0 998832.0 996802.0 1002951.0 996077.0 1006548.0 996989.0 998554.0 998347.0 1000302.0 998938.0 1004462.0 1004358.0 999655.0 998761.0 996560.0 1000190.0 1000100.0 998522.0 1006573.0 997658.0 1005929.0 1005541.0 996944.0 994490.0 1007088.0 999397.0 996507.0 1001569.0 1002768.0 1000695.0 1000316.0 997083.0 1002895.0 997910.0 998718.0 996309.0 1004758.0 996667.0 1001890.0 997980.0 999280.0 997327.0 998274.0 1000019.0 1000679.0 1003478.0 999255.0 995045.0 1001662.0 998799.0 998489.0 1000327.0 996747.0 994644.0 998413.0 999928.0 997884.0 996455.0 1001203.0 1003870.0 1005615.0 1003313.0 999542.0 1000375.0 1007369.0 1001640.0 999838.0 998284.0 999805.0 1006435.0 992774.0 1010911.0 999117.0 994683.0 1002556.0 994980.0 1000675.0 998524.0 1000993.0 1000544.0 1002326.0 999080.0 996882.0 994860.0 996421.0 1000601.0 1001382.0 1002936.0 1005140.0 997859.0 999193.0 995952.0 1002680.0 995333.0 997138.0 1000355.0 993468.0 1004602.0 1000117.0 1005322.0 1002120.0 1002657.0 1002502.0 1002439.0 997410.0 1000492.0 996296.0 1005304.0 999009.0 1001592.0 998400.0 1002694.0 1002472.0 1000116.0 1004167.0 1005965.0 1000145.0 998228.0 997165.0 1000492.0 998666.0 1005686.0 996176.0 998267.0 1002949.0 997938.0 999402.0 1003000.0 997827.0 1003115.0 1003924.0 1001403.0 995210.0 1001772.0 992267.0 999997.0 1003000.0 1000531.0 999132.0 997112.0 999433.0 1000760.0 998308.0 997360.0 1002254.0 996802.0 998935.0 994450.0 998603.0 1001680.0 1000396.0 1002340.0 1000719.0 998966.0 996755.0 993806.0 1001135.0 995869.0 1002220.0 996724.0 1001477.0 996979.0 998082.0 999430.0 997357.0 1001129.0 1002528.0 1003387.0 1003948.0 1002431.0 1002252.0 996890.0 992613.0 997952.0 998482.0 997368.0 1006682.0 999871.0 998123.0 1004346.0 1002271.0 1006061.0 999790.0 1001380.0 1005528.0 1000589.0 999680.0 997017.0 999388.0 995956.0 ]

10004 actual elapsed

T=190917, R=0, W=0
T=111328, R=0, W=0
T=178098, R=0, W=0
T=124419, R=0, W=0
T=199869, R=0, W=0
T=135623, R=0, W=0
T=103426, R=0, W=0
T=77501, R=0, W=0
T=165296, R=0, W=0
T=136162, R=0, W=0
T=204087, R=0, W=0
T=137331, R=0, W=0
T=170443, R=0, W=0
T=116118, R=0, W=0
T=136209, R=0, W=0
T=161292, R=0, W=0
T=102194, R=0, W=0
T=108188, R=0, W=0
T=134513, R=0, W=0
T=121890, R=0, W=0
T=104067, R=0, W=0
T=110618, R=0, W=0
T=214290, R=0, W=0
T=157506, R=0, W=0
T=207354, R=0, W=0
T=144156, R=0, W=0
T=106769, R=0, W=0
T=204203, R=0, W=0
T=126621, R=0, W=0
T=102409, R=0, W=0
T=276055, R=0, W=0
T=142505, R=0, W=0
T=72701, R=0, W=0
T=95347, R=0, W=0
T=211486, R=0, W=0
T=118831, R=0, W=0
T=149503, R=0, W=0
T=190213, R=0, W=0
T=135034, R=0, W=0
T=137550, R=0, W=0
T=168451, R=0, W=0
T=169300, R=0, W=0
T=127332, R=0, W=0
T=147021, R=0, W=0
T=82758, R=0, W=0
T=128083, R=0, W=0
T=92938, R=0, W=0
T=65331, R=0, W=0
T=139695, R=0, W=0
T=140949, R=0, W=0
T=120383, R=0, W=0
T=145971, R=0, W=0
T=250884, R=0, W=0
T=113139, R=0, W=0
T=113737, R=0, W=0
T=139102, R=0, W=0
T=174932, R=0, W=0
T=162308, R=0, W=0
T=158986, R=0, W=0
T=73731, R=0, W=0
T=125909, R=0, W=0
T=164004, R=0, W=0
T=146649, R=0, W=0
T=147966, R=0, W=0
T=131296, R=0, W=0
T=122006, R=0, W=0
T=113916, R=0, W=0
T=135553, R=0, W=0
T=119886, R=0, W=0
T=156994, R=0, W=0
T=119077, R=0, W=0
T=112720, R=0, W=0
T=64269, R=0, W=0
T=152826, R=0, W=0
T=98548, R=0, W=0
T=159100, R=0, W=0
T=138283, R=0, W=0
T=108335, R=0, W=0
T=65988, R=0, W=0
T=122397, R=0, W=0
T=222622, R=0, W=0
T=271318, R=0, W=0
T=111163, R=0, W=0
T=71344, R=0, W=0
T=105886, R=0, W=0
T=194201, R=0, W=0
T=67280, R=0, W=0
T=191616, R=0, W=0
T=151926, R=0, W=0
T=100539, R=0, W=0
T=76045, R=0, W=0
T=110446, R=0, W=0
T=132468, R=0, W=0
T=147733, R=0, W=0
T=160385, R=0, W=0
T=142285, R=0, W=0
T=78775, R=0, W=0
T=133863, R=0, W=0
T=71716, R=0, W=0
T=137379, R=0, W=0
T=132414, R=0, W=0
T=121170, R=0, W=0
T=128611, R=0, W=0
T=159028, R=0, W=0
T=72289, R=0, W=0
T=128668, R=0, W=0
T=194862, R=0, W=0
T=134024, R=0, W=0
T=91008, R=0, W=0
T=174650, R=0, W=0
T=131944, R=0, W=0
T=144084, R=0, W=0
T=70462, R=0, W=0
T=85307, R=0, W=0
T=243851, R=0, W=0
T=171742, R=0, W=0
T=83376, R=0, W=0
T=194578, R=0, W=0
T=203633, R=0, W=0
T=263849, R=0, W=0
T=70116, R=0, W=0
T=132463, R=0, W=0
T=137561, R=0, W=0
T=123083, R=0, W=0
T=144341, R=0, W=0
T=178197, R=0, W=0
T=104676, R=0, W=0
T=62538, R=0, W=0
T=110100, R=0, W=0
T=121050, R=0, W=0
T=161159, R=0, W=0
T=132354, R=0, W=0
T=75662, R=0, W=0
T=102904, R=0, W=0
T=192310, R=0, W=0
T=176382, R=0, W=0
T=188032, R=0, W=0
T=210502, R=0, W=0
T=157118, R=0, W=0
T=113171, R=0, W=0
T=160498, R=0, W=0
T=97266, R=0, W=0
T=179607, R=0, W=0
T=149687, R=0, W=0
T=122675, R=0, W=0
T=104147, R=0, W=0
T=78558, R=0, W=0
T=140571, R=0, W=0
T=114020, R=0, W=0
T=71087, R=0, W=0
T=149670, R=0, W=0
T=122970, R=0, W=0
T=208555, R=0, W=0
T=84745, R=0, W=0
T=140841, R=0, W=0
T=87781, R=0, W=0
T=126243, R=0, W=0
T=170399, R=0, W=0
T=104140, R=0, W=0
T=65128, R=0, W=0
T=149510, R=0, W=0
T=93886, R=0, W=0
T=71180, R=0, W=0
T=100870, R=0, W=0
T=156221, R=0, W=0
T=69194, R=0, W=0
T=136944, R=0, W=0
T=65282, R=0, W=0
T=92393, R=0, W=0
T=106203, R=0, W=0
T=172827, R=0, W=0
T=113572, R=0, W=0
T=103451, R=0, W=0
T=93596, R=0, W=0
T=81998, R=0, W=0
T=188302, R=0, W=0
T=157699, R=0, W=0
T=115143, R=0, W=0
T=147170, R=0, W=0
T=154276, R=0, W=0
T=116765, R=0, W=0
T=74377, R=0, W=0
T=158039, R=0, W=0
T=191691, R=0, W=0
T=93155, R=0, W=0
T=96405, R=0, W=0
T=164698, R=0, W=0
T=164936, R=0, W=0
T=166598, R=0, W=0
T=114569, R=0, W=0
T=91423, R=0, W=0
T=145415, R=0, W=0
T=182589, R=0, W=0
T=268932, R=0, W=0
T=122172, R=0, W=0
T=90746, R=0, W=0
T=100596, R=0, W=0
T=70995, R=0, W=0
T=170557, R=0, W=0
T=139261, R=0, W=0
T=111433, R=0, W=0
T=89670, R=0, W=0
T=159798, R=0, W=0
T=105604, R=0, W=0
T=174602, R=0, W=0
T=138497, R=0, W=0
T=184192, R=0, W=0
T=52940, R=0, W=0
T=64478, R=0, W=0
T=138893, R=0, W=0
T=189977, R=0, W=0
T=62237, R=0, W=0
T=84524, R=0, W=0
T=114341, R=0, W=0
T=131800, R=0, W=0
T=88347, R=0, W=0
T=127750, R=0, W=0
T=165092, R=0, W=0
T=81121, R=0, W=0
T=77697, R=0, W=0
T=134255, R=0, W=0
T=163101, R=0, W=0
T=139988, R=0, W=0
T=95776, R=0, W=0
T=152100, R=0, W=0
T=75925, R=0, W=0
T=201842, R=0, W=0
T=130489, R=0, W=0
T=159765, R=0, W=0
T=104455, R=0, W=0
T=99497, R=0, W=0
T=169358, R=0, W=0
T=70967, R=0, W=0
T=178959, R=0, W=0
T=124335, R=0, W=0
T=115629, R=0, W=0
T=170998, R=0, W=0
T=162295, R=0, W=0
T=131060, R=0, W=0
T=134926, R=0, W=0
T=122226, R=0, W=0
T=183081, R=0, W=0
T=163747, R=0, W=0
T=182125, R=0, W=0
T=178092, R=0, W=0
T=161173, R=0, W=0
T=129270, R=0, W=0
T=201006, R=0, W=0
T=167349, R=0, W=0
T=110341, R=0, W=0
T=93650, R=0, W=0
T=119495, R=0, W=0
T=226236, R=0, W=0
T=211159, R=0, W=0
T=50353, R=0, W=0
T=145657, R=0, W=0

TOTAL: T=34421031, R=0, W=0
--- 20,667 MB collected in 0.129 secs (0.9% of total), longest GC took 0.018 secs
DATA gc:  total_k 21163913  total_secs 0.129096  max_secs 0.017508
