startup =       4000
elapsed =       10000
threads =       4
accounts =      256
init =          1000000
maxAmount =     10
readFreq =      0
writeFreq =     0
readThreads =   0
writeThreads =  0
disjointTrans = false
yieldALot =     false
flavour =       d

warming up
timed execution

TOTAL=2.56E8 [ 997766.0 1000181.0 1000463.0 995053.0 995063.0 999561.0 999985.0 999906.0 998913.0 1002470.0 1004389.0 1005631.0 1001300.0 996496.0 1002413.0 1002795.0 1002875.0 999394.0 998092.0 994925.0 995481.0 999261.0 1000553.0 999488.0 1000746.0 994083.0 1000214.0 1002543.0 1003912.0 1004075.0 999681.0 999883.0 997735.0 999854.0 1004615.0 996182.0 992257.0 1002392.0 1000239.0 1003197.0 1000026.0 997372.0 1001152.0 1005191.0 1004382.0 1003248.0 1000356.0 997896.0 993979.0 998760.0 999751.0 996631.0 998696.0 997959.0 1001081.0 999916.0 1007569.0 997894.0 1002681.0 1001337.0 998752.0 1003664.0 1004429.0 993318.0 996043.0 1000793.0 1004603.0 999893.0 1002400.0 1010864.0 999983.0 1000329.0 1000144.0 1000900.0 1005132.0 992267.0 999308.0 1005727.0 999470.0 996578.0 996083.0 1003219.0 994329.0 1001402.0 998831.0 1000881.0 1000785.0 996970.0 1004213.0 998836.0 999721.0 994135.0 1004685.0 998295.0 1003762.0 996277.0 1000558.0 1004518.0 1000028.0 1003232.0 999367.0 999434.0 1002596.0 1000852.0 1000763.0 1004982.0 997784.0 997015.0 1004217.0 1000340.0 999138.0 993853.0 1000475.0 996871.0 997833.0 1006238.0 998147.0 1001827.0 996108.0 999076.0 1001615.0 998627.0 1000366.0 997537.0 999391.0 999808.0 999957.0 997004.0 999961.0 996300.0 999061.0 1005455.0 1004388.0 1000676.0 1003835.0 1004105.0 998140.0 997364.0 999906.0 1008408.0 994928.0 996244.0 1002019.0 1000350.0 1003883.0 1002440.0 997452.0 1004650.0 995008.0 1004349.0 996797.0 1000537.0 997359.0 998245.0 1000538.0 994762.0 1003160.0 1002940.0 1001837.0 1000240.0 1004527.0 994188.0 1006417.0 998154.0 999197.0 1000882.0 998951.0 1008005.0 998539.0 998842.0 998040.0 1000099.0 992774.0 1006665.0 998132.0 999465.0 1001946.0 1006278.0 999436.0 998034.0 998829.0 998822.0 997966.0 995326.0 994216.0 998688.0 999461.0 1007026.0 996397.0 999586.0 1000079.0 995012.0 999150.0 1001874.0 996445.0 1000958.0 1000710.0 1002804.0 1008726.0 1000130.0 1001592.0 1000879.0 1000516.0 998190.0 1004813.0 995932.0 995751.0 1000782.0 1001492.0 1000398.0 999307.0 1002337.0 996959.0 1001038.0 1002687.0 996456.0 998466.0 1004693.0 994079.0 1001501.0 993176.0 999361.0 1004709.0 1004651.0 996904.0 1001507.0 997224.0 996691.0 998593.0 1000575.0 1000797.0 1001201.0 993636.0 1001398.0 999873.0 997731.0 1002663.0 998651.0 995410.0 1000802.0 1002813.0 995758.0 1001422.0 996979.0 999155.0 998446.0 1001221.0 999219.0 998239.0 998146.0 1000575.0 1000327.0 993466.0 1006076.0 1000527.0 1001580.0 ]

10002 actual elapsed

T=8210449, R=0, W=0
T=7281402, R=0, W=0
T=8648116, R=0, W=0
T=7001790, R=0, W=0

TOTAL: T=31141757, R=0, W=0
--- 21,136 MB collected in 0.037 secs (0.3% of total), longest GC took 0.002 secs
DATA gc:  total_k 21643567  total_secs 0.037237  max_secs 0.002291
