startup =       4000
elapsed =       10000
threads =       64
accounts =      2048
init =          1000000
maxAmount =     10
readFreq =      0
writeFreq =     0
readThreads =   0
writeThreads =  0
disjointTrans = false
yieldALot =     false
flavour =       t

warming up
timed execution

TOTAL=2.04799834E9 [ 985655.0 997556.0 1008981.0 1011418.0 998888.0 997993.0 1001953.0 1002259.0 1002844.0 1006410.0 1003546.0 1004463.0 1005421.0 996186.0 999166.0 992355.0 1002086.0 996090.0 1012096.0 989012.0 994740.0 989083.0 998618.0 998982.0 1005474.0 997047.0 993508.0 990826.0 997624.0 998187.0 1007455.0 1003876.0 993018.0 1015226.0 1009028.0 1004682.0 1008094.0 1012290.0 1005174.0 1002893.0 1000917.0 996082.0 994500.0 993710.0 995999.0 1002025.0 1000571.0 1001990.0 1010365.0 982697.0 1008342.0 1003392.0 994430.0 1007968.0 1009018.0 1001645.0 1001552.0 987687.0 1000326.0 1008854.0 1015963.0 1006671.0 1001027.0 991050.0 999234.0 1006450.0 999861.0 1007985.0 1000832.0 1004391.0 1011280.0 1010253.0 1006281.0 997793.0 1006717.0 1000676.0 991240.0 992416.0 1002744.0 998968.0 1007943.0 1011057.0 993923.0 1001536.0 997317.0 1003971.0 995979.0 990356.0 996597.0 997104.0 1003905.0 1002556.0 996127.0 987111.0 981407.0 1003977.0 993238.0 996252.0 1006419.0 1012456.0 1003333.0 1006479.0 1011479.0 1017770.0 986600.0 1002870.0 993263.0 994904.0 999734.0 1002685.0 979820.0 997885.0 1003398.0 1010778.0 998436.0 994989.0 1002391.0 1004643.0 979491.0 996921.0 988422.0 993612.0 997363.0 997964.0 1011907.0 1007150.0 996986.0 996031.0 994693.0 996985.0 995875.0 1002353.0 985953.0 1007997.0 1006086.0 997343.0 997522.0 1008779.0 1003899.0 1001506.0 1002591.0 1003249.0 987771.0 985980.0 1014054.0 986901.0 1002979.0 1006556.0 1006241.0 989127.0 997858.0 992033.0 1008680.0 1006681.0 997472.0 995914.0 998156.0 1001391.0 993344.0 1011175.0 1006598.0 1007214.0 993726.0 1006133.0 1009715.0 991082.0 987513.0 991259.0 992369.0 996596.0 1012438.0 1009954.0 988670.0 1001461.0 1000889.0 996825.0 990902.0 996979.0 1002894.0 987530.0 998046.0 984619.0 1000981.0 1001312.0 985125.0 1004644.0 998281.0 986554.0 999338.0 1014051.0 1004262.0 989751.0 1005882.0 993774.0 1008868.0 1012485.0 1000829.0 1011338.0 999060.0 993533.0 1000609.0 998895.0 984060.0 1010100.0 1000640.0 995446.0 1003792.0 1000053.0 1004671.0 1000826.0 1001535.0 1003591.0 990515.0 1001524.0 1000756.0 1002030.0 996894.0 1001397.0 999493.0 1012923.0 992667.0 1004635.0 994396.0 1004118.0 1008245.0 993410.0 1004283.0 999895.0 996670.0 1001408.0 1006455.0 1015817.0 993563.0 1005583.0 997862.0 983799.0 1000120.0 1003956.0 1010642.0 1002459.0 995019.0 1001524.0 986572.0 998956.0 1007096.0 991221.0 997771.0 1008317.0 987794.0 1002170.0 992988.0 992417.0 999339.0 1001139.0 1004214.0 1004429.0 1005284.0 991840.0 1004759.0 998001.0 992619.0 1001647.0 993400.0 1004527.0 1003273.0 1004551.0 989371.0 999874.0 996119.0 1003730.0 1009943.0 988852.0 1014104.0 997203.0 994012.0 1005879.0 1007267.0 988975.0 1003323.0 1000567.0 993212.0 997781.0 992264.0 1008963.0 1000570.0 994928.0 1003860.0 1007535.0 1008181.0 995906.0 1001515.0 993379.0 998525.0 1017318.0 1013668.0 1005288.0 986355.0 1012776.0 992449.0 991767.0 1002833.0 987720.0 1006960.0 995792.0 994930.0 992709.0 995387.0 1006821.0 986802.0 1006426.0 991216.0 987434.0 997630.0 993203.0 994176.0 1004301.0 989677.0 1023273.0 990724.0 1002950.0 1014417.0 1009864.0 999364.0 996358.0 999935.0 988644.0 1004883.0 1006510.0 1004723.0 992214.0 991406.0 996494.0 991315.0 997480.0 1004467.0 1006750.0 997198.0 989433.0 1010493.0 983598.0 1001453.0 1001803.0 1009536.0 1003315.0 1007224.0 995437.0 1008551.0 1002913.0 1004869.0 986470.0 993563.0 1002146.0 1000095.0 1001197.0 998235.0 1010465.0 994054.0 1011547.0 1001222.0 1004423.0 983272.0 984798.0 995500.0 999956.0 994245.0 1003217.0 1005869.0 997538.0 999512.0 1000309.0 992331.0 1011522.0 989306.0 994217.0 992849.0 1012704.0 986126.0 989984.0 997017.0 982387.0 998932.0 1012101.0 987607.0 990981.0 992573.0 1004216.0 1003548.0 1002950.0 1005586.0 1010038.0 1003947.0 988836.0 987336.0 995843.0 1001392.0 1006988.0 1003881.0 1004652.0 1007442.0 1011989.0 1003163.0 1003190.0 1005248.0 985379.0 1001728.0 1013913.0 991855.0 1002916.0 1001632.0 993300.0 1001056.0 1001107.0 1000396.0 1009185.0 1003385.0 998320.0 995037.0 1005394.0 1003240.0 991625.0 988550.0 1002586.0 993656.0 992971.0 998744.0 996734.0 1000282.0 998844.0 1005190.0 984172.0 1006377.0 1001944.0 1002925.0 996693.0 998888.0 1001379.0 1015641.0 1006106.0 1007369.0 1001707.0 995795.0 994019.0 1000109.0 995219.0 1001803.0 983867.0 1016214.0 1005306.0 998038.0 999091.0 993167.0 1009423.0 1002318.0 1008994.0 988728.0 1006443.0 990265.0 998919.0 997231.0 1002278.0 995013.0 1000329.0 1000380.0 996100.0 994009.0 996229.0 995586.0 998598.0 994455.0 988811.0 998995.0 1009126.0 1018326.0 1005581.0 993061.0 999063.0 1000675.0 1001367.0 1002524.0 999389.0 991818.0 1009264.0 991984.0 999538.0 997668.0 1001483.0 989907.0 990139.0 1002196.0 996961.0 998587.0 1003528.0 991783.0 998239.0 1001078.0 991859.0 989433.0 1028611.0 1000872.0 1001038.0 1005119.0 1008522.0 1011634.0 1005736.0 990000.0 1016530.0 1013828.0 994392.0 1003876.0 1008412.0 994941.0 1016497.0 1000898.0 1005863.0 993468.0 1003615.0 999713.0 997017.0 1007853.0 1013544.0 1012333.0 1002664.0 995010.0 1002975.0 1001327.0 1011723.0 999500.0 1002437.0 995782.0 1001840.0 993432.0 998948.0 1001903.0 1008700.0 995746.0 1012346.0 993485.0 992950.0 999832.0 989034.0 996376.0 997671.0 1001316.0 1006740.0 993791.0 1010837.0 1000014.0 996878.0 1005217.0 1001005.0 995134.0 995755.0 988716.0 1002050.0 1009551.0 1000844.0 990389.0 991524.0 998824.0 998404.0 984849.0 999890.0 993645.0 1009719.0 1004336.0 1004202.0 1006874.0 999345.0 986991.0 1002147.0 994406.0 1000490.0 1006607.0 995988.0 1005461.0 991391.0 992106.0 1010195.0 988621.0 1007476.0 991838.0 1007407.0 995063.0 1011783.0 1005221.0 1020473.0 1004717.0 1000772.0 988850.0 1001879.0 1005298.0 1007688.0 1020568.0 995111.0 992308.0 1010376.0 997875.0 991941.0 989504.0 1001649.0 1000062.0 1008867.0 1006983.0 996887.0 1008009.0 997196.0 992847.0 986296.0 995013.0 994652.0 1001580.0 1000447.0 998496.0 1003050.0 1000799.0 997536.0 1012290.0 998487.0 1006859.0 1000992.0 991054.0 1004461.0 991624.0 1001008.0 999770.0 1004115.0 996218.0 1001128.0 1003746.0 997826.0 992782.0 1005916.0 1001684.0 996861.0 992472.0 1003054.0 1007072.0 996786.0 1013209.0 1001156.0 994385.0 1013620.0 996583.0 995891.0 997659.0 996927.0 1005818.0 995391.0 997362.0 1001479.0 1005967.0 1001300.0 993457.0 988034.0 982186.0 991399.0 1004216.0 992270.0 995666.0 998136.0 992414.0 1011518.0 996719.0 1000487.0 992800.0 1004492.0 1001471.0 1004225.0 986880.0 991755.0 990845.0 992928.0 991656.0 991035.0 992774.0 1004294.0 991134.0 995620.0 1007747.0 1001862.0 1018213.0 986131.0 1009251.0 994944.0 987916.0 988527.0 1001772.0 1003532.0 1014361.0 994606.0 992774.0 992342.0 991800.0 993515.0 989929.0 992445.0 1009244.0 990639.0 994246.0 1002432.0 990669.0 999349.0 990708.0 1016451.0 995203.0 1003257.0 993061.0 998577.0 988045.0 1007725.0 993174.0 1008724.0 1003763.0 999385.0 1002352.0 1010619.0 1009386.0 1008508.0 996821.0 995453.0 992527.0 1004520.0 1002407.0 991372.0 1005542.0 1000218.0 991906.0 995673.0 998817.0 993044.0 988631.0 978368.0 999230.0 1005101.0 1009577.0 1008830.0 999985.0 1007331.0 1003771.0 1005972.0 1005789.0 1003187.0 994918.0 991009.0 995722.0 1005868.0 997162.0 1007541.0 995163.0 1001679.0 985235.0 1017626.0 991503.0 999483.0 985756.0 990333.0 997965.0 1006200.0 999150.0 998493.0 1003600.0 989674.0 1004660.0 1009340.0 999335.0 997507.0 999621.0 1003980.0 1012608.0 997960.0 1005591.0 1005158.0 1007339.0 1011154.0 1002764.0 987917.0 990992.0 989725.0 991655.0 1019203.0 996853.0 992300.0 1006814.0 1005299.0 999160.0 991001.0 1006477.0 996251.0 992074.0 999103.0 1008657.0 999500.0 1001756.0 1006268.0 1001957.0 1005713.0 998995.0 1002895.0 996739.0 1005824.0 995781.0 1001165.0 1005933.0 1004877.0 1005037.0 991890.0 1009857.0 984776.0 991832.0 1005675.0 1002702.0 993528.0 994311.0 1000178.0 1005737.0 1004746.0 1002558.0 992510.0 999319.0 987260.0 995667.0 1001963.0 1008110.0 995357.0 998970.0 1003437.0 1011167.0 989275.0 997238.0 995220.0 992352.0 1013028.0 998097.0 1001698.0 991079.0 994059.0 997669.0 1000155.0 1010713.0 1004997.0 993857.0 998282.0 1010555.0 986753.0 1003100.0 995469.0 992364.0 989932.0 990334.0 1004942.0 993894.0 998592.0 1014387.0 1001394.0 1001923.0 990146.0 1007010.0 1001305.0 994363.0 992420.0 1001957.0 987387.0 1007206.0 991932.0 1004305.0 990202.0 986732.0 1012646.0 995914.0 1003426.0 996116.0 1013850.0 1017089.0 998696.0 1005434.0 1008208.0 1018589.0 1005312.0 1005685.0 1001331.0 998453.0 995650.0 993588.0 995847.0 1015521.0 1005934.0 1008788.0 999418.0 980786.0 1001895.0 997814.0 1000998.0 1005454.0 1009156.0 984510.0 1000796.0 1006924.0 1015333.0 1002293.0 992695.0 1000331.0 997816.0 1000954.0 998736.0 1009878.0 1009677.0 998337.0 1002580.0 1000149.0 1006506.0 1001379.0 987421.0 994664.0 994522.0 993593.0 1004790.0 1003925.0 1004750.0 1022772.0 1005314.0 1020564.0 999881.0 1001646.0 1006845.0 995809.0 994475.0 1004170.0 1012269.0 1003383.0 1013144.0 987941.0 998747.0 991643.0 997415.0 1000964.0 1011443.0 992551.0 1012797.0 991707.0 1003996.0 995668.0 1001182.0 1002638.0 997122.0 990366.0 995533.0 1006495.0 995197.0 987774.0 997240.0 1010550.0 998303.0 992170.0 1004760.0 996394.0 996768.0 1007856.0 1007390.0 1016280.0 1003698.0 1001839.0 995774.0 970808.0 1000924.0 996098.0 1003618.0 1005492.0 1000160.0 998058.0 1006364.0 1010258.0 991533.0 1000370.0 1001383.0 1000498.0 1011822.0 999022.0 1002927.0 996897.0 1001661.0 1002990.0 983610.0 1006823.0 999488.0 995629.0 1001723.0 997589.0 994827.0 993996.0 987198.0 997955.0 995792.0 1007042.0 999684.0 994241.0 996693.0 1001900.0 1008480.0 1002885.0 1000608.0 997051.0 1001254.0 998539.0 1005354.0 1008364.0 996370.0 1006672.0 995229.0 994050.0 1003583.0 998746.0 987278.0 990768.0 995997.0 1006121.0 1006611.0 998642.0 994462.0 1004492.0 1001970.0 1001308.0 991315.0 1009133.0 995292.0 999378.0 1007721.0 991951.0 999555.0 996504.0 1013892.0 1007457.0 1002596.0 1019425.0 1002954.0 1000386.0 996118.0 1002469.0 1005975.0 997572.0 1009655.0 1002495.0 999649.0 996509.0 1000542.0 1013002.0 1013845.0 1003450.0 1005525.0 1004537.0 1018737.0 1004783.0 983933.0 1003348.0 996344.0 1009318.0 1002104.0 1009771.0 998580.0 1004465.0 996269.0 1008299.0 992187.0 1000241.0 1001802.0 1011666.0 1007218.0 989752.0 992816.0 992819.0 999514.0 1000492.0 1001205.0 1006550.0 1009090.0 1002509.0 1003785.0 1006514.0 1011649.0 987664.0 991023.0 1011152.0 1008224.0 999135.0 1001545.0 1004946.0 1000672.0 995073.0 1003384.0 998619.0 1004283.0 1000411.0 997219.0 997753.0 995457.0 987325.0 1001456.0 1003939.0 993245.0 1001591.0 1000986.0 1001416.0 1001279.0 1009019.0 991161.0 1004017.0 1001556.0 1001338.0 998575.0 990138.0 1001922.0 1005882.0 1002178.0 979602.0 989089.0 1006013.0 1010550.0 987158.0 993304.0 999456.0 1008241.0 1003185.0 1005068.0 1010481.0 1000870.0 997414.0 1004177.0 995744.0 1007335.0 1002720.0 1012805.0 1003620.0 1001997.0 991264.0 995299.0 996890.0 1001577.0 1020418.0 981068.0 977796.0 1006485.0 988457.0 993569.0 998556.0 1015524.0 1004038.0 1004111.0 992827.0 994487.0 1003793.0 1001275.0 997253.0 1007637.0 994387.0 1007718.0 997018.0 999611.0 996563.0 999324.0 985715.0 1007254.0 990949.0 1002376.0 1011955.0 996814.0 994799.0 988479.0 995608.0 997860.0 1002945.0 1007664.0 1006550.0 992084.0 992718.0 1002146.0 1000758.0 998825.0 981637.0 998714.0 1004709.0 994632.0 998974.0 992220.0 997139.0 997281.0 996537.0 994084.0 1001648.0 1003598.0 994405.0 989704.0 997794.0 982647.0 980204.0 991829.0 992986.0 994059.0 1016637.0 1013619.0 1004404.0 1003194.0 992607.0 1001931.0 994525.0 994479.0 995492.0 999543.0 1003686.0 998242.0 1005645.0 1002134.0 989845.0 999570.0 1001804.0 991601.0 995172.0 996986.0 994104.0 987112.0 995173.0 990499.0 1004395.0 990721.0 1006839.0 996266.0 1008698.0 1002206.0 1008324.0 1009392.0 1005982.0 992368.0 991320.0 1012638.0 1006493.0 996728.0 996135.0 1000192.0 1001927.0 1001394.0 1000291.0 996389.0 992076.0 996895.0 999199.0 994709.0 1012306.0 1004544.0 993915.0 999668.0 993104.0 1002387.0 994245.0 1005982.0 1000043.0 994432.0 994540.0 1004307.0 1004511.0 1001022.0 1007883.0 1006628.0 1012334.0 1001910.0 1002443.0 994268.0 993828.0 991488.0 1001331.0 1006201.0 993008.0 998637.0 1008161.0 997555.0 995614.0 986533.0 1000707.0 1002788.0 988581.0 991858.0 1007426.0 995144.0 984076.0 994865.0 1001969.0 1005027.0 1002678.0 993591.0 1012472.0 1005114.0 992749.0 1012010.0 1010625.0 994105.0 1008295.0 995426.0 997035.0 994033.0 1011990.0 1008266.0 1000503.0 996391.0 1003650.0 999101.0 1013535.0 1007999.0 1004000.0 1011512.0 1010875.0 995953.0 999856.0 999081.0 998397.0 1012578.0 990360.0 999186.0 1004277.0 1009669.0 1004057.0 998539.0 987902.0 1005799.0 996941.0 1012297.0 992019.0 983520.0 1003029.0 996184.0 1002891.0 995768.0 1019774.0 991595.0 993891.0 994049.0 995116.0 986781.0 1008350.0 991109.0 999477.0 998572.0 996395.0 994583.0 1002318.0 1012487.0 998157.0 998101.0 987609.0 1005123.0 999298.0 1003046.0 1018413.0 1002944.0 1001040.0 1016801.0 989369.0 1007563.0 994181.0 1005885.0 994337.0 1007791.0 1006961.0 998031.0 995446.0 1005799.0 1007821.0 1014759.0 985206.0 1000844.0 1003736.0 991343.0 1002571.0 1007364.0 995177.0 989569.0 1011055.0 1002212.0 990024.0 986711.0 996090.0 1006798.0 1007985.0 1004704.0 1002950.0 997973.0 1004285.0 1000878.0 996144.0 994579.0 994715.0 1001866.0 1001035.0 1000403.0 1014916.0 1003537.0 989299.0 996975.0 1002589.0 995423.0 1011871.0 998862.0 990525.0 1008924.0 998828.0 1001985.0 1005968.0 995622.0 1010800.0 990296.0 1004586.0 983073.0 991887.0 1002750.0 1002004.0 984248.0 1001004.0 1012300.0 999454.0 1012925.0 993842.0 987261.0 981967.0 993975.0 997221.0 1014215.0 1008200.0 1002685.0 1002356.0 1007059.0 995942.0 1002084.0 1006726.0 986269.0 1006729.0 1004137.0 1004104.0 993388.0 993435.0 1010876.0 1003490.0 1000420.0 997488.0 1003449.0 1017974.0 1007916.0 1005313.0 990620.0 1020946.0 999863.0 997530.0 1015622.0 990503.0 992846.0 1002960.0 1005270.0 1001161.0 986257.0 1002275.0 1014421.0 1000579.0 995353.0 995837.0 989648.0 994258.0 1002194.0 1012034.0 1006986.0 998367.0 1017870.0 995916.0 994147.0 995715.0 986003.0 993971.0 990242.0 994347.0 1011159.0 1004490.0 998880.0 974363.0 1001716.0 995810.0 993126.0 994217.0 1003995.0 1003093.0 1006569.0 1002625.0 1005505.0 989860.0 995145.0 998105.0 987504.0 1002740.0 993795.0 1003552.0 994858.0 1000993.0 999513.0 992071.0 1007712.0 990127.0 1005326.0 1004020.0 1007165.0 1013037.0 1002763.0 993015.0 1007056.0 994011.0 1002518.0 1014586.0 996431.0 996546.0 1002248.0 1000356.0 1000435.0 1005744.0 995575.0 1003569.0 990330.0 999838.0 993676.0 1010447.0 1001267.0 1018927.0 992831.0 988873.0 1004592.0 1002341.0 999333.0 998538.0 1012828.0 997723.0 1008376.0 1001777.0 997920.0 995840.0 1006002.0 1000876.0 990378.0 991795.0 988145.0 1004776.0 1010012.0 986110.0 999359.0 1000832.0 1006405.0 1002038.0 1002415.0 995463.0 995323.0 992299.0 1010866.0 995600.0 999754.0 1003465.0 998377.0 1010907.0 998471.0 992731.0 990731.0 990205.0 998352.0 993607.0 992160.0 989857.0 1001942.0 995493.0 1000539.0 1013936.0 998674.0 1002996.0 1008690.0 1007372.0 1009150.0 1000819.0 1005948.0 998898.0 1003108.0 1005506.0 999681.0 997743.0 984727.0 999669.0 991758.0 1001027.0 993892.0 1002149.0 1001937.0 998876.0 992392.0 1003765.0 1007331.0 1003437.0 996860.0 995189.0 989129.0 1000902.0 999071.0 1003642.0 992630.0 989909.0 1001138.0 999068.0 992316.0 1005022.0 1005959.0 1006197.0 1002763.0 1012925.0 1000662.0 1000559.0 996328.0 997485.0 1012366.0 1000629.0 1010888.0 1002111.0 1006013.0 1006722.0 1004587.0 1000933.0 1007438.0 1011721.0 1004199.0 996995.0 994690.0 1004297.0 1005204.0 1000222.0 1002904.0 997864.0 1005227.0 983673.0 998273.0 995721.0 1002730.0 1008348.0 991852.0 998442.0 1001492.0 1000770.0 982798.0 994723.0 1003845.0 1011581.0 995806.0 1005602.0 989820.0 1010929.0 998771.0 1000422.0 1002681.0 1015165.0 1005360.0 1001387.0 1001235.0 1005297.0 1013927.0 1011068.0 1000851.0 1011218.0 996268.0 1001292.0 1002614.0 1004274.0 989827.0 1002293.0 1016840.0 992893.0 989723.0 1006868.0 1005937.0 990594.0 1005920.0 996680.0 1010525.0 1001462.0 1009855.0 990646.0 1007159.0 1005020.0 1005384.0 1002721.0 1003070.0 999284.0 1008292.0 994104.0 991574.0 996755.0 1004172.0 987774.0 1004373.0 1000286.0 1002064.0 989292.0 1000516.0 989118.0 996704.0 998250.0 999699.0 988969.0 1004384.0 996631.0 997785.0 1007645.0 1002906.0 1003778.0 995661.0 993995.0 1007987.0 999521.0 1011011.0 983735.0 1007318.0 995293.0 1008204.0 1004066.0 993646.0 992290.0 1011750.0 993472.0 998417.0 1003383.0 992477.0 1004676.0 998879.0 1006201.0 994864.0 1006485.0 1007513.0 992307.0 988243.0 1013664.0 1011997.0 999769.0 1020319.0 995230.0 1007567.0 1003529.0 1001177.0 999371.0 1009351.0 1001925.0 990866.0 986182.0 1004744.0 999190.0 991983.0 1003941.0 1000830.0 994719.0 1001482.0 1012726.0 997325.0 1002961.0 999945.0 998222.0 1002929.0 1010693.0 1006104.0 991636.0 995212.0 991898.0 1010402.0 994970.0 996754.0 1001877.0 990921.0 995331.0 985511.0 989404.0 998170.0 988721.0 998913.0 1010419.0 1014973.0 994487.0 1003197.0 997603.0 1004297.0 993973.0 993104.0 1009396.0 1000304.0 998736.0 994289.0 1001062.0 993769.0 981277.0 993821.0 1008157.0 988807.0 986198.0 995688.0 997824.0 1013636.0 1001234.0 989350.0 1010851.0 1011483.0 998261.0 1014888.0 1003122.0 1006343.0 994402.0 998847.0 994833.0 997587.0 991612.0 998309.0 992537.0 997885.0 1004330.0 997044.0 995039.0 994556.0 978318.0 1014258.0 996600.0 1000378.0 1000366.0 1000317.0 1009947.0 1016186.0 1011340.0 1000489.0 1001488.0 996529.0 992739.0 997247.0 1005939.0 1008384.0 986385.0 1004926.0 992355.0 1007713.0 996515.0 997676.0 984088.0 1005369.0 996634.0 1005921.0 998914.0 998701.0 1003589.0 1004327.0 999068.0 1006775.0 1003223.0 1003657.0 983966.0 1004269.0 1002083.0 997184.0 999782.0 1009827.0 1005075.0 994843.0 1016842.0 1004673.0 1003746.0 995188.0 997287.0 993202.0 1004631.0 1004107.0 1006774.0 996321.0 1011613.0 1013102.0 983011.0 991959.0 1006560.0 1000350.0 996629.0 1004677.0 998091.0 1006578.0 990106.0 1012599.0 1001941.0 991133.0 998081.0 1011150.0 992733.0 1007666.0 992191.0 998096.0 997163.0 1001059.0 1005950.0 990626.0 1012917.0 1001652.0 999721.0 988339.0 992949.0 1008794.0 994929.0 1006660.0 998821.0 989592.0 1004015.0 1012089.0 990797.0 997867.0 994827.0 1005466.0 1002709.0 1005363.0 1008788.0 997324.0 982127.0 995812.0 1002534.0 997786.0 992546.0 1011224.0 992471.0 992688.0 1002637.0 989106.0 995856.0 999289.0 1002363.0 1000988.0 1003873.0 1011642.0 992247.0 999334.0 999331.0 1008187.0 1010897.0 994689.0 992965.0 997982.0 1008199.0 989868.0 993298.0 1000440.0 1002014.0 983387.0 1000503.0 1000372.0 995294.0 992738.0 1002727.0 999383.0 997534.0 1012207.0 1007384.0 994472.0 992280.0 1002689.0 996185.0 1003767.0 992020.0 997177.0 1008349.0 1002657.0 998205.0 1004197.0 1000567.0 999048.0 1000050.0 992357.0 988021.0 1000580.0 990947.0 990731.0 1002299.0 999255.0 1001502.0 992634.0 996222.0 1019462.0 1000826.0 996634.0 1006426.0 1007303.0 1010945.0 1000417.0 1006581.0 989901.0 1012473.0 1007178.0 1002293.0 997409.0 1005106.0 1004622.0 1006011.0 999107.0 994006.0 985649.0 988187.0 1003556.0 988165.0 990134.0 991530.0 1018577.0 1014898.0 1002619.0 999053.0 1010753.0 994580.0 999318.0 1005488.0 1004884.0 998947.0 994453.0 1005613.0 1000354.0 1006999.0 994972.0 996526.0 1000656.0 1007352.0 988180.0 995101.0 997391.0 990450.0 983380.0 995914.0 1004962.0 1006033.0 1003045.0 1003143.0 997912.0 1006315.0 989744.0 988196.0 997423.0 996065.0 1000937.0 1004219.0 1010956.0 1008271.0 1006574.0 1001756.0 1013484.0 985339.0 996711.0 998447.0 998049.0 993127.0 995019.0 996718.0 1003574.0 ]

10002 actual elapsed

T=1037650, R=0, W=0
T=942425, R=0, W=0
T=1019376, R=0, W=0
T=1139084, R=0, W=0
T=1350737, R=0, W=0
T=1245715, R=0, W=0
T=1287420, R=0, W=0
T=1038861, R=0, W=0
T=956503, R=0, W=0
T=1023760, R=0, W=0
T=1036194, R=0, W=0
T=1092981, R=0, W=0
T=1100574, R=0, W=0
T=1165460, R=0, W=0
T=1002710, R=0, W=0
T=937724, R=0, W=0
T=1442591, R=0, W=0
T=833857, R=0, W=0
T=1235559, R=0, W=0
T=1094633, R=0, W=0
T=864837, R=0, W=0
T=1318350, R=0, W=0
T=1141057, R=0, W=0
T=1127056, R=0, W=0
T=1170862, R=0, W=0
T=1072090, R=0, W=0
T=1060481, R=0, W=0
T=1126843, R=0, W=0
T=924159, R=0, W=0
T=940329, R=0, W=0
T=1148182, R=0, W=0
T=1267160, R=0, W=0
T=906783, R=0, W=0
T=1428721, R=0, W=0
T=1245461, R=0, W=0
T=953102, R=0, W=0
T=1178319, R=0, W=0
T=1025139, R=0, W=0
T=1129624, R=0, W=0
T=1110733, R=0, W=0
T=1340559, R=0, W=0
T=1096675, R=0, W=0
T=962789, R=0, W=0
T=988157, R=0, W=0
T=1330487, R=0, W=0
T=1530730, R=0, W=0
T=1391246, R=0, W=0
T=964032, R=0, W=0
T=1123372, R=0, W=0
T=1073983, R=0, W=0
T=1390455, R=0, W=0
T=1362666, R=0, W=0
T=760374, R=0, W=0
T=876656, R=0, W=0
T=1301118, R=0, W=0
T=1013525, R=0, W=0
T=1004846, R=0, W=0
T=1153011, R=0, W=0
T=1249372, R=0, W=0
T=1261201, R=0, W=0
T=1504723, R=0, W=0
T=1133567, R=0, W=0
T=1076480, R=0, W=0
T=1249119, R=0, W=0

TOTAL: T=72262245, R=0, W=0
--- 54,619 MB collected in 0.120 secs (0.9% of total), longest GC took 0.006 secs
DATA gc:  total_k 55930688  total_secs 0.120296  max_secs 0.006294
