startup =       4000
elapsed =       10000
threads =       2
accounts =      2
init =          1000000
maxAmount =     10
readFreq =      0
writeFreq =     0
readThreads =   0
writeThreads =  0
disjointTrans = false
yieldALot =     false
flavour =       rfw

warming up
timed execution

TOTAL=2000000.0 [ 995899.0 1004101.0 ]

10002 actual elapsed

T=3902545, R=0, W=0
T=3195610, R=0, W=0

TOTAL: T=7098155, R=0, W=0
--- 5,987 MB collected in 0.024 secs (0.2% of total), longest GC took 0.002 secs
DATA gc:  total_k 6130742  total_secs 0.024471  max_secs 0.001915
