startup =       4000
elapsed =       10000
threads =       2
accounts =      2
init =          1000000
maxAmount =     10
readFreq =      0
writeFreq =     0
readThreads =   0
writeThreads =  0
disjointTrans = false
yieldALot =     false

warming up
timed execution

TOTAL=2000000.0 [ 1013585.0 986415.0 ]

10001 actual elapsed

T=3200576, R=0, W=0
T=3314733, R=0, W=0

TOTAL: T=6515309, R=0, W=0
--- 5,367 MB collected in 0.022 secs (0.2% of total), longest GC took 0.002 secs
DATA gc:  total_k 5496118  total_secs 0.0224  max_secs 0.001904
