startup =       4000
elapsed =       10000
threads =       4
accounts =      256
init =          1000000
maxAmount =     10
readFreq =      0
writeFreq =     0
readThreads =   0
writeThreads =  0
disjointTrans = false
yieldALot =     false
flavour =       rfw

warming up
timed execution

TOTAL=2.5600008E8 [ 1004227.0 1014955.0 1004513.0 997380.0 1000470.0 1005277.0 1001169.0 1003748.0 989676.0 1005719.0 997112.0 998453.0 1013275.0 1009594.0 1006849.0 997437.0 982949.0 996378.0 1002665.0 993768.0 985712.0 1003633.0 1008786.0 1009610.0 995706.0 990436.0 992357.0 1009434.0 1006332.0 998630.0 1004690.0 1001112.0 998151.0 991091.0 986025.0 996154.0 999218.0 998118.0 994572.0 1002894.0 997269.0 1006814.0 1003770.0 992392.0 998080.0 1000673.0 999280.0 1005164.0 1006490.0 1013968.0 994721.0 1008686.0 1001238.0 986984.0 997672.0 1000856.0 1000306.0 1001540.0 992348.0 998589.0 980698.0 1001577.0 1006628.0 1007709.0 993201.0 1005830.0 991957.0 998136.0 1005902.0 999264.0 1002768.0 1009694.0 1005299.0 1008386.0 1001545.0 998174.0 998291.0 998622.0 1010379.0 999308.0 1013433.0 1006557.0 998786.0 989126.0 996282.0 997806.0 999410.0 1001651.0 997304.0 1004470.0 1007444.0 994577.0 1001804.0 995534.0 1012094.0 994477.0 1001855.0 989382.0 992244.0 1003767.0 1003638.0 987229.0 1003625.0 1005948.0 1004811.0 1000558.0 995113.0 1000536.0 1006633.0 998183.0 1007566.0 997451.0 1003878.0 1003865.0 996444.0 993529.0 990025.0 999111.0 993853.0 1008243.0 1017407.0 1004076.0 1000355.0 991728.0 982549.0 991437.0 987336.0 992688.0 1010273.0 1008952.0 1004768.0 1005689.0 995636.0 1006476.0 1002832.0 994886.0 997252.0 992653.0 1002212.0 1002320.0 1002919.0 1011592.0 1005273.0 1002510.0 996476.0 1001865.0 1001649.0 1008738.0 1000616.0 1001538.0 998373.0 994131.0 996315.0 1011145.0 1011172.0 995956.0 1013143.0 1001838.0 992852.0 994031.0 1000041.0 986854.0 1002203.0 988948.0 1000026.0 985757.0 996326.0 1001073.0 994635.0 1011955.0 996843.0 1001786.0 999721.0 1003982.0 996405.0 994287.0 990930.0 1000200.0 1006556.0 1010110.0 1009977.0 1002540.0 998259.0 996855.0 1008379.0 998881.0 1005150.0 1007261.0 995467.0 996722.0 1001777.0 1001860.0 1004625.0 998326.0 1006315.0 1005863.0 999334.0 990908.0 1008462.0 1002077.0 994419.0 987067.0 998607.0 1008255.0 998148.0 1001536.0 994766.0 988944.0 1004536.0 1008730.0 988425.0 1001010.0 989050.0 1004049.0 1006066.0 987918.0 1002711.0 1002744.0 1000151.0 1000840.0 997311.0 990552.0 1004576.0 1002786.0 1002224.0 994640.0 995642.0 998640.0 1007465.0 996198.0 1006762.0 1008428.0 990922.0 1013158.0 999651.0 999583.0 999563.0 1009860.0 995069.0 1007186.0 1007333.0 997556.0 984742.0 1004494.0 999741.0 996880.0 988304.0 997747.0 988756.0 991198.0 997075.0 999829.0 1002057.0 998513.0 990329.0 999200.0 ]

10001 actual elapsed

T=6864925, R=0, W=0
T=7051884, R=0, W=0
T=7328561, R=0, W=0
T=6947174, R=0, W=0

TOTAL: T=28192544, R=0, W=0
--- 20,681 MB collected in 0.043 secs (0.3% of total), longest GC took 0.002 secs
DATA gc:  total_k 21177414  total_secs 0.042554  max_secs 0.002489
