Number of accounts  = 4
Initial amount      = 1000000.0
Maximal transfer    = 10
Read-all frequency  = 0%
Write-all frequency = 0%
Read-all threads    = 0
Write-all threads   = 0
Disjoint            = false
Yield               = false

Starting threads... 0 1 2 3
End of warmup phase... 0 1 2 3
End of test phase... 0 1 2 3
Waiting for threads to finish...
All threads returned successfully
RESULTS:

  Warmup duration (ms) = 4000
  Test duration (ms)   = 10001
  Nb iterations        = 1121061
TOTAL: T=1121061, R=0, W=0

TOTAL=4000000 [ 0=1004333.0 1=986642.0 2=1003092.0 3=1005933.0 ]
    0 : 269690 (T=269690, R=0, W=0)
    1 : 267847 (T=267847, R=0, W=0)
    2 : 298351 (T=298351, R=0, W=0)
    3 : 285173 (T=285173, R=0, W=0)
--- 19,161 MB collected in 0.034 secs (0.2% of total), longest GC took 0.005 secs
DATA gc:  total_k 19621128  total_secs 0.033879  max_secs 0.004626
