Number of accounts  = 8
Initial amount      = 1000000.0
Maximal transfer    = 10
Read-all frequency  = 0%
Write-all frequency = 0%
Read-all threads    = 0
Write-all threads   = 0
Disjoint            = false
Yield               = false

Starting threads... 0 1 2 3 4 5 6 7
End of warmup phase... 0 1 2 3 4 5 6 7
End of test phase... 0 1 2 3 4 5 6 7
Waiting for threads to finish...
All threads returned successfully
RESULTS:

  Warmup duration (ms) = 4000
  Test duration (ms)   = 10000
  Nb iterations        = 18018787
TOTAL: T=18018787, R=0, W=0

TOTAL=8000000 [ 0=981977.0 1=1016576.0 2=994623.0 3=1015495.0 4=973207.0 5=997765.0 6=998245.0 7=1022112.0 ]
    0 : 2640339 (T=2640339, R=0, W=0)
    1 : 3037792 (T=3037792, R=0, W=0)
    2 : 3018118 (T=3018118, R=0, W=0)
    3 : 2497330 (T=2497330, R=0, W=0)
    4 : 3022803 (T=3022803, R=0, W=0)
    5 : 763473 (T=763473, R=0, W=0)
    6 : 1633738 (T=1633738, R=0, W=0)
    7 : 1405194 (T=1405194, R=0, W=0)
--- 11,641 MB collected in 0.087 secs (0.7% of total), longest GC took 0.013 secs
DATA gc:  total_k 11921150  total_secs 0.087338  max_secs 0.012797
