Number of accounts  = 128
Initial amount      = 1000000.0
Maximal transfer    = 10
Read-all frequency  = 0%
Write-all frequency = 0%
Read-all threads    = 0
Write-all threads   = 0
Disjoint            = false
Yield               = false

Starting threads... 0 1
End of warmup phase... 0 1
End of test phase... 0 1
Waiting for threads to finish...
All threads returned successfully
RESULTS:

  Warmup duration (ms) = 4001
  Test duration (ms)   = 10000
  Nb iterations        = 22540351
TOTAL: T=22540351, R=0, W=0

TOTAL=128000000 [ 0=997942.0 1=996684.0 2=1009854.0 3=995403.0 4=995122.0 5=998405.0 6=1001828.0 7=1004565.0 8=1006831.0 9=991357.0 10=995591.0 11=1000618.0 12=1001852.0 13=1011112.0 14=999124.0 15=1001553.0 16=994212.0 17=998475.0 18=1000912.0 19=1003856.0 20=1004217.0 21=1003693.0 22=993838.0 23=1005313.0 24=995202.0 25=1004382.0 26=1010946.0 27=993474.0 28=994212.0 29=997878.0 30=996410.0 31=995451.0 32=1012191.0 33=1002025.0 34=997175.0 35=991588.0 36=994289.0 37=999391.0 38=993004.0 39=998822.0 40=996447.0 41=999931.0 42=995895.0 43=1002781.0 44=991136.0 45=1005501.0 46=992376.0 47=1002655.0 48=999502.0 49=997234.0 50=993792.0 51=1005924.0 52=996589.0 53=1002879.0 54=1003008.0 55=1002511.0 56=1000272.0 57=1002660.0 58=1004136.0 59=1003134.0 60=997178.0 61=996003.0 62=1001671.0 63=993872.0 64=996181.0 65=996183.0 66=1002619.0 67=1006665.0 68=1002107.0 69=1005468.0 70=1007936.0 71=1006545.0 72=1004456.0 73=1002181.0 74=999021.0 75=995638.0 76=999288.0 77=991112.0 78=991986.0 79=999837.0 80=997640.0 81=997537.0 82=1000038.0 83=1001537.0 84=1000320.0 85=1000522.0 86=1001804.0 87=1003221.0 88=990793.0 89=997697.0 90=1001006.0 91=998234.0 92=1000816.0 93=999170.0 94=1005468.0 95=995464.0 96=999279.0 97=1002163.0 98=994578.0 99=1007714.0 100=1004588.0 101=998815.0 102=996177.0 103=1008799.0 104=1004250.0 105=999074.0 106=1002524.0 107=1005161.0 108=998002.0 109=1003006.0 110=1003759.0 111=995879.0 112=999351.0 113=997032.0 114=993735.0 115=995841.0 116=1004468.0 117=1004164.0 118=1000572.0 119=1001536.0 120=1006513.0 121=1005543.0 122=1002537.0 123=1002837.0 124=1000484.0 125=995423.0 126=987737.0 127=1004085.0 ]
    0 : 12937198 (T=12937198, R=0, W=0)
    1 : 9603153 (T=9603153, R=0, W=0)
--- 11,621 MB collected in 0.034 secs (0.2% of total), longest GC took 0.004 secs
DATA gc:  total_k 11900832  total_secs 0.033605  max_secs 0.003758
