Number of accounts  = 2
Initial amount      = 1000000.0
Maximal transfer    = 10
Read-all frequency  = 0%
Write-all frequency = 0%
Read-all threads    = 0
Write-all threads   = 0
Disjoint            = false
Yield               = false

Starting threads... 0
End of warmup phase... 0
End of test phase... 0
Waiting for threads to finish...
All threads returned successfully
RESULTS:

  Warmup duration (ms) = 4000
  Test duration (ms)   = 10000
  Nb iterations        = 15434898
TOTAL: T=15434898, R=0, W=0

TOTAL=2000000 [ 0=994400.0 1=1005600.0 ]
    0 : 15434898 (T=15434898, R=0, W=0)
--- 3,726 MB collected in 0.036 secs (0.3% of total), longest GC took 0.004 secs
DATA gc:  total_k 3815808  total_secs 0.036149  max_secs 0.004399
