Number of accounts  = 64
Initial amount      = 100000.0
Maximal transfer    = 10
Read-all frequency  = 0%
Write-all frequency = 0%
Read-all threads    = 0
Write-all threads   = 0
Disjoint            = false
Yield               = false

Starting threads... 0 1 2 3 4 5 6 7 8 9 10 11 12 13 14 15 16 17 18 19 20 21 22 23 24 25 26 27 28 29 30 31 32 33 34 35 36 37 38 39 40 41 42 43 44 45 46 47 48 49 50 51 52 53 54 55 56 57 58 59 60 61 62 63
End of warmup phase... 0 1 2 3 4 5 6 7 8 9 10 11 12 13 14 15 16 17 18 19 20 21 22 23 24 25 26 27 28 29 30 31 32 33 34 35 36 37 38 39 40 41 42 43 44 45 46 47 48 49 50 51 52 53 54 55 56 57 58 59 60 61 62 63
End of test phase... 0 1 2 3 4 5 6 7 8 9 10 11 12 13 14 15 16 17 18 19 20 21 22 23 24 25 26 27 28 29 30 31 32 33 34 35 36 37 38 39 40 41 42 43 44 45 46 47 48 49 50 51 52 53 54 55 56 57 58 59 60 61 62 63
Waiting for threads to finish...
All threads returned successfully
RESULTS:

  Warmup duration (ms) = 4424
  Test duration (ms)   = 10000
  Nb iterations        = 5422639
  Stats                = T=5422639, R=0, W=0, TOTAL=6400000 [ 0=106716.0 1=102211.0 2=95221.0 3=103107.0 4=96820.0 5=97761.0 6=105042.0 7=103225.0 8=105341.0 9=101403.0 10=95405.0 11=108033.0 12=103401.0 13=101289.0 14=102105.0 15=98253.0 16=100516.0 17=101533.0 18=99560.0 19=98039.0 20=103651.0 21=101961.0 22=93760.0 23=100461.0 24=99027.0 25=94742.0 26=93411.0 27=101222.0 28=97524.0 29=99023.0 30=99178.0 31=93434.0 32=95843.0 33=100571.0 34=98675.0 35=102968.0 36=100189.0 37=100414.0 38=95354.0 39=98472.0 40=104897.0 41=101401.0 42=100619.0 43=106153.0 44=98984.0 45=99719.0 46=95686.0 47=97257.0 48=96794.0 49=100934.0 50=105521.0 51=98521.0 52=99600.0 53=99759.0 54=99235.0 55=101071.0 56=101733.0 57=99298.0 58=98510.0 59=97634.0 60=99941.0 61=101265.0 62=98168.0 63=102439.0 ]
    0 : 94380 (T=94380, R=0, W=0)
    1 : 74682 (T=74682, R=0, W=0)
    2 : 76819 (T=76819, R=0, W=0)
    3 : 78252 (T=78252, R=0, W=0)
    4 : 55361 (T=55361, R=0, W=0)
    5 : 62525 (T=62525, R=0, W=0)
    6 : 65753 (T=65753, R=0, W=0)
    7 : 123154 (T=123154, R=0, W=0)
    8 : 81052 (T=81052, R=0, W=0)
    9 : 78221 (T=78221, R=0, W=0)
    10 : 103767 (T=103767, R=0, W=0)
    11 : 66584 (T=66584, R=0, W=0)
    12 : 117499 (T=117499, R=0, W=0)
    13 : 95937 (T=95937, R=0, W=0)
    14 : 80516 (T=80516, R=0, W=0)
    15 : 72210 (T=72210, R=0, W=0)
    16 : 65036 (T=65036, R=0, W=0)
    17 : 72088 (T=72088, R=0, W=0)
    18 : 86667 (T=86667, R=0, W=0)
    19 : 95264 (T=95264, R=0, W=0)
    20 : 88615 (T=88615, R=0, W=0)
    21 : 71859 (T=71859, R=0, W=0)
    22 : 95430 (T=95430, R=0, W=0)
    23 : 49030 (T=49030, R=0, W=0)
    24 : 54837 (T=54837, R=0, W=0)
    25 : 125714 (T=125714, R=0, W=0)
    26 : 37784 (T=37784, R=0, W=0)
    27 : 100531 (T=100531, R=0, W=0)
    28 : 54673 (T=54673, R=0, W=0)
    29 : 111481 (T=111481, R=0, W=0)
    30 : 77009 (T=77009, R=0, W=0)
    31 : 75207 (T=75207, R=0, W=0)
    32 : 76548 (T=76548, R=0, W=0)
    33 : 88449 (T=88449, R=0, W=0)
    34 : 72511 (T=72511, R=0, W=0)
    35 : 139655 (T=139655, R=0, W=0)
    36 : 83491 (T=83491, R=0, W=0)
    37 : 81507 (T=81507, R=0, W=0)
    38 : 96773 (T=96773, R=0, W=0)
    39 : 44262 (T=44262, R=0, W=0)
    40 : 132661 (T=132661, R=0, W=0)
    41 : 94148 (T=94148, R=0, W=0)
    42 : 114282 (T=114282, R=0, W=0)
    43 : 98287 (T=98287, R=0, W=0)
    44 : 50544 (T=50544, R=0, W=0)
    45 : 82333 (T=82333, R=0, W=0)
    46 : 87015 (T=87015, R=0, W=0)
    47 : 77822 (T=77822, R=0, W=0)
    48 : 84326 (T=84326, R=0, W=0)
    49 : 111553 (T=111553, R=0, W=0)
    50 : 83469 (T=83469, R=0, W=0)
    51 : 77725 (T=77725, R=0, W=0)
    52 : 88778 (T=88778, R=0, W=0)
    53 : 84480 (T=84480, R=0, W=0)
    54 : 93463 (T=93463, R=0, W=0)
    55 : 74730 (T=74730, R=0, W=0)
    56 : 75912 (T=75912, R=0, W=0)
    57 : 88730 (T=88730, R=0, W=0)
    58 : 78355 (T=78355, R=0, W=0)
    59 : 79057 (T=79057, R=0, W=0)
    60 : 65008 (T=65008, R=0, W=0)
    61 : 126525 (T=126525, R=0, W=0)
    62 : 93432 (T=93432, R=0, W=0)
    63 : 108871 (T=108871, R=0, W=0)
--- 5,716 MB collected in 0.222 secs (1.9% of total), longest GC took 0.037 secs
DATA gc:  total_k 5853623  total_secs 0.22154  max_secs 0.037494
