Number of accounts  = 512
Initial amount      = 100000.0
Maximal transfer    = 10
Read-all frequency  = 0%
Write-all frequency = 0%
Read-all threads    = 0
Write-all threads   = 0
Disjoint            = false
Yield               = false

Starting threads... 0 1 2 3 4 5 6 7
End of warmup phase... 0 1 2 3 4 5 6 7
End of test phase... 0 1 2 3 4 5 6 7
Waiting for threads to finish...
All threads returned successfully
RESULTS:

  Warmup duration (ms) = 4000
  Test duration (ms)   = 10000
  Nb iterations        = 66126202
  Stats                = T=66126202, R=0, W=0, TOTAL=51199984 [ 0=105127.0 1=97122.0 2=99234.0 3=98904.0 4=98047.0 5=102271.0 6=103378.0 7=104817.0 8=98172.0 9=102869.0 10=104777.0 11=103823.0 12=103540.0 13=98950.0 14=104935.0 15=107139.0 16=100277.0 17=101868.0 18=94676.0 19=96134.0 20=96020.0 21=105925.0 22=100434.0 23=98453.0 24=102773.0 25=99570.0 26=96404.0 27=98454.0 28=99293.0 29=104496.0 30=98960.0 31=103746.0 32=100830.0 33=102446.0 34=96004.0 35=93917.0 36=98584.0 37=92814.0 38=99599.0 39=101816.0 40=94980.0 41=94435.0 42=102600.0 43=94892.0 44=100005.0 45=105531.0 46=102045.0 47=103352.0 48=100447.0 49=102005.0 50=102913.0 51=100573.0 52=102136.0 53=95431.0 54=96025.0 55=104799.0 56=97936.0 57=96225.0 58=93596.0 59=99695.0 60=96425.0 61=107104.0 62=100988.0 63=98889.0 64=99730.0 65=100101.0 66=105142.0 67=97174.0 68=102632.0 69=99505.0 70=97153.0 71=105009.0 72=95429.0 73=99395.0 74=100467.0 75=96632.0 76=96435.0 77=97657.0 78=101004.0 79=99454.0 80=94291.0 81=99839.0 82=104588.0 83=97330.0 84=98382.0 85=97082.0 86=102826.0 87=101376.0 88=100275.0 89=97919.0 90=93721.0 91=106261.0 92=95485.0 93=107516.0 94=100848.0 95=93609.0 96=95644.0 97=97241.0 98=98193.0 99=103271.0 100=99854.0 101=92797.0 102=100889.0 103=93476.0 104=96498.0 105=101934.0 106=98307.0 107=97523.0 108=104577.0 109=99867.0 110=99169.0 111=94814.0 112=98901.0 113=99881.0 114=102214.0 115=95601.0 116=97865.0 117=101296.0 118=94930.0 119=107697.0 120=97484.0 121=101164.0 122=97260.0 123=104688.0 124=104370.0 125=95574.0 126=96974.0 127=94562.0 128=97697.0 129=102660.0 130=100027.0 131=92810.0 132=96522.0 133=103898.0 134=106934.0 135=98822.0 136=101234.0 137=96892.0 138=107678.0 139=107420.0 140=101654.0 141=95225.0 142=95287.0 143=93361.0 144=92903.0 145=101537.0 146=102178.0 147=99795.0 148=98415.0 149=101014.0 150=95491.0 151=96155.0 152=99564.0 153=103732.0 154=92699.0 155=95374.0 156=103445.0 157=103632.0 158=103648.0 159=96245.0 160=103739.0 161=97515.0 162=98708.0 163=107009.0 164=102839.0 165=96615.0 166=99400.0 167=103640.0 168=104230.0 169=99668.0 170=106219.0 171=90613.0 172=103849.0 173=105051.0 174=89981.0 175=93342.0 176=100517.0 177=97852.0 178=99985.0 179=98655.0 180=97041.0 181=104748.0 182=99936.0 183=104682.0 184=99906.0 185=97069.0 186=101166.0 187=103411.0 188=99664.0 189=95890.0 190=101372.0 191=95760.0 192=101551.0 193=101381.0 194=99315.0 195=93966.0 196=100751.0 197=99158.0 198=103244.0 199=97546.0 200=91690.0 201=97325.0 202=97319.0 203=101353.0 204=100231.0 205=104396.0 206=97524.0 207=104950.0 208=104772.0 209=104128.0 210=99840.0 211=100658.0 212=101542.0 213=98960.0 214=98758.0 215=97670.0 216=101461.0 217=98999.0 218=97451.0 219=100336.0 220=96376.0 221=99193.0 222=106063.0 223=95651.0 224=106061.0 225=105660.0 226=101675.0 227=105914.0 228=98779.0 229=96665.0 230=95720.0 231=104788.0 232=100541.0 233=102405.0 234=104918.0 235=107252.0 236=102162.0 237=104079.0 238=103421.0 239=106732.0 240=93702.0 241=100479.0 242=95292.0 243=100897.0 244=103060.0 245=97782.0 246=96890.0 247=103172.0 248=100749.0 249=98197.0 250=94837.0 251=97515.0 252=94497.0 253=101782.0 254=98687.0 255=91637.0 256=98927.0 257=105564.0 258=100079.0 259=92813.0 260=104052.0 261=94428.0 262=100712.0 263=99240.0 264=98970.0 265=94792.0 266=100243.0 267=102664.0 268=99495.0 269=98878.0 270=101505.0 271=96309.0 272=102724.0 273=98923.0 274=108515.0 275=99372.0 276=100901.0 277=100533.0 278=109175.0 279=99360.0 280=104728.0 281=101982.0 282=94660.0 283=98948.0 284=101722.0 285=100744.0 286=96829.0 287=97560.0 288=97720.0 289=99805.0 290=101361.0 291=96180.0 292=98895.0 293=91869.0 294=105168.0 295=97797.0 296=98515.0 297=95225.0 298=103739.0 299=95730.0 300=96725.0 301=93115.0 302=94386.0 303=94228.0 304=105152.0 305=106948.0 306=95413.0 307=97124.0 308=96185.0 309=105109.0 310=103168.0 311=96750.0 312=105616.0 313=105183.0 314=97836.0 315=105825.0 316=97664.0 317=106767.0 318=100113.0 319=105633.0 320=106998.0 321=100042.0 322=99497.0 323=99052.0 324=97435.0 325=105055.0 326=98861.0 327=108873.0 328=101362.0 329=96065.0 330=102721.0 331=101605.0 332=101247.0 333=100030.0 334=100618.0 335=98925.0 336=102086.0 337=104316.0 338=96077.0 339=103026.0 340=101765.0 341=102767.0 342=102267.0 343=107248.0 344=96032.0 345=95491.0 346=105451.0 347=91073.0 348=101788.0 349=98725.0 350=101280.0 351=101569.0 352=100279.0 353=101843.0 354=96076.0 355=98990.0 356=95833.0 357=98222.0 358=97110.0 359=101519.0 360=102872.0 361=96999.0 362=94630.0 363=97594.0 364=100011.0 365=98579.0 366=105555.0 367=102239.0 368=100358.0 369=96908.0 370=103169.0 371=97892.0 372=94775.0 373=102053.0 374=93840.0 375=102307.0 376=102630.0 377=100624.0 378=107274.0 379=98225.0 380=100384.0 381=93968.0 382=99419.0 383=103705.0 384=102457.0 385=95311.0 386=98414.0 387=104637.0 388=101449.0 389=98064.0 390=99042.0 391=95615.0 392=103645.0 393=99362.0 394=97828.0 395=94443.0 396=106288.0 397=98915.0 398=100858.0 399=95976.0 400=94368.0 401=103975.0 402=102687.0 403=99521.0 404=97373.0 405=97387.0 406=101806.0 407=98114.0 408=104389.0 409=95418.0 410=102168.0 411=93682.0 412=97958.0 413=101689.0 414=101212.0 415=104345.0 416=96465.0 417=91131.0 418=99038.0 419=96070.0 420=101522.0 421=94580.0 422=99311.0 423=103016.0 424=97150.0 425=102008.0 426=100319.0 427=97978.0 428=99069.0 429=105670.0 430=91507.0 431=106052.0 432=99523.0 433=102262.0 434=98774.0 435=100418.0 436=96876.0 437=100070.0 438=101909.0 439=100670.0 440=105399.0 441=100566.0 442=98621.0 443=101287.0 444=98743.0 445=104870.0 446=104162.0 447=100487.0 448=101875.0 449=103721.0 450=102845.0 451=98130.0 452=99040.0 453=104418.0 454=107217.0 455=99135.0 456=105270.0 457=94820.0 458=103206.0 459=101556.0 460=96657.0 461=101379.0 462=98291.0 463=102171.0 464=108260.0 465=106621.0 466=100804.0 467=91260.0 468=99470.0 469=104579.0 470=100179.0 471=98136.0 472=104309.0 473=108606.0 474=88629.0 475=97904.0 476=104326.0 477=100800.0 478=99118.0 479=101480.0 480=98937.0 481=99604.0 482=101794.0 483=104908.0 484=99114.0 485=104021.0 486=101240.0 487=97318.0 488=100857.0 489=95434.0 490=100819.0 491=94175.0 492=98298.0 493=103712.0 494=99248.0 495=101914.0 496=98788.0 497=101676.0 498=100220.0 499=103892.0 500=103604.0 501=98136.0 502=97841.0 503=101960.0 504=95820.0 505=104639.0 506=94795.0 507=107161.0 508=108257.0 509=103676.0 510=97812.0 511=98747.0 ]
    0 : 8520256 (T=8520256, R=0, W=0)
    1 : 8505287 (T=8505287, R=0, W=0)
    2 : 8196232 (T=8196232, R=0, W=0)
    3 : 8167376 (T=8167376, R=0, W=0)
    4 : 8503559 (T=8503559, R=0, W=0)
    5 : 8155253 (T=8155253, R=0, W=0)
    6 : 8186599 (T=8186599, R=0, W=0)
    7 : 7891640 (T=7891640, R=0, W=0)
--- 33,707 MB collected in 0.043 secs (0.3% of total), longest GC took 0.005 secs
DATA gc:  total_k 34516520  total_secs 0.04348  max_secs 0.004808
