Number of accounts  = 2
Initial amount      = 100000.0
Maximal transfer    = 10
Read-all frequency  = 0%
Write-all frequency = 0%
Read-all threads    = 0
Write-all threads   = 0
Disjoint            = false
Yield               = false

Starting threads... 0
End of warmup phase... 0
End of test phase... 0
Waiting for threads to finish...
All threads returned successfully
RESULTS:

  Warmup duration (ms) = 4000
  Test duration (ms)   = 10001
  Nb iterations        = 24251277
  Stats                = T=24251277, R=0, W=0, TOTAL=200000 [ 0=98540.0 1=101460.0 ]
    0 : 24251277 (T=24251277, R=0, W=0)
--- 10,767 MB collected in 0.037 secs (0.3% of total), longest GC took 0.004 secs
DATA gc:  total_k 11026016  total_secs 0.037151  max_secs 0.004367
