Number of accounts  = 512
Initial amount      = 100000.0
Maximal transfer    = 10
Read-all frequency  = 0%
Write-all frequency = 0%
Read-all threads    = 0
Write-all threads   = 0
Disjoint            = false
Yield               = false

Starting threads... 0 1 2 3 4 5 6 7
End of warmup phase... 0 1 2 3 4 5 6 7
End of test phase... 0 1 2 3 4 5 6 7
Waiting for threads to finish...
All threads returned successfully
RESULTS:

  Warmup duration (ms) = 4000
  Test duration (ms)   = 10000
  Nb iterations        = 55581246
  Stats                = T=55581246, R=0, W=0, TOTAL=51200008 [ 0=100682.0 1=97315.0 2=101793.0 3=98612.0 4=103663.0 5=96967.0 6=102576.0 7=101639.0 8=102709.0 9=97465.0 10=105078.0 11=101352.0 12=100545.0 13=102339.0 14=101389.0 15=96878.0 16=104848.0 17=104832.0 18=91261.0 19=99055.0 20=94872.0 21=103807.0 22=102415.0 23=100242.0 24=100461.0 25=101040.0 26=102486.0 27=105239.0 28=97411.0 29=100927.0 30=97307.0 31=95174.0 32=97094.0 33=102761.0 34=97953.0 35=106633.0 36=99813.0 37=101803.0 38=99992.0 39=98483.0 40=103832.0 41=99279.0 42=98045.0 43=104028.0 44=95653.0 45=92946.0 46=103639.0 47=99425.0 48=100159.0 49=97448.0 50=97116.0 51=102725.0 52=99600.0 53=100316.0 54=102636.0 55=100640.0 56=97361.0 57=98612.0 58=102185.0 59=104453.0 60=97764.0 61=100155.0 62=98956.0 63=101263.0 64=97725.0 65=97686.0 66=97159.0 67=99068.0 68=95567.0 69=102463.0 70=100464.0 71=99251.0 72=101438.0 73=100037.0 74=99254.0 75=100500.0 76=103439.0 77=102378.0 78=97599.0 79=98075.0 80=98812.0 81=98919.0 82=102971.0 83=95433.0 84=100192.0 85=98488.0 86=96015.0 87=96719.0 88=103114.0 89=104812.0 90=97140.0 91=103790.0 92=103264.0 93=98548.0 94=105720.0 95=95978.0 96=100392.0 97=109860.0 98=103365.0 99=95176.0 100=97617.0 101=97197.0 102=102457.0 103=99732.0 104=100362.0 105=98444.0 106=98236.0 107=99907.0 108=97896.0 109=105915.0 110=97550.0 111=98155.0 112=102071.0 113=106864.0 114=97476.0 115=107076.0 116=96568.0 117=94528.0 118=104421.0 119=99785.0 120=103324.0 121=104290.0 122=97039.0 123=93770.0 124=106985.0 125=104667.0 126=94098.0 127=103448.0 128=97409.0 129=96532.0 130=103305.0 131=102031.0 132=95155.0 133=95714.0 134=102518.0 135=93685.0 136=98169.0 137=103944.0 138=99823.0 139=100184.0 140=97261.0 141=101957.0 142=98934.0 143=97960.0 144=98858.0 145=99109.0 146=104369.0 147=99789.0 148=103945.0 149=96832.0 150=96615.0 151=102400.0 152=99761.0 153=97974.0 154=106091.0 155=97863.0 156=96274.0 157=105493.0 158=96879.0 159=101938.0 160=101130.0 161=93587.0 162=103489.0 163=100099.0 164=99028.0 165=104973.0 166=94142.0 167=103706.0 168=99211.0 169=100978.0 170=101969.0 171=105675.0 172=100383.0 173=98478.0 174=104989.0 175=103037.0 176=93263.0 177=92416.0 178=96968.0 179=101125.0 180=100860.0 181=96409.0 182=99783.0 183=103400.0 184=93833.0 185=102228.0 186=99362.0 187=95415.0 188=96222.0 189=98756.0 190=98599.0 191=106385.0 192=105908.0 193=100902.0 194=101219.0 195=102147.0 196=94254.0 197=98632.0 198=99753.0 199=99419.0 200=97227.0 201=95664.0 202=97295.0 203=98556.0 204=102265.0 205=102373.0 206=100954.0 207=99686.0 208=105391.0 209=98424.0 210=104522.0 211=98795.0 212=93582.0 213=99042.0 214=106595.0 215=94979.0 216=96269.0 217=102926.0 218=97151.0 219=99758.0 220=100498.0 221=107292.0 222=100188.0 223=97737.0 224=101312.0 225=105325.0 226=104503.0 227=99382.0 228=102867.0 229=100496.0 230=91696.0 231=104702.0 232=101993.0 233=98040.0 234=99216.0 235=98364.0 236=99663.0 237=98229.0 238=98691.0 239=96613.0 240=105510.0 241=96245.0 242=96426.0 243=95516.0 244=94901.0 245=98591.0 246=99578.0 247=94831.0 248=97799.0 249=96923.0 250=98126.0 251=98406.0 252=101887.0 253=98260.0 254=104983.0 255=102193.0 256=100175.0 257=96196.0 258=93738.0 259=103306.0 260=97991.0 261=96893.0 262=104761.0 263=103612.0 264=100254.0 265=100384.0 266=101171.0 267=94720.0 268=100518.0 269=102361.0 270=102539.0 271=100443.0 272=101061.0 273=100215.0 274=103949.0 275=100862.0 276=98506.0 277=99404.0 278=103719.0 279=93474.0 280=97574.0 281=97505.0 282=103497.0 283=94307.0 284=95685.0 285=97673.0 286=96517.0 287=107352.0 288=100252.0 289=96625.0 290=96190.0 291=105359.0 292=102337.0 293=100698.0 294=97627.0 295=99423.0 296=102746.0 297=100004.0 298=100013.0 299=96133.0 300=97704.0 301=95516.0 302=100118.0 303=102660.0 304=96925.0 305=93009.0 306=100111.0 307=98249.0 308=97419.0 309=99098.0 310=104852.0 311=99259.0 312=95018.0 313=104841.0 314=98399.0 315=99293.0 316=101413.0 317=98326.0 318=103189.0 319=101358.0 320=101739.0 321=96784.0 322=104823.0 323=101314.0 324=96749.0 325=92744.0 326=96048.0 327=93098.0 328=93051.0 329=97850.0 330=98170.0 331=98567.0 332=99569.0 333=101275.0 334=103690.0 335=100472.0 336=101933.0 337=98481.0 338=100645.0 339=100247.0 340=108037.0 341=103459.0 342=100249.0 343=102781.0 344=106953.0 345=100850.0 346=100761.0 347=98804.0 348=101036.0 349=99900.0 350=93530.0 351=101021.0 352=99743.0 353=102288.0 354=101307.0 355=99603.0 356=106855.0 357=104389.0 358=99743.0 359=103687.0 360=99202.0 361=106412.0 362=96976.0 363=94262.0 364=104367.0 365=98049.0 366=97774.0 367=106145.0 368=102507.0 369=99760.0 370=101155.0 371=95157.0 372=102364.0 373=96566.0 374=100763.0 375=96863.0 376=95463.0 377=98569.0 378=106485.0 379=100901.0 380=101333.0 381=98635.0 382=111204.0 383=104587.0 384=98482.0 385=96408.0 386=96171.0 387=96504.0 388=101783.0 389=98167.0 390=98487.0 391=92407.0 392=100206.0 393=103870.0 394=94717.0 395=95898.0 396=99611.0 397=99934.0 398=97367.0 399=105137.0 400=100826.0 401=97310.0 402=106234.0 403=100995.0 404=104670.0 405=101313.0 406=92669.0 407=99664.0 408=102689.0 409=103764.0 410=98161.0 411=103437.0 412=98476.0 413=101057.0 414=99665.0 415=98549.0 416=101694.0 417=96711.0 418=91600.0 419=105676.0 420=103844.0 421=104015.0 422=105594.0 423=99345.0 424=99598.0 425=101056.0 426=101269.0 427=94010.0 428=96796.0 429=107818.0 430=99300.0 431=99763.0 432=106015.0 433=102284.0 434=100479.0 435=96197.0 436=97704.0 437=101023.0 438=99159.0 439=103258.0 440=100080.0 441=96543.0 442=102011.0 443=100543.0 444=97510.0 445=97081.0 446=96588.0 447=97605.0 448=100106.0 449=101578.0 450=96926.0 451=105211.0 452=100537.0 453=99423.0 454=94190.0 455=102082.0 456=100998.0 457=97017.0 458=100246.0 459=103700.0 460=98423.0 461=98823.0 462=103134.0 463=101515.0 464=100925.0 465=99403.0 466=98583.0 467=97497.0 468=96702.0 469=95116.0 470=95289.0 471=103976.0 472=100173.0 473=92684.0 474=96852.0 475=99960.0 476=100977.0 477=100072.0 478=94943.0 479=100143.0 480=102433.0 481=98160.0 482=104608.0 483=96991.0 484=105566.0 485=99037.0 486=101909.0 487=95598.0 488=100795.0 489=95395.0 490=106115.0 491=103977.0 492=103918.0 493=99565.0 494=102881.0 495=102384.0 496=97695.0 497=103931.0 498=99062.0 499=103375.0 500=100030.0 501=98150.0 502=107156.0 503=105310.0 504=101376.0 505=103600.0 506=98023.0 507=102105.0 508=103870.0 509=104600.0 510=104802.0 511=96137.0 ]
    0 : 7623578 (T=7623578, R=0, W=0)
    1 : 7643168 (T=7643168, R=0, W=0)
    2 : 6567730 (T=6567730, R=0, W=0)
    3 : 7361227 (T=7361227, R=0, W=0)
    4 : 6379560 (T=6379560, R=0, W=0)
    5 : 6128523 (T=6128523, R=0, W=0)
    6 : 6903842 (T=6903842, R=0, W=0)
    7 : 6973618 (T=6973618, R=0, W=0)
--- 14,669 MB collected in 0.054 secs (0.4% of total), longest GC took 0.011 secs
DATA gc:  total_k 15021614  total_secs 0.053627  max_secs 0.011096
