Number of accounts  = 256
Initial amount      = 100000.0
Maximal transfer    = 10
Read-all frequency  = 0%
Write-all frequency = 0%
Read-all threads    = 0
Write-all threads   = 0
Disjoint            = false
Yield               = false

Starting threads... 0 1 2 3
End of warmup phase... 0 1 2 3
End of test phase... 0 1 2 3
Waiting for threads to finish...
All threads returned successfully
RESULTS:

  Warmup duration (ms) = 4000
  Test duration (ms)   = 10000
  Nb iterations        = 37793982
  Stats                = T=37793982, R=0, W=0, TOTAL=25600004 [ 0=109679.0 1=95053.0 2=99728.0 3=101320.0 4=99344.0 5=103299.0 6=104963.0 7=106734.0 8=97863.0 9=100095.0 10=99085.0 11=98071.0 12=103605.0 13=98649.0 14=104963.0 15=94414.0 16=102649.0 17=100729.0 18=94624.0 19=103992.0 20=97898.0 21=100112.0 22=100184.0 23=102359.0 24=101890.0 25=106960.0 26=99358.0 27=90616.0 28=100769.0 29=99705.0 30=103950.0 31=106712.0 32=100415.0 33=96925.0 34=96620.0 35=99462.0 36=95449.0 37=99796.0 38=100156.0 39=98227.0 40=98135.0 41=96595.0 42=104094.0 43=101504.0 44=103710.0 45=96730.0 46=102080.0 47=97602.0 48=101161.0 49=99372.0 50=102965.0 51=101672.0 52=97967.0 53=105271.0 54=94019.0 55=102061.0 56=92408.0 57=100528.0 58=106349.0 59=102928.0 60=97933.0 61=107451.0 62=101034.0 63=93405.0 64=100744.0 65=103615.0 66=97232.0 67=102736.0 68=97216.0 69=97652.0 70=95483.0 71=106320.0 72=102609.0 73=101184.0 74=97032.0 75=96866.0 76=102957.0 77=104487.0 78=100602.0 79=95399.0 80=98428.0 81=100593.0 82=100880.0 83=99489.0 84=93439.0 85=111277.0 86=99155.0 87=105830.0 88=97964.0 89=106386.0 90=102319.0 91=98763.0 92=95925.0 93=99215.0 94=95095.0 95=104498.0 96=103165.0 97=96090.0 98=87862.0 99=88779.0 100=105330.0 101=90563.0 102=95468.0 103=103956.0 104=101953.0 105=100301.0 106=99542.0 107=103570.0 108=103708.0 109=100966.0 110=98243.0 111=106615.0 112=98471.0 113=95832.0 114=98661.0 115=101029.0 116=94719.0 117=106420.0 118=101233.0 119=103110.0 120=102526.0 121=97559.0 122=98322.0 123=98175.0 124=96406.0 125=103663.0 126=99955.0 127=99354.0 128=97267.0 129=98307.0 130=107191.0 131=97662.0 132=99046.0 133=95460.0 134=101930.0 135=97845.0 136=98503.0 137=103016.0 138=98258.0 139=96514.0 140=97637.0 141=92482.0 142=100774.0 143=102631.0 144=103863.0 145=100480.0 146=99283.0 147=100814.0 148=99978.0 149=99600.0 150=90620.0 151=89732.0 152=91302.0 153=104317.0 154=100993.0 155=102736.0 156=98443.0 157=94080.0 158=103140.0 159=102569.0 160=104016.0 161=99884.0 162=103448.0 163=96395.0 164=101102.0 165=95571.0 166=107413.0 167=97795.0 168=95488.0 169=92848.0 170=99612.0 171=100591.0 172=100876.0 173=99099.0 174=101348.0 175=102128.0 176=92606.0 177=90548.0 178=104103.0 179=96920.0 180=95761.0 181=100748.0 182=104692.0 183=99788.0 184=94813.0 185=99146.0 186=103421.0 187=101251.0 188=104865.0 189=96923.0 190=107676.0 191=94517.0 192=98258.0 193=91150.0 194=94591.0 195=102192.0 196=99904.0 197=99508.0 198=90802.0 199=106857.0 200=102712.0 201=97635.0 202=99704.0 203=103398.0 204=101705.0 205=96706.0 206=98932.0 207=106434.0 208=101871.0 209=102896.0 210=100704.0 211=94523.0 212=99014.0 213=95980.0 214=97204.0 215=104458.0 216=98040.0 217=93210.0 218=97614.0 219=101227.0 220=93429.0 221=101997.0 222=103794.0 223=104806.0 224=109055.0 225=107891.0 226=99107.0 227=104641.0 228=96049.0 229=109785.0 230=100829.0 231=102089.0 232=102208.0 233=101516.0 234=101180.0 235=103611.0 236=104416.0 237=103120.0 238=100864.0 239=101447.0 240=102566.0 241=92820.0 242=94990.0 243=108050.0 244=97233.0 245=90963.0 246=96373.0 247=99328.0 248=106987.0 249=105561.0 250=105878.0 251=102902.0 252=103461.0 253=97818.0 254=95901.0 255=101909.0 ]
    0 : 9277363 (T=9277363, R=0, W=0)
    1 : 9810205 (T=9810205, R=0, W=0)
    2 : 9773738 (T=9773738, R=0, W=0)
    3 : 8932676 (T=8932676, R=0, W=0)
--- 19,072 MB collected in 0.036 secs (0.3% of total), longest GC took 0.004 secs
DATA gc:  total_k 19530472  total_secs 0.035952  max_secs 0.004405
