Number of accounts  = 32
Initial amount      = 1000000.0
Maximal transfer    = 10
Read-all frequency  = 0%
Write-all frequency = 0%
Read-all threads    = 0
Write-all threads   = 0
Disjoint            = false
Yield               = false

Starting threads... 0 1 2 3 4 5 6 7 8 9 10 11 12 13 14 15 16 17 18 19 20 21 22 23 24 25 26 27 28 29 30 31
End of warmup phase... 0 1 2 3 4 5 6 7 8 9 10 11 12 13 14 15 16 17 18 19 20 21 22 23 24 25 26 27 28 29 30 31
End of test phase... 0 1 2 3 4 5 6 7 8 9 10 11 12 13 14 15 16 17 18 19 20 21 22 23 24 25 26 27 28 29 30 31
Waiting for threads to finish...
All threads returned successfully
RESULTS:

  Warmup duration (ms) = 4000
  Test duration (ms)   = 10000
  Nb iterations        = 10047804
TOTAL: T=10047804, R=0, W=0

TOTAL=32000002 [ 0=1007942.0 1=1006847.0 2=996146.0 3=989886.0 4=1004552.0 5=1009458.0 6=995418.0 7=1008844.0 8=999237.0 9=990128.0 10=1003324.0 11=1000253.0 12=994067.0 13=1006776.0 14=1006763.0 15=1009546.0 16=994591.0 17=986089.0 18=986661.0 19=1002255.0 20=1005160.0 21=1001630.0 22=995805.0 23=1005083.0 24=1001738.0 25=995550.0 26=1000880.0 27=991968.0 28=1000213.0 29=997007.0 30=997497.0 31=1008686.0 ]
    0 : 294440 (T=294440, R=0, W=0)
    1 : 282143 (T=282143, R=0, W=0)
    2 : 348463 (T=348463, R=0, W=0)
    3 : 348965 (T=348965, R=0, W=0)
    4 : 309035 (T=309035, R=0, W=0)
    5 : 362027 (T=362027, R=0, W=0)
    6 : 256823 (T=256823, R=0, W=0)
    7 : 282000 (T=282000, R=0, W=0)
    8 : 305015 (T=305015, R=0, W=0)
    9 : 346116 (T=346116, R=0, W=0)
    10 : 334029 (T=334029, R=0, W=0)
    11 : 317095 (T=317095, R=0, W=0)
    12 : 305340 (T=305340, R=0, W=0)
    13 : 353041 (T=353041, R=0, W=0)
    14 : 267835 (T=267835, R=0, W=0)
    15 : 294928 (T=294928, R=0, W=0)
    16 : 308972 (T=308972, R=0, W=0)
    17 : 289805 (T=289805, R=0, W=0)
    18 : 270991 (T=270991, R=0, W=0)
    19 : 292614 (T=292614, R=0, W=0)
    20 : 371526 (T=371526, R=0, W=0)
    21 : 366801 (T=366801, R=0, W=0)
    22 : 294952 (T=294952, R=0, W=0)
    23 : 291203 (T=291203, R=0, W=0)
    24 : 326522 (T=326522, R=0, W=0)
    25 : 328372 (T=328372, R=0, W=0)
    26 : 325392 (T=325392, R=0, W=0)
    27 : 335082 (T=335082, R=0, W=0)
    28 : 381594 (T=381594, R=0, W=0)
    29 : 288595 (T=288595, R=0, W=0)
    30 : 297235 (T=297235, R=0, W=0)
    31 : 270853 (T=270853, R=0, W=0)
--- 7,685 MB collected in 0.141 secs (1.1% of total), longest GC took 0.025 secs
DATA gc:  total_k 7869880  total_secs 0.140643  max_secs 0.024639
