Starting Multiverse JavaAgent
Number of accounts  = 64
Initial amount      = 100000.0
Maximal transfer    = 10
Read-all frequency  = 0%
Write-all frequency = 0%
Read-all threads    = 0
Write-all threads   = 0
Disjoint            = false
Yield               = false

Starting threads... 0 1 2 3 4 5 6 7 8 9 10 11 12 13 14 15 16 17 18 19 20 21 22 23 24 25 26 27 28 29 30 31 32 33 34 35 36 37 38 39 40 41 42 43 44 45 46 47 48 49 50 51 52 53 54 55 56 57 58 59 60 61 62 63
End of warmup phase... 0 1 2 3 4 5 6 7 8 9 10 11 12 13 14 15 16 17 18 19 20 21 22 23 24 25 26 27 28 29 30 31 32 33 34 35 36 37 38 39 40 41 42 43 44 45 46 47 48 49 50 51 52 53 54 55 56 57 58 59 60 61 62 63
End of test phase... 0 1 2 3 4 5 6 7 8 9 10 11 12 13 14 15 16 17 18 19 20 21 22 23 24 25 26 27 28 29 30 31 32 33 34 35 36 37 38 39 40 41 42 43 44 45 46 47 48 49 50 51 52 53 54 55 56 57 58 59 60 61 62 63
Waiting for threads to finish...
All threads returned successfully
RESULTS:

  Warmup duration (ms) = 20006
  Test duration (ms)   = 10004
  Nb iterations        = 6121867
  Stats                = T=6121867, R=0, W=0, TOTAL=6400000 [ 0=97427.0 1=97693.0 2=91652.0 3=97333.0 4=99463.0 5=107207.0 6=100823.0 7=95027.0 8=103877.0 9=101069.0 10=104163.0 11=104233.0 12=97972.0 13=100673.0 14=100477.0 15=101363.0 16=91127.0 17=97556.0 18=109251.0 19=101242.0 20=96970.0 21=94706.0 22=97906.0 23=99915.0 24=107431.0 25=102072.0 26=97006.0 27=108515.0 28=93533.0 29=101121.0 30=95185.0 31=93465.0 32=103873.0 33=101941.0 34=100278.0 35=96565.0 36=98521.0 37=110850.0 38=94439.0 39=105938.0 40=102125.0 41=94188.0 42=95674.0 43=94268.0 44=104713.0 45=96987.0 46=103150.0 47=93586.0 48=100193.0 49=104283.0 50=105263.0 51=102474.0 52=96129.0 53=95087.0 54=91807.0 55=109156.0 56=99461.0 57=101164.0 58=102382.0 59=103286.0 60=96088.0 61=101674.0 62=101883.0 63=105121.0 ]
    0 : 99926 (T=99926, R=0, W=0)
    1 : 102721 (T=102721, R=0, W=0)
    2 : 101262 (T=101262, R=0, W=0)
    3 : 91497 (T=91497, R=0, W=0)
    4 : 90992 (T=90992, R=0, W=0)
    5 : 93228 (T=93228, R=0, W=0)
    6 : 93109 (T=93109, R=0, W=0)
    7 : 94809 (T=94809, R=0, W=0)
    8 : 92195 (T=92195, R=0, W=0)
    9 : 95448 (T=95448, R=0, W=0)
    10 : 99711 (T=99711, R=0, W=0)
    11 : 96156 (T=96156, R=0, W=0)
    12 : 101309 (T=101309, R=0, W=0)
    13 : 98057 (T=98057, R=0, W=0)
    14 : 100811 (T=100811, R=0, W=0)
    15 : 95779 (T=95779, R=0, W=0)
    16 : 93321 (T=93321, R=0, W=0)
    17 : 101341 (T=101341, R=0, W=0)
    18 : 94201 (T=94201, R=0, W=0)
    19 : 94314 (T=94314, R=0, W=0)
    20 : 91824 (T=91824, R=0, W=0)
    21 : 95544 (T=95544, R=0, W=0)
    22 : 92305 (T=92305, R=0, W=0)
    23 : 92837 (T=92837, R=0, W=0)
    24 : 97312 (T=97312, R=0, W=0)
    25 : 94499 (T=94499, R=0, W=0)
    26 : 94576 (T=94576, R=0, W=0)
    27 : 96311 (T=96311, R=0, W=0)
    28 : 87983 (T=87983, R=0, W=0)
    29 : 89031 (T=89031, R=0, W=0)
    30 : 96099 (T=96099, R=0, W=0)
    31 : 89887 (T=89887, R=0, W=0)
    32 : 94878 (T=94878, R=0, W=0)
    33 : 94764 (T=94764, R=0, W=0)
    34 : 101615 (T=101615, R=0, W=0)
    35 : 98265 (T=98265, R=0, W=0)
    36 : 95875 (T=95875, R=0, W=0)
    37 : 101089 (T=101089, R=0, W=0)
    38 : 105635 (T=105635, R=0, W=0)
    39 : 99860 (T=99860, R=0, W=0)
    40 : 95536 (T=95536, R=0, W=0)
    41 : 91665 (T=91665, R=0, W=0)
    42 : 105923 (T=105923, R=0, W=0)
    43 : 90327 (T=90327, R=0, W=0)
    44 : 95247 (T=95247, R=0, W=0)
    45 : 95029 (T=95029, R=0, W=0)
    46 : 95645 (T=95645, R=0, W=0)
    47 : 94207 (T=94207, R=0, W=0)
    48 : 86594 (T=86594, R=0, W=0)
    49 : 97902 (T=97902, R=0, W=0)
    50 : 102214 (T=102214, R=0, W=0)
    51 : 101803 (T=101803, R=0, W=0)
    52 : 89613 (T=89613, R=0, W=0)
    53 : 95638 (T=95638, R=0, W=0)
    54 : 92262 (T=92262, R=0, W=0)
    55 : 103881 (T=103881, R=0, W=0)
    56 : 89484 (T=89484, R=0, W=0)
    57 : 92388 (T=92388, R=0, W=0)
    58 : 95243 (T=95243, R=0, W=0)
    59 : 95165 (T=95165, R=0, W=0)
    60 : 98220 (T=98220, R=0, W=0)
    61 : 97982 (T=97982, R=0, W=0)
    62 : 86259 (T=86259, R=0, W=0)
    63 : 93264 (T=93264, R=0, W=0)
--- 3585 MB collected in 0.712 secs (2.1% of total), longest GC took 0.183 secs
DATA gc:  total_k 3671518  total_secs 0.711651  max_secs 0.183313
