Starting Multiverse JavaAgent
Number of accounts  = 2
Initial amount      = 100000.0
Maximal transfer    = 10
Read-all frequency  = 0%
Write-all frequency = 0%
Read-all threads    = 0
Write-all threads   = 0
Disjoint            = false
Yield               = false

Starting threads... 0
End of warmup phase... 0
End of test phase... 0
Waiting for threads to finish...
All threads returned successfully
RESULTS:

  Warmup duration (ms) = 20007
  Test duration (ms)   = 10009
  Nb iterations        = 3108696
  Stats                = T=3108696, R=0, W=0, TOTAL=200000 [ 0=101069.0 1=98931.0 ]
    0 : 3108696 (T=3108696, R=0, W=0)
--- 1031 MB collected in 0.177 secs (0.5% of total), longest GC took 0.142 secs
DATA gc:  total_k 1056115  total_secs 0.177194  max_secs 0.14199
