Starting Multiverse JavaAgent
Number of accounts  = 512
Initial amount      = 1000000.0
Maximal transfer    = 10
Read-all frequency  = 0%
Write-all frequency = 0%
Read-all threads    = 0
Write-all threads   = 0
Disjoint            = false
Yield               = false

Starting threads... 0 1 2 3 4 5 6 7
End of warmup phase... 0 1 2 3 4 5 6 7
End of test phase... 0 1 2 3 4 5 6 7
Waiting for threads to finish...
All threads returned successfully
RESULTS:

  Warmup duration (ms) = 4001
  Test duration (ms)   = 10000
  Nb iterations        = 7946559
TOTAL: T=7946559, R=0, W=0

TOTAL=512000096 [ 0=1000227.0 1=998958.0 2=998535.0 3=998609.0 4=1000132.0 5=1000386.0 6=1000680.0 7=1000655.0 8=1000197.0 9=999588.0 10=997969.0 11=998470.0 12=999957.0 13=1002161.0 14=999869.0 15=1000814.0 16=999706.0 17=1000285.0 18=999795.0 19=998469.0 20=998855.0 21=1001252.0 22=999865.0 23=1000441.0 24=1002957.0 25=998110.0 26=1000243.0 27=999595.0 28=998747.0 29=1000188.0 30=1001561.0 31=998110.0 32=997617.0 33=1001915.0 34=1001013.0 35=996774.0 36=1000154.0 37=1001558.0 38=999350.0 39=998896.0 40=1000693.0 41=1000213.0 42=999758.0 43=997573.0 44=999996.0 45=998816.0 46=998127.0 47=999092.0 48=999733.0 49=999847.0 50=1001591.0 51=997831.0 52=1000580.0 53=998971.0 54=999981.0 55=998121.0 56=1002602.0 57=997831.0 58=998546.0 59=997169.0 60=998081.0 61=1000838.0 62=1000161.0 63=1001744.0 64=997268.0 65=999700.0 66=999655.0 67=999933.0 68=1002101.0 69=998562.0 70=999317.0 71=998107.0 72=1004002.0 73=1000508.0 74=999548.0 75=1000125.0 76=998520.0 77=998637.0 78=1000157.0 79=996889.0 80=999890.0 81=996890.0 82=997747.0 83=1001294.0 84=1001971.0 85=1000836.0 86=1000071.0 87=999199.0 88=1000085.0 89=999206.0 90=1000000.0 91=998307.0 92=1002754.0 93=999919.0 94=1000161.0 95=1000529.0 96=1000898.0 97=999058.0 98=1000579.0 99=997098.0 100=998884.0 101=1001674.0 102=998644.0 103=999670.0 104=1000741.0 105=998130.0 106=999347.0 107=998054.0 108=998739.0 109=1000352.0 110=1001536.0 111=1001712.0 112=1001373.0 113=998640.0 114=1000392.0 115=999669.0 116=999663.0 117=999245.0 118=1000890.0 119=1000394.0 120=999614.0 121=1002077.0 122=1001649.0 123=1000842.0 124=1000371.0 125=1000797.0 126=1000340.0 127=996560.0 128=997251.0 129=999182.0 130=997426.0 131=1000096.0 132=997307.0 133=999367.0 134=998676.0 135=1001072.0 136=1001116.0 137=999241.0 138=999325.0 139=1000413.0 140=1001234.0 141=998989.0 142=1000370.0 143=1000759.0 144=999050.0 145=1002211.0 146=999300.0 147=1002404.0 148=1002339.0 149=1000915.0 150=1001354.0 151=1000306.0 152=1000847.0 153=998490.0 154=999995.0 155=1000403.0 156=1001058.0 157=999581.0 158=1001127.0 159=1002549.0 160=999316.0 161=998518.0 162=999630.0 163=1001239.0 164=1001328.0 165=1003486.0 166=1000432.0 167=1000080.0 168=999226.0 169=999883.0 170=998234.0 171=997910.0 172=1001758.0 173=998356.0 174=999819.0 175=1002098.0 176=1000189.0 177=997119.0 178=999961.0 179=1000395.0 180=1001112.0 181=1000690.0 182=998574.0 183=999199.0 184=1000777.0 185=1000513.0 186=1000747.0 187=1001137.0 188=1001237.0 189=1000223.0 190=1002262.0 191=999081.0 192=1000575.0 193=997869.0 194=1000338.0 195=1000875.0 196=1001250.0 197=1001099.0 198=999854.0 199=998866.0 200=997823.0 201=999533.0 202=999571.0 203=999249.0 204=1001629.0 205=998294.0 206=999296.0 207=998740.0 208=999685.0 209=997434.0 210=999357.0 211=1000927.0 212=1001044.0 213=999684.0 214=1000998.0 215=1000621.0 216=1000041.0 217=999378.0 218=999923.0 219=1001262.0 220=1000486.0 221=999337.0 222=1000480.0 223=1000640.0 224=1000317.0 225=1002673.0 226=1001492.0 227=997250.0 228=1002959.0 229=1001802.0 230=998425.0 231=999727.0 232=998011.0 233=1001067.0 234=998651.0 235=1000143.0 236=999223.0 237=997128.0 238=998919.0 239=1000433.0 240=1001607.0 241=1000364.0 242=999458.0 243=999178.0 244=1000639.0 245=999389.0 246=999036.0 247=1002250.0 248=1000504.0 249=999385.0 250=1000724.0 251=998846.0 252=1000071.0 253=998597.0 254=999275.0 255=1000300.0 256=999413.0 257=1000279.0 258=998041.0 259=999383.0 260=1001229.0 261=999242.0 262=997231.0 263=1000104.0 264=1000563.0 265=998266.0 266=999689.0 267=1000999.0 268=999547.0 269=998363.0 270=1000416.0 271=1001240.0 272=1001147.0 273=1001268.0 274=999718.0 275=999787.0 276=1001554.0 277=1002077.0 278=995814.0 279=1000937.0 280=999779.0 281=999970.0 282=998890.0 283=1000412.0 284=999379.0 285=1001336.0 286=999729.0 287=999559.0 288=1000069.0 289=998931.0 290=999094.0 291=1001853.0 292=1001293.0 293=1001045.0 294=1001963.0 295=999179.0 296=1000092.0 297=1000349.0 298=998238.0 299=1001550.0 300=1000129.0 301=1003414.0 302=1000297.0 303=1000220.0 304=998758.0 305=1002430.0 306=999858.0 307=1000826.0 308=998443.0 309=998503.0 310=1000424.0 311=1001554.0 312=999518.0 313=1000159.0 314=999590.0 315=1001940.0 316=1000997.0 317=1000903.0 318=1000338.0 319=998244.0 320=996619.0 321=1000021.0 322=999272.0 323=998435.0 324=1001639.0 325=999436.0 326=999793.0 327=1001106.0 328=999531.0 329=1001323.0 330=999611.0 331=1001099.0 332=1001002.0 333=999399.0 334=1000220.0 335=1001773.0 336=999511.0 337=1001902.0 338=1000311.0 339=1002939.0 340=1000278.0 341=1000161.0 342=1001599.0 343=997554.0 344=1002215.0 345=1000045.0 346=998405.0 347=1002338.0 348=999289.0 349=1001627.0 350=1000410.0 351=999634.0 352=999540.0 353=999968.0 354=999354.0 355=1000506.0 356=1001992.0 357=998762.0 358=1002419.0 359=1000946.0 360=998528.0 361=999184.0 362=1000559.0 363=998191.0 364=999437.0 365=998430.0 366=998782.0 367=996622.0 368=999845.0 369=1000427.0 370=1000435.0 371=999476.0 372=1000435.0 373=998423.0 374=1002698.0 375=999982.0 376=1000197.0 377=1001214.0 378=1000821.0 379=999675.0 380=998665.0 381=999942.0 382=1001714.0 383=999339.0 384=999749.0 385=1000659.0 386=998312.0 387=999562.0 388=1000762.0 389=999014.0 390=1000379.0 391=1000446.0 392=1001079.0 393=1000133.0 394=1001699.0 395=1000337.0 396=998165.0 397=1000116.0 398=1000648.0 399=1000732.0 400=1000366.0 401=999991.0 402=1001219.0 403=999799.0 404=998926.0 405=999453.0 406=1002210.0 407=998956.0 408=1000845.0 409=1001090.0 410=1001163.0 411=1001774.0 412=1003043.0 413=1000281.0 414=999631.0 415=1000566.0 416=1000622.0 417=998944.0 418=1000573.0 419=999929.0 420=1000152.0 421=998466.0 422=999926.0 423=998376.0 424=1001026.0 425=999833.0 426=999412.0 427=1001279.0 428=999964.0 429=998937.0 430=1000786.0 431=999365.0 432=999933.0 433=999699.0 434=1001538.0 435=998982.0 436=1001119.0 437=1000609.0 438=1000597.0 439=1000264.0 440=999338.0 441=1000567.0 442=1002045.0 443=1000921.0 444=999959.0 445=1001332.0 446=1002020.0 447=1001034.0 448=1000869.0 449=999046.0 450=999080.0 451=998485.0 452=999121.0 453=998752.0 454=1000681.0 455=997515.0 456=1000561.0 457=1001000.0 458=999109.0 459=1000534.0 460=1000335.0 461=998082.0 462=999516.0 463=1001292.0 464=1001204.0 465=998942.0 466=999500.0 467=999826.0 468=998428.0 469=1000077.0 470=1002290.0 471=996271.0 472=998770.0 473=997784.0 474=1001102.0 475=999969.0 476=1000515.0 477=998125.0 478=1002473.0 479=999032.0 480=999174.0 481=1003295.0 482=1001467.0 483=998429.0 484=1003294.0 485=1000983.0 486=1000590.0 487=1002096.0 488=1000425.0 489=998801.0 490=1000376.0 491=998387.0 492=999059.0 493=999538.0 494=999392.0 495=1000584.0 496=999297.0 497=1000738.0 498=1001078.0 499=1000177.0 500=999289.0 501=999846.0 502=1000461.0 503=999813.0 504=1001138.0 505=1000455.0 506=1000305.0 507=1000143.0 508=1003071.0 509=999658.0 510=1000509.0 511=998266.0 ]
    0 : 1045975 (T=1045975, R=0, W=0)
    1 : 1073742 (T=1073742, R=0, W=0)
    2 : 943103 (T=943103, R=0, W=0)
    3 : 1013984 (T=1013984, R=0, W=0)
    4 : 934069 (T=934069, R=0, W=0)
    5 : 948497 (T=948497, R=0, W=0)
    6 : 924607 (T=924607, R=0, W=0)
    7 : 1062582 (T=1062582, R=0, W=0)
--- 11,590 MB collected in 0.049 secs (0.3% of total), longest GC took 0.004 secs
DATA gc:  total_k 11868600  total_secs 0.048894  max_secs 0.004333
