Starting Multiverse JavaAgent
Number of accounts  = 256
Initial amount      = 1000000.0
Maximal transfer    = 10
Read-all frequency  = 0%
Write-all frequency = 0%
Read-all threads    = 0
Write-all threads   = 0
Disjoint            = false
Yield               = false

Starting threads... 0 1 2 3
End of warmup phase... 0 1 2 3
End of test phase... 0 1 2 3
Waiting for threads to finish...
All threads returned successfully
RESULTS:

  Warmup duration (ms) = 4000
  Test duration (ms)   = 10000
  Nb iterations        = 8040022
TOTAL: T=8040022, R=0, W=0

TOTAL=256000032 [ 0=1002044.0 1=1000334.0 2=1000493.0 3=1002260.0 4=997873.0 5=1000358.0 6=1000532.0 7=1001322.0 8=1000034.0 9=1002581.0 10=1000085.0 11=998624.0 12=998170.0 13=1000053.0 14=1002679.0 15=1000295.0 16=999641.0 17=999429.0 18=998932.0 19=998484.0 20=1001505.0 21=1001612.0 22=1001946.0 23=999593.0 24=1000477.0 25=996536.0 26=998090.0 27=1001132.0 28=996938.0 29=998975.0 30=999581.0 31=998493.0 32=999173.0 33=998099.0 34=998550.0 35=1001186.0 36=1001747.0 37=1002906.0 38=1000844.0 39=998171.0 40=997935.0 41=998071.0 42=999005.0 43=998917.0 44=1001831.0 45=999709.0 46=1002018.0 47=1000736.0 48=1002771.0 49=1000653.0 50=998355.0 51=999039.0 52=999405.0 53=998447.0 54=1000851.0 55=996371.0 56=1001521.0 57=1001449.0 58=1000229.0 59=1000752.0 60=1003133.0 61=1000436.0 62=1000207.0 63=1000993.0 64=998977.0 65=1000699.0 66=994712.0 67=1001647.0 68=997535.0 69=1002476.0 70=1001048.0 71=998531.0 72=999363.0 73=999948.0 74=999062.0 75=999878.0 76=999152.0 77=1004407.0 78=1003644.0 79=1000767.0 80=1000128.0 81=997361.0 82=1001244.0 83=1000460.0 84=1002829.0 85=999534.0 86=999463.0 87=1000946.0 88=1000471.0 89=997514.0 90=1000196.0 91=1000229.0 92=997608.0 93=1000559.0 94=1001191.0 95=1001014.0 96=1001245.0 97=998523.0 98=1000740.0 99=998670.0 100=999979.0 101=997999.0 102=996830.0 103=999566.0 104=1000570.0 105=996709.0 106=999567.0 107=1000291.0 108=1000545.0 109=1002183.0 110=1001544.0 111=1001125.0 112=998468.0 113=998813.0 114=1000173.0 115=999872.0 116=998929.0 117=1001119.0 118=1001085.0 119=1003233.0 120=999353.0 121=1003057.0 122=999801.0 123=995451.0 124=999456.0 125=1000730.0 126=998977.0 127=998953.0 128=1000019.0 129=998470.0 130=999218.0 131=1000961.0 132=999359.0 133=1000484.0 134=998927.0 135=999788.0 136=1000317.0 137=1000529.0 138=1000033.0 139=1002013.0 140=996430.0 141=998351.0 142=1000198.0 143=1000317.0 144=998190.0 145=998604.0 146=1001098.0 147=1000578.0 148=1000268.0 149=1002896.0 150=1001867.0 151=999187.0 152=1000119.0 153=999662.0 154=999450.0 155=1001594.0 156=1001986.0 157=997880.0 158=997942.0 159=1000959.0 160=999167.0 161=1000053.0 162=1002831.0 163=999359.0 164=999302.0 165=999053.0 166=1000970.0 167=1001922.0 168=999407.0 169=998073.0 170=996933.0 171=998783.0 172=1000839.0 173=1000609.0 174=998021.0 175=998289.0 176=1000487.0 177=1003184.0 178=1001411.0 179=997867.0 180=996553.0 181=999234.0 182=997514.0 183=1000985.0 184=1000690.0 185=1001988.0 186=997749.0 187=1000799.0 188=999783.0 189=999128.0 190=997196.0 191=999931.0 192=1000826.0 193=998978.0 194=998535.0 195=999005.0 196=1002083.0 197=1001738.0 198=998979.0 199=1001193.0 200=1002068.0 201=998809.0 202=1000795.0 203=1000101.0 204=1000074.0 205=999467.0 206=1000181.0 207=998364.0 208=1001446.0 209=1002161.0 210=998194.0 211=998317.0 212=1002030.0 213=997986.0 214=998472.0 215=1000072.0 216=1001572.0 217=1000231.0 218=999624.0 219=997688.0 220=997725.0 221=1000407.0 222=1002401.0 223=1002398.0 224=1000904.0 225=1001311.0 226=997817.0 227=1000985.0 228=997437.0 229=1002043.0 230=997703.0 231=1001187.0 232=1002168.0 233=1000139.0 234=999108.0 235=1002395.0 236=1000244.0 237=1003525.0 238=999296.0 239=999912.0 240=1002310.0 241=998681.0 242=1002897.0 243=1003978.0 244=1000982.0 245=999871.0 246=1000598.0 247=999495.0 248=1002604.0 249=1002456.0 250=998015.0 251=1001278.0 252=999961.0 253=995669.0 254=1000326.0 255=998221.0 ]
    0 : 2112753 (T=2112753, R=0, W=0)
    1 : 2115518 (T=2115518, R=0, W=0)
    2 : 2096205 (T=2096205, R=0, W=0)
    3 : 1715546 (T=1715546, R=0, W=0)
--- 12,032 MB collected in 0.045 secs (0.3% of total), longest GC took 0.003 secs
DATA gc:  total_k 12320952  total_secs 0.044951  max_secs 0.003481
