Starting Multiverse JavaAgent
Number of accounts  = 8
Initial amount      = 1000000.0
Maximal transfer    = 10
Read-all frequency  = 0%
Write-all frequency = 0%
Read-all threads    = 0
Write-all threads   = 0
Disjoint            = false
Yield               = false

Starting threads... 0 1 2 3 4 5 6 7
End of warmup phase... 0 1 2 3 4 5 6 7
End of test phase... 0 1 2 3 4 5 6 7
Waiting for threads to finish...
All threads returned successfully
RESULTS:

  Warmup duration (ms) = 4000
  Test duration (ms)   = 10001
  Nb iterations        = 8339964
TOTAL: T=8339964, R=0, W=0

TOTAL=8000000 [ 0=1009885.0 1=1010233.0 2=986366.0 3=992591.0 4=999710.0 5=993801.0 6=1008177.0 7=999237.0 ]
    0 : 779882 (T=779882, R=0, W=0)
    1 : 735051 (T=735051, R=0, W=0)
    2 : 1430440 (T=1430440, R=0, W=0)
    3 : 1555796 (T=1555796, R=0, W=0)
    4 : 990857 (T=990857, R=0, W=0)
    5 : 548700 (T=548700, R=0, W=0)
    6 : 1086775 (T=1086775, R=0, W=0)
    7 : 1212463 (T=1212463, R=0, W=0)
--- 11,602 MB collected in 0.038 secs (0.3% of total), longest GC took 0.004 secs
DATA gc:  total_k 11881104  total_secs 0.037846  max_secs 0.003846
