Starting Multiverse JavaAgent
Number of accounts  = 2
Initial amount      = 100000.0
Maximal transfer    = 10
Read-all frequency  = 0%
Write-all frequency = 0%
Read-all threads    = 0
Write-all threads   = 0
Disjoint            = false
Yield               = false

Starting threads... 0 1
End of warmup phase... 0 1
End of test phase... 0 1
Waiting for threads to finish...
All threads returned successfully
RESULTS:

  Warmup duration (ms) = 4000
  Test duration (ms)   = 10000
  Nb iterations        = 36366444
  Stats                = T=36366444, R=0, W=0, TOTAL=200000 [ 0=161078.0 1=38922.0 ]
    0 : 0 (T=0, R=0, W=0)
    1 : 36366444 (T=36366444, R=0, W=0)
--- 8,716 MB collected in 0.028 secs (0.2% of total), longest GC took 0.003 secs
DATA gc:  total_k 8925656  total_secs 0.028189  max_secs 0.002693
