Starting Multiverse JavaAgent
Number of accounts  = 128
Initial amount      = 1000000.0
Maximal transfer    = 10
Read-all frequency  = 0%
Write-all frequency = 0%
Read-all threads    = 0
Write-all threads   = 0
Disjoint            = false
Yield               = false

Starting threads... 0 1
End of warmup phase... 0 1
End of test phase... 0 1
Waiting for threads to finish...
All threads returned successfully
RESULTS:

  Warmup duration (ms) = 4001
  Test duration (ms)   = 10000
  Nb iterations        = 8348147
TOTAL: T=8348147, R=0, W=0

TOTAL=127999992 [ 0=1000651.0 1=1001781.0 2=996963.0 3=999526.0 4=1000640.0 5=1001272.0 6=1004088.0 7=1000960.0 8=999887.0 9=1000690.0 10=998850.0 11=997907.0 12=996778.0 13=1003265.0 14=1000816.0 15=996226.0 16=999408.0 17=1000574.0 18=998456.0 19=1001701.0 20=996971.0 21=1002833.0 22=1001762.0 23=1002174.0 24=999435.0 25=1001208.0 26=1000589.0 27=1003833.0 28=999401.0 29=999898.0 30=998882.0 31=999842.0 32=998315.0 33=997847.0 34=1001410.0 35=997980.0 36=997222.0 37=1003023.0 38=994574.0 39=1001221.0 40=997568.0 41=997889.0 42=997966.0 43=995716.0 44=1000748.0 45=998515.0 46=996660.0 47=1002055.0 48=1001060.0 49=998275.0 50=1006985.0 51=1002170.0 52=1002032.0 53=998207.0 54=1004687.0 55=1002395.0 56=1000705.0 57=1001903.0 58=1001095.0 59=997861.0 60=996874.0 61=1004596.0 62=1001225.0 63=1000832.0 64=997958.0 65=998142.0 66=997184.0 67=997309.0 68=1000704.0 69=996680.0 70=1003546.0 71=1001926.0 72=1000385.0 73=1001289.0 74=1005259.0 75=1001584.0 76=997548.0 77=1000721.0 78=998376.0 79=998469.0 80=998079.0 81=1000498.0 82=999774.0 83=999209.0 84=997057.0 85=1000632.0 86=1000422.0 87=995572.0 88=1001319.0 89=1000426.0 90=1000175.0 91=1000275.0 92=999242.0 93=1000062.0 94=1000171.0 95=998867.0 96=997305.0 97=998782.0 98=999271.0 99=997587.0 100=998312.0 101=999415.0 102=998911.0 103=997827.0 104=999438.0 105=1004144.0 106=996855.0 107=1006617.0 108=999764.0 109=998892.0 110=997476.0 111=996382.0 112=999486.0 113=1000102.0 114=1004481.0 115=999415.0 116=1000142.0 117=1002775.0 118=999375.0 119=1002200.0 120=1000267.0 121=1002257.0 122=1002214.0 123=1000264.0 124=1002824.0 125=1002059.0 126=1001885.0 127=997538.0 ]
    0 : 3937204 (T=3937204, R=0, W=0)
    1 : 4410943 (T=4410943, R=0, W=0)
--- 12,036 MB collected in 0.035 secs (0.2% of total), longest GC took 0.003 secs
DATA gc:  total_k 12325392  total_secs 0.034573  max_secs 0.003146
