startup =       4000
elapsed =       10000
threads =       64
accounts =      2048
init =          1000000
maxAmount =     10
readFreq =      0
writeFreq =     0
readThreads =   0
writeThreads =  0
disjointTrans = false
yieldALot =     false
flavour =       d

warming up
timed execution

TOTAL=2.048E9 [ 1001576.0 991402.0 1004584.0 1020551.0 992192.0 1004235.0 995869.0 994864.0 1006941.0 1000014.0 989712.0 1000920.0 1006707.0 1010117.0 995936.0 995247.0 996737.0 986364.0 988443.0 1007420.0 998812.0 1006079.0 1001598.0 984389.0 1002758.0 990315.0 998976.0 1005112.0 988732.0 984954.0 1002731.0 1008316.0 1007074.0 996526.0 999391.0 999109.0 1004846.0 997666.0 1005807.0 997894.0 1009478.0 995460.0 998294.0 977742.0 993396.0 1002308.0 997316.0 998180.0 996297.0 996645.0 1002956.0 992404.0 1002665.0 999388.0 1001797.0 985096.0 1008709.0 997540.0 999826.0 991445.0 999948.0 1001790.0 989253.0 1000418.0 993509.0 1001087.0 1010429.0 1003869.0 1002200.0 997836.0 994929.0 1004778.0 997982.0 995734.0 998304.0 1006017.0 1015338.0 996505.0 994400.0 996280.0 996667.0 998825.0 1005247.0 1003686.0 1004849.0 987867.0 1003267.0 997911.0 1000810.0 1001843.0 999389.0 1000789.0 1014389.0 1012178.0 997401.0 994622.0 994719.0 1008045.0 1007303.0 991391.0 1004270.0 1002239.0 989029.0 992320.0 1000400.0 989793.0 1012190.0 1019378.0 1000024.0 1002545.0 986523.0 987149.0 994753.0 1008725.0 1000228.0 998407.0 984409.0 999844.0 992287.0 1016989.0 997494.0 993751.0 1000916.0 1005980.0 1010301.0 996412.0 997756.0 1006822.0 1002452.0 994612.0 1006837.0 1006799.0 1000051.0 996740.0 1016501.0 997408.0 998692.0 991478.0 999430.0 994155.0 992933.0 997319.0 999537.0 1008382.0 1001583.0 999922.0 992538.0 997413.0 994711.0 1011633.0 997737.0 1004393.0 994960.0 1010345.0 993971.0 1002521.0 1009869.0 996817.0 990718.0 1000319.0 997306.0 998213.0 1005493.0 1002800.0 1004637.0 981833.0 994906.0 1012007.0 987322.0 1007124.0 1000546.0 997548.0 988917.0 997057.0 998175.0 989947.0 995992.0 998380.0 1003530.0 983803.0 1000728.0 989387.0 988293.0 995036.0 1005869.0 1001905.0 1005558.0 1010253.0 1006724.0 1002925.0 1009232.0 998061.0 994767.0 1010101.0 986493.0 1000913.0 996958.0 999905.0 998720.0 1006815.0 991156.0 987506.0 1006669.0 1008070.0 996390.0 1002877.0 1003223.0 995336.0 1001467.0 998442.0 983477.0 993748.0 991954.0 992693.0 1010650.0 1004696.0 1005292.0 992195.0 996660.0 992968.0 984283.0 1001786.0 985828.0 996339.0 1005124.0 1001241.0 1000664.0 1003833.0 1003990.0 1004981.0 1008736.0 997934.0 999848.0 993946.0 1001560.0 991304.0 998504.0 996463.0 993644.0 1006735.0 1006939.0 1006892.0 1012362.0 994932.0 1009036.0 997800.0 1010582.0 992112.0 1001566.0 984596.0 993692.0 1005472.0 994644.0 1007825.0 991005.0 1002569.0 998035.0 998192.0 998091.0 999555.0 996840.0 1010363.0 997208.0 1002669.0 999901.0 1004656.0 1012669.0 998659.0 1006834.0 1006407.0 1002562.0 1002047.0 1005454.0 1002380.0 1007218.0 1002339.0 1011270.0 986250.0 1005945.0 989594.0 1008083.0 1006763.0 996423.0 1004875.0 1009793.0 1001877.0 1011268.0 1018344.0 1006789.0 1000503.0 1016320.0 1012858.0 1007495.0 997994.0 995275.0 997893.0 997444.0 1000293.0 1002787.0 1001631.0 1014591.0 1005667.0 991167.0 1002590.0 999261.0 996510.0 990801.0 992932.0 996489.0 1003373.0 1000837.0 1005966.0 1003849.0 998878.0 992279.0 999709.0 1000131.0 995966.0 987971.0 996751.0 1015649.0 1002760.0 991381.0 993223.0 995441.0 1013950.0 989119.0 992680.0 1007357.0 998573.0 1001854.0 1006041.0 1002332.0 991815.0 1014535.0 1004703.0 1006587.0 1009958.0 1004303.0 1001527.0 991275.0 999926.0 1001434.0 1001315.0 998474.0 999932.0 1005638.0 994640.0 1010619.0 1002762.0 1012525.0 997137.0 1004907.0 996992.0 1001183.0 1010491.0 1008314.0 1011678.0 988720.0 1017236.0 998108.0 999540.0 1004998.0 1006426.0 1005026.0 992173.0 1003448.0 996875.0 998264.0 990175.0 1008236.0 980366.0 992422.0 993386.0 1001802.0 1024793.0 995088.0 991758.0 1006956.0 998525.0 993277.0 1007050.0 1005154.0 1005717.0 1014513.0 1000496.0 1008122.0 1013412.0 993741.0 1012471.0 999825.0 996061.0 1001645.0 1008704.0 1001890.0 1007370.0 1005832.0 990810.0 999494.0 996357.0 1006250.0 1003616.0 1009598.0 1000037.0 987447.0 1003288.0 999375.0 1000748.0 1006409.0 993166.0 987024.0 1004648.0 1002908.0 1007811.0 996486.0 1003557.0 996926.0 996878.0 984803.0 1007631.0 989153.0 992246.0 1009997.0 1005553.0 1003704.0 1005543.0 992610.0 993648.0 997947.0 1000093.0 1009476.0 1004293.0 994924.0 1006277.0 999988.0 1004213.0 996279.0 996236.0 1008820.0 988629.0 999135.0 1005567.0 997127.0 998539.0 998730.0 989671.0 993528.0 1008323.0 1002074.0 1001885.0 1007765.0 996770.0 1004131.0 998237.0 993716.0 991302.0 1001847.0 996626.0 1010268.0 985011.0 1013591.0 1008188.0 996217.0 996498.0 1016604.0 993161.0 1005175.0 999561.0 993804.0 1002234.0 1008385.0 1006898.0 1006801.0 1005892.0 1000955.0 998871.0 988982.0 1002633.0 992354.0 999746.0 994849.0 1003356.0 1001728.0 990048.0 1010283.0 996679.0 990179.0 1004664.0 1002779.0 997669.0 997435.0 999181.0 999412.0 1004533.0 999394.0 998602.0 1002402.0 997606.0 983472.0 997078.0 999733.0 1001922.0 994072.0 1000853.0 1032360.0 993439.0 994576.0 1009454.0 1008706.0 996854.0 1005155.0 1013359.0 993736.0 1000625.0 1004846.0 995932.0 1001293.0 1003934.0 1002829.0 997087.0 1000315.0 1000892.0 996378.0 991943.0 992098.0 1008064.0 992225.0 991343.0 990288.0 1010643.0 996072.0 1008462.0 1010731.0 1000770.0 1002178.0 1008155.0 995018.0 1013467.0 1004419.0 997252.0 1005910.0 1004587.0 997013.0 1004571.0 997878.0 1012331.0 987891.0 993673.0 1000374.0 1004638.0 1000838.0 1004270.0 1003264.0 1009232.0 997636.0 1005629.0 987755.0 998430.0 996047.0 1001520.0 1016729.0 998571.0 993524.0 988869.0 1002582.0 1002571.0 1009490.0 990802.0 999761.0 994249.0 993081.0 1008819.0 992907.0 1008045.0 998646.0 994605.0 1006140.0 992375.0 1003855.0 991067.0 1011372.0 1001962.0 1002089.0 1006582.0 998124.0 1000406.0 990705.0 1005462.0 996052.0 1007046.0 1012742.0 998180.0 1001987.0 1003382.0 1016875.0 990304.0 1000847.0 1014699.0 1008956.0 1004682.0 995747.0 998066.0 1005239.0 1000670.0 993706.0 992603.0 1004920.0 999538.0 1002957.0 987424.0 1002376.0 1018516.0 994103.0 1001702.0 999573.0 1003222.0 1006520.0 1003353.0 993042.0 999727.0 983944.0 1018832.0 998200.0 1004988.0 998054.0 1016631.0 1003522.0 1011252.0 1000458.0 991469.0 980445.0 1002259.0 1002536.0 995560.0 1002005.0 1006478.0 991734.0 1007479.0 991641.0 992574.0 1004607.0 1022295.0 988950.0 996869.0 1006031.0 1008159.0 1001803.0 989804.0 997479.0 996127.0 996208.0 995677.0 1001851.0 980798.0 1001647.0 999503.0 996381.0 1001117.0 1005607.0 1009935.0 1005987.0 995862.0 1002769.0 983610.0 997821.0 1006690.0 996713.0 1003702.0 1007886.0 987379.0 1002667.0 1009389.0 1011388.0 1013790.0 997981.0 1008080.0 995398.0 1011327.0 999717.0 1018466.0 994848.0 1005365.0 997071.0 988589.0 994038.0 992319.0 995764.0 1010278.0 1000724.0 1003337.0 986356.0 1005712.0 981598.0 1001414.0 994508.0 1000976.0 994834.0 992103.0 1012161.0 997993.0 992092.0 994069.0 1001056.0 993825.0 1002131.0 995880.0 1003540.0 1002971.0 1004960.0 994916.0 997459.0 1005916.0 1000445.0 991556.0 1001834.0 995516.0 1001043.0 994780.0 1002684.0 1014122.0 1003059.0 995982.0 1002549.0 1004668.0 993771.0 994126.0 998814.0 1001804.0 990775.0 992186.0 998789.0 996568.0 988521.0 1000132.0 994033.0 1000216.0 999029.0 993213.0 989477.0 1001225.0 1007389.0 997063.0 1008119.0 986289.0 1000517.0 1005545.0 998847.0 985859.0 1004102.0 991388.0 1004849.0 990303.0 987898.0 993881.0 994836.0 1000549.0 1001058.0 994485.0 1005354.0 1000328.0 1001731.0 1003622.0 1010987.0 993668.0 998922.0 1005762.0 994891.0 996246.0 988827.0 996087.0 1003735.0 1003010.0 1004682.0 1004409.0 999224.0 1013957.0 999576.0 995033.0 1006077.0 1007254.0 995041.0 979226.0 1003284.0 990574.0 998339.0 998615.0 987329.0 1007732.0 1006001.0 990968.0 999723.0 1003231.0 989378.0 1006606.0 1007634.0 999008.0 999378.0 1008808.0 996186.0 991971.0 994797.0 1009801.0 1009895.0 1007328.0 981752.0 997970.0 997608.0 992667.0 1010312.0 1001056.0 998735.0 994197.0 982454.0 1016066.0 1004187.0 1010280.0 993663.0 1012583.0 1000955.0 999595.0 1000875.0 1004084.0 1000597.0 993310.0 999368.0 1004369.0 984330.0 1005391.0 992038.0 996369.0 1000450.0 1004511.0 1003153.0 1005649.0 1009775.0 1002436.0 1003163.0 1004908.0 987440.0 1000601.0 1001139.0 1009294.0 994582.0 998121.0 1008794.0 995116.0 1002293.0 1004503.0 995553.0 1001466.0 1006741.0 999912.0 992160.0 998659.0 1000664.0 1017706.0 986852.0 1003675.0 1002622.0 1005649.0 982936.0 990465.0 997086.0 985678.0 1006994.0 997466.0 1002201.0 995924.0 1012291.0 1004279.0 1001501.0 1003154.0 993029.0 987369.0 995223.0 998239.0 1002640.0 1007863.0 1011289.0 992642.0 998850.0 1006027.0 1002431.0 994264.0 1001665.0 1005577.0 1009298.0 1001703.0 1011731.0 999101.0 1008478.0 999037.0 996095.0 995499.0 997718.0 1008204.0 1007834.0 994224.0 1003210.0 1002034.0 1000919.0 1009832.0 996018.0 1010911.0 1001522.0 1010216.0 997210.0 1012322.0 991902.0 995987.0 1000100.0 1000143.0 987279.0 998211.0 997974.0 986612.0 1012587.0 1000793.0 1004716.0 997789.0 993652.0 1004074.0 1004963.0 993310.0 1003966.0 1001057.0 1004398.0 996983.0 1005295.0 993854.0 995179.0 985154.0 1007614.0 1016215.0 997581.0 1009151.0 997026.0 1003481.0 1004034.0 981984.0 1005112.0 1010173.0 1007463.0 997352.0 1005137.0 1001332.0 995281.0 1002936.0 1001136.0 1003961.0 995535.0 1002614.0 997913.0 1015633.0 998139.0 985129.0 1010422.0 991630.0 1005680.0 986332.0 996473.0 984996.0 985288.0 999097.0 996993.0 1009383.0 991856.0 997858.0 1009387.0 990901.0 999866.0 1015590.0 988142.0 996368.0 1005848.0 1011131.0 996159.0 1012173.0 991568.0 1010480.0 1005621.0 999732.0 1016721.0 998933.0 1007351.0 1001134.0 994707.0 1000968.0 1014424.0 1005537.0 1007302.0 996950.0 1011554.0 987107.0 999261.0 1003715.0 1011852.0 996976.0 996123.0 1004458.0 990458.0 1007387.0 1002684.0 1005832.0 1015073.0 987838.0 1000360.0 1003399.0 991115.0 984970.0 1003718.0 1001266.0 999417.0 997729.0 993677.0 1014436.0 996149.0 1006489.0 993287.0 988935.0 997038.0 996406.0 1001456.0 1002951.0 996993.0 1006598.0 998303.0 1003319.0 1003924.0 995164.0 989819.0 989062.0 1004077.0 1003392.0 988887.0 1006533.0 1009841.0 1002018.0 994629.0 1011924.0 1013621.0 1007554.0 993282.0 998912.0 992759.0 1003839.0 990487.0 1006364.0 998608.0 996215.0 1012860.0 1017645.0 990807.0 1000826.0 991058.0 996272.0 997722.0 995680.0 1002967.0 996940.0 1015280.0 984938.0 999548.0 982764.0 1005101.0 1013022.0 997271.0 989357.0 995755.0 997464.0 1007059.0 998298.0 1001441.0 1003432.0 1006664.0 1001461.0 998449.0 1003872.0 1016630.0 1003867.0 994881.0 1006635.0 1006234.0 999138.0 1020249.0 1008408.0 1005563.0 998725.0 996226.0 996566.0 986913.0 1008089.0 1011318.0 989783.0 1005189.0 990379.0 1008113.0 1004334.0 993303.0 990800.0 998500.0 1000897.0 1010310.0 1009593.0 985754.0 994724.0 1011437.0 1008874.0 997446.0 998590.0 1012783.0 1007977.0 1006402.0 988047.0 990002.0 991598.0 1009129.0 1002405.0 1005934.0 992638.0 996576.0 987728.0 1001807.0 1004867.0 1002963.0 988995.0 1007492.0 997920.0 1003691.0 997191.0 994789.0 1004897.0 995836.0 1005345.0 1003122.0 996694.0 996232.0 994897.0 997514.0 987579.0 1012334.0 983479.0 1001497.0 991788.0 1005031.0 985441.0 1004043.0 998336.0 1013349.0 1008718.0 999767.0 1000980.0 1004114.0 993526.0 998245.0 1002107.0 999847.0 998422.0 996015.0 984657.0 991092.0 1004175.0 1010765.0 991470.0 991920.0 1001425.0 1000858.0 992084.0 1003960.0 1003179.0 998865.0 993620.0 1009777.0 1001162.0 1007120.0 997849.0 992388.0 999105.0 986367.0 998685.0 999067.0 997653.0 988582.0 987505.0 1007371.0 1003142.0 1001490.0 995195.0 995994.0 1004059.0 1011690.0 1002019.0 994558.0 991951.0 1001837.0 1006077.0 1002368.0 990561.0 995685.0 1005803.0 1008210.0 1001011.0 1002351.0 985350.0 994367.0 983721.0 1004369.0 1006828.0 1014131.0 1012488.0 998663.0 1010294.0 989146.0 999785.0 1006989.0 1005477.0 983935.0 994587.0 994449.0 996568.0 991853.0 1005859.0 999676.0 1004466.0 999387.0 1003381.0 1009661.0 993461.0 998928.0 1000357.0 992330.0 1001594.0 988457.0 1003351.0 1003875.0 1003363.0 995813.0 991984.0 1001282.0 1002111.0 998519.0 1004808.0 1009300.0 998595.0 1003451.0 991539.0 986431.0 996270.0 982317.0 991462.0 1000590.0 992802.0 999563.0 992838.0 1004487.0 992930.0 996537.0 996715.0 1010401.0 995151.0 1013072.0 1002064.0 996573.0 1008112.0 995296.0 979319.0 994313.0 1002480.0 1008359.0 982334.0 1003216.0 995218.0 1005517.0 996604.0 989770.0 1002256.0 997286.0 1011274.0 1020859.0 994975.0 1001598.0 997555.0 981433.0 987480.0 1013896.0 1002662.0 1007486.0 1002881.0 998664.0 1003724.0 1006804.0 999101.0 993418.0 999266.0 1004690.0 1012512.0 992492.0 993812.0 992651.0 999104.0 1000466.0 1003926.0 1017982.0 1003870.0 992088.0 1001573.0 997061.0 986091.0 1013642.0 1004674.0 1004305.0 992947.0 999473.0 994722.0 999369.0 1011961.0 997039.0 994576.0 1012296.0 1005687.0 998054.0 1008182.0 1003244.0 994389.0 1003843.0 991274.0 988361.0 997777.0 1004024.0 1003166.0 988035.0 991136.0 1000504.0 1000839.0 989630.0 993168.0 1009291.0 1015488.0 1001297.0 1008215.0 990746.0 1002434.0 1000988.0 979125.0 1008381.0 1003905.0 1004805.0 999755.0 995268.0 984916.0 1004911.0 1007072.0 998097.0 995898.0 994570.0 1009789.0 998764.0 1001702.0 1014650.0 1009337.0 1001489.0 993413.0 1007800.0 1014966.0 995807.0 996765.0 1009969.0 1007618.0 996317.0 1004613.0 1009820.0 1004501.0 999313.0 1014373.0 1002885.0 997023.0 988401.0 998761.0 1005926.0 999169.0 1013058.0 1004214.0 992743.0 1002990.0 992486.0 998895.0 998534.0 997896.0 992584.0 990023.0 996700.0 994631.0 1008306.0 997017.0 1004677.0 1002073.0 998524.0 995401.0 996905.0 998792.0 988727.0 1000735.0 1002913.0 1009729.0 993383.0 999128.0 994053.0 995244.0 1001937.0 1005670.0 1000986.0 989523.0 995116.0 1007204.0 994857.0 997488.0 990630.0 1005672.0 1009223.0 994315.0 1001099.0 1003646.0 1002238.0 1006574.0 1011201.0 1003447.0 1002301.0 998220.0 1004023.0 1013296.0 1004319.0 995720.0 994646.0 1012329.0 994593.0 995122.0 993545.0 996059.0 1003768.0 1001649.0 1001322.0 996114.0 994548.0 1001112.0 1000592.0 979658.0 998738.0 1004461.0 994593.0 993561.0 1002045.0 998120.0 993209.0 994377.0 1011709.0 1002733.0 995807.0 1011125.0 991521.0 1002000.0 990192.0 994498.0 1012218.0 1004285.0 1003297.0 994435.0 1003490.0 996689.0 996345.0 1010177.0 1007615.0 1007069.0 989140.0 999053.0 1017236.0 1007954.0 1001615.0 1006972.0 990908.0 1008898.0 998071.0 999284.0 1016469.0 1011725.0 1009203.0 986936.0 1003318.0 996237.0 1014655.0 999073.0 998937.0 1003789.0 999903.0 998930.0 993781.0 987447.0 999368.0 999337.0 1003824.0 995342.0 1001796.0 1011277.0 1013703.0 994335.0 1003516.0 997093.0 1005593.0 996706.0 1002920.0 1001216.0 999160.0 995102.0 987219.0 995636.0 999191.0 996062.0 1001088.0 990433.0 996697.0 1004424.0 999865.0 986541.0 1000631.0 1005870.0 1011469.0 998378.0 1002654.0 991401.0 999431.0 989555.0 996148.0 989936.0 994088.0 999796.0 997178.0 996786.0 1000490.0 992753.0 994846.0 993792.0 1007463.0 1007028.0 1006653.0 995034.0 1013162.0 993414.0 1005821.0 1006137.0 995969.0 1009587.0 1009000.0 1020051.0 997198.0 999122.0 1001650.0 995685.0 1000610.0 989897.0 997478.0 985740.0 1012316.0 998947.0 1017860.0 987764.0 997557.0 1008536.0 984982.0 987489.0 1000032.0 1008001.0 997666.0 999979.0 1003753.0 998757.0 1000530.0 985290.0 1011868.0 993550.0 1003222.0 1001500.0 1003458.0 1008772.0 988423.0 996468.0 979649.0 1010139.0 990122.0 984486.0 996309.0 1006639.0 982475.0 1003692.0 1011845.0 998622.0 995579.0 992830.0 1005909.0 993238.0 996364.0 993715.0 1000628.0 1007415.0 994763.0 1014343.0 1010318.0 1004172.0 997031.0 993746.0 997551.0 1007745.0 995426.0 1001971.0 992066.0 1014110.0 1003959.0 993594.0 1000684.0 999927.0 988581.0 1004332.0 1013229.0 997513.0 996393.0 997307.0 982927.0 997868.0 1006282.0 1001840.0 998946.0 994753.0 1006087.0 1007762.0 1013326.0 993007.0 1003757.0 1002022.0 993382.0 1004672.0 1004764.0 1011947.0 1002369.0 988029.0 1004842.0 995445.0 1004730.0 989501.0 1007789.0 1000924.0 1002840.0 993178.0 1006802.0 999168.0 997688.0 1007700.0 1006244.0 1004597.0 997248.0 1000172.0 994739.0 1018715.0 1007440.0 1003472.0 996973.0 993216.0 998810.0 1003491.0 999700.0 1017298.0 1001469.0 998757.0 998457.0 989907.0 997834.0 985349.0 1002027.0 1002199.0 1008650.0 992807.0 997074.0 1008733.0 1003913.0 996209.0 1004188.0 986388.0 997879.0 995882.0 998221.0 1001697.0 985669.0 1003608.0 998112.0 989734.0 1004268.0 995601.0 985069.0 1017071.0 990703.0 1002963.0 992421.0 988398.0 990110.0 997277.0 997661.0 993458.0 1005490.0 993800.0 998550.0 1015476.0 1000780.0 1000341.0 990408.0 990002.0 1012197.0 1003866.0 993858.0 1009450.0 1000659.0 999671.0 997901.0 1004490.0 1000414.0 995018.0 1001445.0 999800.0 1000088.0 995564.0 994566.0 986073.0 991266.0 1005124.0 983043.0 1014097.0 994623.0 1007419.0 1007085.0 994121.0 987261.0 993798.0 991774.0 1001651.0 1006424.0 988305.0 996226.0 996621.0 981916.0 984011.0 1002987.0 997089.0 1007506.0 1003710.0 998659.0 999296.0 999747.0 1004205.0 1000124.0 1008547.0 991091.0 1005293.0 996814.0 992258.0 998832.0 1004061.0 999295.0 1002729.0 1004618.0 1001054.0 1007524.0 992339.0 998460.0 1003307.0 1008722.0 1004265.0 1004538.0 994627.0 1004432.0 995930.0 1008065.0 1004707.0 976518.0 1004925.0 1006196.0 992829.0 1006703.0 1004429.0 1005733.0 993266.0 1015864.0 1001301.0 998942.0 994780.0 1003445.0 997554.0 993200.0 1004513.0 1016697.0 1005203.0 997937.0 1002506.0 1005868.0 985815.0 1004995.0 1001986.0 996787.0 998323.0 998066.0 999252.0 1014869.0 1008482.0 1005941.0 1002459.0 1001832.0 1011190.0 1000835.0 997387.0 1000668.0 1007905.0 1021643.0 997293.0 1002247.0 1001730.0 1003145.0 994459.0 1011342.0 1000853.0 1013625.0 1007577.0 1001292.0 994077.0 1000587.0 1002605.0 997169.0 1000024.0 983969.0 996530.0 1005999.0 994882.0 1001642.0 990760.0 1002945.0 997178.0 998240.0 1006271.0 1001425.0 1005678.0 992175.0 998760.0 999958.0 987630.0 1002502.0 1009620.0 999665.0 1003231.0 996616.0 1005051.0 1003993.0 994354.0 980153.0 1005821.0 995173.0 989266.0 985628.0 1003285.0 988908.0 996766.0 1004546.0 997825.0 1007006.0 1001950.0 982394.0 989595.0 998874.0 985937.0 1007395.0 990884.0 1000103.0 1001437.0 996866.0 1018783.0 985705.0 1003485.0 1007922.0 1007483.0 997187.0 996367.0 996612.0 997750.0 1009011.0 1011371.0 998122.0 981457.0 1007705.0 999731.0 1000657.0 996579.0 1002153.0 1003628.0 997233.0 982340.0 1000615.0 1004364.0 1005219.0 989416.0 988212.0 1003636.0 1003895.0 999733.0 995003.0 992528.0 1001333.0 1002781.0 1004697.0 1005135.0 1000544.0 1000751.0 993110.0 981130.0 998811.0 1001391.0 1010688.0 992734.0 999802.0 1003974.0 1013762.0 1004563.0 993447.0 997176.0 999608.0 998015.0 994124.0 994636.0 1008708.0 1000913.0 981812.0 991674.0 1013810.0 1004471.0 1002977.0 991576.0 997267.0 999325.0 991948.0 1009966.0 996577.0 991761.0 996592.0 993988.0 999977.0 1005708.0 987731.0 1013160.0 1002213.0 1001721.0 999044.0 999250.0 990018.0 996584.0 1011590.0 1001361.0 992568.0 991419.0 996354.0 1006971.0 1008895.0 1007927.0 996169.0 1002551.0 1011932.0 1005243.0 980734.0 998586.0 998592.0 1001791.0 999753.0 997898.0 1010698.0 1004312.0 991981.0 1004904.0 993901.0 998739.0 1002652.0 1012367.0 1005238.0 995634.0 1010583.0 1001338.0 1003867.0 1002330.0 1007000.0 987774.0 985241.0 1005181.0 984326.0 997598.0 993887.0 994192.0 995476.0 1003676.0 995858.0 1006336.0 1006912.0 1002663.0 998345.0 1002914.0 1007536.0 1006237.0 1013649.0 996291.0 992723.0 995623.0 992205.0 1002732.0 1015621.0 993248.0 991416.0 992516.0 1001177.0 995054.0 1007106.0 1003636.0 1002474.0 998072.0 1000671.0 992456.0 997081.0 994381.0 995132.0 1002388.0 1000544.0 995693.0 999318.0 1001361.0 1000977.0 1007579.0 995191.0 1006437.0 1001847.0 987896.0 995329.0 995862.0 996011.0 1000771.0 1004519.0 1004969.0 982250.0 1003051.0 981955.0 1007504.0 ]

10002 actual elapsed

T=1192944, R=0, W=0
T=1269201, R=0, W=0
T=1284375, R=0, W=0
T=928257, R=0, W=0
T=1211353, R=0, W=0
T=597846, R=0, W=0
T=895367, R=0, W=0
T=745905, R=0, W=0
T=1104176, R=0, W=0
T=1144813, R=0, W=0
T=1494354, R=0, W=0
T=952358, R=0, W=0
T=759024, R=0, W=0
T=1060799, R=0, W=0
T=972386, R=0, W=0
T=1152264, R=0, W=0
T=983610, R=0, W=0
T=848506, R=0, W=0
T=1335875, R=0, W=0
T=1512941, R=0, W=0
T=1330554, R=0, W=0
T=1032706, R=0, W=0
T=1249889, R=0, W=0
T=1095313, R=0, W=0
T=898155, R=0, W=0
T=1215208, R=0, W=0
T=1043523, R=0, W=0
T=874128, R=0, W=0
T=1047250, R=0, W=0
T=1002088, R=0, W=0
T=1084476, R=0, W=0
T=1062734, R=0, W=0
T=1034283, R=0, W=0
T=1115234, R=0, W=0
T=827295, R=0, W=0
T=1159190, R=0, W=0
T=1185602, R=0, W=0
T=1034900, R=0, W=0
T=1251025, R=0, W=0
T=1023333, R=0, W=0
T=1358159, R=0, W=0
T=1407182, R=0, W=0
T=1248093, R=0, W=0
T=916181, R=0, W=0
T=911299, R=0, W=0
T=973462, R=0, W=0
T=1313564, R=0, W=0
T=1149617, R=0, W=0
T=944143, R=0, W=0
T=1042092, R=0, W=0
T=818178, R=0, W=0
T=983580, R=0, W=0
T=1238152, R=0, W=0
T=1007263, R=0, W=0
T=1008790, R=0, W=0
T=1348351, R=0, W=0
T=983442, R=0, W=0
T=1172549, R=0, W=0
T=1166413, R=0, W=0
T=1339864, R=0, W=0
T=994772, R=0, W=0
T=1128035, R=0, W=0
T=1274308, R=0, W=0
T=1237954, R=0, W=0

TOTAL: T=69978683, R=0, W=0
--- 39,598 MB collected in 0.134 secs (0.9% of total), longest GC took 0.006 secs
DATA gc:  total_k 40548632  total_secs 0.133575  max_secs 0.005745
