startup =       4000
elapsed =       10000
threads =       8
accounts =      256
init =          1000000
maxAmount =     10
readFreq =      0
writeFreq =     0
readThreads =   0
writeThreads =  0
disjointTrans = false
yieldALot =     false
flavour =       t

warming up
timed execution

TOTAL=2.56000064E8 [ 995131.0 993901.0 1022970.0 1002232.0 986578.0 1026238.0 1008263.0 1008505.0 995326.0 994969.0 990426.0 1017107.0 991736.0 988012.0 983920.0 1014218.0 1000480.0 1003596.0 995358.0 986374.0 977071.0 999915.0 996101.0 1007430.0 997916.0 999754.0 999423.0 990520.0 1006033.0 1008055.0 1000819.0 1007216.0 1001545.0 1010055.0 1002841.0 979410.0 992524.0 992201.0 996803.0 1009459.0 1017942.0 1001498.0 999295.0 1006180.0 1010426.0 1007804.0 994548.0 1003672.0 1001062.0 1007347.0 1003529.0 978208.0 996893.0 1002483.0 1011093.0 1000803.0 1002708.0 1003151.0 1001087.0 1004653.0 1006075.0 997013.0 995587.0 1008794.0 997860.0 1012406.0 1012021.0 1002254.0 1002150.0 1000582.0 1000491.0 1010063.0 995520.0 1012211.0 1004025.0 998475.0 1002209.0 998816.0 997823.0 1010028.0 1003317.0 1012834.0 1013741.0 1030312.0 994239.0 986798.0 999368.0 999539.0 1000503.0 1013804.0 1002155.0 1003021.0 1000907.0 995837.0 1004802.0 989775.0 989633.0 1003019.0 1005180.0 986677.0 999896.0 991753.0 1012212.0 993111.0 986789.0 1020630.0 1013672.0 1009835.0 1000440.0 985577.0 1014202.0 1011176.0 990666.0 989979.0 993853.0 1009554.0 1006181.0 987414.0 996812.0 996937.0 1001580.0 1001801.0 988612.0 982412.0 991658.0 1002647.0 998163.0 993525.0 994166.0 999144.0 1009195.0 1007607.0 1019387.0 987802.0 997835.0 999552.0 992379.0 1001639.0 1003418.0 1006394.0 997917.0 1008477.0 986812.0 1015138.0 1008192.0 1002898.0 1005663.0 993539.0 1007341.0 1009261.0 994653.0 1018324.0 1002201.0 1002478.0 998660.0 992822.0 1005483.0 1011421.0 986787.0 998496.0 986895.0 971964.0 999047.0 986360.0 1001523.0 1004272.0 1005746.0 984685.0 1008002.0 1001025.0 1000866.0 993897.0 1001870.0 991435.0 995355.0 1003674.0 997745.0 983618.0 1010834.0 1006095.0 987137.0 1005580.0 1017008.0 1011131.0 1006361.0 1019109.0 991835.0 989216.0 992784.0 1016400.0 989265.0 990058.0 1000339.0 1006821.0 981464.0 1006263.0 991817.0 999584.0 993820.0 1002552.0 989777.0 1001646.0 1008224.0 1014925.0 1000720.0 1009877.0 986165.0 984870.0 1009114.0 1003723.0 998541.0 996719.0 1010367.0 997954.0 995492.0 996179.0 989340.0 987343.0 994126.0 985314.0 985812.0 1000206.0 994673.0 1000100.0 1005048.0 1004787.0 1001319.0 1012689.0 1020839.0 989708.0 993875.0 989751.0 996028.0 998809.0 995644.0 1006927.0 1009161.0 989480.0 996596.0 981761.0 990596.0 1004843.0 994032.0 1014371.0 994089.0 1018955.0 1005169.0 992381.0 994027.0 989370.0 996790.0 998069.0 997100.0 988202.0 987954.0 996126.0 ]

10002 actual elapsed

T=7102777, R=0, W=0
T=6107032, R=0, W=0
T=5377933, R=0, W=0
T=6232345, R=0, W=0
T=4255508, R=0, W=0
T=5621175, R=0, W=0
T=6256231, R=0, W=0
T=3526572, R=0, W=0

TOTAL: T=44479573, R=0, W=0
--- 36,681 MB collected in 0.054 secs (0.4% of total), longest GC took 0.002 secs
DATA gc:  total_k 37562313  total_secs 0.054473  max_secs 0.002466
