startup =       4000
elapsed =       10000
threads =       1
accounts =      2
init =          1000000
maxAmount =     10
readFreq =      0
writeFreq =     0
readThreads =   0
writeThreads =  0
disjointTrans = false
yieldALot =     false
flavour =       rfw

warming up
timed execution

TOTAL=2000000.0 [ 1007107.0 992893.0 ]

10002 actual elapsed

T=17373724, R=0, W=0

TOTAL: T=17373724, R=0, W=0
--- 11,900 MB collected in 0.042 secs (0.3% of total), longest GC took 0.003 secs
DATA gc:  total_k 12185626  total_secs 0.04232  max_secs 0.002538
