startup =       4000
elapsed =       10000
threads =       64
accounts =      64
init =          1000000
maxAmount =     10
readFreq =      0
writeFreq =     0
readThreads =   0
writeThreads =  0
disjointTrans = false
yieldALot =     false
flavour =       rfw

warming up
timed execution

TOTAL=6.4000004E7 [ 984908.0 973689.0 1054482.0 1051372.0 1077265.0 991200.0 924448.0 1025502.0 1027692.0 1002262.0 978634.0 992954.0 953136.0 1019778.0 1020235.0 995774.0 984239.0 966883.0 980703.0 1001931.0 1046602.0 1028632.0 985476.0 943088.0 987306.0 1048595.0 988086.0 945842.0 1008906.0 1022886.0 1011726.0 964005.0 964311.0 1005142.0 1036430.0 1056634.0 956670.0 1021988.0 1024284.0 1029659.0 1033716.0 975458.0 969959.0 992370.0 1055266.0 982904.0 1062508.0 968019.0 892648.0 965404.0 980698.0 973492.0 1056521.0 922078.0 1038191.0 935761.0 1035503.0 1006999.0 1030401.0 1036081.0 1004991.0 1009253.0 968757.0 1019667.0 ]

10002 actual elapsed

T=601205, R=0, W=0
T=679460, R=0, W=0
T=583396, R=0, W=0
T=606957, R=0, W=0
T=633556, R=0, W=0
T=616766, R=0, W=0
T=625019, R=0, W=0
T=680915, R=0, W=0
T=688065, R=0, W=0
T=645210, R=0, W=0
T=618267, R=0, W=0
T=635769, R=0, W=0
T=599181, R=0, W=0
T=656221, R=0, W=0
T=603476, R=0, W=0
T=677687, R=0, W=0
T=570046, R=0, W=0
T=671211, R=0, W=0
T=656839, R=0, W=0
T=676417, R=0, W=0
T=637444, R=0, W=0
T=632545, R=0, W=0
T=636484, R=0, W=0
T=651716, R=0, W=0
T=578160, R=0, W=0
T=689676, R=0, W=0
T=611966, R=0, W=0
T=656632, R=0, W=0
T=644720, R=0, W=0
T=676894, R=0, W=0
T=688054, R=0, W=0
T=691250, R=0, W=0
T=608178, R=0, W=0
T=629529, R=0, W=0
T=634005, R=0, W=0
T=651840, R=0, W=0
T=638308, R=0, W=0
T=651286, R=0, W=0
T=637989, R=0, W=0
T=672549, R=0, W=0
T=610828, R=0, W=0
T=630137, R=0, W=0
T=690163, R=0, W=0
T=691585, R=0, W=0
T=655722, R=0, W=0
T=630241, R=0, W=0
T=653902, R=0, W=0
T=685175, R=0, W=0
T=705421, R=0, W=0
T=569985, R=0, W=0
T=579109, R=0, W=0
T=633556, R=0, W=0
T=677145, R=0, W=0
T=638936, R=0, W=0
T=653646, R=0, W=0
T=635454, R=0, W=0
T=700244, R=0, W=0
T=681408, R=0, W=0
T=661930, R=0, W=0
T=682365, R=0, W=0
T=618763, R=0, W=0
T=620127, R=0, W=0
T=706459, R=0, W=0
T=615249, R=0, W=0

TOTAL: T=41272438, R=0, W=0
--- 33,283 MB collected in 0.090 secs (0.6% of total), longest GC took 0.006 secs
DATA gc:  total_k 34082728  total_secs 0.090266  max_secs 0.005596
