startup =       4000
elapsed =       10000
threads =       256
accounts =      256
init =          1000000
maxAmount =     10
readFreq =      0
writeFreq =     0
readThreads =   0
writeThreads =  0
disjointTrans = false
yieldALot =     false
flavour =       t

warming up
timed execution

TOTAL=2.56000032E8 [ 1035671.0 998589.0 1017323.0 985017.0 994153.0 972850.0 1048134.0 994422.0 979081.0 1006902.0 1019323.0 1027370.0 969325.0 990082.0 992377.0 1008233.0 1025074.0 1027283.0 986383.0 978903.0 983416.0 1009158.0 947586.0 1018896.0 1000171.0 1003291.0 998544.0 992579.0 986383.0 1001529.0 993816.0 986208.0 975048.0 1025917.0 1022826.0 1000011.0 996577.0 984794.0 992367.0 985192.0 1021715.0 998198.0 986523.0 1020060.0 947259.0 965459.0 982238.0 986676.0 1002108.0 1001903.0 1008659.0 983508.0 981017.0 996412.0 996953.0 995261.0 987880.0 997432.0 1003217.0 963659.0 1023986.0 992054.0 1003302.0 1018547.0 991809.0 1001460.0 993078.0 974400.0 972087.0 1017763.0 987183.0 971657.0 1033864.0 969605.0 995601.0 994743.0 1037902.0 979661.0 973304.0 1004192.0 1010509.0 1011315.0 980457.0 1025338.0 1011581.0 996583.0 967933.0 1009530.0 993209.0 968443.0 1001258.0 1018715.0 1017518.0 979248.0 978801.0 1024034.0 990636.0 1008401.0 1044513.0 1023074.0 986895.0 988678.0 1001687.0 982837.0 1009843.0 950332.0 1025619.0 974764.0 1018639.0 1014117.0 983607.0 1000306.0 999759.0 1025405.0 972710.0 1011525.0 998498.0 994008.0 1018913.0 968391.0 1009944.0 987395.0 1004254.0 1014988.0 1031448.0 966075.0 1018158.0 985107.0 1016561.0 987738.0 1002212.0 997789.0 985019.0 1015844.0 988843.0 1004365.0 1002009.0 991314.0 1006575.0 1000394.0 1018307.0 1024891.0 1014436.0 1002413.0 994581.0 992626.0 1030936.0 1012127.0 1012588.0 1010988.0 991987.0 1016334.0 1002511.0 992511.0 1029459.0 1033110.0 982930.0 972595.0 999338.0 1005693.0 993646.0 1001131.0 1027525.0 1003708.0 986219.0 996194.0 1012139.0 993477.0 1012629.0 994244.0 986529.0 970479.0 1043222.0 1013440.0 1033143.0 1000545.0 1009265.0 998785.0 1019177.0 1057567.0 1013750.0 990523.0 1023635.0 1012337.0 1005993.0 999276.0 990809.0 1004341.0 984964.0 963502.0 1013039.0 993636.0 1009507.0 990581.0 1004515.0 1006577.0 981159.0 975639.0 1054649.0 966958.0 984297.0 986024.0 1004913.0 997543.0 967876.0 1011807.0 1024136.0 1016431.0 987397.0 1008134.0 984889.0 996006.0 948920.0 1032128.0 991099.0 1019502.0 990964.0 1011093.0 1031482.0 1000001.0 1032618.0 984521.0 1029557.0 1008550.0 1008651.0 1025763.0 1020058.0 974542.0 1018535.0 1021462.0 997403.0 1006938.0 1002142.0 1008239.0 992514.0 990510.0 1011786.0 1005602.0 1022968.0 979746.0 984316.0 989206.0 954103.0 1023918.0 1003431.0 1022099.0 975448.0 1007902.0 1008552.0 1011806.0 964945.0 991393.0 955227.0 993590.0 986939.0 984763.0 ]

10002 actual elapsed

T=265549, R=0, W=0
T=276141, R=0, W=0
T=237734, R=0, W=0
T=352848, R=0, W=0
T=209409, R=0, W=0
T=277381, R=0, W=0
T=205976, R=0, W=0
T=274052, R=0, W=0
T=284882, R=0, W=0
T=258153, R=0, W=0
T=168869, R=0, W=0
T=142988, R=0, W=0
T=243854, R=0, W=0
T=238555, R=0, W=0
T=254411, R=0, W=0
T=216737, R=0, W=0
T=184495, R=0, W=0
T=161824, R=0, W=0
T=176520, R=0, W=0
T=265713, R=0, W=0
T=320704, R=0, W=0
T=161408, R=0, W=0
T=251647, R=0, W=0
T=242256, R=0, W=0
T=372581, R=0, W=0
T=175584, R=0, W=0
T=302407, R=0, W=0
T=242719, R=0, W=0
T=249571, R=0, W=0
T=150315, R=0, W=0
T=191522, R=0, W=0
T=237922, R=0, W=0
T=194974, R=0, W=0
T=315576, R=0, W=0
T=273987, R=0, W=0
T=324782, R=0, W=0
T=269420, R=0, W=0
T=186569, R=0, W=0
T=240771, R=0, W=0
T=227965, R=0, W=0
T=308478, R=0, W=0
T=231294, R=0, W=0
T=211661, R=0, W=0
T=220282, R=0, W=0
T=335618, R=0, W=0
T=240111, R=0, W=0
T=160826, R=0, W=0
T=237113, R=0, W=0
T=210189, R=0, W=0
T=327606, R=0, W=0
T=262650, R=0, W=0
T=278251, R=0, W=0
T=226327, R=0, W=0
T=223746, R=0, W=0
T=232029, R=0, W=0
T=183331, R=0, W=0
T=293779, R=0, W=0
T=273814, R=0, W=0
T=305228, R=0, W=0
T=230887, R=0, W=0
T=190091, R=0, W=0
T=206107, R=0, W=0
T=257934, R=0, W=0
T=283789, R=0, W=0
T=203515, R=0, W=0
T=320126, R=0, W=0
T=215928, R=0, W=0
T=269235, R=0, W=0
T=296357, R=0, W=0
T=308164, R=0, W=0
T=233405, R=0, W=0
T=245728, R=0, W=0
T=309929, R=0, W=0
T=313224, R=0, W=0
T=240470, R=0, W=0
T=301919, R=0, W=0
T=248581, R=0, W=0
T=203682, R=0, W=0
T=353962, R=0, W=0
T=228470, R=0, W=0
T=245618, R=0, W=0
T=258663, R=0, W=0
T=208930, R=0, W=0
T=181918, R=0, W=0
T=223660, R=0, W=0
T=234331, R=0, W=0
T=374191, R=0, W=0
T=324809, R=0, W=0
T=146451, R=0, W=0
T=226119, R=0, W=0
T=274496, R=0, W=0
T=238787, R=0, W=0
T=240305, R=0, W=0
T=241020, R=0, W=0
T=255095, R=0, W=0
T=244579, R=0, W=0
T=325738, R=0, W=0
T=262006, R=0, W=0
T=216335, R=0, W=0
T=287257, R=0, W=0
T=243860, R=0, W=0
T=190401, R=0, W=0
T=289881, R=0, W=0
T=276971, R=0, W=0
T=305288, R=0, W=0
T=381500, R=0, W=0
T=209571, R=0, W=0
T=239386, R=0, W=0
T=190925, R=0, W=0
T=224710, R=0, W=0
T=202487, R=0, W=0
T=185616, R=0, W=0
T=240022, R=0, W=0
T=273073, R=0, W=0
T=247544, R=0, W=0
T=216933, R=0, W=0
T=189046, R=0, W=0
T=339944, R=0, W=0
T=289467, R=0, W=0
T=258485, R=0, W=0
T=266788, R=0, W=0
T=236866, R=0, W=0
T=157702, R=0, W=0
T=321175, R=0, W=0
T=370723, R=0, W=0
T=295489, R=0, W=0
T=218127, R=0, W=0
T=332309, R=0, W=0
T=237789, R=0, W=0
T=278160, R=0, W=0
T=247225, R=0, W=0
T=240853, R=0, W=0
T=259873, R=0, W=0
T=309981, R=0, W=0
T=360252, R=0, W=0
T=287085, R=0, W=0
T=161178, R=0, W=0
T=259454, R=0, W=0
T=227349, R=0, W=0
T=178611, R=0, W=0
T=228530, R=0, W=0
T=183726, R=0, W=0
T=202695, R=0, W=0
T=264378, R=0, W=0
T=190763, R=0, W=0
T=267137, R=0, W=0
T=209921, R=0, W=0
T=272224, R=0, W=0
T=309641, R=0, W=0
T=196621, R=0, W=0
T=336385, R=0, W=0
T=314534, R=0, W=0
T=197154, R=0, W=0
T=214766, R=0, W=0
T=234899, R=0, W=0
T=193363, R=0, W=0
T=196240, R=0, W=0
T=253727, R=0, W=0
T=244777, R=0, W=0
T=149285, R=0, W=0
T=186812, R=0, W=0
T=229120, R=0, W=0
T=283286, R=0, W=0
T=332606, R=0, W=0
T=230959, R=0, W=0
T=249040, R=0, W=0
T=239355, R=0, W=0
T=301728, R=0, W=0
T=162793, R=0, W=0
T=309964, R=0, W=0
T=215164, R=0, W=0
T=337678, R=0, W=0
T=183465, R=0, W=0
T=376582, R=0, W=0
T=180815, R=0, W=0
T=209102, R=0, W=0
T=238941, R=0, W=0
T=236931, R=0, W=0
T=287086, R=0, W=0
T=302853, R=0, W=0
T=207170, R=0, W=0
T=237101, R=0, W=0
T=288148, R=0, W=0
T=197609, R=0, W=0
T=205945, R=0, W=0
T=304807, R=0, W=0
T=305543, R=0, W=0
T=242663, R=0, W=0
T=208385, R=0, W=0
T=238625, R=0, W=0
T=246917, R=0, W=0
T=271776, R=0, W=0
T=186616, R=0, W=0
T=217565, R=0, W=0
T=260446, R=0, W=0
T=259866, R=0, W=0
T=203043, R=0, W=0
T=279466, R=0, W=0
T=395443, R=0, W=0
T=256574, R=0, W=0
T=224587, R=0, W=0
T=190512, R=0, W=0
T=238313, R=0, W=0
T=294854, R=0, W=0
T=275571, R=0, W=0
T=208418, R=0, W=0
T=175814, R=0, W=0
T=279762, R=0, W=0
T=145302, R=0, W=0
T=231676, R=0, W=0
T=210951, R=0, W=0
T=295366, R=0, W=0
T=217969, R=0, W=0
T=241902, R=0, W=0
T=167331, R=0, W=0
T=225631, R=0, W=0
T=148394, R=0, W=0
T=187264, R=0, W=0
T=211371, R=0, W=0
T=340573, R=0, W=0
T=330440, R=0, W=0
T=271622, R=0, W=0
T=289869, R=0, W=0
T=216982, R=0, W=0
T=215171, R=0, W=0
T=252529, R=0, W=0
T=328193, R=0, W=0
T=374307, R=0, W=0
T=257433, R=0, W=0
T=213816, R=0, W=0
T=284851, R=0, W=0
T=235312, R=0, W=0
T=272611, R=0, W=0
T=246691, R=0, W=0
T=285857, R=0, W=0
T=210058, R=0, W=0
T=302576, R=0, W=0
T=292239, R=0, W=0
T=182819, R=0, W=0
T=217868, R=0, W=0
T=262933, R=0, W=0
T=268912, R=0, W=0
T=298564, R=0, W=0
T=337991, R=0, W=0
T=318015, R=0, W=0
T=217303, R=0, W=0
T=255255, R=0, W=0
T=314582, R=0, W=0
T=257290, R=0, W=0
T=204669, R=0, W=0
T=261612, R=0, W=0
T=278831, R=0, W=0
T=204000, R=0, W=0
T=218848, R=0, W=0
T=277496, R=0, W=0
T=227935, R=0, W=0

TOTAL: T=63870809, R=0, W=0
--- 46,065 MB collected in 0.171 secs (0.8% of total), longest GC took 0.019 secs
DATA gc:  total_k 47170898  total_secs 0.170563  max_secs 0.018534
