startup =       4000
elapsed =       10000
threads =       128
accounts =      128
init =          1000000
maxAmount =     10
readFreq =      0
writeFreq =     0
readThreads =   0
writeThreads =  0
disjointTrans = false
yieldALot =     false
flavour =       rfw

warming up
timed execution

TOTAL=1.28000032E8 [ 1006723.0 1001624.0 1011356.0 1011585.0 1025606.0 1005044.0 1004736.0 1004764.0 980097.0 977235.0 1048300.0 974332.0 1016709.0 1045388.0 1015600.0 1035422.0 1047504.0 1002330.0 1012446.0 986346.0 1023909.0 1001835.0 1010800.0 986114.0 954331.0 988341.0 998104.0 1013137.0 981024.0 996151.0 1006866.0 1014083.0 984102.0 968394.0 991985.0 994449.0 1001392.0 1036735.0 1024986.0 1024266.0 1011148.0 985196.0 1011008.0 1003281.0 1009631.0 1018089.0 1003380.0 985359.0 995509.0 984596.0 1010034.0 1007216.0 1031583.0 955660.0 953862.0 989582.0 1027439.0 1020302.0 961294.0 1002456.0 958087.0 980180.0 1016776.0 988413.0 999418.0 998776.0 953937.0 1025790.0 997631.0 1003009.0 1007486.0 971256.0 982956.0 1000230.0 978699.0 951303.0 1011911.0 1003982.0 979106.0 945970.0 1011922.0 1009607.0 986901.0 989086.0 1017747.0 1003383.0 1008277.0 1012835.0 998917.0 1012928.0 1002558.0 960708.0 1015279.0 1011695.0 1002174.0 952168.0 1016975.0 1028448.0 987144.0 1001143.0 959793.0 1007728.0 986544.0 1016817.0 996006.0 982489.0 1020376.0 1009809.0 998284.0 994981.0 987328.0 990861.0 989299.0 1023345.0 1041821.0 978060.0 991970.0 1029916.0 986690.0 1014069.0 998390.0 1006713.0 1037806.0 998535.0 973377.0 973343.0 1060220.0 979843.0 ]

10002 actual elapsed

T=405283, R=0, W=0
T=437002, R=0, W=0
T=376878, R=0, W=0
T=428881, R=0, W=0
T=437446, R=0, W=0
T=378411, R=0, W=0
T=426786, R=0, W=0
T=377089, R=0, W=0
T=434990, R=0, W=0
T=414039, R=0, W=0
T=374434, R=0, W=0
T=388849, R=0, W=0
T=396905, R=0, W=0
T=475539, R=0, W=0
T=386861, R=0, W=0
T=383458, R=0, W=0
T=472001, R=0, W=0
T=358721, R=0, W=0
T=432289, R=0, W=0
T=459330, R=0, W=0
T=380285, R=0, W=0
T=403081, R=0, W=0
T=381990, R=0, W=0
T=356702, R=0, W=0
T=400315, R=0, W=0
T=431702, R=0, W=0
T=397409, R=0, W=0
T=377606, R=0, W=0
T=386388, R=0, W=0
T=401656, R=0, W=0
T=388870, R=0, W=0
T=453199, R=0, W=0
T=380717, R=0, W=0
T=439382, R=0, W=0
T=395607, R=0, W=0
T=363160, R=0, W=0
T=467471, R=0, W=0
T=481116, R=0, W=0
T=441468, R=0, W=0
T=384675, R=0, W=0
T=402445, R=0, W=0
T=310820, R=0, W=0
T=405784, R=0, W=0
T=395248, R=0, W=0
T=396987, R=0, W=0
T=422129, R=0, W=0
T=429545, R=0, W=0
T=418441, R=0, W=0
T=478492, R=0, W=0
T=400719, R=0, W=0
T=399913, R=0, W=0
T=425375, R=0, W=0
T=404867, R=0, W=0
T=400056, R=0, W=0
T=438377, R=0, W=0
T=381660, R=0, W=0
T=408903, R=0, W=0
T=388073, R=0, W=0
T=461389, R=0, W=0
T=407543, R=0, W=0
T=359576, R=0, W=0
T=406365, R=0, W=0
T=389333, R=0, W=0
T=360215, R=0, W=0
T=407136, R=0, W=0
T=431618, R=0, W=0
T=401274, R=0, W=0
T=467694, R=0, W=0
T=390414, R=0, W=0
T=405370, R=0, W=0
T=390502, R=0, W=0
T=347736, R=0, W=0
T=375380, R=0, W=0
T=371427, R=0, W=0
T=366275, R=0, W=0
T=438294, R=0, W=0
T=401974, R=0, W=0
T=409707, R=0, W=0
T=401240, R=0, W=0
T=372296, R=0, W=0
T=326345, R=0, W=0
T=395013, R=0, W=0
T=427539, R=0, W=0
T=380520, R=0, W=0
T=388993, R=0, W=0
T=420819, R=0, W=0
T=418400, R=0, W=0
T=411114, R=0, W=0
T=406527, R=0, W=0
T=445534, R=0, W=0
T=441463, R=0, W=0
T=489701, R=0, W=0
T=407579, R=0, W=0
T=442014, R=0, W=0
T=416635, R=0, W=0
T=367871, R=0, W=0
T=466188, R=0, W=0
T=416381, R=0, W=0
T=393330, R=0, W=0
T=416657, R=0, W=0
T=422813, R=0, W=0
T=366028, R=0, W=0
T=409889, R=0, W=0
T=436724, R=0, W=0
T=419855, R=0, W=0
T=363078, R=0, W=0
T=395265, R=0, W=0
T=434780, R=0, W=0
T=414518, R=0, W=0
T=458244, R=0, W=0
T=388426, R=0, W=0
T=408270, R=0, W=0
T=422391, R=0, W=0
T=439471, R=0, W=0
T=425984, R=0, W=0
T=462865, R=0, W=0
T=399210, R=0, W=0
T=445498, R=0, W=0
T=429042, R=0, W=0
T=412746, R=0, W=0
T=398505, R=0, W=0
T=423609, R=0, W=0
T=414136, R=0, W=0
T=394151, R=0, W=0
T=394330, R=0, W=0
T=366847, R=0, W=0
T=379593, R=0, W=0
T=343769, R=0, W=0

TOTAL: T=52177243, R=0, W=0
--- 32,106 MB collected in 0.134 secs (0.9% of total), longest GC took 0.007 secs
DATA gc:  total_k 32877162  total_secs 0.133749  max_secs 0.007238
