startup =       4000
elapsed =       10000
threads =       2
accounts =      64
init =          1000000
maxAmount =     10
readFreq =      0
writeFreq =     0
readThreads =   0
writeThreads =  0
disjointTrans = false
yieldALot =     false
flavour =       d

warming up
timed execution

TOTAL=6.4000004E7 [ 1002980.0 996014.0 1006615.0 992448.0 991898.0 1005045.0 984854.0 1000308.0 993779.0 995231.0 1007442.0 998620.0 1004877.0 1011031.0 991436.0 992889.0 1019462.0 984540.0 998696.0 996188.0 1014235.0 999987.0 996770.0 990280.0 1010408.0 1008711.0 998948.0 1000930.0 999766.0 996746.0 999619.0 1005505.0 1005833.0 989541.0 1004663.0 1011425.0 988952.0 983956.0 1001376.0 1004511.0 999509.0 996703.0 1007866.0 990264.0 1003838.0 1008904.0 1005499.0 1005628.0 1012354.0 990528.0 995075.0 991409.0 993821.0 993339.0 1004647.0 1001041.0 1000276.0 1003183.0 990774.0 1001736.0 1005008.0 998143.0 1013657.0 1000283.0 ]

10001 actual elapsed

T=9529273, R=0, W=0
T=8320134, R=0, W=0

TOTAL: T=17849407, R=0, W=0
--- 11,398 MB collected in 0.050 secs (0.4% of total), longest GC took 0.003 secs
DATA gc:  total_k 11671918  total_secs 0.04961  max_secs 0.002619
