startup =       4000
elapsed =       10000
threads =       2
accounts =      2
init =          1000000
maxAmount =     10
readFreq =      0
writeFreq =     0
readThreads =   0
writeThreads =  0
disjointTrans = false
yieldALot =     false
flavour =       d

warming up
timed execution

TOTAL=2000000.0 [ 968991.0 1031009.0 ]

10002 actual elapsed

T=3996851, R=0, W=0
T=3426999, R=0, W=0

TOTAL: T=7423850, R=0, W=0
--- 5,863 MB collected in 0.027 secs (0.2% of total), longest GC took 0.002 secs
DATA gc:  total_k 6003830  total_secs 0.026521  max_secs 0.001918
