startup =       4000
elapsed =       10000
threads =       64
accounts =      2048
init =          1000000
maxAmount =     10
readFreq =      0
writeFreq =     0
readThreads =   0
writeThreads =  0
disjointTrans = false
yieldALot =     false
flavour =       t

warming up
timed execution

TOTAL=2.04799898E9 [ 1000016.0 1002351.0 998269.0 1013354.0 1004620.0 984048.0 994102.0 998555.0 998895.0 1002148.0 1007452.0 992169.0 1015022.0 988223.0 1000502.0 1005051.0 1000715.0 1008107.0 991963.0 988189.0 1001095.0 1002114.0 1005584.0 984555.0 996209.0 997605.0 1008286.0 991920.0 1009805.0 997250.0 999422.0 1001603.0 1024363.0 1002633.0 1002061.0 1001308.0 1010303.0 1001402.0 1006862.0 1003868.0 992723.0 990771.0 1001568.0 1002504.0 1002630.0 1001717.0 998138.0 1007822.0 992876.0 998969.0 1001193.0 975533.0 999631.0 984019.0 995901.0 987365.0 1003454.0 974309.0 1006023.0 993883.0 1001321.0 1004558.0 996277.0 1000224.0 1005667.0 1010238.0 1016889.0 1015028.0 992980.0 999633.0 990512.0 995489.0 992763.0 1017410.0 1008718.0 1003151.0 995668.0 1002566.0 996824.0 997620.0 1007129.0 1008545.0 997835.0 1004137.0 978975.0 1004255.0 1001421.0 997117.0 1013456.0 1003996.0 990592.0 1001800.0 1002893.0 1005701.0 995927.0 983740.0 1000412.0 1008171.0 993521.0 994199.0 1005906.0 998181.0 1009920.0 1001445.0 995333.0 999378.0 997301.0 1006121.0 999253.0 1006840.0 1001145.0 1005443.0 990596.0 979530.0 986689.0 995975.0 1006626.0 1005918.0 993378.0 998097.0 999984.0 1006049.0 985167.0 1002692.0 1010347.0 992465.0 1002176.0 1006414.0 1005235.0 999345.0 1008060.0 1004256.0 1000522.0 1002104.0 995900.0 992478.0 1011510.0 997971.0 1001651.0 999215.0 1012740.0 996102.0 1007701.0 996206.0 1003328.0 984970.0 1007875.0 999268.0 995736.0 1015707.0 1004237.0 999926.0 1008791.0 995288.0 1005864.0 1000366.0 1005576.0 999224.0 1002949.0 1010262.0 992499.0 999374.0 1005336.0 995215.0 1007318.0 1011514.0 998064.0 1001424.0 1001826.0 1006897.0 1007728.0 1001480.0 1004345.0 989018.0 1010846.0 1001491.0 1000431.0 1004201.0 1008105.0 993234.0 1010407.0 1009236.0 1006114.0 1000391.0 996421.0 1004287.0 993322.0 1003284.0 1002675.0 1002799.0 994523.0 1001985.0 1004085.0 1003546.0 1009931.0 1006895.0 989137.0 1003750.0 1006389.0 1004808.0 991759.0 996506.0 1002298.0 1001965.0 992753.0 997411.0 1013194.0 1013145.0 1002884.0 1001109.0 998468.0 995322.0 997604.0 988834.0 1002519.0 991533.0 1003983.0 1001925.0 1005760.0 995759.0 1010157.0 1005632.0 988858.0 994218.0 998526.0 1006465.0 1000068.0 1009885.0 998330.0 986564.0 984310.0 999134.0 1002941.0 1008460.0 985635.0 991899.0 990341.0 983583.0 1009250.0 993412.0 990754.0 992447.0 990427.0 991571.0 991550.0 1006822.0 1004373.0 985629.0 994110.0 1005192.0 998240.0 998188.0 999027.0 999198.0 1007285.0 994469.0 1000575.0 1011770.0 1007814.0 999919.0 992414.0 992951.0 1005328.0 1004911.0 1001360.0 992239.0 1005951.0 1006153.0 1013657.0 1000139.0 996281.0 993283.0 993015.0 1009199.0 1001882.0 1015792.0 1009591.0 998134.0 1014273.0 989453.0 998189.0 984359.0 991176.0 1004972.0 999121.0 993776.0 1004169.0 994294.0 990389.0 1011567.0 1002271.0 998039.0 1012934.0 1009084.0 999352.0 1011092.0 988493.0 992555.0 1012609.0 993053.0 1000555.0 1003132.0 999951.0 1009123.0 995444.0 995096.0 1010464.0 993397.0 999308.0 999899.0 993197.0 998325.0 1004276.0 992620.0 987120.0 992547.0 994865.0 1000521.0 1003280.0 1014305.0 1011848.0 997488.0 1003289.0 1005194.0 1005388.0 1015292.0 1004266.0 1012143.0 1010663.0 992725.0 1003011.0 1005062.0 994838.0 1013501.0 998087.0 1005116.0 1010260.0 990166.0 985278.0 1000021.0 1000960.0 989319.0 1001612.0 1002876.0 991097.0 1006858.0 995844.0 995678.0 995313.0 1005894.0 993030.0 1008445.0 1003967.0 1000699.0 1006405.0 995500.0 987492.0 1002721.0 988933.0 1018140.0 1019175.0 1009404.0 996697.0 1005245.0 987185.0 993217.0 1008106.0 1000123.0 1003820.0 1000627.0 987148.0 1009679.0 992753.0 999843.0 998826.0 1015641.0 1015987.0 1016969.0 996666.0 987278.0 1003670.0 983791.0 988769.0 996566.0 1009399.0 1007057.0 999171.0 991361.0 1007329.0 1003377.0 997392.0 999542.0 1000651.0 1008155.0 1002709.0 1006258.0 994878.0 991425.0 982731.0 1024123.0 997269.0 1001609.0 977365.0 1001875.0 1001464.0 1002022.0 999497.0 1012678.0 1000319.0 1011088.0 1009273.0 985700.0 1014844.0 997843.0 1021328.0 1005299.0 993431.0 993095.0 995587.0 985478.0 1005346.0 997899.0 986043.0 991516.0 1009068.0 995222.0 985966.0 1011022.0 997801.0 982579.0 1003092.0 997706.0 998656.0 1010199.0 1001879.0 1001041.0 1004166.0 995279.0 996688.0 995498.0 987037.0 998926.0 998229.0 998315.0 981899.0 995324.0 1002039.0 1003986.0 1010329.0 998697.0 996029.0 1002006.0 997080.0 1016453.0 1010564.0 988010.0 1004212.0 995399.0 1006249.0 998945.0 997240.0 993134.0 991763.0 1003536.0 997883.0 1007165.0 969385.0 996803.0 1005301.0 987962.0 989756.0 989043.0 998738.0 995864.0 1007301.0 991859.0 1001520.0 1019241.0 998017.0 1005367.0 998045.0 995720.0 1006190.0 1000906.0 998381.0 996341.0 997283.0 1005581.0 1000203.0 990725.0 1008284.0 1005037.0 997427.0 1005591.0 1010597.0 999563.0 1009914.0 990107.0 997840.0 992950.0 1008568.0 997053.0 989785.0 1011620.0 987373.0 999917.0 997655.0 1017837.0 999367.0 991651.0 1004257.0 1014635.0 989467.0 1013011.0 1000263.0 1006463.0 1005054.0 999092.0 1015767.0 999723.0 987900.0 1009111.0 996031.0 997641.0 1005352.0 991181.0 1006899.0 1002030.0 996104.0 997636.0 1005974.0 984327.0 1002904.0 992419.0 1002526.0 1013887.0 1010352.0 987681.0 1009031.0 990103.0 980684.0 1000457.0 1003062.0 995062.0 1007031.0 1002956.0 996811.0 999344.0 1011933.0 995931.0 1002552.0 1000201.0 994021.0 993242.0 999679.0 1004824.0 988890.0 1000304.0 992774.0 1003147.0 1007410.0 989652.0 1001260.0 1003066.0 990118.0 983622.0 1002620.0 1001876.0 999650.0 1004185.0 1014969.0 988920.0 987157.0 992372.0 981346.0 996997.0 981228.0 1007242.0 1001724.0 999653.0 984085.0 1006503.0 989801.0 1015530.0 993393.0 1001697.0 994339.0 994701.0 1001695.0 1005160.0 1013517.0 992386.0 1007130.0 998245.0 1011222.0 1007428.0 1000022.0 1000111.0 996051.0 991924.0 1004905.0 998875.0 994330.0 999404.0 1006888.0 994953.0 1012297.0 993119.0 1007857.0 997833.0 988410.0 993732.0 1005393.0 995567.0 993873.0 996038.0 990183.0 1009084.0 1003802.0 997125.0 1011510.0 1010909.0 998565.0 997485.0 1008758.0 990619.0 1005935.0 1005951.0 996755.0 991287.0 1000977.0 998768.0 987488.0 1001458.0 1019724.0 992175.0 1000546.0 1001072.0 992557.0 985472.0 997176.0 1005324.0 1001759.0 1002969.0 995448.0 1005417.0 999675.0 994920.0 991913.0 982964.0 1003057.0 1004498.0 998395.0 998716.0 997643.0 994380.0 1010465.0 995626.0 999741.0 993979.0 1007990.0 1006011.0 992618.0 1005484.0 999342.0 1001800.0 997199.0 1002611.0 997387.0 999608.0 1015112.0 991951.0 997890.0 1014201.0 999933.0 1001243.0 997731.0 1011736.0 995919.0 997230.0 990548.0 1009076.0 1003227.0 984212.0 1005388.0 1002675.0 1002187.0 1016891.0 1004887.0 1014320.0 995423.0 986850.0 990416.0 992106.0 987008.0 999858.0 995158.0 986189.0 997640.0 987975.0 991991.0 991259.0 995634.0 997292.0 1017106.0 996088.0 995069.0 993951.0 997557.0 1006506.0 992894.0 1006011.0 1010900.0 999973.0 989691.0 997751.0 985638.0 994771.0 998338.0 990495.0 997283.0 1009483.0 996346.0 1001412.0 1006108.0 1002013.0 1005239.0 995091.0 1001846.0 1002615.0 995894.0 1018464.0 1002380.0 993690.0 992569.0 998494.0 1000499.0 1000059.0 992572.0 998149.0 991852.0 993581.0 987785.0 995991.0 998439.0 992957.0 1009789.0 1006222.0 994587.0 991554.0 993413.0 998375.0 998950.0 1000623.0 997295.0 1009625.0 995885.0 993354.0 1007873.0 998226.0 988674.0 994514.0 998564.0 996238.0 1000704.0 1007061.0 983997.0 1011142.0 999989.0 1002682.0 996436.0 1006780.0 996652.0 998522.0 1006174.0 998730.0 1008990.0 1005977.0 1011467.0 994847.0 999959.0 970967.0 1007279.0 1020272.0 998207.0 999814.0 1002140.0 1003717.0 1015810.0 1002334.0 998144.0 990489.0 993350.0 996773.0 1002180.0 996331.0 999535.0 1000410.0 1001451.0 996924.0 999522.0 1000916.0 995825.0 1008232.0 1009299.0 1009244.0 980620.0 996105.0 988160.0 1003519.0 993805.0 997568.0 1009994.0 997189.0 994643.0 1000663.0 1002673.0 1001219.0 1012396.0 989093.0 999324.0 1006326.0 993862.0 1009481.0 1010430.0 1004793.0 998035.0 1005007.0 997035.0 1009982.0 988157.0 991301.0 999421.0 999066.0 1008302.0 1006077.0 997541.0 1004442.0 992454.0 991869.0 994253.0 993615.0 999160.0 1012223.0 996719.0 1003763.0 1003869.0 1005188.0 1016826.0 994589.0 992941.0 998236.0 1005503.0 999978.0 1005664.0 993174.0 987842.0 999101.0 991463.0 993713.0 1000745.0 991629.0 998341.0 997641.0 1006830.0 1002092.0 997307.0 997388.0 995410.0 1002168.0 999615.0 1000772.0 1004738.0 1004767.0 993903.0 996238.0 1000901.0 992619.0 1007493.0 1002597.0 1010375.0 993453.0 997539.0 998346.0 999719.0 1010329.0 1003177.0 1016224.0 990248.0 996379.0 987858.0 1006293.0 996125.0 997783.0 1019946.0 992361.0 1001089.0 992397.0 988560.0 1003380.0 1000638.0 997876.0 992235.0 1012432.0 1001853.0 1000868.0 1004694.0 1011358.0 1007010.0 1008003.0 1004253.0 998567.0 986463.0 1010897.0 1007755.0 996692.0 1005942.0 1007778.0 1008167.0 998973.0 1004138.0 995945.0 1004551.0 1004665.0 1001303.0 1010258.0 996050.0 1010708.0 1006001.0 992944.0 1010150.0 996112.0 1002157.0 997897.0 1000112.0 1005574.0 1007069.0 997305.0 992140.0 992792.0 999704.0 998448.0 994304.0 998764.0 1005605.0 1007518.0 988648.0 1011016.0 1003904.0 1011374.0 1006263.0 1006184.0 998469.0 1005321.0 991972.0 1009932.0 988234.0 1010608.0 1014605.0 992980.0 1002916.0 997331.0 994661.0 994907.0 1007818.0 995495.0 992439.0 996340.0 997774.0 1004883.0 1004498.0 1004825.0 1003562.0 1016689.0 991517.0 1009259.0 1012355.0 980576.0 998174.0 993501.0 1012669.0 999875.0 994207.0 1001262.0 999130.0 988859.0 994900.0 1008147.0 1002743.0 1000119.0 997511.0 1018238.0 1004539.0 1010107.0 998967.0 1015476.0 1006944.0 999577.0 1006108.0 1000798.0 994036.0 1001086.0 988283.0 998606.0 996595.0 1000727.0 1002726.0 997355.0 991728.0 997773.0 999435.0 1009894.0 1013443.0 1007005.0 996429.0 996856.0 1008980.0 1001696.0 1001546.0 989364.0 1008354.0 999068.0 1010275.0 981795.0 996224.0 1013703.0 996424.0 1003187.0 1004361.0 1004668.0 1001786.0 1001874.0 1000970.0 993977.0 988310.0 1002209.0 989903.0 1008916.0 1001619.0 994759.0 1002172.0 1005411.0 1010903.0 1006557.0 1002727.0 993776.0 997455.0 998123.0 991414.0 1002230.0 994432.0 1005547.0 1007193.0 1000776.0 991597.0 1002781.0 1009221.0 1005357.0 1004495.0 980769.0 1005456.0 989946.0 999458.0 1000145.0 1007291.0 1002632.0 999120.0 979134.0 996064.0 1002292.0 1016287.0 994040.0 1004886.0 996084.0 999610.0 997865.0 993254.0 991730.0 1002012.0 988157.0 996863.0 1008233.0 1012289.0 1002116.0 993931.0 998444.0 1008572.0 1003861.0 991889.0 1009375.0 1008202.0 1012127.0 1001809.0 1003646.0 998627.0 992905.0 996571.0 1000192.0 1016092.0 993956.0 993059.0 1002357.0 1008163.0 1001607.0 1002284.0 987814.0 1000791.0 990268.0 1008326.0 1007145.0 992759.0 1002944.0 992058.0 1015737.0 995687.0 984580.0 1011163.0 991623.0 997334.0 1010699.0 981663.0 1011664.0 1003342.0 1003533.0 1006030.0 999183.0 1002414.0 1003845.0 993368.0 999563.0 1002810.0 1002125.0 997232.0 1004178.0 1002920.0 988575.0 998241.0 999257.0 994970.0 1001387.0 1011914.0 1009320.0 1006324.0 990029.0 991435.0 1001951.0 994095.0 993449.0 994107.0 997111.0 1003586.0 999259.0 1007858.0 997713.0 1007272.0 1000493.0 998412.0 996381.0 1010204.0 992766.0 999933.0 1000583.0 999562.0 997710.0 1000719.0 996623.0 1001162.0 1012714.0 993432.0 996851.0 997317.0 1000942.0 995768.0 991421.0 998220.0 994012.0 1001432.0 1007537.0 995178.0 995065.0 1001756.0 988373.0 998598.0 986659.0 1015943.0 1005083.0 993847.0 990692.0 997829.0 999846.0 1003296.0 1018004.0 1009168.0 1002993.0 992076.0 1008803.0 1011321.0 991301.0 988592.0 983787.0 992863.0 989397.0 1004454.0 1027236.0 999732.0 996130.0 994157.0 994371.0 989251.0 1007278.0 1011898.0 1004382.0 995560.0 995685.0 1001271.0 993770.0 1006843.0 1007894.0 1002370.0 992936.0 1002723.0 994399.0 998776.0 1002943.0 991997.0 995672.0 1000820.0 1011345.0 1006832.0 1003513.0 1000160.0 994283.0 998206.0 1010990.0 989103.0 998335.0 1013440.0 994331.0 1007626.0 1000213.0 999994.0 991554.0 1005116.0 1002564.0 989863.0 1008978.0 992899.0 993989.0 997878.0 1000548.0 995728.0 994527.0 980976.0 998571.0 991130.0 1001185.0 992441.0 994657.0 1008351.0 1004000.0 1000632.0 1003715.0 1012612.0 984907.0 997770.0 1000704.0 994776.0 1000093.0 988804.0 1000013.0 989058.0 999983.0 1003114.0 1018295.0 1009430.0 1012194.0 994966.0 999890.0 999829.0 995394.0 992112.0 1000696.0 1005566.0 1006684.0 999818.0 1000973.0 1000224.0 1008515.0 1001103.0 1009348.0 1007827.0 989245.0 995974.0 981441.0 989397.0 1001597.0 992403.0 998480.0 1008084.0 1008527.0 999698.0 993100.0 988861.0 1001256.0 991844.0 1004557.0 1002965.0 996480.0 1005950.0 1002798.0 997904.0 992356.0 986722.0 983035.0 1011296.0 996373.0 985650.0 988444.0 1012508.0 1007961.0 1003772.0 995929.0 1000843.0 1006295.0 987841.0 1002856.0 1003335.0 1005458.0 997245.0 1006315.0 992803.0 1004437.0 997433.0 994647.0 994600.0 1000263.0 993684.0 986843.0 1020750.0 1018131.0 972047.0 1003885.0 993011.0 1002787.0 1002452.0 1004536.0 995138.0 1002696.0 993060.0 1001190.0 997301.0 984425.0 997366.0 1005828.0 1000371.0 998355.0 985799.0 998642.0 1009089.0 995200.0 1011508.0 1001198.0 999157.0 992872.0 996710.0 1000742.0 997763.0 1002979.0 991211.0 1000580.0 996015.0 982951.0 991669.0 1005091.0 1002334.0 1007593.0 1005054.0 1001991.0 996761.0 1015720.0 1012032.0 1007484.0 994720.0 1001049.0 1000611.0 1013101.0 1004456.0 983713.0 984052.0 1010527.0 985703.0 989365.0 1020041.0 1008598.0 995248.0 1000690.0 985592.0 1006882.0 993632.0 999749.0 1011036.0 1004035.0 998956.0 1002423.0 994387.0 995654.0 981508.0 994746.0 1002142.0 1004158.0 1003991.0 997606.0 1007295.0 992799.0 986664.0 1000196.0 989353.0 1001106.0 981396.0 994456.0 992369.0 992446.0 1004119.0 988191.0 1000573.0 1019192.0 1006441.0 1012684.0 999693.0 998557.0 995956.0 1005582.0 996917.0 1003578.0 1005698.0 1007720.0 1000345.0 997138.0 999424.0 984041.0 998341.0 991965.0 1011338.0 999670.0 994820.0 1009210.0 1006409.0 995941.0 1008399.0 992083.0 994539.0 999119.0 1007154.0 1003100.0 1013508.0 1014490.0 1004841.0 1001137.0 1006099.0 1000912.0 1003151.0 990060.0 988436.0 993624.0 1003839.0 997905.0 1002485.0 989642.0 1000797.0 1006367.0 989542.0 987182.0 1000438.0 986205.0 995113.0 999152.0 996108.0 999114.0 1010699.0 1011318.0 1002188.0 1002645.0 1001344.0 1001867.0 1004905.0 1007361.0 1000133.0 1011843.0 983979.0 1003796.0 1000904.0 1011462.0 1011002.0 998970.0 1004339.0 1003954.0 1017123.0 996091.0 998492.0 1000343.0 987659.0 999525.0 1000082.0 1002960.0 998881.0 1014166.0 995913.0 984296.0 1008494.0 1001127.0 996045.0 1001943.0 1006369.0 1001110.0 999296.0 1004184.0 997665.0 988287.0 1006340.0 1008476.0 1004773.0 1017247.0 1014444.0 1006511.0 998672.0 999055.0 1004402.0 996638.0 995105.0 1000613.0 1000381.0 1013492.0 1006908.0 988585.0 1001972.0 998531.0 987740.0 995228.0 989132.0 1000615.0 991581.0 988474.0 992514.0 1001720.0 997849.0 1006357.0 993175.0 997261.0 989565.0 1002167.0 994197.0 984498.0 998517.0 1006710.0 1006048.0 992583.0 1000044.0 997620.0 1005481.0 999420.0 1003271.0 996673.0 998685.0 996375.0 995793.0 1004992.0 1002526.0 1001284.0 997516.0 1010011.0 1000207.0 1008319.0 1008839.0 999510.0 990980.0 1000593.0 1001629.0 1001668.0 1003075.0 1010761.0 1004954.0 1003402.0 1007780.0 994599.0 1006624.0 995023.0 1007669.0 994292.0 1003292.0 985517.0 999675.0 988375.0 1007590.0 1006640.0 1007146.0 996586.0 1005919.0 1000875.0 1009683.0 994484.0 992860.0 997858.0 992222.0 1002342.0 1004720.0 1005876.0 1003892.0 1008703.0 990896.0 1000828.0 993298.0 1000612.0 1004693.0 996464.0 1008330.0 1007037.0 1007845.0 1005202.0 986669.0 998148.0 1007474.0 994428.0 990484.0 990991.0 989999.0 1003310.0 1001496.0 984125.0 1007429.0 1008012.0 992099.0 992855.0 996316.0 999629.0 996768.0 995308.0 994504.0 998725.0 998643.0 998611.0 1003890.0 1008068.0 1004589.0 996434.0 993386.0 999535.0 1000811.0 1003694.0 1007510.0 993149.0 1000654.0 1003481.0 993861.0 1000197.0 1005591.0 999589.0 999622.0 999416.0 987177.0 997942.0 1010004.0 1006339.0 994339.0 992243.0 1005293.0 996891.0 1006004.0 999731.0 993417.0 1000410.0 1006143.0 990899.0 1006488.0 999758.0 1002973.0 990385.0 999249.0 1007397.0 998901.0 1004723.0 985486.0 1006080.0 999631.0 1001780.0 990886.0 1002588.0 997636.0 999860.0 1001815.0 1016951.0 1011096.0 989173.0 995109.0 1001887.0 1002899.0 1010467.0 995000.0 1004488.0 991487.0 1003739.0 1017059.0 1013022.0 990650.0 994890.0 992859.0 992604.0 1000568.0 1002310.0 982996.0 1007098.0 1002164.0 1012246.0 998443.0 991743.0 1001819.0 991750.0 996265.0 988961.0 990102.0 993418.0 1003160.0 995522.0 1007762.0 1000462.0 993993.0 998406.0 1007364.0 989353.0 997893.0 998847.0 987308.0 991552.0 994853.0 990220.0 993694.0 1012762.0 996951.0 1003154.0 976314.0 997997.0 1006396.0 1010514.0 990564.0 992208.0 1000080.0 989879.0 1007468.0 997952.0 1004336.0 1008480.0 997892.0 1001020.0 990466.0 994395.0 1006166.0 995015.0 1000396.0 1003843.0 993958.0 991654.0 1020746.0 1006174.0 998213.0 996372.0 1003162.0 1008737.0 1019107.0 1002283.0 1006459.0 1004213.0 1004819.0 1004299.0 1000985.0 1004090.0 997853.0 998979.0 1011349.0 1014243.0 998694.0 996558.0 1001721.0 1000323.0 992829.0 1001757.0 1003094.0 990332.0 1002047.0 997709.0 987636.0 990649.0 1002269.0 1004292.0 995947.0 995015.0 989552.0 1001154.0 996566.0 999621.0 1007811.0 1001548.0 1001937.0 1006470.0 1005308.0 1011653.0 992371.0 1012848.0 1000998.0 1003627.0 1006874.0 1003700.0 995945.0 1009979.0 997189.0 1004685.0 983991.0 994472.0 1000004.0 994292.0 995863.0 992914.0 987308.0 1009852.0 1000440.0 1006291.0 995553.0 1003664.0 1006209.0 1009085.0 996697.0 1011012.0 1005906.0 998614.0 990568.0 1000464.0 1002782.0 996064.0 1019525.0 1005115.0 991639.0 1001019.0 997433.0 997679.0 1008609.0 998342.0 1005476.0 998882.0 997316.0 1003490.0 996372.0 988836.0 1000110.0 1005047.0 999551.0 999361.0 994416.0 1004095.0 1006653.0 993215.0 1000766.0 993272.0 996627.0 997746.0 1006345.0 1005379.0 1013191.0 995724.0 989200.0 1004799.0 992172.0 999602.0 995033.0 999611.0 1005940.0 995426.0 995094.0 996744.0 995371.0 1012016.0 1008307.0 990323.0 1005166.0 994131.0 994913.0 1006539.0 1002363.0 1001184.0 1001914.0 1001002.0 1011515.0 1000994.0 996612.0 1000978.0 1004616.0 1009504.0 996371.0 998050.0 1008896.0 1001624.0 1003354.0 990606.0 1004868.0 1010295.0 997972.0 995588.0 1008838.0 992525.0 1004197.0 983807.0 1004004.0 1021628.0 997249.0 997934.0 1000486.0 1000116.0 1010564.0 996119.0 998515.0 988437.0 1002719.0 1000092.0 997797.0 998765.0 984634.0 1002620.0 1014745.0 1000244.0 1004666.0 1015739.0 1000108.0 985894.0 1002051.0 1008865.0 1003087.0 997515.0 1010859.0 981392.0 999660.0 990287.0 1006036.0 992349.0 1000590.0 996446.0 990291.0 993277.0 997201.0 1005967.0 1007585.0 999254.0 994805.0 992074.0 1003595.0 999816.0 1018027.0 991715.0 1004630.0 1003527.0 1000127.0 1001989.0 996221.0 1010169.0 991297.0 1008829.0 1003754.0 999378.0 1000764.0 999339.0 995560.0 1005716.0 1002315.0 1014075.0 1011983.0 1005241.0 992643.0 988218.0 1004576.0 998941.0 1001325.0 988057.0 1010051.0 1006376.0 991561.0 993681.0 1003954.0 1002309.0 994812.0 1009465.0 1001994.0 998405.0 1002833.0 1010512.0 1008572.0 1004210.0 1004986.0 1006338.0 993555.0 997587.0 986840.0 990102.0 996110.0 1002560.0 1005219.0 1013036.0 1002347.0 1000840.0 1010008.0 1005904.0 1002569.0 983971.0 996259.0 997635.0 1000450.0 1000915.0 987618.0 999356.0 987601.0 1004422.0 999963.0 1000570.0 995813.0 1004914.0 1000325.0 1004964.0 999670.0 1002049.0 1016561.0 984873.0 1007777.0 994402.0 997225.0 996824.0 987791.0 1008072.0 997973.0 998521.0 988871.0 988756.0 1001880.0 1012200.0 1005111.0 992578.0 985616.0 1009843.0 991116.0 1008226.0 1010571.0 1004685.0 1003039.0 997554.0 ]

10001 actual elapsed

T=784927, R=0, W=0
T=1223281, R=0, W=0
T=994513, R=0, W=0
T=1206401, R=0, W=0
T=1175268, R=0, W=0
T=1278584, R=0, W=0
T=1424188, R=0, W=0
T=914637, R=0, W=0
T=1167499, R=0, W=0
T=1413853, R=0, W=0
T=1391167, R=0, W=0
T=1168406, R=0, W=0
T=1360065, R=0, W=0
T=1068939, R=0, W=0
T=618699, R=0, W=0
T=886312, R=0, W=0
T=1139615, R=0, W=0
T=918863, R=0, W=0
T=1046614, R=0, W=0
T=1399991, R=0, W=0
T=1107378, R=0, W=0
T=868166, R=0, W=0
T=1064020, R=0, W=0
T=986552, R=0, W=0
T=1038833, R=0, W=0
T=1001231, R=0, W=0
T=1533879, R=0, W=0
T=1493021, R=0, W=0
T=1120190, R=0, W=0
T=1211048, R=0, W=0
T=1586418, R=0, W=0
T=851038, R=0, W=0
T=1451185, R=0, W=0
T=1322487, R=0, W=0
T=1189668, R=0, W=0
T=1370358, R=0, W=0
T=1511389, R=0, W=0
T=1148242, R=0, W=0
T=987173, R=0, W=0
T=1263134, R=0, W=0
T=1071346, R=0, W=0
T=1063289, R=0, W=0
T=1279139, R=0, W=0
T=1124298, R=0, W=0
T=957580, R=0, W=0
T=950135, R=0, W=0
T=1119442, R=0, W=0
T=1113602, R=0, W=0
T=1636929, R=0, W=0
T=1379204, R=0, W=0
T=1002221, R=0, W=0
T=1536614, R=0, W=0
T=1226110, R=0, W=0
T=868476, R=0, W=0
T=1014563, R=0, W=0
T=1189477, R=0, W=0
T=1110105, R=0, W=0
T=1151447, R=0, W=0
T=1056092, R=0, W=0
T=1391964, R=0, W=0
T=1809484, R=0, W=0
T=1051570, R=0, W=0
T=1231659, R=0, W=0
T=1212532, R=0, W=0

TOTAL: T=75234510, R=0, W=0
--- 55,861 MB collected in 0.118 secs (0.8% of total), longest GC took 0.006 secs
DATA gc:  total_k 57202072  total_secs 0.118349  max_secs 0.005582
