startup =       4000
elapsed =       10000
threads =       8
accounts =      256
init =          1000000
maxAmount =     10
readFreq =      0
writeFreq =     0
readThreads =   0
writeThreads =  0
disjointTrans = false
yieldALot =     false
flavour =       d

warming up
timed execution

TOTAL=2.55999952E8 [ 1005144.0 1004421.0 1001544.0 977595.0 998505.0 1008229.0 1011058.0 1012376.0 999947.0 992295.0 1009952.0 994192.0 992443.0 975441.0 992929.0 1001468.0 998838.0 1013334.0 1000162.0 988844.0 1005392.0 1003136.0 993598.0 1010754.0 998520.0 991206.0 997832.0 1009860.0 999951.0 1014558.0 1006819.0 1003189.0 994806.0 1003852.0 1008347.0 1004456.0 990147.0 1000328.0 1007398.0 987234.0 991136.0 1012986.0 1002968.0 1013102.0 1009187.0 970206.0 1009726.0 1017004.0 1004131.0 983694.0 993445.0 1003906.0 997395.0 1014904.0 996898.0 985445.0 1004045.0 995764.0 986691.0 1018890.0 989753.0 1002952.0 999047.0 1011728.0 997903.0 995969.0 1001393.0 989033.0 992469.0 1003909.0 1001266.0 1015995.0 994407.0 997127.0 1005991.0 1008480.0 987667.0 983896.0 992453.0 1007706.0 993570.0 983950.0 984575.0 1000351.0 996605.0 996802.0 995507.0 1027591.0 999665.0 998754.0 1007297.0 993431.0 998428.0 990132.0 995145.0 999519.0 991839.0 1009830.0 993940.0 1003120.0 995414.0 999336.0 1001021.0 1005862.0 997067.0 986823.0 996874.0 1002259.0 995111.0 1013390.0 990008.0 990301.0 1000674.0 1014792.0 991635.0 1002298.0 993603.0 1029853.0 1005348.0 1000619.0 1000725.0 1017653.0 1002811.0 991209.0 994930.0 990661.0 985058.0 1011631.0 992999.0 1000761.0 1014016.0 1002748.0 999330.0 1002492.0 1013715.0 1012623.0 989981.0 989667.0 1001382.0 1008708.0 1020417.0 1006388.0 992607.0 1024948.0 996670.0 991747.0 990522.0 985849.0 997134.0 1001581.0 1014326.0 990898.0 1010095.0 1005531.0 1015232.0 1002399.0 1010847.0 1002115.0 992089.0 1004439.0 970319.0 981613.0 992865.0 1002626.0 998990.0 1019363.0 994833.0 996894.0 999919.0 1006147.0 991022.0 992188.0 1008514.0 996988.0 991572.0 1004091.0 1001840.0 989544.0 995390.0 995488.0 979075.0 1022102.0 1013114.0 1003343.0 991348.0 1002452.0 982000.0 983016.0 1013222.0 1022656.0 997047.0 998751.0 1015601.0 1002580.0 997672.0 984199.0 1018351.0 988527.0 1010746.0 1010486.0 994268.0 985770.0 1020510.0 980678.0 999797.0 1018517.0 1008896.0 994172.0 1000934.0 979849.0 998305.0 998842.0 1025485.0 999740.0 996798.0 1005031.0 986368.0 998808.0 989145.0 1009541.0 981895.0 1000005.0 990820.0 1005937.0 995122.0 991764.0 1007507.0 1002268.0 983651.0 1003784.0 993592.0 1016164.0 995872.0 1005122.0 991934.0 993936.0 993686.0 1012684.0 1004433.0 1010954.0 1023606.0 1003798.0 996807.0 983825.0 983969.0 989244.0 981740.0 1019652.0 992283.0 998462.0 1019107.0 986428.0 1000807.0 1004274.0 1004160.0 1020720.0 ]

10001 actual elapsed

T=6060460, R=0, W=0
T=4720450, R=0, W=0
T=5727731, R=0, W=0
T=5246279, R=0, W=0
T=5113726, R=0, W=0
T=5797327, R=0, W=0
T=5895894, R=0, W=0
T=5582894, R=0, W=0

TOTAL: T=44144761, R=0, W=0
--- 29,164 MB collected in 0.041 secs (0.3% of total), longest GC took 0.002 secs
DATA gc:  total_k 29864941  total_secs 0.0414  max_secs 0.002397
