startup =       20000
elapsed =       10000
threads =       128
accounts =      128
init =          1000000
maxAmount =     10
readFreq =      0
writeFreq =     0
readThreads =   0
writeThreads =  0
disjointTrans = false
yieldALot =     false
flavour =       t

warming up
timed execution

TOTAL=1.28000016E8 [ 1002355.0 1003520.0 1008516.0 1001633.0 996550.0 998001.0 1006501.0 1008218.0 1001772.0 1001876.0 1003756.0 1006715.0 1006636.0 1003417.0 1002007.0 998876.0 997806.0 996264.0 990449.0 999446.0 1001003.0 998053.0 1004321.0 1000532.0 999412.0 1001471.0 1000640.0 997413.0 993557.0 998579.0 999030.0 996576.0 1001815.0 993893.0 1005847.0 1000608.0 1004360.0 1001454.0 995271.0 996847.0 1005398.0 998134.0 996063.0 997143.0 997898.0 1001351.0 998647.0 995096.0 1001205.0 1011017.0 996642.0 1004219.0 997532.0 991385.0 1004126.0 996885.0 994996.0 1002561.0 1001744.0 999065.0 996283.0 996616.0 1005259.0 1003644.0 999317.0 1000587.0 997594.0 1002552.0 1005710.0 1002912.0 988913.0 998932.0 994664.0 999464.0 996877.0 997492.0 996068.0 1001328.0 1000676.0 995438.0 996742.0 997915.0 997433.0 1001237.0 998285.0 997552.0 1006864.0 1006068.0 997814.0 1005092.0 1004798.0 1003102.0 1000604.0 1002820.0 998859.0 994022.0 999469.0 998370.0 1002718.0 992542.0 1002573.0 990696.0 1003139.0 1002798.0 1002182.0 1001425.0 996388.0 993207.0 1006570.0 1003920.0 998716.0 999642.0 999960.0 994993.0 996068.0 996706.0 999788.0 1004630.0 1000974.0 1000727.0 1002105.0 1001120.0 997218.0 995815.0 999821.0 1002058.0 1002017.0 1006009.0 ]

10015 actual elapsed

T=65888, R=0, W=0
T=75074, R=0, W=0
T=75376, R=0, W=0
T=72685, R=0, W=0
T=66003, R=0, W=0
T=74950, R=0, W=0
T=76126, R=0, W=0
T=73495, R=0, W=0
T=65742, R=0, W=0
T=74922, R=0, W=0
T=75775, R=0, W=0
T=74196, R=0, W=0
T=66526, R=0, W=0
T=75123, R=0, W=0
T=76048, R=0, W=0
T=73934, R=0, W=0
T=66025, R=0, W=0
T=75105, R=0, W=0
T=75704, R=0, W=0
T=73208, R=0, W=0
T=66027, R=0, W=0
T=74767, R=0, W=0
T=75872, R=0, W=0
T=73854, R=0, W=0
T=65639, R=0, W=0
T=74562, R=0, W=0
T=75947, R=0, W=0
T=73514, R=0, W=0
T=66078, R=0, W=0
T=74555, R=0, W=0
T=75110, R=0, W=0
T=74619, R=0, W=0
T=66314, R=0, W=0
T=38144, R=0, W=0
T=7974, R=0, W=0
T=72531, R=0, W=0
T=66015, R=0, W=0
T=75759, R=0, W=0
T=76031, R=0, W=0
T=73980, R=0, W=0
T=65360, R=0, W=0
T=74553, R=0, W=0
T=74869, R=0, W=0
T=72375, R=0, W=0
T=65170, R=0, W=0
T=74135, R=0, W=0
T=75734, R=0, W=0
T=74265, R=0, W=0
T=66569, R=0, W=0
T=73921, R=0, W=0
T=74909, R=0, W=0
T=73515, R=0, W=0
T=67019, R=0, W=0
T=75591, R=0, W=0
T=75459, R=0, W=0
T=73763, R=0, W=0
T=74995, R=0, W=0
T=76373, R=0, W=0
T=65049, R=0, W=0
T=74487, R=0, W=0
T=74880, R=0, W=0
T=76344, R=0, W=0
T=65692, R=0, W=0
T=73046, R=0, W=0
T=75668, R=0, W=0
T=76432, R=0, W=0
T=65811, R=0, W=0
T=73895, R=0, W=0
T=74932, R=0, W=0
T=76070, R=0, W=0
T=66335, R=0, W=0
T=73471, R=0, W=0
T=73590, R=0, W=0
T=76106, R=0, W=0
T=66061, R=0, W=0
T=73815, R=0, W=0
T=74746, R=0, W=0
T=76159, R=0, W=0
T=66266, R=0, W=0
T=73220, R=0, W=0
T=74428, R=0, W=0
T=76144, R=0, W=0
T=65875, R=0, W=0
T=73876, R=0, W=0
T=7613, R=0, W=0
T=75890, R=0, W=0
T=66248, R=0, W=0
T=73692, R=0, W=0
T=74690, R=0, W=0
T=76330, R=0, W=0
T=65572, R=0, W=0
T=73928, R=0, W=0
T=74603, R=0, W=0
T=76800, R=0, W=0
T=66043, R=0, W=0
T=73531, R=0, W=0
T=74482, R=0, W=0
T=75751, R=0, W=0
T=66260, R=0, W=0
T=73161, R=0, W=0
T=73914, R=0, W=0
T=76739, R=0, W=0
T=65533, R=0, W=0
T=73648, R=0, W=0
T=74511, R=0, W=0
T=75889, R=0, W=0
T=65495, R=0, W=0
T=73604, R=0, W=0
T=75441, R=0, W=0
T=75744, R=0, W=0
T=65990, R=0, W=0
T=74207, R=0, W=0
T=74447, R=0, W=0
T=75461, R=0, W=0
T=66382, R=0, W=0
T=74748, R=0, W=0
T=75326, R=0, W=0
T=75960, R=0, W=0
T=66011, R=0, W=0
T=74224, R=0, W=0
T=74727, R=0, W=0
T=76390, R=0, W=0
T=66061, R=0, W=0
T=73961, R=0, W=0
T=74479, R=0, W=0
T=75872, R=0, W=0
T=66686, R=0, W=0
T=73864, R=0, W=0

TOTAL: T=9120078, R=0, W=0
--- 12894 MB collected in 2.391 secs (7.4% of total), longest GC took 0.155 secs
DATA gc:  total_k 13204423  total_secs 2.39112  max_secs 0.155406
