startup =       4000
elapsed =       10000
threads =       64
accounts =      2048
init =          1000000
maxAmount =     10
readFreq =      0
writeFreq =     0
readThreads =   0
writeThreads =  0
disjointTrans = false
yieldALot =     false
flavour =       rfw

warming up
timed execution

TOTAL=2.04800205E9 [ 1000892.0 1004655.0 987350.0 1003165.0 997603.0 1004115.0 988841.0 1001208.0 995402.0 993601.0 1003652.0 989026.0 1001868.0 1006418.0 993118.0 972384.0 1012130.0 984261.0 1002590.0 984977.0 994267.0 993387.0 993287.0 1007112.0 1008575.0 1010600.0 996732.0 1010731.0 1005388.0 988778.0 1006415.0 988592.0 1006135.0 1015123.0 1010895.0 1005183.0 999472.0 999838.0 1005813.0 998082.0 1004520.0 1011813.0 997369.0 999679.0 997264.0 1005084.0 1002353.0 974518.0 1009181.0 988170.0 1010794.0 992731.0 991509.0 1003921.0 996090.0 997820.0 996069.0 988935.0 987847.0 1012790.0 997595.0 1013474.0 998564.0 993420.0 999584.0 999134.0 980282.0 1001382.0 989815.0 997437.0 1000760.0 1005567.0 999442.0 999058.0 1001017.0 990088.0 1006388.0 999684.0 1000146.0 984742.0 998825.0 994426.0 1001151.0 1002068.0 1004338.0 994001.0 996704.0 1001921.0 991013.0 1012568.0 996848.0 998280.0 998853.0 990457.0 1000785.0 1010734.0 999240.0 1007985.0 1006125.0 992724.0 994911.0 994875.0 994273.0 992286.0 1004194.0 991813.0 1002833.0 990972.0 1018865.0 1001223.0 1007153.0 1001779.0 1003121.0 1008858.0 1002572.0 1003357.0 1008671.0 1000474.0 1010336.0 989372.0 989718.0 993993.0 1005662.0 1004820.0 1005791.0 995754.0 1012233.0 999413.0 1009149.0 991043.0 986409.0 998109.0 993741.0 1000528.0 1004982.0 983867.0 992770.0 1001550.0 996771.0 1004921.0 1000918.0 1001891.0 1018587.0 1005945.0 1000790.0 1007456.0 998353.0 1011606.0 1003247.0 1000198.0 1017157.0 997222.0 992949.0 1005123.0 1017455.0 1001531.0 998283.0 990326.0 997921.0 1010315.0 984919.0 1009129.0 996176.0 1007837.0 984878.0 992360.0 1002014.0 1013544.0 1003790.0 994353.0 1000863.0 985226.0 1011759.0 994603.0 1016772.0 997165.0 1002178.0 1019121.0 1009572.0 999920.0 1006050.0 1001923.0 999145.0 998881.0 997264.0 1004799.0 986821.0 989411.0 1001393.0 999853.0 1002465.0 1001205.0 1012229.0 1000866.0 993766.0 983112.0 1009747.0 991176.0 1000606.0 1010253.0 988785.0 997195.0 1002245.0 1004708.0 995176.0 998913.0 999228.0 1002321.0 1000440.0 1002133.0 999061.0 1001600.0 1020291.0 999819.0 997816.0 993606.0 1001039.0 994728.0 1003032.0 993070.0 1001539.0 995321.0 999821.0 1002204.0 1010588.0 1002384.0 996619.0 995949.0 992165.0 998397.0 1008752.0 997202.0 1006670.0 1004248.0 1002790.0 1007656.0 994833.0 1000202.0 995304.0 1001597.0 1012271.0 996302.0 1011716.0 1001187.0 1000456.0 992598.0 992895.0 988429.0 1008481.0 993182.0 1010164.0 1004397.0 1003517.0 992701.0 989920.0 996148.0 992348.0 1012293.0 995956.0 998231.0 991843.0 996580.0 995870.0 993693.0 1015539.0 988502.0 1003181.0 996620.0 1002824.0 985454.0 1006223.0 1003979.0 990402.0 1000533.0 1005370.0 987509.0 992672.0 1010167.0 1013075.0 1005559.0 994608.0 999256.0 999048.0 1005202.0 996505.0 1003985.0 990712.0 1000268.0 1005045.0 1005128.0 990728.0 994643.0 992719.0 980356.0 1000524.0 999889.0 1002105.0 991934.0 994433.0 996825.0 1004049.0 984660.0 1004884.0 997157.0 995731.0 1007433.0 1011328.0 1001397.0 1005916.0 1002051.0 986908.0 995607.0 1014976.0 1004972.0 1001662.0 986314.0 987536.0 1000044.0 1008749.0 1000264.0 989009.0 992908.0 1005846.0 996246.0 1006700.0 1000375.0 1006670.0 998010.0 1003764.0 990443.0 1004648.0 1003601.0 992907.0 1007157.0 1000592.0 993829.0 999750.0 1009042.0 999891.0 991797.0 995562.0 998725.0 998011.0 1002553.0 998524.0 995703.0 996753.0 989046.0 1000786.0 994902.0 991063.0 1009559.0 994715.0 1007942.0 992021.0 999592.0 987800.0 993555.0 1002173.0 1007832.0 993671.0 1006379.0 1011211.0 1003477.0 1001690.0 1001683.0 1004691.0 978568.0 1003124.0 1005522.0 993712.0 990740.0 994910.0 1004143.0 990157.0 996964.0 987683.0 1001066.0 1008741.0 995939.0 1003705.0 1002831.0 1008141.0 993566.0 993498.0 997815.0 999167.0 987226.0 1008112.0 1000170.0 1004360.0 998938.0 1000865.0 991727.0 988433.0 1005693.0 993792.0 979932.0 992310.0 1002573.0 988305.0 1001059.0 1007153.0 989407.0 1004862.0 1008284.0 995071.0 999690.0 998922.0 998570.0 1007339.0 1009392.0 1007368.0 993546.0 996455.0 1013862.0 1008495.0 987697.0 1008958.0 1014260.0 995503.0 993985.0 987937.0 994221.0 999870.0 988276.0 1002700.0 994215.0 991403.0 979762.0 1002286.0 992683.0 1014906.0 1001617.0 989889.0 994209.0 1011866.0 1004407.0 997843.0 1000504.0 985712.0 994410.0 998621.0 1004956.0 1000052.0 1015544.0 1018806.0 994213.0 999434.0 986537.0 993157.0 1001931.0 1011075.0 999600.0 990882.0 1003197.0 1002192.0 992289.0 1000770.0 998659.0 986437.0 979940.0 1002567.0 998380.0 999809.0 998521.0 1005028.0 1011680.0 1003812.0 997006.0 1003669.0 1001682.0 1005477.0 1011993.0 996823.0 996277.0 998156.0 1003554.0 1009662.0 1001714.0 997127.0 991920.0 1006733.0 1010164.0 996854.0 1009674.0 1004608.0 1000462.0 999146.0 982441.0 997816.0 1012978.0 998392.0 1004038.0 995511.0 1000059.0 1005199.0 1004880.0 992092.0 995276.0 1008754.0 992831.0 1003027.0 1004373.0 1004078.0 1006100.0 1011240.0 996358.0 995599.0 991691.0 990501.0 998740.0 995004.0 999327.0 996666.0 996455.0 994074.0 990047.0 997325.0 1003660.0 1009598.0 999009.0 996964.0 1000903.0 1000238.0 996808.0 996808.0 1004868.0 1004567.0 1002949.0 1006915.0 1008075.0 998193.0 987592.0 985480.0 1012357.0 987859.0 994223.0 1000281.0 1008432.0 1011293.0 999108.0 999737.0 987273.0 1002146.0 984411.0 987177.0 996434.0 1010698.0 1016772.0 986708.0 984228.0 997265.0 1000941.0 987404.0 1001344.0 997014.0 1009551.0 1002541.0 997553.0 1006660.0 1006021.0 1005934.0 985411.0 993047.0 1005854.0 999490.0 1006171.0 995288.0 993501.0 1016292.0 1002434.0 1007898.0 996112.0 994283.0 992976.0 1001378.0 991370.0 998128.0 998456.0 1010676.0 998894.0 1005836.0 1008829.0 991849.0 1006334.0 1002136.0 1013420.0 1001361.0 1002026.0 997691.0 984688.0 988341.0 996484.0 1010917.0 1006911.0 1001302.0 995475.0 987471.0 1002329.0 999734.0 993702.0 1002979.0 1006495.0 1006692.0 1003663.0 998327.0 999095.0 1000059.0 1006333.0 999531.0 993823.0 997330.0 1008701.0 991765.0 996686.0 1008825.0 993392.0 988958.0 1003723.0 986321.0 994374.0 1004933.0 994375.0 1003625.0 1004373.0 998957.0 990179.0 1007063.0 1000589.0 1011758.0 1002595.0 1013758.0 994196.0 1021828.0 1011971.0 998720.0 995671.0 1007995.0 1001459.0 995175.0 992101.0 1006100.0 1005219.0 998975.0 993672.0 1001129.0 992802.0 993743.0 983648.0 1008486.0 991071.0 1007062.0 1016835.0 1012335.0 1008261.0 991551.0 995409.0 1001625.0 1000850.0 986821.0 1004580.0 995989.0 994088.0 1003125.0 989727.0 993825.0 989608.0 1002445.0 1006087.0 1000456.0 992814.0 1008110.0 1009328.0 1003541.0 997434.0 989105.0 1001129.0 1001540.0 1004253.0 996161.0 1009864.0 999103.0 1011513.0 1004925.0 998852.0 1000900.0 1008511.0 985599.0 989230.0 1006156.0 1006906.0 1005662.0 1008622.0 998091.0 986618.0 1018168.0 1001774.0 995786.0 1003216.0 996098.0 1016296.0 999487.0 1000795.0 1007155.0 1009119.0 1000285.0 1002496.0 1002763.0 1011396.0 987246.0 991411.0 997823.0 996698.0 1007705.0 982635.0 1011197.0 998720.0 1001676.0 1006101.0 1000728.0 986530.0 997735.0 990499.0 993427.0 1006854.0 1007121.0 1006235.0 1002910.0 1001875.0 999442.0 1004412.0 1005831.0 1004887.0 1002745.0 1008841.0 994632.0 1008202.0 1003975.0 998193.0 997578.0 989434.0 996077.0 1006476.0 993887.0 1001020.0 1004685.0 993123.0 1006285.0 994757.0 995910.0 1010599.0 1003721.0 1011737.0 998222.0 996031.0 997673.0 994772.0 995511.0 1005253.0 991927.0 1014149.0 1003986.0 999937.0 993367.0 1000383.0 1005937.0 1002938.0 994072.0 992194.0 999893.0 996850.0 989265.0 1003987.0 990840.0 993869.0 999845.0 996672.0 1000899.0 997623.0 998565.0 997365.0 983048.0 992864.0 1004412.0 987523.0 997485.0 1002995.0 998562.0 992227.0 997580.0 998200.0 997105.0 1006423.0 1008217.0 991762.0 1004083.0 1009568.0 996040.0 992726.0 997321.0 1000161.0 993842.0 1008296.0 1005092.0 1012398.0 999002.0 1002150.0 1019367.0 991305.0 1012307.0 1001078.0 1001123.0 1002465.0 997644.0 989632.0 991607.0 983838.0 995248.0 999843.0 1004384.0 1000110.0 996125.0 987437.0 997329.0 994499.0 993302.0 1016073.0 996609.0 1001132.0 992771.0 991910.0 988113.0 1002225.0 1012804.0 995729.0 1005782.0 988984.0 1008916.0 994708.0 997544.0 998790.0 996279.0 994094.0 1001686.0 1000198.0 1000706.0 1013903.0 992239.0 1002336.0 1007526.0 1003688.0 1006475.0 1004292.0 991935.0 1016819.0 1017647.0 1002575.0 1004721.0 1000324.0 1001798.0 1006776.0 1005786.0 1000648.0 996177.0 989471.0 992798.0 989624.0 998491.0 1005622.0 1000350.0 1014293.0 999048.0 1000404.0 1005573.0 1006679.0 996620.0 1000679.0 1003501.0 999080.0 1009944.0 998353.0 1003070.0 998675.0 991673.0 994278.0 1006566.0 1013968.0 1012481.0 995543.0 996740.0 1003419.0 1000801.0 1014677.0 986625.0 1002302.0 1005301.0 1001114.0 1003976.0 999738.0 991850.0 1006037.0 993969.0 997437.0 993752.0 1015395.0 1002910.0 989182.0 981372.0 999044.0 1000891.0 1006520.0 1006970.0 1002521.0 1019628.0 1000241.0 1005449.0 1000502.0 996754.0 994827.0 1008966.0 994629.0 1010628.0 1004899.0 1005142.0 1003072.0 997085.0 1005148.0 999079.0 1012769.0 1001267.0 994263.0 998920.0 994209.0 997415.0 1008521.0 999581.0 989792.0 990273.0 1007989.0 987703.0 1007509.0 1013395.0 1007099.0 1001234.0 995791.0 999558.0 1002758.0 1011200.0 984709.0 1005383.0 986148.0 1012677.0 991135.0 999558.0 1002193.0 998436.0 995339.0 987260.0 989449.0 991956.0 988519.0 986864.0 1003320.0 1004976.0 1008883.0 1004289.0 1007262.0 994670.0 1007540.0 997127.0 1003849.0 1004525.0 997041.0 994294.0 1005774.0 1004787.0 1004471.0 994476.0 996034.0 992349.0 987970.0 994488.0 1004560.0 1010760.0 1013031.0 1020704.0 1020747.0 989575.0 1014441.0 991509.0 1008235.0 1009606.0 988329.0 998166.0 1000749.0 1007238.0 991876.0 1002598.0 1005762.0 1009830.0 1009883.0 1006518.0 1002157.0 1008741.0 1011778.0 1004711.0 992468.0 983071.0 990596.0 997985.0 1015984.0 1004999.0 985228.0 990850.0 993278.0 1010014.0 1003075.0 992583.0 1013269.0 994812.0 999736.0 999591.0 996211.0 1014190.0 995252.0 998024.0 1001899.0 998018.0 999609.0 1005030.0 993765.0 997177.0 991523.0 990549.0 1009768.0 1005870.0 1003842.0 1001065.0 1000381.0 1011978.0 1004516.0 1004546.0 997650.0 999681.0 1002206.0 998708.0 1001192.0 995529.0 988662.0 1005268.0 995237.0 1000451.0 1010918.0 1005926.0 1004920.0 992226.0 1012922.0 1013462.0 1004809.0 996124.0 1003667.0 996968.0 1004467.0 1012626.0 998883.0 996313.0 996972.0 1010421.0 1008151.0 1000012.0 996979.0 1006938.0 996623.0 1011389.0 995583.0 992960.0 989475.0 995964.0 999814.0 1004311.0 1003793.0 996948.0 1008532.0 1002663.0 998739.0 991299.0 1005041.0 1002767.0 996549.0 1004186.0 1010535.0 1003350.0 1004186.0 1000370.0 1008163.0 1005718.0 1004930.0 998653.0 995733.0 1004667.0 1007840.0 989124.0 1009874.0 995296.0 1001749.0 1010440.0 993217.0 1010700.0 994488.0 1001072.0 992175.0 1000092.0 988372.0 1001422.0 994329.0 1002124.0 999241.0 1004077.0 1009313.0 1004610.0 1001411.0 1000845.0 997185.0 1001966.0 1007057.0 1003889.0 1003043.0 1005358.0 991477.0 1005802.0 1003224.0 1002886.0 999886.0 993353.0 981886.0 1000164.0 999557.0 1000966.0 1002928.0 995193.0 1003038.0 989911.0 1007682.0 1004679.0 998794.0 981288.0 1006666.0 988764.0 998065.0 1000122.0 998769.0 999679.0 997031.0 1010166.0 993671.0 997936.0 1003839.0 1001649.0 989356.0 993505.0 1010522.0 995389.0 998081.0 995726.0 990165.0 990842.0 1007335.0 999288.0 1000923.0 1005925.0 1001542.0 999393.0 994110.0 998659.0 1001724.0 989912.0 1001609.0 1006812.0 1013815.0 984871.0 1004052.0 997180.0 1007410.0 1004559.0 1002795.0 1007870.0 1014327.0 999867.0 1000334.0 993349.0 1007304.0 987800.0 1010328.0 1001235.0 995159.0 1002313.0 997647.0 1002365.0 980145.0 979052.0 989747.0 997586.0 995442.0 1008397.0 992377.0 1004995.0 1007816.0 1008495.0 985702.0 1005581.0 990134.0 1000526.0 1007067.0 1005625.0 997072.0 986667.0 993329.0 996638.0 999419.0 1001747.0 1009696.0 1013801.0 1003969.0 996921.0 996558.0 995677.0 1004991.0 996715.0 1007305.0 1000947.0 992449.0 1000488.0 999147.0 989525.0 1006660.0 1001817.0 1007561.0 1009059.0 999284.0 1005605.0 1000953.0 1001484.0 998096.0 1013273.0 1002662.0 1007298.0 1009974.0 1006874.0 999740.0 993154.0 1006081.0 1007983.0 995312.0 1003828.0 990654.0 1001873.0 1006112.0 988612.0 1005548.0 1009478.0 1002537.0 1001936.0 991612.0 1015122.0 1004996.0 997070.0 1000967.0 995762.0 1004753.0 1008461.0 1010092.0 1012298.0 992109.0 1004068.0 1002086.0 991246.0 1001110.0 996208.0 1008627.0 985153.0 999275.0 994714.0 1018685.0 1001723.0 1007300.0 1007010.0 1001675.0 999018.0 1006669.0 986135.0 1014122.0 999619.0 995495.0 1004477.0 1004708.0 993570.0 999531.0 998073.0 1001369.0 1006261.0 999016.0 995447.0 1019501.0 988662.0 990201.0 1014700.0 1001219.0 998220.0 993385.0 995610.0 1000261.0 998930.0 995202.0 991898.0 1004964.0 996768.0 1009099.0 1004470.0 999643.0 999468.0 986331.0 1009935.0 996218.0 1005810.0 1005269.0 1004109.0 985474.0 988450.0 996822.0 993155.0 1004756.0 1009497.0 987192.0 1008328.0 991275.0 1005289.0 1016056.0 988173.0 1003403.0 990672.0 1000230.0 1003171.0 998193.0 988301.0 989829.0 1004554.0 985150.0 998754.0 1001069.0 995258.0 1007108.0 1000100.0 994263.0 1006126.0 998957.0 1012640.0 987514.0 995873.0 995024.0 991298.0 1004750.0 994977.0 992385.0 1010978.0 1005759.0 990662.0 1022381.0 1009745.0 992549.0 991057.0 999887.0 1000327.0 1005465.0 1009382.0 1009246.0 998048.0 995056.0 1002226.0 1007744.0 999552.0 1005502.0 996717.0 979464.0 1005108.0 996482.0 1006792.0 995961.0 1010935.0 1005487.0 1009009.0 1014818.0 994697.0 1004224.0 1000792.0 992903.0 1015011.0 1007215.0 1004396.0 995616.0 1010269.0 1008537.0 1013053.0 999579.0 1012090.0 992654.0 1000105.0 996004.0 1003687.0 994386.0 1001222.0 997544.0 1006142.0 995323.0 1000733.0 998464.0 1002891.0 999790.0 994656.0 985861.0 1016284.0 1013080.0 999001.0 1004139.0 996158.0 1004782.0 996528.0 1004847.0 990611.0 987338.0 993551.0 993826.0 1005971.0 985436.0 990911.0 997666.0 996129.0 1010125.0 1002466.0 1000537.0 1001531.0 985885.0 1003233.0 984331.0 989042.0 999795.0 997507.0 986222.0 1010201.0 1008035.0 988841.0 999231.0 998797.0 991918.0 1001684.0 1003795.0 1001096.0 997617.0 994476.0 996460.0 1011126.0 1003351.0 994885.0 993767.0 1014323.0 1003731.0 990120.0 992002.0 997427.0 992917.0 1008433.0 1010764.0 997253.0 1004110.0 997974.0 1000969.0 1005144.0 999095.0 994368.0 995229.0 1007774.0 996584.0 1003221.0 1001420.0 1006138.0 1009525.0 993664.0 1004920.0 997261.0 996238.0 984362.0 999337.0 1002931.0 1000160.0 994739.0 1007738.0 1003494.0 993357.0 986730.0 1000503.0 990404.0 988696.0 1004908.0 1016256.0 1003701.0 1007558.0 1009959.0 1004971.0 1000004.0 1001129.0 1000829.0 984375.0 999041.0 991882.0 981414.0 1006166.0 992247.0 1010408.0 991915.0 999756.0 999622.0 997313.0 998129.0 1004183.0 1009338.0 1000754.0 987382.0 997182.0 999559.0 1009288.0 1005213.0 1006545.0 993138.0 1000280.0 1000400.0 996686.0 997931.0 991282.0 993400.0 993393.0 1000114.0 1010336.0 1003479.0 995991.0 979664.0 992073.0 999920.0 1007095.0 1004185.0 995697.0 980059.0 1002621.0 994917.0 1001786.0 1004470.0 986596.0 1004902.0 1005217.0 998078.0 1004151.0 1006915.0 998234.0 988297.0 999336.0 1000363.0 993074.0 1005089.0 997332.0 1008147.0 1007351.0 1005791.0 999360.0 980479.0 996972.0 999115.0 993258.0 1007309.0 992393.0 996074.0 987977.0 999047.0 1004676.0 996840.0 996517.0 996103.0 993673.0 995823.0 982313.0 994480.0 994051.0 994506.0 1001558.0 1005658.0 1002575.0 1009458.0 1004961.0 998462.0 1008612.0 1012872.0 1006741.0 1009329.0 1006751.0 999518.0 1009204.0 993812.0 996179.0 1002780.0 995568.0 992908.0 1003965.0 1006614.0 1008350.0 997874.0 992915.0 1000937.0 1007613.0 996375.0 1003292.0 1006072.0 1002148.0 989542.0 998271.0 1004836.0 985653.0 1002245.0 1001651.0 992692.0 1000280.0 999218.0 986915.0 1005825.0 1002866.0 1003352.0 1014559.0 983795.0 984622.0 1005313.0 1000041.0 994896.0 1013872.0 1006953.0 1003899.0 995885.0 1012679.0 996264.0 1006332.0 980946.0 996966.0 998770.0 1005388.0 998429.0 998925.0 990349.0 1021755.0 999216.0 1003360.0 1000736.0 1004879.0 1004974.0 1001926.0 995730.0 1001328.0 993563.0 1002829.0 1012478.0 1012911.0 993221.0 1009685.0 1007654.0 1003035.0 984762.0 1001802.0 1004310.0 1000929.0 999014.0 999278.0 999152.0 991763.0 995462.0 995725.0 992444.0 1004022.0 1003118.0 998108.0 1000350.0 995206.0 1005903.0 1012172.0 987997.0 1010005.0 1002394.0 1005781.0 1003208.0 1002493.0 1001463.0 999775.0 998112.0 993674.0 998133.0 991515.0 996736.0 995696.0 986574.0 1009770.0 997893.0 997472.0 1001454.0 996096.0 1002708.0 1018969.0 999213.0 999977.0 1007748.0 992955.0 993144.0 999416.0 994677.0 1001522.0 1005816.0 995704.0 1009478.0 998423.0 988042.0 999805.0 1006619.0 992460.0 1000430.0 1000119.0 992727.0 999775.0 1015748.0 993591.0 1010119.0 1003131.0 996426.0 992711.0 999075.0 997304.0 992618.0 999410.0 1007907.0 1009694.0 996925.0 999238.0 1010297.0 990084.0 1011703.0 997497.0 1002110.0 1002642.0 999429.0 994887.0 1003034.0 995172.0 1000643.0 999972.0 1002478.0 1003399.0 1004167.0 1003528.0 995585.0 988550.0 1013309.0 994312.0 1004193.0 1001735.0 998434.0 1010142.0 1002658.0 999383.0 1004202.0 1008234.0 996957.0 997857.0 995709.0 1005480.0 1002981.0 991818.0 1004795.0 999162.0 1002361.0 1007697.0 1000023.0 1004844.0 1015407.0 1002726.0 990329.0 983026.0 991129.0 995156.0 1002070.0 993306.0 989531.0 993995.0 996566.0 1004382.0 998549.0 989509.0 1011677.0 993489.0 992581.0 994069.0 1004715.0 1003103.0 993633.0 995958.0 1006808.0 1001195.0 998904.0 1012484.0 1003339.0 997524.0 1010902.0 1004380.0 1002449.0 998171.0 1006253.0 981944.0 987912.0 989166.0 998669.0 993566.0 994211.0 1001171.0 1009651.0 989215.0 1000275.0 994074.0 999880.0 990722.0 989846.0 1001100.0 988024.0 1011166.0 1014730.0 998158.0 1001646.0 1006935.0 1012284.0 983138.0 996219.0 988992.0 1000890.0 1003299.0 1004618.0 1002106.0 1001691.0 1003305.0 1006423.0 1001231.0 1000722.0 999859.0 1007053.0 1003322.0 993915.0 990707.0 1004514.0 985684.0 995126.0 992723.0 1005652.0 999683.0 992835.0 1011004.0 1019613.0 1006748.0 1011705.0 1008238.0 985572.0 1009654.0 1000406.0 1003417.0 996580.0 991742.0 1004836.0 1000644.0 988138.0 1000314.0 1006759.0 1011657.0 1005696.0 1004243.0 995793.0 986988.0 1013483.0 1003557.0 1002448.0 1010359.0 999385.0 996613.0 1004170.0 1005812.0 996142.0 998329.0 1012491.0 1002760.0 1000142.0 1000241.0 1014015.0 992733.0 993761.0 1000137.0 1005046.0 1000192.0 1008642.0 1001859.0 986721.0 1011823.0 1006465.0 995282.0 1012039.0 993423.0 1017782.0 993396.0 997116.0 1010710.0 998385.0 997687.0 998954.0 995015.0 987520.0 990623.0 992899.0 1009711.0 1006213.0 1004118.0 998439.0 996442.0 1008476.0 995598.0 996970.0 1001842.0 998085.0 1017225.0 1006756.0 995734.0 993669.0 992718.0 1000945.0 1001188.0 997039.0 992734.0 987369.0 990609.0 1006598.0 1002685.0 999580.0 1009764.0 998819.0 1004490.0 1009512.0 986283.0 1002438.0 997698.0 992470.0 997093.0 992531.0 1003140.0 1004953.0 988622.0 991451.0 995941.0 999329.0 1000866.0 1019996.0 1006436.0 991607.0 990220.0 1013964.0 991637.0 996328.0 1008027.0 997384.0 989981.0 1002619.0 1001436.0 1013646.0 1005514.0 993356.0 996802.0 999955.0 1009861.0 989476.0 990314.0 1015861.0 1005119.0 1002192.0 1010428.0 991718.0 1004545.0 992158.0 997222.0 1013419.0 999500.0 991005.0 987370.0 990695.0 1002970.0 999525.0 993902.0 1005078.0 982232.0 1009403.0 1006291.0 994005.0 999781.0 1000175.0 1012704.0 998866.0 1006083.0 1011728.0 1001049.0 991026.0 995532.0 994046.0 1008586.0 998194.0 995903.0 1012209.0 990667.0 1000903.0 989008.0 1006521.0 998460.0 1010436.0 997318.0 991575.0 994586.0 990599.0 1004098.0 998818.0 1006030.0 1002295.0 1004507.0 1008650.0 1003891.0 997675.0 990245.0 996086.0 1011474.0 1000189.0 979077.0 1000831.0 996732.0 994585.0 1000595.0 986996.0 1005723.0 ]

10002 actual elapsed

T=1139932, R=0, W=0
T=968821, R=0, W=0
T=1020089, R=0, W=0
T=1505102, R=0, W=0
T=1104376, R=0, W=0
T=1178065, R=0, W=0
T=1152844, R=0, W=0
T=648606, R=0, W=0
T=1395431, R=0, W=0
T=991175, R=0, W=0
T=850156, R=0, W=0
T=920022, R=0, W=0
T=1082563, R=0, W=0
T=1206784, R=0, W=0
T=991532, R=0, W=0
T=909020, R=0, W=0
T=1012274, R=0, W=0
T=1104538, R=0, W=0
T=1040293, R=0, W=0
T=1011847, R=0, W=0
T=1287497, R=0, W=0
T=714059, R=0, W=0
T=1159297, R=0, W=0
T=1203906, R=0, W=0
T=1182144, R=0, W=0
T=1176061, R=0, W=0
T=1013010, R=0, W=0
T=1138658, R=0, W=0
T=1116678, R=0, W=0
T=1288189, R=0, W=0
T=1121094, R=0, W=0
T=994719, R=0, W=0
T=1064120, R=0, W=0
T=1131690, R=0, W=0
T=1203929, R=0, W=0
T=1012378, R=0, W=0
T=910043, R=0, W=0
T=1209415, R=0, W=0
T=672919, R=0, W=0
T=1059683, R=0, W=0
T=1186134, R=0, W=0
T=1035321, R=0, W=0
T=1278707, R=0, W=0
T=1160567, R=0, W=0
T=1449231, R=0, W=0
T=789802, R=0, W=0
T=1352234, R=0, W=0
T=1290094, R=0, W=0
T=1125859, R=0, W=0
T=875784, R=0, W=0
T=1118151, R=0, W=0
T=1189544, R=0, W=0
T=1235583, R=0, W=0
T=1082088, R=0, W=0
T=1014239, R=0, W=0
T=1158959, R=0, W=0
T=1069848, R=0, W=0
T=932310, R=0, W=0
T=1044900, R=0, W=0
T=993322, R=0, W=0
T=1529456, R=0, W=0
T=1378326, R=0, W=0
T=1277475, R=0, W=0
T=1363744, R=0, W=0

TOTAL: T=70824637, R=0, W=0
--- 52,820 MB collected in 0.122 secs (0.9% of total), longest GC took 0.006 secs
DATA gc:  total_k 54087808  total_secs 0.12223  max_secs 0.005883
