startup =       4000
elapsed =       10000
threads =       64
accounts =      64
init =          1000000
maxAmount =     10
readFreq =      0
writeFreq =     0
readThreads =   0
writeThreads =  0
disjointTrans = false
yieldALot =     false
flavour =       d

warming up
timed execution

TOTAL=6.4000008E7 [ 1007137.0 1002311.0 1004171.0 1010378.0 979207.0 989593.0 1006181.0 988264.0 990201.0 1009719.0 997155.0 984955.0 1000786.0 1009797.0 1004963.0 1002483.0 998729.0 1000330.0 999616.0 1000827.0 992880.0 1009699.0 997193.0 986473.0 998249.0 997696.0 999610.0 986786.0 999848.0 990004.0 990584.0 1003935.0 991993.0 1008048.0 993214.0 1003302.0 997532.0 999181.0 1010965.0 993685.0 1000096.0 1005480.0 1005820.0 1008823.0 994476.0 1005927.0 1010604.0 1012339.0 1006506.0 1001273.0 1000341.0 1004528.0 1006977.0 1017962.0 991901.0 999708.0 995046.0 1002467.0 1003629.0 996078.0 993596.0 1002594.0 1009999.0 986150.0 ]

10001 actual elapsed

T=703760, R=0, W=0
T=647351, R=0, W=0
T=727209, R=0, W=0
T=752966, R=0, W=0
T=727945, R=0, W=0
T=650332, R=0, W=0
T=677286, R=0, W=0
T=697757, R=0, W=0
T=692165, R=0, W=0
T=684247, R=0, W=0
T=717717, R=0, W=0
T=727499, R=0, W=0
T=748897, R=0, W=0
T=699027, R=0, W=0
T=687142, R=0, W=0
T=629027, R=0, W=0
T=687412, R=0, W=0
T=654995, R=0, W=0
T=678462, R=0, W=0
T=737526, R=0, W=0
T=630566, R=0, W=0
T=689065, R=0, W=0
T=433580, R=0, W=0
T=707352, R=0, W=0
T=644137, R=0, W=0
T=652047, R=0, W=0
T=657256, R=0, W=0
T=734834, R=0, W=0
T=736069, R=0, W=0
T=658042, R=0, W=0
T=641987, R=0, W=0
T=741493, R=0, W=0
T=633027, R=0, W=0
T=766349, R=0, W=0
T=740365, R=0, W=0
T=741980, R=0, W=0
T=751896, R=0, W=0
T=671473, R=0, W=0
T=652911, R=0, W=0
T=674700, R=0, W=0
T=687857, R=0, W=0
T=658174, R=0, W=0
T=657140, R=0, W=0
T=733305, R=0, W=0
T=680761, R=0, W=0
T=648298, R=0, W=0
T=664582, R=0, W=0
T=636501, R=0, W=0
T=645267, R=0, W=0
T=651475, R=0, W=0
T=674620, R=0, W=0
T=717355, R=0, W=0
T=618591, R=0, W=0
T=705121, R=0, W=0
T=693916, R=0, W=0
T=660944, R=0, W=0
T=660227, R=0, W=0
T=656762, R=0, W=0
T=686882, R=0, W=0
T=675372, R=0, W=0
T=688918, R=0, W=0
T=704348, R=0, W=0
T=748239, R=0, W=0
T=644236, R=0, W=0

TOTAL: T=43686742, R=0, W=0
--- 29,484 MB collected in 0.101 secs (0.7% of total), longest GC took 0.006 secs
DATA gc:  total_k 30192236  total_secs 0.100841  max_secs 0.005574
