startup =       4000
elapsed =       10000
threads =       2
accounts =      128
init =          1000000
maxAmount =     10
readFreq =      0
writeFreq =     0
readThreads =   0
writeThreads =  0
disjointTrans = false
yieldALot =     false
flavour =       rfw

warming up
timed execution

TOTAL=1.28000016E8 [ 997880.0 1000700.0 997546.0 1008342.0 1003560.0 996522.0 997022.0 995227.0 992049.0 1015100.0 991025.0 1008730.0 1012361.0 998907.0 999745.0 995360.0 1004273.0 1001225.0 1008193.0 1002730.0 991261.0 993030.0 1016400.0 1001094.0 996956.0 994529.0 996045.0 995296.0 999726.0 1007701.0 1001264.0 1001572.0 1000315.0 1006745.0 995353.0 999827.0 997227.0 1005336.0 998693.0 996864.0 997220.0 995149.0 1003816.0 996111.0 1003011.0 1010085.0 989048.0 1001478.0 998190.0 996578.0 1001332.0 992131.0 993302.0 997474.0 1010450.0 998476.0 1001789.0 1002933.0 993177.0 999453.0 1008163.0 1001117.0 999866.0 1003057.0 1000980.0 1000742.0 990467.0 1003171.0 1000522.0 1003067.0 1003393.0 1003323.0 999763.0 990971.0 1003525.0 996575.0 998014.0 1002273.0 1006270.0 1009381.0 993284.0 1000325.0 1006231.0 993118.0 998990.0 1001632.0 1009472.0 997312.0 997404.0 1006924.0 997260.0 1004665.0 999142.0 999212.0 990435.0 1002693.0 1001737.0 998954.0 997339.0 994115.0 994066.0 1003117.0 1006711.0 995072.0 995422.0 994638.0 999677.0 997762.0 991786.0 990434.0 1005420.0 1003294.0 998498.0 997874.0 993548.0 1012047.0 1006941.0 1004206.0 996508.0 1000321.0 999886.0 991895.0 998755.0 998851.0 999854.0 1008210.0 999961.0 997428.0 ]

10002 actual elapsed

T=8496103, R=0, W=0
T=8912998, R=0, W=0

TOTAL: T=17409101, R=0, W=0
--- 12,809 MB collected in 0.046 secs (0.3% of total), longest GC took 0.002 secs
DATA gc:  total_k 13116902  total_secs 0.045719  max_secs 0.001975
