startup =       4000
elapsed =       10000
threads =       64
accounts =      64
init =          1000000
maxAmount =     10
readFreq =      0
writeFreq =     0
readThreads =   0
writeThreads =  0
disjointTrans = false
yieldALot =     false
flavour =       t

warming up
timed execution

TOTAL=6.4000016E7 [ 984699.0 993298.0 1008429.0 993817.0 992316.0 982287.0 1001157.0 1001750.0 1015188.0 998955.0 1002913.0 995128.0 1000063.0 998012.0 998185.0 999944.0 995306.0 1004691.0 1011214.0 1004028.0 991543.0 988012.0 1012939.0 1003676.0 1016123.0 990511.0 1003795.0 1009005.0 997385.0 998445.0 1000772.0 995749.0 997599.0 1005436.0 999514.0 999732.0 1008054.0 988534.0 1004548.0 1000829.0 998124.0 1001855.0 999146.0 1002163.0 1004888.0 1005605.0 990710.0 1017709.0 1004184.0 993472.0 1000823.0 1006829.0 993150.0 996538.0 1005107.0 1005362.0 1001919.0 999214.0 995558.0 998533.0 988192.0 996019.0 1005662.0 995657.0 ]

10002 actual elapsed

T=629284, R=0, W=0
T=654357, R=0, W=0
T=560232, R=0, W=0
T=578358, R=0, W=0
T=633163, R=0, W=0
T=652410, R=0, W=0
T=582379, R=0, W=0
T=649263, R=0, W=0
T=582521, R=0, W=0
T=571827, R=0, W=0
T=576935, R=0, W=0
T=599832, R=0, W=0
T=590102, R=0, W=0
T=622931, R=0, W=0
T=577312, R=0, W=0
T=583347, R=0, W=0
T=592586, R=0, W=0
T=653719, R=0, W=0
T=574062, R=0, W=0
T=597442, R=0, W=0
T=582357, R=0, W=0
T=639896, R=0, W=0
T=617008, R=0, W=0
T=570176, R=0, W=0
T=639353, R=0, W=0
T=630117, R=0, W=0
T=654691, R=0, W=0
T=576954, R=0, W=0
T=631587, R=0, W=0
T=640245, R=0, W=0
T=593436, R=0, W=0
T=599523, R=0, W=0
T=584201, R=0, W=0
T=559037, R=0, W=0
T=442575, R=0, W=0
T=602367, R=0, W=0
T=571869, R=0, W=0
T=620198, R=0, W=0
T=572918, R=0, W=0
T=584733, R=0, W=0
T=561331, R=0, W=0
T=638496, R=0, W=0
T=654370, R=0, W=0
T=569450, R=0, W=0
T=579468, R=0, W=0
T=563438, R=0, W=0
T=622978, R=0, W=0
T=615562, R=0, W=0
T=585449, R=0, W=0
T=630634, R=0, W=0
T=654476, R=0, W=0
T=580199, R=0, W=0
T=617905, R=0, W=0
T=608283, R=0, W=0
T=568410, R=0, W=0
T=579081, R=0, W=0
T=577356, R=0, W=0
T=570173, R=0, W=0
T=626034, R=0, W=0
T=620204, R=0, W=0
T=577743, R=0, W=0
T=620078, R=0, W=0
T=641444, R=0, W=0
T=615238, R=0, W=0

TOTAL: T=38453103, R=0, W=0
--- 30,789 MB collected in 0.134 secs (0.9% of total), longest GC took 0.005 secs
DATA gc:  total_k 31528228  total_secs 0.133707  max_secs 0.004871
