startup =       4000
elapsed =       10000
threads =       2
accounts =      2
init =          1000000
maxAmount =     10
readFreq =      0
writeFreq =     0
readThreads =   0
writeThreads =  0
disjointTrans = false
yieldALot =     false
flavour =       t

warming up
timed execution

TOTAL=2000000.0 [ 990974.0 1009026.0 ]

10002 actual elapsed

T=3198355, R=0, W=0
T=2675935, R=0, W=0

TOTAL: T=5874290, R=0, W=0
--- 5,743 MB collected in 0.030 secs (0.2% of total), longest GC took 0.002 secs
DATA gc:  total_k 5881193  total_secs 0.030359  max_secs 0.002491
