startup =       4000
elapsed =       10000
threads =       2
accounts =      64
init =          1000000
maxAmount =     10
readFreq =      0
writeFreq =     0
readThreads =   0
writeThreads =  0
disjointTrans = false
yieldALot =     false
flavour =       t

warming up
timed execution

TOTAL=6.4000004E7 [ 1006452.0 1009724.0 1003349.0 998920.0 993891.0 1009661.0 1002071.0 986955.0 1008838.0 997269.0 991589.0 978190.0 1003005.0 1002085.0 994135.0 1012028.0 994453.0 1005669.0 1012255.0 998396.0 1008296.0 1008285.0 1008374.0 993349.0 991515.0 998866.0 1009235.0 1015183.0 997231.0 996993.0 1010269.0 1003747.0 983567.0 1003688.0 1000065.0 999348.0 1003792.0 1007968.0 997486.0 1001440.0 987379.0 1003650.0 1004887.0 1006781.0 999257.0 1006842.0 985906.0 1003918.0 997489.0 989868.0 994524.0 990288.0 999327.0 994100.0 995503.0 998869.0 998029.0 995642.0 997979.0 1003712.0 1006516.0 991019.0 998270.0 1002613.0 ]

10002 actual elapsed

T=10969885, R=0, W=0
T=10740429, R=0, W=0

TOTAL: T=21710314, R=0, W=0
--- 17,374 MB collected in 0.049 secs (0.3% of total), longest GC took 0.002 secs
DATA gc:  total_k 17791278  total_secs 0.04939  max_secs 0.001981
