startup =       20000
elapsed =       10000
threads =       1
accounts =      1
init =          1000000
maxAmount =     10
readFreq =      0
writeFreq =     0
readThreads =   0
writeThreads =  0
disjointTrans = false
yieldALot =     false
flavour =       d

warming up
timed execution

TOTAL=1000000.0 [ 1000000.0 ]

10014 actual elapsed

T=1937889, R=0, W=0

TOTAL: T=1937889, R=0, W=0
--- 1031 MB collected in 0.169 secs (0.6% of total), longest GC took 0.134 secs
DATA gc:  total_k 1056064  total_secs 0.16852  max_secs 0.133513
