startup =       20000
elapsed =       10000
threads =       1
accounts =      2
init =          1000000
maxAmount =     10
readFreq =      0
writeFreq =     0
readThreads =   0
writeThreads =  0
disjointTrans = false
yieldALot =     false
flavour =       rfw

warming up
timed execution

TOTAL=2000000.0 [ 998029.0 1001971.0 ]

10017 actual elapsed

T=1625209, R=0, W=0

TOTAL: T=1625209, R=0, W=0
--- 1289 MB collected in 0.228 secs (0.7% of total), longest GC took 0.181 secs
DATA gc:  total_k 1320264  total_secs 0.2278  max_secs 0.180531
