startup =       4000
elapsed =       10000
threads =       256
accounts =      256
init =          1000000
maxAmount =     10
readFreq =      0
writeFreq =     0
readThreads =   0
writeThreads =  0
disjointTrans = false
yieldALot =     false
flavour =       rfw

warming up
timed execution

TOTAL=2.55999984E8 [ 998222.0 1012078.0 998696.0 1001999.0 1002498.0 998018.0 999600.0 1000867.0 1005043.0 998993.0 1000443.0 1001170.0 995996.0 998561.0 1000951.0 997679.0 1001517.0 999079.0 994288.0 1002339.0 992358.0 1006153.0 994693.0 1003050.0 1009371.0 1003192.0 995955.0 997269.0 1005402.0 1009208.0 997990.0 997928.0 1001825.0 1001430.0 995873.0 997870.0 998616.0 997417.0 993377.0 1005113.0 1000577.0 1001265.0 1002360.0 1002931.0 1002973.0 1002270.0 999873.0 1004242.0 998112.0 995762.0 1000292.0 994489.0 998419.0 1002098.0 995753.0 997089.0 999811.0 999860.0 996918.0 1007547.0 996309.0 1004258.0 1005134.0 1003616.0 1001991.0 996149.0 1002479.0 1000695.0 1001472.0 1002126.0 998585.0 1005114.0 1000197.0 997430.0 997129.0 997683.0 1000765.0 995802.0 1005028.0 1008807.0 1005039.0 1002934.0 993200.0 1001512.0 1002394.0 999945.0 998572.0 1001397.0 995082.0 1003754.0 1005903.0 1003197.0 1003831.0 1000530.0 1000490.0 1005523.0 1001245.0 1003176.0 1006529.0 1000636.0 996617.0 990576.0 996141.0 1002592.0 1001165.0 999260.0 993371.0 998876.0 1002397.0 1005753.0 1000736.0 1004461.0 996433.0 1003649.0 998476.0 997119.0 1001317.0 994808.0 1000578.0 1002669.0 997236.0 992761.0 1003861.0 999216.0 997616.0 1001285.0 1004816.0 999973.0 996042.0 998435.0 1004676.0 994414.0 997737.0 993724.0 1005826.0 1001278.0 998105.0 997008.0 1002321.0 993173.0 1000305.0 994805.0 996264.0 1003364.0 1000200.0 987730.0 996941.0 999292.0 1007500.0 999828.0 993469.0 998898.0 1007214.0 997935.0 999875.0 994565.0 1002486.0 1001113.0 1002647.0 996722.0 998574.0 1000469.0 987571.0 1001942.0 992803.0 1001095.0 998796.0 998452.0 996744.0 1001304.0 1000376.0 1006016.0 994418.0 997227.0 1009783.0 995516.0 1003195.0 994840.0 1001556.0 995906.0 993078.0 1014209.0 994665.0 1006416.0 999684.0 997814.0 1000461.0 999724.0 1000573.0 1000078.0 996652.0 995570.0 1004137.0 1001103.0 999501.0 1002376.0 996578.0 1000633.0 1008598.0 995816.0 994617.0 1007082.0 994441.0 1000525.0 1007561.0 994921.0 990872.0 1003369.0 1002495.0 1009542.0 1000854.0 999350.0 1000600.0 994999.0 995715.0 997435.0 999419.0 997550.0 994215.0 994579.0 995184.0 996345.0 1005255.0 1000653.0 1002407.0 996961.0 1001686.0 1001309.0 1003644.0 995792.0 1001080.0 995293.0 998855.0 1001882.0 1002917.0 1000237.0 1009409.0 990690.0 1002634.0 1002760.0 1005722.0 1006010.0 1005507.0 996960.0 1004026.0 1000476.0 998992.0 996900.0 1001341.0 1002854.0 997456.0 1005770.0 1003269.0 994203.0 995814.0 997241.0 ]

10002 actual elapsed

T=181100, R=0, W=0
T=175030, R=0, W=0
T=219909, R=0, W=0
T=185254, R=0, W=0
T=164408, R=0, W=0
T=236394, R=0, W=0
T=204205, R=0, W=0
T=201123, R=0, W=0
T=152683, R=0, W=0
T=128808, R=0, W=0
T=151720, R=0, W=0
T=175884, R=0, W=0
T=190211, R=0, W=0
T=187518, R=0, W=0
T=207797, R=0, W=0
T=163659, R=0, W=0
T=231012, R=0, W=0
T=218790, R=0, W=0
T=272682, R=0, W=0
T=140273, R=0, W=0
T=222804, R=0, W=0
T=296884, R=0, W=0
T=198443, R=0, W=0
T=230440, R=0, W=0
T=177096, R=0, W=0
T=153145, R=0, W=0
T=221697, R=0, W=0
T=212394, R=0, W=0
T=235741, R=0, W=0
T=144616, R=0, W=0
T=238087, R=0, W=0
T=150348, R=0, W=0
T=220087, R=0, W=0
T=147944, R=0, W=0
T=293596, R=0, W=0
T=321003, R=0, W=0
T=243891, R=0, W=0
T=174201, R=0, W=0
T=175922, R=0, W=0
T=172876, R=0, W=0
T=203007, R=0, W=0
T=205162, R=0, W=0
T=224325, R=0, W=0
T=198294, R=0, W=0
T=210256, R=0, W=0
T=161925, R=0, W=0
T=182100, R=0, W=0
T=170277, R=0, W=0
T=188437, R=0, W=0
T=153456, R=0, W=0
T=254429, R=0, W=0
T=160259, R=0, W=0
T=155765, R=0, W=0
T=216039, R=0, W=0
T=256824, R=0, W=0
T=214614, R=0, W=0
T=289388, R=0, W=0
T=155513, R=0, W=0
T=198446, R=0, W=0
T=239163, R=0, W=0
T=206898, R=0, W=0
T=167560, R=0, W=0
T=219336, R=0, W=0
T=288522, R=0, W=0
T=185098, R=0, W=0
T=210906, R=0, W=0
T=200461, R=0, W=0
T=230569, R=0, W=0
T=253260, R=0, W=0
T=227717, R=0, W=0
T=226090, R=0, W=0
T=384974, R=0, W=0
T=337054, R=0, W=0
T=268760, R=0, W=0
T=253926, R=0, W=0
T=257304, R=0, W=0
T=223940, R=0, W=0
T=217612, R=0, W=0
T=167657, R=0, W=0
T=226559, R=0, W=0
T=234686, R=0, W=0
T=250562, R=0, W=0
T=160051, R=0, W=0
T=291896, R=0, W=0
T=317617, R=0, W=0
T=250756, R=0, W=0
T=145565, R=0, W=0
T=116209, R=0, W=0
T=295936, R=0, W=0
T=255585, R=0, W=0
T=229151, R=0, W=0
T=164445, R=0, W=0
T=185325, R=0, W=0
T=346779, R=0, W=0
T=317630, R=0, W=0
T=175065, R=0, W=0
T=218119, R=0, W=0
T=185679, R=0, W=0
T=284543, R=0, W=0
T=200737, R=0, W=0
T=130207, R=0, W=0
T=166104, R=0, W=0
T=269422, R=0, W=0
T=133191, R=0, W=0
T=159174, R=0, W=0
T=192273, R=0, W=0
T=142253, R=0, W=0
T=226852, R=0, W=0
T=225756, R=0, W=0
T=262234, R=0, W=0
T=171160, R=0, W=0
T=165656, R=0, W=0
T=245824, R=0, W=0
T=259035, R=0, W=0
T=205283, R=0, W=0
T=223115, R=0, W=0
T=245122, R=0, W=0
T=158328, R=0, W=0
T=259558, R=0, W=0
T=230666, R=0, W=0
T=315063, R=0, W=0
T=136849, R=0, W=0
T=257431, R=0, W=0
T=185327, R=0, W=0
T=255448, R=0, W=0
T=295729, R=0, W=0
T=168868, R=0, W=0
T=95050, R=0, W=0
T=259183, R=0, W=0
T=219429, R=0, W=0
T=265918, R=0, W=0
T=132404, R=0, W=0
T=193554, R=0, W=0
T=243333, R=0, W=0
T=206209, R=0, W=0
T=204120, R=0, W=0
T=238120, R=0, W=0
T=215659, R=0, W=0
T=152004, R=0, W=0
T=240347, R=0, W=0
T=157760, R=0, W=0
T=206175, R=0, W=0
T=200775, R=0, W=0
T=192050, R=0, W=0
T=146821, R=0, W=0
T=225811, R=0, W=0
T=163375, R=0, W=0
T=239252, R=0, W=0
T=249677, R=0, W=0
T=211859, R=0, W=0
T=201677, R=0, W=0
T=291707, R=0, W=0
T=131892, R=0, W=0
T=221148, R=0, W=0
T=161283, R=0, W=0
T=293399, R=0, W=0
T=268089, R=0, W=0
T=292171, R=0, W=0
T=182459, R=0, W=0
T=285620, R=0, W=0
T=244707, R=0, W=0
T=219408, R=0, W=0
T=233857, R=0, W=0
T=259315, R=0, W=0
T=205142, R=0, W=0
T=199688, R=0, W=0
T=243853, R=0, W=0
T=252131, R=0, W=0
T=224957, R=0, W=0
T=236639, R=0, W=0
T=252849, R=0, W=0
T=133061, R=0, W=0
T=182968, R=0, W=0
T=276589, R=0, W=0
T=227332, R=0, W=0
T=182088, R=0, W=0
T=252130, R=0, W=0
T=148542, R=0, W=0
T=209098, R=0, W=0
T=237315, R=0, W=0
T=249279, R=0, W=0
T=135704, R=0, W=0
T=143433, R=0, W=0
T=176485, R=0, W=0
T=154007, R=0, W=0
T=208533, R=0, W=0
T=148478, R=0, W=0
T=192743, R=0, W=0
T=268996, R=0, W=0
T=265638, R=0, W=0
T=173410, R=0, W=0
T=159858, R=0, W=0
T=135828, R=0, W=0
T=194272, R=0, W=0
T=149689, R=0, W=0
T=254662, R=0, W=0
T=208529, R=0, W=0
T=253910, R=0, W=0
T=156547, R=0, W=0
T=198566, R=0, W=0
T=223231, R=0, W=0
T=208612, R=0, W=0
T=211236, R=0, W=0
T=281422, R=0, W=0
T=249598, R=0, W=0
T=195951, R=0, W=0
T=116367, R=0, W=0
T=188126, R=0, W=0
T=184569, R=0, W=0
T=301010, R=0, W=0
T=150442, R=0, W=0
T=176243, R=0, W=0
T=90195, R=0, W=0
T=165871, R=0, W=0
T=188839, R=0, W=0
T=219969, R=0, W=0
T=250981, R=0, W=0
T=282106, R=0, W=0
T=176971, R=0, W=0
T=180275, R=0, W=0
T=184838, R=0, W=0
T=172451, R=0, W=0
T=142842, R=0, W=0
T=198394, R=0, W=0
T=260972, R=0, W=0
T=334373, R=0, W=0
T=268690, R=0, W=0
T=154144, R=0, W=0
T=231175, R=0, W=0
T=205163, R=0, W=0
T=211937, R=0, W=0
T=239006, R=0, W=0
T=297886, R=0, W=0
T=250241, R=0, W=0
T=217518, R=0, W=0
T=142123, R=0, W=0
T=207461, R=0, W=0
T=159867, R=0, W=0
T=210842, R=0, W=0
T=276865, R=0, W=0
T=226936, R=0, W=0
T=227199, R=0, W=0
T=242387, R=0, W=0
T=158685, R=0, W=0
T=243634, R=0, W=0
T=266037, R=0, W=0
T=245584, R=0, W=0
T=196338, R=0, W=0
T=199386, R=0, W=0
T=170059, R=0, W=0
T=254731, R=0, W=0
T=245151, R=0, W=0
T=167422, R=0, W=0
T=126444, R=0, W=0
T=160585, R=0, W=0
T=232669, R=0, W=0

TOTAL: T=54134436, R=0, W=0
--- 32,317 MB collected in 0.130 secs (0.9% of total), longest GC took 0.012 secs
DATA gc:  total_k 33093337  total_secs 0.129734  max_secs 0.012391
