startup =       4000
elapsed =       10000
threads =       128
accounts =      128
init =          1000000
maxAmount =     10
readFreq =      0
writeFreq =     0
readThreads =   0
writeThreads =  0
disjointTrans = false
yieldALot =     false
flavour =       d

warming up
timed execution

TOTAL=1.27999984E8 [ 1002673.0 1004743.0 994045.0 1000230.0 1004387.0 1011421.0 998138.0 987622.0 1008240.0 999366.0 1004066.0 1000747.0 1004747.0 1001377.0 1003618.0 995687.0 996133.0 986347.0 994148.0 997378.0 995218.0 991698.0 1005411.0 999940.0 996295.0 1002760.0 1016143.0 1009342.0 998423.0 994303.0 999202.0 1001040.0 1003237.0 1000429.0 999600.0 998177.0 1002870.0 994580.0 1003009.0 996113.0 1006809.0 1001564.0 998357.0 996800.0 1005267.0 998912.0 1002931.0 995332.0 1000758.0 990280.0 1008768.0 1000764.0 989471.0 992060.0 1005627.0 1002779.0 995605.0 996293.0 995152.0 1005348.0 1002738.0 998269.0 998363.0 994166.0 995748.0 1012403.0 1000984.0 990965.0 1005862.0 1017787.0 995306.0 990978.0 1010480.0 1013378.0 1012639.0 998476.0 1002710.0 1002366.0 995291.0 1010927.0 1003614.0 991680.0 999427.0 994868.0 1007981.0 995195.0 1003385.0 992304.0 986676.0 985917.0 999932.0 988867.0 998720.0 1007458.0 1012949.0 1013810.0 1003441.0 1001069.0 997619.0 1003191.0 1002215.0 1006144.0 987623.0 1009522.0 999445.0 1006242.0 1002127.0 998787.0 1001376.0 1003129.0 1000243.0 991382.0 1005947.0 991620.0 992653.0 994054.0 1002391.0 997648.0 990178.0 989471.0 989395.0 992026.0 991269.0 1020506.0 1003382.0 1006776.0 995011.0 999719.0 ]

10002 actual elapsed

T=494404, R=0, W=0
T=513322, R=0, W=0
T=509899, R=0, W=0
T=487909, R=0, W=0
T=442826, R=0, W=0
T=551334, R=0, W=0
T=446402, R=0, W=0
T=551588, R=0, W=0
T=552490, R=0, W=0
T=532696, R=0, W=0
T=382852, R=0, W=0
T=601939, R=0, W=0
T=538034, R=0, W=0
T=562128, R=0, W=0
T=485534, R=0, W=0
T=472467, R=0, W=0
T=427059, R=0, W=0
T=561580, R=0, W=0
T=488130, R=0, W=0
T=502717, R=0, W=0
T=456237, R=0, W=0
T=509062, R=0, W=0
T=467307, R=0, W=0
T=474915, R=0, W=0
T=447754, R=0, W=0
T=562080, R=0, W=0
T=448543, R=0, W=0
T=542550, R=0, W=0
T=483805, R=0, W=0
T=475527, R=0, W=0
T=503733, R=0, W=0
T=469031, R=0, W=0
T=463364, R=0, W=0
T=495031, R=0, W=0
T=560731, R=0, W=0
T=508311, R=0, W=0
T=470307, R=0, W=0
T=519240, R=0, W=0
T=413804, R=0, W=0
T=476008, R=0, W=0
T=589489, R=0, W=0
T=435730, R=0, W=0
T=470666, R=0, W=0
T=533741, R=0, W=0
T=497370, R=0, W=0
T=620180, R=0, W=0
T=469258, R=0, W=0
T=437967, R=0, W=0
T=483638, R=0, W=0
T=442388, R=0, W=0
T=449179, R=0, W=0
T=521904, R=0, W=0
T=603099, R=0, W=0
T=440890, R=0, W=0
T=436351, R=0, W=0
T=451541, R=0, W=0
T=442248, R=0, W=0
T=570205, R=0, W=0
T=498959, R=0, W=0
T=513777, R=0, W=0
T=439793, R=0, W=0
T=505719, R=0, W=0
T=476609, R=0, W=0
T=560931, R=0, W=0
T=480926, R=0, W=0
T=398571, R=0, W=0
T=495876, R=0, W=0
T=574409, R=0, W=0
T=510131, R=0, W=0
T=566176, R=0, W=0
T=388749, R=0, W=0
T=393547, R=0, W=0
T=605721, R=0, W=0
T=480367, R=0, W=0
T=462363, R=0, W=0
T=412830, R=0, W=0
T=520263, R=0, W=0
T=539747, R=0, W=0
T=471717, R=0, W=0
T=473571, R=0, W=0
T=581380, R=0, W=0
T=497804, R=0, W=0
T=494979, R=0, W=0
T=500731, R=0, W=0
T=459625, R=0, W=0
T=455112, R=0, W=0
T=507739, R=0, W=0
T=475150, R=0, W=0
T=423609, R=0, W=0
T=463567, R=0, W=0
T=432408, R=0, W=0
T=564693, R=0, W=0
T=511810, R=0, W=0
T=497513, R=0, W=0
T=483085, R=0, W=0
T=485106, R=0, W=0
T=596026, R=0, W=0
T=538359, R=0, W=0
T=504623, R=0, W=0
T=552182, R=0, W=0
T=455795, R=0, W=0
T=415246, R=0, W=0
T=407718, R=0, W=0
T=494607, R=0, W=0
T=474268, R=0, W=0
T=565840, R=0, W=0
T=505395, R=0, W=0
T=498990, R=0, W=0
T=518807, R=0, W=0
T=442420, R=0, W=0
T=400893, R=0, W=0
T=420557, R=0, W=0
T=524385, R=0, W=0
T=469122, R=0, W=0
T=452036, R=0, W=0
T=383423, R=0, W=0
T=414671, R=0, W=0
T=551481, R=0, W=0
T=395005, R=0, W=0
T=552672, R=0, W=0
T=396413, R=0, W=0
T=538236, R=0, W=0
T=572646, R=0, W=0
T=424380, R=0, W=0
T=517626, R=0, W=0
T=467888, R=0, W=0
T=501630, R=0, W=0
T=533911, R=0, W=0

TOTAL: T=62840808, R=0, W=0
--- 37,492 MB collected in 0.118 secs (0.8% of total), longest GC took 0.013 secs
DATA gc:  total_k 38392692  total_secs 0.11761  max_secs 0.013061
