startup =       20000
elapsed =       10000
threads =       4
accounts =      256
init =          1000000
maxAmount =     10
readFreq =      0
writeFreq =     0
readThreads =   0
writeThreads =  0
disjointTrans = false
yieldALot =     false
flavour =       rfw

warming up
timed execution

TOTAL=2.56000016E8 [ 997947.0 999875.0 998577.0 1001452.0 999441.0 996763.0 998099.0 998237.0 996921.0 1001987.0 1001071.0 999589.0 1001122.0 1001890.0 1003962.0 1002006.0 995427.0 997459.0 998835.0 1002200.0 997753.0 1003231.0 998366.0 1001904.0 997711.0 1002329.0 997783.0 998530.0 1002551.0 999281.0 1003892.0 1001051.0 998160.0 998901.0 999860.0 1000622.0 999590.0 999875.0 996788.0 996732.0 1003645.0 1001693.0 998268.0 1001359.0 1000076.0 1000520.0 1000629.0 995759.0 1000175.0 1002316.0 1001014.0 999832.0 1001436.0 998656.0 999416.0 998715.0 997872.0 997652.0 997502.0 996383.0 998599.0 997336.0 1000268.0 998303.0 999603.0 998790.0 999148.0 1001355.0 997675.0 1002124.0 998506.0 1002604.0 998580.0 1002980.0 1001733.0 1001392.0 999846.0 1002635.0 1000117.0 999164.0 1001957.0 997957.0 1000545.0 1000391.0 1003132.0 1000918.0 995989.0 999881.0 1000289.0 996523.0 998533.0 1000780.0 997421.0 1000176.0 1005071.0 998664.0 1000509.0 999394.0 1001025.0 1001686.0 999083.0 1001610.0 1002924.0 999462.0 1002093.0 995892.0 995767.0 997302.0 998364.0 998099.0 997417.0 1001960.0 1000119.0 997441.0 1000812.0 1002423.0 996280.0 1001921.0 996140.0 1000969.0 999471.0 999357.0 1003280.0 999813.0 999975.0 999631.0 1000416.0 998368.0 1001661.0 1000169.0 1000191.0 1001931.0 996641.0 1003085.0 1003031.0 1002887.0 1000467.0 1001144.0 1002844.0 1000371.0 996808.0 1000046.0 1000059.0 1001438.0 999915.0 1000247.0 1000983.0 998385.0 998136.0 998034.0 998466.0 1001378.0 999400.0 1003396.0 1000516.0 1000972.0 997508.0 998743.0 999818.0 1000952.0 1003496.0 1002521.0 998618.0 998540.0 1000352.0 1001610.0 998130.0 1000626.0 998773.0 997073.0 1002222.0 999977.0 1000550.0 1000783.0 1001249.0 997682.0 999915.0 1002860.0 1000994.0 998342.0 1001022.0 995368.0 999307.0 1000348.0 997884.0 1001673.0 1002179.0 1002186.0 998175.0 1002609.0 1001705.0 1000854.0 997647.0 999725.0 1002673.0 1000499.0 998438.0 1000167.0 1001365.0 1001749.0 1003229.0 998579.0 999681.0 1002375.0 999562.0 1001005.0 998504.0 1000635.0 997438.0 1000685.0 999602.0 999733.0 996973.0 999706.0 1000778.0 1002722.0 999907.0 1000791.0 998524.0 999940.0 1002608.0 998731.0 999455.0 1002434.0 1001627.0 998533.0 1000488.0 1000179.0 999709.0 999130.0 1000096.0 1002835.0 998922.0 999995.0 1001284.0 999462.0 999515.0 1003925.0 1005012.0 1000915.0 1001663.0 1000957.0 999761.0 998897.0 999803.0 1000952.0 999482.0 1000162.0 1000247.0 999620.0 997731.0 1001337.0 998341.0 1001698.0 999042.0 996899.0 ]

10017 actual elapsed

T=1163342, R=0, W=0
T=1175068, R=0, W=0
T=1165259, R=0, W=0
T=1195033, R=0, W=0

TOTAL: T=4698702, R=0, W=0
--- 4265 MB collected in 0.664 secs (2.2% of total), longest GC took 0.150 secs
DATA gc:  total_k 4367821  total_secs 0.664169  max_secs 0.150056
