startup =       4000
elapsed =       10000
threads =       1
accounts =      2
init =          1000000
maxAmount =     10
readFreq =      0
writeFreq =     0
readThreads =   0
writeThreads =  0
disjointTrans = false
yieldALot =     false
flavour =       t

warming up
timed execution

TOTAL=2000000.0 [ 983619.0 1016381.0 ]

10001 actual elapsed

T=16724803, R=0, W=0

TOTAL: T=16724803, R=0, W=0
--- 12,687 MB collected in 0.037 secs (0.3% of total), longest GC took 0.002 secs
DATA gc:  total_k 12992218  total_secs 0.036852  max_secs 0.001816
