startup =       4000
elapsed =       10000
threads =       32
accounts =      1024
init =          1000000
maxAmount =     10
readFreq =      0
writeFreq =     0
readThreads =   0
writeThreads =  0
disjointTrans = false
yieldALot =     false
flavour =       d

warming up
timed execution

TOTAL=1.02400032E9 [ 1004082.0 1011832.0 1000811.0 1012991.0 1010900.0 996938.0 998091.0 986006.0 1006432.0 1006336.0 996567.0 993420.0 986362.0 1006685.0 992424.0 980662.0 998276.0 1001357.0 992992.0 1013780.0 1000785.0 1009600.0 1002220.0 996498.0 1003436.0 975713.0 1004991.0 996789.0 995138.0 998517.0 997178.0 1010726.0 1000723.0 1004245.0 998749.0 1007403.0 1006293.0 1007137.0 1009891.0 1016708.0 1007911.0 1000567.0 1012344.0 1011009.0 999799.0 998949.0 1011790.0 990888.0 1012315.0 996213.0 989679.0 1009656.0 990160.0 995220.0 1014195.0 986332.0 995137.0 993002.0 991581.0 1006834.0 1006674.0 1004097.0 1006810.0 986606.0 992258.0 1001706.0 980276.0 1008014.0 999764.0 1001384.0 1009585.0 1002136.0 996949.0 1004931.0 1010882.0 1004024.0 992426.0 1001162.0 1001023.0 982855.0 997461.0 1004537.0 1001608.0 1013332.0 998735.0 1000952.0 990593.0 991877.0 1001038.0 1000019.0 1014225.0 1005125.0 995452.0 979856.0 994726.0 1004938.0 1006094.0 986790.0 990765.0 1013594.0 999016.0 998676.0 1002862.0 1015403.0 1004777.0 1017782.0 1016647.0 984945.0 997959.0 1013393.0 985963.0 988943.0 998600.0 994850.0 993201.0 982912.0 997621.0 993414.0 1006737.0 1003547.0 1008254.0 993869.0 1000704.0 1011585.0 1001632.0 1015658.0 981190.0 995342.0 994958.0 1001548.0 1004289.0 1011801.0 1007092.0 998936.0 1000242.0 987773.0 1016452.0 993677.0 995532.0 988040.0 1007961.0 1007752.0 984311.0 999743.0 1019614.0 1010915.0 1008118.0 998290.0 1006423.0 1009970.0 982234.0 1006238.0 995914.0 997616.0 999553.0 1013177.0 1015173.0 980329.0 992873.0 1000334.0 993044.0 1012495.0 1011874.0 985179.0 1018842.0 993774.0 992447.0 1007769.0 996320.0 1002744.0 987721.0 1000750.0 1005414.0 999384.0 1001663.0 991892.0 1000968.0 992251.0 1013649.0 996250.0 990740.0 1007739.0 1011591.0 991682.0 1001000.0 999759.0 1019676.0 992988.0 998413.0 990478.0 1005093.0 1008838.0 994347.0 999116.0 1001228.0 1005077.0 990627.0 985419.0 1002656.0 1006864.0 990155.0 1005634.0 1005283.0 1020384.0 1003131.0 992980.0 1017864.0 977497.0 1007379.0 1005405.0 993382.0 1011256.0 991528.0 991272.0 1009326.0 1005336.0 1001969.0 980919.0 1005319.0 996390.0 1017091.0 989294.0 999705.0 1004698.0 1013069.0 1005076.0 988357.0 1002067.0 998984.0 993502.0 994439.0 1006198.0 1005780.0 993063.0 1000318.0 994331.0 1001447.0 1002744.0 1014252.0 1009938.0 1011611.0 984055.0 1009040.0 977652.0 1014669.0 1003987.0 1006387.0 992339.0 1001458.0 1001955.0 992274.0 1010438.0 1015671.0 997300.0 1009254.0 1002837.0 993908.0 990775.0 993184.0 994634.0 1006110.0 996281.0 1015538.0 1005494.0 1000192.0 998510.0 990266.0 990427.0 1007504.0 981120.0 992675.0 1009953.0 1001787.0 1005435.0 982568.0 987349.0 998686.0 1003346.0 1006023.0 1009049.0 1014621.0 992639.0 994251.0 1008235.0 1007388.0 1001650.0 991794.0 994516.0 986491.0 994608.0 1008999.0 1006912.0 996672.0 1008988.0 1012249.0 1008410.0 1011843.0 996322.0 994864.0 998454.0 994082.0 993619.0 989068.0 996744.0 1001134.0 986826.0 987193.0 989671.0 1015165.0 1002616.0 997569.0 1004733.0 1003246.0 993132.0 1005730.0 995227.0 985470.0 1014233.0 1003629.0 1007229.0 999852.0 1016084.0 992805.0 982973.0 1016418.0 988104.0 997926.0 1011843.0 999954.0 989264.0 996667.0 1004931.0 1016531.0 1003839.0 1013942.0 1001719.0 1010339.0 1017603.0 1002328.0 1008044.0 999389.0 1013834.0 999161.0 1011321.0 1000923.0 994283.0 997456.0 994055.0 988443.0 1009511.0 995019.0 994041.0 1006458.0 995835.0 997303.0 1001795.0 994697.0 1005605.0 999921.0 1006879.0 1001568.0 1015886.0 1015947.0 1004303.0 1000113.0 991215.0 996430.0 1008613.0 989054.0 1007272.0 1003610.0 1006169.0 997139.0 1012932.0 1007379.0 994892.0 995160.0 995725.0 994885.0 992660.0 989311.0 1001658.0 1000684.0 995286.0 998353.0 987185.0 994813.0 994085.0 1008859.0 1003359.0 996878.0 993787.0 1000640.0 1015002.0 992326.0 1003701.0 995302.0 1004408.0 997103.0 1003795.0 1004821.0 992872.0 990112.0 994827.0 998020.0 1006263.0 1004684.0 1006475.0 1008437.0 993441.0 1007912.0 992940.0 1004002.0 1007176.0 1000946.0 990312.0 1003623.0 1014122.0 991136.0 993170.0 1008463.0 1007074.0 1005040.0 1005764.0 992723.0 995502.0 992151.0 996939.0 1003232.0 983538.0 988428.0 1009388.0 996181.0 1001320.0 990589.0 994416.0 1002302.0 1014488.0 1014001.0 1010076.0 1011444.0 1006630.0 1003191.0 995685.0 1007109.0 1008346.0 999906.0 990537.0 1013483.0 991943.0 1003453.0 994642.0 999291.0 994809.0 998728.0 1002736.0 1005082.0 1011631.0 1000473.0 999391.0 997877.0 1004074.0 1005109.0 986983.0 997542.0 1000956.0 991955.0 989041.0 1010278.0 1013583.0 1003540.0 982933.0 994420.0 1008294.0 1002829.0 997935.0 1010250.0 999393.0 987855.0 1011566.0 998424.0 1004222.0 994203.0 997632.0 1009304.0 1003679.0 982988.0 1002389.0 994878.0 999480.0 1001986.0 998909.0 1006040.0 1002855.0 1009007.0 997834.0 998302.0 989617.0 1000153.0 990068.0 1000609.0 1002850.0 1015783.0 1000952.0 1017628.0 1007312.0 998359.0 1001538.0 1012144.0 996295.0 995254.0 990469.0 996087.0 1000776.0 1006307.0 990678.0 1014203.0 995787.0 996972.0 1004274.0 991196.0 997483.0 999327.0 998747.0 1005505.0 1004224.0 1006784.0 1003053.0 992465.0 1006119.0 988679.0 978174.0 1009498.0 1010012.0 1004769.0 991772.0 1007270.0 1002311.0 995276.0 999842.0 989337.0 991893.0 993110.0 992277.0 993480.0 1005685.0 1005449.0 1006340.0 971094.0 994747.0 984545.0 1013105.0 1000009.0 1008384.0 1005025.0 1007680.0 991303.0 1015444.0 988889.0 1003985.0 1000039.0 994751.0 989448.0 1006420.0 1003118.0 980821.0 1003577.0 1003303.0 1008700.0 986832.0 1017255.0 1004729.0 1001660.0 996396.0 992066.0 991574.0 992036.0 983765.0 993249.0 998564.0 988270.0 982535.0 1000167.0 1008028.0 1006915.0 991584.0 1010061.0 976933.0 1004738.0 989725.0 1002385.0 994327.0 1003435.0 996798.0 1014397.0 1004665.0 1001906.0 993164.0 1006571.0 995391.0 1019499.0 1001733.0 994369.0 984713.0 1001473.0 996324.0 1008918.0 983706.0 998946.0 994416.0 1003724.0 992365.0 1006612.0 991755.0 987972.0 1005534.0 985262.0 1016471.0 1006909.0 1020945.0 1008675.0 1000570.0 998917.0 995912.0 994075.0 985360.0 1006023.0 997102.0 985114.0 1009563.0 994363.0 1014050.0 1004292.0 1005591.0 996733.0 980599.0 1000524.0 995438.0 978922.0 994932.0 990072.0 1002103.0 995234.0 997927.0 1000906.0 990998.0 1002962.0 991721.0 1002540.0 988542.0 990748.0 996476.0 998626.0 988867.0 1002293.0 995434.0 1001255.0 1012926.0 985103.0 997607.0 993013.0 999366.0 1005305.0 1024655.0 1004295.0 1006068.0 987073.0 989399.0 996240.0 997666.0 1004182.0 983374.0 1002808.0 1019021.0 1021863.0 1003845.0 981965.0 1001636.0 1002970.0 1002318.0 1008829.0 984462.0 1008344.0 998000.0 996079.0 1006439.0 1011771.0 995829.0 996010.0 1004009.0 991528.0 1006120.0 992585.0 997384.0 991658.0 987764.0 1005981.0 979608.0 1001252.0 1003709.0 995471.0 990860.0 1012972.0 998245.0 1013529.0 992382.0 1005287.0 1004183.0 1009917.0 1001689.0 994292.0 997637.0 999904.0 1001310.0 998965.0 986761.0 996177.0 1010586.0 998916.0 992564.0 1002646.0 1011556.0 1018191.0 993456.0 1007426.0 999023.0 993564.0 996351.0 1000518.0 996452.0 1008605.0 1008662.0 993444.0 990474.0 1013151.0 994766.0 984342.0 1004937.0 1003440.0 1000896.0 997404.0 1011245.0 992036.0 1000290.0 1002828.0 992729.0 997302.0 1011755.0 997756.0 989408.0 993294.0 1010235.0 1003274.0 998711.0 1003523.0 1009718.0 991115.0 1001762.0 1011798.0 1009366.0 995715.0 1003492.0 1004916.0 989516.0 1010855.0 990917.0 1004599.0 990001.0 1004260.0 1012112.0 1005466.0 997383.0 1006604.0 997332.0 1004830.0 1000736.0 999858.0 998231.0 986791.0 1008907.0 988324.0 979187.0 1009124.0 972865.0 1002731.0 992814.0 1001471.0 995779.0 990068.0 999885.0 994774.0 1002027.0 993810.0 999519.0 1017366.0 987377.0 1015743.0 1001917.0 1013673.0 991675.0 1010277.0 987745.0 1005530.0 994901.0 1017413.0 994199.0 999228.0 993711.0 999616.0 1011136.0 1002233.0 1015705.0 993665.0 995193.0 999816.0 1001359.0 996343.0 1008401.0 1000629.0 996775.0 1005521.0 987780.0 1006744.0 997820.0 998017.0 1006174.0 1003933.0 1000625.0 992037.0 995237.0 1007742.0 1009076.0 999141.0 994890.0 993256.0 1006911.0 1001100.0 992919.0 987506.0 998804.0 997437.0 1002260.0 1011953.0 983148.0 998791.0 990119.0 1002396.0 1009433.0 1003170.0 990069.0 990557.0 997122.0 995068.0 1008468.0 995001.0 1009019.0 991305.0 1002391.0 986093.0 995407.0 1004203.0 1012851.0 997159.0 1005950.0 999630.0 996259.0 996256.0 1010785.0 973133.0 986775.0 987623.0 987804.0 991660.0 992029.0 1005240.0 1001711.0 985734.0 999526.0 1004993.0 993876.0 1007742.0 1005944.0 1000512.0 1007366.0 995215.0 993060.0 1004398.0 1005396.0 1012952.0 1005567.0 996141.0 985203.0 984308.0 983410.0 1019135.0 1007014.0 1002315.0 995814.0 1015402.0 1005281.0 997556.0 985066.0 999650.0 1001305.0 997178.0 993441.0 1006173.0 1011582.0 1007058.0 998068.0 1013412.0 1002813.0 985320.0 995592.0 995187.0 991089.0 997700.0 1000624.0 1006844.0 993024.0 1008144.0 1002720.0 1014125.0 993943.0 1001930.0 994569.0 994282.0 1001175.0 1003872.0 1005984.0 994604.0 1007361.0 991379.0 1009792.0 1008849.0 1000492.0 992100.0 996621.0 990276.0 986901.0 1019851.0 997147.0 1004745.0 1021003.0 1016034.0 1001249.0 1020570.0 1005271.0 987603.0 1010754.0 1007197.0 993429.0 985083.0 1000944.0 986548.0 990445.0 1008193.0 1008242.0 1006758.0 1015373.0 994189.0 1004648.0 1003411.0 997723.0 1016823.0 1003240.0 988214.0 1007505.0 993716.0 1017820.0 985560.0 1015006.0 991935.0 1003455.0 1001142.0 1009993.0 1000641.0 1011241.0 994815.0 1005448.0 1001196.0 994026.0 991163.0 1004016.0 999843.0 988968.0 998559.0 991224.0 1014456.0 996716.0 991515.0 1010859.0 1005796.0 1002155.0 983367.0 1005000.0 986763.0 992219.0 985307.0 1003978.0 994894.0 986253.0 1018217.0 996605.0 996163.0 986781.0 1010926.0 999289.0 985176.0 978225.0 997793.0 998518.0 974701.0 1004642.0 998445.0 1001530.0 999654.0 1002120.0 1004102.0 995074.0 999175.0 1025398.0 998853.0 1008345.0 ]

10032 actual elapsed

T=1917606, R=0, W=0
T=1756811, R=0, W=0
T=1389872, R=0, W=0
T=1656936, R=0, W=0
T=2070748, R=0, W=0
T=1942831, R=0, W=0
T=1675266, R=0, W=0
T=2054557, R=0, W=0
T=1668918, R=0, W=0
T=1823558, R=0, W=0
T=1587451, R=0, W=0
T=1798035, R=0, W=0
T=1790067, R=0, W=0
T=2039488, R=0, W=0
T=2171415, R=0, W=0
T=1916281, R=0, W=0
T=1704258, R=0, W=0
T=1887470, R=0, W=0
T=1759906, R=0, W=0
T=1621307, R=0, W=0
T=1859797, R=0, W=0
T=1865178, R=0, W=0
T=1796241, R=0, W=0
T=1555117, R=0, W=0
T=2035415, R=0, W=0
T=1957455, R=0, W=0
T=1998934, R=0, W=0
T=2012790, R=0, W=0
T=1978628, R=0, W=0
T=1942676, R=0, W=0
T=1667489, R=0, W=0
T=2296147, R=0, W=0

TOTAL: T=59198648, R=0, W=0
--- 36,669 MB collected in 0.102 secs (0.7% of total), longest GC took 0.004 secs
DATA gc:  total_k 37549507  total_secs 0.102443  max_secs 0.004429
