startup =       4000
elapsed =       10000
threads =       8
accounts =      512
init =          1000000
maxAmount =     10
readFreq =      0
writeFreq =     0
readThreads =   0
writeThreads =  0
disjointTrans = false
yieldALot =     false
flavour =       rfw

warming up
timed execution

TOTAL=5.12000032E8 [ 998793.0 1003304.0 996001.0 993805.0 996875.0 1006881.0 998709.0 1002765.0 1004872.0 998370.0 997707.0 998370.0 1000267.0 1001261.0 999135.0 1000973.0 996615.0 999343.0 992775.0 997266.0 1000260.0 1002280.0 1003168.0 1003536.0 1008832.0 998996.0 997093.0 998016.0 996097.0 998169.0 999784.0 1001029.0 999577.0 996855.0 999880.0 1001038.0 999598.0 997787.0 996943.0 1002722.0 1004393.0 998233.0 1003680.0 996209.0 992126.0 1006216.0 1004698.0 1001062.0 1001187.0 1003162.0 991911.0 1004041.0 997075.0 1004668.0 1000427.0 1000384.0 1003390.0 993850.0 999788.0 998814.0 999754.0 1003072.0 994171.0 994923.0 998622.0 998425.0 994983.0 997694.0 1003288.0 1000791.0 998720.0 998041.0 999992.0 996656.0 995294.0 997352.0 1005155.0 997760.0 1004669.0 1004459.0 1000941.0 997142.0 999241.0 1003414.0 1004391.0 998546.0 999857.0 998462.0 1003314.0 1000279.0 998468.0 1001605.0 1004580.0 996307.0 1000387.0 998337.0 1000113.0 1001858.0 1005052.0 1000256.0 996534.0 995224.0 998857.0 993937.0 997276.0 1001501.0 1004392.0 996408.0 1001397.0 1004860.0 996937.0 997174.0 998066.0 997213.0 997222.0 998263.0 998947.0 999176.0 1004882.0 997143.0 1005719.0 1000477.0 1000114.0 1007657.0 1001755.0 997621.0 1007280.0 999086.0 997126.0 998734.0 999731.0 995226.0 997453.0 996617.0 1005145.0 998264.0 1003720.0 1007345.0 1000494.0 1004569.0 1003240.0 998615.0 999625.0 1003204.0 999691.0 1001418.0 1001853.0 998813.0 1000458.0 1001461.0 1009357.0 1001781.0 1001147.0 1004325.0 1000419.0 1003963.0 1001886.0 1000361.0 1007654.0 999169.0 998116.0 1007284.0 997681.0 997050.0 1001193.0 1001116.0 999022.0 999707.0 1009410.0 1005297.0 995251.0 996814.0 997075.0 999638.0 1005671.0 993972.0 998044.0 997204.0 1002466.0 1003172.0 1000158.0 997467.0 1000577.0 1004816.0 997964.0 1000969.0 1002123.0 1002056.0 1003830.0 1001600.0 1003708.0 1008800.0 1002671.0 994050.0 995814.0 1002132.0 999333.0 996905.0 998754.0 1004678.0 994218.0 996063.0 994653.0 995741.0 996466.0 1002856.0 997979.0 995481.0 1005220.0 1002747.0 998066.0 997822.0 996799.0 1003246.0 1002708.0 996995.0 1000490.0 1001428.0 998398.0 997536.0 999198.0 1001176.0 1001914.0 1002305.0 1002943.0 1003297.0 1007182.0 999567.0 1001898.0 998922.0 995860.0 998386.0 1003825.0 999372.0 1002561.0 996957.0 994367.0 1000575.0 1006355.0 1001986.0 1001186.0 1005471.0 1000591.0 1000382.0 1001544.0 998613.0 994138.0 1002131.0 999177.0 1004380.0 1007320.0 997891.0 997890.0 1004637.0 998254.0 995827.0 997897.0 999865.0 1000741.0 1000196.0 998861.0 1002224.0 996581.0 998805.0 999259.0 1000635.0 1001424.0 999111.0 1006774.0 1002401.0 997896.0 1004071.0 1001760.0 997276.0 1002171.0 1001699.0 1002956.0 999600.0 995560.0 998757.0 1004764.0 999496.0 1002916.0 998697.0 1001562.0 1000409.0 1001071.0 1003374.0 999592.0 1000063.0 1000917.0 995699.0 998114.0 997740.0 995937.0 1003505.0 994555.0 997300.0 1003956.0 1000126.0 998513.0 1002109.0 999924.0 1000697.0 997061.0 997243.0 1003379.0 995077.0 994010.0 998699.0 992970.0 997910.0 1004160.0 997921.0 996320.0 1000754.0 1007372.0 1004334.0 1002925.0 1006274.0 1003455.0 1008091.0 996596.0 1000147.0 1003532.0 1001827.0 998045.0 1001159.0 1002049.0 999458.0 997387.0 1001908.0 1000097.0 998730.0 995213.0 1004906.0 1005652.0 999281.0 994233.0 998421.0 997620.0 999011.0 994815.0 994556.0 1001443.0 998187.0 1003682.0 1000067.0 1002867.0 997595.0 1000299.0 998984.0 996441.0 998882.0 991434.0 994232.0 996220.0 999432.0 997575.0 999181.0 1000468.0 1000330.0 1002529.0 1004544.0 996100.0 999216.0 1004667.0 1001545.0 1004262.0 993965.0 999116.0 1000343.0 1002055.0 1003614.0 1000622.0 998675.0 997034.0 998270.0 999589.0 1003486.0 999564.0 998557.0 1000041.0 1000817.0 996342.0 996831.0 1000503.0 1000735.0 997625.0 1000443.0 999340.0 997629.0 996378.0 997445.0 1002828.0 1000185.0 996894.0 1003132.0 1002425.0 997269.0 1003468.0 997757.0 998617.0 1001556.0 999724.0 1001202.0 997995.0 1005206.0 1001070.0 999219.0 997217.0 1001145.0 1004214.0 1004119.0 993191.0 1006078.0 1000374.0 1004500.0 1002585.0 1001344.0 996300.0 1001209.0 1000202.0 998478.0 1001095.0 1001364.0 1000084.0 1005654.0 994666.0 1008450.0 996682.0 999241.0 997877.0 1002960.0 1001504.0 998601.0 996744.0 995535.0 991905.0 1000838.0 998783.0 999440.0 998552.0 1002161.0 1001302.0 1002787.0 999188.0 1001521.0 998020.0 999513.0 1001353.0 1000764.0 1002143.0 1003017.0 1005853.0 1003821.0 998472.0 999950.0 993570.0 995819.0 1002859.0 1001234.0 1000820.0 1002548.0 994279.0 1002988.0 994988.0 1003060.0 998786.0 1001708.0 1006769.0 997254.0 1003963.0 997405.0 998668.0 1000243.0 996782.0 992913.0 996712.0 1006106.0 994868.0 999748.0 996113.0 998643.0 993857.0 997462.0 1002065.0 1002036.0 997630.0 997941.0 999916.0 999983.0 999024.0 992877.0 998545.0 996332.0 1002799.0 995725.0 1002447.0 1003305.0 999135.0 1006176.0 999018.0 995990.0 1000189.0 999226.0 999180.0 996571.0 1000923.0 1000339.0 997149.0 994624.0 ]

10002 actual elapsed

T=4381050, R=0, W=0
T=6797801, R=0, W=0
T=6124097, R=0, W=0
T=6653086, R=0, W=0
T=6240172, R=0, W=0
T=7313206, R=0, W=0
T=7475465, R=0, W=0
T=8253237, R=0, W=0

TOTAL: T=53238114, R=0, W=0
--- 41,039 MB collected in 0.049 secs (0.3% of total), longest GC took 0.003 secs
DATA gc:  total_k 42023974  total_secs 0.048802  max_secs 0.00285
