Number of accounts  = 2
Initial amount      = 1000000.0
Maximal transfer    = 10
Read-all frequency  = 0%
Write-all frequency = 0%
Read-all threads    = 0
Write-all threads   = 0
Disjoint            = false
Yield               = false

Starting threads... 0 1
End of warmup phase... 0 1
End of test phase... 0 1
Waiting for threads to finish...
All threads returned successfully
RESULTS:

  Warmup duration (ms) = 4000
  Test duration (ms)   = 10000
  Nb iterations        = 7701057
TOTAL: T=7701057, R=0, W=0

TOTAL=2000000 [ 0=964591.0 1=1035409.0 ]
    0 : 4407828 (T=4407828, R=0, W=0)
    1 : 3293229 (T=3293229, R=0, W=0)
--- 3,110 MB collected in 0.044 secs (0.3% of total), longest GC took 0.006 secs
DATA gc:  total_k 3184976  total_secs 0.044042  max_secs 0.005508
