Number of accounts  = 32
Initial amount      = 100000.0
Maximal transfer    = 10
Read-all frequency  = 0%
Write-all frequency = 0%
Read-all threads    = 0
Write-all threads   = 0
Disjoint            = false
Yield               = false

Starting threads... 0 1 2 3 4 5 6 7 8 9 10 11 12 13 14 15 16 17 18 19 20 21 22 23 24 25 26 27 28 29 30 31
End of warmup phase... 0 1 2 3 4 5 6 7 8 9 10 11 12 13 14 15 16 17 18 19 20 21 22 23 24 25 26 27 28 29 30 31
End of test phase... 0 1 2 3 4 5 6 7 8 9 10 11 12 13 14 15 16 17 18 19 20 21 22 23 24 25 26 27 28 29 30 31
Waiting for threads to finish...
All threads returned successfully
RESULTS:

  Warmup duration (ms) = 4000
  Test duration (ms)   = 10000
  Nb iterations        = 9393263
  Stats                = T=9393263, R=0, W=0, TOTAL=3200000 [ 0=105561.0 1=89540.0 2=94896.0 3=102133.0 4=97754.0 5=105218.0 6=100371.0 7=104422.0 8=92719.0 9=104639.0 10=100589.0 11=101824.0 12=98564.0 13=85026.0 14=95279.0 15=105440.0 16=92570.0 17=99350.0 18=105303.0 19=97924.0 20=108831.0 21=103418.0 22=99110.0 23=108035.0 24=103273.0 25=101612.0 26=98121.0 27=100439.0 28=104781.0 29=102326.0 30=93744.0 31=97188.0 ]
    0 : 333561 (T=333561, R=0, W=0)
    1 : 253405 (T=253405, R=0, W=0)
    2 : 263917 (T=263917, R=0, W=0)
    3 : 258146 (T=258146, R=0, W=0)
    4 : 274308 (T=274308, R=0, W=0)
    5 : 307776 (T=307776, R=0, W=0)
    6 : 306345 (T=306345, R=0, W=0)
    7 : 194463 (T=194463, R=0, W=0)
    8 : 266485 (T=266485, R=0, W=0)
    9 : 241824 (T=241824, R=0, W=0)
    10 : 283141 (T=283141, R=0, W=0)
    11 : 274134 (T=274134, R=0, W=0)
    12 : 325850 (T=325850, R=0, W=0)
    13 : 344047 (T=344047, R=0, W=0)
    14 : 283830 (T=283830, R=0, W=0)
    15 : 259385 (T=259385, R=0, W=0)
    16 : 262226 (T=262226, R=0, W=0)
    17 : 270339 (T=270339, R=0, W=0)
    18 : 336728 (T=336728, R=0, W=0)
    19 : 335120 (T=335120, R=0, W=0)
    20 : 361739 (T=361739, R=0, W=0)
    21 : 317802 (T=317802, R=0, W=0)
    22 : 307581 (T=307581, R=0, W=0)
    23 : 302166 (T=302166, R=0, W=0)
    24 : 318631 (T=318631, R=0, W=0)
    25 : 298644 (T=298644, R=0, W=0)
    26 : 331431 (T=331431, R=0, W=0)
    27 : 281011 (T=281011, R=0, W=0)
    28 : 284732 (T=284732, R=0, W=0)
    29 : 251321 (T=251321, R=0, W=0)
    30 : 357048 (T=357048, R=0, W=0)
    31 : 306127 (T=306127, R=0, W=0)
--- 5,748 MB collected in 0.115 secs (1.0% of total), longest GC took 0.026 secs
DATA gc:  total_k 5886768  total_secs 0.114557  max_secs 0.026238
