Number of accounts  = 32
Initial amount      = 100000.0
Maximal transfer    = 10
Read-all frequency  = 0%
Write-all frequency = 0%
Read-all threads    = 0
Write-all threads   = 0
Disjoint            = false
Yield               = false

Starting threads... 0 1 2 3 4 5 6 7 8 9 10 11 12 13 14 15 16 17 18 19 20 21 22 23 24 25 26 27 28 29 30 31
End of warmup phase... 0 1 2 3 4 5 6 7 8 9 10 11 12 13 14 15 16 17 18 19 20 21 22 23 24 25 26 27 28 29 30 31
End of test phase... 0 1 2 3 4 5 6 7 8 9 10 11 12 13 14 15 16 17 18 19 20 21 22 23 24 25 26 27 28 29 30 31
Waiting for threads to finish...
All threads returned successfully
RESULTS:

  Warmup duration (ms) = 20001
  Test duration (ms)   = 10006
  Nb iterations        = 1704937
  Stats                = T=1704937, R=0, W=0, TOTAL=3200000 [ 0=94599.0 1=104986.0 2=100116.0 3=103201.0 4=100028.0 5=102039.0 6=96397.0 7=96797.0 8=96942.0 9=101208.0 10=97832.0 11=98230.0 12=97599.0 13=99730.0 14=100618.0 15=109248.0 16=101894.0 17=102212.0 18=98360.0 19=105281.0 20=94795.0 21=108422.0 22=97448.0 23=99958.0 24=99835.0 25=97410.0 26=104736.0 27=97063.0 28=96142.0 29=93942.0 30=101606.0 31=101326.0 ]
    0 : 65682 (T=65682, R=0, W=0)
    1 : 40595 (T=40595, R=0, W=0)
    2 : 60722 (T=60722, R=0, W=0)
    3 : 67293 (T=67293, R=0, W=0)
    4 : 72916 (T=72916, R=0, W=0)
    5 : 50904 (T=50904, R=0, W=0)
    6 : 65142 (T=65142, R=0, W=0)
    7 : 68691 (T=68691, R=0, W=0)
    8 : 64495 (T=64495, R=0, W=0)
    9 : 24237 (T=24237, R=0, W=0)
    10 : 40182 (T=40182, R=0, W=0)
    11 : 67651 (T=67651, R=0, W=0)
    12 : 63223 (T=63223, R=0, W=0)
    13 : 58696 (T=58696, R=0, W=0)
    14 : 63651 (T=63651, R=0, W=0)
    15 : 71339 (T=71339, R=0, W=0)
    16 : 47960 (T=47960, R=0, W=0)
    17 : 41494 (T=41494, R=0, W=0)
    18 : 41603 (T=41603, R=0, W=0)
    19 : 47129 (T=47129, R=0, W=0)
    20 : 22013 (T=22013, R=0, W=0)
    21 : 24690 (T=24690, R=0, W=0)
    22 : 29602 (T=29602, R=0, W=0)
    23 : 47172 (T=47172, R=0, W=0)
    24 : 68559 (T=68559, R=0, W=0)
    25 : 55788 (T=55788, R=0, W=0)
    26 : 59413 (T=59413, R=0, W=0)
    27 : 63044 (T=63044, R=0, W=0)
    28 : 43340 (T=43340, R=0, W=0)
    29 : 57735 (T=57735, R=0, W=0)
    30 : 42298 (T=42298, R=0, W=0)
    31 : 67678 (T=67678, R=0, W=0)
--- 32695 MB collected in 1.708 secs (5.5% of total), longest GC took 0.164 secs
DATA gc:  total_k 33479792  total_secs 1.70765  max_secs 0.164432
