Number of accounts  = 8
Initial amount      = 100000.0
Maximal transfer    = 10
Read-all frequency  = 0%
Write-all frequency = 0%
Read-all threads    = 0
Write-all threads   = 0
Disjoint            = false
Yield               = false

Starting threads... 0 1 2 3 4 5 6 7
End of warmup phase... 0 1 2 3 4 5 6 7
End of test phase... 0 1 2 3 4 5 6 7
Waiting for threads to finish...
All threads returned successfully
RESULTS:

  Warmup duration (ms) = 3099190
  Test duration (ms)   = 3101884
  Nb iterations        = 1055850
  Stats                = T=1055850, R=0, W=0, TOTAL=800000 [ 0=99939.0 1=104932.0 2=103448.0 3=97194.0 4=101916.0 5=99080.0 6=96016.0 7=97475.0 ]
    0 : 217232 (T=217232, R=0, W=0)
    1 : 0 (T=0, R=0, W=0)
    2 : 252117 (T=252117, R=0, W=0)
    3 : 0 (T=0, R=0, W=0)
    4 : 204099 (T=204099, R=0, W=0)
    5 : 0 (T=0, R=0, W=0)
    6 : 200067 (T=200067, R=0, W=0)
    7 : 182335 (T=182335, R=0, W=0)
--- 508 MB collected in 0.267 secs (0.0% of total), longest GC took 0.142 secs
DATA gc:  total_k 520496  total_secs 0.266661  max_secs 0.142277
