Number of accounts  = 256
Initial amount      = 1000000.0
Maximal transfer    = 10
Read-all frequency  = 0%
Write-all frequency = 0%
Read-all threads    = 0
Write-all threads   = 0
Disjoint            = false
Yield               = false

Starting threads... 0 1 2 3
End of warmup phase... 0 1 2 3
End of test phase... 0 1 2 3
Waiting for threads to finish...
All threads returned successfully
RESULTS:

  Warmup duration (ms) = 4000
  Test duration (ms)   = 10000
  Nb iterations        = 35472946
TOTAL: T=35472946, R=0, W=0

TOTAL=256000000 [ 0=999268.0 1=1003340.0 2=1002969.0 3=1003315.0 4=998730.0 5=999604.0 6=997345.0 7=1003563.0 8=993617.0 9=1000129.0 10=998931.0 11=1001717.0 12=993178.0 13=999163.0 14=1011440.0 15=1004472.0 16=1000401.0 17=997721.0 18=1000499.0 19=1006324.0 20=990884.0 21=995449.0 22=1004214.0 23=998555.0 24=995541.0 25=995254.0 26=1002231.0 27=1001417.0 28=996484.0 29=998159.0 30=996121.0 31=1001829.0 32=994083.0 33=1000733.0 34=1005904.0 35=1000899.0 36=1010376.0 37=1000807.0 38=997489.0 39=995892.0 40=997921.0 41=1000872.0 42=999869.0 43=1001141.0 44=1001997.0 45=995048.0 46=999464.0 47=1001308.0 48=1011031.0 49=995337.0 50=999081.0 51=999186.0 52=997884.0 53=996309.0 54=1007098.0 55=1000104.0 56=1000208.0 57=1001841.0 58=1001426.0 59=997421.0 60=1004479.0 61=1001365.0 62=992225.0 63=1003843.0 64=1000263.0 65=1005665.0 66=996813.0 67=1000885.0 68=1001278.0 69=997480.0 70=1004244.0 71=993497.0 72=996549.0 73=1001220.0 74=1000923.0 75=994159.0 76=1003435.0 77=992618.0 78=997570.0 79=1001157.0 80=1002258.0 81=1001656.0 82=1000866.0 83=1005050.0 84=1002092.0 85=1002594.0 86=1002875.0 87=994447.0 88=1007836.0 89=1002715.0 90=1006246.0 91=1000759.0 92=1000261.0 93=1000197.0 94=998901.0 95=1006452.0 96=999210.0 97=1002113.0 98=998420.0 99=1000878.0 100=1002793.0 101=995866.0 102=994285.0 103=1002133.0 104=1001336.0 105=1000933.0 106=1002592.0 107=1001689.0 108=993172.0 109=1002352.0 110=999423.0 111=1001227.0 112=993781.0 113=1000680.0 114=1000058.0 115=1001868.0 116=1003611.0 117=1002869.0 118=996831.0 119=1003998.0 120=1002222.0 121=1003366.0 122=997253.0 123=999136.0 124=998219.0 125=1001212.0 126=998444.0 127=1006997.0 128=998928.0 129=995565.0 130=993656.0 131=1002855.0 132=999051.0 133=998789.0 134=996868.0 135=1002281.0 136=1001571.0 137=1001681.0 138=1002962.0 139=999274.0 140=993066.0 141=1001137.0 142=998077.0 143=1006562.0 144=1004863.0 145=1000182.0 146=1001536.0 147=995610.0 148=1001149.0 149=995190.0 150=999375.0 151=998966.0 152=1000776.0 153=1001194.0 154=1001215.0 155=996118.0 156=1006420.0 157=993593.0 158=995486.0 159=1001128.0 160=999487.0 161=997924.0 162=1000801.0 163=999847.0 164=994900.0 165=999203.0 166=1001601.0 167=998455.0 168=996095.0 169=1009815.0 170=999185.0 171=1001985.0 172=1001139.0 173=998705.0 174=998116.0 175=995558.0 176=1007455.0 177=993178.0 178=999002.0 179=995853.0 180=999899.0 181=998779.0 182=1006444.0 183=1008233.0 184=1003001.0 185=1002778.0 186=995631.0 187=1004747.0 188=998858.0 189=999296.0 190=984469.0 191=997271.0 192=999963.0 193=998575.0 194=998098.0 195=1002588.0 196=1004156.0 197=996606.0 198=1002209.0 199=1005579.0 200=998876.0 201=1004938.0 202=997611.0 203=1002557.0 204=999332.0 205=997574.0 206=1000957.0 207=997727.0 208=1000023.0 209=998082.0 210=1000402.0 211=994261.0 212=998371.0 213=1004112.0 214=992435.0 215=997849.0 216=995962.0 217=1002892.0 218=994182.0 219=1001624.0 220=1003972.0 221=1001583.0 222=996714.0 223=1002009.0 224=996500.0 225=1000349.0 226=1004967.0 227=1001614.0 228=998323.0 229=1005863.0 230=993709.0 231=1001573.0 232=1001565.0 233=1002311.0 234=1001516.0 235=999609.0 236=1002366.0 237=1002730.0 238=999171.0 239=1000543.0 240=1000599.0 241=1000116.0 242=998182.0 243=995489.0 244=998205.0 245=997417.0 246=993459.0 247=1004068.0 248=1000709.0 249=998596.0 250=998938.0 251=1004153.0 252=994434.0 253=1002663.0 254=1003601.0 255=995565.0 ]
    0 : 8638558 (T=8638558, R=0, W=0)
    1 : 9165496 (T=9165496, R=0, W=0)
    2 : 9191091 (T=9191091, R=0, W=0)
    3 : 8477801 (T=8477801, R=0, W=0)
--- 9,572 MB collected in 0.052 secs (0.4% of total), longest GC took 0.009 secs
DATA gc:  total_k 9801983  total_secs 0.052459  max_secs 0.008555
