Number of accounts  = 1
Initial amount      = 100000.0
Maximal transfer    = 10
Read-all frequency  = 0%
Write-all frequency = 0%
Read-all threads    = 0
Write-all threads   = 0
Disjoint            = false
Yield               = false

Starting threads... 0
End of warmup phase... 0
End of test phase... 0
Waiting for threads to finish...
All threads returned successfully
RESULTS:

  Warmup duration (ms) = 4000
  Test duration (ms)   = 10000
  Nb iterations        = 17317146
  Stats                = T=17317146, R=0, W=0, TOTAL=100000 [ 0=100000.0 ]
    0 : 17317146 (T=17317146, R=0, W=0)
--- 3,356 MB collected in 0.046 secs (0.4% of total), longest GC took 0.006 secs
DATA gc:  total_k 3436832  total_secs 0.046389  max_secs 0.006062
