Number of accounts  = 128
Initial amount      = 100000.0
Maximal transfer    = 10
Read-all frequency  = 0%
Write-all frequency = 0%
Read-all threads    = 0
Write-all threads   = 0
Disjoint            = false
Yield               = false

Starting threads... 0 1
End of warmup phase... 0 1
End of test phase... 0 1
Waiting for threads to finish...
All threads returned successfully
RESULTS:

  Warmup duration (ms) = 20002
  Test duration (ms)   = 10008
  Nb iterations        = 1789958
  Stats                = T=1789958, R=0, W=0, TOTAL=12800000 [ 0=99330.0 1=100111.0 2=99344.0 3=97832.0 4=102196.0 5=97653.0 6=101579.0 7=100560.0 8=99740.0 9=102271.0 10=101578.0 11=102507.0 12=101108.0 13=99673.0 14=96864.0 15=100421.0 16=101843.0 17=100715.0 18=98961.0 19=99247.0 20=101754.0 21=99126.0 22=101563.0 23=99789.0 24=98539.0 25=102142.0 26=99507.0 27=101209.0 28=100910.0 29=97891.0 30=102335.0 31=100370.0 32=97862.0 33=99922.0 34=102480.0 35=99376.0 36=101367.0 37=100667.0 38=99626.0 39=99897.0 40=99945.0 41=100499.0 42=100349.0 43=97375.0 44=102146.0 45=98125.0 46=102430.0 47=99595.0 48=100366.0 49=98375.0 50=98058.0 51=101055.0 52=103313.0 53=97560.0 54=100110.0 55=98886.0 56=96176.0 57=99029.0 58=99222.0 59=101116.0 60=100718.0 61=99374.0 62=98791.0 63=98261.0 64=100630.0 65=101131.0 66=101246.0 67=100028.0 68=99289.0 69=97409.0 70=99019.0 71=99773.0 72=100404.0 73=99123.0 74=98241.0 75=97818.0 76=100092.0 77=99059.0 78=96940.0 79=101068.0 80=101721.0 81=100460.0 82=98815.0 83=100891.0 84=99569.0 85=99300.0 86=102606.0 87=98203.0 88=103224.0 89=99335.0 90=101451.0 91=102509.0 92=99673.0 93=99593.0 94=98411.0 95=101361.0 96=100325.0 97=101549.0 98=100153.0 99=99822.0 100=98296.0 101=99317.0 102=100880.0 103=99182.0 104=101127.0 105=98847.0 106=98850.0 107=100229.0 108=102303.0 109=100726.0 110=100966.0 111=100052.0 112=100316.0 113=101052.0 114=99015.0 115=98709.0 116=97958.0 117=99705.0 118=99463.0 119=100645.0 120=98790.0 121=97891.0 122=100377.0 123=98660.0 124=100938.0 125=100313.0 126=102464.0 127=101949.0 ]
    0 : 894258 (T=894258, R=0, W=0)
    1 : 895700 (T=895700, R=0, W=0)
--- 509 MB collected in 0.292 secs (1.1% of total), longest GC took 0.166 secs
DATA gc:  total_k 521864  total_secs 0.292314  max_secs 0.165583
