Number of accounts  = 4
Initial amount      = 100000.0
Maximal transfer    = 10
Read-all frequency  = 0%
Write-all frequency = 0%
Read-all threads    = 0
Write-all threads   = 0
Disjoint            = false
Yield               = false

Starting threads... 0 1 2 3
End of warmup phase... 0 1 2 3
End of test phase... 0 1 2 3
Waiting for threads to finish...
All threads returned successfully
RESULTS:

  Warmup duration (ms) = 3103795
  Test duration (ms)   = 3118315
  Nb iterations        = 1162033
  Stats                = T=1162033, R=0, W=0, TOTAL=400000 [ 0=99928.0 1=93869.0 2=105340.0 3=100863.0 ]
    0 : 369163 (T=369163, R=0, W=0)
    1 : 388363 (T=388363, R=0, W=0)
    2 : 0 (T=0, R=0, W=0)
    3 : 404507 (T=404507, R=0, W=0)
--- 505 MB collected in 0.248 secs (0.0% of total), longest GC took 0.124 secs
DATA gc:  total_k 517328  total_secs 0.247816  max_secs 0.124015
