Number of accounts  = 2
Initial amount      = 100000.0
Maximal transfer    = 10
Read-all frequency  = 0%
Write-all frequency = 0%
Read-all threads    = 0
Write-all threads   = 0
Disjoint            = false
Yield               = false

Starting threads... 0 1
End of warmup phase... 0 1
End of test phase... 0 1
Waiting for threads to finish...
All threads returned successfully
RESULTS:

  Warmup duration (ms) = 20001
  Test duration (ms)   = 10008
  Nb iterations        = 20018
  Stats                = T=20018, R=0, W=0, TOTAL=200000 [ 0=100639.0 1=99361.0 ]
    0 : 11305 (T=11305, R=0, W=0)
    1 : 8713 (T=8713, R=0, W=0)
--- 1875 MB collected in 0.624 secs (2.1% of total), longest GC took 0.151 secs
DATA gc:  total_k 1920592  total_secs 0.623636  max_secs 0.151436
