Number of accounts  = 256
Initial amount      = 100000.0
Maximal transfer    = 10
Read-all frequency  = 0%
Write-all frequency = 0%
Read-all threads    = 0
Write-all threads   = 0
Disjoint            = false
Yield               = false

Starting threads... 0 1 2 3
End of warmup phase... 0 1 2 3
End of test phase... 0 1 2 3
Waiting for threads to finish...
All threads returned successfully
RESULTS:

  Warmup duration (ms) = 20007
  Test duration (ms)   = 10008
  Nb iterations        = 5403749
  Stats                = T=5403749, R=0, W=0, TOTAL=25600008 [ 0=99354.0 1=98388.0 2=99232.0 3=103751.0 4=97568.0 5=96751.0 6=101502.0 7=97198.0 8=99703.0 9=100203.0 10=99007.0 11=96397.0 12=98445.0 13=100096.0 14=101000.0 15=101359.0 16=100040.0 17=100982.0 18=97493.0 19=105350.0 20=101433.0 21=100121.0 22=100605.0 23=99767.0 24=98823.0 25=97659.0 26=101635.0 27=101317.0 28=103107.0 29=101180.0 30=99549.0 31=101561.0 32=93238.0 33=99168.0 34=97444.0 35=100867.0 36=100974.0 37=99138.0 38=101857.0 39=99152.0 40=98693.0 41=98220.0 42=101343.0 43=101695.0 44=97845.0 45=100100.0 46=101042.0 47=102981.0 48=100833.0 49=100446.0 50=99164.0 51=101502.0 52=96915.0 53=100265.0 54=98173.0 55=101252.0 56=102856.0 57=101363.0 58=98741.0 59=99678.0 60=101291.0 61=98102.0 62=102489.0 63=97807.0 64=99209.0 65=102114.0 66=98086.0 67=100221.0 68=100965.0 69=98508.0 70=100279.0 71=99323.0 72=98584.0 73=95909.0 74=105840.0 75=105814.0 76=98687.0 77=96891.0 78=97814.0 79=99395.0 80=99405.0 81=101251.0 82=99356.0 83=101765.0 84=98559.0 85=104874.0 86=99985.0 87=102816.0 88=98589.0 89=101858.0 90=99732.0 91=99527.0 92=101017.0 93=96766.0 94=104152.0 95=99377.0 96=101192.0 97=98342.0 98=99424.0 99=102229.0 100=101184.0 101=99267.0 102=98551.0 103=101545.0 104=96746.0 105=101319.0 106=102871.0 107=99106.0 108=99434.0 109=101991.0 110=100450.0 111=105064.0 112=103167.0 113=97896.0 114=97207.0 115=98592.0 116=100755.0 117=97708.0 118=100728.0 119=101957.0 120=100835.0 121=101261.0 122=101021.0 123=99390.0 124=100307.0 125=103700.0 126=101219.0 127=101042.0 128=99279.0 129=100967.0 130=99450.0 131=103615.0 132=95371.0 133=106564.0 134=100510.0 135=100682.0 136=97390.0 137=100483.0 138=100844.0 139=98683.0 140=97429.0 141=103272.0 142=96309.0 143=99437.0 144=102706.0 145=100914.0 146=101484.0 147=98501.0 148=101889.0 149=98880.0 150=101769.0 151=102593.0 152=99048.0 153=98676.0 154=101234.0 155=98343.0 156=102313.0 157=99915.0 158=101111.0 159=100841.0 160=103203.0 161=98653.0 162=100463.0 163=98714.0 164=99108.0 165=96569.0 166=100667.0 167=102069.0 168=99245.0 169=102471.0 170=96398.0 171=97913.0 172=99427.0 173=98221.0 174=98105.0 175=101084.0 176=100588.0 177=100534.0 178=99177.0 179=97527.0 180=95263.0 181=100933.0 182=102250.0 183=99811.0 184=101106.0 185=99431.0 186=99338.0 187=100619.0 188=98480.0 189=95702.0 190=97890.0 191=100331.0 192=100508.0 193=101698.0 194=101658.0 195=97780.0 196=101795.0 197=103268.0 198=104587.0 199=94378.0 200=102616.0 201=98246.0 202=101207.0 203=98037.0 204=102364.0 205=96057.0 206=99975.0 207=99491.0 208=99283.0 209=97823.0 210=98372.0 211=98618.0 212=101138.0 213=99438.0 214=100161.0 215=96987.0 216=99561.0 217=98312.0 218=104090.0 219=99798.0 220=99037.0 221=98583.0 222=99649.0 223=98977.0 224=102136.0 225=100271.0 226=100182.0 227=99929.0 228=103321.0 229=100396.0 230=101885.0 231=100755.0 232=98144.0 233=98430.0 234=96881.0 235=99653.0 236=103161.0 237=102079.0 238=100223.0 239=96130.0 240=97533.0 241=99665.0 242=100354.0 243=99905.0 244=99098.0 245=99085.0 246=98737.0 247=99458.0 248=100771.0 249=99428.0 250=99552.0 251=101314.0 252=101124.0 253=99435.0 254=102226.0 255=96077.0 ]
    0 : 1384822 (T=1384822, R=0, W=0)
    1 : 1342667 (T=1342667, R=0, W=0)
    2 : 1309916 (T=1309916, R=0, W=0)
    3 : 1366344 (T=1366344, R=0, W=0)
--- 3192 MB collected in 0.626 secs (2.1% of total), longest GC took 0.141 secs
DATA gc:  total_k 3269256  total_secs 0.62563  max_secs 0.140961
