Number of accounts  = 512
Initial amount      = 1000000.0
Maximal transfer    = 10
Read-all frequency  = 0%
Write-all frequency = 0%
Read-all threads    = 0
Write-all threads   = 0
Disjoint            = false
Yield               = false

Starting threads... 0 1 2 3 4 5 6 7
End of warmup phase... 0 1 2 3 4 5 6 7
End of test phase... 0 1 2 3 4 5 6 7
Waiting for threads to finish...
All threads returned successfully
RESULTS:

  Warmup duration (ms) = 4000
  Test duration (ms)   = 10000
  Nb iterations        = 66935572
TOTAL: T=66935572, R=0, W=0

TOTAL=512000192 [ 0=999667.0 1=1001262.0 2=1003219.0 3=998305.0 4=995435.0 5=995730.0 6=1000539.0 7=994481.0 8=1004623.0 9=998748.0 10=1002394.0 11=1004322.0 12=998333.0 13=1003217.0 14=1003998.0 15=1004763.0 16=1002384.0 17=998055.0 18=998176.0 19=997305.0 20=1006057.0 21=1005410.0 22=1002949.0 23=1006037.0 24=998297.0 25=998872.0 26=993140.0 27=1002538.0 28=1008297.0 29=1000606.0 30=1002697.0 31=1000698.0 32=995546.0 33=999114.0 34=1000218.0 35=997335.0 36=1004418.0 37=996105.0 38=1003310.0 39=1003851.0 40=996910.0 41=1005573.0 42=1001348.0 43=1001025.0 44=1003642.0 45=997150.0 46=1006499.0 47=996936.0 48=999603.0 49=998853.0 50=1004052.0 51=1001878.0 52=997848.0 53=998224.0 54=1004930.0 55=1002100.0 56=1003651.0 57=995901.0 58=1000344.0 59=989115.0 60=998301.0 61=1002653.0 62=1002008.0 63=998357.0 64=998617.0 65=1002521.0 66=1001170.0 67=995147.0 68=995118.0 69=996315.0 70=1001075.0 71=997835.0 72=996660.0 73=999131.0 74=1006951.0 75=1002365.0 76=1005639.0 77=1004023.0 78=1000141.0 79=998174.0 80=1006328.0 81=1002409.0 82=1006736.0 83=996744.0 84=995259.0 85=1001985.0 86=999216.0 87=1002492.0 88=996561.0 89=1005734.0 90=998731.0 91=998595.0 92=999736.0 93=1000501.0 94=998260.0 95=1004716.0 96=1001894.0 97=998859.0 98=996796.0 99=1005662.0 100=1003008.0 101=1002659.0 102=996842.0 103=1002106.0 104=994560.0 105=999227.0 106=1001207.0 107=1000444.0 108=995778.0 109=998271.0 110=998244.0 111=1001937.0 112=998745.0 113=997322.0 114=992541.0 115=1002688.0 116=1001421.0 117=996740.0 118=1003884.0 119=1002349.0 120=997407.0 121=1002392.0 122=999117.0 123=1001835.0 124=997124.0 125=998751.0 126=1004790.0 127=1006774.0 128=1002685.0 129=998261.0 130=1006416.0 131=996167.0 132=994083.0 133=1002427.0 134=1001098.0 135=995996.0 136=1006935.0 137=1003210.0 138=1007839.0 139=997857.0 140=1003693.0 141=992029.0 142=999759.0 143=1000190.0 144=1001994.0 145=995255.0 146=995045.0 147=1001197.0 148=1001124.0 149=994001.0 150=989341.0 151=1005853.0 152=1003407.0 153=1003224.0 154=996520.0 155=998269.0 156=1000096.0 157=1004518.0 158=998946.0 159=999432.0 160=997880.0 161=995675.0 162=1003606.0 163=996679.0 164=997221.0 165=997886.0 166=1002314.0 167=1002864.0 168=997695.0 169=1000380.0 170=999160.0 171=996052.0 172=1001956.0 173=993504.0 174=1002422.0 175=995272.0 176=999474.0 177=1000921.0 178=1001832.0 179=1002715.0 180=1000541.0 181=1002117.0 182=998120.0 183=990928.0 184=1004489.0 185=997517.0 186=996459.0 187=998619.0 188=999200.0 189=1003991.0 190=998331.0 191=1003152.0 192=992278.0 193=999642.0 194=994737.0 195=1001272.0 196=1001427.0 197=992697.0 198=994144.0 199=1002622.0 200=996688.0 201=992204.0 202=998328.0 203=1001556.0 204=998909.0 205=999744.0 206=1004624.0 207=1001172.0 208=1000931.0 209=1000736.0 210=995390.0 211=1001784.0 212=1002902.0 213=1003716.0 214=999841.0 215=1008394.0 216=995972.0 217=995811.0 218=999292.0 219=1000045.0 220=1003724.0 221=1002090.0 222=1003213.0 223=1005838.0 224=998694.0 225=995732.0 226=995462.0 227=1004996.0 228=1000084.0 229=996652.0 230=1007124.0 231=998371.0 232=997876.0 233=1000581.0 234=1002787.0 235=1002051.0 236=1002447.0 237=997371.0 238=1002318.0 239=997526.0 240=1004617.0 241=1001943.0 242=998784.0 243=994360.0 244=989953.0 245=997877.0 246=1004160.0 247=997490.0 248=996650.0 249=998911.0 250=1001781.0 251=1004979.0 252=999991.0 253=998912.0 254=994376.0 255=1004471.0 256=997596.0 257=1002957.0 258=996441.0 259=997261.0 260=996356.0 261=1000152.0 262=1005190.0 263=989406.0 264=1006723.0 265=1005422.0 266=1006932.0 267=1000178.0 268=1000715.0 269=997845.0 270=1000925.0 271=1005528.0 272=1004263.0 273=1001538.0 274=1000738.0 275=994240.0 276=998511.0 277=999821.0 278=998072.0 279=997270.0 280=1000631.0 281=999957.0 282=1001480.0 283=1001948.0 284=998684.0 285=1008636.0 286=996635.0 287=998483.0 288=999649.0 289=1003925.0 290=1002481.0 291=1001042.0 292=998227.0 293=1001368.0 294=1000134.0 295=995187.0 296=1002838.0 297=993929.0 298=1005700.0 299=997154.0 300=996205.0 301=994071.0 302=1004958.0 303=1001259.0 304=999391.0 305=993642.0 306=1006208.0 307=1000603.0 308=999135.0 309=1002340.0 310=1004339.0 311=993502.0 312=1003468.0 313=1003600.0 314=1000741.0 315=1002833.0 316=1000324.0 317=1005060.0 318=997541.0 319=1002062.0 320=1001360.0 321=1004846.0 322=1000342.0 323=996586.0 324=1000480.0 325=1006805.0 326=997502.0 327=1000272.0 328=999786.0 329=999286.0 330=1000388.0 331=1002789.0 332=1000641.0 333=998182.0 334=999613.0 335=1002294.0 336=1003819.0 337=1002354.0 338=1001695.0 339=1001598.0 340=995441.0 341=1001233.0 342=1001409.0 343=996643.0 344=1004989.0 345=1001534.0 346=999880.0 347=1000306.0 348=1003766.0 349=995066.0 350=998692.0 351=995437.0 352=1001820.0 353=1000431.0 354=997264.0 355=995964.0 356=992300.0 357=990638.0 358=1000235.0 359=1000661.0 360=999151.0 361=998667.0 362=1000093.0 363=994235.0 364=998916.0 365=1001473.0 366=996863.0 367=995345.0 368=999567.0 369=993762.0 370=1005885.0 371=1000068.0 372=999211.0 373=999147.0 374=997627.0 375=1000382.0 376=995990.0 377=1006889.0 378=995033.0 379=996449.0 380=1004904.0 381=998171.0 382=1002232.0 383=1002248.0 384=994857.0 385=991815.0 386=1005461.0 387=1001581.0 388=996887.0 389=1002963.0 390=1002705.0 391=997816.0 392=1001076.0 393=1003257.0 394=1002579.0 395=998931.0 396=1008537.0 397=1002218.0 398=997599.0 399=1001512.0 400=1000892.0 401=997181.0 402=996954.0 403=999127.0 404=995885.0 405=996511.0 406=999491.0 407=996166.0 408=1000533.0 409=995504.0 410=998448.0 411=1002156.0 412=995372.0 413=1000493.0 414=1001238.0 415=1001642.0 416=999212.0 417=1000034.0 418=1001399.0 419=1007157.0 420=994032.0 421=993450.0 422=1001651.0 423=1001434.0 424=1000039.0 425=999607.0 426=999334.0 427=992241.0 428=1004445.0 429=1003317.0 430=999734.0 431=996354.0 432=1007205.0 433=1007204.0 434=999836.0 435=1003402.0 436=999613.0 437=999230.0 438=1000987.0 439=1005497.0 440=1002602.0 441=1001850.0 442=1005377.0 443=999855.0 444=997941.0 445=997714.0 446=998473.0 447=1000538.0 448=999193.0 449=1005107.0 450=995072.0 451=998186.0 452=996681.0 453=1003476.0 454=997192.0 455=1000195.0 456=997833.0 457=997841.0 458=998610.0 459=1002842.0 460=995220.0 461=1001073.0 462=1002619.0 463=995514.0 464=1000090.0 465=998977.0 466=1006633.0 467=994739.0 468=994939.0 469=995233.0 470=1007636.0 471=991258.0 472=997562.0 473=999248.0 474=1001254.0 475=999628.0 476=1001573.0 477=1001397.0 478=996150.0 479=998087.0 480=1001472.0 481=1008981.0 482=1001727.0 483=1000579.0 484=1005542.0 485=998936.0 486=999194.0 487=997728.0 488=1002679.0 489=1005869.0 490=999371.0 491=997023.0 492=994911.0 493=999223.0 494=1005919.0 495=1001325.0 496=998864.0 497=999390.0 498=1005128.0 499=1001601.0 500=997196.0 501=994302.0 502=1000832.0 503=993694.0 504=996468.0 505=1000673.0 506=1002314.0 507=994555.0 508=1000931.0 509=1001026.0 510=1001980.0 511=1000753.0 ]
    0 : 8403944 (T=8403944, R=0, W=0)
    1 : 8726796 (T=8726796, R=0, W=0)
    2 : 8724861 (T=8724861, R=0, W=0)
    3 : 8072445 (T=8072445, R=0, W=0)
    4 : 8121677 (T=8121677, R=0, W=0)
    5 : 8361574 (T=8361574, R=0, W=0)
    6 : 8018060 (T=8018060, R=0, W=0)
    7 : 8506215 (T=8506215, R=0, W=0)
--- 33,164 MB collected in 0.058 secs (0.4% of total), longest GC took 0.010 secs
DATA gc:  total_k 33960864  total_secs 0.057862  max_secs 0.010383
