Number of accounts  = 4
Initial amount      = 100000.0
Maximal transfer    = 10
Read-all frequency  = 0%
Write-all frequency = 0%
Read-all threads    = 0
Write-all threads   = 0
Disjoint            = false
Yield               = false

Starting threads... 0 1 2 3
End of warmup phase... 0 1 2 3
End of test phase... 0 1 2 3
Waiting for threads to finish...
All threads returned successfully
RESULTS:

  Warmup duration (ms) = 20008
  Test duration (ms)   = 10008
  Nb iterations        = 27237
  Stats                = T=27237, R=0, W=0, TOTAL=400000 [ 0=100086.0 1=98827.0 2=102143.0 3=98944.0 ]
    0 : 5929 (T=5929, R=0, W=0)
    1 : 5261 (T=5261, R=0, W=0)
    2 : 7562 (T=7562, R=0, W=0)
    3 : 8485 (T=8485, R=0, W=0)
--- 4505 MB collected in 0.878 secs (2.8% of total), longest GC took 0.186 secs
DATA gc:  total_k 4613736  total_secs 0.878477  max_secs 0.186014
