Number of accounts  = 128
Initial amount      = 1000000.0
Maximal transfer    = 10
Read-all frequency  = 0%
Write-all frequency = 0%
Read-all threads    = 0
Write-all threads   = 0
Disjoint            = false
Yield               = false

Starting threads... 0 1
End of warmup phase... 0 1
End of test phase... 0 1
Waiting for threads to finish...
All threads returned successfully
RESULTS:

  Warmup duration (ms) = 4000
  Test duration (ms)   = 10001
  Nb iterations        = 21604254
TOTAL: T=21604254, R=0, W=0

TOTAL=128000008 [ 0=998332.0 1=999556.0 2=1002829.0 3=998610.0 4=1000893.0 5=996707.0 6=992550.0 7=999998.0 8=991905.0 9=996352.0 10=1003574.0 11=1002730.0 12=995391.0 13=1000656.0 14=996181.0 15=997312.0 16=1006287.0 17=994101.0 18=1004297.0 19=999316.0 20=1003449.0 21=1001821.0 22=1004786.0 23=1006371.0 24=1004470.0 25=996544.0 26=1002140.0 27=1006085.0 28=1012212.0 29=1005409.0 30=1003309.0 31=994626.0 32=999974.0 33=996980.0 34=996628.0 35=997913.0 36=1006162.0 37=1000090.0 38=998992.0 39=1004308.0 40=1002100.0 41=1004726.0 42=999833.0 43=997505.0 44=1000720.0 45=1003565.0 46=997731.0 47=1000574.0 48=997742.0 49=1003497.0 50=1007099.0 51=999704.0 52=1003407.0 53=1002670.0 54=999073.0 55=997351.0 56=1003478.0 57=1005008.0 58=1001614.0 59=999561.0 60=993746.0 61=999279.0 62=991857.0 63=997624.0 64=998292.0 65=1000601.0 66=1004513.0 67=998981.0 68=1006302.0 69=1001637.0 70=1000288.0 71=998295.0 72=1004973.0 73=1001028.0 74=1005348.0 75=1003332.0 76=999346.0 77=999770.0 78=997528.0 79=1004093.0 80=1000189.0 81=1001364.0 82=1005880.0 83=995221.0 84=995327.0 85=995600.0 86=1004013.0 87=1001311.0 88=995665.0 89=998250.0 90=1000009.0 91=1002532.0 92=1002213.0 93=1000994.0 94=1005555.0 95=1001054.0 96=994582.0 97=1001871.0 98=1012139.0 99=997776.0 100=1001605.0 101=1005393.0 102=992130.0 103=999025.0 104=1001421.0 105=1000979.0 106=1001654.0 107=999913.0 108=994207.0 109=991893.0 110=991428.0 111=994627.0 112=1000844.0 113=1002482.0 114=994993.0 115=1003738.0 116=995302.0 117=990768.0 118=1005334.0 119=995757.0 120=999301.0 121=995343.0 122=994879.0 123=998665.0 124=997759.0 125=997497.0 126=995658.0 127=992223.0 ]
    0 : 10863083 (T=10863083, R=0, W=0)
    1 : 10741171 (T=10741171, R=0, W=0)
--- 10,783 MB collected in 0.035 secs (0.3% of total), longest GC took 0.004 secs
DATA gc:  total_k 11041824  total_secs 0.035156  max_secs 0.004373
