Starting Multiverse JavaAgent
Number of accounts  = 64
Initial amount      = 100000.0
Maximal transfer    = 10
Read-all frequency  = 0%
Write-all frequency = 0%
Read-all threads    = 0
Write-all threads   = 0
Disjoint            = false
Yield               = false

Starting threads... 0 1 2 3 4 5 6 7 8 9 10 11 12 13 14 15 16 17 18 19 20 21 22 23 24 25 26 27 28 29 30 31 32 33 34 35 36 37 38 39 40 41 42 43 44 45 46 47 48 49 50 51 52 53 54 55 56 57 58 59 60 61 62 63
End of warmup phase... 0 1 2 3 4 5 6 7 8 9 10 11 12 13 14 15 16 17 18 19 20 21 22 23 24 25 26 27 28 29 30 31 32 33 34 35 36 37 38 39 40 41 42 43 44 45 46 47 48 49 50 51 52 53 54 55 56 57 58 59 60 61 62 63
End of test phase... 0 1 2 3 4 5 6 7 8 9 10 11 12 13 14 15 16 17 18 19 20 21 22 23 24 25 26 27 28 29 30 31 32 33 34 35 36 37 38 39 40 41 42 43 44 45 46 47 48 49 50 51 52 53 54 55 56 57 58 59 60 61 62 63
Waiting for threads to finish...
All threads returned successfully
RESULTS:

  Warmup duration (ms) = 20002
  Test duration (ms)   = 10004
  Nb iterations        = 6180265
  Stats                = T=6180265, R=0, W=0, TOTAL=6400000 [ 0=97450.0 1=101308.0 2=94520.0 3=97344.0 4=100183.0 5=98786.0 6=97326.0 7=92538.0 8=91860.0 9=93210.0 10=102780.0 11=97311.0 12=96769.0 13=109942.0 14=88493.0 15=99102.0 16=100038.0 17=96145.0 18=99362.0 19=95603.0 20=100431.0 21=95542.0 22=109112.0 23=95186.0 24=107267.0 25=101325.0 26=98404.0 27=100906.0 28=95132.0 29=105629.0 30=101655.0 31=102269.0 32=103380.0 33=111768.0 34=105195.0 35=102656.0 36=99336.0 37=95931.0 38=94577.0 39=110678.0 40=107682.0 41=104501.0 42=93271.0 43=96211.0 44=99899.0 45=107377.0 46=99644.0 47=99974.0 48=99118.0 49=103837.0 50=100669.0 51=98794.0 52=96720.0 53=99785.0 54=97747.0 55=102595.0 56=102109.0 57=97778.0 58=100603.0 59=93147.0 60=105553.0 61=103631.0 62=98401.0 63=104505.0 ]
    0 : 98775 (T=98775, R=0, W=0)
    1 : 89130 (T=89130, R=0, W=0)
    2 : 100417 (T=100417, R=0, W=0)
    3 : 88323 (T=88323, R=0, W=0)
    4 : 98697 (T=98697, R=0, W=0)
    5 : 94191 (T=94191, R=0, W=0)
    6 : 92219 (T=92219, R=0, W=0)
    7 : 97296 (T=97296, R=0, W=0)
    8 : 105879 (T=105879, R=0, W=0)
    9 : 102152 (T=102152, R=0, W=0)
    10 : 91095 (T=91095, R=0, W=0)
    11 : 85242 (T=85242, R=0, W=0)
    12 : 101615 (T=101615, R=0, W=0)
    13 : 100537 (T=100537, R=0, W=0)
    14 : 94895 (T=94895, R=0, W=0)
    15 : 96022 (T=96022, R=0, W=0)
    16 : 101624 (T=101624, R=0, W=0)
    17 : 96131 (T=96131, R=0, W=0)
    18 : 100353 (T=100353, R=0, W=0)
    19 : 95702 (T=95702, R=0, W=0)
    20 : 99778 (T=99778, R=0, W=0)
    21 : 94060 (T=94060, R=0, W=0)
    22 : 96309 (T=96309, R=0, W=0)
    23 : 95856 (T=95856, R=0, W=0)
    24 : 103306 (T=103306, R=0, W=0)
    25 : 90590 (T=90590, R=0, W=0)
    26 : 98569 (T=98569, R=0, W=0)
    27 : 96623 (T=96623, R=0, W=0)
    28 : 92792 (T=92792, R=0, W=0)
    29 : 95709 (T=95709, R=0, W=0)
    30 : 97350 (T=97350, R=0, W=0)
    31 : 91625 (T=91625, R=0, W=0)
    32 : 99259 (T=99259, R=0, W=0)
    33 : 97216 (T=97216, R=0, W=0)
    34 : 100868 (T=100868, R=0, W=0)
    35 : 104993 (T=104993, R=0, W=0)
    36 : 98245 (T=98245, R=0, W=0)
    37 : 94673 (T=94673, R=0, W=0)
    38 : 98435 (T=98435, R=0, W=0)
    39 : 88553 (T=88553, R=0, W=0)
    40 : 102332 (T=102332, R=0, W=0)
    41 : 95775 (T=95775, R=0, W=0)
    42 : 92119 (T=92119, R=0, W=0)
    43 : 95538 (T=95538, R=0, W=0)
    44 : 97990 (T=97990, R=0, W=0)
    45 : 88296 (T=88296, R=0, W=0)
    46 : 92264 (T=92264, R=0, W=0)
    47 : 87146 (T=87146, R=0, W=0)
    48 : 95886 (T=95886, R=0, W=0)
    49 : 94004 (T=94004, R=0, W=0)
    50 : 101040 (T=101040, R=0, W=0)
    51 : 98775 (T=98775, R=0, W=0)
    52 : 102846 (T=102846, R=0, W=0)
    53 : 99070 (T=99070, R=0, W=0)
    54 : 94072 (T=94072, R=0, W=0)
    55 : 101949 (T=101949, R=0, W=0)
    56 : 95516 (T=95516, R=0, W=0)
    57 : 101749 (T=101749, R=0, W=0)
    58 : 98205 (T=98205, R=0, W=0)
    59 : 104342 (T=104342, R=0, W=0)
    60 : 94334 (T=94334, R=0, W=0)
    61 : 92074 (T=92074, R=0, W=0)
    62 : 95771 (T=95771, R=0, W=0)
    63 : 94068 (T=94068, R=0, W=0)
--- 3585 MB collected in 0.658 secs (2.0% of total), longest GC took 0.154 secs
DATA gc:  total_k 3671858  total_secs 0.658467  max_secs 0.153557
