Starting Multiverse JavaAgent
Number of accounts  = 256
Initial amount      = 100000.0
Maximal transfer    = 10
Read-all frequency  = 0%
Write-all frequency = 0%
Read-all threads    = 0
Write-all threads   = 0
Disjoint            = false
Yield               = false

Starting threads... 0 1 2 3
End of warmup phase... 0 1 2 3
End of test phase... 0 1 2 3
Waiting for threads to finish...
All threads returned successfully
RESULTS:

  Warmup duration (ms) = 4001
  Test duration (ms)   = 10000
  Nb iterations        = 26931654
  Stats                = T=26931654, R=0, W=0, TOTAL=25599996 [ 0=103309.0 1=101004.0 2=99677.0 3=101486.0 4=106170.0 5=104846.0 6=99164.0 7=99182.0 8=97143.0 9=98927.0 10=98184.0 11=95881.0 12=96405.0 13=97823.0 14=104324.0 15=97960.0 16=101809.0 17=94919.0 18=101172.0 19=97883.0 20=103126.0 21=95086.0 22=100022.0 23=99677.0 24=100210.0 25=102718.0 26=99193.0 27=102750.0 28=100727.0 29=105572.0 30=102165.0 31=108412.0 32=98323.0 33=99568.0 34=95835.0 35=96519.0 36=100993.0 37=103761.0 38=98921.0 39=102656.0 40=100051.0 41=101210.0 42=100521.0 43=99996.0 44=100785.0 45=102857.0 46=94132.0 47=98779.0 48=97118.0 49=97400.0 50=98701.0 51=97588.0 52=103428.0 53=102247.0 54=99859.0 55=102067.0 56=100157.0 57=105443.0 58=104288.0 59=101451.0 60=101116.0 61=95468.0 62=99387.0 63=98241.0 64=104678.0 65=101569.0 66=103405.0 67=101192.0 68=95470.0 69=107188.0 70=94958.0 71=100551.0 72=98938.0 73=93902.0 74=102411.0 75=102213.0 76=96980.0 77=96590.0 78=104205.0 79=98103.0 80=100864.0 81=101369.0 82=102811.0 83=101600.0 84=102132.0 85=101374.0 86=96641.0 87=99770.0 88=98254.0 89=97341.0 90=97886.0 91=100164.0 92=95177.0 93=101208.0 94=97347.0 95=95083.0 96=97080.0 97=97565.0 98=90934.0 99=96151.0 100=102982.0 101=93858.0 102=100877.0 103=98833.0 104=97773.0 105=103741.0 106=97717.0 107=102049.0 108=99334.0 109=100868.0 110=101446.0 111=92451.0 112=98763.0 113=101154.0 114=102664.0 115=100967.0 116=98753.0 117=99898.0 118=106030.0 119=101213.0 120=110411.0 121=100389.0 122=97061.0 123=106524.0 124=99611.0 125=100339.0 126=100317.0 127=98525.0 128=98668.0 129=108539.0 130=97268.0 131=100472.0 132=97669.0 133=98844.0 134=98844.0 135=101672.0 136=99511.0 137=100851.0 138=99287.0 139=102290.0 140=100032.0 141=98514.0 142=97493.0 143=100759.0 144=103105.0 145=101270.0 146=105069.0 147=97381.0 148=103551.0 149=95435.0 150=101657.0 151=98744.0 152=104157.0 153=97838.0 154=101744.0 155=100269.0 156=98244.0 157=98498.0 158=99824.0 159=99425.0 160=102598.0 161=95243.0 162=100769.0 163=99523.0 164=101810.0 165=94624.0 166=103734.0 167=106178.0 168=102855.0 169=102150.0 170=101088.0 171=96877.0 172=98622.0 173=92552.0 174=103092.0 175=97979.0 176=97372.0 177=97750.0 178=104383.0 179=99398.0 180=99586.0 181=109804.0 182=98788.0 183=107682.0 184=100394.0 185=98985.0 186=101015.0 187=99524.0 188=95468.0 189=93477.0 190=100052.0 191=96389.0 192=99494.0 193=100299.0 194=102340.0 195=97880.0 196=95753.0 197=95561.0 198=101707.0 199=100360.0 200=99041.0 201=97735.0 202=100615.0 203=94562.0 204=99572.0 205=104924.0 206=98635.0 207=94362.0 208=103244.0 209=96648.0 210=98827.0 211=100365.0 212=98625.0 213=98597.0 214=101359.0 215=99275.0 216=103630.0 217=99804.0 218=101549.0 219=101245.0 220=103738.0 221=98882.0 222=100986.0 223=99392.0 224=97192.0 225=101455.0 226=98753.0 227=100797.0 228=101154.0 229=100457.0 230=100015.0 231=96102.0 232=103690.0 233=98926.0 234=98186.0 235=96108.0 236=104727.0 237=102663.0 238=99695.0 239=99126.0 240=99863.0 241=110011.0 242=101206.0 243=96802.0 244=98490.0 245=100325.0 246=95522.0 247=103947.0 248=100038.0 249=99139.0 250=100734.0 251=93719.0 252=101743.0 253=95171.0 254=103429.0 255=101680.0 ]
    0 : 7564722 (T=7564722, R=0, W=0)
    1 : 7598422 (T=7598422, R=0, W=0)
    2 : 5978861 (T=5978861, R=0, W=0)
    3 : 5789649 (T=5789649, R=0, W=0)
--- 7,472 MB collected in 0.038 secs (0.3% of total), longest GC took 0.003 secs
DATA gc:  total_k 7651936  total_secs 0.037721  max_secs 0.002967
