Starting Multiverse JavaAgent
Number of accounts  = 4
Initial amount      = 1000000.0
Maximal transfer    = 10
Read-all frequency  = 0%
Write-all frequency = 0%
Read-all threads    = 0
Write-all threads   = 0
Disjoint            = false
Yield               = false

Starting threads... 0 1 2 3
End of warmup phase... 0 1 2 3
End of test phase... 0 1 2 3
Waiting for threads to finish...
All threads returned successfully
RESULTS:

  Warmup duration (ms) = 4000
  Test duration (ms)   = 10001
  Nb iterations        = 8993859
TOTAL: T=8993859, R=0, W=0

TOTAL=4000000 [ 0=1006306.0 1=1007227.0 2=981328.0 3=1005139.0 ]
    0 : 2270001 (T=2270001, R=0, W=0)
    1 : 2466363 (T=2466363, R=0, W=0)
    2 : 1585841 (T=1585841, R=0, W=0)
    3 : 2671654 (T=2671654, R=0, W=0)
--- 12,037 MB collected in 0.039 secs (0.3% of total), longest GC took 0.004 secs
DATA gc:  total_k 12326088  total_secs 0.039457  max_secs 0.00402
