Starting Multiverse JavaAgent
Number of accounts  = 2
Initial amount      = 100000.0
Maximal transfer    = 10
Read-all frequency  = 0%
Write-all frequency = 0%
Read-all threads    = 0
Write-all threads   = 0
Disjoint            = false
Yield               = false

Starting threads... 0 1
End of warmup phase... 0 1
End of test phase... 0 1
Waiting for threads to finish...
All threads returned successfully
RESULTS:

  Warmup duration (ms) = 20006
  Test duration (ms)   = 10009
  Nb iterations        = 2442134
  Stats                = T=2442134, R=0, W=0, TOTAL=200000 [ 0=99653.0 1=100347.0 ]
    0 : 1197605 (T=1197605, R=0, W=0)
    1 : 1244529 (T=1244529, R=0, W=0)
--- 773 MB collected in 0.268 secs (0.9% of total), longest GC took 0.130 secs
DATA gc:  total_k 791883  total_secs 0.26834  max_secs 0.130345
