Starting Multiverse JavaAgent
Number of accounts  = 32
Initial amount      = 100000.0
Maximal transfer    = 10
Read-all frequency  = 0%
Write-all frequency = 0%
Read-all threads    = 0
Write-all threads   = 0
Disjoint            = false
Yield               = false

Starting threads... 0 1 2 3 4 5 6 7 8 9 10 11 12 13 14 15 16 17 18 19 20 21 22 23 24 25 26 27 28 29 30 31
End of warmup phase... 0 1 2 3 4 5 6 7 8 9 10 11 12 13 14 15 16 17 18 19 20 21 22 23 24 25 26 27 28 29 30 31
End of test phase... 0 1 2 3 4 5 6 7 8 9 10 11 12 13 14 15 16 17 18 19 20 21 22 23 24 25 26 27 28 29 30 31
Waiting for threads to finish...
All threads returned successfully
RESULTS:

  Warmup duration (ms) = 20006
  Test duration (ms)   = 10006
  Nb iterations        = 5127685
  Stats                = T=5127685, R=0, W=0, TOTAL=3200000 [ 0=107439.0 1=104676.0 2=111961.0 3=91813.0 4=91017.0 5=101329.0 6=97956.0 7=107666.0 8=102537.0 9=106776.0 10=90780.0 11=96691.0 12=98460.0 13=95291.0 14=90892.0 15=100707.0 16=98907.0 17=95344.0 18=91284.0 19=98590.0 20=107986.0 21=107862.0 22=109128.0 23=99159.0 24=96803.0 25=94989.0 26=92858.0 27=100564.0 28=99770.0 29=112352.0 30=110202.0 31=88211.0 ]
    0 : 156057 (T=156057, R=0, W=0)
    1 : 169081 (T=169081, R=0, W=0)
    2 : 155302 (T=155302, R=0, W=0)
    3 : 163876 (T=163876, R=0, W=0)
    4 : 152781 (T=152781, R=0, W=0)
    5 : 152448 (T=152448, R=0, W=0)
    6 : 162452 (T=162452, R=0, W=0)
    7 : 170181 (T=170181, R=0, W=0)
    8 : 157276 (T=157276, R=0, W=0)
    9 : 171302 (T=171302, R=0, W=0)
    10 : 163548 (T=163548, R=0, W=0)
    11 : 163092 (T=163092, R=0, W=0)
    12 : 153245 (T=153245, R=0, W=0)
    13 : 165225 (T=165225, R=0, W=0)
    14 : 162057 (T=162057, R=0, W=0)
    15 : 172084 (T=172084, R=0, W=0)
    16 : 155375 (T=155375, R=0, W=0)
    17 : 156737 (T=156737, R=0, W=0)
    18 : 162818 (T=162818, R=0, W=0)
    19 : 160060 (T=160060, R=0, W=0)
    20 : 150471 (T=150471, R=0, W=0)
    21 : 149691 (T=149691, R=0, W=0)
    22 : 150846 (T=150846, R=0, W=0)
    23 : 163339 (T=163339, R=0, W=0)
    24 : 172949 (T=172949, R=0, W=0)
    25 : 153254 (T=153254, R=0, W=0)
    26 : 157226 (T=157226, R=0, W=0)
    27 : 159417 (T=159417, R=0, W=0)
    28 : 163214 (T=163214, R=0, W=0)
    29 : 148575 (T=148575, R=0, W=0)
    30 : 159938 (T=159938, R=0, W=0)
    31 : 173768 (T=173768, R=0, W=0)
--- 3245 MB collected in 0.619 secs (1.9% of total), longest GC took 0.152 secs
DATA gc:  total_k 3323830  total_secs 0.618669  max_secs 0.151831
