Starting Multiverse JavaAgent
Number of accounts  = 8
Initial amount      = 1000000.0
Maximal transfer    = 10
Read-all frequency  = 0%
Write-all frequency = 0%
Read-all threads    = 0
Write-all threads   = 0
Disjoint            = false
Yield               = false

Starting threads... 0 1 2 3 4 5 6 7
End of warmup phase... 0 1 2 3 4 5 6 7
End of test phase... 0 1 2 3 4 5 6 7
Waiting for threads to finish...
All threads returned successfully
RESULTS:

  Warmup duration (ms) = 4000
  Test duration (ms)   = 10000
  Nb iterations        = 8149863
TOTAL: T=8149863, R=0, W=0

TOTAL=8000000 [ 0=988203.0 1=1008996.0 2=1000808.0 3=1001983.0 4=996724.0 5=991432.0 6=1001770.0 7=1010084.0 ]
    0 : 994685 (T=994685, R=0, W=0)
    1 : 1131602 (T=1131602, R=0, W=0)
    2 : 1314920 (T=1314920, R=0, W=0)
    3 : 815604 (T=815604, R=0, W=0)
    4 : 1081638 (T=1081638, R=0, W=0)
    5 : 823182 (T=823182, R=0, W=0)
    6 : 677088 (T=677088, R=0, W=0)
    7 : 1311144 (T=1311144, R=0, W=0)
--- 10,960 MB collected in 0.044 secs (0.3% of total), longest GC took 0.004 secs
DATA gc:  total_k 11223568  total_secs 0.044077  max_secs 0.004061
