Starting Multiverse JavaAgent
Number of accounts  = 16
Initial amount      = 100000.0
Maximal transfer    = 10
Read-all frequency  = 0%
Write-all frequency = 0%
Read-all threads    = 0
Write-all threads   = 0
Disjoint            = false
Yield               = false

Starting threads... 0 1 2 3 4 5 6 7 8 9 10 11 12 13 14 15
End of warmup phase... 0 1 2 3 4 5 6 7 8 9 10 11 12 13 14 15
End of test phase... 0 1 2 3 4 5 6 7 8 9 10 11 12 13 14 15
Waiting for threads to finish...
All threads returned successfully
RESULTS:

  Warmup duration (ms) = 20006
  Test duration (ms)   = 10008
  Nb iterations        = 3631796
  Stats                = T=3631796, R=0, W=0, TOTAL=1600000 [ 0=96623.0 1=95195.0 2=108245.0 3=96183.0 4=109202.0 5=88710.0 6=86403.0 7=113289.0 8=102059.0 9=98582.0 10=94290.0 11=113368.0 12=94073.0 13=97009.0 14=101304.0 15=105465.0 ]
    0 : 221040 (T=221040, R=0, W=0)
    1 : 219291 (T=219291, R=0, W=0)
    2 : 240528 (T=240528, R=0, W=0)
    3 : 237045 (T=237045, R=0, W=0)
    4 : 215543 (T=215543, R=0, W=0)
    5 : 221104 (T=221104, R=0, W=0)
    6 : 239113 (T=239113, R=0, W=0)
    7 : 227627 (T=227627, R=0, W=0)
    8 : 232642 (T=232642, R=0, W=0)
    9 : 230211 (T=230211, R=0, W=0)
    10 : 217665 (T=217665, R=0, W=0)
    11 : 221705 (T=221705, R=0, W=0)
    12 : 206344 (T=206344, R=0, W=0)
    13 : 227929 (T=227929, R=0, W=0)
    14 : 235422 (T=235422, R=0, W=0)
    15 : 238587 (T=238587, R=0, W=0)
--- 2906 MB collected in 0.640 secs (1.9% of total), longest GC took 0.160 secs
DATA gc:  total_k 2976018  total_secs 0.639838  max_secs 0.160037
