startup =       4000
elapsed =       10000
threads =       64
accounts =      64
init =          1000000
maxAmount =     10
readFreq =      0
writeFreq =     0
readThreads =   0
writeThreads =  0
disjointTrans = false
yieldALot =     false
flavour =       t

warming up
timed execution

TOTAL=6.4000004E7 [ 1029068.0 1007428.0 1026904.0 996592.0 1038264.0 990319.0 996694.0 1001806.0 933037.0 1043328.0 1063146.0 971366.0 985789.0 1048635.0 974555.0 1025190.0 1011942.0 1023881.0 975505.0 990280.0 1015492.0 967352.0 1033253.0 988462.0 954925.0 996174.0 987031.0 969044.0 1003733.0 975961.0 963627.0 1037229.0 988688.0 970967.0 1048124.0 966570.0 953114.0 1000897.0 1013270.0 1037312.0 995298.0 978502.0 983286.0 1009139.0 978691.0 1060283.0 1077410.0 937654.0 981160.0 987929.0 970431.0 1017945.0 1077794.0 998818.0 980138.0 986843.0 1008642.0 1008592.0 979561.0 983279.0 1090053.0 962178.0 956689.0 984731.0 ]

10002 actual elapsed

T=707222, R=0, W=0
T=602909, R=0, W=0
T=644626, R=0, W=0
T=647928, R=0, W=0
T=684129, R=0, W=0
T=641322, R=0, W=0
T=675535, R=0, W=0
T=655668, R=0, W=0
T=596696, R=0, W=0
T=607835, R=0, W=0
T=579748, R=0, W=0
T=608815, R=0, W=0
T=681568, R=0, W=0
T=703256, R=0, W=0
T=628096, R=0, W=0
T=695248, R=0, W=0
T=647579, R=0, W=0
T=602507, R=0, W=0
T=699298, R=0, W=0
T=644589, R=0, W=0
T=578613, R=0, W=0
T=611681, R=0, W=0
T=612506, R=0, W=0
T=601298, R=0, W=0
T=591127, R=0, W=0
T=639731, R=0, W=0
T=607066, R=0, W=0
T=668356, R=0, W=0
T=625452, R=0, W=0
T=635852, R=0, W=0
T=643958, R=0, W=0
T=638327, R=0, W=0
T=694019, R=0, W=0
T=628984, R=0, W=0
T=587474, R=0, W=0
T=644369, R=0, W=0
T=614806, R=0, W=0
T=623082, R=0, W=0
T=656556, R=0, W=0
T=676560, R=0, W=0
T=582406, R=0, W=0
T=669032, R=0, W=0
T=654456, R=0, W=0
T=675173, R=0, W=0
T=657205, R=0, W=0
T=583407, R=0, W=0
T=674020, R=0, W=0
T=713761, R=0, W=0
T=646217, R=0, W=0
T=673757, R=0, W=0
T=588189, R=0, W=0
T=682700, R=0, W=0
T=615963, R=0, W=0
T=586738, R=0, W=0
T=614303, R=0, W=0
T=600700, R=0, W=0
T=684531, R=0, W=0
T=582894, R=0, W=0
T=642116, R=0, W=0
T=589746, R=0, W=0
T=633238, R=0, W=0
T=660667, R=0, W=0
T=635282, R=0, W=0
T=584275, R=0, W=0

TOTAL: T=40765167, R=0, W=0
--- 34,536 MB collected in 0.113 secs (0.8% of total), longest GC took 0.005 secs
DATA gc:  total_k 35365480  total_secs 0.112932  max_secs 0.004825
