startup =       4000
elapsed =       10000
threads =       2
accounts =      2
init =          1000000
maxAmount =     10
readFreq =      0
writeFreq =     0
readThreads =   0
writeThreads =  0
disjointTrans = false
yieldALot =     false
flavour =       d

warming up
timed execution

TOTAL=2000000.0 [ 1026526.0 973474.0 ]

10001 actual elapsed

T=3959498, R=0, W=0
T=3009832, R=0, W=0

TOTAL: T=6969330, R=0, W=0
--- 5,490 MB collected in 0.029 secs (0.2% of total), longest GC took 0.003 secs
DATA gc:  total_k 5622326  total_secs 0.029079  max_secs 0.003016
