startup =       4000
elapsed =       10000
threads =       64
accounts =      64
init =          1000000
maxAmount =     10
readFreq =      0
writeFreq =     0
readThreads =   0
writeThreads =  0
disjointTrans = false
yieldALot =     false
flavour =       d

warming up
timed execution

TOTAL=6.4000008E7 [ 964536.0 1001876.0 1041384.0 1013685.0 1013913.0 1006409.0 1041464.0 993115.0 977659.0 997748.0 986787.0 1057462.0 1005276.0 949184.0 1056902.0 973554.0 1046208.0 1043371.0 987872.0 977023.0 1022598.0 956108.0 1011785.0 1023323.0 964671.0 980361.0 995979.0 987684.0 957602.0 1002077.0 1022304.0 999569.0 1014549.0 994970.0 962974.0 1007021.0 961560.0 979907.0 1017238.0 1024341.0 994113.0 1071911.0 1008640.0 1033615.0 991903.0 967145.0 955349.0 947415.0 1033673.0 1024604.0 994582.0 966753.0 999070.0 983889.0 1036414.0 968308.0 1053935.0 971467.0 1002690.0 1003087.0 987086.0 978744.0 1017079.0 986479.0 ]

10001 actual elapsed

T=661554, R=0, W=0
T=641194, R=0, W=0
T=625158, R=0, W=0
T=657531, R=0, W=0
T=615358, R=0, W=0
T=557185, R=0, W=0
T=609883, R=0, W=0
T=649948, R=0, W=0
T=667042, R=0, W=0
T=575525, R=0, W=0
T=628634, R=0, W=0
T=636588, R=0, W=0
T=601113, R=0, W=0
T=648378, R=0, W=0
T=586406, R=0, W=0
T=566164, R=0, W=0
T=609299, R=0, W=0
T=591417, R=0, W=0
T=534148, R=0, W=0
T=660213, R=0, W=0
T=628452, R=0, W=0
T=617199, R=0, W=0
T=560472, R=0, W=0
T=596848, R=0, W=0
T=721827, R=0, W=0
T=609627, R=0, W=0
T=647487, R=0, W=0
T=642725, R=0, W=0
T=650438, R=0, W=0
T=629004, R=0, W=0
T=629691, R=0, W=0
T=622566, R=0, W=0
T=624719, R=0, W=0
T=610313, R=0, W=0
T=621711, R=0, W=0
T=604930, R=0, W=0
T=550777, R=0, W=0
T=589730, R=0, W=0
T=637276, R=0, W=0
T=640395, R=0, W=0
T=658406, R=0, W=0
T=580733, R=0, W=0
T=557206, R=0, W=0
T=572242, R=0, W=0
T=552972, R=0, W=0
T=551411, R=0, W=0
T=605300, R=0, W=0
T=626192, R=0, W=0
T=655598, R=0, W=0
T=568650, R=0, W=0
T=553383, R=0, W=0
T=637686, R=0, W=0
T=543115, R=0, W=0
T=549706, R=0, W=0
T=619700, R=0, W=0
T=611570, R=0, W=0
T=547643, R=0, W=0
T=627806, R=0, W=0
T=446665, R=0, W=0
T=605382, R=0, W=0
T=619975, R=0, W=0
T=655768, R=0, W=0
T=622550, R=0, W=0
T=556892, R=0, W=0

TOTAL: T=38885476, R=0, W=0
--- 28,425 MB collected in 0.101 secs (0.7% of total), longest GC took 0.005 secs
DATA gc:  total_k 29107752  total_secs 0.101461  max_secs 0.004699
