startup =       20000
elapsed =       10000
threads =       128
accounts =      128
init =          1000000
maxAmount =     10
readFreq =      0
writeFreq =     0
readThreads =   0
writeThreads =  0
disjointTrans = false
yieldALot =     false
flavour =       rfw

warming up
timed execution

TOTAL=1.2800004E8 [ 1006896.0 1005444.0 1001022.0 1014186.0 987611.0 1005959.0 992717.0 1002530.0 1005372.0 1007431.0 976641.0 1001576.0 993963.0 987855.0 991543.0 1004891.0 996966.0 991350.0 1009916.0 1000122.0 987689.0 997171.0 999041.0 989899.0 1022075.0 1016605.0 1005764.0 1000816.0 1004016.0 1004978.0 1000582.0 1003679.0 1012838.0 999245.0 1007768.0 987438.0 991876.0 998289.0 975102.0 1005006.0 1003396.0 1007444.0 999861.0 999797.0 1009367.0 995900.0 992631.0 982320.0 991889.0 1011381.0 1012359.0 1015421.0 998522.0 1003516.0 1008231.0 1021019.0 990419.0 1014962.0 999180.0 1017210.0 1001678.0 985556.0 992858.0 977440.0 1005139.0 1010062.0 991612.0 1005981.0 987853.0 1012920.0 985559.0 1006609.0 1000946.0 994203.0 1004129.0 995406.0 1007133.0 999628.0 982517.0 973751.0 1009167.0 995820.0 998487.0 1001209.0 1005361.0 1002047.0 974076.0 1014102.0 1010930.0 989806.0 1011201.0 985946.0 994653.0 986215.0 997584.0 1003979.0 1005937.0 999272.0 1011418.0 990044.0 1007315.0 1010396.0 1006466.0 1011487.0 1013957.0 991864.0 992936.0 1010265.0 1004465.0 1001882.0 1001694.0 997706.0 985815.0 985459.0 994600.0 989800.0 1016105.0 995598.0 1001246.0 1003128.0 1000367.0 991271.0 1003630.0 1015461.0 991665.0 1004344.0 995743.0 998408.0 ]

10002 actual elapsed

T=462752, R=0, W=0
T=495229, R=0, W=0
T=448449, R=0, W=0
T=545789, R=0, W=0
T=497818, R=0, W=0
T=535920, R=0, W=0
T=417180, R=0, W=0
T=463037, R=0, W=0
T=472882, R=0, W=0
T=441296, R=0, W=0
T=415117, R=0, W=0
T=477038, R=0, W=0
T=464247, R=0, W=0
T=439074, R=0, W=0
T=474186, R=0, W=0
T=450363, R=0, W=0
T=514526, R=0, W=0
T=491699, R=0, W=0
T=466831, R=0, W=0
T=474319, R=0, W=0
T=439566, R=0, W=0
T=456961, R=0, W=0
T=489041, R=0, W=0
T=498354, R=0, W=0
T=448492, R=0, W=0
T=500911, R=0, W=0
T=408172, R=0, W=0
T=494485, R=0, W=0
T=425124, R=0, W=0
T=471757, R=0, W=0
T=495602, R=0, W=0
T=460581, R=0, W=0
T=467506, R=0, W=0
T=422815, R=0, W=0
T=485818, R=0, W=0
T=506713, R=0, W=0
T=438486, R=0, W=0
T=503180, R=0, W=0
T=428816, R=0, W=0
T=404804, R=0, W=0
T=484142, R=0, W=0
T=530364, R=0, W=0
T=478577, R=0, W=0
T=482291, R=0, W=0
T=430431, R=0, W=0
T=479536, R=0, W=0
T=467219, R=0, W=0
T=414775, R=0, W=0
T=426910, R=0, W=0
T=437037, R=0, W=0
T=502868, R=0, W=0
T=535313, R=0, W=0
T=545335, R=0, W=0
T=450519, R=0, W=0
T=424711, R=0, W=0
T=479520, R=0, W=0
T=438535, R=0, W=0
T=443652, R=0, W=0
T=505090, R=0, W=0
T=447203, R=0, W=0
T=438706, R=0, W=0
T=407896, R=0, W=0
T=437333, R=0, W=0
T=472764, R=0, W=0
T=449407, R=0, W=0
T=450371, R=0, W=0
T=531074, R=0, W=0
T=459475, R=0, W=0
T=447867, R=0, W=0
T=464960, R=0, W=0
T=455441, R=0, W=0
T=527090, R=0, W=0
T=497378, R=0, W=0
T=466495, R=0, W=0
T=443482, R=0, W=0
T=462124, R=0, W=0
T=382854, R=0, W=0
T=472644, R=0, W=0
T=484268, R=0, W=0
T=465457, R=0, W=0
T=422832, R=0, W=0
T=451393, R=0, W=0
T=625800, R=0, W=0
T=457226, R=0, W=0
T=472108, R=0, W=0
T=538302, R=0, W=0
T=504611, R=0, W=0
T=456705, R=0, W=0
T=425081, R=0, W=0
T=463734, R=0, W=0
T=428018, R=0, W=0
T=523634, R=0, W=0
T=479314, R=0, W=0
T=455233, R=0, W=0
T=431613, R=0, W=0
T=472111, R=0, W=0
T=493972, R=0, W=0
T=488599, R=0, W=0
T=504367, R=0, W=0
T=471753, R=0, W=0
T=534652, R=0, W=0
T=515157, R=0, W=0
T=468257, R=0, W=0
T=468274, R=0, W=0
T=432324, R=0, W=0
T=442391, R=0, W=0
T=447411, R=0, W=0
T=500015, R=0, W=0
T=477814, R=0, W=0
T=448055, R=0, W=0
T=486278, R=0, W=0
T=413859, R=0, W=0
T=502940, R=0, W=0
T=440826, R=0, W=0
T=493749, R=0, W=0
T=437709, R=0, W=0
T=541980, R=0, W=0
T=416672, R=0, W=0
T=437408, R=0, W=0
T=475097, R=0, W=0
T=525407, R=0, W=0
T=478825, R=0, W=0
T=520858, R=0, W=0
T=473944, R=0, W=0
T=367825, R=0, W=0
T=442700, R=0, W=0
T=353737, R=0, W=0
T=410888, R=0, W=0

TOTAL: T=59837508, R=0, W=0
--- 102,623 MB collected in 0.295 secs (1.0% of total), longest GC took 0.009 secs
DATA gc:  total_k 105086936  total_secs 0.295176  max_secs 0.008778
