startup =       4000
elapsed =       10000
threads =       4
accounts =      256
init =          1000000
maxAmount =     10
readFreq =      0
writeFreq =     0
readThreads =   0
writeThreads =  0
disjointTrans = false
yieldALot =     false
flavour =       t

warming up
timed execution

TOTAL=2.56E8 [ 1000562.0 997835.0 1000397.0 998395.0 999489.0 1000047.0 999761.0 1000682.0 1003221.0 1003995.0 999647.0 994183.0 1001463.0 998545.0 992787.0 1001063.0 1004514.0 1001864.0 994776.0 997333.0 998478.0 998135.0 1003219.0 994950.0 999715.0 999962.0 998035.0 998972.0 1002606.0 999801.0 1004632.0 997157.0 1005586.0 998258.0 1002193.0 1004818.0 997231.0 998552.0 1002561.0 1000858.0 1002121.0 1001951.0 996242.0 1001072.0 996773.0 997803.0 998268.0 1002047.0 994974.0 996628.0 996721.0 1001596.0 993140.0 997580.0 993855.0 996166.0 1001631.0 1001569.0 999330.0 1002284.0 1008232.0 1004218.0 999065.0 1002147.0 998129.0 1000771.0 997707.0 999028.0 1007060.0 998181.0 999217.0 1001344.0 1002873.0 1001438.0 994856.0 998154.0 1008127.0 1001048.0 999213.0 1000503.0 1001545.0 1002005.0 1003568.0 1002586.0 997887.0 997357.0 999108.0 999131.0 1001770.0 995345.0 1002975.0 989678.0 1000127.0 1002807.0 996108.0 1000359.0 1005862.0 1003898.0 1000012.0 1000203.0 998448.0 1005800.0 1002640.0 1001683.0 999558.0 993391.0 993040.0 998627.0 1000545.0 998579.0 1004894.0 997159.0 996805.0 997561.0 1001583.0 1003015.0 1000662.0 995891.0 1008020.0 1002299.0 1000611.0 1002435.0 1004484.0 999888.0 1002259.0 1001727.0 992830.0 1003152.0 997224.0 1008774.0 999191.0 1000769.0 998484.0 993693.0 995163.0 1005731.0 998603.0 1002521.0 999890.0 990431.0 996266.0 999419.0 1002683.0 999293.0 1000056.0 997682.0 999977.0 1000606.0 998329.0 997236.0 999985.0 1003359.0 1003708.0 996346.0 1003476.0 1003665.0 998711.0 1003694.0 1002984.0 1001580.0 996800.0 1000744.0 1003190.0 1002393.0 1002299.0 998271.0 996108.0 999251.0 996415.0 992952.0 1002843.0 997490.0 999199.0 994656.0 994445.0 994820.0 1003390.0 1001766.0 1002072.0 998257.0 1001734.0 998608.0 996352.0 1011542.0 994967.0 1002786.0 1000422.0 988486.0 1001347.0 997016.0 1000027.0 1004232.0 1002331.0 1001301.0 996396.0 998696.0 997403.0 992122.0 1002073.0 1000386.0 998305.0 997197.0 1008620.0 999285.0 995993.0 1003928.0 1001265.0 1003810.0 996635.0 1001979.0 994590.0 999009.0 1001771.0 998045.0 997040.0 999028.0 999599.0 999032.0 998273.0 1006990.0 1001435.0 1000446.0 1001817.0 999891.0 1001979.0 996579.0 997407.0 1002272.0 998501.0 998790.0 996645.0 999059.0 1003477.0 1000436.0 1005332.0 1002965.0 1003118.0 995767.0 999633.0 1003536.0 1002642.0 994647.0 1004535.0 995531.0 1005540.0 1006303.0 996594.0 1002544.0 1000291.0 1000143.0 1000579.0 1003750.0 1002829.0 1003684.0 1001386.0 1005149.0 ]

10002 actual elapsed

T=6324837, R=0, W=0
T=7175868, R=0, W=0
T=8782843, R=0, W=0
T=9301842, R=0, W=0

TOTAL: T=31585390, R=0, W=0
--- 26,960 MB collected in 0.048 secs (0.3% of total), longest GC took 0.003 secs
DATA gc:  total_k 27607919  total_secs 0.047987  max_secs 0.002904
