startup =       4000
elapsed =       10000
threads =       2
accounts =      128
init =          1000000
maxAmount =     10
readFreq =      0
writeFreq =     0
readThreads =   0
writeThreads =  0
disjointTrans = false
yieldALot =     false
flavour =       d

warming up
timed execution

TOTAL=1.28000008E8 [ 997846.0 1004219.0 999273.0 1002358.0 1005273.0 996351.0 995815.0 998698.0 992578.0 996756.0 1007137.0 995649.0 992720.0 1000563.0 997155.0 1001147.0 997434.0 1002122.0 997179.0 998074.0 1008868.0 1000247.0 997581.0 1002799.0 1000226.0 997347.0 1008575.0 997025.0 1002218.0 1001096.0 1004597.0 997103.0 1007118.0 999807.0 998701.0 999467.0 999060.0 1000994.0 1000456.0 1001688.0 1001558.0 997030.0 1004842.0 1000822.0 998917.0 997843.0 996432.0 1005152.0 996668.0 998734.0 1003581.0 993891.0 997155.0 998181.0 1004171.0 1002943.0 997381.0 1002898.0 991943.0 999189.0 1008358.0 996630.0 1003140.0 999611.0 1002282.0 998737.0 997748.0 993560.0 1008630.0 1001775.0 997286.0 1003823.0 998860.0 1003002.0 998114.0 1002469.0 1000587.0 998327.0 1001828.0 998300.0 1002800.0 990656.0 1002870.0 1000434.0 997458.0 1000421.0 1003278.0 998639.0 995049.0 1000047.0 996827.0 999577.0 999455.0 998418.0 1002159.0 999778.0 992562.0 994443.0 999680.0 1000759.0 1005284.0 1003704.0 994474.0 997328.0 1002670.0 1002060.0 1005480.0 1000753.0 995127.0 1006576.0 1001597.0 997540.0 999193.0 1003587.0 1001499.0 1002957.0 1004726.0 1003188.0 998280.0 993977.0 998474.0 998240.0 993571.0 1007198.0 1000819.0 999379.0 999582.0 1001709.0 ]

10001 actual elapsed

T=10391949, R=0, W=0
T=9579597, R=0, W=0

TOTAL: T=19971546, R=0, W=0
--- 12,678 MB collected in 0.058 secs (0.4% of total), longest GC took 0.002 secs
DATA gc:  total_k 12982438  total_secs 0.057953  max_secs 0.002479
