startup =       4000
elapsed =       10000
threads =       16
accounts =      1024
init =          1000000
maxAmount =     10
readFreq =      0
writeFreq =     0
readThreads =   0
writeThreads =  0
disjointTrans = false
yieldALot =     false
flavour =       rfw

warming up
timed execution

TOTAL=1.02399981E9 [ 1005148.0 1003797.0 999354.0 1012685.0 991049.0 1011727.0 981253.0 990678.0 992846.0 999314.0 1004578.0 1002200.0 1004968.0 1015051.0 997309.0 1003831.0 1001101.0 999078.0 1022421.0 1003692.0 996019.0 1000766.0 1002500.0 996225.0 978179.0 1003791.0 989234.0 992802.0 1002843.0 1016499.0 996093.0 1000925.0 1006056.0 1005152.0 989813.0 986241.0 988998.0 1016260.0 993275.0 995949.0 1006295.0 988730.0 1017197.0 995815.0 997104.0 1008955.0 1003559.0 1001392.0 993759.0 989622.0 1024898.0 994980.0 996103.0 989605.0 1016309.0 994082.0 1007237.0 997992.0 1002736.0 990469.0 996612.0 984816.0 1002065.0 1014481.0 1013086.0 1003399.0 994082.0 991248.0 991723.0 1011072.0 1007904.0 1017672.0 1004840.0 995398.0 979780.0 1000998.0 1000787.0 1003692.0 994827.0 977951.0 1013141.0 1005182.0 1026801.0 1001924.0 1010833.0 1015068.0 995466.0 990000.0 997491.0 1003607.0 983793.0 1001464.0 996881.0 997228.0 992809.0 1006170.0 1007603.0 988705.0 993534.0 1011318.0 1012444.0 1015995.0 996220.0 1016419.0 1003048.0 989031.0 997572.0 989608.0 1011101.0 994228.0 991452.0 1014054.0 998743.0 998631.0 1007749.0 1006088.0 1001699.0 988577.0 992961.0 993197.0 1010297.0 996683.0 999576.0 1010590.0 1000119.0 1011178.0 1007897.0 1007337.0 1004590.0 1016089.0 1009687.0 976079.0 1002837.0 997707.0 993171.0 1012836.0 986311.0 1010198.0 997142.0 990239.0 991929.0 992378.0 1004443.0 1017351.0 1009790.0 976926.0 994454.0 983747.0 1008038.0 982237.0 995774.0 997879.0 999217.0 1004550.0 1000979.0 986132.0 1000434.0 1014485.0 985030.0 1020142.0 995524.0 997843.0 995020.0 986948.0 999686.0 1003110.0 1010674.0 1004249.0 992452.0 998997.0 990610.0 994732.0 995843.0 999874.0 1010043.0 1000658.0 999971.0 1008671.0 990732.0 1005129.0 1009505.0 993011.0 1001463.0 1000309.0 984834.0 1001658.0 996697.0 993592.0 1011837.0 994012.0 1001689.0 994724.0 982805.0 1008353.0 1003647.0 1002399.0 1007422.0 1003728.0 987575.0 1008803.0 994817.0 1000760.0 992688.0 994090.0 1004983.0 1006274.0 999681.0 1002276.0 992781.0 1008862.0 1005588.0 971897.0 1009193.0 995793.0 999882.0 991006.0 999753.0 997727.0 994178.0 1016102.0 994968.0 983710.0 988609.0 1004608.0 1014043.0 1009218.0 988444.0 994519.0 1011788.0 1011347.0 1003590.0 1002596.0 996177.0 1010248.0 1003018.0 988650.0 994498.0 1000932.0 989550.0 1009609.0 1001363.0 1005238.0 993769.0 997185.0 996010.0 1003086.0 994729.0 1001034.0 1005974.0 1006933.0 1012900.0 1014940.0 1006389.0 1008983.0 1000696.0 1009092.0 994440.0 982085.0 988081.0 1010748.0 1002449.0 997725.0 983125.0 986629.0 1000904.0 1007304.0 992490.0 996082.0 999897.0 996416.0 1013227.0 992919.0 1000228.0 1003377.0 1013388.0 977376.0 1006746.0 1007725.0 1002807.0 1008743.0 1001714.0 1006602.0 998680.0 995922.0 996939.0 997945.0 994816.0 998673.0 996206.0 991429.0 983803.0 991868.0 992363.0 1010940.0 989120.0 1012041.0 1008496.0 997690.0 984070.0 987601.0 990510.0 1005178.0 995510.0 990489.0 1006146.0 984164.0 1008293.0 995131.0 1006310.0 983089.0 983280.0 993791.0 1001863.0 993800.0 1014249.0 1000860.0 1010018.0 993348.0 1003133.0 990931.0 1001873.0 1005914.0 991895.0 988414.0 1002304.0 994678.0 1002808.0 1006785.0 995633.0 988142.0 1006358.0 987646.0 1008943.0 1015176.0 984335.0 984078.0 1017529.0 1001491.0 996586.0 1019796.0 986601.0 992982.0 997569.0 1004439.0 1004829.0 992613.0 997725.0 1012549.0 1000808.0 1000310.0 998219.0 1005190.0 1000692.0 982467.0 997386.0 992163.0 1018422.0 1002279.0 1012044.0 1006581.0 1000688.0 1000205.0 992897.0 1007108.0 1002644.0 977061.0 1005614.0 1007039.0 1012691.0 1004307.0 995802.0 997532.0 992900.0 995781.0 1004984.0 1005765.0 1004554.0 1003805.0 995824.0 990582.0 969230.0 1014190.0 1005221.0 1004258.0 997131.0 1008070.0 1013618.0 986202.0 1008920.0 1003829.0 993594.0 1011442.0 999753.0 986451.0 1001484.0 1001988.0 999461.0 994060.0 1012815.0 1018993.0 996371.0 999682.0 1000245.0 1006528.0 985366.0 998865.0 1002567.0 995065.0 999163.0 1010649.0 1005324.0 987937.0 1006325.0 985911.0 1010454.0 995654.0 1000094.0 983180.0 1001522.0 997845.0 1015947.0 982962.0 994926.0 988518.0 1010113.0 1002048.0 1005680.0 989566.0 1003403.0 1005634.0 1000897.0 996145.0 1024920.0 1012459.0 997231.0 1010224.0 996002.0 996968.0 999341.0 996380.0 987429.0 997947.0 1004483.0 994149.0 1012469.0 1007709.0 1012275.0 998804.0 1003861.0 994867.0 994999.0 995755.0 1014371.0 990297.0 989293.0 1014587.0 999158.0 1011630.0 1006834.0 1001751.0 996818.0 1008045.0 1002701.0 997123.0 994568.0 992661.0 1002459.0 1009233.0 996833.0 999884.0 984881.0 1005051.0 1002419.0 1007021.0 997670.0 1001932.0 1001630.0 995905.0 1000302.0 1009599.0 997928.0 1011917.0 1009571.0 995688.0 997040.0 998815.0 999783.0 993019.0 998005.0 990217.0 1016504.0 999403.0 992536.0 1006470.0 995778.0 1004162.0 1009435.0 999736.0 993727.0 993467.0 998223.0 1019537.0 1004316.0 995637.0 983324.0 1011022.0 1009926.0 996314.0 1001333.0 1003796.0 1004323.0 996519.0 1014061.0 977336.0 980674.0 997337.0 988634.0 1006889.0 993159.0 988435.0 1006552.0 1013362.0 996217.0 995915.0 1032578.0 1004104.0 1012166.0 994346.0 989437.0 985682.0 999410.0 1001871.0 1001100.0 999940.0 996153.0 1006424.0 1009543.0 995128.0 1008302.0 1002054.0 989772.0 1002522.0 994992.0 1009311.0 995082.0 1009449.0 1013285.0 994360.0 998736.0 1007814.0 986254.0 992078.0 1004436.0 1015742.0 991860.0 1003325.0 992691.0 997269.0 1004585.0 985399.0 981429.0 995666.0 997937.0 1003718.0 1005405.0 1004933.0 1002852.0 1004179.0 1015062.0 1004442.0 1003488.0 1007444.0 1010380.0 1007575.0 996550.0 991994.0 992410.0 1013899.0 992714.0 996658.0 1016560.0 1005729.0 990998.0 1014533.0 1001689.0 991505.0 992117.0 998051.0 1002976.0 1018678.0 988030.0 994122.0 1000225.0 1002463.0 998225.0 1004539.0 993092.0 1006985.0 1009324.0 1009094.0 1002997.0 1002062.0 1006594.0 999252.0 1007166.0 1003820.0 999817.0 1001772.0 1003402.0 1006892.0 1014038.0 1005384.0 998529.0 994586.0 1008861.0 999752.0 998753.0 994565.0 986241.0 996090.0 991835.0 990029.0 978573.0 980830.0 1001535.0 1000941.0 994465.0 1015965.0 992316.0 1007317.0 1003199.0 1000681.0 1003861.0 996785.0 1002413.0 1001180.0 994548.0 980265.0 984594.0 1001920.0 994818.0 1015299.0 1007996.0 1004995.0 991571.0 1004647.0 998906.0 1001279.0 998211.0 996707.0 1001166.0 1022019.0 1001712.0 1010278.0 987875.0 992935.0 988748.0 1012477.0 1001470.0 1006873.0 985442.0 1007284.0 989705.0 1011886.0 1002281.0 983585.0 1003530.0 996049.0 1007020.0 1004982.0 1007006.0 987347.0 1016032.0 994904.0 1004943.0 992561.0 989162.0 996302.0 996512.0 1002367.0 998066.0 995672.0 1004058.0 1003860.0 1004656.0 1001072.0 984639.0 1003068.0 1012862.0 1006382.0 997931.0 1002448.0 995239.0 1008484.0 995817.0 1003448.0 1001045.0 1004619.0 1010062.0 1009770.0 1012420.0 999498.0 977025.0 1007696.0 1019077.0 996118.0 999905.0 993283.0 994399.0 1016004.0 1009130.0 1019865.0 1003098.0 1000400.0 999178.0 994449.0 1004973.0 993974.0 1010085.0 981130.0 1004714.0 998379.0 999751.0 1000753.0 993193.0 998358.0 995968.0 994382.0 1004599.0 987715.0 1007007.0 1002466.0 1008850.0 1002681.0 997367.0 1010502.0 994219.0 994249.0 1020868.0 993803.0 998769.0 987216.0 982869.0 1000416.0 991131.0 991153.0 1012388.0 1007899.0 994788.0 1004252.0 1001111.0 1006272.0 991904.0 981693.0 993672.0 1017383.0 1000667.0 982685.0 993686.0 994802.0 984226.0 1003294.0 999635.0 1018512.0 1006534.0 991753.0 996737.0 999236.0 993217.0 1017214.0 997667.0 1000869.0 996727.0 1000415.0 1016126.0 993984.0 988705.0 997612.0 1021258.0 986278.0 1001274.0 1014598.0 1004058.0 995647.0 985538.0 986431.0 990537.0 999172.0 992999.0 995391.0 999520.0 1007213.0 999223.0 994178.0 996507.0 975656.0 994151.0 1011208.0 990875.0 1001815.0 996724.0 1002327.0 1001628.0 996818.0 983415.0 992786.0 1003441.0 1002980.0 990986.0 979949.0 1004376.0 988002.0 1000172.0 994503.0 1001606.0 1007922.0 1008090.0 999964.0 1007153.0 986770.0 992186.0 988763.0 984785.0 1002124.0 1017102.0 1011855.0 992942.0 1021048.0 1013315.0 1000072.0 989443.0 1004157.0 1003446.0 1014831.0 982661.0 1001676.0 997001.0 1006869.0 1010977.0 999632.0 1008314.0 1011354.0 1004105.0 994190.0 988137.0 995358.0 1000964.0 1004092.0 1005839.0 995485.0 983171.0 1007497.0 1003428.0 1007043.0 1004828.0 986830.0 1004322.0 1005939.0 985452.0 1001368.0 995963.0 1003169.0 1011750.0 1008033.0 999407.0 1010407.0 1006058.0 1005358.0 984991.0 1001779.0 999190.0 1000458.0 999173.0 1003877.0 996169.0 1008774.0 992088.0 984058.0 997813.0 1008096.0 1000681.0 1017782.0 999759.0 1007070.0 1000401.0 997073.0 1003118.0 998635.0 987823.0 1007667.0 998549.0 1001668.0 1006062.0 996040.0 1003214.0 1009524.0 1004774.0 991487.0 1004329.0 1002674.0 1009097.0 991383.0 1002498.0 993495.0 995144.0 1000609.0 988028.0 991951.0 981873.0 992643.0 1013334.0 1006295.0 1008917.0 997861.0 988253.0 981613.0 986864.0 1024626.0 1021459.0 1004705.0 1012063.0 990898.0 1007310.0 993942.0 992425.0 1012214.0 1009787.0 986842.0 999155.0 1005360.0 1000851.0 1006967.0 1012748.0 1012370.0 1012035.0 991577.0 989557.0 1005197.0 993218.0 996425.0 999057.0 992609.0 1008713.0 988602.0 991595.0 997996.0 993363.0 997077.0 993440.0 997222.0 994421.0 996912.0 1013281.0 988922.0 992176.0 1003511.0 983709.0 1006572.0 992084.0 987034.0 1010947.0 994311.0 1002759.0 1001333.0 995192.0 1001983.0 1009058.0 1004207.0 995330.0 991417.0 1005770.0 994561.0 999714.0 1008785.0 1003361.0 994165.0 998793.0 1001428.0 979164.0 1003608.0 1008260.0 1000212.0 992363.0 1004297.0 1009637.0 990670.0 993313.0 1000664.0 1002864.0 1009000.0 992327.0 1011768.0 1013557.0 1012536.0 976117.0 1001301.0 1007387.0 1014933.0 1013628.0 994861.0 997408.0 1011086.0 997205.0 998248.0 993988.0 1002513.0 1007278.0 990624.0 997592.0 993809.0 1001144.0 991871.0 1012463.0 996342.0 991384.0 998154.0 1010559.0 982914.0 998541.0 993876.0 998392.0 999337.0 988180.0 1018309.0 ]

10002 actual elapsed

T=4125419, R=0, W=0
T=3017206, R=0, W=0
T=3557368, R=0, W=0
T=2329336, R=0, W=0
T=3751319, R=0, W=0
T=3825269, R=0, W=0
T=3545753, R=0, W=0
T=3769083, R=0, W=0
T=4299122, R=0, W=0
T=4812001, R=0, W=0
T=5039995, R=0, W=0
T=4999526, R=0, W=0
T=4690940, R=0, W=0
T=4622955, R=0, W=0
T=4516549, R=0, W=0
T=5554472, R=0, W=0

TOTAL: T=66456313, R=0, W=0
--- 49,564 MB collected in 0.105 secs (0.7% of total), longest GC took 0.004 secs
DATA gc:  total_k 50753797  total_secs 0.105436  max_secs 0.003562
