startup =       20000
elapsed =       10000
threads =       1
accounts =      1
init =          1000000
maxAmount =     10
readFreq =      0
writeFreq =     0
readThreads =   0
writeThreads =  0
disjointTrans = false
yieldALot =     false
flavour =       rfw

warming up
timed execution

TOTAL=1000000.0 [ 1000000.0 ]

10001 actual elapsed

T=22977259, R=0, W=0

TOTAL: T=22977259, R=0, W=0
--- 32,909 MB collected in 0.142 secs (0.5% of total), longest GC took 0.002 secs
DATA gc:  total_k 33699658  total_secs 0.141741  max_secs 0.002245
