startup =       20000
elapsed =       10000
threads =       2
accounts =      2
init =          1000000
maxAmount =     10
readFreq =      0
writeFreq =     0
readThreads =   0
writeThreads =  0
disjointTrans = false
yieldALot =     false
flavour =       t

warming up
timed execution

TOTAL=2000000.0 [ 1024526.0 975474.0 ]

10001 actual elapsed

T=2888684, R=0, W=0
T=3443921, R=0, W=0

TOTAL: T=6332605, R=0, W=0
--- 13,309 MB collected in 0.073 secs (0.2% of total), longest GC took 0.003 secs
DATA gc:  total_k 13628609  total_secs 0.07296  max_secs 0.002616
