startup =       20000
elapsed =       10000
threads =       2
accounts =      128
init =          1000000
maxAmount =     10
readFreq =      0
writeFreq =     0
readThreads =   0
writeThreads =  0
disjointTrans = false
yieldALot =     false
flavour =       rfw

warming up
timed execution

TOTAL=1.28000008E8 [ 999648.0 1013426.0 1002425.0 1003316.0 994941.0 1004903.0 993377.0 1000127.0 998765.0 996806.0 1006244.0 1002461.0 994816.0 988605.0 1004119.0 1011011.0 1005642.0 990020.0 1014003.0 997218.0 995434.0 996673.0 998226.0 1013777.0 1002028.0 1009932.0 1006130.0 992070.0 992348.0 990072.0 999568.0 1000164.0 999618.0 999861.0 995364.0 987499.0 1009156.0 1001958.0 1002267.0 994287.0 1008565.0 1004119.0 1001960.0 997632.0 989481.0 1008261.0 997909.0 997175.0 995422.0 1001978.0 1011308.0 998249.0 1002627.0 998797.0 1012031.0 996387.0 996018.0 1001192.0 1000522.0 1001610.0 1001117.0 1001151.0 1004987.0 1003177.0 989244.0 1011671.0 1000112.0 991398.0 995802.0 999835.0 991267.0 1002095.0 994769.0 988682.0 989293.0 991115.0 999270.0 1008209.0 999812.0 1007655.0 1001921.0 1009711.0 1003287.0 997456.0 999583.0 995477.0 1002875.0 1000860.0 1012136.0 1005524.0 993778.0 997791.0 1002465.0 1003885.0 1010050.0 999997.0 1005010.0 1009211.0 1001291.0 1002133.0 1004725.0 999589.0 991703.0 986082.0 1006210.0 999382.0 992923.0 1001782.0 1002661.0 1001719.0 998333.0 1001959.0 1000055.0 994642.0 1003683.0 998058.0 1002549.0 1005432.0 997052.0 986184.0 996839.0 1002445.0 996943.0 1001777.0 986996.0 1004754.0 985078.0 995795.0 ]

10001 actual elapsed

T=11704999, R=0, W=0
T=10906275, R=0, W=0

TOTAL: T=22611274, R=0, W=0
--- 37,960 MB collected in 0.114 secs (0.4% of total), longest GC took 0.004 secs
DATA gc:  total_k 38871921  total_secs 0.113778  max_secs 0.003986
