startup =       20000
elapsed =       10000
threads =       1
accounts =      2
init =          1000000
maxAmount =     10
readFreq =      0
writeFreq =     0
readThreads =   0
writeThreads =  0
disjointTrans = false
yieldALot =     false
flavour =       d

warming up
timed execution

TOTAL=2000000.0 [ 1047588.0 952412.0 ]

10001 actual elapsed

T=21530521, R=0, W=0

TOTAL: T=21530521, R=0, W=0
--- 27,325 MB collected in 0.123 secs (0.4% of total), longest GC took 0.002 secs
DATA gc:  total_k 27981738  total_secs 0.122809  max_secs 0.002226
