startup =       4000
elapsed =       10000
threads =       4
accounts =      256
init =          1000000
maxAmount =     10
readFreq =      0
writeFreq =     0
readThreads =   0
writeThreads =  0
disjointTrans = false
yieldALot =     false
flavour =       d

warming up
timed execution

TOTAL=2.56000064E8 [ 1003331.0 993547.0 991642.0 998380.0 1003654.0 1006085.0 995002.0 1005002.0 995126.0 1009648.0 1005247.0 1007553.0 1005109.0 984243.0 993399.0 1004810.0 993705.0 1004062.0 1004281.0 1003663.0 1000587.0 1013851.0 1002737.0 1004471.0 994590.0 999079.0 999537.0 1004271.0 990754.0 994939.0 996628.0 1003959.0 1008232.0 1004086.0 992601.0 996396.0 994241.0 1001125.0 1003677.0 1000783.0 999457.0 999624.0 1011599.0 998568.0 1001283.0 998475.0 1007604.0 1000839.0 1003329.0 990264.0 1004329.0 1008682.0 1005751.0 990671.0 1005919.0 1000543.0 1000059.0 1002388.0 987145.0 1008168.0 1002051.0 1000205.0 994021.0 1007208.0 996556.0 1001434.0 1001931.0 1000728.0 1005423.0 994925.0 989758.0 999030.0 999336.0 1001816.0 990197.0 995415.0 1009021.0 1002163.0 999503.0 993741.0 1005706.0 998141.0 993583.0 996420.0 1016877.0 996493.0 994253.0 1003139.0 1000797.0 997211.0 1003051.0 1003002.0 1005406.0 1002397.0 1001504.0 1003012.0 1003589.0 995233.0 996056.0 1003335.0 997336.0 997665.0 994242.0 1003608.0 999970.0 988721.0 1003606.0 992811.0 998795.0 994486.0 1004896.0 1002385.0 1003131.0 997774.0 999902.0 993827.0 1001327.0 1002556.0 1006198.0 1006049.0 995761.0 1003737.0 999328.0 1003939.0 1001355.0 993181.0 1001560.0 997071.0 998198.0 990738.0 989643.0 995870.0 998212.0 1003871.0 1001892.0 997149.0 1005129.0 1001448.0 992680.0 996258.0 998463.0 995162.0 997482.0 1000173.0 1000592.0 1002048.0 993945.0 1004196.0 998027.0 996505.0 1005185.0 1005192.0 988520.0 999504.0 1012694.0 992919.0 1000660.0 1002786.0 997859.0 1000995.0 996873.0 1002966.0 1000009.0 1003367.0 1002289.0 1003851.0 1007304.0 1002766.0 1001872.0 1004519.0 1002819.0 1002269.0 997762.0 1000502.0 1006398.0 1006236.0 1001193.0 996262.0 987250.0 991499.0 999638.0 998736.0 995681.0 999890.0 996963.0 995046.0 1005273.0 998716.0 995717.0 995947.0 988449.0 998437.0 1008702.0 995642.0 998761.0 990024.0 1006311.0 1001785.0 998334.0 1001186.0 1000297.0 990248.0 1007372.0 997045.0 998690.0 995463.0 999105.0 1002297.0 996185.0 1004539.0 993985.0 996250.0 1001103.0 998045.0 1002405.0 1001120.0 999589.0 1003830.0 1009400.0 1008433.0 1001969.0 994923.0 998768.0 1006100.0 994167.0 999127.0 993919.0 998882.0 991943.0 997094.0 1010171.0 994803.0 1003810.0 1001038.0 1000607.0 1006199.0 996428.0 994217.0 1003968.0 996122.0 1000542.0 1005168.0 1002575.0 996716.0 1004737.0 1001981.0 1002443.0 1005992.0 1003685.0 990968.0 991288.0 995954.0 1009402.0 1003952.0 1007913.0 1008175.0 ]

10002 actual elapsed

T=7582146, R=0, W=0
T=6571873, R=0, W=0
T=6397664, R=0, W=0
T=6936253, R=0, W=0

TOTAL: T=27487936, R=0, W=0
--- 17,713 MB collected in 0.039 secs (0.3% of total), longest GC took 0.002 secs
DATA gc:  total_k 18138694  total_secs 0.039051  max_secs 0.002077
