startup =       20000
elapsed =       10000
threads =       8
accounts =      512
init =          1000000
maxAmount =     10
readFreq =      0
writeFreq =     0
readThreads =   0
writeThreads =  0
disjointTrans = false
yieldALot =     false
flavour =       rfw

warming up
timed execution

TOTAL=5.11999968E8 [ 1004773.0 992465.0 997316.0 1005585.0 1000162.0 999402.0 1002198.0 1003731.0 1006376.0 1003611.0 994695.0 994295.0 999768.0 999790.0 1001077.0 1002527.0 994137.0 999638.0 997116.0 1004662.0 1005628.0 1002654.0 989314.0 992104.0 1008990.0 999113.0 1010500.0 1001805.0 1006347.0 1004656.0 996245.0 993843.0 997513.0 993493.0 992075.0 1001098.0 1008021.0 995021.0 996181.0 996515.0 1005106.0 1004498.0 1006166.0 993713.0 1007313.0 997016.0 994277.0 991153.0 1006342.0 1000721.0 997400.0 1002336.0 994350.0 997759.0 1005067.0 1002865.0 988858.0 997049.0 1004000.0 1005993.0 1005512.0 1001831.0 992550.0 1003667.0 999676.0 1007329.0 1000687.0 995072.0 992441.0 989056.0 998771.0 996405.0 996666.0 998518.0 997232.0 1001495.0 1003373.0 1006207.0 1008301.0 1002931.0 997462.0 1003584.0 991781.0 995046.0 994748.0 1007558.0 998072.0 1008296.0 1008148.0 1007541.0 999903.0 987217.0 996286.0 999908.0 990937.0 999829.0 990991.0 1004569.0 1004548.0 1005630.0 1005198.0 993631.0 997126.0 995774.0 1003633.0 1000344.0 996000.0 994341.0 996071.0 1002850.0 996967.0 1005981.0 1005907.0 1001426.0 1000196.0 996308.0 995046.0 1002526.0 1007843.0 993932.0 997675.0 994951.0 1000526.0 991581.0 998695.0 993576.0 1008259.0 1000603.0 1001629.0 1007011.0 994869.0 989662.0 995537.0 1003376.0 1001248.0 991695.0 992170.0 997185.0 1005692.0 1004394.0 989952.0 1003167.0 998877.0 1000444.0 1002259.0 996250.0 1001249.0 996981.0 999463.0 998069.0 989835.0 996249.0 998453.0 1009331.0 1004498.0 998056.0 996150.0 1013395.0 995460.0 992580.0 994037.0 998687.0 1003011.0 998499.0 997917.0 1004397.0 1001331.0 1002816.0 1000946.0 1001207.0 990591.0 1002800.0 992259.0 1005814.0 1005565.0 1007291.0 1001791.0 1000764.0 993610.0 1010050.0 1008968.0 999644.0 1007393.0 995788.0 998562.0 998199.0 1004109.0 997141.0 998658.0 1011319.0 999703.0 997202.0 1003730.0 998140.0 1002822.0 1004794.0 998787.0 1006656.0 1011992.0 1001736.0 991628.0 1003013.0 997977.0 1008913.0 995140.0 1006110.0 1009825.0 1003469.0 1000500.0 1003172.0 998394.0 1002378.0 1006625.0 1007642.0 1000107.0 996958.0 990994.0 1002391.0 1001596.0 995699.0 1006480.0 1002090.0 997949.0 1007800.0 996759.0 1005760.0 996612.0 993398.0 1005421.0 999929.0 1004240.0 1006295.0 991424.0 999405.0 996320.0 995571.0 994947.0 997288.0 999817.0 995968.0 1001442.0 1001010.0 1001878.0 993823.0 1002694.0 1001647.0 1002459.0 1005079.0 1002788.0 994919.0 990188.0 1007754.0 996993.0 996254.0 999744.0 1007471.0 1001974.0 991757.0 989518.0 996037.0 1001802.0 998684.0 998007.0 995015.0 1003237.0 995143.0 993449.0 998065.0 1002101.0 1005281.0 994773.0 999580.0 1001711.0 1001237.0 997854.0 1001087.0 1003256.0 995433.0 1001181.0 1002751.0 999483.0 994148.0 999108.0 1004901.0 1006049.0 1000833.0 1002331.0 997081.0 1003213.0 1003709.0 1002620.0 1003065.0 1007120.0 1004672.0 1000313.0 1000311.0 989384.0 1002802.0 999927.0 999556.0 1006446.0 1000087.0 1000141.0 1009313.0 1006024.0 992067.0 1001486.0 1004105.0 993994.0 990189.0 998580.0 995914.0 995148.0 993447.0 1012840.0 999691.0 1005560.0 1004909.0 1008037.0 990973.0 1000803.0 1008618.0 998395.0 1002153.0 994137.0 1004465.0 1002718.0 993821.0 1000428.0 996310.0 1000810.0 996237.0 1003768.0 1001005.0 996151.0 995393.0 1002014.0 1003895.0 1002713.0 1009932.0 1002869.0 1002465.0 1001365.0 998822.0 999195.0 999015.0 995566.0 1003520.0 1005602.0 999199.0 1006191.0 997557.0 1004720.0 996201.0 1000591.0 995477.0 1002534.0 989235.0 993567.0 994006.0 999504.0 994138.0 1000907.0 1003715.0 999289.0 1002912.0 999402.0 995471.0 996430.0 992773.0 993447.0 1003855.0 1001868.0 1001622.0 993949.0 1009814.0 998620.0 996087.0 995873.0 1009929.0 998219.0 995945.0 998947.0 1004530.0 994225.0 995634.0 1008487.0 993390.0 1006604.0 1003248.0 1003360.0 997551.0 1002233.0 999552.0 1007919.0 998999.0 999715.0 1002091.0 992956.0 995827.0 997111.0 999625.0 990577.0 999992.0 1005268.0 998760.0 999635.0 988595.0 1001076.0 999272.0 1004245.0 1001663.0 997710.0 1003190.0 1004698.0 1002388.0 995097.0 1003853.0 1000409.0 1004057.0 1003990.0 996956.0 1007790.0 1000122.0 991806.0 994342.0 994411.0 1003588.0 1000195.0 997587.0 1009406.0 999686.0 1006718.0 991596.0 1007568.0 1001521.0 992328.0 1001118.0 1002296.0 991900.0 1001407.0 991949.0 1002514.0 1005617.0 1006233.0 989168.0 998708.0 999223.0 999523.0 991914.0 999090.0 998199.0 1002378.0 999440.0 996806.0 1005335.0 1002838.0 998104.0 999806.0 998097.0 993362.0 1013557.0 996874.0 1003882.0 1001487.0 1000641.0 1006306.0 1012444.0 1004385.0 995457.0 997355.0 1000327.0 996501.0 1000962.0 996620.0 1000777.0 990169.0 998225.0 999097.0 996542.0 990716.0 997538.0 1009833.0 1003295.0 1005436.0 1001631.0 1011411.0 1004499.0 1003999.0 1000296.0 992707.0 1007369.0 996367.0 999534.0 998588.0 997314.0 992242.0 1004702.0 998982.0 1001921.0 997121.0 998448.0 995319.0 1002885.0 1010844.0 1005559.0 1002648.0 996196.0 994454.0 1000581.0 993979.0 1001891.0 ]

10001 actual elapsed

T=8991263, R=0, W=0
T=6684754, R=0, W=0
T=7715613, R=0, W=0
T=7677666, R=0, W=0
T=6473013, R=0, W=0
T=6227432, R=0, W=0
T=7091736, R=0, W=0
T=6785053, R=0, W=0

TOTAL: T=57646530, R=0, W=0
--- 96,600 MB collected in 0.291 secs (1.0% of total), longest GC took 0.003 secs
DATA gc:  total_k 98918986  total_secs 0.290508  max_secs 0.003227
