startup =       20000
elapsed =       10000
threads =       2
accounts =      128
init =          1000000
maxAmount =     10
readFreq =      0
writeFreq =     0
readThreads =   0
writeThreads =  0
disjointTrans = false
yieldALot =     false
flavour =       t

warming up
timed execution

TOTAL=1.27999984E8 [ 1000889.0 1007690.0 1006826.0 998325.0 1009848.0 1000950.0 1015652.0 1002922.0 991776.0 987554.0 1004037.0 997512.0 986544.0 992255.0 1003009.0 1010109.0 1001010.0 1000628.0 1011679.0 995285.0 991684.0 1002382.0 997488.0 997046.0 1003063.0 1013286.0 1004709.0 1010412.0 1005809.0 996538.0 992642.0 1004373.0 1006307.0 1000246.0 997154.0 1016332.0 996150.0 1006356.0 994329.0 998805.0 1004589.0 1004927.0 994830.0 991654.0 1009689.0 989837.0 997796.0 991283.0 992024.0 1004022.0 992463.0 998529.0 1004660.0 995250.0 993152.0 992182.0 998434.0 994308.0 1003605.0 1003077.0 1000424.0 1007776.0 990711.0 1000598.0 991932.0 998795.0 1000993.0 994392.0 1009666.0 1004298.0 1002362.0 996003.0 995794.0 1001721.0 1000115.0 1001589.0 987163.0 1008226.0 993638.0 989980.0 1003297.0 1001838.0 995739.0 998487.0 994881.0 1001221.0 1000048.0 998563.0 993899.0 1001716.0 987871.0 997996.0 991850.0 1004163.0 1000000.0 1003114.0 999829.0 1003013.0 1004475.0 996637.0 992121.0 1005031.0 998061.0 993307.0 1007530.0 997645.0 1011802.0 990328.0 1003201.0 1008333.0 999492.0 1000877.0 996926.0 998001.0 995589.0 992426.0 1009698.0 1011473.0 995771.0 1000064.0 997012.0 1009410.0 1003962.0 999104.0 1006765.0 1005255.0 1004059.0 996022.0 ]

10001 actual elapsed

T=11779700, R=0, W=0
T=11239016, R=0, W=0

TOTAL: T=23018716, R=0, W=0
--- 43,280 MB collected in 0.121 secs (0.4% of total), longest GC took 0.002 secs
DATA gc:  total_k 44318993  total_secs 0.121284  max_secs 0.002374
