startup =       4000
elapsed =       10000
threads =       8
accounts =      512
init =          1000000
maxAmount =     10
readFreq =      0
writeFreq =     0
readThreads =   0
writeThreads =  0
disjointTrans = false
yieldALot =     false
flavour =       t

warming up
timed execution

TOTAL=5.11999968E8 [ 1000232.0 1005368.0 1001653.0 996811.0 995509.0 994751.0 995372.0 1001176.0 1003358.0 1005760.0 998268.0 1005924.0 1001448.0 995690.0 997560.0 995511.0 998327.0 1005159.0 1000902.0 997702.0 1001777.0 998674.0 1000538.0 1001207.0 1001733.0 1003253.0 998577.0 1000152.0 1003508.0 1000826.0 1006053.0 1001960.0 1003493.0 999273.0 1001936.0 998883.0 998420.0 1001081.0 1000512.0 1000660.0 995880.0 1005137.0 999937.0 999956.0 1002276.0 998170.0 1004463.0 996529.0 1004532.0 999180.0 997511.0 1000243.0 1005125.0 1005794.0 1000401.0 1001010.0 995496.0 998225.0 997632.0 996604.0 998282.0 996742.0 997600.0 1000644.0 996625.0 999615.0 996374.0 1001701.0 999874.0 998038.0 995055.0 1000045.0 1004963.0 993679.0 997236.0 1007391.0 998550.0 997972.0 999739.0 1002878.0 997937.0 1003990.0 1003163.0 1002717.0 996809.0 1005339.0 987769.0 1001858.0 995306.0 997655.0 1004398.0 999092.0 1003122.0 999930.0 998063.0 989226.0 1001055.0 1001340.0 997630.0 1003543.0 1002579.0 1000612.0 1002685.0 1002844.0 1000695.0 999497.0 1000487.0 1000221.0 990701.0 1000096.0 998218.0 992167.0 1005082.0 1000945.0 1000721.0 998142.0 1005299.0 991829.0 995640.0 1002565.0 998159.0 1001329.0 999483.0 1001226.0 999626.0 997531.0 998792.0 997859.0 997525.0 998752.0 995620.0 999163.0 1003880.0 1000960.0 997844.0 998833.0 998936.0 1002274.0 1000452.0 1003089.0 999064.0 1000188.0 1001377.0 1000015.0 996019.0 1001391.0 996509.0 1003564.0 999545.0 1002701.0 1003814.0 1006027.0 1004072.0 1005741.0 1001121.0 999162.0 1000626.0 997195.0 1000055.0 1003784.0 1006625.0 997871.0 998091.0 1002052.0 1000025.0 1006589.0 1004093.0 997319.0 999888.0 997801.0 999697.0 1006852.0 1000715.0 997099.0 1000237.0 997385.0 1003748.0 1000850.0 1002885.0 998393.0 1001427.0 1002822.0 1003061.0 1000747.0 1001755.0 997006.0 995972.0 1000118.0 1007067.0 1002362.0 994145.0 999455.0 1002347.0 1004951.0 1000604.0 1001470.0 997377.0 996409.0 999657.0 999713.0 999559.0 995982.0 998359.0 997367.0 1001900.0 1004521.0 999669.0 1005575.0 998445.0 997747.0 995743.0 1000233.0 999069.0 998750.0 1005164.0 1001893.0 1000421.0 996749.0 1004282.0 996396.0 1000379.0 993850.0 998719.0 1000565.0 1002000.0 1005383.0 1002454.0 999282.0 1001168.0 999273.0 998376.0 1003416.0 991114.0 999192.0 1000683.0 1002827.0 1000885.0 1002750.0 996543.0 1000322.0 1001244.0 999148.0 999398.0 1004775.0 1000560.0 1007329.0 998601.0 1000485.0 999930.0 1000409.0 1002363.0 997557.0 1001004.0 992260.0 1006390.0 1000567.0 1003929.0 995136.0 1002381.0 998316.0 998431.0 990492.0 1003024.0 1000647.0 998542.0 1003151.0 1002329.0 1003763.0 997361.0 997947.0 999575.0 1007865.0 1000967.0 1002132.0 1000476.0 995716.0 1001169.0 1001271.0 997558.0 999343.0 1000367.0 1005989.0 999558.0 1002725.0 999824.0 999932.0 999440.0 996798.0 1004860.0 1003509.0 1000367.0 1001233.0 995471.0 1001938.0 1000340.0 1002818.0 1004450.0 997922.0 995556.0 999707.0 992817.0 998544.0 997290.0 999026.0 1001368.0 1003723.0 1003769.0 999847.0 1003924.0 996260.0 998838.0 996110.0 999829.0 1001197.0 1004874.0 998956.0 1000473.0 1001317.0 999178.0 1006490.0 1003177.0 999564.0 999899.0 1002056.0 1001589.0 1006029.0 1003358.0 995715.0 1000410.0 998765.0 996989.0 1000912.0 1010944.0 998988.0 997269.0 1002762.0 995131.0 1000116.0 1002057.0 997208.0 996955.0 996097.0 997194.0 1001701.0 996766.0 997067.0 1003520.0 1000029.0 1000639.0 999707.0 994217.0 996342.0 997036.0 1002036.0 1002129.0 999943.0 1002028.0 991374.0 998210.0 995803.0 1002028.0 1001519.0 1001667.0 1003100.0 997666.0 999804.0 1002136.0 1000235.0 997976.0 1001419.0 1005600.0 1001466.0 1001655.0 996414.0 997775.0 1008277.0 997490.0 995295.0 1004255.0 999197.0 1003086.0 995499.0 996267.0 1000206.0 995129.0 996402.0 1003807.0 1002402.0 997265.0 1003570.0 1001068.0 999692.0 1000436.0 1001992.0 995159.0 1000441.0 1000359.0 998607.0 998524.0 998964.0 999358.0 1002124.0 1002308.0 1004368.0 1000294.0 1004016.0 999502.0 999960.0 993177.0 1002096.0 997341.0 998888.0 1000008.0 1006675.0 995311.0 999928.0 998261.0 999033.0 1000526.0 997891.0 999663.0 994789.0 1000328.0 994006.0 996740.0 1000927.0 997404.0 996510.0 1001500.0 999765.0 999829.0 999338.0 995648.0 998491.0 999400.0 1002588.0 1003674.0 991600.0 1001064.0 1000025.0 998317.0 998258.0 998653.0 1002722.0 999456.0 999403.0 999450.0 993102.0 996605.0 998550.0 1003575.0 999210.0 992804.0 1002754.0 1002034.0 1000151.0 1000362.0 997008.0 996350.0 996299.0 990226.0 998663.0 995580.0 1004276.0 998376.0 999879.0 994659.0 1002406.0 1002073.0 997781.0 996581.0 1003338.0 996578.0 1002892.0 1002012.0 1003806.0 1003336.0 1000624.0 1002568.0 998876.0 1001575.0 993421.0 1003245.0 998014.0 995358.0 1002791.0 998867.0 999682.0 997384.0 1004191.0 997434.0 1004120.0 1005215.0 999679.0 1001975.0 999351.0 998932.0 1001129.0 997172.0 1000729.0 1005133.0 999086.0 1003003.0 996000.0 998770.0 1001778.0 1004191.0 1002782.0 1002748.0 1006379.0 1000679.0 995429.0 ]

10001 actual elapsed

T=4597076, R=0, W=0
T=7615373, R=0, W=0
T=7910914, R=0, W=0
T=6476809, R=0, W=0
T=7760578, R=0, W=0
T=6093621, R=0, W=0
T=5008933, R=0, W=0
T=8177651, R=0, W=0

TOTAL: T=53640955, R=0, W=0
--- 46,134 MB collected in 0.127 secs (0.9% of total), longest GC took 0.003 secs
DATA gc:  total_k 47241830  total_secs 0.126591  max_secs 0.003193
