startup =       4000
elapsed =       10000
threads =       128
accounts =      128
init =          1000000
maxAmount =     10
readFreq =      0
writeFreq =     0
readThreads =   0
writeThreads =  0
disjointTrans = false
yieldALot =     false
flavour =       d

warming up
timed execution

TOTAL=1.28E8 [ 988988.0 998854.0 979682.0 958068.0 982584.0 1041792.0 1030057.0 965658.0 1028084.0 1024173.0 976478.0 1001879.0 1027488.0 993114.0 960600.0 1005215.0 1011474.0 995390.0 1036892.0 1023371.0 997199.0 990463.0 979004.0 1013938.0 1032975.0 1000390.0 985442.0 990832.0 1009584.0 967807.0 973735.0 1030725.0 1012379.0 949187.0 989605.0 982756.0 986970.0 1017301.0 988191.0 966409.0 993290.0 1009271.0 1014608.0 1021486.0 982453.0 996382.0 983824.0 1017841.0 1003981.0 1055027.0 994000.0 1045019.0 1024555.0 987573.0 981966.0 981797.0 1036373.0 968658.0 1005566.0 983988.0 1025349.0 1003259.0 989720.0 1017595.0 1020190.0 981590.0 951229.0 1053644.0 1002728.0 984914.0 967130.0 979974.0 965434.0 972198.0 1017760.0 1004278.0 1011202.0 1002070.0 1010657.0 1008054.0 986816.0 977198.0 1008154.0 1023544.0 1001535.0 950967.0 984249.0 1002352.0 1029800.0 1000100.0 1020081.0 1037456.0 1035691.0 1028295.0 1001366.0 989124.0 1004396.0 1009224.0 979495.0 983866.0 1059058.0 1038311.0 987450.0 968912.0 999744.0 993794.0 994275.0 972148.0 1008962.0 1016606.0 1014002.0 965084.0 1002944.0 971063.0 958409.0 970948.0 1024907.0 1047429.0 1013319.0 1020692.0 984026.0 1024099.0 1001159.0 993187.0 985724.0 974120.0 970972.0 1033581.0 ]

10002 actual elapsed

T=421269, R=0, W=0
T=500898, R=0, W=0
T=409032, R=0, W=0
T=410909, R=0, W=0
T=437704, R=0, W=0
T=382077, R=0, W=0
T=399785, R=0, W=0
T=404275, R=0, W=0
T=398859, R=0, W=0
T=391018, R=0, W=0
T=453388, R=0, W=0
T=375952, R=0, W=0
T=470523, R=0, W=0
T=370675, R=0, W=0
T=385259, R=0, W=0
T=380241, R=0, W=0
T=419007, R=0, W=0
T=540722, R=0, W=0
T=455690, R=0, W=0
T=492331, R=0, W=0
T=454076, R=0, W=0
T=431743, R=0, W=0
T=480643, R=0, W=0
T=461001, R=0, W=0
T=513002, R=0, W=0
T=437104, R=0, W=0
T=464822, R=0, W=0
T=441616, R=0, W=0
T=460076, R=0, W=0
T=354319, R=0, W=0
T=454735, R=0, W=0
T=401473, R=0, W=0
T=425637, R=0, W=0
T=421906, R=0, W=0
T=456315, R=0, W=0
T=452417, R=0, W=0
T=459685, R=0, W=0
T=406673, R=0, W=0
T=403113, R=0, W=0
T=406482, R=0, W=0
T=444750, R=0, W=0
T=404720, R=0, W=0
T=385680, R=0, W=0
T=369105, R=0, W=0
T=488983, R=0, W=0
T=360653, R=0, W=0
T=371071, R=0, W=0
T=424562, R=0, W=0
T=458650, R=0, W=0
T=399755, R=0, W=0
T=449120, R=0, W=0
T=364552, R=0, W=0
T=453140, R=0, W=0
T=384257, R=0, W=0
T=388300, R=0, W=0
T=471139, R=0, W=0
T=474902, R=0, W=0
T=359149, R=0, W=0
T=426925, R=0, W=0
T=487551, R=0, W=0
T=395763, R=0, W=0
T=358640, R=0, W=0
T=416836, R=0, W=0
T=471067, R=0, W=0
T=451749, R=0, W=0
T=505304, R=0, W=0
T=426604, R=0, W=0
T=434968, R=0, W=0
T=373929, R=0, W=0
T=385416, R=0, W=0
T=453415, R=0, W=0
T=411582, R=0, W=0
T=395694, R=0, W=0
T=421422, R=0, W=0
T=413095, R=0, W=0
T=351692, R=0, W=0
T=367631, R=0, W=0
T=408546, R=0, W=0
T=346528, R=0, W=0
T=392053, R=0, W=0
T=436866, R=0, W=0
T=427630, R=0, W=0
T=434046, R=0, W=0
T=412650, R=0, W=0
T=394131, R=0, W=0
T=396316, R=0, W=0
T=370319, R=0, W=0
T=451613, R=0, W=0
T=443206, R=0, W=0
T=461494, R=0, W=0
T=352731, R=0, W=0
T=422326, R=0, W=0
T=466613, R=0, W=0
T=508303, R=0, W=0
T=389147, R=0, W=0
T=479330, R=0, W=0
T=482978, R=0, W=0
T=458285, R=0, W=0
T=426064, R=0, W=0
T=355156, R=0, W=0
T=465704, R=0, W=0
T=406697, R=0, W=0
T=477806, R=0, W=0
T=381876, R=0, W=0
T=399471, R=0, W=0
T=451951, R=0, W=0
T=428939, R=0, W=0
T=432350, R=0, W=0
T=431093, R=0, W=0
T=534828, R=0, W=0
T=452967, R=0, W=0
T=452073, R=0, W=0
T=469409, R=0, W=0
T=384635, R=0, W=0
T=405533, R=0, W=0
T=391259, R=0, W=0
T=459408, R=0, W=0
T=438505, R=0, W=0
T=411054, R=0, W=0
T=410108, R=0, W=0
T=443697, R=0, W=0
T=456533, R=0, W=0
T=452032, R=0, W=0
T=418454, R=0, W=0
T=440082, R=0, W=0
T=463345, R=0, W=0
T=549281, R=0, W=0
T=343566, R=0, W=0

TOTAL: T=54657210, R=0, W=0
--- 29,175 MB collected in 0.086 secs (0.6% of total), longest GC took 0.008 secs
DATA gc:  total_k 29875402  total_secs 0.086185  max_secs 0.007934
