startup =       4000
elapsed =       10000
threads =       256
accounts =      256
init =          1000000
maxAmount =     10
readFreq =      0
writeFreq =     0
readThreads =   0
writeThreads =  0
disjointTrans = false
yieldALot =     false
flavour =       d

warming up
timed execution

TOTAL=2.56000048E8 [ 991448.0 990574.0 992373.0 985781.0 980706.0 1007500.0 1000582.0 1032221.0 1012581.0 998368.0 1036369.0 994903.0 983420.0 973167.0 1045864.0 973157.0 988726.0 1008536.0 1026030.0 1001185.0 965231.0 987270.0 1009673.0 984094.0 990735.0 999699.0 966241.0 982138.0 1021714.0 965163.0 997477.0 1024805.0 1011483.0 1022680.0 988364.0 1031017.0 1004751.0 983591.0 1023712.0 984716.0 1002946.0 990975.0 988752.0 1031624.0 999122.0 988290.0 1030544.0 983932.0 1007213.0 1012399.0 1016515.0 983811.0 1026004.0 1011539.0 1018003.0 1015418.0 978922.0 1003077.0 988813.0 953872.0 945785.0 1014210.0 995467.0 980264.0 985904.0 1003770.0 1021358.0 980114.0 990754.0 993514.0 1018952.0 1001978.0 1000259.0 1018026.0 1024183.0 1008810.0 1000881.0 1000307.0 1051112.0 988901.0 997113.0 1016678.0 1005863.0 981674.0 997188.0 991559.0 1013760.0 1021386.0 994065.0 1013336.0 1028287.0 999605.0 999001.0 993390.0 989847.0 987839.0 991492.0 998340.0 1011435.0 1034456.0 997387.0 1002800.0 995318.0 984094.0 988564.0 1013102.0 987067.0 997676.0 1001548.0 974483.0 970162.0 985848.0 973883.0 987413.0 1000505.0 1013747.0 995085.0 1006939.0 1005690.0 998938.0 1017669.0 1011485.0 989946.0 995124.0 1014768.0 1002843.0 1006351.0 1015010.0 989893.0 984253.0 1010612.0 995764.0 975560.0 977975.0 997033.0 1000549.0 994220.0 990728.0 960183.0 988823.0 1003578.0 974906.0 1010649.0 983183.0 988670.0 989148.0 1019972.0 1016137.0 990218.0 1013390.0 1031407.0 985236.0 985771.0 1000638.0 1000120.0 985539.0 1017033.0 984159.0 998380.0 1007262.0 1026014.0 987693.0 1001426.0 992889.0 998722.0 993065.0 1010001.0 1027265.0 1028912.0 987453.0 1008209.0 977225.0 948415.0 991551.0 1002104.0 993979.0 995171.0 977696.0 1001642.0 987080.0 1001558.0 1010738.0 998050.0 991005.0 992428.0 1012627.0 1020335.0 1017778.0 995947.0 1009515.0 973975.0 1008885.0 1009535.0 1013757.0 1004329.0 972211.0 1015544.0 987873.0 1012181.0 995827.0 1026378.0 1012392.0 998828.0 1001699.0 1009132.0 990681.0 1019687.0 971860.0 1001843.0 995109.0 1008497.0 1006247.0 1026761.0 1009165.0 997357.0 1010546.0 984107.0 1014677.0 1006919.0 976595.0 980624.0 999595.0 975609.0 990273.0 1015146.0 1026525.0 1000395.0 996889.0 1004268.0 995305.0 1048064.0 991196.0 1052858.0 980048.0 983823.0 1004866.0 999021.0 1009721.0 1003414.0 1003889.0 997282.0 1006410.0 1005811.0 998486.0 1003600.0 1011222.0 1005549.0 990755.0 1017012.0 1017776.0 995189.0 975131.0 985990.0 986756.0 1017959.0 999340.0 ]

10002 actual elapsed

T=318456, R=0, W=0
T=322767, R=0, W=0
T=260629, R=0, W=0
T=288811, R=0, W=0
T=182565, R=0, W=0
T=254817, R=0, W=0
T=214177, R=0, W=0
T=518445, R=0, W=0
T=400954, R=0, W=0
T=295161, R=0, W=0
T=213785, R=0, W=0
T=134260, R=0, W=0
T=169242, R=0, W=0
T=197500, R=0, W=0
T=244809, R=0, W=0
T=76245, R=0, W=0
T=202233, R=0, W=0
T=113034, R=0, W=0
T=356223, R=0, W=0
T=372540, R=0, W=0
T=187488, R=0, W=0
T=247877, R=0, W=0
T=264102, R=0, W=0
T=151449, R=0, W=0
T=262647, R=0, W=0
T=198620, R=0, W=0
T=306311, R=0, W=0
T=289168, R=0, W=0
T=344634, R=0, W=0
T=216369, R=0, W=0
T=195854, R=0, W=0
T=224515, R=0, W=0
T=206739, R=0, W=0
T=405627, R=0, W=0
T=180974, R=0, W=0
T=285417, R=0, W=0
T=151551, R=0, W=0
T=280216, R=0, W=0
T=291937, R=0, W=0
T=133748, R=0, W=0
T=214509, R=0, W=0
T=242473, R=0, W=0
T=290870, R=0, W=0
T=325445, R=0, W=0
T=203122, R=0, W=0
T=259181, R=0, W=0
T=338067, R=0, W=0
T=183040, R=0, W=0
T=261358, R=0, W=0
T=219612, R=0, W=0
T=284001, R=0, W=0
T=218107, R=0, W=0
T=443843, R=0, W=0
T=135277, R=0, W=0
T=387700, R=0, W=0
T=255584, R=0, W=0
T=335201, R=0, W=0
T=143044, R=0, W=0
T=195277, R=0, W=0
T=290462, R=0, W=0
T=235197, R=0, W=0
T=213273, R=0, W=0
T=338399, R=0, W=0
T=288296, R=0, W=0
T=163879, R=0, W=0
T=408127, R=0, W=0
T=145568, R=0, W=0
T=323172, R=0, W=0
T=120583, R=0, W=0
T=170554, R=0, W=0
T=358656, R=0, W=0
T=196461, R=0, W=0
T=249252, R=0, W=0
T=200247, R=0, W=0
T=195063, R=0, W=0
T=151369, R=0, W=0
T=289580, R=0, W=0
T=229708, R=0, W=0
T=178865, R=0, W=0
T=181744, R=0, W=0
T=323596, R=0, W=0
T=186336, R=0, W=0
T=302634, R=0, W=0
T=434330, R=0, W=0
T=169790, R=0, W=0
T=238692, R=0, W=0
T=156444, R=0, W=0
T=448100, R=0, W=0
T=232355, R=0, W=0
T=134828, R=0, W=0
T=257458, R=0, W=0
T=223290, R=0, W=0
T=272995, R=0, W=0
T=368057, R=0, W=0
T=97213, R=0, W=0
T=326085, R=0, W=0
T=169188, R=0, W=0
T=345289, R=0, W=0
T=209014, R=0, W=0
T=352390, R=0, W=0
T=264420, R=0, W=0
T=170023, R=0, W=0
T=335879, R=0, W=0
T=284122, R=0, W=0
T=320017, R=0, W=0
T=187456, R=0, W=0
T=186857, R=0, W=0
T=195558, R=0, W=0
T=209357, R=0, W=0
T=383599, R=0, W=0
T=398963, R=0, W=0
T=204800, R=0, W=0
T=278246, R=0, W=0
T=238641, R=0, W=0
T=389040, R=0, W=0
T=306087, R=0, W=0
T=229482, R=0, W=0
T=210184, R=0, W=0
T=91128, R=0, W=0
T=163602, R=0, W=0
T=170284, R=0, W=0
T=412333, R=0, W=0
T=143053, R=0, W=0
T=273419, R=0, W=0
T=307388, R=0, W=0
T=195969, R=0, W=0
T=254392, R=0, W=0
T=157533, R=0, W=0
T=340287, R=0, W=0
T=385791, R=0, W=0
T=158610, R=0, W=0
T=152773, R=0, W=0
T=314800, R=0, W=0
T=340518, R=0, W=0
T=277436, R=0, W=0
T=319566, R=0, W=0
T=214365, R=0, W=0
T=394128, R=0, W=0
T=146929, R=0, W=0
T=191360, R=0, W=0
T=336688, R=0, W=0
T=128617, R=0, W=0
T=179860, R=0, W=0
T=247876, R=0, W=0
T=184758, R=0, W=0
T=161791, R=0, W=0
T=199087, R=0, W=0
T=261516, R=0, W=0
T=190995, R=0, W=0
T=257995, R=0, W=0
T=162980, R=0, W=0
T=324543, R=0, W=0
T=247327, R=0, W=0
T=183924, R=0, W=0
T=277998, R=0, W=0
T=229750, R=0, W=0
T=238187, R=0, W=0
T=177437, R=0, W=0
T=227525, R=0, W=0
T=178048, R=0, W=0
T=190300, R=0, W=0
T=354707, R=0, W=0
T=366061, R=0, W=0
T=370580, R=0, W=0
T=346347, R=0, W=0
T=172896, R=0, W=0
T=120404, R=0, W=0
T=370747, R=0, W=0
T=212394, R=0, W=0
T=401996, R=0, W=0
T=335119, R=0, W=0
T=272740, R=0, W=0
T=239094, R=0, W=0
T=298416, R=0, W=0
T=211103, R=0, W=0
T=207601, R=0, W=0
T=287852, R=0, W=0
T=143689, R=0, W=0
T=193363, R=0, W=0
T=255494, R=0, W=0
T=196975, R=0, W=0
T=179628, R=0, W=0
T=249699, R=0, W=0
T=323549, R=0, W=0
T=139436, R=0, W=0
T=258243, R=0, W=0
T=176104, R=0, W=0
T=314077, R=0, W=0
T=140814, R=0, W=0
T=375677, R=0, W=0
T=403048, R=0, W=0
T=226650, R=0, W=0
T=287050, R=0, W=0
T=241914, R=0, W=0
T=280085, R=0, W=0
T=159109, R=0, W=0
T=245585, R=0, W=0
T=260425, R=0, W=0
T=208795, R=0, W=0
T=268097, R=0, W=0
T=197395, R=0, W=0
T=273577, R=0, W=0
T=156136, R=0, W=0
T=196150, R=0, W=0
T=339511, R=0, W=0
T=187847, R=0, W=0
T=383849, R=0, W=0
T=488260, R=0, W=0
T=347217, R=0, W=0
T=121197, R=0, W=0
T=375629, R=0, W=0
T=235363, R=0, W=0
T=247356, R=0, W=0
T=102959, R=0, W=0
T=257127, R=0, W=0
T=326842, R=0, W=0
T=199398, R=0, W=0
T=131622, R=0, W=0
T=295695, R=0, W=0
T=264885, R=0, W=0
T=239813, R=0, W=0
T=223260, R=0, W=0
T=226666, R=0, W=0
T=207239, R=0, W=0
T=401379, R=0, W=0
T=286878, R=0, W=0
T=312112, R=0, W=0
T=204004, R=0, W=0
T=180828, R=0, W=0
T=160182, R=0, W=0
T=255497, R=0, W=0
T=367243, R=0, W=0
T=184279, R=0, W=0
T=185028, R=0, W=0
T=371442, R=0, W=0
T=211002, R=0, W=0
T=168702, R=0, W=0
T=168297, R=0, W=0
T=138540, R=0, W=0
T=233712, R=0, W=0
T=209271, R=0, W=0
T=323646, R=0, W=0
T=268036, R=0, W=0
T=280707, R=0, W=0
T=297365, R=0, W=0
T=157165, R=0, W=0
T=233784, R=0, W=0
T=356788, R=0, W=0
T=241108, R=0, W=0
T=288503, R=0, W=0
T=302206, R=0, W=0
T=293520, R=0, W=0
T=317225, R=0, W=0
T=207368, R=0, W=0
T=161910, R=0, W=0
T=321641, R=0, W=0

TOTAL: T=64069667, R=0, W=0
--- 32,582 MB collected in 0.116 secs (0.8% of total), longest GC took 0.013 secs
DATA gc:  total_k 33364330  total_secs 0.115511  max_secs 0.012821
