startup =       20000
elapsed =       10000
threads =       2
accounts =      2
init =          1000000
maxAmount =     10
readFreq =      0
writeFreq =     0
readThreads =   0
writeThreads =  0
disjointTrans = false
yieldALot =     false
flavour =       rfw

warming up
timed execution

TOTAL=2000000.0 [ 1012047.0 987953.0 ]

10002 actual elapsed

T=3664990, R=0, W=0
T=3888916, R=0, W=0

TOTAL: T=7553906, R=0, W=0
--- 13,681 MB collected in 0.084 secs (0.3% of total), longest GC took 0.003 secs
DATA gc:  total_k 14009441  total_secs 0.084254  max_secs 0.002661
