startup =       20000
elapsed =       10000
threads =       256
accounts =      256
init =          1000000
maxAmount =     10
readFreq =      0
writeFreq =     0
readThreads =   0
writeThreads =  0
disjointTrans = false
yieldALot =     false
flavour =       t

warming up
timed execution

TOTAL=2.55999952E8 [ 991849.0 1000136.0 1004855.0 989978.0 1003761.0 1008637.0 1001138.0 993155.0 997313.0 1002103.0 1000408.0 1003299.0 1001554.0 994503.0 995172.0 1003618.0 1006950.0 1003620.0 1002881.0 998504.0 1007424.0 998565.0 1006215.0 1009051.0 1005258.0 999709.0 1003575.0 996635.0 1016123.0 995014.0 1006509.0 1004224.0 1007464.0 988539.0 992880.0 994663.0 996585.0 993326.0 1010622.0 1005924.0 993501.0 1000862.0 993922.0 999962.0 1008283.0 1000022.0 1016308.0 1000884.0 1008060.0 996147.0 994343.0 1006440.0 997955.0 999304.0 1000918.0 999559.0 1002463.0 1001595.0 1004732.0 1007052.0 995260.0 1003581.0 1012700.0 995211.0 997283.0 995499.0 997713.0 990244.0 998214.0 1000477.0 997857.0 995681.0 1002982.0 1016110.0 989663.0 1010280.0 1000450.0 1000742.0 1002859.0 1002097.0 992452.0 1004724.0 1000663.0 988748.0 991029.0 999010.0 1004929.0 998729.0 1005958.0 1000585.0 998111.0 992004.0 995695.0 1005308.0 1011044.0 997023.0 1014719.0 999868.0 998825.0 1005434.0 997709.0 1000819.0 1000984.0 992612.0 1011277.0 1008564.0 1009565.0 997010.0 997169.0 996529.0 993639.0 1002343.0 1001821.0 1004813.0 996686.0 988973.0 988770.0 998882.0 997363.0 1002425.0 995447.0 1000727.0 1015007.0 994963.0 996888.0 994803.0 994218.0 1010532.0 1003756.0 1004854.0 990257.0 994051.0 995947.0 1000420.0 987484.0 999097.0 994861.0 995941.0 1010320.0 993331.0 995514.0 1000278.0 1007375.0 1004637.0 1004695.0 1005031.0 993289.0 1002004.0 1008529.0 991903.0 998580.0 1001644.0 989219.0 1000495.0 993894.0 999520.0 1004221.0 992710.0 996385.0 991446.0 989430.0 1001040.0 996120.0 992387.0 1002920.0 1001292.0 1001213.0 1006798.0 1000938.0 1000893.0 1005473.0 995309.0 993869.0 1007502.0 997182.0 995129.0 987804.0 993605.0 998612.0 1000662.0 1005961.0 991825.0 1013935.0 997538.0 1005806.0 987962.0 996929.0 992959.0 999279.0 995678.0 996182.0 1014098.0 1005231.0 1014347.0 1003377.0 1007434.0 1007784.0 991120.0 1001633.0 1002434.0 993121.0 1001963.0 1000488.0 994125.0 998014.0 992359.0 998629.0 1005458.0 1010581.0 996908.0 1002825.0 1002238.0 997569.0 1001393.0 998631.0 994499.0 997658.0 993668.0 1001708.0 996607.0 1004186.0 994387.0 990293.0 1008792.0 985295.0 988717.0 1007817.0 1004674.0 1002477.0 1008198.0 1002636.0 1010564.0 992507.0 988869.0 1002399.0 1000818.0 998067.0 990904.0 990113.0 999614.0 995359.0 1009698.0 999559.0 992135.0 1003291.0 1000808.0 1006704.0 1000212.0 990528.0 1002500.0 1000549.0 1011946.0 995602.0 1014952.0 1004384.0 996276.0 ]

10002 actual elapsed

T=287311, R=0, W=0
T=455014, R=0, W=0
T=231862, R=0, W=0
T=229921, R=0, W=0
T=260170, R=0, W=0
T=236101, R=0, W=0
T=272756, R=0, W=0
T=324731, R=0, W=0
T=285591, R=0, W=0
T=309210, R=0, W=0
T=207470, R=0, W=0
T=324163, R=0, W=0
T=271820, R=0, W=0
T=299208, R=0, W=0
T=261072, R=0, W=0
T=250806, R=0, W=0
T=336906, R=0, W=0
T=253781, R=0, W=0
T=333971, R=0, W=0
T=309942, R=0, W=0
T=201271, R=0, W=0
T=313341, R=0, W=0
T=279146, R=0, W=0
T=199995, R=0, W=0
T=269038, R=0, W=0
T=248497, R=0, W=0
T=336176, R=0, W=0
T=357619, R=0, W=0
T=294793, R=0, W=0
T=279806, R=0, W=0
T=265171, R=0, W=0
T=298409, R=0, W=0
T=235595, R=0, W=0
T=265147, R=0, W=0
T=245519, R=0, W=0
T=240007, R=0, W=0
T=320949, R=0, W=0
T=262692, R=0, W=0
T=273324, R=0, W=0
T=309597, R=0, W=0
T=286168, R=0, W=0
T=255888, R=0, W=0
T=353119, R=0, W=0
T=308901, R=0, W=0
T=229395, R=0, W=0
T=360342, R=0, W=0
T=258260, R=0, W=0
T=260371, R=0, W=0
T=284165, R=0, W=0
T=326227, R=0, W=0
T=238663, R=0, W=0
T=223969, R=0, W=0
T=274901, R=0, W=0
T=347999, R=0, W=0
T=392148, R=0, W=0
T=316887, R=0, W=0
T=266113, R=0, W=0
T=345224, R=0, W=0
T=199541, R=0, W=0
T=355829, R=0, W=0
T=303582, R=0, W=0
T=341296, R=0, W=0
T=207499, R=0, W=0
T=292870, R=0, W=0
T=352040, R=0, W=0
T=292242, R=0, W=0
T=311026, R=0, W=0
T=262815, R=0, W=0
T=273748, R=0, W=0
T=262964, R=0, W=0
T=145584, R=0, W=0
T=290649, R=0, W=0
T=230290, R=0, W=0
T=296398, R=0, W=0
T=307546, R=0, W=0
T=305587, R=0, W=0
T=318504, R=0, W=0
T=260784, R=0, W=0
T=264666, R=0, W=0
T=286849, R=0, W=0
T=274077, R=0, W=0
T=304752, R=0, W=0
T=241678, R=0, W=0
T=392727, R=0, W=0
T=295380, R=0, W=0
T=428839, R=0, W=0
T=240669, R=0, W=0
T=225580, R=0, W=0
T=260700, R=0, W=0
T=357210, R=0, W=0
T=236831, R=0, W=0
T=259503, R=0, W=0
T=350021, R=0, W=0
T=257267, R=0, W=0
T=216951, R=0, W=0
T=293499, R=0, W=0
T=245099, R=0, W=0
T=324549, R=0, W=0
T=273841, R=0, W=0
T=238254, R=0, W=0
T=180035, R=0, W=0
T=237094, R=0, W=0
T=294366, R=0, W=0
T=298238, R=0, W=0
T=260892, R=0, W=0
T=354460, R=0, W=0
T=259469, R=0, W=0
T=212870, R=0, W=0
T=264976, R=0, W=0
T=337566, R=0, W=0
T=243026, R=0, W=0
T=258561, R=0, W=0
T=277214, R=0, W=0
T=263429, R=0, W=0
T=227736, R=0, W=0
T=254853, R=0, W=0
T=253595, R=0, W=0
T=294067, R=0, W=0
T=431370, R=0, W=0
T=255263, R=0, W=0
T=323536, R=0, W=0
T=243667, R=0, W=0
T=279410, R=0, W=0
T=307930, R=0, W=0
T=324273, R=0, W=0
T=324426, R=0, W=0
T=257726, R=0, W=0
T=291212, R=0, W=0
T=372367, R=0, W=0
T=331808, R=0, W=0
T=343236, R=0, W=0
T=316338, R=0, W=0
T=346165, R=0, W=0
T=275177, R=0, W=0
T=340529, R=0, W=0
T=324175, R=0, W=0
T=307956, R=0, W=0
T=334562, R=0, W=0
T=309922, R=0, W=0
T=274861, R=0, W=0
T=219465, R=0, W=0
T=327417, R=0, W=0
T=275553, R=0, W=0
T=344900, R=0, W=0
T=308723, R=0, W=0
T=370727, R=0, W=0
T=329306, R=0, W=0
T=505291, R=0, W=0
T=276638, R=0, W=0
T=297451, R=0, W=0
T=282647, R=0, W=0
T=190308, R=0, W=0
T=318272, R=0, W=0
T=281296, R=0, W=0
T=323659, R=0, W=0
T=309140, R=0, W=0
T=326501, R=0, W=0
T=222722, R=0, W=0
T=293229, R=0, W=0
T=313891, R=0, W=0
T=271383, R=0, W=0
T=341359, R=0, W=0
T=326428, R=0, W=0
T=308454, R=0, W=0
T=244343, R=0, W=0
T=308765, R=0, W=0
T=293331, R=0, W=0
T=317856, R=0, W=0
T=294983, R=0, W=0
T=249542, R=0, W=0
T=474002, R=0, W=0
T=318989, R=0, W=0
T=292994, R=0, W=0
T=298591, R=0, W=0
T=370467, R=0, W=0
T=306349, R=0, W=0
T=278787, R=0, W=0
T=274270, R=0, W=0
T=263665, R=0, W=0
T=305640, R=0, W=0
T=261446, R=0, W=0
T=261587, R=0, W=0
T=299004, R=0, W=0
T=337687, R=0, W=0
T=276505, R=0, W=0
T=288269, R=0, W=0
T=308647, R=0, W=0
T=277109, R=0, W=0
T=184213, R=0, W=0
T=277877, R=0, W=0
T=209968, R=0, W=0
T=309857, R=0, W=0
T=265424, R=0, W=0
T=322207, R=0, W=0
T=278227, R=0, W=0
T=277808, R=0, W=0
T=314654, R=0, W=0
T=258729, R=0, W=0
T=221843, R=0, W=0
T=302345, R=0, W=0
T=370740, R=0, W=0
T=271576, R=0, W=0
T=301254, R=0, W=0
T=317470, R=0, W=0
T=334437, R=0, W=0
T=293913, R=0, W=0
T=255716, R=0, W=0
T=196720, R=0, W=0
T=243909, R=0, W=0
T=369571, R=0, W=0
T=415562, R=0, W=0
T=218425, R=0, W=0
T=208100, R=0, W=0
T=239067, R=0, W=0
T=244251, R=0, W=0
T=253136, R=0, W=0
T=262411, R=0, W=0
T=283815, R=0, W=0
T=268044, R=0, W=0
T=298612, R=0, W=0
T=269474, R=0, W=0
T=353882, R=0, W=0
T=310608, R=0, W=0
T=244355, R=0, W=0
T=268466, R=0, W=0
T=190930, R=0, W=0
T=293295, R=0, W=0
T=284337, R=0, W=0
T=188718, R=0, W=0
T=220747, R=0, W=0
T=215104, R=0, W=0
T=252691, R=0, W=0
T=174381, R=0, W=0
T=205394, R=0, W=0
T=314886, R=0, W=0
T=135704, R=0, W=0
T=275137, R=0, W=0
T=289274, R=0, W=0
T=277979, R=0, W=0
T=329255, R=0, W=0
T=313608, R=0, W=0
T=284196, R=0, W=0
T=282531, R=0, W=0
T=456062, R=0, W=0
T=399194, R=0, W=0
T=195420, R=0, W=0
T=314410, R=0, W=0
T=208553, R=0, W=0
T=238122, R=0, W=0
T=351101, R=0, W=0
T=196073, R=0, W=0
T=193886, R=0, W=0
T=236215, R=0, W=0
T=271892, R=0, W=0
T=295298, R=0, W=0
T=282552, R=0, W=0

TOTAL: T=73185929, R=0, W=0
--- 99,245 MB collected in 0.267 secs (0.9% of total), longest GC took 0.013 secs
DATA gc:  total_k 101627121  total_secs 0.266918  max_secs 0.012893
