startup =       20000
elapsed =       10000
threads =       1
accounts =      1
init =          1000000
maxAmount =     10
readFreq =      0
writeFreq =     0
readThreads =   0
writeThreads =  0
disjointTrans = false
yieldALot =     false
flavour =       t

warming up
timed execution

TOTAL=1000000.0 [ 1000000.0 ]

10001 actual elapsed

T=18471811, R=0, W=0

TOTAL: T=18471811, R=0, W=0
--- 30,055 MB collected in 0.126 secs (0.4% of total), longest GC took 0.003 secs
DATA gc:  total_k 30776330  total_secs 0.12638  max_secs 0.002561
