startup =       20000
elapsed =       10000
threads =       256
accounts =      256
init =          1000000
maxAmount =     10
readFreq =      0
writeFreq =     0
readThreads =   0
writeThreads =  0
disjointTrans = false
yieldALot =     false
flavour =       rfw

warming up
timed execution

TOTAL=2.55999968E8 [ 1000962.0 1007876.0 999197.0 1001254.0 988190.0 1002858.0 1010836.0 995573.0 999899.0 1017103.0 1003180.0 997614.0 990268.0 1003823.0 995558.0 991562.0 1002166.0 1006336.0 997427.0 1003687.0 1010795.0 994270.0 1001499.0 1006923.0 1002652.0 1011077.0 996483.0 1000818.0 1008969.0 1002604.0 997124.0 997936.0 997039.0 1000078.0 1002362.0 1007638.0 995853.0 1006073.0 994862.0 997128.0 998043.0 1000563.0 997656.0 1007239.0 989152.0 1006199.0 993141.0 1005121.0 996480.0 988749.0 995924.0 999339.0 1000867.0 999316.0 1004915.0 1002475.0 1008487.0 999030.0 1008649.0 1005624.0 990129.0 1002401.0 1007091.0 1006713.0 1004544.0 989359.0 1005249.0 1010627.0 999075.0 1010183.0 985267.0 1002653.0 999122.0 998777.0 997804.0 1004741.0 999499.0 994885.0 998263.0 1004888.0 1004199.0 999780.0 998655.0 1005742.0 995014.0 999690.0 1001194.0 1004808.0 998028.0 1000676.0 993794.0 998477.0 988869.0 998756.0 1003640.0 1015468.0 1001352.0 1000934.0 993557.0 996089.0 994224.0 997634.0 994460.0 997345.0 1000493.0 994854.0 993800.0 999068.0 994753.0 999587.0 992935.0 1004585.0 998036.0 1018904.0 1000270.0 995721.0 1007451.0 1001985.0 1004889.0 991166.0 994532.0 1001730.0 994635.0 998617.0 995104.0 989843.0 1014759.0 999548.0 1002192.0 991216.0 1006245.0 1010297.0 991830.0 989631.0 1007015.0 993341.0 997191.0 981760.0 1004609.0 982746.0 1005939.0 990797.0 1001104.0 1002476.0 993806.0 1000747.0 993826.0 996406.0 992432.0 999156.0 1010996.0 1002380.0 993918.0 1001551.0 1002179.0 1002385.0 999072.0 996068.0 989429.0 1002692.0 1002126.0 1002022.0 998009.0 1005598.0 998670.0 997808.0 993172.0 997444.0 992131.0 1003096.0 1005438.0 1006928.0 989471.0 1004639.0 1010447.0 996563.0 1010248.0 992493.0 989894.0 998480.0 1001969.0 997742.0 986408.0 991344.0 1007658.0 998511.0 981225.0 1006269.0 994049.0 1004908.0 1001435.0 997582.0 995343.0 1001700.0 1004069.0 997372.0 1006039.0 1000153.0 998524.0 994410.0 993187.0 1004573.0 1011779.0 1012906.0 996496.0 1011047.0 998673.0 1004143.0 1000015.0 1009344.0 1004996.0 990158.0 1004811.0 997463.0 1001595.0 998502.0 994127.0 987025.0 1000865.0 994737.0 1005587.0 993846.0 1005552.0 997432.0 1003636.0 986675.0 1008952.0 1002769.0 998854.0 1006903.0 994335.0 996058.0 1008459.0 992567.0 999262.0 1002907.0 1004864.0 1006791.0 995682.0 1011627.0 1002984.0 995488.0 996775.0 1012575.0 1016253.0 1006334.0 989961.0 1001478.0 1004790.0 998500.0 1006694.0 997663.0 995285.0 1000405.0 1002123.0 1001232.0 ]

11539 actual elapsed

T=338616, R=0, W=0
T=341662, R=0, W=0
T=375647, R=0, W=0
T=310268, R=0, W=0
T=462964, R=0, W=0
T=215275, R=0, W=0
T=574255, R=0, W=0
T=307675, R=0, W=0
T=276118, R=0, W=0
T=376466, R=0, W=0
T=258098, R=0, W=0
T=298757, R=0, W=0
T=344474, R=0, W=0
T=356655, R=0, W=0
T=224907, R=0, W=0
T=391877, R=0, W=0
T=380549, R=0, W=0
T=472953, R=0, W=0
T=356488, R=0, W=0
T=326548, R=0, W=0
T=385890, R=0, W=0
T=213396, R=0, W=0
T=428031, R=0, W=0
T=361481, R=0, W=0
T=293734, R=0, W=0
T=325226, R=0, W=0
T=504743, R=0, W=0
T=381343, R=0, W=0
T=356942, R=0, W=0
T=339639, R=0, W=0
T=388124, R=0, W=0
T=434456, R=0, W=0
T=365014, R=0, W=0
T=168233, R=0, W=0
T=290909, R=0, W=0
T=382606, R=0, W=0
T=330383, R=0, W=0
T=371136, R=0, W=0
T=346615, R=0, W=0
T=371688, R=0, W=0
T=323387, R=0, W=0
T=327283, R=0, W=0
T=337770, R=0, W=0
T=272203, R=0, W=0
T=499994, R=0, W=0
T=409925, R=0, W=0
T=406022, R=0, W=0
T=302245, R=0, W=0
T=424825, R=0, W=0
T=217719, R=0, W=0
T=374251, R=0, W=0
T=264268, R=0, W=0
T=370673, R=0, W=0
T=469683, R=0, W=0
T=395346, R=0, W=0
T=365447, R=0, W=0
T=256575, R=0, W=0
T=357885, R=0, W=0
T=321407, R=0, W=0
T=359172, R=0, W=0
T=431144, R=0, W=0
T=338474, R=0, W=0
T=530676, R=0, W=0
T=228862, R=0, W=0
T=197468, R=0, W=0
T=343913, R=0, W=0
T=323608, R=0, W=0
T=232145, R=0, W=0
T=462039, R=0, W=0
T=306501, R=0, W=0
T=402130, R=0, W=0
T=272740, R=0, W=0
T=296133, R=0, W=0
T=327062, R=0, W=0
T=190933, R=0, W=0
T=368258, R=0, W=0
T=250921, R=0, W=0
T=363213, R=0, W=0
T=366952, R=0, W=0
T=372756, R=0, W=0
T=333066, R=0, W=0
T=351981, R=0, W=0
T=273967, R=0, W=0
T=396966, R=0, W=0
T=433853, R=0, W=0
T=464367, R=0, W=0
T=214469, R=0, W=0
T=694173, R=0, W=0
T=384141, R=0, W=0
T=297660, R=0, W=0
T=291406, R=0, W=0
T=409808, R=0, W=0
T=372235, R=0, W=0
T=487051, R=0, W=0
T=390781, R=0, W=0
T=342503, R=0, W=0
T=254148, R=0, W=0
T=435720, R=0, W=0
T=382831, R=0, W=0
T=201892, R=0, W=0
T=424486, R=0, W=0
T=335097, R=0, W=0
T=348815, R=0, W=0
T=326782, R=0, W=0
T=276752, R=0, W=0
T=261475, R=0, W=0
T=270205, R=0, W=0
T=378522, R=0, W=0
T=245107, R=0, W=0
T=435433, R=0, W=0
T=288558, R=0, W=0
T=368476, R=0, W=0
T=453248, R=0, W=0
T=320996, R=0, W=0
T=242998, R=0, W=0
T=166946, R=0, W=0
T=216340, R=0, W=0
T=271447, R=0, W=0
T=319583, R=0, W=0
T=249489, R=0, W=0
T=185718, R=0, W=0
T=218053, R=0, W=0
T=317971, R=0, W=0
T=351023, R=0, W=0
T=347134, R=0, W=0
T=327294, R=0, W=0
T=444153, R=0, W=0
T=358246, R=0, W=0
T=386620, R=0, W=0
T=203652, R=0, W=0
T=420241, R=0, W=0
T=431050, R=0, W=0
T=398163, R=0, W=0
T=371704, R=0, W=0
T=364106, R=0, W=0
T=343863, R=0, W=0
T=410549, R=0, W=0
T=400594, R=0, W=0
T=399132, R=0, W=0
T=439658, R=0, W=0
T=395578, R=0, W=0
T=399164, R=0, W=0
T=295398, R=0, W=0
T=245565, R=0, W=0
T=374646, R=0, W=0
T=538216, R=0, W=0
T=440386, R=0, W=0
T=377064, R=0, W=0
T=460779, R=0, W=0
T=355784, R=0, W=0
T=333020, R=0, W=0
T=313228, R=0, W=0
T=436834, R=0, W=0
T=330586, R=0, W=0
T=276759, R=0, W=0
T=381766, R=0, W=0
T=279764, R=0, W=0
T=428140, R=0, W=0
T=289144, R=0, W=0
T=380608, R=0, W=0
T=472320, R=0, W=0
T=399049, R=0, W=0
T=356158, R=0, W=0
T=208868, R=0, W=0
T=374545, R=0, W=0
T=332567, R=0, W=0
T=280542, R=0, W=0
T=386670, R=0, W=0
T=353790, R=0, W=0
T=312403, R=0, W=0
T=254916, R=0, W=0
T=369283, R=0, W=0
T=313288, R=0, W=0
T=282176, R=0, W=0
T=419812, R=0, W=0
T=442235, R=0, W=0
T=252143, R=0, W=0
T=202617, R=0, W=0
T=416575, R=0, W=0
T=147859, R=0, W=0
T=373755, R=0, W=0
T=328879, R=0, W=0
T=416381, R=0, W=0
T=281740, R=0, W=0
T=355052, R=0, W=0
T=309793, R=0, W=0
T=316569, R=0, W=0
T=392182, R=0, W=0
T=378615, R=0, W=0
T=254952, R=0, W=0
T=412084, R=0, W=0
T=452440, R=0, W=0
T=213843, R=0, W=0
T=253306, R=0, W=0
T=252701, R=0, W=0
T=344586, R=0, W=0
T=401642, R=0, W=0
T=464173, R=0, W=0
T=392913, R=0, W=0
T=319628, R=0, W=0
T=481230, R=0, W=0
T=291734, R=0, W=0
T=201897, R=0, W=0
T=313681, R=0, W=0
T=418178, R=0, W=0
T=391303, R=0, W=0
T=224551, R=0, W=0
T=508075, R=0, W=0
T=162709, R=0, W=0
T=475588, R=0, W=0
T=293920, R=0, W=0
T=263747, R=0, W=0
T=422997, R=0, W=0
T=440278, R=0, W=0
T=300077, R=0, W=0
T=447543, R=0, W=0
T=253058, R=0, W=0
T=286411, R=0, W=0
T=286439, R=0, W=0
T=358264, R=0, W=0
T=267405, R=0, W=0
T=305832, R=0, W=0
T=254562, R=0, W=0
T=481078, R=0, W=0
T=358052, R=0, W=0
T=299828, R=0, W=0
T=307594, R=0, W=0
T=311866, R=0, W=0
T=364101, R=0, W=0
T=339291, R=0, W=0
T=286843, R=0, W=0
T=310200, R=0, W=0
T=281949, R=0, W=0
T=310107, R=0, W=0
T=306811, R=0, W=0
T=278622, R=0, W=0
T=616668, R=0, W=0
T=261553, R=0, W=0
T=288928, R=0, W=0
T=313959, R=0, W=0
T=383869, R=0, W=0
T=430980, R=0, W=0
T=202394, R=0, W=0
T=491862, R=0, W=0
T=441499, R=0, W=0
T=356416, R=0, W=0
T=382108, R=0, W=0
T=401451, R=0, W=0
T=482269, R=0, W=0
T=312932, R=0, W=0
T=454443, R=0, W=0
T=175029, R=0, W=0
T=307546, R=0, W=0
T=393558, R=0, W=0
T=362569, R=0, W=0
T=243518, R=0, W=0

TOTAL: T=88439397, R=0, W=0
--- 96,284 MB collected in 0.262 secs (0.8% of total), longest GC took 0.015 secs
DATA gc:  total_k 98595569  total_secs 0.262215  max_secs 0.014729
