startup =       20000
elapsed =       10000
threads =       1
accounts =      1
init =          1000000
maxAmount =     10
readFreq =      0
writeFreq =     0
readThreads =   0
writeThreads =  0
disjointTrans = false
yieldALot =     false
flavour =       d

warming up
timed execution

TOTAL=1000000.0 [ 1000000.0 ]

10002 actual elapsed

T=24043630, R=0, W=0

TOTAL: T=24043630, R=0, W=0
--- 29,064 MB collected in 0.078 secs (0.3% of total), longest GC took 0.002 secs
DATA gc:  total_k 29762058  total_secs 0.078381  max_secs 0.002002
