startup =       4000
elapsed =       10000
threads =       8
accounts =      512
init =          1000000
maxAmount =     10
readFreq =      0
writeFreq =     0
readThreads =   0
writeThreads =  0
disjointTrans = false
yieldALot =     false
flavour =       d

warming up
timed execution

TOTAL=5.1199984E8 [ 1004354.0 1000367.0 1002327.0 996683.0 994164.0 994086.0 987069.0 998939.0 990153.0 1002098.0 1000293.0 1001364.0 999120.0 991112.0 997182.0 992899.0 1005960.0 1010732.0 1006337.0 994442.0 983760.0 1000758.0 1024245.0 1000109.0 1011859.0 984997.0 992906.0 999690.0 1005067.0 1005852.0 990538.0 1005518.0 996362.0 994146.0 1003252.0 996590.0 988930.0 1005039.0 997839.0 997123.0 1000778.0 1003981.0 990142.0 1002901.0 1008162.0 997016.0 986309.0 1001258.0 988819.0 1000479.0 999331.0 995543.0 1009905.0 1004099.0 989556.0 1014353.0 994478.0 999093.0 1005509.0 994234.0 1001212.0 1006300.0 1005298.0 1006640.0 1000313.0 987901.0 1005662.0 996863.0 999826.0 997832.0 1005548.0 1008749.0 995235.0 1006456.0 996287.0 991600.0 1009364.0 992242.0 1007910.0 999754.0 1007283.0 1005722.0 1007175.0 1004095.0 1011176.0 991128.0 989178.0 984335.0 995092.0 1002900.0 997656.0 986411.0 1008071.0 998402.0 998308.0 998929.0 977214.0 1000002.0 996779.0 1001822.0 1020625.0 984428.0 1001287.0 1013371.0 994660.0 999237.0 995480.0 997177.0 993445.0 987927.0 1000650.0 1004273.0 1005806.0 996646.0 984641.0 1013780.0 990642.0 1006537.0 993833.0 986160.0 1005077.0 989868.0 998072.0 997972.0 997879.0 1000611.0 985260.0 999333.0 986273.0 1021771.0 1000985.0 1006005.0 1003339.0 988550.0 1003968.0 991333.0 985073.0 1005056.0 1005686.0 999470.0 990454.0 1000980.0 982552.0 993347.0 993767.0 993942.0 992311.0 999816.0 994667.0 1012166.0 993506.0 989677.0 998184.0 1015801.0 1003545.0 993326.0 1007416.0 987383.0 1000404.0 992669.0 995528.0 1014780.0 993801.0 984210.0 1010526.0 990363.0 996059.0 1002751.0 996467.0 997720.0 1001180.0 985282.0 1011793.0 990458.0 998171.0 990195.0 994777.0 1001820.0 997838.0 1010225.0 1007615.0 1015579.0 998664.0 1004567.0 1006077.0 1005495.0 1003138.0 991712.0 983453.0 978826.0 1004028.0 998262.0 1005168.0 998633.0 994725.0 1002559.0 997341.0 993155.0 995862.0 983355.0 1015502.0 1004860.0 1015736.0 992528.0 1004276.0 1003689.0 1001915.0 989699.0 992229.0 986737.0 1006188.0 1006503.0 999333.0 976051.0 993547.0 1000949.0 1006743.0 1005912.0 1010321.0 1010682.0 1005940.0 1002943.0 995225.0 999780.0 988039.0 995667.0 986132.0 997869.0 998270.0 999923.0 1001846.0 990422.0 984955.0 1004449.0 990224.0 1006116.0 998860.0 996017.0 993240.0 998759.0 1023911.0 977644.0 1008919.0 999421.0 988339.0 997395.0 995361.0 1000128.0 994578.0 1001185.0 999435.0 1011391.0 983948.0 1007953.0 1010341.0 1015299.0 993494.0 1001007.0 994899.0 976083.0 1004978.0 996756.0 1023141.0 1009919.0 1012030.0 994169.0 990073.0 979759.0 998484.0 984570.0 991380.0 990765.0 992661.0 992706.0 1017566.0 1008217.0 1002331.0 1010276.0 996033.0 1005792.0 999420.0 1001769.0 1006593.0 1008005.0 993598.0 986543.0 1007548.0 991165.0 1002183.0 1007598.0 992056.0 999146.0 990776.0 1005146.0 989560.0 1007297.0 1005565.0 1009902.0 990037.0 998494.0 1012715.0 1012868.0 988831.0 1003003.0 998211.0 1006591.0 1016370.0 1013753.0 1013460.0 1011841.0 996231.0 987840.0 1016921.0 1004345.0 998284.0 1015797.0 1002360.0 995901.0 1003110.0 988387.0 993363.0 986898.0 1005326.0 991483.0 1006947.0 989304.0 1014127.0 1010986.0 993967.0 1005957.0 992152.0 991394.0 991099.0 1008105.0 998826.0 999020.0 1021723.0 994760.0 1006181.0 1018081.0 1006594.0 990421.0 1000200.0 1009239.0 996306.0 999560.0 1012189.0 1002702.0 984215.0 1013907.0 999989.0 994379.0 1002457.0 991393.0 1003589.0 993484.0 1008441.0 995206.0 990085.0 1004239.0 997422.0 996411.0 993775.0 981717.0 1010458.0 1016477.0 1001687.0 1011658.0 1012322.0 1004513.0 999684.0 1010976.0 984155.0 993079.0 997621.0 992822.0 1001286.0 986484.0 1003898.0 1000968.0 1009166.0 988652.0 1004129.0 1019426.0 997897.0 989673.0 993129.0 1003937.0 1005267.0 999484.0 1013433.0 1005525.0 1003592.0 1023141.0 1009574.0 1007876.0 1007808.0 985036.0 1001098.0 1011901.0 1005417.0 996741.0 993474.0 1005149.0 1013282.0 999726.0 1004208.0 992112.0 999267.0 1011521.0 991119.0 990300.0 1002124.0 993786.0 1006788.0 1006328.0 995031.0 1015539.0 1001969.0 1007358.0 1006156.0 990471.0 1012486.0 989255.0 999085.0 990587.0 996261.0 986712.0 997572.0 991892.0 1001995.0 994459.0 1008070.0 989629.0 995570.0 1011011.0 999359.0 1012577.0 1007908.0 990697.0 983373.0 997812.0 993584.0 1006859.0 991831.0 996030.0 1004193.0 1038507.0 989824.0 994113.0 1013137.0 1010139.0 994046.0 998813.0 1000645.0 1006434.0 1005487.0 996091.0 1006871.0 1018905.0 990849.0 997936.0 995321.0 998535.0 986192.0 1002362.0 1000417.0 1010972.0 1002176.0 1000938.0 992004.0 1006711.0 986039.0 1004241.0 996884.0 1014519.0 1003343.0 991589.0 1001546.0 1002451.0 1004953.0 997868.0 1005924.0 1001377.0 1001459.0 991737.0 1011359.0 1016475.0 997568.0 999418.0 998072.0 1019296.0 1003483.0 1000872.0 1005882.0 990975.0 985000.0 1000244.0 1023746.0 990767.0 986834.0 1011069.0 993798.0 999252.0 1006630.0 1007416.0 1005343.0 1009489.0 996904.0 1037764.0 1001452.0 1014646.0 ]

10001 actual elapsed

T=5801037, R=0, W=0
T=5781956, R=0, W=0
T=6505826, R=0, W=0
T=6246214, R=0, W=0
T=5344373, R=0, W=0
T=5432755, R=0, W=0
T=6117255, R=0, W=0
T=6635510, R=0, W=0

TOTAL: T=47864926, R=0, W=0
--- 31,136 MB collected in 0.055 secs (0.4% of total), longest GC took 0.003 secs
DATA gc:  total_k 31883945  total_secs 0.054917  max_secs 0.002581
