startup =       20000
elapsed =       10000
threads =       1
accounts =      2
init =          1000000
maxAmount =     10
readFreq =      0
writeFreq =     0
readThreads =   0
writeThreads =  0
disjointTrans = false
yieldALot =     false
flavour =       rfw

warming up
timed execution

TOTAL=2000000.0 [ 956582.0 1043418.0 ]

10001 actual elapsed

T=19645307, R=0, W=0

TOTAL: T=19645307, R=0, W=0
--- 29,789 MB collected in 0.119 secs (0.4% of total), longest GC took 0.002 secs
DATA gc:  total_k 30504746  total_secs 0.118911  max_secs 0.002127
