startup =       20000
elapsed =       10000
threads =       128
accounts =      128
init =          1000000
maxAmount =     10
readFreq =      0
writeFreq =     0
readThreads =   0
writeThreads =  0
disjointTrans = false
yieldALot =     false
flavour =       t

warming up
timed execution

TOTAL=1.27999984E8 [ 989434.0 999395.0 1019402.0 990530.0 1011617.0 1005063.0 987272.0 1021586.0 991143.0 992095.0 977853.0 984123.0 998339.0 1002478.0 998968.0 1016260.0 993489.0 1007862.0 992989.0 998957.0 984103.0 996119.0 1014900.0 1014715.0 999820.0 1006197.0 1008193.0 999026.0 994369.0 1011497.0 1003894.0 1005924.0 1028358.0 1011105.0 1000587.0 995175.0 1005441.0 978140.0 1002734.0 1006229.0 998450.0 997850.0 963467.0 999424.0 991996.0 998890.0 1006551.0 984349.0 1007974.0 1018009.0 1028403.0 1010481.0 1007624.0 1004267.0 1001409.0 994265.0 994497.0 995833.0 988012.0 1003922.0 994366.0 1017262.0 993067.0 1015501.0 1002376.0 995990.0 1022500.0 1002168.0 1002859.0 1000172.0 992213.0 996883.0 993715.0 997770.0 993546.0 1002316.0 1007272.0 995903.0 986718.0 995131.0 1000017.0 991699.0 1007175.0 1002119.0 1000192.0 1001174.0 1013052.0 998380.0 991369.0 982046.0 987308.0 995260.0 998771.0 999451.0 1020468.0 993050.0 983185.0 999271.0 990332.0 992987.0 985793.0 991910.0 998428.0 1008451.0 989699.0 993950.0 1012109.0 1024921.0 989367.0 996270.0 1003510.0 1002210.0 1001016.0 1011409.0 1014754.0 1011060.0 1008341.0 1006491.0 1004247.0 976122.0 988920.0 986228.0 990176.0 1024082.0 1002738.0 990417.0 997625.0 993668.0 ]

10002 actual elapsed

T=528279, R=0, W=0
T=455109, R=0, W=0
T=521358, R=0, W=0
T=503328, R=0, W=0
T=545565, R=0, W=0
T=489400, R=0, W=0
T=520031, R=0, W=0
T=433652, R=0, W=0
T=499150, R=0, W=0
T=600489, R=0, W=0
T=461765, R=0, W=0
T=489849, R=0, W=0
T=500463, R=0, W=0
T=547978, R=0, W=0
T=568250, R=0, W=0
T=418487, R=0, W=0
T=535165, R=0, W=0
T=526937, R=0, W=0
T=449272, R=0, W=0
T=503210, R=0, W=0
T=518674, R=0, W=0
T=485026, R=0, W=0
T=450311, R=0, W=0
T=512813, R=0, W=0
T=499309, R=0, W=0
T=584976, R=0, W=0
T=418931, R=0, W=0
T=508000, R=0, W=0
T=492512, R=0, W=0
T=577132, R=0, W=0
T=532911, R=0, W=0
T=526063, R=0, W=0
T=469161, R=0, W=0
T=507407, R=0, W=0
T=487396, R=0, W=0
T=508682, R=0, W=0
T=388666, R=0, W=0
T=446183, R=0, W=0
T=483165, R=0, W=0
T=477686, R=0, W=0
T=484336, R=0, W=0
T=483636, R=0, W=0
T=451114, R=0, W=0
T=491676, R=0, W=0
T=532311, R=0, W=0
T=501635, R=0, W=0
T=415309, R=0, W=0
T=519338, R=0, W=0
T=548245, R=0, W=0
T=430437, R=0, W=0
T=419069, R=0, W=0
T=564242, R=0, W=0
T=417609, R=0, W=0
T=375150, R=0, W=0
T=538921, R=0, W=0
T=540296, R=0, W=0
T=416095, R=0, W=0
T=521798, R=0, W=0
T=498624, R=0, W=0
T=443015, R=0, W=0
T=529225, R=0, W=0
T=556108, R=0, W=0
T=554433, R=0, W=0
T=499716, R=0, W=0
T=543435, R=0, W=0
T=473579, R=0, W=0
T=560296, R=0, W=0
T=518810, R=0, W=0
T=505328, R=0, W=0
T=468671, R=0, W=0
T=494014, R=0, W=0
T=559167, R=0, W=0
T=435474, R=0, W=0
T=518673, R=0, W=0
T=421928, R=0, W=0
T=456715, R=0, W=0
T=575292, R=0, W=0
T=546274, R=0, W=0
T=447191, R=0, W=0
T=439221, R=0, W=0
T=451402, R=0, W=0
T=413589, R=0, W=0
T=535213, R=0, W=0
T=558599, R=0, W=0
T=530947, R=0, W=0
T=480065, R=0, W=0
T=513224, R=0, W=0
T=523010, R=0, W=0
T=552638, R=0, W=0
T=474070, R=0, W=0
T=463000, R=0, W=0
T=501786, R=0, W=0
T=513873, R=0, W=0
T=533042, R=0, W=0
T=518648, R=0, W=0
T=501140, R=0, W=0
T=522620, R=0, W=0
T=618887, R=0, W=0
T=461522, R=0, W=0
T=500796, R=0, W=0
T=520648, R=0, W=0
T=477641, R=0, W=0
T=433417, R=0, W=0
T=439092, R=0, W=0
T=570923, R=0, W=0
T=550002, R=0, W=0
T=565174, R=0, W=0
T=486885, R=0, W=0
T=535908, R=0, W=0
T=485436, R=0, W=0
T=601887, R=0, W=0
T=522288, R=0, W=0
T=579698, R=0, W=0
T=438101, R=0, W=0
T=486617, R=0, W=0
T=518603, R=0, W=0
T=518044, R=0, W=0
T=468383, R=0, W=0
T=488656, R=0, W=0
T=603220, R=0, W=0
T=471066, R=0, W=0
T=409111, R=0, W=0
T=525423, R=0, W=0
T=556220, R=0, W=0
T=580773, R=0, W=0
T=528071, R=0, W=0
T=559186, R=0, W=0
T=441674, R=0, W=0

TOTAL: T=64199365, R=0, W=0
--- 120,199 MB collected in 0.285 secs (0.9% of total), longest GC took 0.008 secs
DATA gc:  total_k 123084696  total_secs 0.284849  max_secs 0.008465
