startup =       20000
elapsed =       10000
threads =       64
accounts =      64
init =          1000000
maxAmount =     10
readFreq =      0
writeFreq =     0
readThreads =   0
writeThreads =  0
disjointTrans = false
yieldALot =     false
flavour =       rfw

warming up
timed execution

TOTAL=6.4000008E7 [ 1005351.0 978052.0 1004022.0 997356.0 974123.0 1000283.0 1002727.0 1002270.0 1012879.0 1005156.0 994416.0 996556.0 982220.0 997245.0 1008259.0 983838.0 985679.0 996856.0 997782.0 993798.0 1010058.0 986669.0 1014924.0 991636.0 1004737.0 980820.0 1002852.0 982313.0 1044325.0 1000969.0 1003784.0 1003747.0 1011019.0 1001959.0 991974.0 1003062.0 998659.0 990297.0 1000378.0 993674.0 1006325.0 1007161.0 991966.0 991446.0 1012172.0 1015888.0 994253.0 1000065.0 995396.0 996524.0 980166.0 1010595.0 1000875.0 1008488.0 997444.0 1000682.0 1013814.0 989921.0 1015287.0 1014515.0 1000495.0 989098.0 1021850.0 1008850.0 ]

10002 actual elapsed

T=679835, R=0, W=0
T=643913, R=0, W=0
T=648361, R=0, W=0
T=741707, R=0, W=0
T=702215, R=0, W=0
T=669391, R=0, W=0
T=717177, R=0, W=0
T=719256, R=0, W=0
T=661286, R=0, W=0
T=649814, R=0, W=0
T=729705, R=0, W=0
T=719661, R=0, W=0
T=682265, R=0, W=0
T=689520, R=0, W=0
T=633633, R=0, W=0
T=735626, R=0, W=0
T=682945, R=0, W=0
T=648759, R=0, W=0
T=621418, R=0, W=0
T=653368, R=0, W=0
T=618187, R=0, W=0
T=662064, R=0, W=0
T=649723, R=0, W=0
T=646050, R=0, W=0
T=651037, R=0, W=0
T=674015, R=0, W=0
T=722332, R=0, W=0
T=688721, R=0, W=0
T=705217, R=0, W=0
T=635856, R=0, W=0
T=681517, R=0, W=0
T=706549, R=0, W=0
T=692660, R=0, W=0
T=654328, R=0, W=0
T=670239, R=0, W=0
T=651563, R=0, W=0
T=577688, R=0, W=0
T=751230, R=0, W=0
T=740079, R=0, W=0
T=739006, R=0, W=0
T=658694, R=0, W=0
T=634605, R=0, W=0
T=685180, R=0, W=0
T=645804, R=0, W=0
T=681562, R=0, W=0
T=613015, R=0, W=0
T=712572, R=0, W=0
T=680349, R=0, W=0
T=676219, R=0, W=0
T=758850, R=0, W=0
T=788078, R=0, W=0
T=679775, R=0, W=0
T=695311, R=0, W=0
T=675930, R=0, W=0
T=652621, R=0, W=0
T=701816, R=0, W=0
T=659318, R=0, W=0
T=685962, R=0, W=0
T=696715, R=0, W=0
T=641391, R=0, W=0
T=661505, R=0, W=0
T=764545, R=0, W=0
T=685300, R=0, W=0
T=561451, R=0, W=0

TOTAL: T=43444484, R=0, W=0
--- 77,287 MB collected in 0.273 secs (0.9% of total), longest GC took 0.005 secs
DATA gc:  total_k 79142084  total_secs 0.272757  max_secs 0.004685
