startup =       4000
elapsed =       10000
threads =       4
accounts =      256
init =          1000000
maxAmount =     10
readFreq =      0
writeFreq =     0
readThreads =   0
writeThreads =  0
disjointTrans = false
yieldALot =     false
flavour =       rfw

warming up
timed execution

TOTAL=2.56E8 [ 1000076.0 997720.0 1003084.0 995564.0 1006092.0 989768.0 997668.0 1012334.0 999324.0 1010552.0 997795.0 1004897.0 1002860.0 993100.0 1003946.0 1002457.0 1002389.0 992886.0 987577.0 1003011.0 996130.0 993781.0 996067.0 1003044.0 1001870.0 1002104.0 1004324.0 996875.0 1007644.0 992126.0 1005804.0 993558.0 1009324.0 1002209.0 988665.0 1008037.0 997437.0 997352.0 998499.0 999373.0 1004901.0 993905.0 1001990.0 1000569.0 1001181.0 1006954.0 993245.0 1003985.0 996132.0 996848.0 1001931.0 1007483.0 1001695.0 996737.0 998603.0 1003622.0 998962.0 1006207.0 997977.0 1006831.0 1002534.0 1004179.0 994234.0 1007151.0 999757.0 1003150.0 1006015.0 989616.0 994690.0 996090.0 996958.0 1001474.0 983633.0 994258.0 1005527.0 998710.0 996493.0 992902.0 1002384.0 1007979.0 999394.0 1000157.0 1004092.0 991603.0 990518.0 1009135.0 989808.0 999179.0 998003.0 999680.0 993538.0 1006982.0 1005372.0 997955.0 995964.0 993742.0 988686.0 1002549.0 998925.0 1004931.0 1006722.0 998484.0 995103.0 1000413.0 995741.0 999668.0 998320.0 1005904.0 1000447.0 1006656.0 995165.0 1011980.0 996117.0 998623.0 990445.0 998180.0 999665.0 1001888.0 991723.0 1004208.0 999602.0 998169.0 998426.0 998771.0 997634.0 998915.0 993592.0 1003681.0 1004278.0 1004100.0 1010353.0 985046.0 999217.0 1013251.0 1002188.0 1000800.0 995163.0 997512.0 1010789.0 994315.0 1001704.0 1005540.0 1004852.0 999371.0 996379.0 996128.0 1005812.0 996856.0 989449.0 1004282.0 997080.0 997607.0 1002625.0 1007156.0 1005818.0 1004841.0 1003388.0 997664.0 998682.0 984404.0 1007166.0 1000210.0 999671.0 1009909.0 986208.0 999311.0 989778.0 1005427.0 996144.0 1003266.0 1003763.0 1000910.0 1014713.0 988736.0 1005153.0 997941.0 998498.0 995548.0 1004809.0 1011979.0 996087.0 1003419.0 1000647.0 994714.0 1007231.0 1000333.0 1000109.0 998680.0 998167.0 1012573.0 1002267.0 998722.0 1015596.0 990451.0 996468.0 1001573.0 999596.0 1001627.0 1002215.0 1007406.0 1001621.0 991054.0 1000329.0 989894.0 1001025.0 995319.0 985725.0 992934.0 987100.0 1000987.0 1008103.0 1006899.0 998532.0 1002309.0 996117.0 1004999.0 1012059.0 1000842.0 992815.0 1004231.0 997091.0 997562.0 992244.0 1005337.0 1016850.0 995416.0 1002361.0 990212.0 987672.0 996942.0 991649.0 1006810.0 997618.0 997795.0 1011123.0 1005679.0 1006619.0 986252.0 1008778.0 992275.0 1012366.0 987783.0 1009052.0 1005216.0 1000064.0 996002.0 997114.0 993985.0 1007894.0 1004033.0 991800.0 1013672.0 1000673.0 1003011.0 1017453.0 987762.0 ]

10002 actual elapsed

T=6515300, R=0, W=0
T=6679512, R=0, W=0
T=7417390, R=0, W=0
T=6869720, R=0, W=0

TOTAL: T=27481922, R=0, W=0
--- 20,065 MB collected in 0.045 secs (0.3% of total), longest GC took 0.003 secs
DATA gc:  total_k 20546886  total_secs 0.04517  max_secs 0.00279
