TL2CM Initialized:
Contention Manager: Polka busy-waiting [C=10]
Number of accounts  = 4
Initial amount      = 100000.0
Maximal transfer    = 10
Read-all frequency  = 0%
Write-all frequency = 0%
Read-all threads    = 0
Write-all threads   = 0
Disjoint            = false
Yield               = false

Starting threads... 0 1 2 3
End of warmup phase... 0 1 2 3
End of test phase... 0 1 2 3
Waiting for threads to finish...
All threads returned successfully
RESULTS:

  Warmup duration (ms) = 20000
  Test duration (ms)   = 10000
  Nb iterations        = 6731600
  Stats                = T=6727838, R=0, W=0, TOTAL=397473 [ 0=1216.0 1=112310.0 2=279256.0 3=4691.0 ]
    0 : 1569069 (T=1568134, R=0, W=0)
    1 : 1417630 (T=1416736, R=0, W=0)
    2 : 1899733 (T=1898756, R=0, W=0)
    3 : 1845168 (T=1844212, R=0, W=0)
--- 12,924 MB collected in 0.076 secs (0.3% of total), longest GC took 0.011 secs
DATA gc:  total_k 13234871  total_secs 0.075971  max_secs 0.011429
