Number of accounts  = 32
Initial amount      = 100000.0
Maximal transfer    = 10
Read-all frequency  = 0%
Write-all frequency = 0%
Read-all threads    = 0
Write-all threads   = 0
Disjoint            = false
Yield               = false

Starting threads... 0 1 2 3 4 5 6 7 8 9 10 11 12 13 14 15 16 17 18 19 20 21 22 23 24 25 26 27 28 29 30 31
End of warmup phase... 0 1 2 3 4 5 6 7 8 9 10 11 12 13 14 15 16 17 18 19 20 21 22 23 24 25 26 27 28 29 30 31
End of test phase... 0 1 2 3 4 5 6 7 8 9 10 11 12 13 14 15 16 17 18 19 20 21 22 23 24 25 26 27 28 29 30 31
Waiting for threads to finish...
All threads returned successfully
RESULTS:

  Warmup duration (ms) = 20000
  Test duration (ms)   = 10000
  Nb iterations        = 2467
  Stats                = T=2467, R=0, W=0, TOTAL=3200000 [ 0=99932.0 1=99852.0 2=100224.0 3=100087.0 4=100167.0 5=99970.0 6=99959.0 7=99961.0 8=99873.0 9=100263.0 10=100047.0 11=100112.0 12=99951.0 13=100114.0 14=99885.0 15=99898.0 16=100063.0 17=99952.0 18=100185.0 19=100032.0 20=99893.0 21=100137.0 22=100050.0 23=99955.0 24=99760.0 25=99887.0 26=100059.0 27=99899.0 28=100003.0 29=99845.0 30=99853.0 31=100132.0 ]
    0 : 107 (T=107, R=0, W=0)
    1 : 103 (T=103, R=0, W=0)
    2 : 67 (T=67, R=0, W=0)
    3 : 91 (T=91, R=0, W=0)
    4 : 66 (T=66, R=0, W=0)
    5 : 94 (T=94, R=0, W=0)
    6 : 51 (T=51, R=0, W=0)
    7 : 46 (T=46, R=0, W=0)
    8 : 53 (T=53, R=0, W=0)
    9 : 97 (T=97, R=0, W=0)
    10 : 64 (T=64, R=0, W=0)
    11 : 78 (T=78, R=0, W=0)
    12 : 74 (T=74, R=0, W=0)
    13 : 52 (T=52, R=0, W=0)
    14 : 91 (T=91, R=0, W=0)
    15 : 60 (T=60, R=0, W=0)
    16 : 62 (T=62, R=0, W=0)
    17 : 107 (T=107, R=0, W=0)
    18 : 71 (T=71, R=0, W=0)
    19 : 99 (T=99, R=0, W=0)
    20 : 97 (T=97, R=0, W=0)
    21 : 53 (T=53, R=0, W=0)
    22 : 79 (T=79, R=0, W=0)
    23 : 88 (T=88, R=0, W=0)
    24 : 63 (T=63, R=0, W=0)
    25 : 81 (T=81, R=0, W=0)
    26 : 79 (T=79, R=0, W=0)
    27 : 79 (T=79, R=0, W=0)
    28 : 74 (T=74, R=0, W=0)
    29 : 82 (T=82, R=0, W=0)
    30 : 76 (T=76, R=0, W=0)
    31 : 83 (T=83, R=0, W=0)
--- 211,328 MB collected in 0.306 secs (1.0% of total), longest GC took 0.008 secs
DATA gc:  total_k 216399984  total_secs 0.30591  max_secs 0.007569
