TL2CM Initialized:
Contention Manager: Polka busy-waiting [C=10]
Number of accounts  = 2
Initial amount      = 100000.0
Maximal transfer    = 10
Read-all frequency  = 0%
Write-all frequency = 0%
Read-all threads    = 0
Write-all threads   = 0
Disjoint            = false
Yield               = false

Starting threads... 0 1
End of warmup phase... 0 1
End of test phase... 0 1
Waiting for threads to finish...
All threads returned successfully
RESULTS:

  Warmup duration (ms) = 20000
  Test duration (ms)   = 10001
  Nb iterations        = 5467083
  Stats                = T=5467083, R=0, W=0, TOTAL=391856 [ 0=351685.0 1=40171.0 ]
    0 : 2814335 (T=2814335, R=0, W=0)
    1 : 2652748 (T=2652748, R=0, W=0)
--- 9,644 MB collected in 0.061 secs (0.2% of total), longest GC took 0.009 secs
DATA gc:  total_k 9875944  total_secs 0.060919  max_secs 0.00856
