Number of accounts  = 4
Initial amount      = 100000.0
Maximal transfer    = 10
Read-all frequency  = 0%
Write-all frequency = 0%
Read-all threads    = 0
Write-all threads   = 0
Disjoint            = false
Yield               = false

Starting threads... 0 1 2 3
End of warmup phase... 0 1 2 3
End of test phase... 0 1 2 3
Waiting for threads to finish...
All threads returned successfully
RESULTS:

  Warmup duration (ms) = 20000
  Test duration (ms)   = 10001
  Nb iterations        = 13070055
  Stats                = T=13070055, R=0, W=0, TOTAL=400000 [ 0=80332.0 1=123251.0 2=95364.0 3=101053.0 ]
    0 : 3331494 (T=3331494, R=0, W=0)
    1 : 3300295 (T=3300295, R=0, W=0)
    2 : 3263705 (T=3263705, R=0, W=0)
    3 : 3174561 (T=3174561, R=0, W=0)
--- 15,846 MB collected in 0.059 secs (0.2% of total), longest GC took 0.008 secs
DATA gc:  total_k 16227223  total_secs 0.059125  max_secs 0.00837
