Number of accounts  = 2
Initial amount      = 1000000.0
Maximal transfer    = 10
Read-all frequency  = 0%
Write-all frequency = 0%
Read-all threads    = 0
Write-all threads   = 0
Disjoint            = false
Yield               = false

Starting threads... 0 1
End of warmup phase... 0 1
End of test phase... 0 1
Waiting for threads to finish...
All threads returned successfully
RESULTS:

  Warmup duration (ms) = 4000
  Test duration (ms)   = 10000
  Nb iterations        = 2027545
TOTAL: T=2027545, R=0, W=0

TOTAL=2000000 [ 0=1008240.0 1=991760.0 ]
    0 : 1077387 (T=1077387, R=0, W=0)
    1 : 950158 (T=950158, R=0, W=0)
--- 13,845 MB collected in 0.037 secs (0.3% of total), longest GC took 0.004 secs
DATA gc:  total_k 14177776  total_secs 0.036672  max_secs 0.003821
