Number of accounts  = 512
Initial amount      = 100000.0
Maximal transfer    = 10
Read-all frequency  = 0%
Write-all frequency = 0%
Read-all threads    = 0
Write-all threads   = 0
Disjoint            = false
Yield               = false

Starting threads... 0 1 2 3 4 5 6 7
End of warmup phase... 0 1 2 3 4 5 6 7
End of test phase... 0 1 2 3 4 5 6 7
Waiting for threads to finish...
All threads returned successfully
RESULTS:

  Warmup duration (ms) = 20000
  Test duration (ms)   = 10000
  Nb iterations        = 59202500
  Stats                = T=59202500, R=0, W=0, TOTAL=51200000 [ 0=94774.0 1=93910.0 2=100959.0 3=100354.0 4=103703.0 5=103321.0 6=102652.0 7=105304.0 8=92098.0 9=98393.0 10=100448.0 11=103917.0 12=100824.0 13=107373.0 14=104265.0 15=92128.0 16=108859.0 17=101224.0 18=103043.0 19=109006.0 20=93488.0 21=90611.0 22=105966.0 23=106856.0 24=103118.0 25=100839.0 26=101977.0 27=94421.0 28=104904.0 29=100364.0 30=96577.0 31=91253.0 32=101042.0 33=117017.0 34=95428.0 35=103443.0 36=97394.0 37=102350.0 38=104202.0 39=101065.0 40=105094.0 41=101814.0 42=100485.0 43=107481.0 44=110478.0 45=104597.0 46=96217.0 47=97195.0 48=91022.0 49=98029.0 50=97147.0 51=97629.0 52=91995.0 53=94648.0 54=97666.0 55=97099.0 56=98467.0 57=92257.0 58=101998.0 59=98326.0 60=93031.0 61=103744.0 62=98641.0 63=104545.0 64=97735.0 65=102140.0 66=107484.0 67=100450.0 68=102238.0 69=101520.0 70=97906.0 71=101648.0 72=97779.0 73=95381.0 74=100388.0 75=97992.0 76=97026.0 77=98966.0 78=102887.0 79=106430.0 80=97519.0 81=99048.0 82=105504.0 83=92299.0 84=93761.0 85=102185.0 86=98112.0 87=105845.0 88=103465.0 89=101046.0 90=102136.0 91=101673.0 92=99621.0 93=101051.0 94=108027.0 95=95251.0 96=94486.0 97=98835.0 98=99535.0 99=99518.0 100=103118.0 101=95035.0 102=92706.0 103=102272.0 104=94664.0 105=104968.0 106=101671.0 107=95982.0 108=94179.0 109=103588.0 110=102075.0 111=103639.0 112=97494.0 113=100369.0 114=98893.0 115=93396.0 116=99445.0 117=103813.0 118=100616.0 119=100809.0 120=87329.0 121=101992.0 122=95070.0 123=102517.0 124=100632.0 125=88733.0 126=108339.0 127=102104.0 128=95735.0 129=97578.0 130=97897.0 131=102958.0 132=96225.0 133=95724.0 134=100189.0 135=90817.0 136=99821.0 137=95538.0 138=96397.0 139=100174.0 140=101828.0 141=96543.0 142=97754.0 143=102086.0 144=98377.0 145=100041.0 146=93507.0 147=97110.0 148=103503.0 149=105975.0 150=99857.0 151=104124.0 152=100522.0 153=101150.0 154=100483.0 155=97905.0 156=90741.0 157=89521.0 158=92336.0 159=100525.0 160=98763.0 161=92238.0 162=95219.0 163=97864.0 164=102622.0 165=99820.0 166=98859.0 167=93130.0 168=102660.0 169=101266.0 170=107577.0 171=109043.0 172=94360.0 173=91673.0 174=90248.0 175=103234.0 176=93716.0 177=98246.0 178=96720.0 179=101564.0 180=99552.0 181=96641.0 182=91474.0 183=102021.0 184=91002.0 185=102963.0 186=105982.0 187=90603.0 188=107185.0 189=102988.0 190=104124.0 191=87404.0 192=91527.0 193=97006.0 194=101783.0 195=99858.0 196=97510.0 197=98230.0 198=104395.0 199=97418.0 200=99642.0 201=97454.0 202=105525.0 203=102761.0 204=98924.0 205=97874.0 206=92732.0 207=105183.0 208=95653.0 209=102441.0 210=93676.0 211=92311.0 212=101898.0 213=105854.0 214=103151.0 215=99812.0 216=106054.0 217=96042.0 218=104777.0 219=103016.0 220=103848.0 221=102776.0 222=97234.0 223=97545.0 224=104524.0 225=93140.0 226=100212.0 227=102884.0 228=99302.0 229=101901.0 230=102775.0 231=94852.0 232=103991.0 233=101405.0 234=94490.0 235=96085.0 236=92610.0 237=109569.0 238=107073.0 239=95626.0 240=102249.0 241=105951.0 242=92831.0 243=99649.0 244=105267.0 245=103544.0 246=99291.0 247=106809.0 248=105582.0 249=104685.0 250=105175.0 251=110889.0 252=103949.0 253=97292.0 254=93899.0 255=95512.0 256=103273.0 257=97272.0 258=100196.0 259=90513.0 260=95601.0 261=95497.0 262=93480.0 263=96832.0 264=99979.0 265=90018.0 266=103667.0 267=106611.0 268=108951.0 269=97742.0 270=98824.0 271=105905.0 272=104723.0 273=99455.0 274=98383.0 275=96568.0 276=101327.0 277=97764.0 278=102890.0 279=98354.0 280=100332.0 281=108209.0 282=111632.0 283=98646.0 284=102000.0 285=105133.0 286=106629.0 287=100222.0 288=94178.0 289=99834.0 290=108832.0 291=104207.0 292=96602.0 293=103224.0 294=105763.0 295=106935.0 296=101630.0 297=100507.0 298=96915.0 299=103167.0 300=95352.0 301=95091.0 302=85291.0 303=97781.0 304=109737.0 305=97316.0 306=92658.0 307=95655.0 308=100620.0 309=105991.0 310=93191.0 311=107020.0 312=100016.0 313=94351.0 314=108155.0 315=92513.0 316=100650.0 317=100379.0 318=101946.0 319=105425.0 320=110634.0 321=95900.0 322=101516.0 323=102601.0 324=92643.0 325=101973.0 326=106035.0 327=103246.0 328=92101.0 329=103732.0 330=99338.0 331=91548.0 332=98611.0 333=98507.0 334=100033.0 335=98693.0 336=97239.0 337=99226.0 338=106801.0 339=101424.0 340=106121.0 341=95237.0 342=97687.0 343=102461.0 344=97898.0 345=97419.0 346=100783.0 347=96907.0 348=97138.0 349=94562.0 350=104595.0 351=99526.0 352=98440.0 353=98779.0 354=108052.0 355=107719.0 356=99416.0 357=99629.0 358=98166.0 359=90834.0 360=109158.0 361=101431.0 362=100661.0 363=104259.0 364=94041.0 365=97948.0 366=103216.0 367=100757.0 368=100495.0 369=104845.0 370=94349.0 371=101732.0 372=102683.0 373=102585.0 374=108067.0 375=97808.0 376=101119.0 377=101190.0 378=106667.0 379=98751.0 380=108952.0 381=102495.0 382=103868.0 383=99660.0 384=100498.0 385=104030.0 386=96909.0 387=92829.0 388=94887.0 389=102704.0 390=106176.0 391=103164.0 392=104934.0 393=89791.0 394=102019.0 395=105308.0 396=109925.0 397=106597.0 398=101966.0 399=92930.0 400=104541.0 401=98326.0 402=101334.0 403=103921.0 404=104583.0 405=100969.0 406=104557.0 407=102075.0 408=94957.0 409=109862.0 410=95663.0 411=96050.0 412=95280.0 413=106032.0 414=93325.0 415=101799.0 416=101836.0 417=108603.0 418=103863.0 419=98774.0 420=105329.0 421=94561.0 422=104028.0 423=90131.0 424=100288.0 425=99323.0 426=100450.0 427=106355.0 428=94263.0 429=94208.0 430=95721.0 431=106646.0 432=89095.0 433=110496.0 434=99580.0 435=94088.0 436=96538.0 437=99566.0 438=95929.0 439=97825.0 440=97102.0 441=108861.0 442=95003.0 443=97108.0 444=89382.0 445=101048.0 446=95195.0 447=90593.0 448=96592.0 449=101775.0 450=103685.0 451=97815.0 452=97879.0 453=106162.0 454=101596.0 455=105770.0 456=95203.0 457=105193.0 458=92675.0 459=103261.0 460=102082.0 461=100102.0 462=97829.0 463=103258.0 464=92088.0 465=96602.0 466=94163.0 467=96167.0 468=98460.0 469=102018.0 470=96260.0 471=101018.0 472=104406.0 473=105337.0 474=98033.0 475=95302.0 476=103602.0 477=102924.0 478=98528.0 479=99150.0 480=99176.0 481=103700.0 482=109679.0 483=91544.0 484=103119.0 485=103318.0 486=99237.0 487=102519.0 488=104239.0 489=99333.0 490=106372.0 491=98593.0 492=98444.0 493=107630.0 494=102770.0 495=93637.0 496=94892.0 497=95435.0 498=107439.0 499=100141.0 500=101577.0 501=99008.0 502=109088.0 503=99512.0 504=103905.0 505=103728.0 506=100168.0 507=100065.0 508=94263.0 509=100261.0 510=105579.0 511=98063.0 ]
    0 : 7345723 (T=7345723, R=0, W=0)
    1 : 7341393 (T=7341393, R=0, W=0)
    2 : 7476520 (T=7476520, R=0, W=0)
    3 : 7714212 (T=7714212, R=0, W=0)
    4 : 6637645 (T=6637645, R=0, W=0)
    5 : 7547719 (T=7547719, R=0, W=0)
    6 : 7522621 (T=7522621, R=0, W=0)
    7 : 7616667 (T=7616667, R=0, W=0)
--- 69,902 MB collected in 0.114 secs (0.4% of total), longest GC took 0.008 secs
DATA gc:  total_k 71580376  total_secs 0.113933  max_secs 0.008186
