TL2CM Initialized:
Contention Manager: Polka busy-waiting [C=10]
Number of accounts  = 128
Initial amount      = 100000.0
Maximal transfer    = 10
Read-all frequency  = 0%
Write-all frequency = 0%
Read-all threads    = 0
Write-all threads   = 0
Disjoint            = false
Yield               = false

Starting threads... 0 1
End of warmup phase... 0 1
End of test phase... 0 1
Waiting for threads to finish...
All threads returned successfully
RESULTS:

  Warmup duration (ms) = 20000
  Test duration (ms)   = 10000
  Nb iterations        = 6724604
  Stats                = T=6724604, R=0, W=0, TOTAL=12796680 [ 0=105718.0 1=95945.0 2=93760.0 3=98605.0 4=101407.0 5=107400.0 6=102151.0 7=98007.0 8=95267.0 9=94074.0 10=105046.0 11=97930.0 12=100475.0 13=97658.0 14=99122.0 15=100240.0 16=99223.0 17=100567.0 18=97490.0 19=100573.0 20=106719.0 21=95545.0 22=94954.0 23=105533.0 24=97574.0 25=90872.0 26=95886.0 27=100385.0 28=102123.0 29=103730.0 30=98608.0 31=103776.0 32=103016.0 33=98615.0 34=100555.0 35=105125.0 36=102415.0 37=102663.0 38=104080.0 39=95807.0 40=97817.0 41=97699.0 42=99106.0 43=100262.0 44=96459.0 45=97557.0 46=98854.0 47=104454.0 48=94893.0 49=101041.0 50=103061.0 51=95488.0 52=100088.0 53=96596.0 54=95624.0 55=95091.0 56=102140.0 57=102495.0 58=98832.0 59=100035.0 60=98093.0 61=102971.0 62=99664.0 63=105841.0 64=102953.0 65=97487.0 66=104767.0 67=105935.0 68=93451.0 69=96334.0 70=102759.0 71=103034.0 72=95811.0 73=101669.0 74=99980.0 75=98933.0 76=101267.0 77=100638.0 78=96617.0 79=105147.0 80=105362.0 81=94542.0 82=92539.0 83=90017.0 84=102560.0 85=98141.0 86=98170.0 87=98064.0 88=101737.0 89=93410.0 90=106755.0 91=99825.0 92=99188.0 93=102797.0 94=96803.0 95=98023.0 96=97267.0 97=105107.0 98=107706.0 99=100384.0 100=105062.0 101=103909.0 102=101088.0 103=93505.0 104=103094.0 105=100639.0 106=99045.0 107=103410.0 108=103250.0 109=96884.0 110=98049.0 111=101673.0 112=95294.0 113=99516.0 114=101145.0 115=106551.0 116=99775.0 117=96230.0 118=103634.0 119=98042.0 120=98743.0 121=102843.0 122=103681.0 123=98301.0 124=99459.0 125=102086.0 126=95608.0 127=108185.0 ]
    0 : 3235439 (T=3235439, R=0, W=0)
    1 : 3489165 (T=3489165, R=0, W=0)
--- 13,650 MB collected in 0.063 secs (0.2% of total), longest GC took 0.009 secs
DATA gc:  total_k 13977944  total_secs 0.06284  max_secs 0.008892
