Number of accounts  = 256
Initial amount      = 100000.0
Maximal transfer    = 10
Read-all frequency  = 0%
Write-all frequency = 0%
Read-all threads    = 0
Write-all threads   = 0
Disjoint            = false
Yield               = false

Starting threads... 0 1 2 3
End of warmup phase... 0 1 2 3
End of test phase... 0 1 2 3
Waiting for threads to finish...
All threads returned successfully
RESULTS:

  Warmup duration (ms) = 20001
  Test duration (ms)   = 10000
  Nb iterations        = 38360437
  Stats                = T=38360437, R=0, W=0, TOTAL=25599992 [ 0=101356.0 1=101314.0 2=92483.0 3=92732.0 4=107085.0 5=103980.0 6=114166.0 7=109656.0 8=95675.0 9=99775.0 10=109518.0 11=109928.0 12=98119.0 13=101820.0 14=92191.0 15=97681.0 16=97577.0 17=104063.0 18=107329.0 19=92703.0 20=104523.0 21=94274.0 22=114222.0 23=94848.0 24=100124.0 25=106554.0 26=104671.0 27=97955.0 28=96551.0 29=105304.0 30=97640.0 31=102695.0 32=101133.0 33=94680.0 34=101188.0 35=98113.0 36=86347.0 37=101902.0 38=96583.0 39=94396.0 40=88993.0 41=108938.0 42=94790.0 43=109139.0 44=101839.0 45=100506.0 46=102742.0 47=95854.0 48=100867.0 49=101395.0 50=106808.0 51=92513.0 52=95822.0 53=87215.0 54=99108.0 55=101422.0 56=92082.0 57=96967.0 58=101106.0 59=99644.0 60=105570.0 61=108020.0 62=96317.0 63=100620.0 64=92740.0 65=101716.0 66=110443.0 67=93254.0 68=87766.0 69=101899.0 70=98490.0 71=99597.0 72=96685.0 73=106480.0 74=103159.0 75=107199.0 76=100186.0 77=93133.0 78=98006.0 79=100525.0 80=97985.0 81=90232.0 82=86933.0 83=97804.0 84=93097.0 85=88178.0 86=103441.0 87=101539.0 88=111869.0 89=99710.0 90=95326.0 91=93539.0 92=101217.0 93=101296.0 94=99280.0 95=93863.0 96=102993.0 97=101780.0 98=101617.0 99=102133.0 100=98173.0 101=91788.0 102=98766.0 103=101326.0 104=96210.0 105=91042.0 106=100328.0 107=103374.0 108=102473.0 109=97913.0 110=99415.0 111=98858.0 112=98328.0 113=90820.0 114=94856.0 115=91603.0 116=102722.0 117=101486.0 118=100126.0 119=99725.0 120=105073.0 121=97068.0 122=98516.0 123=93102.0 124=100137.0 125=88698.0 126=94845.0 127=107382.0 128=96748.0 129=105647.0 130=109895.0 131=103954.0 132=92962.0 133=101442.0 134=94463.0 135=111579.0 136=96011.0 137=107137.0 138=96123.0 139=100706.0 140=94152.0 141=106995.0 142=95662.0 143=102701.0 144=103475.0 145=98152.0 146=103075.0 147=111001.0 148=99667.0 149=94404.0 150=106231.0 151=107813.0 152=103457.0 153=107631.0 154=91788.0 155=104819.0 156=106109.0 157=99583.0 158=111673.0 159=99131.0 160=99597.0 161=105962.0 162=100204.0 163=97015.0 164=104207.0 165=103102.0 166=95252.0 167=99041.0 168=96057.0 169=102736.0 170=111312.0 171=93373.0 172=94890.0 173=98158.0 174=100849.0 175=95909.0 176=106949.0 177=102141.0 178=93386.0 179=102997.0 180=99220.0 181=90894.0 182=105346.0 183=104597.0 184=101087.0 185=99249.0 186=104815.0 187=98326.0 188=94445.0 189=99134.0 190=97950.0 191=95034.0 192=100687.0 193=109391.0 194=96091.0 195=93687.0 196=97710.0 197=93976.0 198=106481.0 199=84694.0 200=99135.0 201=99556.0 202=95608.0 203=103852.0 204=95161.0 205=101719.0 206=97354.0 207=89085.0 208=104980.0 209=99847.0 210=104921.0 211=100541.0 212=100022.0 213=96711.0 214=98690.0 215=103927.0 216=115870.0 217=95134.0 218=99145.0 219=100746.0 220=97940.0 221=101017.0 222=100833.0 223=114900.0 224=93719.0 225=98060.0 226=99545.0 227=104560.0 228=102673.0 229=103305.0 230=110927.0 231=99159.0 232=94661.0 233=104455.0 234=101526.0 235=103506.0 236=93973.0 237=100586.0 238=99686.0 239=98059.0 240=102380.0 241=97683.0 242=101400.0 243=95618.0 244=86402.0 245=99469.0 246=97529.0 247=110716.0 248=104309.0 249=100256.0 250=103603.0 251=101254.0 252=114598.0 253=101273.0 254=115949.0 255=91936.0 ]
    0 : 9955098 (T=9955098, R=0, W=0)
    1 : 9633802 (T=9633802, R=0, W=0)
    2 : 9638855 (T=9638855, R=0, W=0)
    3 : 9132682 (T=9132682, R=0, W=0)
--- 43,430 MB collected in 0.068 secs (0.2% of total), longest GC took 0.004 secs
DATA gc:  total_k 44473192  total_secs 0.068437  max_secs 0.004377
