Number of accounts  = 2
Initial amount      = 1000000.0
Maximal transfer    = 10
Read-all frequency  = 0%
Write-all frequency = 0%
Read-all threads    = 0
Write-all threads   = 0
Disjoint            = false
Yield               = false

Starting threads... 0
End of warmup phase... 0
End of test phase... 0
Waiting for threads to finish...
All threads returned successfully
RESULTS:

  Warmup duration (ms) = 4000
  Test duration (ms)   = 10000
  Nb iterations        = 24561576
TOTAL: T=24561576, R=0, W=0

TOTAL=2000000 [ 0=1028207.0 1=971793.0 ]
    0 : 24561576 (T=24561576, R=0, W=0)
--- 10,767 MB collected in 0.040 secs (0.3% of total), longest GC took 0.006 secs
DATA gc:  total_k 11026000  total_secs 0.03993  max_secs 0.006004
