Number of accounts  = 256
Initial amount      = 100000.0
Maximal transfer    = 10
Read-all frequency  = 0%
Write-all frequency = 0%
Read-all threads    = 0
Write-all threads   = 0
Disjoint            = false
Yield               = false

Starting threads... 0 1 2 3
End of warmup phase... 0 1 2 3
End of test phase... 0 1 2 3
Waiting for threads to finish...
All threads returned successfully
RESULTS:

  Warmup duration (ms) = 4000
  Test duration (ms)   = 10000
  Nb iterations        = 31697067
  Stats                = T=31697067, R=0, W=0, TOTAL=25600000 [ 0=110103.0 1=95689.0 2=94668.0 3=100205.0 4=98701.0 5=99505.0 6=98836.0 7=99987.0 8=101419.0 9=97593.0 10=103833.0 11=109108.0 12=96206.0 13=95198.0 14=100697.0 15=101267.0 16=103745.0 17=97156.0 18=96773.0 19=102577.0 20=101874.0 21=98260.0 22=99576.0 23=108562.0 24=102973.0 25=95839.0 26=106288.0 27=94598.0 28=106817.0 29=93658.0 30=100414.0 31=100089.0 32=98950.0 33=104751.0 34=103382.0 35=99285.0 36=94868.0 37=93298.0 38=99531.0 39=93356.0 40=97193.0 41=105935.0 42=98574.0 43=105528.0 44=92393.0 45=101256.0 46=106910.0 47=91819.0 48=101924.0 49=100818.0 50=100349.0 51=98056.0 52=99358.0 53=95106.0 54=102036.0 55=98487.0 56=96312.0 57=94094.0 58=104923.0 59=105674.0 60=104876.0 61=97911.0 62=103190.0 63=99745.0 64=98582.0 65=95138.0 66=101811.0 67=103403.0 68=98054.0 69=97533.0 70=95086.0 71=103398.0 72=103298.0 73=101302.0 74=103728.0 75=96337.0 76=102995.0 77=99485.0 78=100529.0 79=98878.0 80=97843.0 81=104265.0 82=95509.0 83=97599.0 84=98958.0 85=99510.0 86=101911.0 87=103976.0 88=101759.0 89=106759.0 90=92369.0 91=99231.0 92=102753.0 93=99058.0 94=104697.0 95=95501.0 96=102749.0 97=100117.0 98=101203.0 99=99482.0 100=97659.0 101=103378.0 102=98340.0 103=99380.0 104=98241.0 105=102466.0 106=100451.0 107=97942.0 108=102126.0 109=97353.0 110=94613.0 111=102041.0 112=102312.0 113=95934.0 114=102888.0 115=98027.0 116=102343.0 117=101858.0 118=106770.0 119=96853.0 120=100088.0 121=96747.0 122=96640.0 123=100254.0 124=93752.0 125=98032.0 126=97152.0 127=99165.0 128=96457.0 129=93800.0 130=101449.0 131=96213.0 132=95187.0 133=100719.0 134=97574.0 135=104808.0 136=95580.0 137=91634.0 138=103108.0 139=103654.0 140=101118.0 141=102287.0 142=100224.0 143=99689.0 144=100081.0 145=96924.0 146=107176.0 147=105703.0 148=104175.0 149=98792.0 150=107725.0 151=100140.0 152=102982.0 153=96907.0 154=98987.0 155=102891.0 156=96069.0 157=101872.0 158=95647.0 159=97985.0 160=99903.0 161=97050.0 162=102773.0 163=102075.0 164=92919.0 165=99805.0 166=101170.0 167=102029.0 168=94316.0 169=101276.0 170=98494.0 171=96020.0 172=102218.0 173=99565.0 174=107741.0 175=105139.0 176=99790.0 177=100543.0 178=101885.0 179=95070.0 180=95962.0 181=97266.0 182=96827.0 183=101779.0 184=99829.0 185=100678.0 186=94617.0 187=103867.0 188=102364.0 189=99990.0 190=107739.0 191=102180.0 192=99538.0 193=97946.0 194=96248.0 195=103058.0 196=98283.0 197=102735.0 198=95684.0 199=102845.0 200=92189.0 201=94376.0 202=93381.0 203=97255.0 204=100631.0 205=95288.0 206=103385.0 207=106055.0 208=99878.0 209=102124.0 210=104902.0 211=95784.0 212=99498.0 213=97909.0 214=100239.0 215=104643.0 216=102186.0 217=94894.0 218=102224.0 219=100753.0 220=94914.0 221=102177.0 222=94371.0 223=99291.0 224=100438.0 225=100976.0 226=96802.0 227=103395.0 228=100857.0 229=105684.0 230=102031.0 231=101245.0 232=104723.0 233=101444.0 234=96813.0 235=100058.0 236=106374.0 237=102869.0 238=101521.0 239=99700.0 240=103825.0 241=98866.0 242=102937.0 243=96474.0 244=104108.0 245=97245.0 246=101685.0 247=103526.0 248=99244.0 249=92980.0 250=103074.0 251=108756.0 252=93702.0 253=102470.0 254=100806.0 255=100539.0 ]
    0 : 8265885 (T=8265885, R=0, W=0)
    1 : 8302425 (T=8302425, R=0, W=0)
    2 : 7934667 (T=7934667, R=0, W=0)
    3 : 7194090 (T=7194090, R=0, W=0)
--- 8,542 MB collected in 0.063 secs (0.5% of total), longest GC took 0.010 secs
DATA gc:  total_k 8747455  total_secs 0.063487  max_secs 0.009967
