TL2CM Initialized:
Contention Manager: Polka busy-waiting [C=10]
Number of accounts  = 16
Initial amount      = 100000.0
Maximal transfer    = 10
Read-all frequency  = 0%
Write-all frequency = 0%
Read-all threads    = 0
Write-all threads   = 0
Disjoint            = false
Yield               = false

Starting threads... 0 1 2 3 4 5 6 7 8 9 10 11 12 13 14 15
End of warmup phase... 0 1 2 3 4 5 6 7 8 9 10 11 12 13 14 15
End of test phase... 0 1 2 3 4 5 6 7 8 9 10 11 12 13 14 15
Waiting for threads to finish...
All threads returned successfully
RESULTS:

  Warmup duration (ms) = 20000
  Test duration (ms)   = 10000
  Nb iterations        = 7699434
  Stats                = T=7699434, R=0, W=0, TOTAL=2072293 [ 0=127766.0 1=130265.0 2=131780.0 3=114996.0 4=118141.0 5=148510.0 6=136287.0 7=123752.0 8=140338.0 9=143774.0 10=134146.0 11=127406.0 12=133667.0 13=111649.0 14=128670.0 15=121146.0 ]
    0 : 549294 (T=549294, R=0, W=0)
    1 : 488629 (T=488629, R=0, W=0)
    2 : 490869 (T=490869, R=0, W=0)
    3 : 537024 (T=537024, R=0, W=0)
    4 : 529655 (T=529655, R=0, W=0)
    5 : 485785 (T=485785, R=0, W=0)
    6 : 486230 (T=486230, R=0, W=0)
    7 : 487365 (T=487365, R=0, W=0)
    8 : 480834 (T=480834, R=0, W=0)
    9 : 514430 (T=514430, R=0, W=0)
    10 : 442099 (T=442099, R=0, W=0)
    11 : 423440 (T=423440, R=0, W=0)
    12 : 462229 (T=462229, R=0, W=0)
    13 : 475819 (T=475819, R=0, W=0)
    14 : 439663 (T=439663, R=0, W=0)
    15 : 406069 (T=406069, R=0, W=0)
--- 14,665 MB collected in 0.095 secs (0.3% of total), longest GC took 0.020 secs
DATA gc:  total_k 15017733  total_secs 0.094901  max_secs 0.019694
