Number of accounts  = 512
Initial amount      = 100000.0
Maximal transfer    = 10
Read-all frequency  = 0%
Write-all frequency = 0%
Read-all threads    = 0
Write-all threads   = 0
Disjoint            = false
Yield               = false

Starting threads... 0 1 2 3 4 5 6 7
End of warmup phase... 0 1 2 3 4 5 6 7
End of test phase... 0 1 2 3 4 5 6 7
Waiting for threads to finish...
All threads returned successfully
RESULTS:

  Warmup duration (ms) = 20000
  Test duration (ms)   = 10000
  Nb iterations        = 61065406
  Stats                = T=61065406, R=0, W=0, TOTAL=51199992 [ 0=96496.0 1=98292.0 2=101286.0 3=99740.0 4=96035.0 5=95864.0 6=101835.0 7=91839.0 8=95885.0 9=88616.0 10=100563.0 11=93268.0 12=103890.0 13=97785.0 14=99441.0 15=91382.0 16=101363.0 17=92874.0 18=96594.0 19=100700.0 20=101450.0 21=107181.0 22=104473.0 23=99225.0 24=94020.0 25=100369.0 26=109214.0 27=106182.0 28=97352.0 29=98488.0 30=101500.0 31=99245.0 32=105203.0 33=100051.0 34=84036.0 35=100687.0 36=101998.0 37=94708.0 38=100162.0 39=95719.0 40=100511.0 41=96183.0 42=100064.0 43=96885.0 44=95581.0 45=106244.0 46=98459.0 47=102378.0 48=102900.0 49=98382.0 50=100341.0 51=105281.0 52=106274.0 53=99405.0 54=108532.0 55=105199.0 56=105205.0 57=93996.0 58=94531.0 59=100392.0 60=108702.0 61=94146.0 62=106420.0 63=98753.0 64=98122.0 65=99113.0 66=102379.0 67=91230.0 68=101237.0 69=95970.0 70=104490.0 71=105079.0 72=106744.0 73=96095.0 74=106892.0 75=105422.0 76=99282.0 77=103137.0 78=96457.0 79=96658.0 80=96120.0 81=96355.0 82=95408.0 83=99180.0 84=99254.0 85=98118.0 86=101758.0 87=107216.0 88=101481.0 89=96609.0 90=95548.0 91=104661.0 92=100366.0 93=104042.0 94=98321.0 95=108132.0 96=113200.0 97=97034.0 98=96390.0 99=91637.0 100=112801.0 101=104043.0 102=104822.0 103=98718.0 104=103035.0 105=99406.0 106=95676.0 107=97359.0 108=102972.0 109=102689.0 110=95978.0 111=95288.0 112=97756.0 113=101224.0 114=109775.0 115=105788.0 116=98500.0 117=99865.0 118=102653.0 119=98232.0 120=97984.0 121=96682.0 122=103545.0 123=101664.0 124=104835.0 125=102192.0 126=103964.0 127=95139.0 128=100547.0 129=106507.0 130=94271.0 131=95170.0 132=95764.0 133=104659.0 134=95278.0 135=91072.0 136=96424.0 137=106995.0 138=96299.0 139=98494.0 140=99428.0 141=98553.0 142=105881.0 143=103776.0 144=105596.0 145=104442.0 146=96246.0 147=102353.0 148=105890.0 149=109764.0 150=92743.0 151=94355.0 152=96860.0 153=99626.0 154=99884.0 155=98897.0 156=93796.0 157=94331.0 158=106653.0 159=98873.0 160=98933.0 161=101753.0 162=98599.0 163=105242.0 164=102302.0 165=100700.0 166=106374.0 167=98273.0 168=100054.0 169=107259.0 170=102435.0 171=107756.0 172=96063.0 173=94721.0 174=100478.0 175=105902.0 176=96156.0 177=110188.0 178=99180.0 179=105188.0 180=104253.0 181=95624.0 182=104658.0 183=101045.0 184=100129.0 185=96190.0 186=97862.0 187=102136.0 188=102837.0 189=100618.0 190=90461.0 191=95935.0 192=92348.0 193=98861.0 194=103038.0 195=89926.0 196=97817.0 197=93790.0 198=96990.0 199=94421.0 200=100543.0 201=102592.0 202=107096.0 203=102356.0 204=107242.0 205=103432.0 206=98962.0 207=95898.0 208=104022.0 209=103488.0 210=96745.0 211=107342.0 212=102942.0 213=98024.0 214=104253.0 215=103326.0 216=100613.0 217=94587.0 218=98470.0 219=95462.0 220=101486.0 221=100226.0 222=98769.0 223=84612.0 224=99169.0 225=94960.0 226=97185.0 227=105560.0 228=95783.0 229=97174.0 230=111405.0 231=101807.0 232=97809.0 233=95287.0 234=100931.0 235=101029.0 236=102049.0 237=102684.0 238=102153.0 239=85032.0 240=93401.0 241=106338.0 242=95227.0 243=112776.0 244=98689.0 245=97596.0 246=101820.0 247=99673.0 248=92884.0 249=100235.0 250=107808.0 251=95412.0 252=102118.0 253=97142.0 254=98495.0 255=99494.0 256=94212.0 257=105522.0 258=100906.0 259=97344.0 260=95941.0 261=99840.0 262=97870.0 263=93263.0 264=95576.0 265=103331.0 266=101748.0 267=93546.0 268=105145.0 269=88174.0 270=98366.0 271=105037.0 272=95250.0 273=101889.0 274=97261.0 275=101289.0 276=92691.0 277=99207.0 278=103370.0 279=98234.0 280=102255.0 281=102023.0 282=92574.0 283=98975.0 284=107785.0 285=93420.0 286=97965.0 287=91271.0 288=96335.0 289=98883.0 290=97914.0 291=110628.0 292=107445.0 293=93355.0 294=96396.0 295=103164.0 296=99126.0 297=94640.0 298=96354.0 299=103429.0 300=101727.0 301=99282.0 302=106642.0 303=102323.0 304=92933.0 305=99846.0 306=94790.0 307=83960.0 308=97197.0 309=100691.0 310=100939.0 311=100555.0 312=96825.0 313=100566.0 314=94759.0 315=103029.0 316=105155.0 317=102891.0 318=97753.0 319=98283.0 320=97329.0 321=99085.0 322=113371.0 323=100498.0 324=101941.0 325=101663.0 326=96143.0 327=94202.0 328=101087.0 329=101670.0 330=92654.0 331=95873.0 332=104181.0 333=104213.0 334=101713.0 335=104964.0 336=97353.0 337=96223.0 338=102809.0 339=105600.0 340=101924.0 341=102463.0 342=100870.0 343=113947.0 344=92094.0 345=104277.0 346=94145.0 347=106690.0 348=101580.0 349=101459.0 350=105458.0 351=104887.0 352=105180.0 353=97700.0 354=99014.0 355=97781.0 356=89744.0 357=98134.0 358=99588.0 359=93748.0 360=104608.0 361=93972.0 362=98371.0 363=99986.0 364=102802.0 365=105181.0 366=99035.0 367=89001.0 368=109204.0 369=96586.0 370=97876.0 371=109743.0 372=92829.0 373=96970.0 374=102438.0 375=93799.0 376=101545.0 377=101768.0 378=101673.0 379=102294.0 380=96860.0 381=103523.0 382=106609.0 383=101390.0 384=94177.0 385=105543.0 386=109771.0 387=101354.0 388=96604.0 389=97593.0 390=102725.0 391=97819.0 392=95114.0 393=109157.0 394=97247.0 395=101174.0 396=104382.0 397=111786.0 398=98003.0 399=95013.0 400=91938.0 401=103350.0 402=101157.0 403=100321.0 404=102471.0 405=102614.0 406=94849.0 407=105979.0 408=89276.0 409=102177.0 410=96131.0 411=97191.0 412=100079.0 413=98375.0 414=102171.0 415=112258.0 416=108405.0 417=92992.0 418=105777.0 419=99083.0 420=107469.0 421=94179.0 422=104487.0 423=91162.0 424=98739.0 425=109497.0 426=104109.0 427=92702.0 428=90103.0 429=96270.0 430=108596.0 431=101285.0 432=98606.0 433=102221.0 434=104519.0 435=103023.0 436=102874.0 437=106094.0 438=101272.0 439=95972.0 440=99963.0 441=95455.0 442=105740.0 443=97136.0 444=100019.0 445=99554.0 446=99108.0 447=85646.0 448=103417.0 449=108303.0 450=99895.0 451=98023.0 452=93861.0 453=103222.0 454=108309.0 455=96373.0 456=101297.0 457=99795.0 458=99511.0 459=105394.0 460=98030.0 461=104421.0 462=101307.0 463=103287.0 464=100394.0 465=91357.0 466=105695.0 467=97126.0 468=106448.0 469=103354.0 470=112303.0 471=97903.0 472=100472.0 473=92626.0 474=104388.0 475=92593.0 476=108197.0 477=86116.0 478=107709.0 479=102553.0 480=100427.0 481=99061.0 482=108026.0 483=96254.0 484=99638.0 485=95825.0 486=101508.0 487=100060.0 488=98064.0 489=106896.0 490=104578.0 491=94174.0 492=99632.0 493=98762.0 494=100813.0 495=98113.0 496=101717.0 497=92882.0 498=93072.0 499=94867.0 500=108435.0 501=94019.0 502=91229.0 503=105451.0 504=95077.0 505=104136.0 506=101108.0 507=97565.0 508=97797.0 509=102807.0 510=103748.0 511=101279.0 ]
    0 : 7850686 (T=7850686, R=0, W=0)
    1 : 8005959 (T=8005959, R=0, W=0)
    2 : 7465095 (T=7465095, R=0, W=0)
    3 : 7546548 (T=7546548, R=0, W=0)
    4 : 7655276 (T=7655276, R=0, W=0)
    5 : 7405842 (T=7405842, R=0, W=0)
    6 : 7629157 (T=7629157, R=0, W=0)
    7 : 7506843 (T=7506843, R=0, W=0)
--- 36,195 MB collected in 0.101 secs (0.3% of total), longest GC took 0.013 secs
DATA gc:  total_k 37064142  total_secs 0.100953  max_secs 0.012922
