TL2CM Initialized:
Contention Manager: Polka busy-waiting [C=10]
Number of accounts  = 8
Initial amount      = 100000.0
Maximal transfer    = 10
Read-all frequency  = 0%
Write-all frequency = 0%
Read-all threads    = 0
Write-all threads   = 0
Disjoint            = false
Yield               = false

Starting threads... 0 1 2 3 4 5 6 7
End of warmup phase... 0 1 2 3 4 5 6 7
End of test phase... 0 1 2 3 4 5 6 7
Waiting for threads to finish...
All threads returned successfully
RESULTS:

  Warmup duration (ms) = 20000
  Test duration (ms)   = 10000
  Nb iterations        = 7907729
  Stats                = T=7907729, R=0, W=0, TOTAL=939839 [ 0=153484.0 1=148437.0 2=116085.0 3=126815.0 4=107289.0 5=49855.0 6=142350.0 7=95524.0 ]
    0 : 987620 (T=987620, R=0, W=0)
    1 : 999674 (T=999674, R=0, W=0)
    2 : 1000176 (T=1000176, R=0, W=0)
    3 : 997802 (T=997802, R=0, W=0)
    4 : 981351 (T=981351, R=0, W=0)
    5 : 981735 (T=981735, R=0, W=0)
    6 : 1005804 (T=1005804, R=0, W=0)
    7 : 953567 (T=953567, R=0, W=0)
--- 14,626 MB collected in 0.093 secs (0.3% of total), longest GC took 0.013 secs
DATA gc:  total_k 14977878  total_secs 0.093168  max_secs 0.012982
