TL2CM Initialized:
Contention Manager: Polka busy-waiting [C=10]
Number of accounts  = 32
Initial amount      = 100000.0
Maximal transfer    = 10
Read-all frequency  = 0%
Write-all frequency = 0%
Read-all threads    = 0
Write-all threads   = 0
Disjoint            = false
Yield               = false

Starting threads... 0 1 2 3 4 5 6 7 8 9 10 11 12 13 14 15 16 17 18 19 20 21 22 23 24 25 26 27 28 29 30 31
End of warmup phase... 0 1 2 3 4 5 6 7 8 9 10 11 12 13 14 15 16 17 18 19 20 21 22 23 24 25 26 27 28 29 30 31
End of test phase... 0 1 2 3 4 5 6 7 8 9 10 11 12 13 14 15 16 17 18 19 20 21 22 23 24 25 26 27 28 29 30 31
Waiting for threads to finish...
All threads returned successfully
RESULTS:

  Warmup duration (ms) = 20000
  Test duration (ms)   = 10001
  Nb iterations        = 4377605
  Stats                = T=4377605, R=0, W=0, TOTAL=3444665 [ 0=113936.0 1=105729.0 2=99759.0 3=104188.0 4=123426.0 5=100425.0 6=113954.0 7=102114.0 8=107819.0 9=108198.0 10=99214.0 11=106887.0 12=101302.0 13=108481.0 14=110200.0 15=103719.0 16=105160.0 17=118372.0 18=115780.0 19=106009.0 20=106670.0 21=116730.0 22=104931.0 23=102981.0 24=112455.0 25=104937.0 26=108587.0 27=100092.0 28=111988.0 29=107618.0 30=103980.0 31=109024.0 ]
    0 : 143511 (T=143511, R=0, W=0)
    1 : 146843 (T=146843, R=0, W=0)
    2 : 138916 (T=138916, R=0, W=0)
    3 : 163920 (T=163920, R=0, W=0)
    4 : 134352 (T=134352, R=0, W=0)
    5 : 142679 (T=142679, R=0, W=0)
    6 : 134258 (T=134258, R=0, W=0)
    7 : 135014 (T=135014, R=0, W=0)
    8 : 141802 (T=141802, R=0, W=0)
    9 : 147735 (T=147735, R=0, W=0)
    10 : 124294 (T=124294, R=0, W=0)
    11 : 122571 (T=122571, R=0, W=0)
    12 : 119728 (T=119728, R=0, W=0)
    13 : 131739 (T=131739, R=0, W=0)
    14 : 143874 (T=143874, R=0, W=0)
    15 : 128121 (T=128121, R=0, W=0)
    16 : 130835 (T=130835, R=0, W=0)
    17 : 128399 (T=128399, R=0, W=0)
    18 : 151082 (T=151082, R=0, W=0)
    19 : 133184 (T=133184, R=0, W=0)
    20 : 129427 (T=129427, R=0, W=0)
    21 : 134457 (T=134457, R=0, W=0)
    22 : 125019 (T=125019, R=0, W=0)
    23 : 143259 (T=143259, R=0, W=0)
    24 : 135018 (T=135018, R=0, W=0)
    25 : 147859 (T=147859, R=0, W=0)
    26 : 136369 (T=136369, R=0, W=0)
    27 : 143871 (T=143871, R=0, W=0)
    28 : 122896 (T=122896, R=0, W=0)
    29 : 144530 (T=144530, R=0, W=0)
    30 : 150384 (T=150384, R=0, W=0)
    31 : 121659 (T=121659, R=0, W=0)
--- 9,511 MB collected in 0.133 secs (0.5% of total), longest GC took 0.028 secs
DATA gc:  total_k 9739441  total_secs 0.132608  max_secs 0.02751
