Number of accounts  = 512
Initial amount      = 100000.0
Maximal transfer    = 10
Read-all frequency  = 0%
Write-all frequency = 0%
Read-all threads    = 0
Write-all threads   = 0
Disjoint            = false
Yield               = false

Starting threads... 0 1 2 3 4 5 6 7
End of warmup phase... 0 1 2 3 4 5 6 7
End of test phase... 0 1 2 3 4 5 6 7
Waiting for threads to finish...
All threads returned successfully
RESULTS:

  Warmup duration (ms) = 20000
  Test duration (ms)   = 10000
  Nb iterations        = 65895210
  Stats                = T=65895210, R=0, W=0, TOTAL=51199972 [ 0=98023.0 1=107325.0 2=99742.0 3=94687.0 4=103048.0 5=93990.0 6=98782.0 7=95791.0 8=114742.0 9=102544.0 10=99465.0 11=94170.0 12=94352.0 13=107587.0 14=102322.0 15=97489.0 16=101495.0 17=100172.0 18=100645.0 19=102171.0 20=105684.0 21=101947.0 22=98625.0 23=98238.0 24=99872.0 25=100832.0 26=100931.0 27=93306.0 28=108581.0 29=93238.0 30=95560.0 31=100188.0 32=102869.0 33=95597.0 34=98632.0 35=92743.0 36=105254.0 37=100749.0 38=102930.0 39=100458.0 40=104558.0 41=97768.0 42=98653.0 43=101810.0 44=104882.0 45=102768.0 46=95956.0 47=103952.0 48=96715.0 49=97899.0 50=92739.0 51=102242.0 52=109252.0 53=100042.0 54=94223.0 55=107070.0 56=96889.0 57=98708.0 58=92182.0 59=100634.0 60=104496.0 61=103298.0 62=94133.0 63=108246.0 64=98217.0 65=96797.0 66=92518.0 67=97288.0 68=103246.0 69=102113.0 70=97258.0 71=98800.0 72=94278.0 73=101870.0 74=111588.0 75=109010.0 76=107913.0 77=103784.0 78=104890.0 79=103113.0 80=99005.0 81=96705.0 82=103572.0 83=110596.0 84=86672.0 85=105960.0 86=95925.0 87=92339.0 88=96317.0 89=94758.0 90=95770.0 91=92690.0 92=94188.0 93=108300.0 94=107862.0 95=90586.0 96=94010.0 97=99412.0 98=104387.0 99=103549.0 100=95657.0 101=107138.0 102=98976.0 103=101555.0 104=103311.0 105=101267.0 106=90408.0 107=103710.0 108=100707.0 109=95241.0 110=97983.0 111=108076.0 112=89880.0 113=96214.0 114=104739.0 115=104136.0 116=94809.0 117=103896.0 118=98110.0 119=101115.0 120=104077.0 121=93217.0 122=98961.0 123=95981.0 124=100148.0 125=101865.0 126=101539.0 127=112574.0 128=103279.0 129=106128.0 130=110936.0 131=90682.0 132=106542.0 133=93925.0 134=102570.0 135=96867.0 136=93041.0 137=101688.0 138=93453.0 139=105175.0 140=95117.0 141=98759.0 142=103255.0 143=104020.0 144=107175.0 145=98172.0 146=99504.0 147=93815.0 148=109774.0 149=98055.0 150=94516.0 151=101301.0 152=101533.0 153=110459.0 154=92213.0 155=97167.0 156=102355.0 157=102725.0 158=97951.0 159=96987.0 160=102692.0 161=96573.0 162=104078.0 163=101456.0 164=106490.0 165=99312.0 166=97682.0 167=97029.0 168=95271.0 169=102440.0 170=93246.0 171=92139.0 172=95755.0 173=97670.0 174=92803.0 175=101441.0 176=96367.0 177=98147.0 178=104618.0 179=100952.0 180=94177.0 181=108089.0 182=97312.0 183=93978.0 184=95532.0 185=96126.0 186=96566.0 187=89367.0 188=98004.0 189=100496.0 190=104062.0 191=99609.0 192=98428.0 193=100813.0 194=100457.0 195=89124.0 196=90723.0 197=103565.0 198=90715.0 199=103685.0 200=96902.0 201=92414.0 202=101133.0 203=91766.0 204=93603.0 205=98974.0 206=98206.0 207=101521.0 208=93280.0 209=106232.0 210=106378.0 211=107789.0 212=100363.0 213=98332.0 214=106323.0 215=94518.0 216=89652.0 217=95179.0 218=106020.0 219=94647.0 220=99985.0 221=110952.0 222=88215.0 223=102754.0 224=94631.0 225=95223.0 226=96998.0 227=99343.0 228=90826.0 229=91785.0 230=113197.0 231=104984.0 232=93672.0 233=96805.0 234=107029.0 235=100218.0 236=89338.0 237=94394.0 238=101639.0 239=96937.0 240=101583.0 241=108360.0 242=99844.0 243=100298.0 244=98544.0 245=93303.0 246=104204.0 247=94836.0 248=103354.0 249=89873.0 250=102194.0 251=98115.0 252=102617.0 253=104039.0 254=102048.0 255=97844.0 256=103971.0 257=95032.0 258=101824.0 259=99910.0 260=83524.0 261=99993.0 262=105054.0 263=100639.0 264=89601.0 265=104365.0 266=98615.0 267=98538.0 268=107175.0 269=101536.0 270=116550.0 271=103529.0 272=110519.0 273=108241.0 274=87541.0 275=105971.0 276=101023.0 277=105357.0 278=99889.0 279=88333.0 280=97693.0 281=110081.0 282=103429.0 283=108132.0 284=98835.0 285=93461.0 286=98474.0 287=99187.0 288=115808.0 289=101226.0 290=105045.0 291=91522.0 292=99408.0 293=105440.0 294=100170.0 295=97920.0 296=96766.0 297=109298.0 298=86243.0 299=103512.0 300=92254.0 301=99709.0 302=96130.0 303=103182.0 304=102212.0 305=100871.0 306=98783.0 307=104010.0 308=113906.0 309=103009.0 310=110821.0 311=89895.0 312=98112.0 313=98285.0 314=103664.0 315=99764.0 316=102193.0 317=99633.0 318=99897.0 319=99643.0 320=95966.0 321=100232.0 322=106815.0 323=109589.0 324=104235.0 325=98898.0 326=95206.0 327=108034.0 328=95409.0 329=110028.0 330=106335.0 331=93220.0 332=99390.0 333=104016.0 334=100579.0 335=97509.0 336=95743.0 337=94188.0 338=105164.0 339=104037.0 340=93592.0 341=99056.0 342=103620.0 343=106648.0 344=95163.0 345=107441.0 346=100186.0 347=90593.0 348=103760.0 349=104583.0 350=102458.0 351=96605.0 352=98699.0 353=102636.0 354=99721.0 355=96985.0 356=94895.0 357=95742.0 358=102908.0 359=102696.0 360=101613.0 361=97796.0 362=93753.0 363=101889.0 364=111315.0 365=96215.0 366=96150.0 367=92372.0 368=106268.0 369=104499.0 370=93310.0 371=100592.0 372=103897.0 373=103499.0 374=100607.0 375=101004.0 376=99364.0 377=97206.0 378=102681.0 379=98854.0 380=100234.0 381=92377.0 382=104029.0 383=97197.0 384=109874.0 385=99135.0 386=98084.0 387=102011.0 388=101091.0 389=104797.0 390=105747.0 391=108931.0 392=94504.0 393=107377.0 394=97888.0 395=113156.0 396=101304.0 397=107689.0 398=104968.0 399=96342.0 400=109481.0 401=93585.0 402=96379.0 403=108317.0 404=98799.0 405=90288.0 406=104716.0 407=96765.0 408=97816.0 409=98689.0 410=112144.0 411=97237.0 412=103830.0 413=92799.0 414=102451.0 415=106613.0 416=104084.0 417=87280.0 418=102795.0 419=109026.0 420=101786.0 421=108143.0 422=97372.0 423=97001.0 424=103328.0 425=107746.0 426=106757.0 427=102423.0 428=100240.0 429=96984.0 430=101299.0 431=104404.0 432=100994.0 433=84122.0 434=102026.0 435=89998.0 436=99868.0 437=106528.0 438=94269.0 439=97432.0 440=97462.0 441=105615.0 442=98307.0 443=95076.0 444=94499.0 445=100493.0 446=95604.0 447=94888.0 448=92815.0 449=89456.0 450=89257.0 451=96970.0 452=101616.0 453=88733.0 454=102667.0 455=101013.0 456=96417.0 457=94272.0 458=98088.0 459=101133.0 460=107533.0 461=100368.0 462=94368.0 463=95610.0 464=100629.0 465=107633.0 466=96037.0 467=104562.0 468=105783.0 469=107211.0 470=107932.0 471=107351.0 472=96586.0 473=103579.0 474=97358.0 475=95353.0 476=93844.0 477=100504.0 478=83315.0 479=98004.0 480=99731.0 481=111118.0 482=98342.0 483=103018.0 484=99748.0 485=101653.0 486=100645.0 487=107540.0 488=100793.0 489=102504.0 490=106992.0 491=101258.0 492=99819.0 493=95208.0 494=104792.0 495=107632.0 496=97697.0 497=94735.0 498=104448.0 499=108467.0 500=96743.0 501=103259.0 502=95094.0 503=101918.0 504=101142.0 505=93364.0 506=101965.0 507=96035.0 508=97135.0 509=100703.0 510=96462.0 511=95925.0 ]
    0 : 8203103 (T=8203103, R=0, W=0)
    1 : 8186733 (T=8186733, R=0, W=0)
    2 : 8184974 (T=8184974, R=0, W=0)
    3 : 8189607 (T=8189607, R=0, W=0)
    4 : 8514195 (T=8514195, R=0, W=0)
    5 : 8488867 (T=8488867, R=0, W=0)
    6 : 8459544 (T=8459544, R=0, W=0)
    7 : 7668187 (T=7668187, R=0, W=0)
--- 73,662 MB collected in 0.188 secs (0.6% of total), longest GC took 0.005 secs
DATA gc:  total_k 75430088  total_secs 0.188287  max_secs 0.005335
