TL2CM Initialized:
Contention Manager: Polka busy-waiting [C=10]
Number of accounts  = 512
Initial amount      = 100000.0
Maximal transfer    = 10
Read-all frequency  = 0%
Write-all frequency = 0%
Read-all threads    = 0
Write-all threads   = 0
Disjoint            = false
Yield               = false

Starting threads... 0 1 2 3 4 5 6 7
End of warmup phase... 0 1 2 3 4 5 6 7
End of test phase... 0 1 2 3 4 5 6 7
Waiting for threads to finish...
All threads returned successfully
RESULTS:

  Warmup duration (ms) = 20000
  Test duration (ms)   = 10000
  Nb iterations        = 13925713
  Stats                = T=13925713, R=0, W=0, TOTAL=51193960 [ 0=93448.0 1=104552.0 2=98826.0 3=95739.0 4=98561.0 5=101962.0 6=104121.0 7=103036.0 8=104331.0 9=102720.0 10=101368.0 11=100383.0 12=99310.0 13=101169.0 14=99587.0 15=102817.0 16=98578.0 17=103551.0 18=97569.0 19=102458.0 20=102902.0 21=98950.0 22=100580.0 23=101137.0 24=101597.0 25=99850.0 26=98454.0 27=97423.0 28=99196.0 29=103283.0 30=104947.0 31=98757.0 32=97333.0 33=96571.0 34=99785.0 35=98379.0 36=100979.0 37=102531.0 38=97230.0 39=100913.0 40=100207.0 41=103415.0 42=101234.0 43=102174.0 44=100347.0 45=99924.0 46=97110.0 47=98252.0 48=98394.0 49=99426.0 50=101039.0 51=102631.0 52=100033.0 53=101542.0 54=99368.0 55=99862.0 56=99267.0 57=96733.0 58=96642.0 59=100779.0 60=102549.0 61=97795.0 62=102044.0 63=99806.0 64=95549.0 65=94890.0 66=103067.0 67=99844.0 68=101429.0 69=99171.0 70=103103.0 71=101580.0 72=100093.0 73=103411.0 74=102418.0 75=97139.0 76=96171.0 77=101261.0 78=96948.0 79=99056.0 80=99068.0 81=104120.0 82=100436.0 83=97040.0 84=101473.0 85=99297.0 86=98442.0 87=99639.0 88=100554.0 89=102050.0 90=103660.0 91=100339.0 92=99404.0 93=99234.0 94=100787.0 95=98276.0 96=98176.0 97=96985.0 98=100990.0 99=93842.0 100=99165.0 101=102025.0 102=101189.0 103=102071.0 104=100197.0 105=98280.0 106=99001.0 107=99277.0 108=100627.0 109=100826.0 110=103902.0 111=98953.0 112=94741.0 113=96815.0 114=105357.0 115=102527.0 116=91984.0 117=101604.0 118=103995.0 119=105074.0 120=102853.0 121=100581.0 122=96649.0 123=101786.0 124=102321.0 125=98715.0 126=105283.0 127=102754.0 128=103775.0 129=101553.0 130=97499.0 131=95408.0 132=100201.0 133=99666.0 134=98593.0 135=99223.0 136=96967.0 137=100444.0 138=101301.0 139=96296.0 140=95552.0 141=102018.0 142=98990.0 143=107020.0 144=101719.0 145=100370.0 146=97811.0 147=98634.0 148=96440.0 149=103219.0 150=97204.0 151=96788.0 152=98920.0 153=102289.0 154=100123.0 155=101531.0 156=100992.0 157=99679.0 158=100066.0 159=99866.0 160=100908.0 161=99575.0 162=101758.0 163=99945.0 164=102136.0 165=99538.0 166=99607.0 167=102819.0 168=98514.0 169=99862.0 170=100904.0 171=99306.0 172=103881.0 173=99527.0 174=99344.0 175=98935.0 176=99551.0 177=102299.0 178=103845.0 179=101825.0 180=102611.0 181=102828.0 182=103844.0 183=99370.0 184=100708.0 185=99481.0 186=99326.0 187=96006.0 188=99119.0 189=103127.0 190=98157.0 191=104381.0 192=99987.0 193=98673.0 194=95985.0 195=99252.0 196=99446.0 197=99011.0 198=101710.0 199=98401.0 200=101188.0 201=93690.0 202=99228.0 203=101358.0 204=98783.0 205=100661.0 206=96515.0 207=96555.0 208=96708.0 209=97417.0 210=95102.0 211=100859.0 212=99196.0 213=97083.0 214=92120.0 215=99523.0 216=100728.0 217=100688.0 218=100393.0 219=94605.0 220=97822.0 221=103126.0 222=101432.0 223=104275.0 224=98981.0 225=101827.0 226=100203.0 227=99848.0 228=99933.0 229=103146.0 230=96445.0 231=104035.0 232=99768.0 233=102034.0 234=99306.0 235=101200.0 236=100523.0 237=103189.0 238=101524.0 239=93415.0 240=100591.0 241=97034.0 242=100417.0 243=99928.0 244=99006.0 245=98771.0 246=101445.0 247=103899.0 248=102921.0 249=96854.0 250=99070.0 251=101934.0 252=101645.0 253=102323.0 254=100520.0 255=96404.0 256=100664.0 257=101547.0 258=93816.0 259=100614.0 260=97750.0 261=101919.0 262=100884.0 263=101196.0 264=97858.0 265=97995.0 266=97935.0 267=99286.0 268=102426.0 269=97739.0 270=99008.0 271=98436.0 272=101180.0 273=102727.0 274=98139.0 275=98399.0 276=98087.0 277=103065.0 278=98731.0 279=98782.0 280=100326.0 281=98732.0 282=97115.0 283=100182.0 284=99025.0 285=102960.0 286=100064.0 287=100709.0 288=105080.0 289=98991.0 290=95900.0 291=96688.0 292=102768.0 293=98270.0 294=98478.0 295=103771.0 296=98956.0 297=99621.0 298=100101.0 299=99115.0 300=100753.0 301=94702.0 302=97341.0 303=98507.0 304=99185.0 305=102160.0 306=99578.0 307=103216.0 308=97192.0 309=99565.0 310=99106.0 311=100056.0 312=103021.0 313=97926.0 314=97623.0 315=100022.0 316=97010.0 317=93991.0 318=99558.0 319=102275.0 320=99289.0 321=97620.0 322=101891.0 323=98247.0 324=103285.0 325=102976.0 326=102346.0 327=99809.0 328=101079.0 329=103888.0 330=102145.0 331=100361.0 332=101193.0 333=99832.0 334=104078.0 335=100327.0 336=102417.0 337=99368.0 338=99758.0 339=102534.0 340=100151.0 341=100998.0 342=100384.0 343=99579.0 344=103407.0 345=97669.0 346=104637.0 347=98882.0 348=100210.0 349=104469.0 350=99036.0 351=96373.0 352=98094.0 353=99934.0 354=102137.0 355=98512.0 356=99289.0 357=99381.0 358=98191.0 359=96527.0 360=102855.0 361=99463.0 362=99468.0 363=97637.0 364=101696.0 365=97256.0 366=102449.0 367=97467.0 368=101968.0 369=101593.0 370=103796.0 371=99876.0 372=101988.0 373=99591.0 374=96697.0 375=97640.0 376=99617.0 377=100313.0 378=102091.0 379=102250.0 380=100506.0 381=102224.0 382=101498.0 383=101572.0 384=100482.0 385=96095.0 386=98491.0 387=100164.0 388=99402.0 389=103720.0 390=103012.0 391=99895.0 392=98268.0 393=104262.0 394=99462.0 395=99799.0 396=96056.0 397=104698.0 398=99269.0 399=101129.0 400=105841.0 401=96024.0 402=100886.0 403=94609.0 404=97203.0 405=100469.0 406=99440.0 407=102073.0 408=101182.0 409=97213.0 410=98845.0 411=103451.0 412=97302.0 413=97787.0 414=99114.0 415=101644.0 416=97671.0 417=97566.0 418=99181.0 419=99147.0 420=97554.0 421=104290.0 422=106572.0 423=103327.0 424=98981.0 425=101228.0 426=101410.0 427=103253.0 428=100383.0 429=100829.0 430=97241.0 431=99333.0 432=103116.0 433=98252.0 434=99896.0 435=102805.0 436=92737.0 437=98913.0 438=98297.0 439=103111.0 440=97970.0 441=99132.0 442=105637.0 443=96131.0 444=100333.0 445=98856.0 446=102747.0 447=102433.0 448=102504.0 449=101108.0 450=100127.0 451=99038.0 452=98374.0 453=102728.0 454=97610.0 455=95771.0 456=101102.0 457=99823.0 458=100572.0 459=94669.0 460=102767.0 461=97070.0 462=102756.0 463=101292.0 464=104900.0 465=100726.0 466=100516.0 467=94266.0 468=93010.0 469=99653.0 470=98936.0 471=100354.0 472=98019.0 473=98349.0 474=101780.0 475=102253.0 476=101558.0 477=101700.0 478=99957.0 479=100269.0 480=102431.0 481=94709.0 482=104873.0 483=99552.0 484=101323.0 485=98597.0 486=95811.0 487=100593.0 488=101680.0 489=96497.0 490=97867.0 491=102877.0 492=101324.0 493=101931.0 494=99868.0 495=101224.0 496=101853.0 497=103437.0 498=98137.0 499=101881.0 500=98486.0 501=97016.0 502=98081.0 503=101183.0 504=95176.0 505=102829.0 506=96860.0 507=100580.0 508=95480.0 509=99243.0 510=101090.0 511=96854.0 ]
    0 : 1732965 (T=1732965, R=0, W=0)
    1 : 1741029 (T=1741029, R=0, W=0)
    2 : 1748546 (T=1748546, R=0, W=0)
    3 : 1765091 (T=1765091, R=0, W=0)
    4 : 1744498 (T=1744498, R=0, W=0)
    5 : 1689675 (T=1689675, R=0, W=0)
    6 : 1744582 (T=1744582, R=0, W=0)
    7 : 1759327 (T=1759327, R=0, W=0)
--- 26,978 MB collected in 0.090 secs (0.3% of total), longest GC took 0.015 secs
DATA gc:  total_k 27626270  total_secs 0.08959  max_secs 0.014635
