Number of accounts  = 64
Initial amount      = 1000000.0
Maximal transfer    = 10
Read-all frequency  = 0%
Write-all frequency = 0%
Read-all threads    = 0
Write-all threads   = 0
Disjoint            = false
Yield               = false

Starting threads... 0 1 2 3 4 5 6 7 8 9 10 11 12 13 14 15 16 17 18 19 20 21 22 23 24 25 26 27 28 29 30 31 32 33 34 35 36 37 38 39 40 41 42 43 44 45 46 47 48 49 50 51 52 53 54 55 56 57 58 59 60 61 62 63
End of warmup phase... 0 1 2 3 4 5 6 7 8 9 10 11 12 13 14 15 16 17 18 19 20 21 22 23 24 25 26 27 28 29 30 31 32 33 34 35 36 37 38 39 40 41 42 43 44 45 46 47 48 49 50 51 52 53 54 55 56 57 58 59 60 61 62 63
End of test phase... 0 1 2 3 4 5 6 7 8 9 10 11 12 13 14 15 16 17 18 19 20 21 22 23 24 25 26 27 28 29 30 31 32 33 34 35 36 37 38 39 40 41 42 43 44 45 46 47 48 49 50 51 52 53 54 55 56 57 58 59 60 61 62 63
Waiting for threads to finish...
All threads returned successfully
RESULTS:

  Warmup duration (ms) = 4001
  Test duration (ms)   = 10000
  Nb iterations        = 3294
TOTAL: T=3294, R=0, W=0

TOTAL=63999996 [ 0=1000057.0 1=999940.0 2=1000006.0 3=1000111.0 4=1000016.0 5=999802.0 6=1000143.0 7=999870.0 8=999939.0 9=1000026.0 10=1000064.0 11=1000098.0 12=1000020.0 13=1000033.0 14=999951.0 15=1000070.0 16=999949.0 17=999945.0 18=1000219.0 19=1000089.0 20=999893.0 21=999863.0 22=1000271.0 23=1000103.0 24=999949.0 25=1000186.0 26=1000094.0 27=999916.0 28=1000090.0 29=999972.0 30=999952.0 31=1000028.0 32=1000105.0 33=1000024.0 34=1000052.0 35=999989.0 36=999848.0 37=1000104.0 38=999997.0 39=999948.0 40=999963.0 41=999640.0 42=999999.0 43=1000150.0 44=1000143.0 45=999801.0 46=999840.0 47=999910.0 48=999942.0 49=999817.0 50=1000074.0 51=999989.0 52=1000088.0 53=999989.0 54=1000129.0 55=999914.0 56=1000004.0 57=1000120.0 58=999839.0 59=999993.0 60=999929.0 61=999950.0 62=1000020.0 63=1000025.0 ]
    0 : 45 (T=45, R=0, W=0)
    1 : 58 (T=58, R=0, W=0)
    2 : 56 (T=56, R=0, W=0)
    3 : 62 (T=62, R=0, W=0)
    4 : 59 (T=59, R=0, W=0)
    5 : 79 (T=79, R=0, W=0)
    6 : 77 (T=77, R=0, W=0)
    7 : 45 (T=45, R=0, W=0)
    8 : 68 (T=68, R=0, W=0)
    9 : 43 (T=43, R=0, W=0)
    10 : 38 (T=38, R=0, W=0)
    11 : 43 (T=43, R=0, W=0)
    12 : 57 (T=57, R=0, W=0)
    13 : 41 (T=41, R=0, W=0)
    14 : 66 (T=66, R=0, W=0)
    15 : 41 (T=41, R=0, W=0)
    16 : 51 (T=51, R=0, W=0)
    17 : 35 (T=35, R=0, W=0)
    18 : 62 (T=62, R=0, W=0)
    19 : 58 (T=58, R=0, W=0)
    20 : 71 (T=71, R=0, W=0)
    21 : 47 (T=47, R=0, W=0)
    22 : 40 (T=40, R=0, W=0)
    23 : 67 (T=67, R=0, W=0)
    24 : 49 (T=49, R=0, W=0)
    25 : 21 (T=21, R=0, W=0)
    26 : 34 (T=34, R=0, W=0)
    27 : 46 (T=46, R=0, W=0)
    28 : 44 (T=44, R=0, W=0)
    29 : 36 (T=36, R=0, W=0)
    30 : 69 (T=69, R=0, W=0)
    31 : 58 (T=58, R=0, W=0)
    32 : 45 (T=45, R=0, W=0)
    33 : 54 (T=54, R=0, W=0)
    34 : 31 (T=31, R=0, W=0)
    35 : 49 (T=49, R=0, W=0)
    36 : 38 (T=38, R=0, W=0)
    37 : 44 (T=44, R=0, W=0)
    38 : 35 (T=35, R=0, W=0)
    39 : 44 (T=44, R=0, W=0)
    40 : 71 (T=71, R=0, W=0)
    41 : 30 (T=30, R=0, W=0)
    42 : 68 (T=68, R=0, W=0)
    43 : 57 (T=57, R=0, W=0)
    44 : 70 (T=70, R=0, W=0)
    45 : 63 (T=63, R=0, W=0)
    46 : 67 (T=67, R=0, W=0)
    47 : 30 (T=30, R=0, W=0)
    48 : 45 (T=45, R=0, W=0)
    49 : 38 (T=38, R=0, W=0)
    50 : 58 (T=58, R=0, W=0)
    51 : 49 (T=49, R=0, W=0)
    52 : 50 (T=50, R=0, W=0)
    53 : 53 (T=53, R=0, W=0)
    54 : 52 (T=52, R=0, W=0)
    55 : 41 (T=41, R=0, W=0)
    56 : 64 (T=64, R=0, W=0)
    57 : 45 (T=45, R=0, W=0)
    58 : 51 (T=51, R=0, W=0)
    59 : 52 (T=52, R=0, W=0)
    60 : 53 (T=53, R=0, W=0)
    61 : 58 (T=58, R=0, W=0)
    62 : 75 (T=75, R=0, W=0)
    63 : 48 (T=48, R=0, W=0)
--- 35,713 MB collected in 0.102 secs (0.7% of total), longest GC took 0.010 secs
DATA gc:  total_k 36570143  total_secs 0.101766  max_secs 0.009947
