Number of accounts  = 128
Initial amount      = 100000.0
Maximal transfer    = 10
Read-all frequency  = 0%
Write-all frequency = 0%
Read-all threads    = 0
Write-all threads   = 0
Disjoint            = false
Yield               = false

Starting threads... 0 1
End of warmup phase... 0 1
End of test phase... 0 1
Waiting for threads to finish...
All threads returned successfully
RESULTS:

  Warmup duration (ms) = 4000
  Test duration (ms)   = 10000
  Nb iterations        = 17076102
  Stats                = T=17076102, R=0, W=0, TOTAL=12800000 [ 0=100133.0 1=101358.0 2=96777.0 3=99458.0 4=103727.0 5=101701.0 6=104710.0 7=98584.0 8=101633.0 9=101952.0 10=99823.0 11=105733.0 12=101460.0 13=99428.0 14=100414.0 15=103600.0 16=103368.0 17=102976.0 18=97650.0 19=93148.0 20=100146.0 21=99940.0 22=104060.0 23=96711.0 24=100552.0 25=93208.0 26=100634.0 27=102354.0 28=104819.0 29=95577.0 30=99501.0 31=98853.0 32=102350.0 33=97207.0 34=106528.0 35=106064.0 36=99089.0 37=97284.0 38=91056.0 39=100740.0 40=102348.0 41=95590.0 42=94565.0 43=97511.0 44=105046.0 45=101330.0 46=92365.0 47=97001.0 48=105254.0 49=104891.0 50=102567.0 51=103509.0 52=98338.0 53=102977.0 54=90788.0 55=96113.0 56=105913.0 57=98649.0 58=100579.0 59=101022.0 60=97244.0 61=95808.0 62=97371.0 63=97680.0 64=100706.0 65=104174.0 66=103294.0 67=99738.0 68=103052.0 69=94198.0 70=99965.0 71=100657.0 72=99047.0 73=101715.0 74=95825.0 75=99384.0 76=103445.0 77=103576.0 78=93365.0 79=106619.0 80=105685.0 81=97769.0 82=100732.0 83=97088.0 84=100928.0 85=104387.0 86=101011.0 87=103860.0 88=99572.0 89=103980.0 90=93998.0 91=97059.0 92=94714.0 93=102268.0 94=92719.0 95=91880.0 96=102867.0 97=96323.0 98=101877.0 99=103174.0 100=95129.0 101=103029.0 102=103198.0 103=101410.0 104=101180.0 105=95280.0 106=96780.0 107=100875.0 108=99270.0 109=95413.0 110=100577.0 111=107202.0 112=98225.0 113=101490.0 114=98315.0 115=93389.0 116=94042.0 117=105384.0 118=97426.0 119=97812.0 120=101702.0 121=104272.0 122=104632.0 123=99127.0 124=100698.0 125=102168.0 126=98300.0 127=104259.0 ]
    0 : 8802119 (T=8802119, R=0, W=0)
    1 : 8273983 (T=8273983, R=0, W=0)
--- 4,711 MB collected in 0.049 secs (0.3% of total), longest GC took 0.007 secs
DATA gc:  total_k 4824488  total_secs 0.048518  max_secs 0.007135
