Number of accounts  = 128
Initial amount      = 100000.0
Maximal transfer    = 10
Read-all frequency  = 0%
Write-all frequency = 0%
Read-all threads    = 0
Write-all threads   = 0
Disjoint            = false
Yield               = false

Starting threads... 0 1
End of warmup phase... 0 1
End of test phase... 0 1
Waiting for threads to finish...
All threads returned successfully
RESULTS:

  Warmup duration (ms) = 20000
  Test duration (ms)   = 10000
  Nb iterations        = 17675478
  Stats                = T=17675478, R=0, W=0, TOTAL=12800000 [ 0=98866.0 1=91854.0 2=99721.0 3=107282.0 4=104652.0 5=98375.0 6=106351.0 7=96550.0 8=99734.0 9=106870.0 10=98754.0 11=101913.0 12=107456.0 13=98576.0 14=99827.0 15=94893.0 16=99325.0 17=94353.0 18=96533.0 19=96482.0 20=94206.0 21=101163.0 22=101981.0 23=96056.0 24=101952.0 25=99376.0 26=97348.0 27=97507.0 28=97856.0 29=96854.0 30=97435.0 31=92462.0 32=95891.0 33=100719.0 34=96866.0 35=94766.0 36=98848.0 37=93320.0 38=103718.0 39=97735.0 40=97415.0 41=102589.0 42=102829.0 43=101950.0 44=106728.0 45=101519.0 46=104506.0 47=106666.0 48=92303.0 49=101979.0 50=89355.0 51=96016.0 52=101731.0 53=102811.0 54=91032.0 55=105580.0 56=100929.0 57=100065.0 58=104446.0 59=99594.0 60=100843.0 61=109656.0 62=107551.0 63=98664.0 64=100133.0 65=97998.0 66=94811.0 67=100590.0 68=104197.0 69=101409.0 70=111224.0 71=91318.0 72=106596.0 73=96658.0 74=107804.0 75=87905.0 76=104355.0 77=101094.0 78=89645.0 79=100483.0 80=101917.0 81=85638.0 82=108450.0 83=97612.0 84=99583.0 85=99321.0 86=102577.0 87=104580.0 88=95682.0 89=99223.0 90=98408.0 91=104102.0 92=102026.0 93=101380.0 94=95148.0 95=98396.0 96=93080.0 97=99796.0 98=105693.0 99=103504.0 100=97508.0 101=93595.0 102=106784.0 103=109463.0 104=94664.0 105=108267.0 106=103753.0 107=100545.0 108=104262.0 109=93473.0 110=108070.0 111=107218.0 112=89292.0 113=100219.0 114=103957.0 115=98884.0 116=99121.0 117=96213.0 118=94411.0 119=104843.0 120=101037.0 121=107756.0 122=106661.0 123=96607.0 124=95516.0 125=111559.0 126=91799.0 127=101004.0 ]
    0 : 8267688 (T=8267688, R=0, W=0)
    1 : 9407790 (T=9407790, R=0, W=0)
--- 20,642 MB collected in 0.052 secs (0.2% of total), longest GC took 0.007 secs
DATA gc:  total_k 21137864  total_secs 0.052033  max_secs 0.006938
