Number of accounts  = 16
Initial amount      = 100000.0
Maximal transfer    = 10
Read-all frequency  = 0%
Write-all frequency = 0%
Read-all threads    = 0
Write-all threads   = 0
Disjoint            = false
Yield               = false

Starting threads... 0 1 2 3 4 5 6 7 8 9 10 11 12 13 14 15
End of warmup phase... 0 1 2 3 4 5 6 7 8 9 10 11 12 13 14 15
End of test phase... 0 1 2 3 4 5 6 7 8 9 10 11 12 13 14 15
Waiting for threads to finish...
All threads returned successfully
RESULTS:

  Warmup duration (ms) = 20000
  Test duration (ms)   = 10000
  Nb iterations        = 13237863
  Stats                = T=13237863, R=0, W=0, TOTAL=1600000 [ 0=99992.0 1=99499.0 2=100445.0 3=100591.0 4=89147.0 5=109904.0 6=88345.0 7=105887.0 8=98741.0 9=122494.0 10=94601.0 11=99421.0 12=100445.0 13=106941.0 14=96034.0 15=87513.0 ]
    0 : 1010168 (T=1010168, R=0, W=0)
    1 : 646119 (T=646119, R=0, W=0)
    2 : 756781 (T=756781, R=0, W=0)
    3 : 787126 (T=787126, R=0, W=0)
    4 : 738244 (T=738244, R=0, W=0)
    5 : 733121 (T=733121, R=0, W=0)
    6 : 772709 (T=772709, R=0, W=0)
    7 : 902555 (T=902555, R=0, W=0)
    8 : 908557 (T=908557, R=0, W=0)
    9 : 907478 (T=907478, R=0, W=0)
    10 : 939276 (T=939276, R=0, W=0)
    11 : 612159 (T=612159, R=0, W=0)
    12 : 847628 (T=847628, R=0, W=0)
    13 : 830672 (T=830672, R=0, W=0)
    14 : 849091 (T=849091, R=0, W=0)
    15 : 996179 (T=996179, R=0, W=0)
--- 36,414 MB collected in 0.075 secs (0.3% of total), longest GC took 0.007 secs
DATA gc:  total_k 37287960  total_secs 0.074886  max_secs 0.00711
