Number of accounts  = 4
Initial amount      = 100000.0
Maximal transfer    = 10
Read-all frequency  = 0%
Write-all frequency = 0%
Read-all threads    = 0
Write-all threads   = 0
Disjoint            = false
Yield               = false

Starting threads... 0 1 2 3
End of warmup phase... 0 1 2 3
End of test phase... 0 1 2 3
Waiting for threads to finish...
All threads returned successfully
RESULTS:

  Warmup duration (ms) = 20000
  Test duration (ms)   = 10000
  Nb iterations        = 8749519
  Stats                = T=8749519, R=0, W=0, TOTAL=400000 [ 0=111383.0 1=62015.0 2=120763.0 3=105839.0 ]
    0 : 2717443 (T=2717443, R=0, W=0)
    1 : 1741450 (T=1741450, R=0, W=0)
    2 : 2246025 (T=2246025, R=0, W=0)
    3 : 2044601 (T=2044601, R=0, W=0)
--- 17,574 MB collected in 0.060 secs (0.2% of total), longest GC took 0.007 secs
DATA gc:  total_k 17996448  total_secs 0.059509  max_secs 0.007402
