Number of accounts  = 2
Initial amount      = 100000.0
Maximal transfer    = 10
Read-all frequency  = 0%
Write-all frequency = 0%
Read-all threads    = 0
Write-all threads   = 0
Disjoint            = false
Yield               = false

Starting threads... 0
End of warmup phase... 0
End of test phase... 0
Waiting for threads to finish...
All threads returned successfully
RESULTS:

  Warmup duration (ms) = 20000
  Test duration (ms)   = 10000
  Nb iterations        = 23387756
  Stats                = T=23387756, R=0, W=0, TOTAL=200000 [ 0=82019.0 1=117981.0 ]
    0 : 23387756 (T=23387756, R=0, W=0)
--- 23,183 MB collected in 0.061 secs (0.2% of total), longest GC took 0.005 secs
DATA gc:  total_k 23739552  total_secs 0.061063  max_secs 0.004707
