Number of accounts  = 256
Initial amount      = 100000.0
Maximal transfer    = 10
Read-all frequency  = 0%
Write-all frequency = 0%
Read-all threads    = 0
Write-all threads   = 0
Disjoint            = false
Yield               = false

Starting threads... 0 1 2 3
End of warmup phase... 0 1 2 3
End of test phase... 0 1 2 3
Waiting for threads to finish...
All threads returned successfully
RESULTS:

  Warmup duration (ms) = 20000
  Test duration (ms)   = 10000
  Nb iterations        = 31423224
  Stats                = T=31423224, R=0, W=0, TOTAL=25599992 [ 0=107023.0 1=106018.0 2=96127.0 3=101192.0 4=89848.0 5=101514.0 6=100508.0 7=103022.0 8=112035.0 9=98442.0 10=100900.0 11=107358.0 12=102056.0 13=93738.0 14=91254.0 15=97024.0 16=95861.0 17=99666.0 18=96474.0 19=100503.0 20=95445.0 21=106167.0 22=96449.0 23=94445.0 24=108511.0 25=99753.0 26=111889.0 27=98568.0 28=102570.0 29=99430.0 30=110257.0 31=97160.0 32=108252.0 33=101073.0 34=110158.0 35=102711.0 36=92843.0 37=101731.0 38=89692.0 39=99367.0 40=101849.0 41=99180.0 42=101299.0 43=100011.0 44=93240.0 45=96002.0 46=96191.0 47=105233.0 48=106252.0 49=99090.0 50=97145.0 51=101301.0 52=91668.0 53=97167.0 54=93377.0 55=95294.0 56=95431.0 57=100539.0 58=93616.0 59=105641.0 60=107004.0 61=100409.0 62=102089.0 63=105460.0 64=100774.0 65=103865.0 66=99822.0 67=90924.0 68=98644.0 69=102648.0 70=105191.0 71=97757.0 72=99119.0 73=98738.0 74=96961.0 75=95519.0 76=111602.0 77=98061.0 78=97691.0 79=95546.0 80=100456.0 81=91464.0 82=97188.0 83=95421.0 84=91441.0 85=102632.0 86=99608.0 87=96165.0 88=90751.0 89=87116.0 90=97404.0 91=89966.0 92=111486.0 93=95917.0 94=96007.0 95=105178.0 96=100857.0 97=96792.0 98=111228.0 99=103314.0 100=104080.0 101=102571.0 102=93563.0 103=98884.0 104=100703.0 105=96190.0 106=108485.0 107=99622.0 108=105603.0 109=100610.0 110=109855.0 111=98709.0 112=93462.0 113=103467.0 114=104423.0 115=103204.0 116=103009.0 117=98186.0 118=93156.0 119=104575.0 120=93798.0 121=99171.0 122=106571.0 123=106247.0 124=95675.0 125=102341.0 126=103598.0 127=100150.0 128=98642.0 129=104060.0 130=99378.0 131=99991.0 132=101284.0 133=106741.0 134=92208.0 135=95348.0 136=99461.0 137=109389.0 138=96513.0 139=102994.0 140=94965.0 141=94578.0 142=94536.0 143=105311.0 144=112239.0 145=91821.0 146=104741.0 147=90962.0 148=111748.0 149=103663.0 150=101382.0 151=98256.0 152=97617.0 153=95196.0 154=107200.0 155=98951.0 156=97068.0 157=103696.0 158=97866.0 159=103396.0 160=98903.0 161=102424.0 162=102361.0 163=106144.0 164=98458.0 165=98941.0 166=101124.0 167=105154.0 168=96977.0 169=93767.0 170=102755.0 171=97749.0 172=93681.0 173=99511.0 174=93969.0 175=94795.0 176=97324.0 177=91925.0 178=101169.0 179=96316.0 180=106048.0 181=100432.0 182=101080.0 183=103501.0 184=96701.0 185=99666.0 186=95500.0 187=99027.0 188=101771.0 189=96472.0 190=102437.0 191=104430.0 192=103037.0 193=97236.0 194=100619.0 195=102932.0 196=102856.0 197=99786.0 198=104217.0 199=99523.0 200=95609.0 201=99314.0 202=101232.0 203=98304.0 204=96320.0 205=111187.0 206=103972.0 207=97669.0 208=100066.0 209=95656.0 210=98187.0 211=103166.0 212=98149.0 213=102681.0 214=109044.0 215=102595.0 216=106274.0 217=97401.0 218=99888.0 219=99233.0 220=96637.0 221=90125.0 222=105865.0 223=99383.0 224=103409.0 225=107838.0 226=102681.0 227=89843.0 228=94464.0 229=97808.0 230=106002.0 231=104127.0 232=100909.0 233=93091.0 234=96593.0 235=103152.0 236=94044.0 237=103198.0 238=97204.0 239=105943.0 240=110403.0 241=98532.0 242=100117.0 243=100798.0 244=105765.0 245=104660.0 246=96379.0 247=99421.0 248=105625.0 249=99159.0 250=98770.0 251=87340.0 252=98520.0 253=96194.0 254=94383.0 255=99069.0 ]
    0 : 7870983 (T=7870983, R=0, W=0)
    1 : 7872200 (T=7872200, R=0, W=0)
    2 : 8341180 (T=8341180, R=0, W=0)
    3 : 7338861 (T=7338861, R=0, W=0)
--- 38,795 MB collected in 0.073 secs (0.2% of total), longest GC took 0.007 secs
DATA gc:  total_k 39726216  total_secs 0.072654  max_secs 0.006511
