Number of accounts  = 2
Initial amount      = 100000.0
Maximal transfer    = 10
Read-all frequency  = 0%
Write-all frequency = 0%
Read-all threads    = 0
Write-all threads   = 0
Disjoint            = false
Yield               = false

Starting threads... 0 1
End of warmup phase... 0 1
End of test phase... 0 1
Waiting for threads to finish...
All threads returned successfully
RESULTS:

  Warmup duration (ms) = 20000
  Test duration (ms)   = 10001
  Nb iterations        = 3848863
  Stats                = T=3848863, R=0, W=0, TOTAL=200000 [ 0=91597.0 1=108403.0 ]
    0 : 2280805 (T=2280805, R=0, W=0)
    1 : 1568058 (T=1568058, R=0, W=0)
--- 13,895 MB collected in 0.065 secs (0.2% of total), longest GC took 0.006 secs
DATA gc:  total_k 14229336  total_secs 0.06535  max_secs 0.005806
