TL2CM Initialized:
Contention Manager: Polka busy-waiting [C=10]
Number of accounts  = 256
Initial amount      = 100000.0
Maximal transfer    = 10
Read-all frequency  = 0%
Write-all frequency = 0%
Read-all threads    = 0
Write-all threads   = 0
Disjoint            = false
Yield               = false

Starting threads... 0 1 2 3
End of warmup phase... 0 1 2 3
End of test phase... 0 1 2 3
Waiting for threads to finish...
All threads returned successfully
RESULTS:

  Warmup duration (ms) = 20000
  Test duration (ms)   = 10000
  Nb iterations        = 11350225
  Stats                = T=11350225, R=0, W=0, TOTAL=25586968 [ 0=99741.0 1=93976.0 2=94141.0 3=91930.0 4=100726.0 5=108141.0 6=99943.0 7=97408.0 8=98883.0 9=96236.0 10=96222.0 11=100252.0 12=102682.0 13=97396.0 14=99546.0 15=96236.0 16=98716.0 17=97735.0 18=101625.0 19=96273.0 20=97728.0 21=98243.0 22=103723.0 23=102090.0 24=100992.0 25=100034.0 26=97782.0 27=101344.0 28=100808.0 29=103576.0 30=101979.0 31=98388.0 32=100627.0 33=97778.0 34=102028.0 35=99434.0 36=102719.0 37=97709.0 38=101552.0 39=101543.0 40=99501.0 41=98762.0 42=101451.0 43=101030.0 44=97303.0 45=100667.0 46=98990.0 47=96741.0 48=100351.0 49=101578.0 50=101143.0 51=99824.0 52=100145.0 53=107062.0 54=101448.0 55=101830.0 56=98393.0 57=99709.0 58=99895.0 59=96346.0 60=99885.0 61=104853.0 62=99105.0 63=101267.0 64=100048.0 65=100884.0 66=100104.0 67=101659.0 68=95992.0 69=94951.0 70=100994.0 71=101869.0 72=94915.0 73=99447.0 74=100962.0 75=99220.0 76=102311.0 77=102937.0 78=102198.0 79=102655.0 80=103890.0 81=102505.0 82=102771.0 83=100170.0 84=100196.0 85=97492.0 86=96352.0 87=103735.0 88=93094.0 89=97956.0 90=101352.0 91=107790.0 92=95836.0 93=101522.0 94=94427.0 95=98142.0 96=105486.0 97=95209.0 98=103021.0 99=99422.0 100=99778.0 101=100418.0 102=98032.0 103=96569.0 104=97665.0 105=94415.0 106=102379.0 107=95000.0 108=101084.0 109=99639.0 110=99521.0 111=96548.0 112=94570.0 113=97144.0 114=99763.0 115=100587.0 116=99925.0 117=100261.0 118=100071.0 119=100831.0 120=101582.0 121=101202.0 122=99964.0 123=105256.0 124=104131.0 125=98809.0 126=100394.0 127=99643.0 128=99560.0 129=97069.0 130=100502.0 131=97207.0 132=102968.0 133=98000.0 134=99921.0 135=100218.0 136=96932.0 137=104886.0 138=102335.0 139=100754.0 140=100844.0 141=98423.0 142=100550.0 143=101085.0 144=98777.0 145=103430.0 146=103300.0 147=98236.0 148=102551.0 149=96596.0 150=108394.0 151=98149.0 152=105131.0 153=101744.0 154=99585.0 155=99137.0 156=101286.0 157=104074.0 158=101461.0 159=97586.0 160=94254.0 161=101985.0 162=102543.0 163=103639.0 164=98750.0 165=94136.0 166=103248.0 167=98018.0 168=99878.0 169=100181.0 170=101410.0 171=109687.0 172=97760.0 173=94143.0 174=99437.0 175=100078.0 176=100523.0 177=103248.0 178=106362.0 179=102012.0 180=106946.0 181=97737.0 182=103086.0 183=96811.0 184=96254.0 185=100733.0 186=95919.0 187=97848.0 188=98364.0 189=97197.0 190=98446.0 191=103007.0 192=98637.0 193=102248.0 194=99472.0 195=104169.0 196=97079.0 197=97951.0 198=97233.0 199=102048.0 200=102794.0 201=105380.0 202=99696.0 203=100023.0 204=92090.0 205=97606.0 206=99239.0 207=104107.0 208=101681.0 209=100029.0 210=98819.0 211=103797.0 212=100672.0 213=97171.0 214=98546.0 215=99393.0 216=96505.0 217=97015.0 218=95194.0 219=98253.0 220=99227.0 221=98103.0 222=100965.0 223=97838.0 224=97399.0 225=100610.0 226=104077.0 227=101476.0 228=98315.0 229=98315.0 230=100785.0 231=102214.0 232=105363.0 233=101426.0 234=104651.0 235=94014.0 236=104945.0 237=102733.0 238=105823.0 239=100485.0 240=103243.0 241=96671.0 242=103270.0 243=96020.0 244=99301.0 245=101602.0 246=99576.0 247=99080.0 248=98211.0 249=93592.0 250=100538.0 251=97452.0 252=101891.0 253=97946.0 254=98136.0 255=98639.0 ]
    0 : 2962304 (T=2962304, R=0, W=0)
    1 : 2752165 (T=2752165, R=0, W=0)
    2 : 2741096 (T=2741096, R=0, W=0)
    3 : 2894660 (T=2894660, R=0, W=0)
--- 22,077 MB collected in 0.067 secs (0.2% of total), longest GC took 0.010 secs
DATA gc:  total_k 22607599  total_secs 0.066927  max_secs 0.010145
