Number of accounts  = 8
Initial amount      = 100000.0
Maximal transfer    = 10
Read-all frequency  = 0%
Write-all frequency = 0%
Read-all threads    = 0
Write-all threads   = 0
Disjoint            = false
Yield               = false

Starting threads... 0 1 2 3 4 5 6 7
End of warmup phase... 0 1 2 3 4 5 6 7
End of test phase... 0 1 2 3 4 5 6 7
Waiting for threads to finish...
All threads returned successfully
RESULTS:

  Warmup duration (ms) = 20000
  Test duration (ms)   = 10000
  Nb iterations        = 12793695
  Stats                = T=12793695, R=0, W=0, TOTAL=800000 [ 0=118417.0 1=82199.0 2=114173.0 3=107020.0 4=82204.0 5=102611.0 6=110306.0 7=83070.0 ]
    0 : 1891391 (T=1891391, R=0, W=0)
    1 : 1438502 (T=1438502, R=0, W=0)
    2 : 1581168 (T=1581168, R=0, W=0)
    3 : 1644736 (T=1644736, R=0, W=0)
    4 : 1602362 (T=1602362, R=0, W=0)
    5 : 1771823 (T=1771823, R=0, W=0)
    6 : 1513330 (T=1513330, R=0, W=0)
    7 : 1350383 (T=1350383, R=0, W=0)
--- 29,642 MB collected in 0.061 secs (0.2% of total), longest GC took 0.007 secs
DATA gc:  total_k 30354048  total_secs 0.060828  max_secs 0.006697
