TL2CM Initialized:
Contention Manager: Polka busy-waiting [C=10]
Number of accounts  = 1
Initial amount      = 100000.0
Maximal transfer    = 10
Read-all frequency  = 0%
Write-all frequency = 0%
Read-all threads    = 0
Write-all threads   = 0
Disjoint            = false
Yield               = false

Starting threads... 0
End of warmup phase... 0
End of test phase... 0
Waiting for threads to finish...
All threads returned successfully
RESULTS:

  Warmup duration (ms) = 20001
  Test duration (ms)   = 10000
  Nb iterations        = 4462055
  Stats                = T=4462055, R=0, W=0, TOTAL=100000 [ 0=100000.0 ]
    0 : 4462055 (T=4462055, R=0, W=0)
--- 6,605 MB collected in 0.059 secs (0.2% of total), longest GC took 0.007 secs
DATA gc:  total_k 6764064  total_secs 0.058887  max_secs 0.006967
