Number of accounts  = 128
Initial amount      = 100000.0
Maximal transfer    = 10
Read-all frequency  = 0%
Write-all frequency = 0%
Read-all threads    = 0
Write-all threads   = 0
Disjoint            = false
Yield               = false

Starting threads... 0 1
End of warmup phase... 0 1
End of test phase... 0 1
Waiting for threads to finish...
All threads returned successfully
RESULTS:

  Warmup duration (ms) = 20000
  Test duration (ms)   = 10000
  Nb iterations        = 23693730
  Stats                = T=23693730, R=0, W=0, TOTAL=12800000 [ 0=106951.0 1=104855.0 2=94439.0 3=99216.0 4=98198.0 5=107187.0 6=104622.0 7=95913.0 8=93897.0 9=92459.0 10=113738.0 11=93952.0 12=100472.0 13=92231.0 14=96704.0 15=97806.0 16=103535.0 17=94957.0 18=88034.0 19=102090.0 20=103737.0 21=96086.0 22=102615.0 23=108883.0 24=92901.0 25=103723.0 26=102601.0 27=116645.0 28=102849.0 29=94858.0 30=90172.0 31=96649.0 32=101579.0 33=102443.0 34=98017.0 35=119765.0 36=104258.0 37=97589.0 38=101719.0 39=88817.0 40=106142.0 41=111855.0 42=107056.0 43=106261.0 44=91172.0 45=105858.0 46=108672.0 47=94539.0 48=99679.0 49=98446.0 50=98899.0 51=102060.0 52=106202.0 53=99133.0 54=97685.0 55=90022.0 56=98437.0 57=108279.0 58=92717.0 59=112090.0 60=97638.0 61=97023.0 62=106658.0 63=90125.0 64=93408.0 65=94983.0 66=95683.0 67=96582.0 68=98854.0 69=96141.0 70=108211.0 71=106279.0 72=97184.0 73=89354.0 74=102812.0 75=88911.0 76=100941.0 77=104701.0 78=101258.0 79=95677.0 80=100886.0 81=95048.0 82=108514.0 83=110102.0 84=97116.0 85=89032.0 86=97873.0 87=110455.0 88=112400.0 89=97664.0 90=95843.0 91=103570.0 92=85258.0 93=104845.0 94=97561.0 95=91126.0 96=88949.0 97=108364.0 98=90071.0 99=101714.0 100=97592.0 101=107552.0 102=86582.0 103=107410.0 104=99097.0 105=102288.0 106=99818.0 107=97544.0 108=95210.0 109=93232.0 110=89601.0 111=110939.0 112=107849.0 113=103179.0 114=98484.0 115=100890.0 116=107892.0 117=96667.0 118=97358.0 119=97082.0 120=103344.0 121=97063.0 122=95170.0 123=92695.0 124=104836.0 125=111953.0 126=107197.0 127=100296.0 ]
    0 : 12039809 (T=12039809, R=0, W=0)
    1 : 11653921 (T=11653921, R=0, W=0)
--- 26,552 MB collected in 0.056 secs (0.2% of total), longest GC took 0.005 secs
DATA gc:  total_k 27189600  total_secs 0.05566  max_secs 0.004957
