Starting Multiverse JavaAgent
Number of accounts  = 4
Initial amount      = 100000.0
Maximal transfer    = 10
Read-all frequency  = 0%
Write-all frequency = 0%
Read-all threads    = 0
Write-all threads   = 0
Disjoint            = false
Yield               = false

Starting threads... 0 1 2 3
End of warmup phase... 0 1 2 3
End of test phase... 0 1 2 3
Waiting for threads to finish...
All threads returned successfully
RESULTS:

  Warmup duration (ms) = 20000
  Test duration (ms)   = 10000
  Nb iterations        = 33422256
  Stats                = T=33422256, R=0, W=0, TOTAL=400000 [ 0=62009.0 1=94773.0 2=96492.0 3=146726.0 ]
    0 : 31777 (T=31777, R=0, W=0)
    1 : 33390479 (T=33390479, R=0, W=0)
    2 : 0 (T=0, R=0, W=0)
    3 : 0 (T=0, R=0, W=0)
--- 18,640 MB collected in 0.087 secs (0.3% of total), longest GC took 0.003 secs
DATA gc:  total_k 19087576  total_secs 0.087057  max_secs 0.002883
