Starting Multiverse JavaAgent
Number of accounts  = 128
Initial amount      = 1000000.0
Maximal transfer    = 10
Read-all frequency  = 0%
Write-all frequency = 0%
Read-all threads    = 0
Write-all threads   = 0
Disjoint            = false
Yield               = false

Starting threads... 0 1
End of warmup phase... 0 1
End of test phase... 0 1
Waiting for threads to finish...
All threads returned successfully
RESULTS:

  Warmup duration (ms) = 4000
  Test duration (ms)   = 10000
  Nb iterations        = 8401847
TOTAL: T=8401847, R=0, W=0

TOTAL=128000016 [ 0=998832.0 1=995254.0 2=999448.0 3=999385.0 4=998133.0 5=999991.0 6=1001653.0 7=998318.0 8=998302.0 9=1002052.0 10=1001911.0 11=997875.0 12=1000891.0 13=999422.0 14=996610.0 15=1001148.0 16=1006647.0 17=1000023.0 18=1001115.0 19=997485.0 20=1001584.0 21=999287.0 22=999179.0 23=995347.0 24=1002445.0 25=1002600.0 26=1001854.0 27=1001886.0 28=997444.0 29=1001123.0 30=996027.0 31=997727.0 32=1000406.0 33=1000991.0 34=999592.0 35=1000761.0 36=997969.0 37=1001962.0 38=999909.0 39=1002389.0 40=1000881.0 41=995928.0 42=1002655.0 43=1001371.0 44=998245.0 45=1000372.0 46=1001584.0 47=998098.0 48=997415.0 49=1001506.0 50=1000116.0 51=999027.0 52=1000899.0 53=1004398.0 54=997284.0 55=1000956.0 56=1002291.0 57=998865.0 58=996757.0 59=998079.0 60=1003140.0 61=999625.0 62=1000019.0 63=999600.0 64=1000909.0 65=1005450.0 66=1003499.0 67=1000864.0 68=1000255.0 69=999120.0 70=1003631.0 71=1000334.0 72=1001736.0 73=1005663.0 74=1000638.0 75=997026.0 76=1001729.0 77=1001755.0 78=998600.0 79=1001925.0 80=1002624.0 81=999549.0 82=1001091.0 83=998232.0 84=997549.0 85=1002588.0 86=999568.0 87=998662.0 88=998881.0 89=998611.0 90=996981.0 91=1001776.0 92=998241.0 93=998231.0 94=998607.0 95=1001580.0 96=1005308.0 97=1000508.0 98=997370.0 99=999113.0 100=1000210.0 101=992712.0 102=1001452.0 103=999383.0 104=1002285.0 105=997894.0 106=998268.0 107=998180.0 108=1002190.0 109=1004078.0 110=1002735.0 111=997867.0 112=1002602.0 113=1003734.0 114=998168.0 115=998148.0 116=995926.0 117=999628.0 118=1001247.0 119=996238.0 120=1006109.0 121=996556.0 122=992816.0 123=1001501.0 124=996585.0 125=999959.0 126=1002858.0 127=998379.0 ]
    0 : 4099384 (T=4099384, R=0, W=0)
    1 : 4302463 (T=4302463, R=0, W=0)
--- 12,036 MB collected in 0.032 secs (0.2% of total), longest GC took 0.003 secs
DATA gc:  total_k 12325392  total_secs 0.032495  max_secs 0.003086
