Starting Multiverse JavaAgent
Number of accounts  = 256
Initial amount      = 100000.0
Maximal transfer    = 10
Read-all frequency  = 0%
Write-all frequency = 0%
Read-all threads    = 0
Write-all threads   = 0
Disjoint            = false
Yield               = false

Starting threads... 0 1 2 3
End of warmup phase... 0 1 2 3
End of test phase... 0 1 2 3
Waiting for threads to finish...
All threads returned successfully
RESULTS:

  Warmup duration (ms) = 20000
  Test duration (ms)   = 10000
  Nb iterations        = 30672514
  Stats                = T=30672514, R=0, W=0, TOTAL=25600008 [ 0=96391.0 1=98179.0 2=95175.0 3=105131.0 4=102196.0 5=96706.0 6=106598.0 7=109501.0 8=107329.0 9=96915.0 10=101659.0 11=94994.0 12=107898.0 13=103305.0 14=100009.0 15=94993.0 16=98757.0 17=107047.0 18=104684.0 19=96166.0 20=102271.0 21=85363.0 22=99769.0 23=94300.0 24=102425.0 25=100284.0 26=94916.0 27=98048.0 28=104962.0 29=101881.0 30=99043.0 31=93185.0 32=100672.0 33=97724.0 34=98165.0 35=106263.0 36=103727.0 37=101372.0 38=101637.0 39=106417.0 40=97342.0 41=96413.0 42=87510.0 43=104645.0 44=109864.0 45=99214.0 46=92603.0 47=103235.0 48=98798.0 49=96178.0 50=94325.0 51=103758.0 52=94822.0 53=101071.0 54=99505.0 55=103916.0 56=104155.0 57=100592.0 58=100891.0 59=91602.0 60=90510.0 61=105050.0 62=93253.0 63=102469.0 64=98158.0 65=95940.0 66=102487.0 67=94308.0 68=101224.0 69=98301.0 70=103830.0 71=90981.0 72=99910.0 73=96731.0 74=101764.0 75=90887.0 76=105662.0 77=91576.0 78=104159.0 79=103053.0 80=94857.0 81=100335.0 82=106867.0 83=88932.0 84=96702.0 85=101495.0 86=90255.0 87=90916.0 88=89069.0 89=92603.0 90=97213.0 91=98724.0 92=102003.0 93=103770.0 94=96519.0 95=104242.0 96=100207.0 97=102815.0 98=100257.0 99=102295.0 100=96286.0 101=92004.0 102=102114.0 103=85917.0 104=105738.0 105=96936.0 106=99060.0 107=99073.0 108=104646.0 109=108152.0 110=98457.0 111=102756.0 112=104526.0 113=99085.0 114=89580.0 115=101873.0 116=101085.0 117=101426.0 118=101572.0 119=103546.0 120=112352.0 121=93921.0 122=94220.0 123=99261.0 124=102295.0 125=97893.0 126=103866.0 127=91890.0 128=98740.0 129=106822.0 130=95823.0 131=103375.0 132=100011.0 133=105046.0 134=104544.0 135=109058.0 136=105201.0 137=99779.0 138=100142.0 139=107389.0 140=101668.0 141=105152.0 142=105380.0 143=97769.0 144=99124.0 145=97125.0 146=99550.0 147=93369.0 148=93952.0 149=111968.0 150=102127.0 151=96798.0 152=89048.0 153=99268.0 154=104301.0 155=110413.0 156=104440.0 157=92963.0 158=98635.0 159=100991.0 160=94127.0 161=94604.0 162=99097.0 163=103580.0 164=94883.0 165=103136.0 166=102726.0 167=109484.0 168=98286.0 169=106444.0 170=99182.0 171=102026.0 172=105335.0 173=94325.0 174=101301.0 175=101325.0 176=92596.0 177=101552.0 178=95013.0 179=100016.0 180=109487.0 181=107192.0 182=96534.0 183=94333.0 184=100523.0 185=93436.0 186=94566.0 187=104440.0 188=103866.0 189=105127.0 190=92864.0 191=100240.0 192=101582.0 193=83636.0 194=95861.0 195=98163.0 196=97566.0 197=94061.0 198=101363.0 199=102423.0 200=102812.0 201=110095.0 202=93336.0 203=102025.0 204=102094.0 205=105689.0 206=101955.0 207=89538.0 208=107440.0 209=98749.0 210=105248.0 211=106337.0 212=105636.0 213=99170.0 214=103770.0 215=98154.0 216=97346.0 217=97812.0 218=98318.0 219=92759.0 220=108571.0 221=93928.0 222=100046.0 223=99071.0 224=98470.0 225=104501.0 226=103993.0 227=99952.0 228=98722.0 229=114046.0 230=92544.0 231=99729.0 232=96255.0 233=100233.0 234=108986.0 235=107036.0 236=92457.0 237=104533.0 238=92262.0 239=109214.0 240=97063.0 241=97771.0 242=98245.0 243=103175.0 244=103119.0 245=95249.0 246=100575.0 247=111085.0 248=110154.0 249=102712.0 250=103658.0 251=101746.0 252=93788.0 253=102121.0 254=104060.0 255=100020.0 ]
    0 : 8121792 (T=8121792, R=0, W=0)
    1 : 8677452 (T=8677452, R=0, W=0)
    2 : 6933565 (T=6933565, R=0, W=0)
    3 : 6939705 (T=6939705, R=0, W=0)
--- 18,871 MB collected in 0.081 secs (0.3% of total), longest GC took 0.003 secs
DATA gc:  total_k 19324888  total_secs 0.080736  max_secs 0.002535
