Starting Multiverse JavaAgent
Number of accounts  = 2
Initial amount      = 100000.0
Maximal transfer    = 10
Read-all frequency  = 0%
Write-all frequency = 0%
Read-all threads    = 0
Write-all threads   = 0
Disjoint            = false
Yield               = false

Starting threads... 0
End of warmup phase... 0
End of test phase... 0
Waiting for threads to finish...
All threads returned successfully
RESULTS:

  Warmup duration (ms) = 4000
  Test duration (ms)   = 10000
  Nb iterations        = 38712771
  Stats                = T=38712771, R=0, W=0, TOTAL=200000 [ 0=165438.0 1=34562.0 ]
    0 : 38712771 (T=38712771, R=0, W=0)
--- 9,212 MB collected in 0.044 secs (0.3% of total), longest GC took 0.003 secs
DATA gc:  total_k 9433480  total_secs 0.043808  max_secs 0.002522
