Starting Multiverse JavaAgent
Number of accounts  = 64
Initial amount      = 1000000.0
Maximal transfer    = 10
Read-all frequency  = 0%
Write-all frequency = 0%
Read-all threads    = 0
Write-all threads   = 0
Disjoint            = false
Yield               = false

Starting threads... 0 1 2 3 4 5 6 7 8 9 10 11 12 13 14 15 16 17 18 19 20 21 22 23 24 25 26 27 28 29 30 31 32 33 34 35 36 37 38 39 40 41 42 43 44 45 46 47 48 49 50 51 52 53 54 55 56 57 58 59 60 61 62 63
End of warmup phase... 0 1 2 3 4 5 6 7 8 9 10 11 12 13 14 15 16 17 18 19 20 21 22 23 24 25 26 27 28 29 30 31 32 33 34 35 36 37 38 39 40 41 42 43 44 45 46 47 48 49 50 51 52 53 54 55 56 57 58 59 60 61 62 63
End of test phase... 0 1 2 3 4 5 6 7 8 9 10 11 12 13 14 15 16 17 18 19 20 21 22 23 24 25 26 27 28 29 30 31 32 33 34 35 36 37 38 39 40 41 42 43 44 45 46 47 48 49 50 51 52 53 54 55 56 57 58 59 60 61 62 63
Waiting for threads to finish...
All threads returned successfully
RESULTS:

  Warmup duration (ms) = 4000
  Test duration (ms)   = 10000
  Nb iterations        = 7587667
TOTAL: T=7587667, R=0, W=0

TOTAL=63999996 [ 0=1002197.0 1=1000347.0 2=997804.0 3=999312.0 4=997223.0 5=1000293.0 6=999131.0 7=999917.0 8=1000872.0 9=1001186.0 10=1002779.0 11=1005702.0 12=995043.0 13=997740.0 14=1004337.0 15=1002145.0 16=999512.0 17=1003977.0 18=1001901.0 19=995417.0 20=1000645.0 21=996115.0 22=995307.0 23=998081.0 24=996837.0 25=993526.0 26=1004343.0 27=1001046.0 28=1001001.0 29=1001012.0 30=997907.0 31=1000257.0 32=1005612.0 33=1004801.0 34=1005690.0 35=1002022.0 36=1003947.0 37=1000355.0 38=1003950.0 39=1004690.0 40=1000960.0 41=1001665.0 42=999900.0 43=1003624.0 44=995894.0 45=1000162.0 46=998602.0 47=998423.0 48=1000794.0 49=999774.0 50=1000638.0 51=998489.0 52=995579.0 53=1001272.0 54=995756.0 55=1000620.0 56=998568.0 57=1000714.0 58=997663.0 59=999113.0 60=993013.0 61=993802.0 62=1001407.0 63=999589.0 ]
    0 : 93532 (T=93532, R=0, W=0)
    1 : 103410 (T=103410, R=0, W=0)
    2 : 61524 (T=61524, R=0, W=0)
    3 : 141349 (T=141349, R=0, W=0)
    4 : 142368 (T=142368, R=0, W=0)
    5 : 101337 (T=101337, R=0, W=0)
    6 : 74498 (T=74498, R=0, W=0)
    7 : 151307 (T=151307, R=0, W=0)
    8 : 99120 (T=99120, R=0, W=0)
    9 : 85425 (T=85425, R=0, W=0)
    10 : 164792 (T=164792, R=0, W=0)
    11 : 81473 (T=81473, R=0, W=0)
    12 : 158384 (T=158384, R=0, W=0)
    13 : 202036 (T=202036, R=0, W=0)
    14 : 67254 (T=67254, R=0, W=0)
    15 : 86997 (T=86997, R=0, W=0)
    16 : 152423 (T=152423, R=0, W=0)
    17 : 188370 (T=188370, R=0, W=0)
    18 : 183879 (T=183879, R=0, W=0)
    19 : 160930 (T=160930, R=0, W=0)
    20 : 71928 (T=71928, R=0, W=0)
    21 : 120000 (T=120000, R=0, W=0)
    22 : 178138 (T=178138, R=0, W=0)
    23 : 94615 (T=94615, R=0, W=0)
    24 : 89220 (T=89220, R=0, W=0)
    25 : 80212 (T=80212, R=0, W=0)
    26 : 199927 (T=199927, R=0, W=0)
    27 : 83756 (T=83756, R=0, W=0)
    28 : 50877 (T=50877, R=0, W=0)
    29 : 207102 (T=207102, R=0, W=0)
    30 : 155780 (T=155780, R=0, W=0)
    31 : 134074 (T=134074, R=0, W=0)
    32 : 74688 (T=74688, R=0, W=0)
    33 : 86275 (T=86275, R=0, W=0)
    34 : 136208 (T=136208, R=0, W=0)
    35 : 88599 (T=88599, R=0, W=0)
    36 : 172971 (T=172971, R=0, W=0)
    37 : 55834 (T=55834, R=0, W=0)
    38 : 108551 (T=108551, R=0, W=0)
    39 : 106648 (T=106648, R=0, W=0)
    40 : 83016 (T=83016, R=0, W=0)
    41 : 155483 (T=155483, R=0, W=0)
    42 : 153387 (T=153387, R=0, W=0)
    43 : 78906 (T=78906, R=0, W=0)
    44 : 144199 (T=144199, R=0, W=0)
    45 : 103812 (T=103812, R=0, W=0)
    46 : 76681 (T=76681, R=0, W=0)
    47 : 82334 (T=82334, R=0, W=0)
    48 : 84832 (T=84832, R=0, W=0)
    49 : 194635 (T=194635, R=0, W=0)
    50 : 135604 (T=135604, R=0, W=0)
    51 : 81529 (T=81529, R=0, W=0)
    52 : 81993 (T=81993, R=0, W=0)
    53 : 66318 (T=66318, R=0, W=0)
    54 : 146790 (T=146790, R=0, W=0)
    55 : 90472 (T=90472, R=0, W=0)
    56 : 117512 (T=117512, R=0, W=0)
    57 : 88601 (T=88601, R=0, W=0)
    58 : 94240 (T=94240, R=0, W=0)
    59 : 237383 (T=237383, R=0, W=0)
    60 : 70300 (T=70300, R=0, W=0)
    61 : 155110 (T=155110, R=0, W=0)
    62 : 184517 (T=184517, R=0, W=0)
    63 : 84202 (T=84202, R=0, W=0)
--- 11,519 MB collected in 0.120 secs (0.8% of total), longest GC took 0.005 secs
DATA gc:  total_k 11796280  total_secs 0.120462  max_secs 0.005325
