Starting Multiverse JavaAgent
Number of accounts  = 512
Initial amount      = 1000000.0
Maximal transfer    = 10
Read-all frequency  = 0%
Write-all frequency = 0%
Read-all threads    = 0
Write-all threads   = 0
Disjoint            = false
Yield               = false

Starting threads... 0 1 2 3 4 5 6 7
End of warmup phase... 0 1 2 3 4 5 6 7
End of test phase... 0 1 2 3 4 5 6 7
Waiting for threads to finish...
All threads returned successfully
RESULTS:

  Warmup duration (ms) = 4000
  Test duration (ms)   = 10000
  Nb iterations        = 7951692
TOTAL: T=7951692, R=0, W=0

TOTAL=511999744 [ 0=1000466.0 1=999426.0 2=1000087.0 3=998086.0 4=999572.0 5=999139.0 6=999557.0 7=999510.0 8=999833.0 9=1000096.0 10=1000306.0 11=1000919.0 12=998744.0 13=1000141.0 14=998268.0 15=1000601.0 16=1000491.0 17=999526.0 18=1002293.0 19=1000681.0 20=998762.0 21=1000047.0 22=998855.0 23=996578.0 24=1000500.0 25=999395.0 26=1000716.0 27=998021.0 28=1000935.0 29=1001128.0 30=1001674.0 31=999967.0 32=1000576.0 33=1000290.0 34=997487.0 35=1000928.0 36=1000901.0 37=999289.0 38=997842.0 39=999086.0 40=1000287.0 41=997949.0 42=1000982.0 43=998974.0 44=1000604.0 45=1000889.0 46=1000147.0 47=1002592.0 48=1000166.0 49=998357.0 50=1000195.0 51=999357.0 52=1000120.0 53=1000171.0 54=997999.0 55=1000418.0 56=1001485.0 57=1000454.0 58=999415.0 59=997808.0 60=1001502.0 61=999174.0 62=1002358.0 63=1000240.0 64=1002067.0 65=1000561.0 66=998509.0 67=998371.0 68=1000270.0 69=1000930.0 70=1001288.0 71=998536.0 72=1000871.0 73=1000028.0 74=997943.0 75=1002417.0 76=1000180.0 77=1000398.0 78=996958.0 79=1000788.0 80=1001159.0 81=1000929.0 82=1001130.0 83=1000753.0 84=1000918.0 85=999052.0 86=1001462.0 87=1000450.0 88=998788.0 89=1000763.0 90=1001889.0 91=1000796.0 92=999785.0 93=1000865.0 94=999914.0 95=999867.0 96=999572.0 97=999363.0 98=1001146.0 99=1000712.0 100=998959.0 101=999007.0 102=999288.0 103=1000262.0 104=999563.0 105=999843.0 106=1000628.0 107=999105.0 108=1000218.0 109=1001878.0 110=996762.0 111=1001263.0 112=996768.0 113=1001052.0 114=999997.0 115=999249.0 116=997211.0 117=999269.0 118=1001339.0 119=1000427.0 120=999918.0 121=998933.0 122=998346.0 123=999064.0 124=1000247.0 125=998372.0 126=999606.0 127=999116.0 128=1000617.0 129=1000721.0 130=1001064.0 131=999689.0 132=998369.0 133=1001931.0 134=1000582.0 135=1001607.0 136=1002691.0 137=998880.0 138=999800.0 139=1001129.0 140=999793.0 141=997086.0 142=1001432.0 143=1001798.0 144=999495.0 145=1001921.0 146=1000867.0 147=999865.0 148=997514.0 149=1002447.0 150=999708.0 151=1000833.0 152=999897.0 153=999363.0 154=999657.0 155=998815.0 156=997969.0 157=1001355.0 158=997208.0 159=1001253.0 160=1001506.0 161=998890.0 162=1000459.0 163=1000992.0 164=1001556.0 165=996868.0 166=1001338.0 167=1000025.0 168=999316.0 169=1000740.0 170=999930.0 171=1000060.0 172=998174.0 173=1001296.0 174=998302.0 175=998041.0 176=1000730.0 177=999484.0 178=998967.0 179=998840.0 180=1000291.0 181=1001532.0 182=999418.0 183=998532.0 184=999727.0 185=1001816.0 186=999802.0 187=999185.0 188=999870.0 189=998023.0 190=1000518.0 191=997188.0 192=999587.0 193=1001254.0 194=998157.0 195=1000187.0 196=999945.0 197=1001417.0 198=998696.0 199=999869.0 200=999831.0 201=1001516.0 202=999658.0 203=1000051.0 204=999746.0 205=999632.0 206=999769.0 207=1001228.0 208=998750.0 209=1001170.0 210=998220.0 211=1002340.0 212=1000378.0 213=999652.0 214=998588.0 215=999306.0 216=1001536.0 217=999833.0 218=998504.0 219=1000236.0 220=997820.0 221=997026.0 222=998988.0 223=1001029.0 224=1002848.0 225=1000858.0 226=999647.0 227=1001677.0 228=999799.0 229=999891.0 230=999264.0 231=999904.0 232=1000379.0 233=1001086.0 234=996813.0 235=1001231.0 236=1001197.0 237=998308.0 238=999693.0 239=1000012.0 240=999846.0 241=1001911.0 242=1000005.0 243=1001411.0 244=999377.0 245=998580.0 246=999945.0 247=998846.0 248=999902.0 249=999371.0 250=998917.0 251=999169.0 252=998794.0 253=1000830.0 254=999652.0 255=1000013.0 256=1000409.0 257=1001253.0 258=998469.0 259=1001519.0 260=999682.0 261=998719.0 262=999717.0 263=1001989.0 264=998935.0 265=999585.0 266=997573.0 267=999478.0 268=999338.0 269=1001120.0 270=998795.0 271=1000037.0 272=999375.0 273=1000044.0 274=1000862.0 275=998532.0 276=1000958.0 277=998754.0 278=1000973.0 279=1001214.0 280=1001294.0 281=1000470.0 282=997915.0 283=1001603.0 284=999397.0 285=1000676.0 286=999703.0 287=1001079.0 288=998907.0 289=998795.0 290=999306.0 291=1000872.0 292=1000718.0 293=1001103.0 294=1000800.0 295=1000827.0 296=998858.0 297=997896.0 298=1000138.0 299=1001017.0 300=1003311.0 301=998572.0 302=999989.0 303=1000232.0 304=999874.0 305=998090.0 306=1000313.0 307=1002399.0 308=1000453.0 309=1000178.0 310=1001879.0 311=1000290.0 312=1000613.0 313=1000751.0 314=1000321.0 315=1001189.0 316=998535.0 317=1000813.0 318=998687.0 319=1000064.0 320=1001510.0 321=999953.0 322=999333.0 323=999491.0 324=1000451.0 325=1001661.0 326=1001651.0 327=1000977.0 328=999528.0 329=1001461.0 330=998051.0 331=999013.0 332=999950.0 333=1001403.0 334=997667.0 335=998125.0 336=1000288.0 337=1000694.0 338=1001236.0 339=999572.0 340=999142.0 341=998485.0 342=1000168.0 343=999502.0 344=1000419.0 345=999944.0 346=1001511.0 347=1000625.0 348=999937.0 349=1000068.0 350=1000700.0 351=999243.0 352=998846.0 353=998688.0 354=999844.0 355=1001647.0 356=999200.0 357=999281.0 358=1000302.0 359=1002675.0 360=999711.0 361=999217.0 362=1001062.0 363=1000716.0 364=1000824.0 365=999799.0 366=1001803.0 367=1001547.0 368=1002169.0 369=1000578.0 370=998484.0 371=1000039.0 372=1000099.0 373=999966.0 374=1000153.0 375=999570.0 376=1000262.0 377=1000108.0 378=1002714.0 379=1000008.0 380=999940.0 381=1000232.0 382=1000828.0 383=999018.0 384=1000985.0 385=1000396.0 386=1002369.0 387=1001051.0 388=1001047.0 389=998638.0 390=1000557.0 391=999371.0 392=998739.0 393=998767.0 394=999448.0 395=999219.0 396=1000217.0 397=1000337.0 398=1001506.0 399=1002330.0 400=1001545.0 401=1001231.0 402=1000815.0 403=999242.0 404=999201.0 405=997214.0 406=999587.0 407=1000386.0 408=1002611.0 409=1000113.0 410=999843.0 411=995901.0 412=998841.0 413=1001392.0 414=999240.0 415=998271.0 416=1001197.0 417=999233.0 418=998971.0 419=1000045.0 420=999168.0 421=1000891.0 422=1000992.0 423=1001875.0 424=1000395.0 425=999079.0 426=999089.0 427=1001181.0 428=1001366.0 429=1000610.0 430=999801.0 431=999208.0 432=999373.0 433=999137.0 434=1000910.0 435=1001503.0 436=1001799.0 437=1000385.0 438=1001599.0 439=999029.0 440=999268.0 441=999190.0 442=1000038.0 443=999684.0 444=1001860.0 445=997005.0 446=1000028.0 447=998638.0 448=999201.0 449=999695.0 450=998002.0 451=1001004.0 452=999826.0 453=999424.0 454=997771.0 455=1001142.0 456=1000133.0 457=1000211.0 458=998781.0 459=1000625.0 460=1001217.0 461=999413.0 462=1001571.0 463=1000316.0 464=998839.0 465=1001476.0 466=1001750.0 467=1000716.0 468=1002204.0 469=1002030.0 470=1000147.0 471=998571.0 472=999020.0 473=1001907.0 474=1000215.0 475=997699.0 476=999368.0 477=998821.0 478=999861.0 479=1000701.0 480=1000397.0 481=999851.0 482=998975.0 483=1001325.0 484=1001370.0 485=1001607.0 486=999066.0 487=998604.0 488=1001072.0 489=1002114.0 490=999766.0 491=1000385.0 492=997865.0 493=999806.0 494=999244.0 495=999356.0 496=1000205.0 497=1000209.0 498=1002285.0 499=1001571.0 500=1001409.0 501=998151.0 502=1000783.0 503=1001752.0 504=997857.0 505=997456.0 506=999984.0 507=1001248.0 508=999773.0 509=998178.0 510=999102.0 511=1000927.0 ]
    0 : 1055739 (T=1055739, R=0, W=0)
    1 : 1049595 (T=1049595, R=0, W=0)
    2 : 1018687 (T=1018687, R=0, W=0)
    3 : 978735 (T=978735, R=0, W=0)
    4 : 933536 (T=933536, R=0, W=0)
    5 : 949866 (T=949866, R=0, W=0)
    6 : 954936 (T=954936, R=0, W=0)
    7 : 1010598 (T=1010598, R=0, W=0)
--- 11,571 MB collected in 0.045 secs (0.3% of total), longest GC took 0.004 secs
DATA gc:  total_k 11848916  total_secs 0.045411  max_secs 0.00393
