Starting Multiverse JavaAgent
Number of accounts  = 8
Initial amount      = 100000.0
Maximal transfer    = 10
Read-all frequency  = 0%
Write-all frequency = 0%
Read-all threads    = 0
Write-all threads   = 0
Disjoint            = false
Yield               = false

Starting threads... 0 1 2 3 4 5 6 7
End of warmup phase... 0 1 2 3 4 5 6 7
End of test phase... 0 1 2 3 4 5 6 7
Waiting for threads to finish...
All threads returned successfully
RESULTS:

  Warmup duration (ms) = 20000
  Test duration (ms)   = 10000
  Nb iterations        = 17806232
  Stats                = T=17806232, R=0, W=0, TOTAL=800000 [ 0=108556.0 1=67899.0 2=124233.0 3=93946.0 4=97824.0 5=111444.0 6=93682.0 7=102416.0 ]
    0 : 1632681 (T=1632681, R=0, W=0)
    1 : 1672155 (T=1672155, R=0, W=0)
    2 : 2964341 (T=2964341, R=0, W=0)
    3 : 2909096 (T=2909096, R=0, W=0)
    4 : 2908823 (T=2908823, R=0, W=0)
    5 : 1651755 (T=1651755, R=0, W=0)
    6 : 1367479 (T=1367479, R=0, W=0)
    7 : 2699902 (T=2699902, R=0, W=0)
--- 15,414 MB collected in 0.060 secs (0.2% of total), longest GC took 0.003 secs
DATA gc:  total_k 15784688  total_secs 0.059647  max_secs 0.002804
