Starting Multiverse JavaAgent
Number of accounts  = 2
Initial amount      = 100000.0
Maximal transfer    = 10
Read-all frequency  = 0%
Write-all frequency = 0%
Read-all threads    = 0
Write-all threads   = 0
Disjoint            = false
Yield               = false

Starting threads... 0 1
End of warmup phase... 0 1
End of test phase... 0 1
Waiting for threads to finish...
All threads returned successfully
RESULTS:

  Warmup duration (ms) = 20001
  Test duration (ms)   = 10000
  Nb iterations        = 37615055
  Stats                = T=37615055, R=0, W=0, TOTAL=200000 [ 0=131852.0 1=68148.0 ]
    0 : 8280 (T=8280, R=0, W=0)
    1 : 37606775 (T=37606775, R=0, W=0)
--- 19,633 MB collected in 0.067 secs (0.2% of total), longest GC took 0.002 secs
DATA gc:  total_k 20105112  total_secs 0.06692  max_secs 0.002389
