Starting Multiverse JavaAgent
Number of accounts  = 16
Initial amount      = 100000.0
Maximal transfer    = 10
Read-all frequency  = 0%
Write-all frequency = 0%
Read-all threads    = 0
Write-all threads   = 0
Disjoint            = false
Yield               = false

Starting threads... 0 1 2 3 4 5 6 7 8 9 10 11 12 13 14 15
End of warmup phase... 0 1 2 3 4 5 6 7 8 9 10 11 12 13 14 15
End of test phase... 0 1 2 3 4 5 6 7 8 9 10 11 12 13 14 15
Waiting for threads to finish...
All threads returned successfully
RESULTS:

  Warmup duration (ms) = 20000
  Test duration (ms)   = 10000
  Nb iterations        = 15955069
  Stats                = T=15955069, R=0, W=0, TOTAL=1600000 [ 0=111864.0 1=96343.0 2=123788.0 3=107434.0 4=108451.0 5=109774.0 6=107083.0 7=97620.0 8=66097.0 9=78221.0 10=80976.0 11=103927.0 12=87082.0 13=109625.0 14=100478.0 15=111237.0 ]
    0 : 1028235 (T=1028235, R=0, W=0)
    1 : 994574 (T=994574, R=0, W=0)
    2 : 1023491 (T=1023491, R=0, W=0)
    3 : 1010412 (T=1010412, R=0, W=0)
    4 : 980161 (T=980161, R=0, W=0)
    5 : 1004950 (T=1004950, R=0, W=0)
    6 : 1005946 (T=1005946, R=0, W=0)
    7 : 1053376 (T=1053376, R=0, W=0)
    8 : 1004869 (T=1004869, R=0, W=0)
    9 : 1026844 (T=1026844, R=0, W=0)
    10 : 988344 (T=988344, R=0, W=0)
    11 : 997476 (T=997476, R=0, W=0)
    12 : 945723 (T=945723, R=0, W=0)
    13 : 1046364 (T=1046364, R=0, W=0)
    14 : 919586 (T=919586, R=0, W=0)
    15 : 924718 (T=924718, R=0, W=0)
--- 18,887 MB collected in 0.083 secs (0.3% of total), longest GC took 0.003 secs
DATA gc:  total_k 19340520  total_secs 0.083483  max_secs 0.003324
