startup =       4000
elapsed =       10000
threads =       2
accounts =      2
init =          1000000
maxAmount =     10
readFreq =      0
writeFreq =     0
readThreads =   0
writeThreads =  0
disjointTrans = false
yieldALot =     false
flavour =       t

warming up
timed execution

TOTAL=2000000.0 [ 1005001.0 994999.0 ]

10002 actual elapsed

T=3803303, R=0, W=0
T=2835735, R=0, W=0

TOTAL: T=6639038, R=0, W=0
--- 7,603 MB collected in 0.030 secs (0.2% of total), longest GC took 0.002 secs
DATA gc:  total_k 7785641  total_secs 0.030039  max_secs 0.002494
