startup =       4000
elapsed =       10000
threads =       4
accounts =      256
init =          1000000
maxAmount =     10
readFreq =      0
writeFreq =     0
readThreads =   0
writeThreads =  0
disjointTrans = false
yieldALot =     false
flavour =       t

warming up
timed execution

TOTAL=2.55999984E8 [ 1001746.0 1001060.0 998476.0 1000547.0 995223.0 999665.0 1003125.0 1001130.0 998722.0 1001519.0 994430.0 1005569.0 996807.0 995539.0 1010408.0 991858.0 1003331.0 993678.0 997727.0 1001376.0 996039.0 997026.0 1003568.0 1003596.0 995188.0 1002246.0 992658.0 1005562.0 1001162.0 1001159.0 996951.0 1004107.0 1003435.0 995768.0 1000391.0 1006071.0 1011143.0 995107.0 1002827.0 996849.0 999978.0 999734.0 997982.0 997304.0 1007238.0 999897.0 1000817.0 999467.0 999149.0 1002327.0 1000527.0 997474.0 1000360.0 1000145.0 1000728.0 1002361.0 998175.0 1002884.0 1003783.0 1001222.0 1002851.0 994105.0 1000728.0 993389.0 1004673.0 1008424.0 999835.0 995137.0 1003571.0 994781.0 1003472.0 1000137.0 1000817.0 994764.0 996420.0 998213.0 1003040.0 998928.0 1004011.0 999868.0 1007009.0 992435.0 999430.0 990748.0 1003650.0 1002555.0 992564.0 1003174.0 1004330.0 1001007.0 991174.0 991417.0 998030.0 1003258.0 1000448.0 999549.0 996082.0 1002703.0 1006070.0 998643.0 1005969.0 995809.0 1005711.0 997625.0 999647.0 994132.0 999134.0 1009830.0 992358.0 998212.0 1002787.0 998844.0 1004142.0 999059.0 1000525.0 1001386.0 1001375.0 999246.0 1000807.0 998081.0 998597.0 994375.0 995431.0 994695.0 995524.0 1008225.0 1002765.0 998560.0 1004403.0 1002712.0 1001166.0 996331.0 995090.0 997607.0 999143.0 1006157.0 999496.0 999615.0 998478.0 998870.0 999892.0 1003429.0 993554.0 1001057.0 1002949.0 1000530.0 998965.0 997987.0 994579.0 998172.0 997694.0 999758.0 1000163.0 997601.0 999100.0 1001190.0 994988.0 997566.0 1003181.0 996516.0 995180.0 1001999.0 999970.0 1007368.0 999019.0 1002581.0 1003902.0 991344.0 1000713.0 1000201.0 1001131.0 997489.0 1000747.0 993828.0 1001138.0 1008540.0 999607.0 1004870.0 1005209.0 1001036.0 1002025.0 1000615.0 1005061.0 1004466.0 991812.0 999421.0 1008323.0 1001792.0 999605.0 1007274.0 1002771.0 995087.0 996914.0 1004210.0 1003223.0 994882.0 999810.0 996748.0 998969.0 998409.0 993512.0 999318.0 1002598.0 998671.0 996401.0 999206.0 998143.0 994495.0 1004259.0 998886.0 997496.0 998832.0 997196.0 1001316.0 996411.0 1000544.0 997112.0 999327.0 1001721.0 995490.0 999557.0 1003085.0 997558.0 1002233.0 1004649.0 1002580.0 998909.0 1005459.0 1006692.0 995334.0 1000286.0 998936.0 996809.0 1004155.0 994432.0 993371.0 1003549.0 1002164.0 1003485.0 1004815.0 1001248.0 1004611.0 992828.0 1000395.0 996382.0 1002870.0 1006735.0 1001885.0 1000261.0 1009859.0 996829.0 999495.0 1001269.0 1005548.0 1000875.0 996058.0 ]

10001 actual elapsed

T=8923659, R=0, W=0
T=8642402, R=0, W=0
T=9909604, R=0, W=0
T=9604950, R=0, W=0

TOTAL: T=37080615, R=0, W=0
--- 32,388 MB collected in 0.098 secs (0.7% of total), longest GC took 0.003 secs
DATA gc:  total_k 33165359  total_secs 0.098297  max_secs 0.00282
