startup =       4000
elapsed =       10000
threads =       8
accounts =      512
init =          1000000
maxAmount =     10
readFreq =      0
writeFreq =     0
readThreads =   0
writeThreads =  0
disjointTrans = false
yieldALot =     false
flavour =       rfw

warming up
timed execution

TOTAL=5.1199984E8 [ 998403.0 1004656.0 997814.0 998904.0 1000411.0 1000712.0 1002518.0 1007619.0 998200.0 1004006.0 1000604.0 1005840.0 997856.0 1002458.0 1004579.0 1001809.0 1004510.0 1001921.0 998395.0 995862.0 995989.0 997133.0 996107.0 996564.0 995588.0 998026.0 996949.0 1002181.0 1000064.0 999362.0 994887.0 1000310.0 1002429.0 997623.0 999654.0 1006750.0 1002818.0 1003092.0 997586.0 1008780.0 997330.0 996969.0 996644.0 1001499.0 1002207.0 999848.0 1000354.0 997232.0 999925.0 1000153.0 1004551.0 1003288.0 997945.0 1002656.0 1002553.0 999437.0 998660.0 1006487.0 1002363.0 994828.0 1005329.0 999178.0 1006759.0 1000852.0 1004153.0 998461.0 993286.0 995903.0 998458.0 1001739.0 1002391.0 998171.0 1000783.0 993771.0 996892.0 999438.0 1001326.0 1000404.0 995178.0 1003738.0 999469.0 1001322.0 994372.0 1002227.0 996721.0 998112.0 1005411.0 996139.0 995499.0 1004697.0 1001814.0 996279.0 1003749.0 1002961.0 996633.0 999513.0 999808.0 1004953.0 1002644.0 1003419.0 993460.0 1000280.0 1000395.0 996865.0 1001057.0 1005920.0 1006579.0 1001918.0 997780.0 997418.0 1002855.0 1000794.0 1000464.0 1003607.0 995652.0 1000829.0 996614.0 999219.0 1001179.0 1001037.0 1002064.0 997776.0 1005192.0 1001179.0 1005160.0 998211.0 1002986.0 1000961.0 999701.0 1002291.0 1003045.0 997600.0 1001695.0 997804.0 996570.0 993349.0 1000164.0 1001535.0 1001007.0 1005399.0 1000813.0 999996.0 998784.0 1004028.0 1001666.0 997751.0 1002224.0 997236.0 996928.0 996838.0 1002632.0 1002469.0 997354.0 994084.0 997568.0 996721.0 995510.0 999357.0 992363.0 1001019.0 999421.0 1001984.0 1000538.0 998038.0 996103.0 998298.0 1005107.0 998765.0 1001316.0 1000236.0 1000571.0 1003764.0 1003766.0 996622.0 997710.0 999356.0 1004540.0 1001575.0 999562.0 1000133.0 996149.0 1001717.0 1000010.0 995672.0 994058.0 1007624.0 995587.0 1003491.0 997761.0 1001599.0 1005028.0 999757.0 998049.0 996902.0 998827.0 997324.0 1003592.0 1000542.0 1000892.0 1004363.0 1004978.0 997176.0 1005687.0 998481.0 1000252.0 1001444.0 1001012.0 1000783.0 1003310.0 998085.0 999588.0 996006.0 1001601.0 999456.0 998321.0 1000268.0 997906.0 1001216.0 998909.0 1001285.0 999420.0 1000333.0 1001124.0 997514.0 1001683.0 1002484.0 998818.0 995632.0 998918.0 1003352.0 1000887.0 1000097.0 999894.0 1002826.0 999963.0 997425.0 1005100.0 1000128.0 1000624.0 1003107.0 994971.0 999910.0 993892.0 997431.0 1007937.0 1001153.0 1003466.0 995700.0 999556.0 996466.0 1000469.0 996029.0 1000914.0 1007535.0 1005320.0 1001387.0 1007554.0 1001785.0 999640.0 1001228.0 993173.0 1000781.0 999671.0 1001899.0 999430.0 1000803.0 996014.0 1000626.0 1000668.0 999084.0 999275.0 1000602.0 1001820.0 1006352.0 996688.0 1004213.0 1002559.0 995944.0 998164.0 999199.0 1001513.0 1001622.0 997668.0 996966.0 998695.0 1001893.0 996891.0 1006070.0 1003987.0 995359.0 1001137.0 998807.0 999094.0 998188.0 999917.0 995845.0 992829.0 996572.0 996985.0 1000181.0 1002376.0 999742.0 999226.0 998484.0 998731.0 1000177.0 996098.0 997648.0 995812.0 1001187.0 999368.0 1004736.0 1001045.0 999087.0 1006319.0 1000622.0 1000474.0 1001285.0 1000213.0 999169.0 1001995.0 993654.0 1003283.0 1008759.0 994624.0 995507.0 994584.0 999600.0 1000707.0 999510.0 996898.0 997646.0 999112.0 1004544.0 996597.0 1000576.0 999789.0 997865.0 1003733.0 1001690.0 1000829.0 998020.0 999078.0 998789.0 1002161.0 1004127.0 999805.0 995040.0 1000737.0 1000996.0 1005689.0 996648.0 998014.0 996394.0 1000278.0 1003116.0 1003049.0 993678.0 996762.0 1002787.0 997611.0 999266.0 1001513.0 1001577.0 1005621.0 1002712.0 998130.0 998044.0 1000378.0 1000381.0 997758.0 995609.0 998296.0 994972.0 997410.0 1005159.0 1004683.0 1004637.0 1009149.0 997852.0 996521.0 998764.0 998686.0 1001469.0 1001574.0 997904.0 1000138.0 1008555.0 1004995.0 997694.0 997453.0 1001577.0 1001983.0 1003017.0 997097.0 994637.0 1000778.0 998388.0 1003348.0 992443.0 998904.0 1002855.0 999706.0 1000938.0 995899.0 1003760.0 1000409.0 996986.0 1004337.0 999008.0 999774.0 996458.0 993424.0 1001913.0 995739.0 1001687.0 999101.0 995447.0 1002806.0 1002001.0 999816.0 998898.0 1001479.0 998430.0 1000778.0 1002264.0 1000905.0 1000032.0 994629.0 998225.0 1006126.0 999703.0 1001480.0 993455.0 999657.0 995224.0 994665.0 996439.0 999713.0 1004631.0 1000932.0 1005229.0 998054.0 1001006.0 1002132.0 1003597.0 1002031.0 998716.0 1000709.0 1000879.0 998147.0 1004908.0 1002074.0 993349.0 995047.0 999241.0 998974.0 999567.0 999708.0 1000974.0 1002841.0 1001322.0 991446.0 1003996.0 1001234.0 996608.0 998051.0 995958.0 1002090.0 999527.0 992108.0 999148.0 1004245.0 998086.0 1000833.0 1006573.0 996113.0 997489.0 1001068.0 997146.0 1000505.0 1000444.0 1001525.0 1001289.0 993519.0 1003432.0 999928.0 997895.0 999793.0 1005069.0 996602.0 1004171.0 1005217.0 997999.0 1005811.0 1002865.0 1002614.0 1000101.0 999013.0 996733.0 1001351.0 997903.0 999094.0 999612.0 1001208.0 996438.0 996963.0 1004987.0 994688.0 1000180.0 1000071.0 998104.0 ]

10002 actual elapsed

T=7981020, R=0, W=0
T=6111090, R=0, W=0
T=6681261, R=0, W=0
T=4373091, R=0, W=0
T=6126546, R=0, W=0
T=6982649, R=0, W=0
T=7078729, R=0, W=0
T=8512916, R=0, W=0

TOTAL: T=53847302, R=0, W=0
--- 42,042 MB collected in 0.097 secs (0.7% of total), longest GC took 0.004 secs
DATA gc:  total_k 43051942  total_secs 0.096893  max_secs 0.003516
