startup =       4000
elapsed =       10000
threads =       64
accounts =      64
init =          1000000
maxAmount =     10
readFreq =      0
writeFreq =     0
readThreads =   0
writeThreads =  0
disjointTrans = false
yieldALot =     false
flavour =       t

warming up
timed execution

TOTAL=6.3999984E7 [ 1001567.0 994733.0 1010034.0 1006456.0 1006542.0 1005605.0 996942.0 996213.0 1007390.0 1008688.0 995825.0 1010877.0 987352.0 992244.0 1005631.0 1002797.0 1004221.0 1004313.0 1004101.0 1014386.0 997600.0 996334.0 1000419.0 993726.0 999334.0 1010772.0 1006065.0 994983.0 992081.0 995144.0 999086.0 990478.0 995122.0 1005915.0 992454.0 1005496.0 992537.0 1004543.0 1006642.0 989905.0 1006128.0 987215.0 992113.0 1000546.0 999180.0 1005498.0 993672.0 990133.0 997215.0 994024.0 997248.0 1001987.0 1001562.0 1002843.0 996616.0 1000676.0 1004513.0 995442.0 1001126.0 1003837.0 989721.0 1013828.0 986258.0 1014066.0 ]

10002 actual elapsed

T=682575, R=0, W=0
T=704203, R=0, W=0
T=728398, R=0, W=0
T=669460, R=0, W=0
T=674221, R=0, W=0
T=692306, R=0, W=0
T=678930, R=0, W=0
T=655638, R=0, W=0
T=742007, R=0, W=0
T=687539, R=0, W=0
T=684780, R=0, W=0
T=721005, R=0, W=0
T=729900, R=0, W=0
T=685039, R=0, W=0
T=686459, R=0, W=0
T=687205, R=0, W=0
T=678177, R=0, W=0
T=658281, R=0, W=0
T=716181, R=0, W=0
T=747888, R=0, W=0
T=681317, R=0, W=0
T=673021, R=0, W=0
T=713795, R=0, W=0
T=707839, R=0, W=0
T=774426, R=0, W=0
T=808906, R=0, W=0
T=706134, R=0, W=0
T=684660, R=0, W=0
T=716411, R=0, W=0
T=718489, R=0, W=0
T=720344, R=0, W=0
T=687701, R=0, W=0
T=686731, R=0, W=0
T=638793, R=0, W=0
T=666230, R=0, W=0
T=653169, R=0, W=0
T=714412, R=0, W=0
T=693634, R=0, W=0
T=624188, R=0, W=0
T=680561, R=0, W=0
T=721113, R=0, W=0
T=733729, R=0, W=0
T=678572, R=0, W=0
T=699856, R=0, W=0
T=705203, R=0, W=0
T=793815, R=0, W=0
T=636412, R=0, W=0
T=753170, R=0, W=0
T=678704, R=0, W=0
T=694897, R=0, W=0
T=700582, R=0, W=0
T=658266, R=0, W=0
T=705891, R=0, W=0
T=686680, R=0, W=0
T=659346, R=0, W=0
T=720257, R=0, W=0
T=702920, R=0, W=0
T=708928, R=0, W=0
T=672728, R=0, W=0
T=765449, R=0, W=0
T=564463, R=0, W=0
T=577722, R=0, W=0
T=623856, R=0, W=0
T=598090, R=0, W=0

TOTAL: T=44301602, R=0, W=0
--- 38,894 MB collected in 0.133 secs (0.9% of total), longest GC took 0.006 secs
DATA gc:  total_k 39827596  total_secs 0.132806  max_secs 0.00596
