startup =       4000
elapsed =       10000
threads =       2
accounts =      128
init =          1000000
maxAmount =     10
readFreq =      0
writeFreq =     0
readThreads =   0
writeThreads =  0
disjointTrans = false
yieldALot =     false
flavour =       t

warming up
timed execution

TOTAL=1.28000008E8 [ 998731.0 1003982.0 990116.0 999121.0 1003454.0 995943.0 998148.0 1002298.0 998696.0 997782.0 997890.0 1002850.0 1000912.0 1006305.0 996068.0 1002048.0 993267.0 1004628.0 997797.0 1003544.0 1000316.0 1005561.0 1000568.0 1009702.0 997197.0 998094.0 1004962.0 995076.0 993195.0 1009312.0 993572.0 999021.0 1001547.0 997901.0 1002855.0 998594.0 1000870.0 996638.0 996521.0 1003086.0 1003756.0 997019.0 998949.0 997383.0 1002557.0 999813.0 1003013.0 1000967.0 999435.0 999964.0 998501.0 1000811.0 997537.0 1004723.0 1003025.0 997653.0 999674.0 994769.0 995345.0 996461.0 1000858.0 995220.0 1011614.0 1008965.0 1007167.0 999693.0 1002100.0 1001517.0 996918.0 1005745.0 1001371.0 1000859.0 997838.0 996530.0 1000730.0 1001684.0 999389.0 998448.0 999854.0 1006138.0 1004330.0 1003292.0 1003328.0 1005310.0 999051.0 1002346.0 1004784.0 999942.0 993596.0 1000124.0 1006220.0 997579.0 1007443.0 999746.0 997025.0 1000892.0 1003504.0 999792.0 1001021.0 995158.0 996659.0 998125.0 997076.0 990349.0 999409.0 998271.0 998334.0 1007454.0 1001945.0 998062.0 996256.0 992845.0 1003720.0 1006173.0 996962.0 994291.0 996746.0 1003252.0 991979.0 997640.0 997161.0 996349.0 1004973.0 995583.0 1000852.0 995103.0 1002539.0 995248.0 ]

10001 actual elapsed

T=10097697, R=0, W=0
T=10773380, R=0, W=0

TOTAL: T=20871077, R=0, W=0
--- 17,606 MB collected in 0.043 secs (0.3% of total), longest GC took 0.003 secs
DATA gc:  total_k 18029081  total_secs 0.043012  max_secs 0.002753
