startup =       4000
elapsed =       10000
threads =       64
accounts =      64
init =          1000000
maxAmount =     10
readFreq =      0
writeFreq =     0
readThreads =   0
writeThreads =  0
disjointTrans = false
yieldALot =     false
flavour =       d

warming up
timed execution

TOTAL=6.4E7 [ 1001739.0 1000223.0 998069.0 990121.0 1000606.0 1000836.0 999122.0 985630.0 1001869.0 1005786.0 1005608.0 992944.0 1002619.0 1000306.0 1003041.0 998091.0 990821.0 1005086.0 1003208.0 992488.0 1010515.0 1010685.0 997006.0 989074.0 991851.0 1001908.0 996053.0 1005568.0 1003510.0 1003042.0 1005721.0 998376.0 1006825.0 993590.0 1013977.0 997195.0 1001258.0 999247.0 998642.0 998845.0 993720.0 1009709.0 992735.0 1006726.0 1011051.0 1005640.0 980652.0 1007357.0 1003442.0 996412.0 997279.0 1004077.0 989367.0 991920.0 1005378.0 992871.0 1011989.0 1016669.0 988040.0 996001.0 999943.0 1011613.0 985382.0 1000926.0 ]

10001 actual elapsed

T=633852, R=0, W=0
T=608046, R=0, W=0
T=661363, R=0, W=0
T=684507, R=0, W=0
T=627625, R=0, W=0
T=635820, R=0, W=0
T=659906, R=0, W=0
T=703042, R=0, W=0
T=603084, R=0, W=0
T=681403, R=0, W=0
T=647162, R=0, W=0
T=641737, R=0, W=0
T=630960, R=0, W=0
T=620787, R=0, W=0
T=616940, R=0, W=0
T=620256, R=0, W=0
T=610759, R=0, W=0
T=649336, R=0, W=0
T=636510, R=0, W=0
T=604597, R=0, W=0
T=620859, R=0, W=0
T=596454, R=0, W=0
T=638919, R=0, W=0
T=614242, R=0, W=0
T=630011, R=0, W=0
T=652677, R=0, W=0
T=605928, R=0, W=0
T=598319, R=0, W=0
T=615363, R=0, W=0
T=638075, R=0, W=0
T=681137, R=0, W=0
T=698428, R=0, W=0
T=633847, R=0, W=0
T=584372, R=0, W=0
T=615678, R=0, W=0
T=639275, R=0, W=0
T=675681, R=0, W=0
T=632220, R=0, W=0
T=609321, R=0, W=0
T=588899, R=0, W=0
T=598970, R=0, W=0
T=670176, R=0, W=0
T=668464, R=0, W=0
T=631961, R=0, W=0
T=604573, R=0, W=0
T=588575, R=0, W=0
T=605455, R=0, W=0
T=640148, R=0, W=0
T=629057, R=0, W=0
T=623465, R=0, W=0
T=619174, R=0, W=0
T=648275, R=0, W=0
T=616791, R=0, W=0
T=698410, R=0, W=0
T=643886, R=0, W=0
T=626288, R=0, W=0
T=581103, R=0, W=0
T=629991, R=0, W=0
T=641144, R=0, W=0
T=672662, R=0, W=0
T=542427, R=0, W=0
T=609009, R=0, W=0
T=617219, R=0, W=0
T=614523, R=0, W=0

TOTAL: T=40369143, R=0, W=0
--- 27,993 MB collected in 0.103 secs (0.7% of total), longest GC took 0.004 secs
DATA gc:  total_k 28665068  total_secs 0.102855  max_secs 0.004163
