startup =       4000
elapsed =       10000
threads =       16
accounts =      1024
init =          1000000
maxAmount =     10
readFreq =      0
writeFreq =     0
readThreads =   0
writeThreads =  0
disjointTrans = false
yieldALot =     false
flavour =       t

warming up
timed execution

TOTAL=1.02400006E9 [ 1000914.0 1003794.0 998471.0 1001429.0 999164.0 996778.0 1003402.0 1001643.0 999016.0 997318.0 1000280.0 998712.0 1002170.0 999297.0 998200.0 999162.0 999561.0 1002975.0 1000059.0 1002856.0 1002558.0 1003044.0 1000086.0 1001035.0 1003385.0 997558.0 998938.0 996057.0 999920.0 999907.0 999849.0 1001140.0 998045.0 1000681.0 1001361.0 1003431.0 995431.0 999198.0 997796.0 1002474.0 1004274.0 998195.0 997603.0 998453.0 999370.0 1001807.0 1001823.0 999274.0 1001779.0 996258.0 1001840.0 1000933.0 998804.0 1001675.0 997912.0 1003664.0 999108.0 995483.0 994405.0 998535.0 1000205.0 997341.0 1000078.0 1002028.0 998075.0 997617.0 998017.0 1002429.0 998414.0 997186.0 1000495.0 1001399.0 1000962.0 998891.0 997856.0 997065.0 999542.0 1002474.0 999352.0 997895.0 998353.0 1001779.0 1001940.0 1003607.0 999703.0 1003043.0 1000408.0 1003790.0 998504.0 1000725.0 994678.0 997471.0 995905.0 998194.0 1002134.0 1000238.0 996765.0 998534.0 1002698.0 1001381.0 996481.0 995301.0 1003861.0 1000008.0 996617.0 1004244.0 999964.0 996115.0 1002853.0 1002137.0 1001655.0 998096.0 999850.0 998198.0 996227.0 1000311.0 1000005.0 1001133.0 1000914.0 999234.0 996401.0 1001535.0 1004375.0 997193.0 1004187.0 998551.0 1000388.0 1007413.0 1001359.0 999491.0 1000539.0 1002943.0 999854.0 1000412.0 998034.0 1003806.0 998834.0 1003680.0 1003388.0 1002315.0 997359.0 999883.0 998386.0 1004442.0 1002212.0 997116.0 996737.0 996102.0 1007104.0 1001464.0 999510.0 999219.0 998845.0 997529.0 997277.0 995709.0 1002546.0 997527.0 999711.0 1000730.0 1000148.0 996282.0 1002086.0 998787.0 1006022.0 998490.0 996977.0 1002759.0 997379.0 1001173.0 999967.0 998710.0 1001724.0 1002585.0 1001834.0 1000146.0 994684.0 1000460.0 1003335.0 1000835.0 1002122.0 1002055.0 1000820.0 1001510.0 1000707.0 997025.0 1001597.0 1001968.0 1004099.0 1002849.0 998601.0 1001175.0 997832.0 1001794.0 1004534.0 1001247.0 997674.0 1000672.0 995588.0 1001820.0 1002120.0 1001658.0 1004967.0 999574.0 997820.0 1000962.0 999215.0 998557.0 999903.0 997403.0 996151.0 1004654.0 1001143.0 1002305.0 996016.0 1000144.0 999335.0 997051.0 998750.0 1002584.0 998909.0 997509.0 1000763.0 1000812.0 1002547.0 1001227.0 999889.0 996896.0 1002352.0 997700.0 998581.0 997383.0 999436.0 1005459.0 996596.0 999342.0 1000711.0 1000025.0 999019.0 1004018.0 1004474.0 1003124.0 1002932.0 1001957.0 998946.0 999569.0 1001476.0 998289.0 1002681.0 1000465.0 1002854.0 1001683.0 998789.0 998371.0 1002357.0 996533.0 996903.0 997072.0 1000912.0 1000854.0 1007742.0 995546.0 996911.0 992677.0 995512.0 1000028.0 1004245.0 997891.0 1001252.0 1000792.0 998123.0 998549.0 1002581.0 1002127.0 1004890.0 997272.0 1003503.0 1002702.0 1002865.0 998966.0 1000599.0 1001361.0 1000512.0 995719.0 1001630.0 1002761.0 1000105.0 999995.0 1007582.0 1002816.0 998833.0 997811.0 1001241.0 999220.0 1000430.0 997548.0 1000551.0 1002173.0 1002301.0 1000125.0 1000130.0 998450.0 1001151.0 997971.0 996655.0 997844.0 1000807.0 998786.0 1001286.0 998728.0 1002594.0 997707.0 998119.0 1004423.0 999376.0 1003899.0 998705.0 997188.0 996365.0 999661.0 994916.0 1000353.0 1002633.0 1003057.0 1001113.0 996792.0 1003183.0 999947.0 992208.0 999415.0 1000917.0 1003275.0 1001553.0 998607.0 1001076.0 1005562.0 1004566.0 998940.0 1003107.0 996467.0 1001356.0 999568.0 1000663.0 998622.0 998779.0 1001493.0 999728.0 998833.0 1002818.0 999645.0 994959.0 1001738.0 996379.0 993578.0 994364.0 999794.0 998918.0 998499.0 1002104.0 997832.0 996235.0 997302.0 997615.0 996498.0 1003104.0 999987.0 998645.0 996030.0 1005109.0 996294.0 1005106.0 996994.0 997467.0 999809.0 1002407.0 999349.0 997810.0 995383.0 996338.0 1001430.0 996812.0 1000722.0 999594.0 1000469.0 1002150.0 999759.0 997570.0 994543.0 1004197.0 999317.0 1000427.0 1004782.0 1001920.0 1000141.0 994140.0 999506.0 1004873.0 1001996.0 999510.0 1002765.0 1000685.0 999661.0 1000803.0 997031.0 1003724.0 997791.0 1005600.0 1000663.0 999885.0 999905.0 1000412.0 997969.0 1002934.0 1003347.0 1004349.0 999815.0 1002873.0 996505.0 1000290.0 997965.0 997601.0 998022.0 1004150.0 999320.0 995690.0 998891.0 1004536.0 999296.0 999735.0 1000630.0 1002459.0 998097.0 1002400.0 1001880.0 1005261.0 999930.0 995649.0 1004681.0 1001973.0 1001132.0 1000050.0 999644.0 1003484.0 1001848.0 998324.0 998251.0 1001831.0 1000403.0 1000754.0 999410.0 999666.0 997943.0 998667.0 999065.0 1001691.0 999993.0 997896.0 997610.0 996811.0 1001619.0 1002916.0 995902.0 1004226.0 997177.0 998988.0 1003162.0 1001071.0 1001430.0 999112.0 1000335.0 999032.0 996927.0 1000760.0 999254.0 999184.0 1001994.0 1000400.0 1002987.0 1001945.0 1001084.0 1001356.0 1002219.0 997298.0 999694.0 1005280.0 998193.0 1001836.0 1001360.0 1000392.0 998317.0 996345.0 998488.0 1002264.0 1001783.0 998956.0 999207.0 1000036.0 997504.0 996413.0 997911.0 999725.0 1002509.0 1000169.0 997536.0 1005783.0 998390.0 1000761.0 999072.0 1000791.0 1005447.0 995204.0 994918.0 997727.0 1000133.0 993840.0 1000854.0 999589.0 1004186.0 999368.0 1002521.0 999338.0 994661.0 1001342.0 998580.0 998106.0 1003392.0 998343.0 1001347.0 1000428.0 1001787.0 1001229.0 993335.0 994538.0 999186.0 999644.0 997947.0 995437.0 1003183.0 998791.0 1001202.0 1000491.0 996629.0 1002410.0 1000580.0 999136.0 998529.0 1000809.0 1000420.0 999210.0 999121.0 993283.0 997886.0 1000041.0 999398.0 997320.0 996071.0 999079.0 996854.0 1003888.0 997920.0 995969.0 995582.0 1000922.0 1002309.0 998853.0 996456.0 997562.0 1004907.0 1002062.0 1000778.0 999857.0 999090.0 1001504.0 1006585.0 997556.0 1003243.0 1004461.0 1002080.0 1003907.0 999875.0 999612.0 1000369.0 998571.0 1000583.0 996752.0 998199.0 998776.0 1003238.0 1001274.0 1002751.0 1002738.0 996413.0 1000831.0 995594.0 993927.0 997893.0 999692.0 996518.0 1000619.0 999332.0 1005709.0 1004737.0 1002313.0 1003106.0 1000502.0 1001853.0 1006059.0 999757.0 999706.0 999667.0 1002169.0 999492.0 998615.0 998304.0 998784.0 996693.0 1000087.0 1000411.0 1001712.0 996255.0 1004798.0 996450.0 997275.0 1000795.0 1001158.0 999597.0 1000522.0 1003953.0 994693.0 1001982.0 998315.0 999858.0 998462.0 999310.0 1004125.0 997934.0 1003561.0 1001267.0 1000019.0 1001601.0 999051.0 997652.0 997691.0 997656.0 999275.0 1003224.0 1000329.0 999559.0 999240.0 1000813.0 996923.0 1001025.0 1001342.0 999650.0 998754.0 1003337.0 1001082.0 1001620.0 1001068.0 997309.0 1003019.0 995892.0 998958.0 998292.0 999386.0 997386.0 998190.0 1000522.0 997430.0 1004775.0 993363.0 1000959.0 998564.0 1003344.0 1000347.0 1000541.0 1001234.0 1004289.0 999286.0 1003748.0 999157.0 1000487.0 998632.0 998292.0 997400.0 1001510.0 1001669.0 999290.0 1002391.0 998958.0 999986.0 997313.0 1000585.0 1002750.0 998365.0 997907.0 999250.0 999535.0 998410.0 995931.0 994646.0 998730.0 997200.0 1004213.0 999737.0 1004921.0 1003677.0 999234.0 1003258.0 1000047.0 1000564.0 1002001.0 1001232.0 998734.0 999705.0 1004094.0 1001212.0 1002320.0 997097.0 997573.0 1004553.0 1002720.0 997997.0 999284.0 1001075.0 1002887.0 998897.0 1002138.0 998538.0 1003989.0 998207.0 1001227.0 996774.0 999591.0 998588.0 998707.0 1002183.0 998868.0 996464.0 997068.0 1001638.0 999029.0 1000744.0 1003757.0 1005344.0 995098.0 1003282.0 1001203.0 1002755.0 997255.0 1000515.0 1001809.0 1002886.0 1001940.0 1002549.0 1002688.0 998471.0 1001862.0 997625.0 1002171.0 999507.0 1001797.0 999299.0 1000902.0 999475.0 1001875.0 1001584.0 999061.0 997098.0 995182.0 997265.0 998586.0 999129.0 1002265.0 997784.0 998890.0 997229.0 992419.0 1000973.0 999211.0 994427.0 999198.0 1001994.0 1000596.0 999986.0 996642.0 999794.0 999353.0 995621.0 999640.0 1000191.0 1001222.0 1001441.0 1000621.0 1000826.0 1001099.0 1003793.0 1002829.0 997464.0 995139.0 998448.0 1004244.0 997293.0 998001.0 999845.0 1001038.0 1000219.0 997261.0 1002323.0 1002952.0 999776.0 1001662.0 995777.0 999254.0 995765.0 1002258.0 997996.0 1001075.0 1001061.0 1001089.0 998442.0 1000552.0 998591.0 998009.0 1001833.0 1000632.0 999261.0 1000379.0 995751.0 1001207.0 1002298.0 1001590.0 1002181.0 995379.0 1002027.0 1000740.0 1001020.0 1002342.0 1001660.0 1001039.0 1000089.0 1001080.0 1002109.0 997853.0 1000622.0 999380.0 997112.0 996683.0 999849.0 1002882.0 998319.0 1003386.0 998173.0 1002503.0 998908.0 1000025.0 996190.0 999822.0 999666.0 1001922.0 1003537.0 997198.0 1001096.0 998876.0 999970.0 1001597.0 1001834.0 1002518.0 994501.0 1000409.0 998305.0 998310.0 998460.0 1000372.0 997549.0 999355.0 999513.0 997854.0 1000507.0 1001385.0 1001351.0 998986.0 1001109.0 1000088.0 1000447.0 1000486.0 1000001.0 1002189.0 999883.0 999891.0 1001441.0 1000723.0 1001390.0 1005372.0 1003029.0 1003074.0 999533.0 996023.0 1004017.0 997894.0 1000419.0 997476.0 1002160.0 997956.0 1001911.0 1001566.0 997051.0 999063.0 1001112.0 996695.0 996398.0 998577.0 1001796.0 1000391.0 998976.0 999602.0 1000394.0 999624.0 1002457.0 1002564.0 1000025.0 1000273.0 1006741.0 1001082.0 999027.0 1003305.0 1001097.0 1002726.0 1000988.0 1001898.0 999999.0 998415.0 999004.0 999788.0 1002381.0 1000875.0 1003451.0 1003315.0 996902.0 1000141.0 1001320.0 995439.0 1002484.0 999414.0 1001288.0 1000123.0 999668.0 1003978.0 999200.0 1000989.0 1000816.0 996025.0 1000671.0 1003352.0 999774.0 1004408.0 996588.0 999182.0 995014.0 1003212.0 1001882.0 996310.0 999883.0 994760.0 997371.0 995730.0 996385.0 1004813.0 999639.0 1000709.0 1004233.0 1001549.0 1000179.0 999976.0 1003261.0 1001339.0 994405.0 1004438.0 1003206.0 998849.0 995796.0 1000991.0 1001105.0 994843.0 995850.0 1001291.0 997520.0 996624.0 998389.0 1000696.0 1000076.0 1003402.0 999068.0 1001843.0 1000838.0 1004128.0 1000671.0 1001460.0 1003206.0 999537.0 999437.0 997544.0 998591.0 996643.0 996805.0 1001724.0 998043.0 995526.0 998949.0 999110.0 996328.0 1002044.0 1003184.0 1002470.0 997513.0 999266.0 1005703.0 996348.0 1000237.0 1000222.0 999761.0 1002316.0 1000160.0 997560.0 ]

10002 actual elapsed

T=4409087, R=0, W=0
T=4027146, R=0, W=0
T=3863221, R=0, W=0
T=4231270, R=0, W=0
T=3805255, R=0, W=0
T=4398729, R=0, W=0
T=3880300, R=0, W=0
T=4238479, R=0, W=0
T=3824900, R=0, W=0
T=4410179, R=0, W=0
T=3815033, R=0, W=0
T=4606754, R=0, W=0
T=2488028, R=0, W=0
T=4309495, R=0, W=0
T=4716829, R=0, W=0
T=5775866, R=0, W=0

TOTAL: T=66800571, R=0, W=0
--- 57,792 MB collected in 0.093 secs (0.7% of total), longest GC took 0.004 secs
DATA gc:  total_k 59179737  total_secs 0.093334  max_secs 0.004456
