startup =       4000
elapsed =       10000
threads =       2
accounts =      128
init =          1000000
maxAmount =     10
readFreq =      0
writeFreq =     0
readThreads =   0
writeThreads =  0
disjointTrans = false
yieldALot =     false
flavour =       d

warming up
timed execution

TOTAL=1.28E8 [ 995973.0 992992.0 996933.0 997154.0 1003911.0 994076.0 999302.0 999339.0 996182.0 991472.0 998715.0 999839.0 1001833.0 1000593.0 998403.0 999652.0 999086.0 998729.0 993615.0 997767.0 995881.0 1007206.0 1008107.0 992918.0 997504.0 999169.0 994418.0 1001609.0 999529.0 1003963.0 1000774.0 1001873.0 1005777.0 990321.0 998867.0 1001040.0 996886.0 1003227.0 1003771.0 1005093.0 998456.0 1005199.0 1002618.0 1000466.0 1006772.0 996306.0 1010338.0 1000796.0 999960.0 1002616.0 1002431.0 1003360.0 1008608.0 991973.0 998960.0 999522.0 1002230.0 999584.0 1003892.0 1000624.0 1003889.0 997772.0 1005483.0 1005968.0 1000281.0 1003558.0 993708.0 1001705.0 994483.0 1001632.0 998380.0 999496.0 994544.0 1002426.0 1003422.0 1007531.0 995438.0 997948.0 999700.0 1000001.0 1002477.0 992887.0 1003249.0 991587.0 998110.0 1003894.0 1002983.0 992036.0 1004886.0 1005834.0 1001377.0 1004152.0 999032.0 1001837.0 995138.0 997249.0 993091.0 998138.0 997898.0 998829.0 998220.0 997371.0 1001487.0 1009148.0 993722.0 997308.0 1001760.0 1001197.0 999392.0 1001359.0 1000228.0 998896.0 1003077.0 1004788.0 999095.0 1000055.0 995343.0 997542.0 1000275.0 997387.0 1003252.0 1005255.0 1002130.0 1002475.0 997580.0 998652.0 999964.0 1002783.0 ]

10001 actual elapsed

T=8726994, R=0, W=0
T=9605264, R=0, W=0

TOTAL: T=18332258, R=0, W=0
--- 12,316 MB collected in 0.045 secs (0.3% of total), longest GC took 0.002 secs
DATA gc:  total_k 12612121  total_secs 0.044744  max_secs 0.00213
