startup =       4000
elapsed =       10000
threads =       128
accounts =      128
init =          1000000
maxAmount =     10
readFreq =      0
writeFreq =     0
readThreads =   0
writeThreads =  0
disjointTrans = false
yieldALot =     false
flavour =       rfw

warming up
timed execution

TOTAL=1.28000008E8 [ 1001473.0 1006091.0 1002202.0 996063.0 1002149.0 996121.0 1004242.0 995156.0 1004474.0 993346.0 996234.0 996142.0 998396.0 996619.0 1000421.0 1003388.0 997772.0 1005741.0 1000471.0 995803.0 998643.0 995418.0 1005962.0 999957.0 994656.0 988043.0 999546.0 1000584.0 1002364.0 1003767.0 1000011.0 996234.0 989514.0 1001728.0 993402.0 1004236.0 992915.0 1003104.0 1008150.0 1007749.0 1000345.0 1004613.0 1005386.0 1004737.0 985518.0 999523.0 998895.0 1004294.0 996857.0 1005045.0 999864.0 992374.0 997815.0 998596.0 1003233.0 985584.0 995789.0 997250.0 997568.0 1009220.0 989669.0 996034.0 1012152.0 995577.0 1006513.0 989737.0 999284.0 1003088.0 990878.0 997530.0 994551.0 999160.0 989928.0 1007547.0 990674.0 999793.0 1000998.0 995323.0 1012318.0 1011338.0 1012301.0 1005054.0 999113.0 1000279.0 1002162.0 995192.0 1003269.0 1001454.0 1005704.0 1008335.0 994903.0 1001263.0 996164.0 993453.0 995288.0 996072.0 995471.0 1008967.0 997422.0 1006195.0 999079.0 994767.0 1000454.0 1000815.0 996217.0 996071.0 1003389.0 1004014.0 995385.0 1005258.0 1005889.0 1008017.0 1000693.0 999155.0 1004197.0 1003735.0 1008349.0 1001840.0 1001118.0 1000475.0 1001600.0 1004741.0 994109.0 1002552.0 999882.0 1009141.0 999744.0 998368.0 ]

10096 actual elapsed

T=463459, R=0, W=0
T=478814, R=0, W=0
T=443510, R=0, W=0
T=408240, R=0, W=0
T=420068, R=0, W=0
T=464100, R=0, W=0
T=426820, R=0, W=0
T=429562, R=0, W=0
T=471148, R=0, W=0
T=399405, R=0, W=0
T=435552, R=0, W=0
T=424787, R=0, W=0
T=446436, R=0, W=0
T=495238, R=0, W=0
T=448623, R=0, W=0
T=436521, R=0, W=0
T=417034, R=0, W=0
T=453370, R=0, W=0
T=411427, R=0, W=0
T=468267, R=0, W=0
T=438281, R=0, W=0
T=450637, R=0, W=0
T=513364, R=0, W=0
T=489451, R=0, W=0
T=440084, R=0, W=0
T=480455, R=0, W=0
T=463323, R=0, W=0
T=447506, R=0, W=0
T=445115, R=0, W=0
T=447100, R=0, W=0
T=403740, R=0, W=0
T=398349, R=0, W=0
T=436786, R=0, W=0
T=491754, R=0, W=0
T=544174, R=0, W=0
T=487081, R=0, W=0
T=390486, R=0, W=0
T=456711, R=0, W=0
T=432752, R=0, W=0
T=447741, R=0, W=0
T=440228, R=0, W=0
T=490453, R=0, W=0
T=441594, R=0, W=0
T=453503, R=0, W=0
T=441278, R=0, W=0
T=441197, R=0, W=0
T=434776, R=0, W=0
T=413320, R=0, W=0
T=436980, R=0, W=0
T=461593, R=0, W=0
T=403074, R=0, W=0
T=389296, R=0, W=0
T=451440, R=0, W=0
T=464653, R=0, W=0
T=418425, R=0, W=0
T=458689, R=0, W=0
T=466529, R=0, W=0
T=439329, R=0, W=0
T=488713, R=0, W=0
T=459988, R=0, W=0
T=461491, R=0, W=0
T=411299, R=0, W=0
T=421776, R=0, W=0
T=424040, R=0, W=0
T=495517, R=0, W=0
T=470260, R=0, W=0
T=429555, R=0, W=0
T=510150, R=0, W=0
T=483085, R=0, W=0
T=443988, R=0, W=0
T=392757, R=0, W=0
T=433499, R=0, W=0
T=461090, R=0, W=0
T=434049, R=0, W=0
T=418886, R=0, W=0
T=430308, R=0, W=0
T=480321, R=0, W=0
T=485834, R=0, W=0
T=447177, R=0, W=0
T=458400, R=0, W=0
T=417526, R=0, W=0
T=284882, R=0, W=0
T=428900, R=0, W=0
T=480224, R=0, W=0
T=466697, R=0, W=0
T=463447, R=0, W=0
T=447270, R=0, W=0
T=463296, R=0, W=0
T=508023, R=0, W=0
T=401699, R=0, W=0
T=469824, R=0, W=0
T=442766, R=0, W=0
T=415372, R=0, W=0
T=413365, R=0, W=0
T=411738, R=0, W=0
T=460700, R=0, W=0
T=451690, R=0, W=0
T=449715, R=0, W=0
T=417718, R=0, W=0
T=448876, R=0, W=0
T=421482, R=0, W=0
T=391454, R=0, W=0
T=483429, R=0, W=0
T=484755, R=0, W=0
T=427162, R=0, W=0
T=406563, R=0, W=0
T=440917, R=0, W=0
T=449791, R=0, W=0
T=432638, R=0, W=0
T=413279, R=0, W=0
T=452727, R=0, W=0
T=472341, R=0, W=0
T=404817, R=0, W=0
T=420552, R=0, W=0
T=412055, R=0, W=0
T=405247, R=0, W=0
T=437575, R=0, W=0
T=456199, R=0, W=0
T=481734, R=0, W=0
T=435820, R=0, W=0
T=431631, R=0, W=0
T=466944, R=0, W=0
T=446264, R=0, W=0
T=483936, R=0, W=0
T=422381, R=0, W=0
T=440972, R=0, W=0
T=415809, R=0, W=0
T=381274, R=0, W=0

TOTAL: T=56799287, R=0, W=0
--- 37,153 MB collected in 0.103 secs (0.7% of total), longest GC took 0.007 secs
DATA gc:  total_k 38045220  total_secs 0.103219  max_secs 0.007151
