startup =       4000
elapsed =       10000
threads =       4
accounts =      256
init =          1000000
maxAmount =     10
readFreq =      0
writeFreq =     0
readThreads =   0
writeThreads =  0
disjointTrans = false
yieldALot =     false
flavour =       rfw

warming up
timed execution

TOTAL=2.55999952E8 [ 999158.0 1001574.0 1002463.0 999659.0 999388.0 1003239.0 1001100.0 1002327.0 998250.0 995196.0 1003558.0 1000342.0 992944.0 1003607.0 994836.0 1002497.0 997991.0 1002503.0 994205.0 992645.0 1002317.0 1001940.0 994778.0 1000152.0 1000287.0 991428.0 999162.0 1004184.0 995221.0 997659.0 1004051.0 996040.0 998614.0 1000779.0 1008447.0 999435.0 996610.0 1003660.0 1008377.0 996526.0 997591.0 1001078.0 1001312.0 989035.0 996201.0 1002593.0 997600.0 1003861.0 994477.0 997712.0 1006442.0 999716.0 1000876.0 1005986.0 1006070.0 1000313.0 997124.0 998463.0 1001697.0 997134.0 997558.0 1003697.0 1000668.0 996107.0 1004224.0 996966.0 1000875.0 1001150.0 1002144.0 995016.0 1009349.0 996851.0 993310.0 1001370.0 1000121.0 999621.0 1005796.0 997259.0 1006044.0 1009497.0 1001673.0 998955.0 1000380.0 994652.0 993787.0 1007388.0 1001406.0 1000953.0 1008997.0 1002711.0 999418.0 992334.0 1001658.0 995927.0 1004766.0 998771.0 999932.0 993879.0 1002336.0 1005321.0 1004151.0 998581.0 1000657.0 1007248.0 1001435.0 1000167.0 996392.0 1004153.0 998719.0 1001324.0 999128.0 998734.0 1001416.0 1001360.0 1004197.0 1003435.0 1003670.0 997847.0 1000499.0 996277.0 996546.0 994011.0 1003806.0 1000674.0 1008097.0 995539.0 1000088.0 996786.0 1001319.0 993995.0 1002328.0 994028.0 1002698.0 994372.0 998246.0 1001127.0 1001024.0 1003933.0 994631.0 998788.0 997848.0 997269.0 1003281.0 1006799.0 998792.0 999168.0 999129.0 1003328.0 1001897.0 996721.0 997128.0 1005018.0 1003490.0 1000324.0 997447.0 1001442.0 998045.0 999764.0 997315.0 994023.0 1000996.0 998295.0 999068.0 1003554.0 995817.0 1000106.0 995151.0 993405.0 1001512.0 1000128.0 992271.0 1000919.0 993316.0 994878.0 1004506.0 1002863.0 993533.0 995516.0 1000401.0 1003171.0 1005875.0 999933.0 997546.0 996238.0 1006350.0 994881.0 999702.0 1007257.0 994780.0 996409.0 997219.0 1004086.0 998259.0 1000870.0 992214.0 996437.0 998253.0 998023.0 999210.0 999349.0 1005887.0 996702.0 1004908.0 1002180.0 998141.0 998934.0 1005580.0 1003543.0 1007742.0 1006244.0 1004217.0 1000515.0 994962.0 999192.0 999513.0 1001413.0 1004435.0 1005761.0 1000905.0 1002844.0 1001170.0 999428.0 994679.0 1005939.0 999515.0 997587.0 1000197.0 994148.0 997058.0 997270.0 993403.0 1003989.0 1001857.0 995099.0 994428.0 1005335.0 998891.0 1002389.0 997520.0 1008129.0 996301.0 994758.0 1002555.0 1000919.0 1000209.0 1004537.0 995606.0 1001971.0 1005235.0 996777.0 997404.0 999386.0 1000972.0 1003838.0 1004048.0 1006587.0 ]

10001 actual elapsed

T=9564677, R=0, W=0
T=7966702, R=0, W=0
T=9987855, R=0, W=0
T=9902413, R=0, W=0

TOTAL: T=37421647, R=0, W=0
--- 28,804 MB collected in 0.041 secs (0.3% of total), longest GC took 0.002 secs
DATA gc:  total_k 29496303  total_secs 0.041343  max_secs 0.002345
