startup =       4000
elapsed =       10000
threads =       16
accounts =      1024
init =          1000000
maxAmount =     10
readFreq =      0
writeFreq =     0
readThreads =   0
writeThreads =  0
disjointTrans = false
yieldALot =     false
flavour =       d

warming up
timed execution

TOTAL=1.02399955E9 [ 1001428.0 998692.0 999669.0 1002256.0 995170.0 999112.0 998747.0 998767.0 1001258.0 996985.0 997255.0 999820.0 998584.0 1000702.0 1000320.0 1001804.0 994669.0 998279.0 1001183.0 1001157.0 1002886.0 997164.0 999254.0 999796.0 1000071.0 1000575.0 995413.0 999432.0 993839.0 1000470.0 998469.0 1002807.0 996139.0 999247.0 999216.0 1004575.0 1002739.0 1000682.0 1000143.0 1000715.0 998494.0 998612.0 998709.0 1002910.0 1003105.0 1002098.0 1001035.0 998057.0 1003788.0 996771.0 995316.0 1000484.0 997474.0 998759.0 1002034.0 997130.0 1001523.0 1003357.0 997935.0 1003717.0 1002104.0 998310.0 1001601.0 998091.0 997407.0 1004384.0 994593.0 999248.0 998744.0 999779.0 998607.0 998042.0 998501.0 995786.0 1002578.0 1000678.0 1000102.0 1000129.0 1001429.0 999489.0 996136.0 997366.0 1000025.0 1000967.0 1001447.0 999699.0 1001970.0 997199.0 999625.0 1000881.0 997664.0 1000494.0 1000330.0 1002135.0 1003874.0 1001445.0 1000888.0 994124.0 1005954.0 1003139.0 1001868.0 1005739.0 996394.0 1000741.0 997351.0 999342.0 998902.0 999562.0 1000948.0 996935.0 1000510.0 1000573.0 998197.0 1001951.0 999785.0 1000478.0 1001474.0 997490.0 1003683.0 1000542.0 1003402.0 998989.0 995408.0 1000107.0 997743.0 996094.0 998626.0 997580.0 1004464.0 995312.0 999337.0 998131.0 998472.0 1003802.0 1000298.0 1001933.0 997639.0 996614.0 1000234.0 1001491.0 1000915.0 1000802.0 1000794.0 995255.0 997224.0 1003101.0 998870.0 995613.0 996068.0 1002398.0 998915.0 1002139.0 997579.0 993109.0 999610.0 999953.0 996418.0 999426.0 1004278.0 994664.0 1000928.0 1000295.0 1003484.0 1003569.0 999289.0 1002795.0 1001467.0 1005521.0 1002382.0 1000178.0 1002304.0 995778.0 997558.0 999815.0 997814.0 998325.0 999199.0 1000461.0 999954.0 999096.0 1006743.0 1000158.0 1004044.0 999677.0 998197.0 1000590.0 1000180.0 1000111.0 1001022.0 1000391.0 1001151.0 1001182.0 1000530.0 1001161.0 1000223.0 998001.0 1003270.0 1007023.0 997940.0 1001724.0 998891.0 997032.0 999505.0 997953.0 1002506.0 1003572.0 1000470.0 1003508.0 999602.0 999595.0 1003357.0 996374.0 1000239.0 1002445.0 1004315.0 999689.0 998505.0 999734.0 999537.0 998920.0 1002007.0 1002904.0 995186.0 1001056.0 998383.0 998921.0 998602.0 999874.0 998649.0 1001377.0 1002679.0 1000321.0 1001197.0 999708.0 1001059.0 998642.0 998453.0 1002229.0 997535.0 1000240.0 998443.0 1002493.0 1000722.0 999995.0 1000749.0 999789.0 1000021.0 998133.0 994112.0 1002763.0 998459.0 1005944.0 1001265.0 1002206.0 996672.0 1003109.0 1003205.0 997902.0 999183.0 997889.0 1003173.0 1004053.0 996078.0 999856.0 1002182.0 1003199.0 999613.0 998072.0 995154.0 998856.0 1002717.0 999507.0 998762.0 1000105.0 996447.0 1000701.0 1001512.0 999075.0 1002744.0 1002436.0 998490.0 1002500.0 998427.0 998152.0 1003016.0 995303.0 997360.0 999743.0 998268.0 999706.0 1002763.0 1003310.0 996929.0 1002444.0 1002570.0 998722.0 995810.0 994406.0 996723.0 1002949.0 999171.0 1000934.0 998101.0 1003315.0 1002500.0 1004912.0 997953.0 1000756.0 1000479.0 1004191.0 1001685.0 1000112.0 998204.0 1002018.0 1002015.0 1000750.0 998657.0 997765.0 1001639.0 997911.0 1000568.0 999888.0 1002780.0 997710.0 1003178.0 1000977.0 1004003.0 1002060.0 1000278.0 999728.0 997829.0 998499.0 1000058.0 1002866.0 1002817.0 1001736.0 996092.0 1001880.0 1001669.0 1001883.0 996386.0 1000013.0 995878.0 998459.0 1002696.0 996459.0 998058.0 995595.0 1001942.0 1000911.0 1000413.0 999354.0 997705.0 1001160.0 1002073.0 997594.0 999589.0 1003853.0 997433.0 997632.0 998367.0 1001774.0 1000544.0 998511.0 1002019.0 998258.0 1001655.0 996538.0 999537.0 1004532.0 1003149.0 997269.0 997557.0 995615.0 999039.0 994722.0 996958.0 1001551.0 1006916.0 1005037.0 1002283.0 1001363.0 999274.0 996410.0 1002533.0 996338.0 1000317.0 998872.0 999507.0 998868.0 995657.0 996457.0 1001076.0 1003607.0 1000070.0 1002264.0 999207.0 1004302.0 999479.0 999565.0 1000119.0 1000185.0 999854.0 997745.0 997697.0 1000485.0 1003162.0 995751.0 1000933.0 1001081.0 998046.0 999532.0 1000434.0 999629.0 999235.0 1000837.0 994829.0 999587.0 1001622.0 998157.0 999763.0 1001374.0 994752.0 1005257.0 1002293.0 997632.0 1000246.0 998346.0 995131.0 997330.0 999777.0 1004424.0 999196.0 996386.0 1000422.0 996885.0 1003786.0 1000745.0 996185.0 1004547.0 1005873.0 998196.0 1002759.0 994946.0 1005181.0 1005658.0 997637.0 1001362.0 1000688.0 997176.0 998666.0 1003981.0 998938.0 1000066.0 1000040.0 995144.0 997711.0 999582.0 998810.0 999235.0 998783.0 1002642.0 1001146.0 1000318.0 996703.0 999036.0 997610.0 998343.0 995691.0 999380.0 1000707.0 1000464.0 1002390.0 1006476.0 1004019.0 1001215.0 1000830.0 1002171.0 996543.0 998009.0 998874.0 1002396.0 999997.0 997049.0 1005134.0 1002071.0 1000262.0 1000053.0 1000402.0 1001578.0 995386.0 1004509.0 1000738.0 1003099.0 999417.0 1000148.0 998840.0 996638.0 1000030.0 998380.0 1002680.0 1000366.0 1002737.0 994712.0 998774.0 999000.0 996131.0 998324.0 1003357.0 1005017.0 999327.0 1000874.0 1000117.0 1000203.0 1000157.0 1000582.0 1003489.0 1000012.0 998213.0 998488.0 999108.0 1006312.0 1002377.0 1002092.0 1001248.0 1000691.0 1001823.0 1002080.0 1003591.0 999062.0 999666.0 1001948.0 999290.0 1003348.0 997211.0 996511.0 998124.0 997937.0 998343.0 999560.0 996526.0 995170.0 999964.0 1001489.0 998376.0 997960.0 1004861.0 997196.0 998342.0 1002319.0 1002361.0 998183.0 1000527.0 1001999.0 997777.0 1003085.0 1008539.0 1000401.0 1001912.0 1001187.0 1004151.0 1003852.0 996009.0 1004702.0 1003573.0 1000127.0 998397.0 1003511.0 1001246.0 997468.0 1002062.0 1003812.0 999337.0 1003648.0 996140.0 1000454.0 1000057.0 999491.0 1003038.0 1000515.0 998707.0 999164.0 1003171.0 998299.0 1002097.0 999413.0 1001689.0 999210.0 998905.0 1004233.0 1001961.0 1002364.0 1002924.0 999701.0 997113.0 999542.0 1002991.0 998909.0 1003872.0 1005357.0 999890.0 1000334.0 998288.0 998460.0 995547.0 996033.0 1002342.0 998518.0 1003512.0 998706.0 1002433.0 1002730.0 1000934.0 1002572.0 1000474.0 1003951.0 1000425.0 1000248.0 999072.0 1000903.0 1001492.0 996782.0 1001325.0 999440.0 995683.0 996961.0 997085.0 1001527.0 997059.0 996420.0 999297.0 998183.0 998420.0 1001054.0 992166.0 994074.0 996333.0 996983.0 996511.0 1007637.0 998819.0 1001291.0 998758.0 1001144.0 1000984.0 998691.0 1002395.0 997189.0 997479.0 1005252.0 1000270.0 999036.0 999692.0 1000794.0 1001355.0 1007111.0 1000025.0 998764.0 1001564.0 1001650.0 998213.0 1000155.0 1000825.0 999151.0 1001689.0 1000155.0 1001954.0 998319.0 1003544.0 1002773.0 999424.0 996534.0 999308.0 997450.0 992247.0 996367.0 998781.0 996831.0 1001181.0 1002228.0 1001368.0 1000429.0 1000860.0 994012.0 1001706.0 996578.0 999155.0 1000238.0 1003550.0 1001924.0 1001600.0 1000745.0 999456.0 1001493.0 998763.0 1002847.0 1002017.0 1006030.0 1002559.0 1000783.0 1005583.0 999062.0 998740.0 1001189.0 998129.0 995956.0 997405.0 1002668.0 1003826.0 998309.0 1005009.0 998079.0 999846.0 1000376.0 996799.0 997410.0 999856.0 999981.0 997782.0 1002034.0 999813.0 998903.0 996801.0 996928.0 1000094.0 994053.0 997314.0 998527.0 995577.0 1001641.0 998310.0 997421.0 996119.0 1000888.0 1001663.0 997634.0 1000219.0 998806.0 1000743.0 1001387.0 999024.0 1000510.0 999880.0 992466.0 1003370.0 1006500.0 1000788.0 999392.0 996376.0 998479.0 997695.0 998973.0 998455.0 997451.0 999904.0 1003481.0 999542.0 1002069.0 1001410.0 1003441.0 1001405.0 997560.0 998232.0 1000653.0 1000510.0 1007069.0 997990.0 1001332.0 998763.0 999765.0 1000606.0 1003507.0 1000222.0 1001605.0 999230.0 1000213.0 996770.0 999936.0 998133.0 1001167.0 997542.0 999035.0 1002014.0 1001877.0 1001451.0 998208.0 1001871.0 1001989.0 998921.0 998341.0 1001435.0 997388.0 999163.0 998445.0 999062.0 997364.0 997895.0 999279.0 1003257.0 998901.0 1001482.0 997666.0 998803.0 997300.0 1000001.0 997715.0 1002287.0 1002227.0 1000521.0 1003886.0 998627.0 995319.0 994646.0 998158.0 997435.0 1001868.0 996750.0 1000802.0 998213.0 1005215.0 998293.0 995522.0 998494.0 997909.0 996400.0 1002562.0 998211.0 1003778.0 1000473.0 1000295.0 998164.0 1004921.0 996817.0 998560.0 1001480.0 1000578.0 1001030.0 1003446.0 998279.0 997582.0 998660.0 1000125.0 1003617.0 1001156.0 997095.0 1000779.0 999619.0 999688.0 1002455.0 996245.0 1001284.0 1003721.0 999577.0 998011.0 1002048.0 996998.0 997695.0 1003093.0 998847.0 1002585.0 998797.0 1001188.0 1002662.0 996501.0 997295.0 1002207.0 1000284.0 998816.0 1006138.0 1000034.0 1003932.0 1002045.0 999390.0 1000769.0 1001147.0 997549.0 1000756.0 998131.0 999384.0 1001019.0 1001386.0 1000004.0 1003633.0 997610.0 1003872.0 1000750.0 997435.0 1002347.0 1003492.0 1003942.0 1001506.0 995235.0 1000043.0 997124.0 999944.0 999086.0 1002378.0 1002590.0 996250.0 1001990.0 1002229.0 999678.0 1001307.0 997827.0 1000396.0 999808.0 997603.0 1004247.0 1004627.0 1003408.0 1000849.0 1000657.0 1002677.0 1001274.0 1000328.0 995176.0 1002974.0 1003808.0 1002714.0 996217.0 998205.0 1001978.0 995369.0 1002171.0 1002692.0 999046.0 1002706.0 996906.0 999174.0 1001101.0 1002512.0 996913.0 998686.0 1000205.0 999063.0 999313.0 1002285.0 999681.0 999294.0 997159.0 995700.0 1000773.0 1002529.0 1000168.0 1000732.0 998110.0 1001653.0 999678.0 1001618.0 998582.0 995266.0 1001260.0 1002105.0 1000690.0 997480.0 1002314.0 997558.0 999087.0 1002960.0 997343.0 1002200.0 1000679.0 1004833.0 1002835.0 1000999.0 996904.0 999499.0 998774.0 997548.0 997065.0 998212.0 997243.0 999242.0 1000774.0 1002354.0 1005615.0 997906.0 1006193.0 996755.0 1002540.0 998904.0 1003871.0 999138.0 1002677.0 1001818.0 1000851.0 999054.0 997973.0 995549.0 998647.0 998613.0 1005312.0 1001824.0 998171.0 999296.0 1002437.0 996732.0 1001081.0 998227.0 1003175.0 1000388.0 1000595.0 997027.0 998293.0 998646.0 1000268.0 999899.0 1000230.0 997232.0 997430.0 1002957.0 996574.0 996143.0 1000318.0 1002299.0 1003927.0 999399.0 997907.0 998814.0 998248.0 1001758.0 999068.0 998238.0 998999.0 ]

10001 actual elapsed

T=3788173, R=0, W=0
T=4290521, R=0, W=0
T=2859076, R=0, W=0
T=3970653, R=0, W=0
T=4233965, R=0, W=0
T=4028905, R=0, W=0
T=4314500, R=0, W=0
T=4248255, R=0, W=0
T=3722798, R=0, W=0
T=4427223, R=0, W=0
T=4324741, R=0, W=0
T=3534626, R=0, W=0
T=4410239, R=0, W=0
T=3528184, R=0, W=0
T=4247825, R=0, W=0
T=5319011, R=0, W=0

TOTAL: T=65248695, R=0, W=0
--- 43,777 MB collected in 0.102 secs (0.7% of total), longest GC took 0.005 secs
DATA gc:  total_k 44828553  total_secs 0.101701  max_secs 0.004772
