startup =       4000
elapsed =       10000
threads =       256
accounts =      256
init =          1000000
maxAmount =     10
readFreq =      0
writeFreq =     0
readThreads =   0
writeThreads =  0
disjointTrans = false
yieldALot =     false
flavour =       d

warming up
timed execution

TOTAL=2.55999968E8 [ 1003856.0 1000667.0 1001970.0 999247.0 998441.0 999767.0 1011618.0 1001537.0 996764.0 996682.0 1000563.0 997401.0 1004116.0 999849.0 1002223.0 998828.0 1005484.0 994586.0 997622.0 991941.0 1000227.0 997704.0 1000777.0 1001614.0 1006997.0 995624.0 1000619.0 999746.0 999020.0 999607.0 1002612.0 996621.0 998363.0 1003805.0 995102.0 998737.0 1004663.0 1003635.0 1002351.0 1007501.0 986338.0 999393.0 1001655.0 1003055.0 999787.0 1002701.0 997866.0 1003024.0 996634.0 1002500.0 1002594.0 1005908.0 1002191.0 999222.0 995158.0 1002614.0 996418.0 1004603.0 998693.0 1001024.0 1003639.0 998902.0 1002844.0 1000885.0 998467.0 994536.0 998339.0 998038.0 995517.0 1000754.0 999806.0 1000301.0 1004542.0 1001702.0 1000784.0 998520.0 994511.0 1001357.0 999330.0 999641.0 996507.0 1010002.0 1005501.0 997408.0 995075.0 998252.0 999830.0 1000704.0 997168.0 1002265.0 997162.0 1004232.0 999169.0 1003384.0 1002526.0 999059.0 1006710.0 996836.0 999126.0 997198.0 1005827.0 993247.0 1000097.0 1003947.0 1004155.0 1006108.0 996682.0 1000074.0 997812.0 1003621.0 1005649.0 996189.0 998063.0 994430.0 998396.0 995079.0 1000621.0 1002561.0 1004514.0 1000954.0 999717.0 1003934.0 1001758.0 1001692.0 1000259.0 1003440.0 999825.0 1005714.0 994008.0 999237.0 1000170.0 999465.0 998617.0 1001726.0 1003080.0 1002404.0 999410.0 998768.0 997576.0 1003033.0 1000579.0 998882.0 1001685.0 996556.0 1004253.0 994065.0 997481.0 994292.0 997562.0 1000605.0 1004640.0 997117.0 997238.0 1003866.0 1000582.0 994274.0 996897.0 1002888.0 994539.0 1002194.0 1003707.0 999264.0 1001458.0 997053.0 992803.0 994546.0 999212.0 997366.0 998063.0 1004000.0 999117.0 998182.0 1001760.0 1001080.0 998543.0 996717.0 997172.0 1000323.0 998758.0 1001803.0 991423.0 998204.0 997116.0 1000865.0 994722.0 1002135.0 1001267.0 995396.0 1001344.0 993320.0 998085.0 1000501.0 996691.0 1003117.0 1009116.0 1004791.0 1004165.0 999867.0 998364.0 993095.0 994430.0 998598.0 1004717.0 1003110.0 1006631.0 998164.0 994207.0 1001218.0 1000963.0 1000172.0 998367.0 1001786.0 1006998.0 993724.0 999226.0 999390.0 999728.0 1005036.0 998284.0 1002983.0 999639.0 1000457.0 1002154.0 1007488.0 1001041.0 998590.0 995500.0 997482.0 1002618.0 999558.0 999232.0 997974.0 1000157.0 1000907.0 998499.0 999997.0 1003021.0 1005628.0 998827.0 1002322.0 1002886.0 998640.0 998709.0 1000192.0 1001618.0 997745.0 1004052.0 991745.0 1000528.0 999516.0 1005861.0 997885.0 992205.0 999307.0 1001609.0 1001720.0 ]

10001 actual elapsed

T=89411, R=0, W=0
T=133490, R=0, W=0
T=143457, R=0, W=0
T=127465, R=0, W=0
T=156577, R=0, W=0
T=116071, R=0, W=0
T=75992, R=0, W=0
T=190143, R=0, W=0
T=116913, R=0, W=0
T=253070, R=0, W=0
T=98769, R=0, W=0
T=146099, R=0, W=0
T=34339, R=0, W=0
T=233218, R=0, W=0
T=97860, R=0, W=0
T=94825, R=0, W=0
T=96577, R=0, W=0
T=159162, R=0, W=0
T=265930, R=0, W=0
T=183807, R=0, W=0
T=86269, R=0, W=0
T=74989, R=0, W=0
T=84218, R=0, W=0
T=137109, R=0, W=0
T=87892, R=0, W=0
T=140300, R=0, W=0
T=141204, R=0, W=0
T=163327, R=0, W=0
T=107292, R=0, W=0
T=202999, R=0, W=0
T=121960, R=0, W=0
T=254030, R=0, W=0
T=130813, R=0, W=0
T=114708, R=0, W=0
T=195859, R=0, W=0
T=167430, R=0, W=0
T=70874, R=0, W=0
T=296480, R=0, W=0
T=243601, R=0, W=0
T=199259, R=0, W=0
T=77957, R=0, W=0
T=153125, R=0, W=0
T=100360, R=0, W=0
T=179742, R=0, W=0
T=126042, R=0, W=0
T=184507, R=0, W=0
T=179133, R=0, W=0
T=140283, R=0, W=0
T=141109, R=0, W=0
T=198465, R=0, W=0
T=143923, R=0, W=0
T=201822, R=0, W=0
T=215802, R=0, W=0
T=117606, R=0, W=0
T=170086, R=0, W=0
T=92023, R=0, W=0
T=102493, R=0, W=0
T=245549, R=0, W=0
T=90817, R=0, W=0
T=117307, R=0, W=0
T=112331, R=0, W=0
T=120552, R=0, W=0
T=91873, R=0, W=0
T=126891, R=0, W=0
T=195051, R=0, W=0
T=156012, R=0, W=0
T=124314, R=0, W=0
T=159252, R=0, W=0
T=210996, R=0, W=0
T=83689, R=0, W=0
T=76697, R=0, W=0
T=259498, R=0, W=0
T=234652, R=0, W=0
T=187519, R=0, W=0
T=139154, R=0, W=0
T=145248, R=0, W=0
T=205503, R=0, W=0
T=215709, R=0, W=0
T=91575, R=0, W=0
T=161428, R=0, W=0
T=108185, R=0, W=0
T=182050, R=0, W=0
T=171244, R=0, W=0
T=186272, R=0, W=0
T=123060, R=0, W=0
T=284089, R=0, W=0
T=340390, R=0, W=0
T=203572, R=0, W=0
T=97849, R=0, W=0
T=227583, R=0, W=0
T=301980, R=0, W=0
T=190614, R=0, W=0
T=147097, R=0, W=0
T=145053, R=0, W=0
T=150256, R=0, W=0
T=182187, R=0, W=0
T=166732, R=0, W=0
T=82696, R=0, W=0
T=107854, R=0, W=0
T=242617, R=0, W=0
T=205363, R=0, W=0
T=172044, R=0, W=0
T=173256, R=0, W=0
T=176936, R=0, W=0
T=105978, R=0, W=0
T=176197, R=0, W=0
T=255843, R=0, W=0
T=86079, R=0, W=0
T=151340, R=0, W=0
T=230531, R=0, W=0
T=179626, R=0, W=0
T=168967, R=0, W=0
T=97837, R=0, W=0
T=222095, R=0, W=0
T=164017, R=0, W=0
T=248886, R=0, W=0
T=81446, R=0, W=0
T=96098, R=0, W=0
T=86631, R=0, W=0
T=91354, R=0, W=0
T=190360, R=0, W=0
T=108908, R=0, W=0
T=150521, R=0, W=0
T=107582, R=0, W=0
T=121846, R=0, W=0
T=192758, R=0, W=0
T=116766, R=0, W=0
T=197065, R=0, W=0
T=194962, R=0, W=0
T=142031, R=0, W=0
T=93617, R=0, W=0
T=186838, R=0, W=0
T=165036, R=0, W=0
T=161929, R=0, W=0
T=111902, R=0, W=0
T=58215, R=0, W=0
T=162678, R=0, W=0
T=184423, R=0, W=0
T=64284, R=0, W=0
T=200158, R=0, W=0
T=214822, R=0, W=0
T=164288, R=0, W=0
T=184020, R=0, W=0
T=102227, R=0, W=0
T=190256, R=0, W=0
T=123839, R=0, W=0
T=106206, R=0, W=0
T=140065, R=0, W=0
T=130943, R=0, W=0
T=100340, R=0, W=0
T=179883, R=0, W=0
T=81728, R=0, W=0
T=249909, R=0, W=0
T=166556, R=0, W=0
T=198648, R=0, W=0
T=135614, R=0, W=0
T=282445, R=0, W=0
T=68548, R=0, W=0
T=157671, R=0, W=0
T=215911, R=0, W=0
T=52286, R=0, W=0
T=61270, R=0, W=0
T=244099, R=0, W=0
T=120239, R=0, W=0
T=153742, R=0, W=0
T=148792, R=0, W=0
T=167667, R=0, W=0
T=169049, R=0, W=0
T=189260, R=0, W=0
T=117443, R=0, W=0
T=156746, R=0, W=0
T=111878, R=0, W=0
T=145270, R=0, W=0
T=160396, R=0, W=0
T=101052, R=0, W=0
T=183401, R=0, W=0
T=75190, R=0, W=0
T=222020, R=0, W=0
T=178956, R=0, W=0
T=179338, R=0, W=0
T=170646, R=0, W=0
T=181881, R=0, W=0
T=207719, R=0, W=0
T=298868, R=0, W=0
T=191863, R=0, W=0
T=100429, R=0, W=0
T=305155, R=0, W=0
T=118684, R=0, W=0
T=121901, R=0, W=0
T=31699, R=0, W=0
T=166780, R=0, W=0
T=216542, R=0, W=0
T=171630, R=0, W=0
T=211238, R=0, W=0
T=79755, R=0, W=0
T=227852, R=0, W=0
T=158350, R=0, W=0
T=49157, R=0, W=0
T=171256, R=0, W=0
T=103376, R=0, W=0
T=104263, R=0, W=0
T=128603, R=0, W=0
T=253148, R=0, W=0
T=125021, R=0, W=0
T=154638, R=0, W=0
T=81693, R=0, W=0
T=86272, R=0, W=0
T=143823, R=0, W=0
T=193379, R=0, W=0
T=101927, R=0, W=0
T=182393, R=0, W=0
T=224720, R=0, W=0
T=114338, R=0, W=0
T=237916, R=0, W=0
T=219684, R=0, W=0
T=166544, R=0, W=0
T=131888, R=0, W=0
T=188523, R=0, W=0
T=80140, R=0, W=0
T=120251, R=0, W=0
T=265411, R=0, W=0
T=214343, R=0, W=0
T=204204, R=0, W=0
T=206963, R=0, W=0
T=161110, R=0, W=0
T=54086, R=0, W=0
T=82214, R=0, W=0
T=114068, R=0, W=0
T=176238, R=0, W=0
T=206630, R=0, W=0
T=178670, R=0, W=0
T=81068, R=0, W=0
T=96891, R=0, W=0
T=136517, R=0, W=0
T=31841, R=0, W=0
T=212829, R=0, W=0
T=142775, R=0, W=0
T=114719, R=0, W=0
T=166375, R=0, W=0
T=103947, R=0, W=0
T=282780, R=0, W=0
T=40319, R=0, W=0
T=169998, R=0, W=0
T=198169, R=0, W=0
T=167316, R=0, W=0
T=38895, R=0, W=0
T=175272, R=0, W=0
T=63415, R=0, W=0
T=68126, R=0, W=0
T=115223, R=0, W=0
T=86806, R=0, W=0
T=179306, R=0, W=0
T=156665, R=0, W=0
T=205743, R=0, W=0
T=67664, R=0, W=0
T=93636, R=0, W=0

TOTAL: T=39149856, R=0, W=0
--- 20,946 MB collected in 0.099 secs (0.7% of total), longest GC took 0.013 secs
DATA gc:  total_k 21449249  total_secs 0.099376  max_secs 0.012906
