Number of accounts  = 512
Initial amount      = 100000.0
Maximal transfer    = 10
Read-all frequency  = 0%
Write-all frequency = 0%
Read-all threads    = 0
Write-all threads   = 0
Disjoint            = false
Yield               = false

Starting threads... 0 1 2 3 4 5 6 7
End of warmup phase... 0 1 2 3 4 5 6 7
End of test phase... 0 1 2 3 4 5 6 7
Waiting for threads to finish...
All threads returned successfully
RESULTS:

  Warmup duration (ms) = 20000
  Test duration (ms)   = 10000
  Nb iterations        = 62092485
  Stats                = T=62092485, R=0, W=0, TOTAL=51200012 [ 0=99730.0 1=99752.0 2=97619.0 3=105438.0 4=101102.0 5=106539.0 6=98923.0 7=106173.0 8=96885.0 9=104500.0 10=92611.0 11=106884.0 12=97098.0 13=102400.0 14=100373.0 15=101520.0 16=92315.0 17=107532.0 18=95701.0 19=106149.0 20=98313.0 21=91707.0 22=96295.0 23=106126.0 24=93992.0 25=92041.0 26=109967.0 27=104595.0 28=98361.0 29=105316.0 30=96892.0 31=107890.0 32=98687.0 33=96019.0 34=101944.0 35=95758.0 36=91991.0 37=100934.0 38=100020.0 39=104933.0 40=102533.0 41=102168.0 42=107833.0 43=103640.0 44=97170.0 45=104259.0 46=96846.0 47=92076.0 48=96258.0 49=107346.0 50=100346.0 51=102473.0 52=100731.0 53=94184.0 54=107133.0 55=107539.0 56=95551.0 57=114099.0 58=88493.0 59=100314.0 60=96055.0 61=96036.0 62=100005.0 63=98902.0 64=96856.0 65=97517.0 66=100291.0 67=103001.0 68=114618.0 69=102955.0 70=97727.0 71=88196.0 72=97764.0 73=101101.0 74=99539.0 75=104898.0 76=94695.0 77=88236.0 78=104805.0 79=103857.0 80=96943.0 81=109000.0 82=107349.0 83=103709.0 84=104601.0 85=97809.0 86=95200.0 87=97998.0 88=96271.0 89=103247.0 90=95583.0 91=105755.0 92=97611.0 93=107814.0 94=97693.0 95=98579.0 96=103793.0 97=101628.0 98=100198.0 99=105892.0 100=104425.0 101=102116.0 102=105559.0 103=99346.0 104=98830.0 105=89674.0 106=100131.0 107=95106.0 108=100032.0 109=98364.0 110=106821.0 111=106493.0 112=105344.0 113=94465.0 114=97022.0 115=98823.0 116=103208.0 117=99014.0 118=101373.0 119=105251.0 120=104146.0 121=92708.0 122=99010.0 123=102783.0 124=100501.0 125=94995.0 126=94654.0 127=104739.0 128=94871.0 129=112764.0 130=100064.0 131=106239.0 132=108117.0 133=105670.0 134=101254.0 135=97466.0 136=89316.0 137=96655.0 138=94862.0 139=97805.0 140=89539.0 141=89419.0 142=92984.0 143=97677.0 144=105168.0 145=103016.0 146=107277.0 147=112922.0 148=98418.0 149=88162.0 150=102945.0 151=98249.0 152=97440.0 153=103404.0 154=101214.0 155=96622.0 156=97724.0 157=102400.0 158=99839.0 159=105713.0 160=98338.0 161=108129.0 162=88247.0 163=95383.0 164=103955.0 165=101733.0 166=98607.0 167=90672.0 168=86309.0 169=99957.0 170=103667.0 171=99163.0 172=104692.0 173=98159.0 174=98967.0 175=93881.0 176=87695.0 177=112124.0 178=103456.0 179=98792.0 180=97895.0 181=105674.0 182=102525.0 183=105423.0 184=102176.0 185=93873.0 186=108304.0 187=97527.0 188=103874.0 189=95291.0 190=99418.0 191=106775.0 192=99027.0 193=94467.0 194=97342.0 195=95905.0 196=109190.0 197=102644.0 198=96932.0 199=99981.0 200=94303.0 201=98056.0 202=101517.0 203=107196.0 204=96626.0 205=102304.0 206=104392.0 207=103395.0 208=101832.0 209=101725.0 210=94751.0 211=95058.0 212=103585.0 213=102447.0 214=103850.0 215=100243.0 216=91660.0 217=110784.0 218=98038.0 219=98311.0 220=97491.0 221=94690.0 222=87169.0 223=94354.0 224=107136.0 225=99817.0 226=94378.0 227=103781.0 228=92933.0 229=104247.0 230=107703.0 231=100526.0 232=96622.0 233=97807.0 234=102340.0 235=101378.0 236=88358.0 237=99773.0 238=102697.0 239=94844.0 240=110159.0 241=93453.0 242=97424.0 243=105294.0 244=86896.0 245=99282.0 246=105663.0 247=102691.0 248=103940.0 249=106514.0 250=92034.0 251=98718.0 252=96455.0 253=97738.0 254=98404.0 255=104983.0 256=102503.0 257=96690.0 258=101703.0 259=99333.0 260=106453.0 261=108825.0 262=99949.0 263=103910.0 264=93723.0 265=105397.0 266=109768.0 267=100082.0 268=95794.0 269=107216.0 270=105311.0 271=110027.0 272=105546.0 273=98895.0 274=100603.0 275=94523.0 276=88536.0 277=99064.0 278=98622.0 279=102268.0 280=91827.0 281=90695.0 282=94153.0 283=92763.0 284=104344.0 285=97580.0 286=97446.0 287=102360.0 288=104162.0 289=103363.0 290=109799.0 291=102840.0 292=95519.0 293=96906.0 294=107196.0 295=102800.0 296=95002.0 297=94068.0 298=105778.0 299=97352.0 300=104870.0 301=96681.0 302=91375.0 303=102491.0 304=103095.0 305=94028.0 306=100375.0 307=107538.0 308=105899.0 309=99612.0 310=93896.0 311=101084.0 312=93839.0 313=100484.0 314=105408.0 315=100410.0 316=102317.0 317=99999.0 318=102717.0 319=107547.0 320=90729.0 321=94334.0 322=91398.0 323=98082.0 324=97781.0 325=100821.0 326=95944.0 327=97931.0 328=108133.0 329=95687.0 330=98028.0 331=95715.0 332=98987.0 333=101760.0 334=102813.0 335=109493.0 336=96832.0 337=102876.0 338=97626.0 339=108936.0 340=93450.0 341=95262.0 342=97798.0 343=96504.0 344=99304.0 345=113192.0 346=99911.0 347=103723.0 348=109247.0 349=110943.0 350=101765.0 351=109460.0 352=97010.0 353=97504.0 354=94653.0 355=100758.0 356=112122.0 357=98688.0 358=108683.0 359=100165.0 360=99757.0 361=92103.0 362=97488.0 363=95796.0 364=92961.0 365=99440.0 366=98554.0 367=95958.0 368=108652.0 369=99355.0 370=101386.0 371=86825.0 372=99716.0 373=106485.0 374=106231.0 375=100504.0 376=93520.0 377=103678.0 378=96375.0 379=93944.0 380=105360.0 381=101570.0 382=99085.0 383=108323.0 384=97721.0 385=100289.0 386=99201.0 387=99474.0 388=105162.0 389=94734.0 390=93113.0 391=93643.0 392=102955.0 393=105265.0 394=105147.0 395=94839.0 396=101074.0 397=95795.0 398=97407.0 399=100078.0 400=99713.0 401=88503.0 402=101237.0 403=100875.0 404=99608.0 405=95402.0 406=102771.0 407=100383.0 408=102542.0 409=101083.0 410=96044.0 411=95155.0 412=96468.0 413=99149.0 414=107123.0 415=110787.0 416=101416.0 417=106238.0 418=108544.0 419=91220.0 420=89105.0 421=98748.0 422=101103.0 423=107180.0 424=100595.0 425=98428.0 426=105249.0 427=106087.0 428=99338.0 429=101610.0 430=100348.0 431=102965.0 432=103817.0 433=97510.0 434=104654.0 435=97473.0 436=98104.0 437=104795.0 438=104877.0 439=101581.0 440=102296.0 441=94458.0 442=94058.0 443=102087.0 444=99866.0 445=108303.0 446=100034.0 447=111667.0 448=100409.0 449=87559.0 450=99379.0 451=106232.0 452=93962.0 453=91093.0 454=98823.0 455=105573.0 456=86775.0 457=95087.0 458=96180.0 459=100860.0 460=104926.0 461=96603.0 462=105900.0 463=100459.0 464=104402.0 465=93510.0 466=90759.0 467=94889.0 468=96670.0 469=96208.0 470=107961.0 471=97379.0 472=109120.0 473=98171.0 474=93500.0 475=104506.0 476=97942.0 477=96031.0 478=98081.0 479=93885.0 480=98261.0 481=105776.0 482=98684.0 483=90597.0 484=97914.0 485=105475.0 486=96920.0 487=99062.0 488=106412.0 489=100464.0 490=98101.0 491=102708.0 492=100841.0 493=99289.0 494=97634.0 495=95957.0 496=100699.0 497=86586.0 498=94189.0 499=106217.0 500=99548.0 501=106437.0 502=103660.0 503=98127.0 504=109559.0 505=105040.0 506=96393.0 507=99385.0 508=94561.0 509=95341.0 510=97372.0 511=92164.0 ]
    0 : 8243388 (T=8243388, R=0, W=0)
    1 : 8241947 (T=8241947, R=0, W=0)
    2 : 8238340 (T=8238340, R=0, W=0)
    3 : 7900562 (T=7900562, R=0, W=0)
    4 : 7958944 (T=7958944, R=0, W=0)
    5 : 8239012 (T=8239012, R=0, W=0)
    6 : 7820857 (T=7820857, R=0, W=0)
    7 : 5449435 (T=5449435, R=0, W=0)
--- 73,630 MB collected in 0.095 secs (0.3% of total), longest GC took 0.007 secs
DATA gc:  total_k 75397608  total_secs 0.095492  max_secs 0.007214
