Number of accounts  = 256
Initial amount      = 100000.0
Maximal transfer    = 10
Read-all frequency  = 0%
Write-all frequency = 0%
Read-all threads    = 0
Write-all threads   = 0
Disjoint            = false
Yield               = false

Starting threads... 0 1 2 3
End of warmup phase... 0 1 2 3
End of test phase... 0 1 2 3
Waiting for threads to finish...
All threads returned successfully
RESULTS:

  Warmup duration (ms) = 4000
  Test duration (ms)   = 10000
  Nb iterations        = 33262673
  Stats                = T=33262673, R=0, W=0, TOTAL=25599998 [ 0=100696.0 1=99524.0 2=89805.0 3=95720.0 4=97802.0 5=93348.0 6=99746.0 7=101187.0 8=102459.0 9=94008.0 10=97474.0 11=105648.0 12=96730.0 13=96812.0 14=101856.0 15=100690.0 16=99701.0 17=96924.0 18=99535.0 19=101677.0 20=97535.0 21=108122.0 22=95414.0 23=100277.0 24=100448.0 25=99367.0 26=99666.0 27=99094.0 28=97174.0 29=98471.0 30=91790.0 31=95982.0 32=101429.0 33=98832.0 34=99546.0 35=97316.0 36=100573.0 37=99714.0 38=102510.0 39=106507.0 40=107824.0 41=96729.0 42=102241.0 43=101577.0 44=97725.0 45=101041.0 46=99983.0 47=103025.0 48=101188.0 49=108059.0 50=103344.0 51=108896.0 52=102133.0 53=97841.0 54=101792.0 55=102511.0 56=100334.0 57=97757.0 58=96476.0 59=103453.0 60=102927.0 61=104574.0 62=104453.0 63=100142.0 64=98789.0 65=102262.0 66=103073.0 67=98514.0 68=98837.0 69=104274.0 70=98406.0 71=98152.0 72=97591.0 73=99363.0 74=95770.0 75=99391.0 76=101542.0 77=104699.0 78=100780.0 79=101167.0 80=91469.0 81=96960.0 82=88778.0 83=103897.0 84=103407.0 85=100782.0 86=99622.0 87=95996.0 88=95527.0 89=104996.0 90=100602.0 91=105314.0 92=107874.0 93=97695.0 94=99934.0 95=98500.0 96=98013.0 97=97855.0 98=97627.0 99=101230.0 100=106586.0 101=102026.0 102=104618.0 103=103017.0 104=100451.0 105=93034.0 106=102577.0 107=98947.0 108=103601.0 109=92437.0 110=98411.0 111=99942.0 112=101018.0 113=100146.0 114=96664.0 115=94773.0 116=103643.0 117=102185.0 118=100833.0 119=98504.0 120=104593.0 121=98769.0 122=104883.0 123=99148.0 124=96244.0 125=103236.0 126=97449.0 127=98594.0 128=101733.0 129=100118.0 130=98367.0 131=99340.0 132=97179.0 133=99699.0 134=101246.0 135=98594.0 136=101826.0 137=94857.0 138=91364.0 139=97397.0 140=100606.0 141=103525.0 142=101512.0 143=103225.0 144=103630.0 145=103465.0 146=102395.0 147=104413.0 148=99192.0 149=92299.0 150=103077.0 151=97999.0 152=97619.0 153=101642.0 154=96503.0 155=98232.0 156=99964.0 157=101102.0 158=101152.0 159=100539.0 160=97061.0 161=93676.0 162=99035.0 163=101729.0 164=102316.0 165=104830.0 166=102972.0 167=101247.0 168=94097.0 169=94209.0 170=100708.0 171=103682.0 172=98100.0 173=98980.0 174=103192.0 175=102292.0 176=107820.0 177=103417.0 178=100863.0 179=106400.0 180=94196.0 181=95204.0 182=96006.0 183=99428.0 184=99358.0 185=103330.0 186=93780.0 187=104337.0 188=103204.0 189=103268.0 190=104155.0 191=97428.0 192=99769.0 193=96953.0 194=99632.0 195=97672.0 196=99619.0 197=98625.0 198=101554.0 199=105912.0 200=97178.0 201=95570.0 202=101578.0 203=95535.0 204=102648.0 205=98141.0 206=101994.0 207=91707.0 208=100328.0 209=101828.0 210=101616.0 211=103233.0 212=101510.0 213=97038.0 214=92230.0 215=102070.0 216=101671.0 217=95645.0 218=98532.0 219=93806.0 220=94354.0 221=101576.0 222=96890.0 223=101124.0 224=102789.0 225=103678.0 226=97596.0 227=99515.0 228=108708.0 229=94165.0 230=100341.0 231=104432.0 232=94487.0 233=96393.0 234=95851.0 235=100839.0 236=103458.0 237=101952.0 238=105343.0 239=99140.0 240=103932.0 241=100563.0 242=102687.0 243=100541.0 244=101367.0 245=103390.0 246=103028.0 247=104669.0 248=102111.0 249=99305.0 250=98533.0 251=97968.0 252=104742.0 253=98499.0 254=104088.0 255=92070.0 ]
    0 : 8350758 (T=8350758, R=0, W=0)
    1 : 8738342 (T=8738342, R=0, W=0)
    2 : 8706104 (T=8706104, R=0, W=0)
    3 : 7467469 (T=7467469, R=0, W=0)
--- 8,542 MB collected in 0.059 secs (0.5% of total), longest GC took 0.009 secs
DATA gc:  total_k 8747455  total_secs 0.058594  max_secs 0.00927
