Number of accounts  = 2
Initial amount      = 100000.0
Maximal transfer    = 10
Read-all frequency  = 0%
Write-all frequency = 0%
Read-all threads    = 0
Write-all threads   = 0
Disjoint            = false
Yield               = false

Starting threads... 0
End of warmup phase... 0
End of test phase... 0
Waiting for threads to finish...
All threads returned successfully
RESULTS:

  Warmup duration (ms) = 4000
  Test duration (ms)   = 10000
  Nb iterations        = 16109258
  Stats                = T=16109258, R=0, W=0, TOTAL=200000 [ 0=118430.0 1=81570.0 ]
    0 : 16109258 (T=16109258, R=0, W=0)
--- 3,846 MB collected in 0.041 secs (0.3% of total), longest GC took 0.005 secs
DATA gc:  total_k 3938432  total_secs 0.041128  max_secs 0.004621
