TL2CM Initialized:
Contention Manager: Polka busy-waiting [C=10]
Number of accounts  = 256
Initial amount      = 100000.0
Maximal transfer    = 10
Read-all frequency  = 0%
Write-all frequency = 0%
Read-all threads    = 0
Write-all threads   = 0
Disjoint            = false
Yield               = false

Starting threads... 0 1 2 3
End of warmup phase... 0 1 2 3
End of test phase... 0 1 2 3
Waiting for threads to finish...
All threads returned successfully
RESULTS:

  Warmup duration (ms) = 20000
  Test duration (ms)   = 10000
  Nb iterations        = 11894977
  Stats                = T=11894977, R=0, W=0, TOTAL=25580858 [ 0=101720.0 1=98717.0 2=100214.0 3=102214.0 4=99784.0 5=96522.0 6=100063.0 7=98391.0 8=105190.0 9=101197.0 10=99295.0 11=104665.0 12=104914.0 13=99378.0 14=98571.0 15=105541.0 16=98768.0 17=105652.0 18=98645.0 19=97104.0 20=97634.0 21=99297.0 22=99531.0 23=92118.0 24=100031.0 25=99972.0 26=103200.0 27=96888.0 28=104277.0 29=103295.0 30=98873.0 31=96318.0 32=99517.0 33=101393.0 34=98492.0 35=92289.0 36=101479.0 37=104332.0 38=98813.0 39=105034.0 40=99071.0 41=98872.0 42=96846.0 43=98268.0 44=101566.0 45=99065.0 46=104623.0 47=98535.0 48=99051.0 49=97667.0 50=99088.0 51=96929.0 52=101264.0 53=107531.0 54=108313.0 55=96659.0 56=100863.0 57=97294.0 58=98650.0 59=93601.0 60=94948.0 61=104736.0 62=99510.0 63=99859.0 64=100381.0 65=98602.0 66=106107.0 67=101167.0 68=102524.0 69=94989.0 70=100881.0 71=101256.0 72=97303.0 73=100338.0 74=99619.0 75=98141.0 76=103425.0 77=100365.0 78=96134.0 79=95161.0 80=99857.0 81=99933.0 82=101628.0 83=104960.0 84=94809.0 85=102316.0 86=101083.0 87=100797.0 88=98871.0 89=99345.0 90=98343.0 91=98824.0 92=93387.0 93=103199.0 94=99027.0 95=100491.0 96=100708.0 97=102845.0 98=98429.0 99=99357.0 100=92916.0 101=98319.0 102=98076.0 103=99434.0 104=98218.0 105=98391.0 106=98465.0 107=98543.0 108=102942.0 109=98356.0 110=103060.0 111=99880.0 112=99100.0 113=101985.0 114=98733.0 115=99723.0 116=104213.0 117=102840.0 118=104773.0 119=98245.0 120=94836.0 121=97959.0 122=105346.0 123=100830.0 124=96828.0 125=100941.0 126=98494.0 127=96153.0 128=100737.0 129=96421.0 130=104656.0 131=103910.0 132=101153.0 133=102753.0 134=95498.0 135=97572.0 136=97924.0 137=93974.0 138=101734.0 139=97584.0 140=96867.0 141=93959.0 142=100454.0 143=102252.0 144=93886.0 145=98277.0 146=101443.0 147=102864.0 148=101009.0 149=98358.0 150=103917.0 151=101440.0 152=103129.0 153=101982.0 154=96634.0 155=94671.0 156=101003.0 157=102133.0 158=102908.0 159=97461.0 160=101444.0 161=100473.0 162=107243.0 163=94871.0 164=97868.0 165=96211.0 166=95761.0 167=102067.0 168=102575.0 169=100852.0 170=101955.0 171=99428.0 172=98697.0 173=92247.0 174=93458.0 175=93229.0 176=100892.0 177=102725.0 178=105386.0 179=98587.0 180=99439.0 181=102336.0 182=103582.0 183=103869.0 184=97863.0 185=98123.0 186=104820.0 187=105601.0 188=96534.0 189=98994.0 190=98284.0 191=97058.0 192=105021.0 193=99748.0 194=101213.0 195=102094.0 196=104314.0 197=103017.0 198=97867.0 199=103417.0 200=94179.0 201=110283.0 202=96163.0 203=96074.0 204=98618.0 205=104986.0 206=99875.0 207=101489.0 208=101502.0 209=100358.0 210=95917.0 211=97267.0 212=100007.0 213=100843.0 214=105056.0 215=99675.0 216=108391.0 217=98640.0 218=100669.0 219=103324.0 220=94225.0 221=99653.0 222=100935.0 223=103630.0 224=103312.0 225=101160.0 226=103395.0 227=100319.0 228=102061.0 229=98404.0 230=96640.0 231=105239.0 232=98951.0 233=106375.0 234=102688.0 235=97614.0 236=96379.0 237=96641.0 238=99404.0 239=99954.0 240=95717.0 241=104202.0 242=98126.0 243=104068.0 244=88450.0 245=105099.0 246=99245.0 247=100456.0 248=98897.0 249=96849.0 250=99847.0 251=99248.0 252=99979.0 253=89061.0 254=101881.0 255=97374.0 ]
    0 : 2946942 (T=2946942, R=0, W=0)
    1 : 2939413 (T=2939413, R=0, W=0)
    2 : 3016290 (T=3016290, R=0, W=0)
    3 : 2992332 (T=2992332, R=0, W=0)
--- 22,851 MB collected in 0.073 secs (0.2% of total), longest GC took 0.010 secs
DATA gc:  total_k 23400367  total_secs 0.072545  max_secs 0.009908
