TL2CM Initialized:
Contention Manager: Polka busy-waiting [C=10]
Number of accounts  = 512
Initial amount      = 100000.0
Maximal transfer    = 10
Read-all frequency  = 0%
Write-all frequency = 0%
Read-all threads    = 0
Write-all threads   = 0
Disjoint            = false
Yield               = false

Starting threads... 0 1 2 3 4 5 6 7
End of warmup phase... 0 1 2 3 4 5 6 7
End of test phase... 0 1 2 3 4 5 6 7
Waiting for threads to finish...
All threads returned successfully
RESULTS:

  Warmup duration (ms) = 20000
  Test duration (ms)   = 10000
  Nb iterations        = 13931592
  Stats                = T=13931592, R=0, W=0, TOTAL=51180060 [ 0=100562.0 1=100415.0 2=96486.0 3=100563.0 4=97676.0 5=98382.0 6=101404.0 7=100273.0 8=98594.0 9=99953.0 10=100256.0 11=99627.0 12=101759.0 13=98407.0 14=98927.0 15=101643.0 16=97189.0 17=102597.0 18=103138.0 19=100855.0 20=98638.0 21=99637.0 22=93176.0 23=104491.0 24=101324.0 25=99973.0 26=94195.0 27=98186.0 28=97844.0 29=100625.0 30=94520.0 31=99712.0 32=100480.0 33=95070.0 34=101638.0 35=101881.0 36=100566.0 37=98644.0 38=102942.0 39=100710.0 40=105805.0 41=97725.0 42=98043.0 43=101609.0 44=98419.0 45=103519.0 46=102266.0 47=99050.0 48=99350.0 49=97734.0 50=102559.0 51=106087.0 52=104374.0 53=103142.0 54=100836.0 55=104447.0 56=98540.0 57=102613.0 58=102270.0 59=96280.0 60=99536.0 61=99793.0 62=101168.0 63=99077.0 64=99839.0 65=101994.0 66=100416.0 67=96816.0 68=96624.0 69=104684.0 70=96685.0 71=100328.0 72=105052.0 73=101915.0 74=98452.0 75=104679.0 76=101314.0 77=97830.0 78=99568.0 79=103575.0 80=97703.0 81=100171.0 82=96900.0 83=98482.0 84=100617.0 85=94001.0 86=101924.0 87=97303.0 88=101546.0 89=103692.0 90=104144.0 91=99684.0 92=99132.0 93=99794.0 94=96458.0 95=99228.0 96=98880.0 97=101401.0 98=101715.0 99=97070.0 100=100727.0 101=101299.0 102=97450.0 103=99587.0 104=98229.0 105=98515.0 106=97159.0 107=105180.0 108=97759.0 109=95681.0 110=96749.0 111=99896.0 112=96849.0 113=100818.0 114=101393.0 115=102431.0 116=100721.0 117=98081.0 118=98728.0 119=98565.0 120=98777.0 121=103259.0 122=102461.0 123=100437.0 124=99257.0 125=102428.0 126=100282.0 127=102262.0 128=100357.0 129=97439.0 130=99598.0 131=98301.0 132=94322.0 133=101549.0 134=100462.0 135=101741.0 136=99456.0 137=97897.0 138=100268.0 139=100698.0 140=94926.0 141=99477.0 142=100432.0 143=102465.0 144=101644.0 145=103657.0 146=96410.0 147=98850.0 148=99778.0 149=100143.0 150=100189.0 151=103513.0 152=97096.0 153=97895.0 154=102635.0 155=95324.0 156=98960.0 157=104497.0 158=98122.0 159=98532.0 160=100173.0 161=97398.0 162=98533.0 163=97704.0 164=104460.0 165=95491.0 166=97198.0 167=101057.0 168=99119.0 169=103711.0 170=103936.0 171=99313.0 172=97011.0 173=103065.0 174=103288.0 175=101347.0 176=98328.0 177=98360.0 178=101752.0 179=99708.0 180=96954.0 181=102611.0 182=96245.0 183=97594.0 184=99736.0 185=99767.0 186=94938.0 187=98437.0 188=105975.0 189=101733.0 190=99247.0 191=100304.0 192=99648.0 193=100013.0 194=104514.0 195=99230.0 196=98503.0 197=97625.0 198=97182.0 199=100209.0 200=100767.0 201=99378.0 202=101008.0 203=100259.0 204=96868.0 205=100183.0 206=96883.0 207=97559.0 208=98588.0 209=101082.0 210=100803.0 211=100794.0 212=102125.0 213=99087.0 214=104923.0 215=98266.0 216=101219.0 217=105060.0 218=100157.0 219=102677.0 220=100819.0 221=98780.0 222=97660.0 223=96119.0 224=96908.0 225=101517.0 226=98051.0 227=103436.0 228=101632.0 229=101246.0 230=100816.0 231=102842.0 232=99208.0 233=97040.0 234=102270.0 235=98633.0 236=93406.0 237=98022.0 238=97663.0 239=103847.0 240=102699.0 241=99495.0 242=97985.0 243=100341.0 244=99574.0 245=103373.0 246=101033.0 247=99751.0 248=101896.0 249=99369.0 250=103061.0 251=103206.0 252=101256.0 253=102115.0 254=102213.0 255=99584.0 256=100334.0 257=97943.0 258=105013.0 259=101348.0 260=99892.0 261=98235.0 262=100699.0 263=101488.0 264=96117.0 265=101885.0 266=101512.0 267=100744.0 268=96648.0 269=101482.0 270=100820.0 271=101608.0 272=99318.0 273=102698.0 274=99902.0 275=100013.0 276=99702.0 277=100878.0 278=100075.0 279=98663.0 280=100715.0 281=103778.0 282=97068.0 283=100570.0 284=97537.0 285=100028.0 286=98669.0 287=99837.0 288=99433.0 289=102593.0 290=99940.0 291=104033.0 292=100466.0 293=103281.0 294=91632.0 295=97481.0 296=99069.0 297=98731.0 298=97970.0 299=100303.0 300=98409.0 301=99839.0 302=101424.0 303=97529.0 304=96557.0 305=101189.0 306=101781.0 307=100495.0 308=95684.0 309=102594.0 310=104092.0 311=101924.0 312=100203.0 313=100218.0 314=104602.0 315=99871.0 316=98548.0 317=102717.0 318=102356.0 319=101913.0 320=100260.0 321=100654.0 322=100525.0 323=96724.0 324=101379.0 325=99475.0 326=99565.0 327=99770.0 328=102707.0 329=104009.0 330=107815.0 331=99661.0 332=99713.0 333=100987.0 334=97102.0 335=98132.0 336=101895.0 337=98180.0 338=99708.0 339=105221.0 340=99194.0 341=107240.0 342=99065.0 343=98061.0 344=100567.0 345=103880.0 346=91618.0 347=102933.0 348=97327.0 349=98565.0 350=99066.0 351=100785.0 352=98734.0 353=98000.0 354=98694.0 355=98646.0 356=100261.0 357=97907.0 358=99535.0 359=100493.0 360=99397.0 361=96780.0 362=98360.0 363=101776.0 364=98089.0 365=100210.0 366=102010.0 367=100866.0 368=101745.0 369=102191.0 370=102446.0 371=94519.0 372=96485.0 373=99878.0 374=101453.0 375=99373.0 376=100601.0 377=97547.0 378=103756.0 379=96091.0 380=94964.0 381=100136.0 382=102347.0 383=102989.0 384=99744.0 385=100726.0 386=100288.0 387=95932.0 388=95095.0 389=103447.0 390=100418.0 391=96668.0 392=100081.0 393=100628.0 394=98578.0 395=100396.0 396=100025.0 397=100329.0 398=101418.0 399=100405.0 400=101637.0 401=101158.0 402=100459.0 403=107649.0 404=96569.0 405=96023.0 406=102793.0 407=97325.0 408=99288.0 409=99433.0 410=101040.0 411=98698.0 412=99279.0 413=101496.0 414=99907.0 415=103027.0 416=100919.0 417=101163.0 418=99489.0 419=103899.0 420=97227.0 421=98430.0 422=98675.0 423=100851.0 424=99493.0 425=100804.0 426=99223.0 427=105799.0 428=101719.0 429=102881.0 430=101815.0 431=96935.0 432=101227.0 433=96661.0 434=96393.0 435=98882.0 436=97721.0 437=99387.0 438=103966.0 439=101396.0 440=93673.0 441=97289.0 442=98430.0 443=98279.0 444=102355.0 445=100481.0 446=94717.0 447=103171.0 448=102617.0 449=95635.0 450=104805.0 451=103351.0 452=99342.0 453=99001.0 454=97249.0 455=101492.0 456=105587.0 457=102013.0 458=100174.0 459=98844.0 460=101280.0 461=98657.0 462=103324.0 463=102549.0 464=98020.0 465=100413.0 466=96287.0 467=98223.0 468=99175.0 469=98103.0 470=103815.0 471=98236.0 472=102285.0 473=99294.0 474=99962.0 475=96553.0 476=99894.0 477=95701.0 478=103935.0 479=97267.0 480=102490.0 481=103888.0 482=98782.0 483=99141.0 484=96520.0 485=96561.0 486=101865.0 487=102177.0 488=96625.0 489=99849.0 490=99776.0 491=103808.0 492=98150.0 493=101774.0 494=102043.0 495=97863.0 496=96487.0 497=100660.0 498=98458.0 499=99253.0 500=100404.0 501=99508.0 502=100018.0 503=97848.0 504=100113.0 505=98472.0 506=98309.0 507=96423.0 508=92857.0 509=98275.0 510=100317.0 511=100417.0 ]
    0 : 1740091 (T=1740091, R=0, W=0)
    1 : 1719813 (T=1719813, R=0, W=0)
    2 : 1751147 (T=1751147, R=0, W=0)
    3 : 1745782 (T=1745782, R=0, W=0)
    4 : 1742205 (T=1742205, R=0, W=0)
    5 : 1752956 (T=1752956, R=0, W=0)
    6 : 1744345 (T=1744345, R=0, W=0)
    7 : 1735253 (T=1735253, R=0, W=0)
--- 26,978 MB collected in 0.104 secs (0.4% of total), longest GC took 0.013 secs
DATA gc:  total_k 27626398  total_secs 0.104399  max_secs 0.013243
