TL2CM Initialized:
Contention Manager: Polka busy-waiting [C=10]
Number of accounts  = 4
Initial amount      = 100000.0
Maximal transfer    = 10
Read-all frequency  = 0%
Write-all frequency = 0%
Read-all threads    = 0
Write-all threads   = 0
Disjoint            = false
Yield               = false

Starting threads... 0 1 2 3
End of warmup phase... 0 1 2 3
End of test phase... 0 1 2 3
Waiting for threads to finish...
All threads returned successfully
RESULTS:

  Warmup duration (ms) = 20000
  Test duration (ms)   = 10000
  Nb iterations        = 7161602
  Stats                = T=7159546, R=0, W=0, TOTAL=805496 [ 0=218395.0 1=517781.0 2=68213.0 3=1107.0 ]
    0 : 1990802 (T=1990273, R=0, W=0)
    1 : 1988666 (T=1988159, R=0, W=0)
    2 : 1645355 (T=1644842, R=0, W=0)
    3 : 1536779 (T=1536272, R=0, W=0)
--- 12,924 MB collected in 0.071 secs (0.3% of total), longest GC took 0.010 secs
DATA gc:  total_k 13234895  total_secs 0.071211  max_secs 0.010235
