Number of accounts  = 64
Initial amount      = 100000.0
Maximal transfer    = 10
Read-all frequency  = 0%
Write-all frequency = 0%
Read-all threads    = 0
Write-all threads   = 0
Disjoint            = false
Yield               = false

Starting threads... 0 1 2 3 4 5 6 7 8 9 10 11 12 13 14 15 16 17 18 19 20 21 22 23 24 25 26 27 28 29 30 31 32 33 34 35 36 37 38 39 40 41 42 43 44 45 46 47 48 49 50 51 52 53 54 55 56 57 58 59 60 61 62 63
End of warmup phase... 0 1 2 3 4 5 6 7 8 9 10 11 12 13 14 15 16 17 18 19 20 21 22 23 24 25 26 27 28 29 30 31 32 33 34 35 36 37 38 39 40 41 42 43 44 45 46 47 48 49 50 51 52 53 54 55 56 57 58 59 60 61 62 63
End of test phase... 0 1 2 3 4 5 6 7 8 9 10 11 12 13 14 15 16 17 18 19 20 21 22 23 24 25 26 27 28 29 30 31 32 33 34 35 36 37 38 39 40 41 42 43 44 45 46 47 48 49 50 51 52 53 54 55 56 57 58 59 60 61 62 63
Waiting for threads to finish...
All threads returned successfully
RESULTS:

  Warmup duration (ms) = 4414
  Test duration (ms)   = 10019
  Nb iterations        = 4472
  Stats                = T=4472, R=0, W=0, TOTAL=6400000 [ 0=100053.0 1=99984.0 2=99932.0 3=99994.0 4=99962.0 5=100131.0 6=100066.0 7=100272.0 8=100065.0 9=99983.0 10=99896.0 11=99975.0 12=99954.0 13=99970.0 14=99971.0 15=99896.0 16=99901.0 17=99822.0 18=99868.0 19=100077.0 20=100137.0 21=99891.0 22=100072.0 23=100007.0 24=99964.0 25=100206.0 26=100125.0 27=100028.0 28=99949.0 29=100124.0 30=100072.0 31=100125.0 32=100038.0 33=100059.0 34=100133.0 35=100011.0 36=99930.0 37=100001.0 38=99965.0 39=99974.0 40=99911.0 41=100000.0 42=100111.0 43=99915.0 44=99891.0 45=99995.0 46=100019.0 47=99782.0 48=99919.0 49=100020.0 50=100007.0 51=100085.0 52=99850.0 53=99950.0 54=99934.0 55=99856.0 56=100100.0 57=99902.0 58=99957.0 59=100143.0 60=99930.0 61=100094.0 62=100114.0 63=99932.0 ]
    0 : 59 (T=59, R=0, W=0)
    1 : 125 (T=125, R=0, W=0)
    2 : 50 (T=50, R=0, W=0)
    3 : 61 (T=61, R=0, W=0)
    4 : 76 (T=76, R=0, W=0)
    5 : 37 (T=37, R=0, W=0)
    6 : 69 (T=69, R=0, W=0)
    7 : 69 (T=69, R=0, W=0)
    8 : 57 (T=57, R=0, W=0)
    9 : 92 (T=92, R=0, W=0)
    10 : 68 (T=68, R=0, W=0)
    11 : 75 (T=75, R=0, W=0)
    12 : 70 (T=70, R=0, W=0)
    13 : 57 (T=57, R=0, W=0)
    14 : 77 (T=77, R=0, W=0)
    15 : 82 (T=82, R=0, W=0)
    16 : 69 (T=69, R=0, W=0)
    17 : 62 (T=62, R=0, W=0)
    18 : 63 (T=63, R=0, W=0)
    19 : 84 (T=84, R=0, W=0)
    20 : 59 (T=59, R=0, W=0)
    21 : 67 (T=67, R=0, W=0)
    22 : 67 (T=67, R=0, W=0)
    23 : 85 (T=85, R=0, W=0)
    24 : 99 (T=99, R=0, W=0)
    25 : 56 (T=56, R=0, W=0)
    26 : 65 (T=65, R=0, W=0)
    27 : 71 (T=71, R=0, W=0)
    28 : 101 (T=101, R=0, W=0)
    29 : 87 (T=87, R=0, W=0)
    30 : 66 (T=66, R=0, W=0)
    31 : 70 (T=70, R=0, W=0)
    32 : 54 (T=54, R=0, W=0)
    33 : 84 (T=84, R=0, W=0)
    34 : 75 (T=75, R=0, W=0)
    35 : 57 (T=57, R=0, W=0)
    36 : 81 (T=81, R=0, W=0)
    37 : 46 (T=46, R=0, W=0)
    38 : 62 (T=62, R=0, W=0)
    39 : 86 (T=86, R=0, W=0)
    40 : 48 (T=48, R=0, W=0)
    41 : 99 (T=99, R=0, W=0)
    42 : 55 (T=55, R=0, W=0)
    43 : 70 (T=70, R=0, W=0)
    44 : 70 (T=70, R=0, W=0)
    45 : 56 (T=56, R=0, W=0)
    46 : 65 (T=65, R=0, W=0)
    47 : 50 (T=50, R=0, W=0)
    48 : 69 (T=69, R=0, W=0)
    49 : 63 (T=63, R=0, W=0)
    50 : 51 (T=51, R=0, W=0)
    51 : 81 (T=81, R=0, W=0)
    52 : 64 (T=64, R=0, W=0)
    53 : 55 (T=55, R=0, W=0)
    54 : 56 (T=56, R=0, W=0)
    55 : 72 (T=72, R=0, W=0)
    56 : 74 (T=74, R=0, W=0)
    57 : 70 (T=70, R=0, W=0)
    58 : 99 (T=99, R=0, W=0)
    59 : 67 (T=67, R=0, W=0)
    60 : 62 (T=62, R=0, W=0)
    61 : 80 (T=80, R=0, W=0)
    62 : 82 (T=82, R=0, W=0)
    63 : 74 (T=74, R=0, W=0)
--- 27,673 MB collected in 0.078 secs (0.5% of total), longest GC took 0.010 secs
DATA gc:  total_k 28337263  total_secs 0.07824  max_secs 0.00986
