Starting Multiverse JavaAgent
Number of accounts  = 32
Initial amount      = 100000.0
Maximal transfer    = 10
Read-all frequency  = 0%
Write-all frequency = 0%
Read-all threads    = 0
Write-all threads   = 0
Disjoint            = false
Yield               = false

Starting threads... 0 1 2 3 4 5 6 7 8 9 10 11 12 13 14 15 16 17 18 19 20 21 22 23 24 25 26 27 28 29 30 31
End of warmup phase... 0 1 2 3 4 5 6 7 8 9 10 11 12 13 14 15 16 17 18 19 20 21 22 23 24 25 26 27 28 29 30 31
End of test phase... 0 1 2 3 4 5 6 7 8 9 10 11 12 13 14 15 16 17 18 19 20 21 22 23 24 25 26 27 28 29 30 31
Waiting for threads to finish...
All threads returned successfully
RESULTS:

  Warmup duration (ms) = 4000
  Test duration (ms)   = 10000
  Nb iterations        = 21427788
  Stats                = T=21427788, R=0, W=0, TOTAL=3200000 [ 0=109870.0 1=91405.0 2=112777.0 3=91160.0 4=96233.0 5=96142.0 6=112215.0 7=101083.0 8=88860.0 9=95241.0 10=101807.0 11=99094.0 12=90930.0 13=94674.0 14=94384.0 15=99021.0 16=96342.0 17=106375.0 18=103231.0 19=85475.0 20=101731.0 21=106648.0 22=106666.0 23=97657.0 24=94799.0 25=103558.0 26=118247.0 27=101447.0 28=93044.0 29=113529.0 30=111434.0 31=84921.0 ]
    0 : 665256 (T=665256, R=0, W=0)
    1 : 691231 (T=691231, R=0, W=0)
    2 : 681408 (T=681408, R=0, W=0)
    3 : 666725 (T=666725, R=0, W=0)
    4 : 685845 (T=685845, R=0, W=0)
    5 : 664493 (T=664493, R=0, W=0)
    6 : 659459 (T=659459, R=0, W=0)
    7 : 674605 (T=674605, R=0, W=0)
    8 : 714895 (T=714895, R=0, W=0)
    9 : 673517 (T=673517, R=0, W=0)
    10 : 647335 (T=647335, R=0, W=0)
    11 : 697172 (T=697172, R=0, W=0)
    12 : 666617 (T=666617, R=0, W=0)
    13 : 669035 (T=669035, R=0, W=0)
    14 : 662505 (T=662505, R=0, W=0)
    15 : 676646 (T=676646, R=0, W=0)
    16 : 672140 (T=672140, R=0, W=0)
    17 : 654254 (T=654254, R=0, W=0)
    18 : 680759 (T=680759, R=0, W=0)
    19 : 647305 (T=647305, R=0, W=0)
    20 : 684390 (T=684390, R=0, W=0)
    21 : 671457 (T=671457, R=0, W=0)
    22 : 661199 (T=661199, R=0, W=0)
    23 : 662579 (T=662579, R=0, W=0)
    24 : 730879 (T=730879, R=0, W=0)
    25 : 631925 (T=631925, R=0, W=0)
    26 : 690060 (T=690060, R=0, W=0)
    27 : 669939 (T=669939, R=0, W=0)
    28 : 672724 (T=672724, R=0, W=0)
    29 : 658281 (T=658281, R=0, W=0)
    30 : 669713 (T=669713, R=0, W=0)
    31 : 573440 (T=573440, R=0, W=0)
--- 9,894 MB collected in 0.044 secs (0.3% of total), longest GC took 0.004 secs
DATA gc:  total_k 10132064  total_secs 0.044326  max_secs 0.003791
