Starting Multiverse JavaAgent
Number of accounts  = 512
Initial amount      = 100000.0
Maximal transfer    = 10
Read-all frequency  = 0%
Write-all frequency = 0%
Read-all threads    = 0
Write-all threads   = 0
Disjoint            = false
Yield               = false

Starting threads... 0 1 2 3 4 5 6 7
End of warmup phase... 0 1 2 3 4 5 6 7
End of test phase... 0 1 2 3 4 5 6 7
Waiting for threads to finish...
All threads returned successfully
RESULTS:

  Warmup duration (ms) = 4000
  Test duration (ms)   = 10001
  Nb iterations        = 39802090
  Stats                = T=39802090, R=0, W=0, TOTAL=51200024 [ 0=98167.0 1=92108.0 2=103226.0 3=101047.0 4=102786.0 5=101323.0 6=99944.0 7=99026.0 8=102017.0 9=102905.0 10=101134.0 11=100272.0 12=100425.0 13=100376.0 14=101021.0 15=102764.0 16=98885.0 17=96189.0 18=102857.0 19=98981.0 20=102805.0 21=105577.0 22=100139.0 23=98641.0 24=95373.0 25=98918.0 26=98855.0 27=98971.0 28=99678.0 29=97700.0 30=98683.0 31=99362.0 32=97074.0 33=99517.0 34=104966.0 35=104668.0 36=102647.0 37=99100.0 38=98278.0 39=99803.0 40=104482.0 41=100364.0 42=101083.0 43=104179.0 44=100896.0 45=97294.0 46=95602.0 47=93830.0 48=95499.0 49=101748.0 50=98271.0 51=100453.0 52=99399.0 53=99815.0 54=98635.0 55=99974.0 56=100926.0 57=102146.0 58=98722.0 59=97048.0 60=98158.0 61=101368.0 62=97214.0 63=95545.0 64=101173.0 65=102775.0 66=100921.0 67=101861.0 68=100841.0 69=96409.0 70=95570.0 71=94774.0 72=100109.0 73=98155.0 74=102836.0 75=102167.0 76=104503.0 77=98539.0 78=95194.0 79=102732.0 80=100331.0 81=95601.0 82=98145.0 83=98763.0 84=99126.0 85=103489.0 86=99365.0 87=100913.0 88=107186.0 89=101635.0 90=99295.0 91=100228.0 92=102459.0 93=105812.0 94=96512.0 95=104819.0 96=97615.0 97=99457.0 98=99426.0 99=104985.0 100=97958.0 101=99397.0 102=100262.0 103=98089.0 104=94874.0 105=95304.0 106=101434.0 107=98723.0 108=99247.0 109=105240.0 110=96098.0 111=96606.0 112=97025.0 113=106473.0 114=102125.0 115=99099.0 116=95091.0 117=95298.0 118=101095.0 119=100712.0 120=100686.0 121=101432.0 122=104339.0 123=96370.0 124=103107.0 125=101628.0 126=102223.0 127=104818.0 128=101145.0 129=98639.0 130=102834.0 131=101172.0 132=102562.0 133=101616.0 134=99799.0 135=99958.0 136=98952.0 137=96431.0 138=104030.0 139=99596.0 140=99254.0 141=99904.0 142=103486.0 143=96262.0 144=98659.0 145=100472.0 146=100871.0 147=99477.0 148=96903.0 149=100673.0 150=102896.0 151=100675.0 152=100464.0 153=100597.0 154=98583.0 155=95418.0 156=97241.0 157=99084.0 158=96825.0 159=100036.0 160=99945.0 161=102491.0 162=99220.0 163=98134.0 164=103618.0 165=97740.0 166=99933.0 167=99279.0 168=97122.0 169=98862.0 170=101062.0 171=96402.0 172=103169.0 173=102698.0 174=97546.0 175=94936.0 176=101816.0 177=101778.0 178=97716.0 179=96344.0 180=104980.0 181=103770.0 182=101918.0 183=101600.0 184=99656.0 185=102636.0 186=101111.0 187=97160.0 188=94378.0 189=101176.0 190=100500.0 191=101334.0 192=96256.0 193=99070.0 194=98902.0 195=98326.0 196=100920.0 197=97642.0 198=99501.0 199=103219.0 200=102007.0 201=98430.0 202=99584.0 203=102630.0 204=103974.0 205=98844.0 206=100767.0 207=100704.0 208=102685.0 209=105570.0 210=103228.0 211=103201.0 212=100886.0 213=97809.0 214=100207.0 215=103007.0 216=97807.0 217=100904.0 218=98564.0 219=97642.0 220=96896.0 221=99595.0 222=102634.0 223=98643.0 224=103436.0 225=101846.0 226=98137.0 227=97900.0 228=100566.0 229=99361.0 230=95841.0 231=96058.0 232=99808.0 233=95274.0 234=100080.0 235=100538.0 236=98199.0 237=99524.0 238=98968.0 239=98648.0 240=99995.0 241=98363.0 242=96267.0 243=99153.0 244=94760.0 245=104213.0 246=99959.0 247=100071.0 248=101001.0 249=99637.0 250=100154.0 251=100000.0 252=105009.0 253=101467.0 254=102984.0 255=102818.0 256=100989.0 257=97668.0 258=97748.0 259=101070.0 260=102336.0 261=102062.0 262=100611.0 263=100054.0 264=101776.0 265=99699.0 266=102866.0 267=100970.0 268=105283.0 269=97654.0 270=92022.0 271=97539.0 272=100789.0 273=100003.0 274=99735.0 275=103555.0 276=105341.0 277=95526.0 278=100675.0 279=101086.0 280=103475.0 281=103143.0 282=101948.0 283=100948.0 284=99366.0 285=97532.0 286=97231.0 287=100333.0 288=104937.0 289=98921.0 290=99275.0 291=95459.0 292=95474.0 293=101301.0 294=99983.0 295=95864.0 296=103201.0 297=97887.0 298=97733.0 299=98347.0 300=97516.0 301=100945.0 302=100126.0 303=95536.0 304=98935.0 305=99158.0 306=98484.0 307=97696.0 308=102373.0 309=100699.0 310=97664.0 311=100395.0 312=100536.0 313=105313.0 314=103149.0 315=96442.0 316=100401.0 317=97073.0 318=100954.0 319=101361.0 320=104416.0 321=104035.0 322=95035.0 323=96682.0 324=98606.0 325=99802.0 326=99368.0 327=104256.0 328=97438.0 329=97467.0 330=101910.0 331=94558.0 332=98453.0 333=104042.0 334=97366.0 335=99926.0 336=105287.0 337=102673.0 338=97429.0 339=103491.0 340=98596.0 341=103611.0 342=98956.0 343=98155.0 344=103667.0 345=103655.0 346=95810.0 347=100192.0 348=96666.0 349=96000.0 350=96647.0 351=98047.0 352=104386.0 353=95222.0 354=97540.0 355=100390.0 356=95816.0 357=102559.0 358=100167.0 359=103731.0 360=94266.0 361=103544.0 362=99963.0 363=101508.0 364=98776.0 365=103005.0 366=101979.0 367=101631.0 368=98728.0 369=97882.0 370=99636.0 371=98162.0 372=101188.0 373=100178.0 374=101647.0 375=100861.0 376=103264.0 377=100911.0 378=106397.0 379=102551.0 380=105267.0 381=100542.0 382=97655.0 383=99474.0 384=99385.0 385=103950.0 386=105434.0 387=98362.0 388=101173.0 389=98039.0 390=96781.0 391=106617.0 392=100414.0 393=97672.0 394=95085.0 395=104023.0 396=101597.0 397=100825.0 398=101923.0 399=101420.0 400=100318.0 401=99647.0 402=100507.0 403=98165.0 404=98843.0 405=96043.0 406=101420.0 407=99500.0 408=102337.0 409=102684.0 410=101005.0 411=97788.0 412=101319.0 413=99205.0 414=100202.0 415=98701.0 416=102992.0 417=99645.0 418=97853.0 419=102240.0 420=100120.0 421=105275.0 422=96626.0 423=99466.0 424=104644.0 425=99218.0 426=100550.0 427=97312.0 428=97210.0 429=103308.0 430=97698.0 431=95565.0 432=98939.0 433=98555.0 434=101239.0 435=98637.0 436=100069.0 437=104006.0 438=99382.0 439=101099.0 440=98976.0 441=106982.0 442=97361.0 443=99016.0 444=95372.0 445=102467.0 446=97510.0 447=98079.0 448=101356.0 449=95630.0 450=98759.0 451=95296.0 452=95318.0 453=97149.0 454=101904.0 455=104212.0 456=100000.0 457=100408.0 458=101256.0 459=103038.0 460=98709.0 461=94821.0 462=106435.0 463=99393.0 464=102341.0 465=103291.0 466=102437.0 467=101596.0 468=100537.0 469=101597.0 470=97524.0 471=106528.0 472=102034.0 473=100519.0 474=98371.0 475=94475.0 476=94805.0 477=100544.0 478=102435.0 479=94682.0 480=97791.0 481=97825.0 482=98679.0 483=103332.0 484=98512.0 485=99504.0 486=97715.0 487=91389.0 488=102233.0 489=99674.0 490=106011.0 491=97096.0 492=99202.0 493=95726.0 494=106597.0 495=96529.0 496=104051.0 497=103769.0 498=101905.0 499=102191.0 500=99806.0 501=97753.0 502=97956.0 503=103531.0 504=101380.0 505=95251.0 506=98688.0 507=99500.0 508=95445.0 509=98652.0 510=103013.0 511=106894.0 ]
    0 : 4974293 (T=4974293, R=0, W=0)
    1 : 4757967 (T=4757967, R=0, W=0)
    2 : 4779450 (T=4779450, R=0, W=0)
    3 : 5300890 (T=5300890, R=0, W=0)
    4 : 5351073 (T=5351073, R=0, W=0)
    5 : 4723978 (T=4723978, R=0, W=0)
    6 : 5197567 (T=5197567, R=0, W=0)
    7 : 4716872 (T=4716872, R=0, W=0)
--- 11,261 MB collected in 0.039 secs (0.3% of total), longest GC took 0.004 secs
DATA gc:  total_k 11531328  total_secs 0.039349  max_secs 0.003579
