startup =       20000
elapsed =       10000
threads =       64
accounts =      64
init =          1000000
maxAmount =     10
readFreq =      0
writeFreq =     0
readThreads =   0
writeThreads =  0
disjointTrans = false
yieldALot =     false
flavour =       t

warming up
timed execution

TOTAL=6.4000008E7 [ 999499.0 1003712.0 997340.0 1001458.0 1006162.0 1005052.0 995136.0 991459.0 999134.0 999112.0 1000952.0 990193.0 1001620.0 990821.0 996417.0 997147.0 1007902.0 998455.0 997041.0 997252.0 1000441.0 998777.0 994424.0 1004486.0 997900.0 1008283.0 1003720.0 1002309.0 1000160.0 1004069.0 1007726.0 999017.0 998044.0 1003099.0 1000030.0 998730.0 999675.0 999783.0 997079.0 990269.0 1006713.0 996791.0 1001580.0 1001210.0 997319.0 1005479.0 1003949.0 1002768.0 1001231.0 993035.0 1002887.0 1004158.0 996102.0 1006902.0 1006187.0 992089.0 1001099.0 1000036.0 1000481.0 1002283.0 993450.0 999523.0 1004087.0 996756.0 ]

10340 actual elapsed

T=133055, R=0, W=0
T=133471, R=0, W=0
T=132350, R=0, W=0
T=115706, R=0, W=0
T=132589, R=0, W=0
T=131116, R=0, W=0
T=132933, R=0, W=0
T=115497, R=0, W=0
T=129818, R=0, W=0
T=132309, R=0, W=0
T=132864, R=0, W=0
T=113929, R=0, W=0
T=132203, R=0, W=0
T=133742, R=0, W=0
T=132240, R=0, W=0
T=114309, R=0, W=0
T=131923, R=0, W=0
T=131049, R=0, W=0
T=131769, R=0, W=0
T=114254, R=0, W=0
T=132524, R=0, W=0
T=131839, R=0, W=0
T=132370, R=0, W=0
T=114929, R=0, W=0
T=132104, R=0, W=0
T=132621, R=0, W=0
T=133414, R=0, W=0
T=114794, R=0, W=0
T=132299, R=0, W=0
T=131819, R=0, W=0
T=131843, R=0, W=0
T=114024, R=0, W=0
T=132573, R=0, W=0
T=132721, R=0, W=0
T=131235, R=0, W=0
T=114968, R=0, W=0
T=131797, R=0, W=0
T=131955, R=0, W=0
T=133224, R=0, W=0
T=113947, R=0, W=0
T=132490, R=0, W=0
T=131844, R=0, W=0
T=131151, R=0, W=0
T=114856, R=0, W=0
T=132295, R=0, W=0
T=130207, R=0, W=0
T=133110, R=0, W=0
T=67074, R=0, W=0
T=129943, R=0, W=0
T=131619, R=0, W=0
T=132374, R=0, W=0
T=115184, R=0, W=0
T=131425, R=0, W=0
T=131603, R=0, W=0
T=133588, R=0, W=0
T=115042, R=0, W=0
T=132902, R=0, W=0
T=132701, R=0, W=0
T=134293, R=0, W=0
T=114391, R=0, W=0
T=132355, R=0, W=0
T=131801, R=0, W=0
T=131452, R=0, W=0
T=112856, R=0, W=0

TOTAL: T=8130682, R=0, W=0
--- 11326 MB collected in 1.855 secs (5.8% of total), longest GC took 0.145 secs
DATA gc:  total_k 11598395  total_secs 1.85506  max_secs 0.144951
