startup =       20000
elapsed =       10000
threads =       128
accounts =      128
init =          1000000
maxAmount =     10
readFreq =      0
writeFreq =     0
readThreads =   0
writeThreads =  0
disjointTrans = false
yieldALot =     false
flavour =       rfw

warming up
timed execution

TOTAL=1.28000016E8 [ 999619.0 998622.0 1000895.0 993742.0 993922.0 1000042.0 998176.0 996532.0 1000091.0 1001284.0 1001366.0 999732.0 995992.0 999082.0 1004086.0 1002030.0 1001598.0 1003494.0 992241.0 1003646.0 996518.0 998881.0 985936.0 1004792.0 999372.0 1002987.0 1003761.0 1006054.0 999977.0 994845.0 1001587.0 1007328.0 1006336.0 988463.0 999161.0 999118.0 997773.0 999880.0 1000073.0 1005370.0 1001915.0 992149.0 1000753.0 1003063.0 998147.0 1002519.0 1000241.0 999036.0 1002516.0 1004357.0 1007081.0 1012522.0 996150.0 997172.0 997451.0 994230.0 1007446.0 999794.0 997919.0 1004460.0 1002802.0 1003681.0 997330.0 999975.0 1003699.0 1000922.0 996885.0 998731.0 1002442.0 1004249.0 993584.0 1001709.0 1001814.0 998143.0 998840.0 999381.0 999831.0 996083.0 1001765.0 998608.0 1000574.0 1001843.0 1004540.0 1000697.0 995611.0 999830.0 995007.0 998439.0 1006200.0 994926.0 1001047.0 997594.0 1000069.0 1007134.0 1002658.0 1002646.0 997862.0 998699.0 994928.0 1001247.0 1001788.0 1005345.0 1001739.0 1004685.0 1001179.0 1000159.0 997218.0 991839.0 994506.0 1001711.0 1001188.0 1006483.0 1003262.0 1006522.0 1002824.0 1001255.0 989353.0 996764.0 998715.0 997249.0 998317.0 1004441.0 1001326.0 997487.0 996463.0 992584.0 997983.0 1002265.0 ]

10117 actual elapsed

T=68267, R=0, W=0
T=78831, R=0, W=0
T=76915, R=0, W=0
T=79136, R=0, W=0
T=67227, R=0, W=0
T=77682, R=0, W=0
T=76911, R=0, W=0
T=76749, R=0, W=0
T=68260, R=0, W=0
T=78373, R=0, W=0
T=77296, R=0, W=0
T=79761, R=0, W=0
T=67690, R=0, W=0
T=77474, R=0, W=0
T=77625, R=0, W=0
T=78561, R=0, W=0
T=67086, R=0, W=0
T=77050, R=0, W=0
T=76739, R=0, W=0
T=78843, R=0, W=0
T=68214, R=0, W=0
T=79372, R=0, W=0
T=76489, R=0, W=0
T=78416, R=0, W=0
T=68235, R=0, W=0
T=77361, R=0, W=0
T=75718, R=0, W=0
T=79040, R=0, W=0
T=68462, R=0, W=0
T=78112, R=0, W=0
T=77969, R=0, W=0
T=78465, R=0, W=0
T=67808, R=0, W=0
T=77733, R=0, W=0
T=76731, R=0, W=0
T=79120, R=0, W=0
T=67212, R=0, W=0
T=77056, R=0, W=0
T=76644, R=0, W=0
T=79711, R=0, W=0
T=68604, R=0, W=0
T=77670, R=0, W=0
T=77990, R=0, W=0
T=78337, R=0, W=0
T=67249, R=0, W=0
T=78773, R=0, W=0
T=76555, R=0, W=0
T=79701, R=0, W=0
T=68493, R=0, W=0
T=77591, R=0, W=0
T=76363, R=0, W=0
T=79523, R=0, W=0
T=68412, R=0, W=0
T=78161, R=0, W=0
T=76745, R=0, W=0
T=79537, R=0, W=0
T=67570, R=0, W=0
T=78694, R=0, W=0
T=77449, R=0, W=0
T=79571, R=0, W=0
T=5541, R=0, W=0
T=78720, R=0, W=0
T=76157, R=0, W=0
T=79720, R=0, W=0
T=68576, R=0, W=0
T=76658, R=0, W=0
T=77266, R=0, W=0
T=80350, R=0, W=0
T=67799, R=0, W=0
T=78821, R=0, W=0
T=77579, R=0, W=0
T=79644, R=0, W=0
T=67730, R=0, W=0
T=77764, R=0, W=0
T=78101, R=0, W=0
T=78163, R=0, W=0
T=67886, R=0, W=0
T=77682, R=0, W=0
T=78272, R=0, W=0
T=68739, R=0, W=0
T=79820, R=0, W=0
T=78551, R=0, W=0
T=77651, R=0, W=0
T=67792, R=0, W=0
T=79048, R=0, W=0
T=77999, R=0, W=0
T=76961, R=0, W=0
T=67886, R=0, W=0
T=79133, R=0, W=0
T=78857, R=0, W=0
T=77133, R=0, W=0
T=67808, R=0, W=0
T=79340, R=0, W=0
T=78557, R=0, W=0
T=76415, R=0, W=0
T=67274, R=0, W=0
T=76780, R=0, W=0
T=78628, R=0, W=0
T=78388, R=0, W=0
T=67241, R=0, W=0
T=77355, R=0, W=0
T=78448, R=0, W=0
T=77050, R=0, W=0
T=68440, R=0, W=0
T=76863, R=0, W=0
T=79253, R=0, W=0
T=76796, R=0, W=0
T=38613, R=0, W=0
T=76647, R=0, W=0
T=78728, R=0, W=0
T=79332, R=0, W=0
T=66248, R=0, W=0
T=77406, R=0, W=0
T=79519, R=0, W=0
T=77646, R=0, W=0
T=67656, R=0, W=0
T=77645, R=0, W=0
T=79450, R=0, W=0
T=77729, R=0, W=0
T=77413, R=0, W=0
T=67883, R=0, W=0
T=79844, R=0, W=0
T=77205, R=0, W=0
T=77911, R=0, W=0
T=67626, R=0, W=0
T=78492, R=0, W=0
T=76830, R=0, W=0
T=77512, R=0, W=0

TOTAL: T=9571302, R=0, W=0
--- 13233 MB collected in 3.001 secs (9.2% of total), longest GC took 0.164 secs
DATA gc:  total_k 13551451  total_secs 3.00137  max_secs 0.163572
