startup =       20000
elapsed =       10000
threads =       256
accounts =      256
init =          1000000
maxAmount =     10
readFreq =      0
writeFreq =     0
readThreads =   0
writeThreads =  0
disjointTrans = false
yieldALot =     false
flavour =       rfw

warming up
timed execution

TOTAL=2.55999936E8 [ 999537.0 1001826.0 998830.0 1000627.0 996577.0 1003895.0 1001919.0 998658.0 997863.0 1002566.0 998494.0 997217.0 996794.0 1000023.0 1001029.0 1004401.0 999794.0 999144.0 995516.0 999571.0 998399.0 1001466.0 1003488.0 1000662.0 1002301.0 995784.0 998781.0 1002469.0 999331.0 999110.0 1000581.0 1000095.0 1000106.0 999289.0 999886.0 1000338.0 1002085.0 1000198.0 1004310.0 996811.0 999046.0 1002092.0 994296.0 1000122.0 999100.0 1002257.0 997844.0 999028.0 1002857.0 998634.0 1003281.0 1001413.0 999523.0 999522.0 996275.0 997958.0 1002042.0 997069.0 998276.0 998719.0 999509.0 1004909.0 1000763.0 1001510.0 1001187.0 1001210.0 998636.0 1003784.0 1002424.0 998860.0 1003362.0 1001741.0 1002418.0 1002090.0 1001681.0 999010.0 1000726.0 1002029.0 998213.0 999682.0 1003316.0 998979.0 1004956.0 998763.0 997886.0 999061.0 998745.0 1003772.0 997820.0 996397.0 1001612.0 997753.0 995224.0 1001657.0 1002518.0 996586.0 1001798.0 999252.0 996170.0 1002038.0 995711.0 1001508.0 998209.0 995264.0 1000229.0 998962.0 999119.0 998736.0 999264.0 998805.0 1002743.0 999411.0 1000103.0 1001870.0 997376.0 1001535.0 999075.0 998994.0 1002893.0 999124.0 1001348.0 998915.0 999590.0 998840.0 1001979.0 995990.0 999138.0 997050.0 997901.0 997882.0 996769.0 998253.0 998767.0 999973.0 1003734.0 999014.0 999998.0 999926.0 1001958.0 1001743.0 999328.0 1002662.0 1002548.0 999976.0 998718.0 1001126.0 1000615.0 1002750.0 999389.0 995070.0 997994.0 1002148.0 996651.0 1000621.0 996704.0 999263.0 997399.0 996190.0 996971.0 998642.0 1004245.0 1000588.0 1001964.0 1002193.0 999893.0 1001108.0 999510.0 998871.0 1001555.0 996561.0 1003051.0 999623.0 1001807.0 999042.0 997290.0 997472.0 1001486.0 1001877.0 1007148.0 999984.0 996609.0 1001448.0 1000284.0 1003438.0 1000682.0 996927.0 999004.0 1002716.0 999669.0 1000897.0 1000567.0 1002028.0 1000728.0 997747.0 996614.0 998140.0 1000436.0 1001970.0 1000326.0 1001445.0 1004112.0 998341.0 1000168.0 999604.0 1002871.0 1001905.0 1001868.0 999626.0 999836.0 1001027.0 998561.0 1002332.0 1000816.0 1002196.0 1000227.0 1000174.0 1000315.0 999602.0 998303.0 1001021.0 998293.0 1000207.0 1001629.0 1002348.0 999396.0 999234.0 1001153.0 997657.0 996533.0 1001259.0 1002683.0 999623.0 996356.0 1000693.0 1000712.0 1005146.0 1001597.0 999847.0 1000528.0 1000543.0 997672.0 997594.0 1003450.0 999118.0 1002319.0 1001527.0 1002631.0 996262.0 1002345.0 996260.0 996613.0 995836.0 1001016.0 999939.0 999700.0 1002797.0 ]

10244 actual elapsed

T=28339, R=0, W=0
T=29349, R=0, W=0
T=29331, R=0, W=0
T=30566, R=0, W=0
T=29551, R=0, W=0
T=29331, R=0, W=0
T=30316, R=0, W=0
T=25713, R=0, W=0
T=27820, R=0, W=0
T=27698, R=0, W=0
T=30736, R=0, W=0
T=28990, R=0, W=0
T=30150, R=0, W=0
T=28013, R=0, W=0
T=28872, R=0, W=0
T=26920, R=0, W=0
T=26818, R=0, W=0
T=28358, R=0, W=0
T=29831, R=0, W=0
T=28445, R=0, W=0
T=26652, R=0, W=0
T=28072, R=0, W=0
T=30652, R=0, W=0
T=29868, R=0, W=0
T=18130, R=0, W=0
T=28686, R=0, W=0
T=30266, R=0, W=0
T=30754, R=0, W=0
T=28345, R=0, W=0
T=27349, R=0, W=0
T=30289, R=0, W=0
T=28739, R=0, W=0
T=29035, R=0, W=0
T=27612, R=0, W=0
T=28762, R=0, W=0
T=29211, R=0, W=0
T=27779, R=0, W=0
T=28166, R=0, W=0
T=26723, R=0, W=0
T=30065, R=0, W=0
T=29261, R=0, W=0
T=26781, R=0, W=0
T=31384, R=0, W=0
T=29472, R=0, W=0
T=29510, R=0, W=0
T=26622, R=0, W=0
T=30145, R=0, W=0
T=29518, R=0, W=0
T=27033, R=0, W=0
T=28297, R=0, W=0
T=28850, R=0, W=0
T=28739, R=0, W=0
T=27302, R=0, W=0
T=27455, R=0, W=0
T=28102, R=0, W=0
T=28487, R=0, W=0
T=28126, R=0, W=0
T=28184, R=0, W=0
T=28978, R=0, W=0
T=29729, R=0, W=0
T=27440, R=0, W=0
T=28656, R=0, W=0
T=28497, R=0, W=0
T=29684, R=0, W=0
T=27986, R=0, W=0
T=28329, R=0, W=0
T=30403, R=0, W=0
T=30136, R=0, W=0
T=28249, R=0, W=0
T=28557, R=0, W=0
T=29173, R=0, W=0
T=30038, R=0, W=0
T=29949, R=0, W=0
T=26700, R=0, W=0
T=29330, R=0, W=0
T=30986, R=0, W=0
T=29278, R=0, W=0
T=26582, R=0, W=0
T=29300, R=0, W=0
T=30212, R=0, W=0
T=28092, R=0, W=0
T=25567, R=0, W=0
T=30275, R=0, W=0
T=31071, R=0, W=0
T=29649, R=0, W=0
T=28202, R=0, W=0
T=29274, R=0, W=0
T=30426, R=0, W=0
T=28441, R=0, W=0
T=27667, R=0, W=0
T=28991, R=0, W=0
T=31311, R=0, W=0
T=27613, R=0, W=0
T=27841, R=0, W=0
T=30073, R=0, W=0
T=30793, R=0, W=0
T=27659, R=0, W=0
T=27077, R=0, W=0
T=29002, R=0, W=0
T=31644, R=0, W=0
T=28894, R=0, W=0
T=27654, R=0, W=0
T=30408, R=0, W=0
T=30775, R=0, W=0
T=28272, R=0, W=0
T=27733, R=0, W=0
T=30042, R=0, W=0
T=27820, R=0, W=0
T=26585, R=0, W=0
T=27009, R=0, W=0
T=29599, R=0, W=0
T=30568, R=0, W=0
T=28303, R=0, W=0
T=27448, R=0, W=0
T=27945, R=0, W=0
T=31611, R=0, W=0
T=29407, R=0, W=0
T=26485, R=0, W=0
T=29177, R=0, W=0
T=29079, R=0, W=0
T=28255, R=0, W=0
T=27413, R=0, W=0
T=28121, R=0, W=0
T=30539, R=0, W=0
T=28455, R=0, W=0
T=27853, R=0, W=0
T=28525, R=0, W=0
T=28429, R=0, W=0
T=28933, R=0, W=0
T=26454, R=0, W=0
T=27552, R=0, W=0
T=29096, R=0, W=0
T=29832, R=0, W=0
T=28453, R=0, W=0
T=29486, R=0, W=0
T=28220, R=0, W=0
T=29192, R=0, W=0
T=29106, R=0, W=0
T=28282, R=0, W=0
T=30185, R=0, W=0
T=28384, R=0, W=0
T=29708, R=0, W=0
T=29210, R=0, W=0
T=29201, R=0, W=0
T=28413, R=0, W=0
T=28386, R=0, W=0
T=27036, R=0, W=0
T=28513, R=0, W=0
T=27303, R=0, W=0
T=26865, R=0, W=0
T=28032, R=0, W=0
T=28209, R=0, W=0
T=27980, R=0, W=0
T=26851, R=0, W=0
T=28003, R=0, W=0
T=29476, R=0, W=0
T=27826, R=0, W=0
T=28384, R=0, W=0
T=28137, R=0, W=0
T=30257, R=0, W=0
T=29068, R=0, W=0
T=28398, R=0, W=0
T=28560, R=0, W=0
T=30243, R=0, W=0
T=29820, R=0, W=0
T=28525, R=0, W=0
T=29649, R=0, W=0
T=17834, R=0, W=0
T=29580, R=0, W=0
T=29071, R=0, W=0
T=29451, R=0, W=0
T=17537, R=0, W=0
T=28872, R=0, W=0
T=28404, R=0, W=0
T=28860, R=0, W=0
T=27869, R=0, W=0
T=27827, R=0, W=0
T=28010, R=0, W=0
T=16983, R=0, W=0
T=26983, R=0, W=0
T=27447, R=0, W=0
T=26978, R=0, W=0
T=17366, R=0, W=0
T=27967, R=0, W=0
T=17951, R=0, W=0
T=27173, R=0, W=0
T=28817, R=0, W=0
T=29003, R=0, W=0
T=17768, R=0, W=0
T=28305, R=0, W=0
T=29026, R=0, W=0
T=29079, R=0, W=0
T=28635, R=0, W=0
T=28231, R=0, W=0
T=27168, R=0, W=0
T=29479, R=0, W=0
T=29266, R=0, W=0
T=28950, R=0, W=0
T=27135, R=0, W=0
T=27250, R=0, W=0
T=27930, R=0, W=0
T=28163, R=0, W=0
T=27658, R=0, W=0
T=30486, R=0, W=0
T=29440, R=0, W=0
T=28741, R=0, W=0
T=29460, R=0, W=0
T=28322, R=0, W=0
T=28944, R=0, W=0
T=26884, R=0, W=0
T=30621, R=0, W=0
T=27651, R=0, W=0
T=29428, R=0, W=0
T=28612, R=0, W=0
T=27821, R=0, W=0
T=4657, R=0, W=0
T=29086, R=0, W=0
T=28521, R=0, W=0
T=28016, R=0, W=0
T=27740, R=0, W=0
T=27636, R=0, W=0
T=17211, R=0, W=0
T=29189, R=0, W=0
T=28405, R=0, W=0
T=29302, R=0, W=0
T=29417, R=0, W=0
T=27692, R=0, W=0
T=17617, R=0, W=0
T=29768, R=0, W=0
T=28455, R=0, W=0
T=29125, R=0, W=0
T=30353, R=0, W=0
T=29109, R=0, W=0
T=17475, R=0, W=0
T=28911, R=0, W=0
T=29047, R=0, W=0
T=28870, R=0, W=0
T=28460, R=0, W=0
T=29225, R=0, W=0
T=29650, R=0, W=0
T=28429, R=0, W=0
T=27948, R=0, W=0
T=27987, R=0, W=0
T=28814, R=0, W=0
T=28191, R=0, W=0
T=28961, R=0, W=0
T=29846, R=0, W=0
T=29683, R=0, W=0
T=29338, R=0, W=0
T=28421, R=0, W=0
T=16647, R=0, W=0
T=29813, R=0, W=0
T=28085, R=0, W=0
T=28280, R=0, W=0
T=29133, R=0, W=0
T=28991, R=0, W=0

TOTAL: T=7202002, R=0, W=0
--- 9274 MB collected in 3.098 secs (9.4% of total), longest GC took 0.282 secs
DATA gc:  total_k 9497397  total_secs 3.09752  max_secs 0.282075
