startup =       20000
elapsed =       10000
threads =       4
accounts =      256
init =          1000000
maxAmount =     10
readFreq =      0
writeFreq =     0
readThreads =   0
writeThreads =  0
disjointTrans = false
yieldALot =     false
flavour =       t

warming up
timed execution

TOTAL=2.56000064E8 [ 1001055.0 999398.0 1002237.0 1001445.0 1000465.0 998735.0 1001839.0 996792.0 1000280.0 994606.0 999370.0 999013.0 996362.0 996958.0 997276.0 1000403.0 1002029.0 1002635.0 999582.0 1002275.0 1001242.0 1002281.0 998329.0 999678.0 999618.0 998945.0 1000176.0 998039.0 999084.0 999697.0 997711.0 999977.0 1003256.0 1001055.0 1001351.0 999587.0 999951.0 999282.0 999650.0 998679.0 1000915.0 999761.0 1000359.0 998808.0 1002876.0 998478.0 999385.0 999962.0 1000119.0 1001170.0 997307.0 1000824.0 999729.0 1002909.0 1000069.0 998794.0 997608.0 1003126.0 999824.0 1002828.0 999348.0 1002467.0 1002078.0 996086.0 997698.0 1000326.0 999107.0 1002125.0 1000529.0 1001862.0 999163.0 1000692.0 1003704.0 997247.0 999750.0 1002421.0 999957.0 998451.0 999790.0 1001597.0 1001607.0 1002229.0 1000058.0 1001470.0 1000348.0 1004803.0 1000016.0 1003191.0 1002874.0 1002038.0 1000552.0 998505.0 999193.0 998894.0 1002350.0 1000034.0 1001221.0 1003450.0 999919.0 997521.0 998046.0 1001379.0 1001878.0 1001148.0 996268.0 999223.0 999241.0 1000325.0 998661.0 1000624.0 1003490.0 999194.0 1000455.0 1000495.0 999687.0 1000296.0 997798.0 999755.0 997445.0 1000435.0 1000918.0 997765.0 1001035.0 998790.0 997396.0 998571.0 1002165.0 1001285.0 998761.0 1005923.0 998401.0 1000824.0 1000797.0 999349.0 1000268.0 1002509.0 1000485.0 1000017.0 1001887.0 998412.0 999238.0 998789.0 998923.0 996495.0 1000945.0 998549.0 1002308.0 1002083.0 1001371.0 1000850.0 997485.0 999426.0 1000234.0 996131.0 999268.0 1000589.0 1001215.0 996623.0 998840.0 1002090.0 1000828.0 1002450.0 998592.0 1001216.0 998769.0 997430.0 996280.0 1001284.0 998681.0 998649.0 1001890.0 1002550.0 998716.0 997697.0 1001032.0 1001278.0 998141.0 1000698.0 999615.0 996421.0 997807.0 998180.0 999971.0 997798.0 1000194.0 999088.0 998918.0 997272.0 996184.0 1000816.0 1000099.0 998289.0 999983.0 999251.0 998572.0 1001793.0 1001846.0 1001884.0 1001784.0 998571.0 998033.0 1000528.0 1001375.0 1001615.0 1001937.0 1002992.0 1000345.0 1002394.0 999432.0 1003188.0 998522.0 999587.0 1001477.0 1000240.0 998863.0 997297.0 998826.0 997682.0 1004184.0 1000812.0 1000133.0 1001171.0 1000518.0 1003155.0 1001087.0 1002029.0 999099.0 1002166.0 997395.0 998125.0 998768.0 1003819.0 999595.0 998996.0 998438.0 998692.0 1000694.0 999886.0 997610.0 998010.0 999049.0 1001634.0 997505.0 1003361.0 1000158.0 999297.0 996327.0 998831.0 998379.0 998024.0 998516.0 1000693.0 1003872.0 1000627.0 1003731.0 998046.0 ]

10024 actual elapsed

T=1052330, R=0, W=0
T=981579, R=0, W=0
T=980184, R=0, W=0
T=1014958, R=0, W=0

TOTAL: T=4029051, R=0, W=0
--- 4265 MB collected in 0.667 secs (2.1% of total), longest GC took 0.146 secs
DATA gc:  total_k 4367813  total_secs 0.666614  max_secs 0.146055
