startup =       20000
elapsed =       10000
threads =       1
accounts =      2
init =          1000000
maxAmount =     10
readFreq =      0
writeFreq =     0
readThreads =   0
writeThreads =  0
disjointTrans = false
yieldALot =     false
flavour =       rfw

warming up
timed execution

TOTAL=2000000.0 [ 996477.0 1003523.0 ]

10022 actual elapsed

T=1589975, R=0, W=0

TOTAL: T=1589975, R=0, W=0
--- 1289 MB collected in 0.185 secs (0.6% of total), longest GC took 0.139 secs
DATA gc:  total_k 1320384  total_secs 0.18507  max_secs 0.139107
