startup =       20000
elapsed =       10000
threads =       128
accounts =      128
init =          1000000
maxAmount =     10
readFreq =      0
writeFreq =     0
readThreads =   0
writeThreads =  0
disjointTrans = false
yieldALot =     false
flavour =       d

warming up
timed execution

TOTAL=1.28000016E8 [ 1000583.0 1000142.0 1003923.0 999318.0 1001568.0 1006981.0 1000031.0 1004620.0 996343.0 1004474.0 999853.0 994953.0 998037.0 999314.0 999302.0 998221.0 998553.0 999734.0 993339.0 998266.0 1003963.0 999680.0 1000995.0 1002399.0 1002846.0 995298.0 1004029.0 1001562.0 1000739.0 993486.0 1002800.0 1001662.0 998561.0 1004914.0 1001926.0 998315.0 999106.0 1001231.0 999560.0 1003130.0 1002597.0 1006981.0 997735.0 1001083.0 998554.0 1000609.0 999724.0 992968.0 997325.0 998803.0 1002390.0 1005161.0 1004263.0 1001827.0 1004841.0 997917.0 999438.0 1007658.0 1002243.0 998890.0 1000502.0 1007683.0 999386.0 1002102.0 999883.0 1010918.0 1001208.0 996644.0 998229.0 1001316.0 1003424.0 993778.0 1006368.0 1000728.0 999740.0 1000195.0 997533.0 1000704.0 993419.0 993865.0 997467.0 997234.0 1003795.0 995818.0 996608.0 1000631.0 1001478.0 998828.0 997236.0 997854.0 1004179.0 1002998.0 1003326.0 1000787.0 991741.0 998275.0 1004908.0 1001728.0 1001942.0 1000767.0 1006035.0 990813.0 999348.0 998033.0 1003674.0 1002964.0 998700.0 994956.0 1000508.0 995473.0 997535.0 1004629.0 996957.0 1004028.0 998615.0 999202.0 999769.0 996362.0 998952.0 998439.0 995727.0 989170.0 999694.0 993873.0 1000418.0 999307.0 991965.0 1004865.0 ]

10015 actual elapsed

T=63389, R=0, W=0
T=64669, R=0, W=0
T=60855, R=0, W=0
T=58657, R=0, W=0
T=62987, R=0, W=0
T=64188, R=0, W=0
T=61227, R=0, W=0
T=58484, R=0, W=0
T=63938, R=0, W=0
T=64643, R=0, W=0
T=61364, R=0, W=0
T=58986, R=0, W=0
T=63731, R=0, W=0
T=63686, R=0, W=0
T=60609, R=0, W=0
T=58941, R=0, W=0
T=63721, R=0, W=0
T=64903, R=0, W=0
T=61067, R=0, W=0
T=58435, R=0, W=0
T=64025, R=0, W=0
T=65068, R=0, W=0
T=60931, R=0, W=0
T=58394, R=0, W=0
T=63633, R=0, W=0
T=64080, R=0, W=0
T=60674, R=0, W=0
T=58433, R=0, W=0
T=64048, R=0, W=0
T=64278, R=0, W=0
T=60793, R=0, W=0
T=59354, R=0, W=0
T=63501, R=0, W=0
T=63952, R=0, W=0
T=60923, R=0, W=0
T=58475, R=0, W=0
T=64270, R=0, W=0
T=63951, R=0, W=0
T=61007, R=0, W=0
T=58704, R=0, W=0
T=63911, R=0, W=0
T=63606, R=0, W=0
T=60416, R=0, W=0
T=58502, R=0, W=0
T=64023, R=0, W=0
T=63514, R=0, W=0
T=61132, R=0, W=0
T=58501, R=0, W=0
T=63491, R=0, W=0
T=64327, R=0, W=0
T=60770, R=0, W=0
T=58922, R=0, W=0
T=63733, R=0, W=0
T=63702, R=0, W=0
T=61373, R=0, W=0
T=58587, R=0, W=0
T=63300, R=0, W=0
T=64659, R=0, W=0
T=61044, R=0, W=0
T=58526, R=0, W=0
T=63155, R=0, W=0
T=64363, R=0, W=0
T=61275, R=0, W=0
T=64109, R=0, W=0
T=61218, R=0, W=0
T=58606, R=0, W=0
T=63134, R=0, W=0
T=64097, R=0, W=0
T=60514, R=0, W=0
T=58953, R=0, W=0
T=63659, R=0, W=0
T=61146, R=0, W=0
T=64542, R=0, W=0
T=57985, R=0, W=0
T=63623, R=0, W=0
T=61146, R=0, W=0
T=64687, R=0, W=0
T=63853, R=0, W=0
T=58497, R=0, W=0
T=60792, R=0, W=0
T=64187, R=0, W=0
T=63691, R=0, W=0
T=59099, R=0, W=0
T=61060, R=0, W=0
T=64091, R=0, W=0
T=63589, R=0, W=0
T=58637, R=0, W=0
T=60923, R=0, W=0
T=64113, R=0, W=0
T=63796, R=0, W=0
T=58621, R=0, W=0
T=61134, R=0, W=0
T=64623, R=0, W=0
T=64182, R=0, W=0
T=58552, R=0, W=0
T=60774, R=0, W=0
T=64585, R=0, W=0
T=63214, R=0, W=0
T=58102, R=0, W=0
T=60846, R=0, W=0
T=64434, R=0, W=0
T=63375, R=0, W=0
T=59043, R=0, W=0
T=61206, R=0, W=0
T=64354, R=0, W=0
T=63542, R=0, W=0
T=58782, R=0, W=0
T=61513, R=0, W=0
T=63067, R=0, W=0
T=62998, R=0, W=0
T=58941, R=0, W=0
T=61551, R=0, W=0
T=64434, R=0, W=0
T=63665, R=0, W=0
T=58266, R=0, W=0
T=61605, R=0, W=0
T=65475, R=0, W=0
T=62979, R=0, W=0
T=58472, R=0, W=0
T=60833, R=0, W=0
T=64589, R=0, W=0
T=63622, R=0, W=0
T=58650, R=0, W=0
T=60946, R=0, W=0
T=64636, R=0, W=0
T=63500, R=0, W=0
T=58695, R=0, W=0
T=61016, R=0, W=0

TOTAL: T=7924375, R=0, W=0
--- 9510 MB collected in 2.443 secs (7.7% of total), longest GC took 0.173 secs
DATA gc:  total_k 9738743  total_secs 2.44283  max_secs 0.173075
