startup =       20000
elapsed =       10000
threads =       1
accounts =      2
init =          1000000
maxAmount =     10
readFreq =      0
writeFreq =     0
readThreads =   0
writeThreads =  0
disjointTrans = false
yieldALot =     false
flavour =       d

warming up
timed execution

TOTAL=2000000.0 [ 1002329.0 997671.0 ]

10022 actual elapsed

T=1790600, R=0, W=0

TOTAL: T=1790600, R=0, W=0
--- 1031 MB collected in 0.178 secs (0.6% of total), longest GC took 0.145 secs
DATA gc:  total_k 1055856  total_secs 0.177772  max_secs 0.145263
