TL2CM Initialized:
Contention Manager: Polka busy-waiting [C=10]
Number of accounts  = 256
Initial amount      = 100000.0
Maximal transfer    = 10
Read-all frequency  = 0%
Write-all frequency = 0%
Read-all threads    = 0
Write-all threads   = 0
Disjoint            = false
Yield               = false

Starting threads... 0 1 2 3
End of warmup phase... 0 1 2 3
End of test phase... 0 1 2 3
Waiting for threads to finish...
All threads returned successfully
RESULTS:

  Warmup duration (ms) = 20002
  Test duration (ms)   = 10009
  Nb iterations        = 2131433
  Stats                = T=2131433, R=0, W=0, TOTAL=25599742 [ 0=99872.0 1=97902.0 2=98066.0 3=103578.0 4=98325.0 5=102364.0 6=98534.0 7=99192.0 8=100790.0 9=101558.0 10=98164.0 11=100892.0 12=101101.0 13=98170.0 14=99069.0 15=102930.0 16=99498.0 17=100248.0 18=101625.0 19=102044.0 20=101399.0 21=100425.0 22=97147.0 23=98273.0 24=101945.0 25=99972.0 26=101226.0 27=101431.0 28=101269.0 29=100448.0 30=99406.0 31=100657.0 32=101719.0 33=98199.0 34=102012.0 35=99298.0 36=100333.0 37=98231.0 38=99264.0 39=99948.0 40=100058.0 41=99963.0 42=99657.0 43=99122.0 44=97931.0 45=101324.0 46=98596.0 47=100519.0 48=100234.0 49=100713.0 50=101987.0 51=98965.0 52=101756.0 53=100898.0 54=100896.0 55=100013.0 56=99779.0 57=96813.0 58=100499.0 59=100084.0 60=102172.0 61=100970.0 62=100828.0 63=100683.0 64=100831.0 65=100714.0 66=99067.0 67=101122.0 68=101549.0 69=100477.0 70=99414.0 71=99686.0 72=98502.0 73=101078.0 74=100729.0 75=100525.0 76=96614.0 77=100353.0 78=99619.0 79=101550.0 80=101143.0 81=99289.0 82=99363.0 83=100827.0 84=99710.0 85=99538.0 86=99696.0 87=99244.0 88=100879.0 89=98915.0 90=98966.0 91=99514.0 92=98358.0 93=100331.0 94=100107.0 95=99854.0 96=97639.0 97=98697.0 98=98230.0 99=100282.0 100=98612.0 101=98619.0 102=99380.0 103=100642.0 104=100433.0 105=100156.0 106=100541.0 107=101431.0 108=101467.0 109=100403.0 110=100777.0 111=100449.0 112=100397.0 113=101019.0 114=101696.0 115=99580.0 116=99240.0 117=99183.0 118=99778.0 119=100793.0 120=98656.0 121=99254.0 122=100351.0 123=100285.0 124=100083.0 125=99633.0 126=100214.0 127=102740.0 128=100800.0 129=99080.0 130=98971.0 131=99511.0 132=97859.0 133=101838.0 134=101116.0 135=100830.0 136=101914.0 137=100842.0 138=100885.0 139=99800.0 140=100512.0 141=100734.0 142=100789.0 143=100572.0 144=100298.0 145=98652.0 146=100524.0 147=101328.0 148=101237.0 149=99345.0 150=104065.0 151=100840.0 152=99409.0 153=101212.0 154=98830.0 155=100292.0 156=98667.0 157=98966.0 158=102366.0 159=101487.0 160=99434.0 161=102096.0 162=99801.0 163=99132.0 164=98860.0 165=101419.0 166=101578.0 167=100039.0 168=100375.0 169=99010.0 170=98228.0 171=99241.0 172=102542.0 173=100281.0 174=97755.0 175=101009.0 176=101144.0 177=98180.0 178=97385.0 179=99649.0 180=97004.0 181=98433.0 182=102274.0 183=99182.0 184=101652.0 185=98815.0 186=101667.0 187=98801.0 188=97296.0 189=101538.0 190=100069.0 191=98428.0 192=100478.0 193=99414.0 194=101501.0 195=97777.0 196=98695.0 197=101432.0 198=101402.0 199=98611.0 200=99138.0 201=96051.0 202=101984.0 203=99215.0 204=100002.0 205=98738.0 206=100810.0 207=98533.0 208=99584.0 209=100227.0 210=100811.0 211=100943.0 212=99551.0 213=102205.0 214=97102.0 215=100185.0 216=102367.0 217=99008.0 218=98072.0 219=98554.0 220=99993.0 221=99434.0 222=97629.0 223=98728.0 224=101248.0 225=101318.0 226=101805.0 227=102859.0 228=99344.0 229=100349.0 230=101360.0 231=99609.0 232=99104.0 233=99197.0 234=98333.0 235=100605.0 236=99726.0 237=99902.0 238=100435.0 239=101530.0 240=99567.0 241=99568.0 242=99493.0 243=99108.0 244=99772.0 245=97469.0 246=98444.0 247=98871.0 248=98136.0 249=98188.0 250=101362.0 251=99800.0 252=98748.0 253=101275.0 254=98561.0 255=101386.0 ]
    0 : 535700 (T=535700, R=0, W=0)
    1 : 533411 (T=533411, R=0, W=0)
    2 : 535928 (T=535928, R=0, W=0)
    3 : 526394 (T=526394, R=0, W=0)
--- 2180 MB collected in 0.797 secs (2.7% of total), longest GC took 0.190 secs
DATA gc:  total_k 2233228  total_secs 0.7973  max_secs 0.189521
