Number of accounts  = 1
Initial amount      = 100000.0
Maximal transfer    = 10
Read-all frequency  = 0%
Write-all frequency = 0%
Read-all threads    = 0
Write-all threads   = 0
Disjoint            = false
Yield               = false

Starting threads... 0
End of warmup phase... 0
End of test phase... 0
Waiting for threads to finish...
All threads returned successfully
RESULTS:

  Warmup duration (ms) = 20010
  Test duration (ms)   = 10009
  Nb iterations        = 1757739
  Stats                = T=1757739, R=0, W=0, TOTAL=100000 [ 0=100000.0 ]
    0 : 1757739 (T=1757739, R=0, W=0)
--- 765 MB collected in 0.270 secs (1.1% of total), longest GC took 0.198 secs
DATA gc:  total_k 783824  total_secs 0.270151  max_secs 0.197522
