Number of accounts  = 256
Initial amount      = 100000.0
Maximal transfer    = 10
Read-all frequency  = 0%
Write-all frequency = 0%
Read-all threads    = 0
Write-all threads   = 0
Disjoint            = false
Yield               = false

Starting threads... 0 1 2 3
End of warmup phase... 0 1 2 3
End of test phase... 0 1 2 3
Waiting for threads to finish...
All threads returned successfully
RESULTS:

  Warmup duration (ms) = 20010
  Test duration (ms)   = 10009
  Nb iterations        = 4660282
  Stats                = T=4660282, R=0, W=0, TOTAL=25600000 [ 0=99564.0 1=99759.0 2=99820.0 3=98838.0 4=99560.0 5=99558.0 6=100688.0 7=101124.0 8=102614.0 9=94601.0 10=102762.0 11=99393.0 12=101953.0 13=100863.0 14=97633.0 15=100679.0 16=100716.0 17=100491.0 18=98845.0 19=102097.0 20=97837.0 21=97703.0 22=96493.0 23=101014.0 24=98049.0 25=101318.0 26=103602.0 27=98436.0 28=100639.0 29=97233.0 30=102803.0 31=94388.0 32=99435.0 33=101381.0 34=101212.0 35=100799.0 36=102112.0 37=100519.0 38=104615.0 39=96550.0 40=97823.0 41=96965.0 42=101280.0 43=100054.0 44=101305.0 45=103205.0 46=103498.0 47=100808.0 48=101720.0 49=98017.0 50=100295.0 51=102617.0 52=99965.0 53=99182.0 54=96371.0 55=102399.0 56=98062.0 57=99885.0 58=99182.0 59=101060.0 60=103447.0 61=100346.0 62=100471.0 63=102162.0 64=96128.0 65=102851.0 66=98187.0 67=102625.0 68=97205.0 69=100770.0 70=98639.0 71=101995.0 72=101022.0 73=101028.0 74=101828.0 75=98645.0 76=101071.0 77=98517.0 78=100710.0 79=103732.0 80=101365.0 81=102794.0 82=100005.0 83=103490.0 84=97214.0 85=102297.0 86=98092.0 87=100768.0 88=100154.0 89=101702.0 90=95366.0 91=100753.0 92=102181.0 93=97876.0 94=101916.0 95=100948.0 96=101905.0 97=98275.0 98=99988.0 99=98112.0 100=100566.0 101=98903.0 102=102849.0 103=103580.0 104=101001.0 105=97646.0 106=99893.0 107=98899.0 108=100648.0 109=100017.0 110=97709.0 111=102989.0 112=104587.0 113=97938.0 114=98665.0 115=101264.0 116=99991.0 117=95981.0 118=104461.0 119=99454.0 120=96454.0 121=99837.0 122=100334.0 123=100160.0 124=98593.0 125=101904.0 126=99666.0 127=102151.0 128=99548.0 129=103987.0 130=101204.0 131=103334.0 132=98282.0 133=102139.0 134=103571.0 135=101357.0 136=96490.0 137=99561.0 138=99159.0 139=100348.0 140=101801.0 141=99133.0 142=101883.0 143=103019.0 144=98455.0 145=100415.0 146=99730.0 147=99817.0 148=99812.0 149=99021.0 150=102323.0 151=101893.0 152=100880.0 153=101710.0 154=98956.0 155=100835.0 156=96853.0 157=97911.0 158=101589.0 159=99186.0 160=98402.0 161=98184.0 162=99393.0 163=101719.0 164=102261.0 165=98168.0 166=101596.0 167=99305.0 168=103205.0 169=101928.0 170=98147.0 171=98941.0 172=101136.0 173=100597.0 174=99882.0 175=98571.0 176=101157.0 177=100211.0 178=98816.0 179=98464.0 180=98055.0 181=98256.0 182=96553.0 183=100624.0 184=99788.0 185=96964.0 186=101906.0 187=102295.0 188=99207.0 189=100172.0 190=99936.0 191=97131.0 192=98294.0 193=97653.0 194=98960.0 195=98220.0 196=99544.0 197=97614.0 198=97400.0 199=101525.0 200=99630.0 201=95852.0 202=99192.0 203=101238.0 204=100930.0 205=98277.0 206=96714.0 207=97714.0 208=101688.0 209=100551.0 210=101238.0 211=99008.0 212=96618.0 213=99612.0 214=101446.0 215=97456.0 216=100585.0 217=100308.0 218=99509.0 219=98928.0 220=98538.0 221=101139.0 222=98510.0 223=101203.0 224=97026.0 225=101879.0 226=99602.0 227=100756.0 228=99629.0 229=102177.0 230=100106.0 231=98706.0 232=96877.0 233=96572.0 234=100254.0 235=96372.0 236=100738.0 237=103049.0 238=99963.0 239=97024.0 240=97486.0 241=105154.0 242=99186.0 243=100417.0 244=101204.0 245=99825.0 246=100000.0 247=101247.0 248=98295.0 249=102361.0 250=100262.0 251=103782.0 252=100943.0 253=97665.0 254=95520.0 255=101548.0 ]
    0 : 1186361 (T=1186361, R=0, W=0)
    1 : 1171539 (T=1171539, R=0, W=0)
    2 : 1155379 (T=1155379, R=0, W=0)
    3 : 1147003 (T=1147003, R=0, W=0)
--- 2823 MB collected in 0.663 secs (2.3% of total), longest GC took 0.162 secs
DATA gc:  total_k 2890976  total_secs 0.663052  max_secs 0.162262
