TL2CM Initialized:
Contention Manager: Polka busy-waiting [C=10]
Number of accounts  = 2
Initial amount      = 100000.0
Maximal transfer    = 10
Read-all frequency  = 0%
Write-all frequency = 0%
Read-all threads    = 0
Write-all threads   = 0
Disjoint            = false
Yield               = false

Starting threads... 0
End of warmup phase... 0
End of test phase... 0
Waiting for threads to finish...
All threads returned successfully
RESULTS:

  Warmup duration (ms) = 20005
  Test duration (ms)   = 10008
  Nb iterations        = 655266
  Stats                = T=655266, R=0, W=0, TOTAL=200000 [ 0=96601.0 1=103399.0 ]
    0 : 655266 (T=655266, R=0, W=0)
--- 506 MB collected in 0.174 secs (0.7% of total), longest GC took 0.127 secs
DATA gc:  total_k 518408  total_secs 0.174038  max_secs 0.127461
