Number of accounts  = 512
Initial amount      = 100000.0
Maximal transfer    = 10
Read-all frequency  = 0%
Write-all frequency = 0%
Read-all threads    = 0
Write-all threads   = 0
Disjoint            = false
Yield               = false

Starting threads... 0 1 2 3 4 5 6 7
End of warmup phase... 0 1 2 3 4 5 6 7
End of test phase... 0 1 2 3 4 5 6 7
Waiting for threads to finish...
All threads returned successfully
RESULTS:

  Warmup duration (ms) = 20005
  Test duration (ms)   = 10008
  Nb iterations        = 8818794
  Stats                = T=8818794, R=0, W=0, TOTAL=51200000 [ 0=100923.0 1=98438.0 2=101578.0 3=100642.0 4=97776.0 5=100531.0 6=97422.0 7=102162.0 8=101492.0 9=102261.0 10=98549.0 11=96328.0 12=102019.0 13=102092.0 14=99992.0 15=99376.0 16=99390.0 17=102882.0 18=101318.0 19=99789.0 20=98926.0 21=103507.0 22=98067.0 23=100220.0 24=97726.0 25=100970.0 26=99610.0 27=98105.0 28=99716.0 29=101869.0 30=98398.0 31=98215.0 32=101238.0 33=98327.0 34=101870.0 35=94383.0 36=104913.0 37=98431.0 38=101388.0 39=97742.0 40=99544.0 41=97079.0 42=98567.0 43=104388.0 44=101715.0 45=98688.0 46=99527.0 47=95313.0 48=97947.0 49=98702.0 50=99622.0 51=99127.0 52=100205.0 53=100108.0 54=99002.0 55=102001.0 56=99744.0 57=100743.0 58=101247.0 59=98620.0 60=100415.0 61=102655.0 62=98701.0 63=99288.0 64=99444.0 65=101063.0 66=99036.0 67=102275.0 68=100728.0 69=97635.0 70=99444.0 71=102708.0 72=100166.0 73=101436.0 74=102336.0 75=102597.0 76=99449.0 77=97685.0 78=97679.0 79=97900.0 80=101726.0 81=100248.0 82=99454.0 83=101404.0 84=100526.0 85=95843.0 86=98638.0 87=99391.0 88=101477.0 89=98337.0 90=99032.0 91=97773.0 92=100463.0 93=97214.0 94=99424.0 95=99667.0 96=98865.0 97=98869.0 98=99464.0 99=102942.0 100=104745.0 101=98830.0 102=100205.0 103=99149.0 104=102287.0 105=98279.0 106=102661.0 107=101860.0 108=99537.0 109=95565.0 110=100834.0 111=98024.0 112=100743.0 113=101246.0 114=97327.0 115=98600.0 116=101928.0 117=100824.0 118=101989.0 119=98918.0 120=98758.0 121=97230.0 122=97473.0 123=100344.0 124=99279.0 125=95045.0 126=99601.0 127=99369.0 128=102926.0 129=98144.0 130=101060.0 131=97399.0 132=99624.0 133=99149.0 134=98191.0 135=100662.0 136=102070.0 137=97333.0 138=98254.0 139=99669.0 140=99652.0 141=96387.0 142=100397.0 143=96373.0 144=101196.0 145=101293.0 146=102188.0 147=103524.0 148=102253.0 149=100174.0 150=96369.0 151=96075.0 152=104634.0 153=98461.0 154=99558.0 155=104116.0 156=96678.0 157=98001.0 158=102961.0 159=102628.0 160=100722.0 161=100072.0 162=98572.0 163=99017.0 164=98081.0 165=99930.0 166=97306.0 167=98492.0 168=102755.0 169=100648.0 170=100538.0 171=102808.0 172=100719.0 173=99002.0 174=100540.0 175=97161.0 176=103219.0 177=101939.0 178=98136.0 179=101430.0 180=100009.0 181=101566.0 182=100889.0 183=95862.0 184=101427.0 185=99285.0 186=99736.0 187=100628.0 188=96359.0 189=99970.0 190=99046.0 191=100816.0 192=98883.0 193=99506.0 194=97943.0 195=100156.0 196=98713.0 197=99015.0 198=99247.0 199=100536.0 200=100231.0 201=100181.0 202=103238.0 203=100037.0 204=99847.0 205=99589.0 206=100313.0 207=99476.0 208=99703.0 209=100220.0 210=100968.0 211=103294.0 212=96775.0 213=101473.0 214=98022.0 215=98217.0 216=98198.0 217=95245.0 218=103255.0 219=102186.0 220=102724.0 221=99862.0 222=94939.0 223=103505.0 224=98869.0 225=100310.0 226=101892.0 227=103252.0 228=97482.0 229=102386.0 230=102210.0 231=97521.0 232=100819.0 233=99891.0 234=100645.0 235=100105.0 236=101268.0 237=101254.0 238=98000.0 239=98450.0 240=100515.0 241=99231.0 242=99431.0 243=97475.0 244=102285.0 245=98535.0 246=98255.0 247=99538.0 248=101587.0 249=100491.0 250=101145.0 251=98738.0 252=100570.0 253=98307.0 254=99377.0 255=98438.0 256=100159.0 257=100581.0 258=100374.0 259=99880.0 260=98606.0 261=102721.0 262=99305.0 263=101898.0 264=98944.0 265=100426.0 266=102859.0 267=101146.0 268=102929.0 269=102665.0 270=100515.0 271=99658.0 272=101046.0 273=99675.0 274=100670.0 275=100315.0 276=99403.0 277=100875.0 278=96640.0 279=100288.0 280=97917.0 281=99147.0 282=101818.0 283=102760.0 284=100345.0 285=102243.0 286=102377.0 287=97124.0 288=101022.0 289=100208.0 290=98444.0 291=103023.0 292=99350.0 293=98899.0 294=101606.0 295=102759.0 296=99691.0 297=102950.0 298=102161.0 299=100027.0 300=102287.0 301=101449.0 302=100002.0 303=99675.0 304=99626.0 305=100627.0 306=102167.0 307=100655.0 308=96347.0 309=100757.0 310=100450.0 311=100026.0 312=101186.0 313=99854.0 314=100801.0 315=98947.0 316=98579.0 317=101853.0 318=99447.0 319=98946.0 320=96259.0 321=100501.0 322=101139.0 323=97632.0 324=101252.0 325=98807.0 326=103134.0 327=96423.0 328=103728.0 329=98773.0 330=99351.0 331=102304.0 332=100232.0 333=99229.0 334=98244.0 335=96813.0 336=101138.0 337=101312.0 338=101306.0 339=98585.0 340=100042.0 341=99635.0 342=103020.0 343=98651.0 344=99646.0 345=102284.0 346=103178.0 347=99466.0 348=99874.0 349=102907.0 350=101282.0 351=102158.0 352=99260.0 353=98895.0 354=99428.0 355=100104.0 356=100547.0 357=97877.0 358=96236.0 359=100202.0 360=102220.0 361=98004.0 362=97586.0 363=98432.0 364=99178.0 365=100950.0 366=102201.0 367=98513.0 368=100162.0 369=102007.0 370=100291.0 371=97518.0 372=99852.0 373=98135.0 374=101614.0 375=99966.0 376=98674.0 377=100359.0 378=100911.0 379=101247.0 380=103875.0 381=97955.0 382=101606.0 383=96489.0 384=99994.0 385=99011.0 386=101770.0 387=101667.0 388=101553.0 389=102655.0 390=99249.0 391=98862.0 392=99418.0 393=101592.0 394=97954.0 395=98059.0 396=100165.0 397=98830.0 398=98966.0 399=101965.0 400=101815.0 401=98679.0 402=100314.0 403=99219.0 404=96197.0 405=98407.0 406=99048.0 407=100118.0 408=96921.0 409=104246.0 410=100057.0 411=101760.0 412=98860.0 413=101422.0 414=96060.0 415=103071.0 416=100854.0 417=101915.0 418=99010.0 419=98949.0 420=101350.0 421=99802.0 422=100977.0 423=97490.0 424=99897.0 425=99227.0 426=98708.0 427=99800.0 428=101484.0 429=101362.0 430=98690.0 431=99522.0 432=97242.0 433=101647.0 434=104091.0 435=99717.0 436=101531.0 437=101066.0 438=102529.0 439=102524.0 440=98183.0 441=101112.0 442=101430.0 443=102849.0 444=98874.0 445=97367.0 446=98800.0 447=98231.0 448=101881.0 449=100997.0 450=101560.0 451=98779.0 452=102251.0 453=104179.0 454=100903.0 455=102876.0 456=99389.0 457=100610.0 458=99122.0 459=102753.0 460=100307.0 461=94866.0 462=102470.0 463=99143.0 464=99107.0 465=99395.0 466=99133.0 467=97813.0 468=98644.0 469=99061.0 470=103042.0 471=99258.0 472=100095.0 473=97411.0 474=96195.0 475=103989.0 476=99692.0 477=100329.0 478=101706.0 479=99280.0 480=101306.0 481=100499.0 482=99627.0 483=102701.0 484=100650.0 485=100657.0 486=99438.0 487=100063.0 488=99934.0 489=97543.0 490=100322.0 491=97115.0 492=99049.0 493=102173.0 494=100386.0 495=102002.0 496=96969.0 497=101821.0 498=101664.0 499=99937.0 500=100460.0 501=99686.0 502=101219.0 503=100541.0 504=99986.0 505=96051.0 506=99953.0 507=95026.0 508=99783.0 509=101196.0 510=100787.0 511=100992.0 ]
    0 : 1142467 (T=1142467, R=0, W=0)
    1 : 1176220 (T=1176220, R=0, W=0)
    2 : 1103940 (T=1103940, R=0, W=0)
    3 : 1111547 (T=1111547, R=0, W=0)
    4 : 1027327 (T=1027327, R=0, W=0)
    5 : 1001268 (T=1001268, R=0, W=0)
    6 : 1145418 (T=1145418, R=0, W=0)
    7 : 1110607 (T=1110607, R=0, W=0)
--- 5676 MB collected in 0.909 secs (3.0% of total), longest GC took 0.205 secs
DATA gc:  total_k 5812386  total_secs 0.909299  max_secs 0.204518
