TL2CM Initialized:
Contention Manager: Polka busy-waiting [C=10]
Number of accounts  = 512
Initial amount      = 100000.0
Maximal transfer    = 10
Read-all frequency  = 0%
Write-all frequency = 0%
Read-all threads    = 0
Write-all threads   = 0
Disjoint            = false
Yield               = false

Starting threads... 0 1 2 3 4 5 6 7
End of warmup phase... 0 1 2 3 4 5 6 7
End of test phase... 0 1 2 3 4 5 6 7
Waiting for threads to finish...
All threads returned successfully
RESULTS:

  Warmup duration (ms) = 20001
  Test duration (ms)   = 10008
  Nb iterations        = 4373119
  Stats                = T=4373119, R=0, W=0, TOTAL=51212512 [ 0=100793.0 1=98437.0 2=101066.0 3=99712.0 4=99449.0 5=99236.0 6=99775.0 7=99587.0 8=100335.0 9=99469.0 10=98244.0 11=101046.0 12=99718.0 13=98911.0 14=101671.0 15=100291.0 16=103413.0 17=98835.0 18=99589.0 19=101157.0 20=100438.0 21=103603.0 22=101134.0 23=100945.0 24=100771.0 25=101509.0 26=100894.0 27=101940.0 28=100823.0 29=99496.0 30=99268.0 31=101106.0 32=101890.0 33=101363.0 34=100506.0 35=100070.0 36=101033.0 37=100376.0 38=97095.0 39=98424.0 40=100115.0 41=102005.0 42=99092.0 43=100324.0 44=101966.0 45=102017.0 46=99022.0 47=99757.0 48=99186.0 49=101943.0 50=99052.0 51=101321.0 52=100298.0 53=100813.0 54=99114.0 55=98754.0 56=98076.0 57=98479.0 58=100064.0 59=99218.0 60=99242.0 61=100071.0 62=100115.0 63=100742.0 64=99741.0 65=100363.0 66=101437.0 67=101985.0 68=101757.0 69=100304.0 70=99777.0 71=100017.0 72=101220.0 73=99684.0 74=100772.0 75=98877.0 76=100649.0 77=100497.0 78=102819.0 79=99153.0 80=99789.0 81=99222.0 82=99762.0 83=99019.0 84=98316.0 85=101050.0 86=101084.0 87=98367.0 88=100801.0 89=99775.0 90=100297.0 91=99610.0 92=101096.0 93=100345.0 94=103377.0 95=100627.0 96=101479.0 97=97690.0 98=101046.0 99=100462.0 100=100731.0 101=100362.0 102=100937.0 103=98742.0 104=99316.0 105=97771.0 106=100798.0 107=98215.0 108=99837.0 109=99572.0 110=100003.0 111=101970.0 112=99719.0 113=101160.0 114=99100.0 115=101158.0 116=99757.0 117=99987.0 118=102138.0 119=102086.0 120=102149.0 121=97537.0 122=101313.0 123=100786.0 124=101772.0 125=99651.0 126=100789.0 127=99806.0 128=99504.0 129=98184.0 130=99152.0 131=100706.0 132=100505.0 133=99756.0 134=95994.0 135=99344.0 136=99618.0 137=99326.0 138=100661.0 139=98427.0 140=99923.0 141=98172.0 142=98549.0 143=98484.0 144=100616.0 145=100171.0 146=101949.0 147=99873.0 148=99129.0 149=97707.0 150=102908.0 151=97589.0 152=98724.0 153=96415.0 154=101195.0 155=100575.0 156=98062.0 157=100650.0 158=101361.0 159=101571.0 160=98678.0 161=99419.0 162=98340.0 163=101960.0 164=100743.0 165=99907.0 166=98717.0 167=101964.0 168=98106.0 169=99372.0 170=100213.0 171=100585.0 172=100196.0 173=101369.0 174=97441.0 175=99481.0 176=100010.0 177=101003.0 178=99703.0 179=102360.0 180=101458.0 181=102243.0 182=97855.0 183=101416.0 184=100178.0 185=102578.0 186=100642.0 187=98188.0 188=97701.0 189=100890.0 190=101276.0 191=98241.0 192=99911.0 193=98334.0 194=98078.0 195=99781.0 196=100415.0 197=98301.0 198=100141.0 199=102347.0 200=99488.0 201=98712.0 202=101457.0 203=101296.0 204=100625.0 205=98558.0 206=98263.0 207=98223.0 208=98944.0 209=101683.0 210=99132.0 211=103517.0 212=98015.0 213=99094.0 214=98174.0 215=98809.0 216=101194.0 217=100453.0 218=100228.0 219=99974.0 220=101421.0 221=98017.0 222=99318.0 223=99929.0 224=101831.0 225=100225.0 226=101235.0 227=99991.0 228=99796.0 229=98745.0 230=99507.0 231=99136.0 232=101371.0 233=99995.0 234=98162.0 235=100741.0 236=101246.0 237=98637.0 238=101460.0 239=97677.0 240=101437.0 241=98712.0 242=99671.0 243=100924.0 244=101306.0 245=99534.0 246=100965.0 247=99855.0 248=99983.0 249=97886.0 250=101992.0 251=100152.0 252=100597.0 253=100363.0 254=103123.0 255=102104.0 256=98991.0 257=102395.0 258=99411.0 259=98903.0 260=99705.0 261=101021.0 262=104691.0 263=100754.0 264=100446.0 265=99122.0 266=99039.0 267=99739.0 268=101658.0 269=100913.0 270=100706.0 271=100216.0 272=99753.0 273=98196.0 274=98122.0 275=99698.0 276=99780.0 277=100992.0 278=99383.0 279=99315.0 280=97379.0 281=99359.0 282=101338.0 283=99205.0 284=99824.0 285=100718.0 286=98277.0 287=101304.0 288=98967.0 289=96872.0 290=97618.0 291=100380.0 292=99084.0 293=99885.0 294=100980.0 295=99618.0 296=99154.0 297=100512.0 298=99021.0 299=99313.0 300=98474.0 301=101124.0 302=101418.0 303=98039.0 304=98128.0 305=99835.0 306=100997.0 307=102174.0 308=99862.0 309=97340.0 310=102131.0 311=103444.0 312=100030.0 313=98960.0 314=100573.0 315=99824.0 316=100392.0 317=100428.0 318=100227.0 319=98394.0 320=99099.0 321=102407.0 322=97368.0 323=100578.0 324=98448.0 325=102270.0 326=100679.0 327=98829.0 328=101174.0 329=100391.0 330=98850.0 331=99974.0 332=102321.0 333=100920.0 334=99095.0 335=99080.0 336=100380.0 337=98514.0 338=100921.0 339=100554.0 340=99056.0 341=99589.0 342=100500.0 343=98912.0 344=99307.0 345=98442.0 346=100835.0 347=99117.0 348=97441.0 349=100285.0 350=98085.0 351=101047.0 352=100567.0 353=99052.0 354=100910.0 355=101527.0 356=99993.0 357=98427.0 358=101299.0 359=98700.0 360=101116.0 361=101236.0 362=101107.0 363=101088.0 364=99096.0 365=101128.0 366=100989.0 367=102584.0 368=98075.0 369=99569.0 370=99457.0 371=100022.0 372=99582.0 373=100936.0 374=101176.0 375=100537.0 376=101655.0 377=99315.0 378=98448.0 379=100618.0 380=99696.0 381=98835.0 382=98789.0 383=100235.0 384=101217.0 385=99245.0 386=101016.0 387=101941.0 388=98485.0 389=99775.0 390=99781.0 391=100300.0 392=98882.0 393=99528.0 394=101852.0 395=99195.0 396=100601.0 397=101420.0 398=98074.0 399=98645.0 400=100578.0 401=99262.0 402=99749.0 403=98152.0 404=98613.0 405=100347.0 406=98704.0 407=101863.0 408=101143.0 409=98682.0 410=99978.0 411=99746.0 412=99812.0 413=100509.0 414=99226.0 415=97450.0 416=102958.0 417=99328.0 418=100836.0 419=98762.0 420=98581.0 421=99818.0 422=99376.0 423=99041.0 424=97287.0 425=98201.0 426=100486.0 427=99969.0 428=100218.0 429=99948.0 430=101270.0 431=99252.0 432=102390.0 433=99499.0 434=101995.0 435=99582.0 436=98199.0 437=98855.0 438=100184.0 439=100738.0 440=100619.0 441=100580.0 442=101408.0 443=98908.0 444=99820.0 445=101096.0 446=100176.0 447=99788.0 448=101566.0 449=99958.0 450=101568.0 451=98396.0 452=99761.0 453=99639.0 454=99713.0 455=100758.0 456=101271.0 457=101029.0 458=99132.0 459=96333.0 460=99410.0 461=99171.0 462=98304.0 463=100032.0 464=99020.0 465=99369.0 466=99912.0 467=101599.0 468=101435.0 469=101131.0 470=100818.0 471=100653.0 472=99290.0 473=100257.0 474=99531.0 475=99812.0 476=99144.0 477=99983.0 478=100166.0 479=100159.0 480=99282.0 481=98107.0 482=99750.0 483=99737.0 484=102102.0 485=101178.0 486=99260.0 487=98406.0 488=101569.0 489=102273.0 490=98940.0 491=99963.0 492=99366.0 493=100420.0 494=101513.0 495=99371.0 496=100524.0 497=101394.0 498=99659.0 499=100676.0 500=100628.0 501=100751.0 502=100141.0 503=99805.0 504=102491.0 505=98597.0 506=101647.0 507=101124.0 508=99264.0 509=99539.0 510=98162.0 511=100946.0 ]
    0 : 542984 (T=542984, R=0, W=0)
    1 : 532965 (T=532965, R=0, W=0)
    2 : 554411 (T=554411, R=0, W=0)
    3 : 548390 (T=548390, R=0, W=0)
    4 : 549821 (T=549821, R=0, W=0)
    5 : 550008 (T=550008, R=0, W=0)
    6 : 554313 (T=554313, R=0, W=0)
    7 : 540227 (T=540227, R=0, W=0)
--- 4469 MB collected in 0.869 secs (2.9% of total), longest GC took 0.151 secs
DATA gc:  total_k 4577025  total_secs 0.86911  max_secs 0.151419
