TL2CM Initialized:
Contention Manager: Polka busy-waiting [C=10]
Number of accounts  = 1
Initial amount      = 100000.0
Maximal transfer    = 10
Read-all frequency  = 0%
Write-all frequency = 0%
Read-all threads    = 0
Write-all threads   = 0
Disjoint            = false
Yield               = false

Starting threads... 0
End of warmup phase... 0
End of test phase... 0
Waiting for threads to finish...
All threads returned successfully
RESULTS:

  Warmup duration (ms) = 20010
  Test duration (ms)   = 10009
  Nb iterations        = 686284
  Stats                = T=686284, R=0, W=0, TOTAL=100000 [ 0=100000.0 ]
    0 : 686284 (T=686284, R=0, W=0)
--- 506 MB collected in 0.230 secs (0.8% of total), longest GC took 0.196 secs
DATA gc:  total_k 518432  total_secs 0.230214  max_secs 0.195578
