Number of accounts  = 32
Initial amount      = 100000.0
Maximal transfer    = 10
Read-all frequency  = 0%
Write-all frequency = 0%
Read-all threads    = 0
Write-all threads   = 0
Disjoint            = false
Yield               = false

Starting threads... 0 1 2 3 4 5 6 7 8 9 10 11 12 13 14 15 16 17 18 19 20 21 22 23 24 25 26 27 28 29 30 31
End of warmup phase... 0 1 2 3 4 5 6 7 8 9 10 11 12 13 14 15 16 17 18 19 20 21 22 23 24 25 26 27 28 29 30 31
End of test phase... 0 1 2 3 4 5 6 7 8 9 10 11 12 13 14 15 16 17 18 19 20 21 22 23 24 25 26 27 28 29 30 31
Waiting for threads to finish...
All threads returned successfully
RESULTS:

  Warmup duration (ms) = 20001
  Test duration (ms)   = 10005
  Nb iterations        = 3220908
  Stats                = T=3220908, R=0, W=0, TOTAL=3200000 [ 0=102308.0 1=95503.0 2=107716.0 3=92731.0 4=102663.0 5=100727.0 6=110621.0 7=102203.0 8=104594.0 9=91265.0 10=91730.0 11=105561.0 12=97957.0 13=97595.0 14=106951.0 15=95854.0 16=95142.0 17=103592.0 18=102726.0 19=101709.0 20=96506.0 21=103078.0 22=91146.0 23=102050.0 24=102125.0 25=100693.0 26=109448.0 27=94022.0 28=97817.0 29=92754.0 30=105389.0 31=95824.0 ]
    0 : 137707 (T=137707, R=0, W=0)
    1 : 75485 (T=75485, R=0, W=0)
    2 : 77099 (T=77099, R=0, W=0)
    3 : 71061 (T=71061, R=0, W=0)
    4 : 79192 (T=79192, R=0, W=0)
    5 : 82151 (T=82151, R=0, W=0)
    6 : 82900 (T=82900, R=0, W=0)
    7 : 83796 (T=83796, R=0, W=0)
    8 : 86970 (T=86970, R=0, W=0)
    9 : 89315 (T=89315, R=0, W=0)
    10 : 91267 (T=91267, R=0, W=0)
    11 : 90649 (T=90649, R=0, W=0)
    12 : 93027 (T=93027, R=0, W=0)
    13 : 96501 (T=96501, R=0, W=0)
    14 : 90460 (T=90460, R=0, W=0)
    15 : 100326 (T=100326, R=0, W=0)
    16 : 95294 (T=95294, R=0, W=0)
    17 : 99603 (T=99603, R=0, W=0)
    18 : 99715 (T=99715, R=0, W=0)
    19 : 98975 (T=98975, R=0, W=0)
    20 : 93731 (T=93731, R=0, W=0)
    21 : 98764 (T=98764, R=0, W=0)
    22 : 95087 (T=95087, R=0, W=0)
    23 : 109617 (T=109617, R=0, W=0)
    24 : 114696 (T=114696, R=0, W=0)
    25 : 121730 (T=121730, R=0, W=0)
    26 : 122510 (T=122510, R=0, W=0)
    27 : 119695 (T=119695, R=0, W=0)
    28 : 129283 (T=129283, R=0, W=0)
    29 : 133676 (T=133676, R=0, W=0)
    30 : 128885 (T=128885, R=0, W=0)
    31 : 131741 (T=131741, R=0, W=0)
--- 7245 MB collected in 0.966 secs (3.2% of total), longest GC took 0.181 secs
DATA gc:  total_k 7419568  total_secs 0.965863  max_secs 0.180513
