Number of accounts  = 128
Initial amount      = 100000.0
Maximal transfer    = 10
Read-all frequency  = 0%
Write-all frequency = 0%
Read-all threads    = 0
Write-all threads   = 0
Disjoint            = false
Yield               = false

Starting threads... 0 1
End of warmup phase... 0 1
End of test phase... 0 1
Waiting for threads to finish...
All threads returned successfully
RESULTS:

  Warmup duration (ms) = 20042
  Test duration (ms)   = 10006
  Nb iterations        = 2413818
  Stats                = T=2413818, R=0, W=0, TOTAL=12800000 [ 0=101558.0 1=101017.0 2=105617.0 3=96761.0 4=99923.0 5=99082.0 6=98137.0 7=100850.0 8=98688.0 9=100084.0 10=99683.0 11=100005.0 12=101690.0 13=102099.0 14=99579.0 15=98934.0 16=103923.0 17=97573.0 18=101310.0 19=99608.0 20=101580.0 21=100600.0 22=99781.0 23=99279.0 24=99781.0 25=98915.0 26=97334.0 27=100099.0 28=98328.0 29=103279.0 30=101321.0 31=100861.0 32=101834.0 33=100040.0 34=99735.0 35=99640.0 36=100697.0 37=99853.0 38=100695.0 39=99518.0 40=101713.0 41=100027.0 42=101034.0 43=99473.0 44=100259.0 45=100455.0 46=99387.0 47=102970.0 48=103897.0 49=102058.0 50=96486.0 51=100273.0 52=100792.0 53=101409.0 54=97437.0 55=98291.0 56=96870.0 57=96782.0 58=98400.0 59=102898.0 60=99125.0 61=98921.0 62=98450.0 63=99979.0 64=100346.0 65=97457.0 66=98694.0 67=98761.0 68=104084.0 69=101122.0 70=103342.0 71=100206.0 72=102216.0 73=99224.0 74=101130.0 75=98807.0 76=100986.0 77=104010.0 78=101020.0 79=99967.0 80=95658.0 81=98999.0 82=98147.0 83=101822.0 84=100407.0 85=102496.0 86=95236.0 87=98950.0 88=99710.0 89=100774.0 90=97964.0 91=96575.0 92=99669.0 93=97918.0 94=100774.0 95=96195.0 96=97694.0 97=98422.0 98=102357.0 99=100364.0 100=98059.0 101=100490.0 102=96694.0 103=97971.0 104=99318.0 105=102535.0 106=103099.0 107=99682.0 108=97348.0 109=98973.0 110=101294.0 111=99950.0 112=97328.0 113=102406.0 114=96661.0 115=100300.0 116=102056.0 117=101307.0 118=100896.0 119=100787.0 120=100586.0 121=101534.0 122=101632.0 123=100271.0 124=99900.0 125=100363.0 126=100495.0 127=99885.0 ]
    0 : 1213421 (T=1213421, R=0, W=0)
    1 : 1200397 (T=1200397, R=0, W=0)
--- 1538 MB collected in 0.462 secs (1.5% of total), longest GC took 0.161 secs
DATA gc:  total_k 1575472  total_secs 0.461768  max_secs 0.160593
