Number of accounts  = 2
Initial amount      = 100000.0
Maximal transfer    = 10
Read-all frequency  = 0%
Write-all frequency = 0%
Read-all threads    = 0
Write-all threads   = 0
Disjoint            = false
Yield               = false

Starting threads... 0 1
End of warmup phase... 0 1
End of test phase... 0 1
Waiting for threads to finish...
All threads returned successfully
RESULTS:

  Warmup duration (ms) = 20010
  Test duration (ms)   = 10009
  Nb iterations        = 114766
  Stats                = T=114766, R=0, W=0, TOTAL=200000 [ 0=97025.0 1=102975.0 ]
    0 : 78412 (T=78412, R=0, W=0)
    1 : 36354 (T=36354, R=0, W=0)
--- 765 MB collected in 0.265 secs (1.0% of total), longest GC took 0.144 secs
DATA gc:  total_k 783904  total_secs 0.264763  max_secs 0.143646
