TL2CM Initialized:
Contention Manager: Polka busy-waiting [C=10]
Number of accounts  = 128
Initial amount      = 100000.0
Maximal transfer    = 10
Read-all frequency  = 0%
Write-all frequency = 0%
Read-all threads    = 0
Write-all threads   = 0
Disjoint            = false
Yield               = false

Starting threads... 0 1
End of warmup phase... 0 1
End of test phase... 0 1
Waiting for threads to finish...
All threads returned successfully
RESULTS:

  Warmup duration (ms) = 20004
  Test duration (ms)   = 10009
  Nb iterations        = 1148010
  Stats                = T=1148010, R=0, W=0, TOTAL=12799963 [ 0=100717.0 1=99760.0 2=100128.0 3=97597.0 4=100839.0 5=98308.0 6=99583.0 7=100631.0 8=99994.0 9=98919.0 10=99484.0 11=100414.0 12=101553.0 13=102361.0 14=99047.0 15=97534.0 16=100405.0 17=99868.0 18=99279.0 19=102149.0 20=99619.0 21=98426.0 22=98139.0 23=99685.0 24=98906.0 25=97365.0 26=98007.0 27=102080.0 28=101052.0 29=100858.0 30=101302.0 31=100970.0 32=100650.0 33=101923.0 34=100571.0 35=104550.0 36=102601.0 37=97698.0 38=96719.0 39=102043.0 40=101701.0 41=99259.0 42=102778.0 43=100537.0 44=97602.0 45=96726.0 46=101541.0 47=100834.0 48=102177.0 49=99045.0 50=99556.0 51=101551.0 52=99188.0 53=100863.0 54=101181.0 55=100421.0 56=100097.0 57=98782.0 58=100279.0 59=97715.0 60=100613.0 61=102269.0 62=99273.0 63=99367.0 64=98290.0 65=99364.0 66=97141.0 67=99298.0 68=101227.0 69=99165.0 70=99357.0 71=99479.0 72=102812.0 73=100019.0 74=101143.0 75=99301.0 76=99528.0 77=98606.0 78=96930.0 79=97802.0 80=97974.0 81=99123.0 82=100371.0 83=98645.0 84=100067.0 85=101533.0 86=100335.0 87=101602.0 88=100342.0 89=98851.0 90=98306.0 91=101026.0 92=100302.0 93=99594.0 94=100643.0 95=98563.0 96=101533.0 97=101487.0 98=98580.0 99=98522.0 100=99752.0 101=98522.0 102=102706.0 103=102769.0 104=99110.0 105=100672.0 106=100462.0 107=101911.0 108=100392.0 109=99745.0 110=100906.0 111=101954.0 112=100495.0 113=99856.0 114=102122.0 115=100561.0 116=99990.0 117=100077.0 118=99884.0 119=98500.0 120=99790.0 121=98379.0 122=100435.0 123=101109.0 124=98995.0 125=98007.0 126=99731.0 127=101181.0 ]
    0 : 575183 (T=575183, R=0, W=0)
    1 : 572827 (T=572827, R=0, W=0)
--- 1014 MB collected in 0.387 secs (1.5% of total), longest GC took 0.157 secs
DATA gc:  total_k 1039152  total_secs 0.386669  max_secs 0.157475
