Starting Multiverse JavaAgent
Number of accounts  = 256
Initial amount      = 100000.0
Maximal transfer    = 10
Read-all frequency  = 0%
Write-all frequency = 0%
Read-all threads    = 0
Write-all threads   = 0
Disjoint            = false
Yield               = false

Starting threads... 0 1 2 3
End of warmup phase... 0 1 2 3
End of test phase... 0 1 2 3
Waiting for threads to finish...
All threads returned successfully
RESULTS:

  Warmup duration (ms) = 20005
  Test duration (ms)   = 10009
  Nb iterations        = 4625512
  Stats                = T=4625512, R=0, W=0, TOTAL=25600008 [ 0=100373.0 1=105247.0 2=95593.0 3=100584.0 4=102025.0 5=99862.0 6=95927.0 7=97342.0 8=97910.0 9=95888.0 10=99441.0 11=98822.0 12=100596.0 13=101912.0 14=97526.0 15=98882.0 16=97229.0 17=97043.0 18=96800.0 19=102442.0 20=98624.0 21=98995.0 22=99913.0 23=99104.0 24=99272.0 25=99533.0 26=101031.0 27=100476.0 28=101917.0 29=102066.0 30=100145.0 31=100238.0 32=102162.0 33=97935.0 34=100657.0 35=99425.0 36=100569.0 37=100394.0 38=98075.0 39=99243.0 40=99074.0 41=99859.0 42=97568.0 43=101033.0 44=104450.0 45=100710.0 46=99653.0 47=98792.0 48=100015.0 49=98594.0 50=98521.0 51=100412.0 52=102145.0 53=101854.0 54=103264.0 55=100358.0 56=99024.0 57=98266.0 58=101118.0 59=99074.0 60=103017.0 61=101612.0 62=100567.0 63=98228.0 64=97691.0 65=102199.0 66=99453.0 67=102090.0 68=103148.0 69=98610.0 70=100056.0 71=98852.0 72=101067.0 73=102446.0 74=101774.0 75=101235.0 76=99489.0 77=96773.0 78=102838.0 79=98599.0 80=102159.0 81=97990.0 82=100645.0 83=99255.0 84=98538.0 85=95372.0 86=100987.0 87=102095.0 88=96469.0 89=99689.0 90=98502.0 91=101611.0 92=99022.0 93=99673.0 94=102617.0 95=101828.0 96=101819.0 97=100846.0 98=101985.0 99=98787.0 100=102589.0 101=99404.0 102=98445.0 103=97685.0 104=102819.0 105=97136.0 106=92947.0 107=98902.0 108=98324.0 109=99354.0 110=101584.0 111=98812.0 112=99023.0 113=98758.0 114=99008.0 115=98371.0 116=100222.0 117=103263.0 118=99120.0 119=102737.0 120=103289.0 121=99235.0 122=100628.0 123=104452.0 124=102593.0 125=101322.0 126=98733.0 127=98709.0 128=99228.0 129=97410.0 130=98230.0 131=97836.0 132=101900.0 133=102230.0 134=102566.0 135=97066.0 136=98808.0 137=101536.0 138=103706.0 139=98185.0 140=98805.0 141=100441.0 142=101559.0 143=101653.0 144=96977.0 145=98037.0 146=96342.0 147=100058.0 148=100123.0 149=100158.0 150=100509.0 151=100108.0 152=99783.0 153=97102.0 154=100997.0 155=99157.0 156=97031.0 157=98563.0 158=100822.0 159=98281.0 160=99297.0 161=100823.0 162=100611.0 163=102222.0 164=96523.0 165=100297.0 166=100577.0 167=102058.0 168=101204.0 169=97351.0 170=98136.0 171=99298.0 172=101067.0 173=98967.0 174=100707.0 175=97884.0 176=97705.0 177=100342.0 178=100261.0 179=99915.0 180=98109.0 181=97614.0 182=98802.0 183=99997.0 184=100360.0 185=99262.0 186=101130.0 187=100080.0 188=103209.0 189=99534.0 190=102281.0 191=98788.0 192=100230.0 193=101259.0 194=101329.0 195=102000.0 196=96228.0 197=99680.0 198=102420.0 199=100161.0 200=102122.0 201=97247.0 202=101253.0 203=100513.0 204=102432.0 205=99180.0 206=103928.0 207=101363.0 208=101069.0 209=100667.0 210=101115.0 211=103474.0 212=100309.0 213=99995.0 214=101556.0 215=104259.0 216=102008.0 217=99259.0 218=100443.0 219=100533.0 220=98263.0 221=99441.0 222=96698.0 223=101077.0 224=100359.0 225=104080.0 226=99806.0 227=98048.0 228=101040.0 229=97655.0 230=96802.0 231=100777.0 232=103832.0 233=101347.0 234=99991.0 235=104029.0 236=101296.0 237=97347.0 238=102502.0 239=100745.0 240=96954.0 241=101274.0 242=95835.0 243=102328.0 244=99260.0 245=98567.0 246=99275.0 247=102442.0 248=96619.0 249=98477.0 250=102600.0 251=98670.0 252=102242.0 253=100063.0 254=101711.0 255=100799.0 ]
    0 : 1152974 (T=1152974, R=0, W=0)
    1 : 1144456 (T=1144456, R=0, W=0)
    2 : 1151723 (T=1151723, R=0, W=0)
    3 : 1176359 (T=1176359, R=0, W=0)
--- 1546 MB collected in 0.435 secs (1.5% of total), longest GC took 0.134 secs
DATA gc:  total_k 1583699  total_secs 0.434632  max_secs 0.134224
