Starting Multiverse JavaAgent
Number of accounts  = 4
Initial amount      = 100000.0
Maximal transfer    = 10
Read-all frequency  = 0%
Write-all frequency = 0%
Read-all threads    = 0
Write-all threads   = 0
Disjoint            = false
Yield               = false

Starting threads... 0 1 2 3
End of warmup phase... 0 1 2 3
End of test phase... 0 1 2 3
Waiting for threads to finish...
All threads returned successfully
RESULTS:

  Warmup duration (ms) = 20002
  Test duration (ms)   = 10009
  Nb iterations        = 2214426
  Stats                = T=2214426, R=0, W=0, TOTAL=400000 [ 0=110728.0 1=98045.0 2=91674.0 3=99553.0 ]
    0 : 829629 (T=829629, R=0, W=0)
    1 : 288128 (T=288128, R=0, W=0)
    2 : 331793 (T=331793, R=0, W=0)
    3 : 764876 (T=764876, R=0, W=0)
--- 1031 MB collected in 0.154 secs (0.5% of total), longest GC took 0.120 secs
DATA gc:  total_k 1056067  total_secs 0.153783  max_secs 0.12005
