Starting Multiverse JavaAgent
Number of accounts  = 8
Initial amount      = 100000.0
Maximal transfer    = 10
Read-all frequency  = 0%
Write-all frequency = 0%
Read-all threads    = 0
Write-all threads   = 0
Disjoint            = false
Yield               = false

Starting threads... 0 1 2 3 4 5 6 7
End of warmup phase... 0 1 2 3 4 5 6 7
End of test phase... 0 1 2 3 4 5 6 7
Waiting for threads to finish...
All threads returned successfully
RESULTS:

  Warmup duration (ms) = 20007
  Test duration (ms)   = 10008
  Nb iterations        = 2232827
  Stats                = T=2232827, R=0, W=0, TOTAL=800000 [ 0=93679.0 1=109111.0 2=104062.0 3=91480.0 4=104728.0 5=91097.0 6=104316.0 7=101527.0 ]
    0 : 270338 (T=270338, R=0, W=0)
    1 : 289985 (T=289985, R=0, W=0)
    2 : 269673 (T=269673, R=0, W=0)
    3 : 287254 (T=287254, R=0, W=0)
    4 : 292095 (T=292095, R=0, W=0)
    5 : 265377 (T=265377, R=0, W=0)
    6 : 270709 (T=270709, R=0, W=0)
    7 : 287396 (T=287396, R=0, W=0)
--- 1546 MB collected in 0.434 secs (1.4% of total), longest GC took 0.133 secs
DATA gc:  total_k 1583728  total_secs 0.43401  max_secs 0.133157
