Starting Multiverse JavaAgent
Number of accounts  = 2
Initial amount      = 100000.0
Maximal transfer    = 10
Read-all frequency  = 0%
Write-all frequency = 0%
Read-all threads    = 0
Write-all threads   = 0
Disjoint            = false
Yield               = false

Starting threads... 0 1
End of warmup phase... 0 1
End of test phase... 0 1
Waiting for threads to finish...
All threads returned successfully
RESULTS:

  Warmup duration (ms) = 20007
  Test duration (ms)   = 10008
  Nb iterations        = 2288352
  Stats                = T=2288352, R=0, W=0, TOTAL=200000 [ 0=96096.0 1=103904.0 ]
    0 : 1197021 (T=1197021, R=0, W=0)
    1 : 1091331 (T=1091331, R=0, W=0)
--- 773 MB collected in 0.250 secs (0.8% of total), longest GC took 0.122 secs
DATA gc:  total_k 792035  total_secs 0.249974  max_secs 0.121714
