Starting Multiverse JavaAgent
Number of accounts  = 512
Initial amount      = 100000.0
Maximal transfer    = 10
Read-all frequency  = 0%
Write-all frequency = 0%
Read-all threads    = 0
Write-all threads   = 0
Disjoint            = false
Yield               = false

Starting threads... 0 1 2 3 4 5 6 7
End of warmup phase... 0 1 2 3 4 5 6 7
End of test phase... 0 1 2 3 4 5 6 7
Waiting for threads to finish...
All threads returned successfully
RESULTS:

  Warmup duration (ms) = 20007
  Test duration (ms)   = 10004
  Nb iterations        = 9269644
  Stats                = T=9269644, R=0, W=0, TOTAL=51199992 [ 0=101790.0 1=98061.0 2=101655.0 3=104280.0 4=96148.0 5=102237.0 6=102105.0 7=99461.0 8=101109.0 9=103375.0 10=98086.0 11=105851.0 12=100077.0 13=99040.0 14=99981.0 15=102142.0 16=99105.0 17=96775.0 18=102167.0 19=102875.0 20=98728.0 21=98952.0 22=102537.0 23=96193.0 24=97018.0 25=100509.0 26=99024.0 27=102324.0 28=99506.0 29=99745.0 30=99461.0 31=98995.0 32=97051.0 33=101210.0 34=100522.0 35=100058.0 36=101871.0 37=96983.0 38=102274.0 39=101320.0 40=101339.0 41=100704.0 42=101892.0 43=99654.0 44=97571.0 45=99009.0 46=100025.0 47=100903.0 48=101017.0 49=98984.0 50=95365.0 51=99792.0 52=99640.0 53=99510.0 54=95722.0 55=99436.0 56=100673.0 57=98975.0 58=103407.0 59=100604.0 60=100779.0 61=101110.0 62=102427.0 63=102263.0 64=97288.0 65=98444.0 66=98307.0 67=98750.0 68=98297.0 69=100647.0 70=99275.0 71=99714.0 72=99230.0 73=96535.0 74=100637.0 75=101141.0 76=101554.0 77=99812.0 78=99284.0 79=100129.0 80=101435.0 81=97094.0 82=99792.0 83=99143.0 84=101777.0 85=103384.0 86=101032.0 87=98790.0 88=101851.0 89=98550.0 90=98737.0 91=99365.0 92=98935.0 93=100978.0 94=100708.0 95=95508.0 96=98797.0 97=97675.0 98=102320.0 99=98059.0 100=100095.0 101=97909.0 102=100786.0 103=101931.0 104=97860.0 105=100722.0 106=96157.0 107=98524.0 108=99134.0 109=103132.0 110=99733.0 111=100633.0 112=100762.0 113=103277.0 114=100785.0 115=102889.0 116=102055.0 117=100712.0 118=102314.0 119=101097.0 120=99380.0 121=98619.0 122=101443.0 123=100323.0 124=96502.0 125=101879.0 126=99856.0 127=102359.0 128=100557.0 129=97593.0 130=97893.0 131=101394.0 132=94107.0 133=99329.0 134=99963.0 135=98782.0 136=100609.0 137=103113.0 138=95965.0 139=103580.0 140=97347.0 141=98283.0 142=100151.0 143=98166.0 144=99138.0 145=101126.0 146=98808.0 147=100520.0 148=101963.0 149=103910.0 150=98398.0 151=98794.0 152=94982.0 153=98833.0 154=98993.0 155=98402.0 156=99621.0 157=100004.0 158=102924.0 159=96682.0 160=98720.0 161=103301.0 162=101667.0 163=100010.0 164=102626.0 165=99817.0 166=96240.0 167=101335.0 168=97737.0 169=99141.0 170=97984.0 171=100246.0 172=101346.0 173=103371.0 174=98739.0 175=100296.0 176=100114.0 177=99898.0 178=99582.0 179=97514.0 180=103911.0 181=100462.0 182=100243.0 183=103559.0 184=102970.0 185=102082.0 186=101867.0 187=101110.0 188=101118.0 189=99577.0 190=99412.0 191=99381.0 192=100297.0 193=101630.0 194=99433.0 195=96573.0 196=98597.0 197=101514.0 198=100498.0 199=98824.0 200=102430.0 201=99566.0 202=99209.0 203=98930.0 204=98432.0 205=95609.0 206=98180.0 207=100559.0 208=101789.0 209=98013.0 210=98997.0 211=98335.0 212=95393.0 213=103989.0 214=102969.0 215=103308.0 216=102515.0 217=105169.0 218=104856.0 219=96487.0 220=98367.0 221=100050.0 222=101956.0 223=102180.0 224=100707.0 225=97704.0 226=100809.0 227=98133.0 228=101015.0 229=98979.0 230=98434.0 231=96281.0 232=99134.0 233=97781.0 234=97628.0 235=97616.0 236=98278.0 237=101491.0 238=101518.0 239=100939.0 240=103655.0 241=103256.0 242=103100.0 243=101144.0 244=100090.0 245=97268.0 246=100262.0 247=103250.0 248=96888.0 249=98701.0 250=100982.0 251=100102.0 252=100878.0 253=99351.0 254=99779.0 255=94526.0 256=99685.0 257=101193.0 258=96861.0 259=101811.0 260=103978.0 261=100009.0 262=101241.0 263=101824.0 264=99769.0 265=100934.0 266=100486.0 267=97996.0 268=100578.0 269=96133.0 270=98699.0 271=96268.0 272=99485.0 273=97458.0 274=98771.0 275=99001.0 276=96747.0 277=101231.0 278=96203.0 279=98150.0 280=102241.0 281=97798.0 282=99831.0 283=99580.0 284=100552.0 285=96138.0 286=102914.0 287=99400.0 288=96770.0 289=98883.0 290=95782.0 291=100264.0 292=98792.0 293=96562.0 294=99217.0 295=102292.0 296=100115.0 297=101913.0 298=99684.0 299=98201.0 300=94297.0 301=102705.0 302=103813.0 303=99688.0 304=103899.0 305=98213.0 306=100387.0 307=99652.0 308=100833.0 309=101938.0 310=101608.0 311=101112.0 312=101566.0 313=99901.0 314=98796.0 315=100522.0 316=98162.0 317=106124.0 318=99592.0 319=102136.0 320=98515.0 321=98413.0 322=101708.0 323=100953.0 324=101953.0 325=100782.0 326=100639.0 327=102321.0 328=101686.0 329=99875.0 330=102144.0 331=102281.0 332=99883.0 333=100359.0 334=98741.0 335=102672.0 336=102700.0 337=99201.0 338=100200.0 339=97350.0 340=101699.0 341=94386.0 342=99711.0 343=98970.0 344=96980.0 345=98241.0 346=101483.0 347=99302.0 348=101129.0 349=100993.0 350=100028.0 351=105106.0 352=101028.0 353=97738.0 354=97406.0 355=95518.0 356=96235.0 357=100896.0 358=101381.0 359=98894.0 360=99158.0 361=101186.0 362=102258.0 363=101550.0 364=101661.0 365=101875.0 366=99375.0 367=98204.0 368=101245.0 369=98639.0 370=98092.0 371=101401.0 372=98027.0 373=97840.0 374=101521.0 375=98567.0 376=98471.0 377=98997.0 378=98112.0 379=98015.0 380=100129.0 381=102462.0 382=99430.0 383=102184.0 384=100862.0 385=99267.0 386=100600.0 387=99415.0 388=101202.0 389=98677.0 390=99585.0 391=101360.0 392=102166.0 393=103223.0 394=100204.0 395=96388.0 396=100606.0 397=102622.0 398=100033.0 399=99501.0 400=102297.0 401=98176.0 402=102076.0 403=97338.0 404=101433.0 405=97465.0 406=100626.0 407=100386.0 408=99845.0 409=100439.0 410=100369.0 411=101190.0 412=100639.0 413=102236.0 414=98882.0 415=100785.0 416=102270.0 417=101344.0 418=101875.0 419=97496.0 420=100263.0 421=99564.0 422=100952.0 423=100727.0 424=98720.0 425=99633.0 426=99213.0 427=99142.0 428=100189.0 429=96706.0 430=104473.0 431=99504.0 432=103068.0 433=101156.0 434=99618.0 435=99100.0 436=98112.0 437=99315.0 438=100633.0 439=99860.0 440=97606.0 441=100792.0 442=98361.0 443=98316.0 444=99915.0 445=99243.0 446=98739.0 447=100504.0 448=100274.0 449=99821.0 450=102111.0 451=98448.0 452=98926.0 453=98892.0 454=102673.0 455=98470.0 456=96388.0 457=99639.0 458=98985.0 459=100332.0 460=100314.0 461=102582.0 462=98985.0 463=101455.0 464=98971.0 465=101440.0 466=99145.0 467=100194.0 468=99788.0 469=101777.0 470=98987.0 471=97247.0 472=99208.0 473=103256.0 474=100471.0 475=102321.0 476=101031.0 477=99792.0 478=98583.0 479=99548.0 480=101819.0 481=101478.0 482=100025.0 483=100682.0 484=99907.0 485=99204.0 486=100091.0 487=99468.0 488=101296.0 489=102104.0 490=98932.0 491=98562.0 492=99836.0 493=98972.0 494=99676.0 495=96342.0 496=102109.0 497=100512.0 498=98667.0 499=101641.0 500=99833.0 501=100708.0 502=102818.0 503=99069.0 504=98110.0 505=101374.0 506=100112.0 507=101045.0 508=103877.0 509=100416.0 510=105215.0 511=100578.0 ]
    0 : 1251042 (T=1251042, R=0, W=0)
    1 : 1116831 (T=1116831, R=0, W=0)
    2 : 1110102 (T=1110102, R=0, W=0)
    3 : 1270336 (T=1270336, R=0, W=0)
    4 : 1018307 (T=1018307, R=0, W=0)
    5 : 1123992 (T=1123992, R=0, W=0)
    6 : 1107500 (T=1107500, R=0, W=0)
    7 : 1271534 (T=1271534, R=0, W=0)
--- 3584 MB collected in 0.655 secs (2.0% of total), longest GC took 0.148 secs
DATA gc:  total_k 3670866  total_secs 0.655167  max_secs 0.14765
