startup =       4000
elapsed =       10000
threads =       2
accounts =      128
init =          1000000
maxAmount =     10
readFreq =      0
writeFreq =     0
readThreads =   0
writeThreads =  0
disjointTrans = false
yieldALot =     false
flavour =       rfw

warming up
timed execution

TOTAL=1.28E8 [ 999186.0 998712.0 997982.0 1003477.0 1001315.0 999582.0 1000579.0 999670.0 999438.0 995396.0 1002516.0 1003680.0 998408.0 995278.0 994264.0 996605.0 1005178.0 1004444.0 1002693.0 999784.0 998627.0 999260.0 1002346.0 998106.0 1005995.0 1002343.0 1001787.0 1000185.0 999960.0 1003456.0 999557.0 995932.0 1002814.0 996786.0 997021.0 996429.0 995936.0 996799.0 993694.0 1001500.0 999949.0 996189.0 997729.0 1004840.0 998948.0 1005849.0 996339.0 1003015.0 993008.0 997422.0 997214.0 1000498.0 1006629.0 997324.0 1002971.0 1007332.0 997671.0 1003198.0 1003014.0 1000619.0 1001236.0 997245.0 998215.0 997915.0 991889.0 997968.0 993815.0 996757.0 1005708.0 998591.0 999197.0 1005683.0 994170.0 998486.0 995348.0 1000537.0 999699.0 1001946.0 1001942.0 1010547.0 995854.0 1003778.0 1004048.0 1004459.0 1006845.0 1004823.0 998456.0 1004017.0 998834.0 1005275.0 997890.0 1001950.0 994554.0 998360.0 999153.0 999624.0 998381.0 997115.0 1004061.0 997388.0 993607.0 996653.0 999119.0 1002965.0 995561.0 997644.0 1003278.0 996574.0 1002653.0 999454.0 997694.0 998693.0 998745.0 1004262.0 1007530.0 1008731.0 1005952.0 1002521.0 999526.0 998008.0 999975.0 1007015.0 995010.0 997361.0 998761.0 1001352.0 991981.0 1001138.0 ]

10001 actual elapsed

T=8206706, R=0, W=0
T=9410411, R=0, W=0

TOTAL: T=17617117, R=0, W=0
--- 13,507 MB collected in 0.042 secs (0.3% of total), longest GC took 0.002 secs
DATA gc:  total_k 13831769  total_secs 0.041925  max_secs 0.002085
