startup =       4000
elapsed =       10000
threads =       8
accounts =      512
init =          1000000
maxAmount =     10
readFreq =      0
writeFreq =     0
readThreads =   0
writeThreads =  0
disjointTrans = false
yieldALot =     false
flavour =       rfw

warming up
timed execution

TOTAL=5.12000096E8 [ 1003865.0 1004253.0 1003919.0 999415.0 1005316.0 998122.0 1000212.0 995214.0 1007657.0 999554.0 997612.0 998979.0 997290.0 1001728.0 1002732.0 1004545.0 1005004.0 1002026.0 1001688.0 998334.0 997784.0 1001369.0 1003486.0 999368.0 998687.0 999907.0 999472.0 1000553.0 998692.0 999693.0 998696.0 994613.0 999838.0 1000879.0 993379.0 998232.0 1000642.0 1002061.0 1002864.0 998673.0 997634.0 994347.0 999678.0 1003257.0 1000107.0 1001564.0 1000516.0 1000500.0 997679.0 999989.0 998695.0 1001053.0 998501.0 1000052.0 997114.0 1000736.0 998560.0 1004862.0 996758.0 998537.0 1002661.0 1000618.0 1000769.0 994767.0 1001071.0 998482.0 1000302.0 1002938.0 998277.0 1000811.0 1001330.0 999880.0 993496.0 994475.0 994957.0 998748.0 997403.0 998767.0 1006778.0 1005584.0 999055.0 1002540.0 1001985.0 1000778.0 1002892.0 995944.0 1003128.0 997739.0 994201.0 1001108.0 1004092.0 1004114.0 1003735.0 997700.0 997476.0 996950.0 999463.0 1000345.0 997273.0 1004337.0 996511.0 996157.0 997260.0 1001562.0 999426.0 995163.0 1001435.0 1004404.0 999827.0 1005783.0 995695.0 1002585.0 997770.0 998752.0 1003477.0 1010854.0 1000116.0 1003876.0 999928.0 995766.0 995423.0 1003885.0 1000479.0 1004461.0 1003927.0 1004841.0 991096.0 998235.0 997291.0 1004221.0 996890.0 999871.0 997147.0 1002753.0 998404.0 1007494.0 999783.0 1000496.0 999527.0 996692.0 997479.0 1001748.0 1000768.0 1002845.0 999537.0 1005594.0 1002265.0 992040.0 1007339.0 997062.0 1000528.0 998547.0 1004678.0 1005738.0 1001689.0 1000694.0 994735.0 1005678.0 999642.0 1001650.0 1001434.0 997692.0 997461.0 1000450.0 1005177.0 997703.0 996235.0 992838.0 1001321.0 1000782.0 996101.0 998788.0 1001972.0 1001946.0 996964.0 997979.0 1005252.0 996469.0 998361.0 999743.0 999011.0 997568.0 1003464.0 1003481.0 992217.0 998200.0 997307.0 1002018.0 1002731.0 995602.0 1005132.0 1001841.0 997344.0 998397.0 1001588.0 997268.0 997712.0 1003990.0 1001497.0 997928.0 1000712.0 998518.0 997670.0 997380.0 997150.0 998908.0 998724.0 1002113.0 1001655.0 1006689.0 1002791.0 1001353.0 1001916.0 997766.0 1000790.0 1004813.0 1001202.0 1001726.0 997697.0 999662.0 1001921.0 1005768.0 999399.0 1001468.0 997120.0 994820.0 996475.0 1003399.0 1000004.0 998563.0 999795.0 1003511.0 999883.0 1000364.0 999070.0 1000898.0 998093.0 1002642.0 1002454.0 999965.0 1001363.0 1004047.0 1002398.0 997361.0 1001256.0 1000699.0 1002213.0 1006013.0 998396.0 997723.0 997813.0 1000032.0 999814.0 995625.0 999380.0 1002992.0 1000211.0 1003523.0 996980.0 992560.0 998531.0 1000488.0 999861.0 992553.0 1000114.0 1004913.0 1004689.0 1002729.0 1001591.0 1000363.0 991785.0 998974.0 997239.0 1003592.0 1006047.0 1002163.0 999941.0 1002714.0 1001016.0 994192.0 999647.0 1004399.0 996832.0 995267.0 998946.0 996984.0 995163.0 997337.0 1000683.0 1002824.0 1001480.0 1003453.0 997391.0 996249.0 1001677.0 1001829.0 997751.0 999532.0 1002865.0 1003335.0 1000886.0 1000740.0 1000589.0 996969.0 999162.0 997631.0 989924.0 998035.0 995760.0 996482.0 1001182.0 998292.0 1001447.0 992786.0 1005628.0 1000629.0 1001354.0 1002358.0 996871.0 1002510.0 1003961.0 997459.0 997984.0 1002568.0 1001496.0 995163.0 1001304.0 992574.0 999898.0 1002186.0 1003277.0 997420.0 1007438.0 998565.0 1002560.0 996049.0 998592.0 1005267.0 1006442.0 999812.0 1004878.0 1001387.0 1002150.0 1005248.0 996235.0 996493.0 999388.0 998302.0 1004656.0 1000957.0 1004265.0 996286.0 1002342.0 1006009.0 996923.0 994965.0 995671.0 998739.0 1001710.0 1001371.0 1001951.0 995095.0 1001038.0 1002061.0 996779.0 997401.0 998431.0 996409.0 996603.0 1006835.0 999742.0 1000414.0 1000592.0 991846.0 1002839.0 996165.0 998988.0 991611.0 998261.0 994981.0 1003698.0 1006208.0 993245.0 994845.0 999921.0 1000576.0 1000247.0 1001041.0 996746.0 1002375.0 995988.0 998417.0 1002385.0 999152.0 999649.0 1000177.0 999901.0 1004127.0 999651.0 1002366.0 1003483.0 995199.0 995194.0 998597.0 1001690.0 997046.0 1001961.0 996809.0 1000315.0 998034.0 995138.0 1000403.0 998905.0 997422.0 1005154.0 1005926.0 998963.0 1000947.0 999652.0 1003441.0 991442.0 996750.0 1006839.0 1002803.0 995888.0 1001724.0 998081.0 1002915.0 1001838.0 999205.0 1004426.0 996124.0 1002508.0 996321.0 996302.0 999064.0 1010199.0 1003886.0 1000953.0 1001810.0 995968.0 1001270.0 1001563.0 997079.0 1001318.0 1000788.0 1001003.0 1002911.0 994469.0 1000669.0 994147.0 996739.0 1001258.0 1006430.0 1006022.0 1003815.0 996192.0 999314.0 1004251.0 1007119.0 1004684.0 999927.0 1000663.0 1000060.0 995243.0 997797.0 1003306.0 1001249.0 999227.0 1000137.0 1002935.0 992954.0 998706.0 999798.0 1003440.0 995917.0 998567.0 1002226.0 1000058.0 1000794.0 1005514.0 999769.0 1003653.0 1003119.0 1002986.0 998117.0 1000304.0 1003407.0 1006834.0 997643.0 993068.0 1000247.0 1000228.0 1002438.0 998451.0 1001052.0 997454.0 992887.0 998388.0 1000568.0 1002806.0 999959.0 995744.0 998279.0 995001.0 1003569.0 992362.0 998942.0 999967.0 1001114.0 1002466.0 999983.0 ]

10001 actual elapsed

T=8020549, R=0, W=0
T=4780321, R=0, W=0
T=7268310, R=0, W=0
T=6278581, R=0, W=0
T=6370740, R=0, W=0
T=6635842, R=0, W=0
T=7186434, R=0, W=0
T=7340759, R=0, W=0

TOTAL: T=53881536, R=0, W=0
--- 41,657 MB collected in 0.049 secs (0.3% of total), longest GC took 0.002 secs
DATA gc:  total_k 42656998  total_secs 0.04898  max_secs 0.00249
