startup =       4000
elapsed =       10000
threads =       128
accounts =      128
init =          1000000
maxAmount =     10
readFreq =      0
writeFreq =     0
readThreads =   0
writeThreads =  0
disjointTrans = false
yieldALot =     false
flavour =       t

warming up
timed execution

TOTAL=1.27999992E8 [ 1014480.0 999323.0 1003112.0 998405.0 994464.0 1002500.0 1004178.0 997717.0 1003850.0 994936.0 1004018.0 1001560.0 996396.0 996566.0 996585.0 1006554.0 1000173.0 995601.0 990628.0 1001677.0 1004676.0 1007085.0 996043.0 1002267.0 1014275.0 995483.0 1003582.0 987105.0 993823.0 993519.0 1007363.0 1003709.0 994770.0 999672.0 998350.0 1007622.0 998589.0 1004632.0 1000253.0 996290.0 1000574.0 1004752.0 996757.0 997834.0 1001948.0 1006531.0 994269.0 1000365.0 1002561.0 1000543.0 997753.0 993855.0 1000605.0 997073.0 1000352.0 994261.0 1006801.0 994435.0 997144.0 1001773.0 998627.0 999511.0 990501.0 999763.0 1001994.0 995397.0 1008280.0 994982.0 999716.0 992043.0 998840.0 1001551.0 1008698.0 1004916.0 996503.0 992905.0 997006.0 992169.0 996993.0 1001405.0 999847.0 1009785.0 998915.0 999612.0 999391.0 998294.0 1011266.0 1008722.0 996090.0 995668.0 1002058.0 1005446.0 994224.0 1006042.0 995823.0 1002224.0 989552.0 1001017.0 994966.0 998997.0 1004143.0 996134.0 999613.0 1002711.0 991037.0 1003473.0 1005393.0 1002334.0 999797.0 995331.0 1003953.0 1003929.0 988466.0 997313.0 999725.0 999693.0 1008557.0 1007441.0 1000435.0 1005875.0 1007536.0 999688.0 1004706.0 997431.0 1016914.0 989960.0 990227.0 996429.0 ]

10002 actual elapsed

T=450219, R=0, W=0
T=441339, R=0, W=0
T=412766, R=0, W=0
T=392482, R=0, W=0
T=386462, R=0, W=0
T=455427, R=0, W=0
T=387983, R=0, W=0
T=386486, R=0, W=0
T=383690, R=0, W=0
T=412858, R=0, W=0
T=432922, R=0, W=0
T=349614, R=0, W=0
T=422760, R=0, W=0
T=434249, R=0, W=0
T=412388, R=0, W=0
T=446204, R=0, W=0
T=420958, R=0, W=0
T=368289, R=0, W=0
T=358720, R=0, W=0
T=363779, R=0, W=0
T=402447, R=0, W=0
T=438633, R=0, W=0
T=412326, R=0, W=0
T=343368, R=0, W=0
T=456254, R=0, W=0
T=436703, R=0, W=0
T=381297, R=0, W=0
T=368999, R=0, W=0
T=437000, R=0, W=0
T=438625, R=0, W=0
T=411181, R=0, W=0
T=375700, R=0, W=0
T=364989, R=0, W=0
T=399734, R=0, W=0
T=381731, R=0, W=0
T=423278, R=0, W=0
T=460158, R=0, W=0
T=407896, R=0, W=0
T=410476, R=0, W=0
T=380105, R=0, W=0
T=382276, R=0, W=0
T=443489, R=0, W=0
T=381762, R=0, W=0
T=432331, R=0, W=0
T=509357, R=0, W=0
T=417002, R=0, W=0
T=377498, R=0, W=0
T=406601, R=0, W=0
T=359892, R=0, W=0
T=420795, R=0, W=0
T=366548, R=0, W=0
T=443546, R=0, W=0
T=344294, R=0, W=0
T=388788, R=0, W=0
T=350218, R=0, W=0
T=435547, R=0, W=0
T=400750, R=0, W=0
T=393988, R=0, W=0
T=373903, R=0, W=0
T=394755, R=0, W=0
T=464367, R=0, W=0
T=380934, R=0, W=0
T=375943, R=0, W=0
T=365444, R=0, W=0
T=382256, R=0, W=0
T=404187, R=0, W=0
T=418338, R=0, W=0
T=448033, R=0, W=0
T=422177, R=0, W=0
T=388728, R=0, W=0
T=383695, R=0, W=0
T=389978, R=0, W=0
T=402713, R=0, W=0
T=398571, R=0, W=0
T=364582, R=0, W=0
T=422355, R=0, W=0
T=431876, R=0, W=0
T=373984, R=0, W=0
T=414998, R=0, W=0
T=343528, R=0, W=0
T=402348, R=0, W=0
T=485849, R=0, W=0
T=427633, R=0, W=0
T=349775, R=0, W=0
T=465432, R=0, W=0
T=393864, R=0, W=0
T=438578, R=0, W=0
T=428528, R=0, W=0
T=455229, R=0, W=0
T=409743, R=0, W=0
T=395169, R=0, W=0
T=396564, R=0, W=0
T=374381, R=0, W=0
T=329979, R=0, W=0
T=410424, R=0, W=0
T=350999, R=0, W=0
T=367706, R=0, W=0
T=386935, R=0, W=0
T=394973, R=0, W=0
T=424503, R=0, W=0
T=400390, R=0, W=0
T=362069, R=0, W=0
T=392784, R=0, W=0
T=401999, R=0, W=0
T=353013, R=0, W=0
T=398898, R=0, W=0
T=363130, R=0, W=0
T=375971, R=0, W=0
T=352755, R=0, W=0
T=450373, R=0, W=0
T=400051, R=0, W=0
T=412616, R=0, W=0
T=411105, R=0, W=0
T=431902, R=0, W=0
T=383117, R=0, W=0
T=415796, R=0, W=0
T=424751, R=0, W=0
T=387673, R=0, W=0
T=362963, R=0, W=0
T=448627, R=0, W=0
T=431595, R=0, W=0
T=428375, R=0, W=0
T=439073, R=0, W=0
T=373417, R=0, W=0
T=465950, R=0, W=0
T=437450, R=0, W=0
T=422541, R=0, W=0
T=438422, R=0, W=0

TOTAL: T=51705940, R=0, W=0
--- 36,628 MB collected in 0.135 secs (1.0% of total), longest GC took 0.008 secs
DATA gc:  total_k 37507452  total_secs 0.135174  max_secs 0.008298
