startup =       4000
elapsed =       10000
threads =       128
accounts =      128
init =          1000000
maxAmount =     10
readFreq =      0
writeFreq =     0
readThreads =   0
writeThreads =  0
disjointTrans = false
yieldALot =     false
flavour =       rfw

warming up
timed execution

TOTAL=1.28000008E8 [ 1005413.0 996340.0 1000873.0 999472.0 1002792.0 1003710.0 1010632.0 1005268.0 996746.0 1006428.0 1000469.0 999912.0 999106.0 1001026.0 1005706.0 998058.0 995604.0 1000554.0 998790.0 1001346.0 999203.0 997027.0 1002835.0 1012505.0 991486.0 1001420.0 994557.0 995469.0 1000555.0 998732.0 989982.0 997338.0 995261.0 1000988.0 998550.0 999149.0 990347.0 1000349.0 1000692.0 1000626.0 1004293.0 1008394.0 1004258.0 997326.0 1002731.0 999175.0 998650.0 1008417.0 1001360.0 1010394.0 996092.0 1000560.0 1000062.0 1000346.0 992404.0 999495.0 990632.0 997353.0 1001388.0 995380.0 1000144.0 994880.0 999849.0 999044.0 1013050.0 1011545.0 1002180.0 1003655.0 1006967.0 995890.0 999857.0 998070.0 995571.0 994895.0 988308.0 1002415.0 1001236.0 997093.0 994681.0 999925.0 1007424.0 1000530.0 1000599.0 1003882.0 1006614.0 994685.0 996623.0 995759.0 999429.0 1005773.0 1008311.0 1004049.0 999430.0 1004937.0 996716.0 1008296.0 991336.0 991319.0 996503.0 1007311.0 1000097.0 1005988.0 1001585.0 1002420.0 1006072.0 993186.0 1002468.0 1008242.0 995687.0 1001457.0 993791.0 1005220.0 1006038.0 996267.0 997026.0 998927.0 995829.0 996933.0 988757.0 993096.0 1002190.0 993694.0 995185.0 1009456.0 996552.0 1007193.0 987658.0 996179.0 ]

10031 actual elapsed

T=379107, R=0, W=0
T=454825, R=0, W=0
T=446659, R=0, W=0
T=480046, R=0, W=0
T=439719, R=0, W=0
T=392436, R=0, W=0
T=458556, R=0, W=0
T=373464, R=0, W=0
T=521444, R=0, W=0
T=488625, R=0, W=0
T=488636, R=0, W=0
T=427889, R=0, W=0
T=386588, R=0, W=0
T=450699, R=0, W=0
T=403139, R=0, W=0
T=450281, R=0, W=0
T=419667, R=0, W=0
T=484357, R=0, W=0
T=404436, R=0, W=0
T=450409, R=0, W=0
T=481110, R=0, W=0
T=441888, R=0, W=0
T=397843, R=0, W=0
T=471332, R=0, W=0
T=342576, R=0, W=0
T=485776, R=0, W=0
T=452260, R=0, W=0
T=409093, R=0, W=0
T=470366, R=0, W=0
T=478434, R=0, W=0
T=461883, R=0, W=0
T=386088, R=0, W=0
T=440597, R=0, W=0
T=402554, R=0, W=0
T=460735, R=0, W=0
T=464104, R=0, W=0
T=344945, R=0, W=0
T=445913, R=0, W=0
T=426701, R=0, W=0
T=396837, R=0, W=0
T=360644, R=0, W=0
T=429111, R=0, W=0
T=425471, R=0, W=0
T=435395, R=0, W=0
T=378232, R=0, W=0
T=422988, R=0, W=0
T=526904, R=0, W=0
T=530875, R=0, W=0
T=423774, R=0, W=0
T=454577, R=0, W=0
T=500723, R=0, W=0
T=429947, R=0, W=0
T=409430, R=0, W=0
T=487635, R=0, W=0
T=407887, R=0, W=0
T=544753, R=0, W=0
T=357092, R=0, W=0
T=381404, R=0, W=0
T=462668, R=0, W=0
T=412982, R=0, W=0
T=443207, R=0, W=0
T=464038, R=0, W=0
T=461310, R=0, W=0
T=448978, R=0, W=0
T=464933, R=0, W=0
T=437626, R=0, W=0
T=426867, R=0, W=0
T=411194, R=0, W=0
T=387922, R=0, W=0
T=455343, R=0, W=0
T=453984, R=0, W=0
T=417081, R=0, W=0
T=375564, R=0, W=0
T=374028, R=0, W=0
T=451787, R=0, W=0
T=415921, R=0, W=0
T=430790, R=0, W=0
T=417079, R=0, W=0
T=405081, R=0, W=0
T=405923, R=0, W=0
T=395231, R=0, W=0
T=428986, R=0, W=0
T=436525, R=0, W=0
T=386404, R=0, W=0
T=447904, R=0, W=0
T=418527, R=0, W=0
T=439547, R=0, W=0
T=405464, R=0, W=0
T=422148, R=0, W=0
T=443865, R=0, W=0
T=530961, R=0, W=0
T=460198, R=0, W=0
T=430651, R=0, W=0
T=388307, R=0, W=0
T=387716, R=0, W=0
T=564815, R=0, W=0
T=381297, R=0, W=0
T=427795, R=0, W=0
T=498926, R=0, W=0
T=439548, R=0, W=0
T=459717, R=0, W=0
T=436870, R=0, W=0
T=428239, R=0, W=0
T=449632, R=0, W=0
T=466455, R=0, W=0
T=474517, R=0, W=0
T=417719, R=0, W=0
T=464403, R=0, W=0
T=451560, R=0, W=0
T=436460, R=0, W=0
T=412661, R=0, W=0
T=444946, R=0, W=0
T=394151, R=0, W=0
T=395828, R=0, W=0
T=446482, R=0, W=0
T=380354, R=0, W=0
T=472581, R=0, W=0
T=349354, R=0, W=0
T=431870, R=0, W=0
T=451240, R=0, W=0
T=473360, R=0, W=0
T=433382, R=0, W=0
T=376685, R=0, W=0
T=418755, R=0, W=0
T=402332, R=0, W=0
T=508185, R=0, W=0
T=450645, R=0, W=0
T=421358, R=0, W=0

TOTAL: T=55677721, R=0, W=0
--- 34,922 MB collected in 0.123 secs (0.9% of total), longest GC took 0.007 secs
DATA gc:  total_k 35760668  total_secs 0.122814  max_secs 0.007257
