startup =       4000
elapsed =       10000
threads =       1
accounts =      1
init =          1000000
maxAmount =     10
readFreq =      0
writeFreq =     0
readThreads =   0
writeThreads =  0
disjointTrans = false
yieldALot =     false
flavour =       t

warming up
timed execution

TOTAL=1000000.0 [ 1000000.0 ]

10001 actual elapsed

T=18657238, R=0, W=0

TOTAL: T=18657238, R=0, W=0
--- 13,684 MB collected in 0.058 secs (0.4% of total), longest GC took 0.002 secs
DATA gc:  total_k 14012978  total_secs 0.058241  max_secs 0.002163
