startup =       4000
elapsed =       10000
threads =       64
accounts =      64
init =          1000000
maxAmount =     10
readFreq =      0
writeFreq =     0
readThreads =   0
writeThreads =  0
disjointTrans = false
yieldALot =     false
flavour =       d

warming up
timed execution

TOTAL=6.3999984E7 [ 1008872.0 1013094.0 1000279.0 1001892.0 1005077.0 1006540.0 992376.0 992786.0 1001111.0 998738.0 1016349.0 995916.0 998701.0 995364.0 989495.0 1002088.0 991319.0 1000686.0 1002346.0 995510.0 1015282.0 994021.0 999257.0 993168.0 987746.0 995926.0 1001934.0 996666.0 1006384.0 1006116.0 992937.0 995057.0 1004478.0 1000623.0 1005443.0 983327.0 1000096.0 996270.0 996481.0 1001730.0 1007572.0 1001831.0 998838.0 1005459.0 1004955.0 997824.0 1006805.0 992240.0 1013808.0 995349.0 998265.0 989159.0 1007436.0 993142.0 1002688.0 1004948.0 993843.0 1003631.0 999810.0 998589.0 1000020.0 1005093.0 994606.0 1002608.0 ]

10001 actual elapsed

T=621592, R=0, W=0
T=597622, R=0, W=0
T=595783, R=0, W=0
T=596086, R=0, W=0
T=569014, R=0, W=0
T=566189, R=0, W=0
T=568380, R=0, W=0
T=575734, R=0, W=0
T=567932, R=0, W=0
T=605354, R=0, W=0
T=565596, R=0, W=0
T=560671, R=0, W=0
T=511060, R=0, W=0
T=563051, R=0, W=0
T=588906, R=0, W=0
T=584669, R=0, W=0
T=583038, R=0, W=0
T=587922, R=0, W=0
T=546278, R=0, W=0
T=565407, R=0, W=0
T=604106, R=0, W=0
T=586715, R=0, W=0
T=558992, R=0, W=0
T=523019, R=0, W=0
T=645653, R=0, W=0
T=509921, R=0, W=0
T=567782, R=0, W=0
T=617470, R=0, W=0
T=529856, R=0, W=0
T=557645, R=0, W=0
T=631536, R=0, W=0
T=582631, R=0, W=0
T=595125, R=0, W=0
T=580933, R=0, W=0
T=543150, R=0, W=0
T=561793, R=0, W=0
T=538027, R=0, W=0
T=546958, R=0, W=0
T=591558, R=0, W=0
T=576416, R=0, W=0
T=550246, R=0, W=0
T=562315, R=0, W=0
T=594168, R=0, W=0
T=580645, R=0, W=0
T=582755, R=0, W=0
T=588636, R=0, W=0
T=561364, R=0, W=0
T=529634, R=0, W=0
T=545861, R=0, W=0
T=602734, R=0, W=0
T=550701, R=0, W=0
T=554836, R=0, W=0
T=567269, R=0, W=0
T=580930, R=0, W=0
T=569340, R=0, W=0
T=577208, R=0, W=0
T=540289, R=0, W=0
T=595015, R=0, W=0
T=612723, R=0, W=0
T=632820, R=0, W=0
T=578192, R=0, W=0
T=620208, R=0, W=0
T=634235, R=0, W=0
T=615304, R=0, W=0

TOTAL: T=36896998, R=0, W=0
--- 21,946 MB collected in 0.128 secs (0.9% of total), longest GC took 0.004 secs
DATA gc:  total_k 22473612  total_secs 0.127502  max_secs 0.004123
