startup =       4000
elapsed =       10000
threads =       4
accounts =      256
init =          1000000
maxAmount =     10
readFreq =      0
writeFreq =     0
readThreads =   0
writeThreads =  0
disjointTrans = false
yieldALot =     false
flavour =       rfw

warming up
timed execution

TOTAL=2.55999936E8 [ 1005311.0 999783.0 1005674.0 995915.0 993819.0 999970.0 1004716.0 997090.0 996163.0 996712.0 997041.0 999505.0 992228.0 995779.0 1000521.0 995308.0 1000832.0 1000967.0 999917.0 995018.0 1002527.0 999319.0 1005600.0 1006059.0 1007866.0 996667.0 1005817.0 1000328.0 1001130.0 996869.0 998522.0 1003614.0 1004452.0 1002142.0 1003818.0 1003825.0 997628.0 992143.0 995425.0 1003912.0 1000110.0 995226.0 998760.0 1002939.0 1008373.0 1001135.0 1005285.0 1010123.0 1001695.0 1000230.0 998435.0 1000741.0 995348.0 999503.0 995559.0 1003642.0 1002316.0 1000808.0 993714.0 997223.0 997430.0 1000759.0 1006637.0 1007693.0 998333.0 996480.0 1000134.0 990591.0 998284.0 1005955.0 997787.0 1003213.0 998632.0 1000590.0 1002534.0 994893.0 999353.0 1003152.0 995551.0 993721.0 999556.0 1006571.0 999681.0 992153.0 1010077.0 1001702.0 1002154.0 994648.0 993970.0 999932.0 998265.0 996426.0 1005485.0 1004478.0 1002231.0 996829.0 1004520.0 1003148.0 1002202.0 997311.0 1000615.0 1005961.0 1002819.0 999917.0 994549.0 1002259.0 997108.0 999013.0 995571.0 999243.0 999386.0 999701.0 1001709.0 1001065.0 1002683.0 994347.0 992151.0 1010376.0 1002612.0 996386.0 1009604.0 994751.0 994521.0 1005274.0 996472.0 1002573.0 988353.0 1002338.0 1000005.0 1000390.0 999722.0 998320.0 996109.0 999480.0 1001084.0 1005043.0 994263.0 998001.0 1003303.0 1001416.0 1004178.0 998687.0 993438.0 999483.0 999791.0 1003881.0 1003016.0 995062.0 1001921.0 999664.0 1001768.0 1001157.0 1003767.0 1005801.0 999728.0 993429.0 997281.0 996193.0 1000429.0 997720.0 1001182.0 1000574.0 995842.0 1002586.0 1000570.0 1000055.0 994877.0 997228.0 994292.0 1000502.0 997778.0 994656.0 1001072.0 996785.0 1004747.0 1002804.0 1001416.0 1010285.0 999413.0 992949.0 1002410.0 1000903.0 1006076.0 994562.0 997695.0 1006559.0 998145.0 1011806.0 999477.0 993328.0 999872.0 1001305.0 1003028.0 993151.0 997215.0 1001297.0 1005503.0 998845.0 997154.0 997351.0 993816.0 999104.0 1003573.0 1002972.0 1001189.0 998710.0 1006567.0 1001569.0 998499.0 994571.0 999320.0 1003412.0 999502.0 1002053.0 998243.0 990804.0 999639.0 1001056.0 998111.0 997515.0 1003057.0 1002114.0 1000957.0 1005579.0 998766.0 997547.0 1007842.0 1000974.0 999543.0 1003169.0 994363.0 993452.0 1001260.0 1002539.0 996500.0 995673.0 1004542.0 1001859.0 1001185.0 999757.0 1000840.0 1004180.0 994055.0 1006261.0 994587.0 997880.0 998082.0 999396.0 1002291.0 987596.0 1006581.0 1006357.0 1004821.0 1001742.0 1000504.0 999584.0 ]

10001 actual elapsed

T=9144381, R=0, W=0
T=9134823, R=0, W=0
T=10176619, R=0, W=0
T=9771634, R=0, W=0

TOTAL: T=38227457, R=0, W=0
--- 29,554 MB collected in 0.048 secs (0.3% of total), longest GC took 0.003 secs
DATA gc:  total_k 30264175  total_secs 0.048189  max_secs 0.002691
