startup =       4000
elapsed =       10000
threads =       8
accounts =      512
init =          1000000
maxAmount =     10
readFreq =      0
writeFreq =     0
readThreads =   0
writeThreads =  0
disjointTrans = false
yieldALot =     false
flavour =       d

warming up
timed execution

TOTAL=5.12E8 [ 1004939.0 1001839.0 996220.0 998288.0 991241.0 1005462.0 998184.0 996831.0 995586.0 997810.0 1000341.0 993317.0 1003414.0 998882.0 1001773.0 1002470.0 997375.0 1002675.0 1001957.0 998270.0 997934.0 1003468.0 999295.0 1000927.0 995773.0 996700.0 1001412.0 994602.0 999206.0 1002292.0 1000211.0 998681.0 998972.0 1003161.0 1003415.0 996180.0 1000456.0 1000212.0 1002843.0 1004992.0 1001139.0 997199.0 999275.0 1001154.0 1002749.0 995489.0 998454.0 1002795.0 1000478.0 1003429.0 1000048.0 1009006.0 997303.0 998258.0 1000350.0 1002189.0 1005539.0 997980.0 1002976.0 1002296.0 996454.0 1006769.0 998907.0 1000986.0 997288.0 997440.0 1001276.0 995013.0 997437.0 998472.0 1003141.0 995537.0 1001325.0 998440.0 1002667.0 1001071.0 1003984.0 998418.0 997911.0 1004856.0 1003705.0 996736.0 998148.0 1002089.0 992963.0 997374.0 1001308.0 1003789.0 1000268.0 999394.0 1000238.0 1001985.0 1000255.0 997641.0 1003638.0 996588.0 997107.0 1000730.0 1000809.0 1009924.0 999516.0 999787.0 997270.0 1001669.0 998380.0 1000754.0 997577.0 1001349.0 1000247.0 997112.0 1002381.0 996797.0 1004496.0 997043.0 1002603.0 995064.0 1005260.0 998926.0 999413.0 998068.0 1000454.0 998808.0 996887.0 1001448.0 997944.0 994007.0 999516.0 1001047.0 997819.0 992967.0 998076.0 997813.0 998594.0 1000605.0 998920.0 997122.0 1001284.0 1005827.0 996931.0 999754.0 1002923.0 1000900.0 1002377.0 995508.0 995692.0 995066.0 994748.0 1000476.0 995842.0 1001770.0 996548.0 995309.0 996165.0 1002709.0 998550.0 995906.0 1000167.0 1000988.0 1005181.0 1003506.0 1002643.0 995863.0 997107.0 994139.0 997575.0 1001751.0 1003248.0 1007302.0 997960.0 995141.0 999544.0 1002613.0 999863.0 1003327.0 1001084.0 1000505.0 1001421.0 997783.0 998400.0 1001211.0 1000892.0 1005717.0 999815.0 1002433.0 1004723.0 1005945.0 1000849.0 998025.0 999392.0 993813.0 995659.0 1000194.0 999351.0 1002829.0 1000579.0 1002269.0 1006918.0 1003008.0 998957.0 999846.0 1001458.0 1004845.0 1005866.0 997728.0 997513.0 998068.0 1001295.0 998274.0 996926.0 993816.0 1002894.0 1007266.0 998853.0 1003061.0 1000755.0 998398.0 995842.0 1003857.0 994532.0 1004686.0 1000691.0 1005102.0 1005001.0 990673.0 989927.0 1005571.0 1000784.0 997727.0 993710.0 1003406.0 1001906.0 993271.0 998137.0 997009.0 1006928.0 999321.0 1001845.0 1003151.0 1005377.0 998741.0 994811.0 1003361.0 1000283.0 1002347.0 1005297.0 999313.0 1001538.0 999653.0 998926.0 995365.0 1005969.0 1001603.0 998113.0 1001424.0 1001388.0 1004488.0 999526.0 996616.0 1004261.0 994622.0 999264.0 1002543.0 995667.0 1002561.0 999335.0 997646.0 1000022.0 1002612.0 1001813.0 1005243.0 1001394.0 992171.0 1000413.0 1000618.0 1003055.0 999966.0 996833.0 997007.0 1001272.0 1001902.0 998492.0 1001765.0 1004866.0 996439.0 1002127.0 998097.0 1001218.0 1006220.0 1004404.0 995481.0 997641.0 998767.0 996444.0 999157.0 1002696.0 998801.0 1003139.0 997444.0 992271.0 997066.0 1005797.0 1001001.0 997163.0 999773.0 998852.0 997398.0 999665.0 1003378.0 996480.0 998215.0 993542.0 1003043.0 1002209.0 997606.0 996505.0 996326.0 1000772.0 997515.0 997240.0 1003612.0 1001279.0 992788.0 998693.0 997920.0 1002079.0 1001896.0 998243.0 999108.0 996245.0 1003459.0 1005558.0 997719.0 997681.0 999677.0 999019.0 994408.0 1003583.0 1001374.0 999013.0 1000347.0 997200.0 998947.0 1003287.0 1001195.0 997552.0 1002857.0 1003191.0 993956.0 999041.0 1005429.0 995575.0 1002278.0 1001847.0 1003493.0 995931.0 1002644.0 996018.0 1000413.0 1005070.0 998970.0 1005173.0 998000.0 999807.0 1004874.0 1001988.0 992865.0 997878.0 996241.0 997924.0 1000340.0 999383.0 1002153.0 1003368.0 998249.0 1001217.0 1003532.0 1010267.0 998968.0 998588.0 998722.0 1002095.0 1000971.0 1002263.0 997965.0 1007479.0 994008.0 997811.0 1002428.0 998802.0 999820.0 1003028.0 997010.0 998675.0 998110.0 1004891.0 998116.0 990320.0 997215.0 999140.0 1008154.0 1002798.0 1000097.0 995729.0 1003403.0 1001784.0 1004346.0 1003005.0 1004764.0 1003063.0 1000812.0 999988.0 999148.0 994451.0 998048.0 999740.0 999830.0 1002984.0 1001251.0 1002892.0 1001950.0 1000755.0 995350.0 998921.0 1000169.0 1000829.0 996915.0 997374.0 1001599.0 1002837.0 998428.0 1003199.0 1000336.0 1002673.0 1002842.0 1004927.0 998844.0 1000923.0 1003187.0 1003307.0 1004898.0 1001637.0 997903.0 1001977.0 993854.0 1000940.0 999942.0 1004322.0 998045.0 998973.0 1002308.0 1006574.0 998775.0 1002027.0 1000617.0 996349.0 999079.0 996053.0 1002114.0 997330.0 996396.0 998966.0 998164.0 1001803.0 998415.0 991851.0 997762.0 998474.0 1004268.0 997550.0 1001876.0 997750.0 1001821.0 998194.0 1001244.0 1002676.0 1002339.0 1002944.0 999702.0 1002808.0 998549.0 998020.0 998798.0 1000145.0 993248.0 999324.0 1000542.0 999317.0 1000466.0 993381.0 995399.0 996999.0 998150.0 1000422.0 999310.0 1001816.0 1004988.0 1003528.0 998327.0 1006464.0 1001829.0 1001018.0 999370.0 1004061.0 996280.0 1003772.0 999190.0 1001643.0 1005545.0 999712.0 998901.0 999098.0 996917.0 ]

10002 actual elapsed

T=5036648, R=0, W=0
T=7238470, R=0, W=0
T=7396923, R=0, W=0
T=7002658, R=0, W=0
T=6072818, R=0, W=0
T=7093797, R=0, W=0
T=7179452, R=0, W=0
T=8237590, R=0, W=0

TOTAL: T=55258356, R=0, W=0
--- 36,349 MB collected in 0.121 secs (0.8% of total), longest GC took 0.003 secs
DATA gc:  total_k 37222246  total_secs 0.120636  max_secs 0.003371
