Number of accounts  = 512
Initial amount      = 100000.0
Maximal transfer    = 10
Read-all frequency  = 0%
Write-all frequency = 0%
Read-all threads    = 0
Write-all threads   = 0
Disjoint            = false
Yield               = false

Starting threads... 0 1 2 3 4 5 6 7
End of warmup phase... 0 1 2 3 4 5 6 7
End of test phase... 0 1 2 3 4 5 6 7
Waiting for threads to finish...
All threads returned successfully
RESULTS:

  Warmup duration (ms) = 20000
  Test duration (ms)   = 10000
  Nb iterations        = 61740844
  Stats                = T=61740844, R=0, W=0, TOTAL=51200000 [ 0=104471.0 1=102457.0 2=103292.0 3=101281.0 4=98199.0 5=96779.0 6=104951.0 7=97489.0 8=115648.0 9=93458.0 10=105835.0 11=100003.0 12=105779.0 13=93729.0 14=93761.0 15=99625.0 16=108731.0 17=103545.0 18=97517.0 19=97577.0 20=100887.0 21=95176.0 22=99439.0 23=103502.0 24=101935.0 25=102891.0 26=110927.0 27=110786.0 28=93655.0 29=101883.0 30=92298.0 31=100565.0 32=103015.0 33=104424.0 34=95897.0 35=105837.0 36=102557.0 37=94844.0 38=101652.0 39=98418.0 40=102194.0 41=93992.0 42=110446.0 43=102548.0 44=89115.0 45=97258.0 46=104638.0 47=100855.0 48=110604.0 49=111127.0 50=102911.0 51=98264.0 52=96928.0 53=93376.0 54=93068.0 55=106054.0 56=103842.0 57=98598.0 58=97396.0 59=111264.0 60=95877.0 61=106621.0 62=100342.0 63=103035.0 64=103832.0 65=101531.0 66=99940.0 67=100874.0 68=108941.0 69=98078.0 70=102496.0 71=96189.0 72=101360.0 73=105427.0 74=97493.0 75=102854.0 76=96998.0 77=99089.0 78=112908.0 79=104670.0 80=101841.0 81=99026.0 82=99100.0 83=94717.0 84=97906.0 85=99117.0 86=93010.0 87=91840.0 88=104283.0 89=104671.0 90=94633.0 91=102523.0 92=107159.0 93=96566.0 94=105526.0 95=104141.0 96=96587.0 97=93607.0 98=106827.0 99=100651.0 100=105272.0 101=91216.0 102=109671.0 103=102428.0 104=105415.0 105=101876.0 106=95956.0 107=95826.0 108=102599.0 109=92150.0 110=94675.0 111=95430.0 112=97008.0 113=101062.0 114=99033.0 115=86508.0 116=98861.0 117=95120.0 118=94069.0 119=93180.0 120=96226.0 121=101106.0 122=101302.0 123=101097.0 124=89933.0 125=98272.0 126=103101.0 127=95728.0 128=97050.0 129=96062.0 130=105064.0 131=100735.0 132=96704.0 133=103766.0 134=94889.0 135=99156.0 136=87680.0 137=98588.0 138=102635.0 139=102042.0 140=96713.0 141=94367.0 142=104804.0 143=100422.0 144=101135.0 145=100669.0 146=97881.0 147=104771.0 148=94743.0 149=103479.0 150=96883.0 151=91890.0 152=97455.0 153=109383.0 154=90859.0 155=107494.0 156=104143.0 157=100117.0 158=101192.0 159=105715.0 160=106995.0 161=100622.0 162=104723.0 163=101067.0 164=97298.0 165=104644.0 166=93455.0 167=101344.0 168=89103.0 169=98917.0 170=97813.0 171=97568.0 172=103960.0 173=103143.0 174=97928.0 175=102613.0 176=97725.0 177=100788.0 178=102548.0 179=92827.0 180=101648.0 181=101492.0 182=94737.0 183=102616.0 184=101654.0 185=97183.0 186=102716.0 187=108293.0 188=100529.0 189=100715.0 190=101366.0 191=101691.0 192=107475.0 193=95363.0 194=94570.0 195=107211.0 196=94703.0 197=97720.0 198=104966.0 199=99217.0 200=106508.0 201=100730.0 202=95218.0 203=99089.0 204=95656.0 205=101786.0 206=108629.0 207=103475.0 208=103702.0 209=100222.0 210=94207.0 211=100140.0 212=105813.0 213=97850.0 214=93586.0 215=111099.0 216=101054.0 217=97686.0 218=98391.0 219=100565.0 220=103824.0 221=94353.0 222=102116.0 223=97331.0 224=97811.0 225=92475.0 226=101216.0 227=109566.0 228=104165.0 229=96500.0 230=96682.0 231=101374.0 232=100867.0 233=105366.0 234=96835.0 235=100635.0 236=95396.0 237=103200.0 238=92486.0 239=95997.0 240=109980.0 241=87911.0 242=108021.0 243=101482.0 244=106434.0 245=104545.0 246=97187.0 247=97130.0 248=100180.0 249=99470.0 250=95781.0 251=109383.0 252=110656.0 253=98816.0 254=101561.0 255=93227.0 256=101584.0 257=96537.0 258=97887.0 259=92304.0 260=101990.0 261=101620.0 262=94026.0 263=102453.0 264=101559.0 265=104518.0 266=93479.0 267=92267.0 268=93079.0 269=103444.0 270=101867.0 271=102580.0 272=100686.0 273=93355.0 274=107758.0 275=93252.0 276=102156.0 277=110168.0 278=101195.0 279=106761.0 280=99303.0 281=106686.0 282=102383.0 283=93995.0 284=100852.0 285=106851.0 286=105394.0 287=99806.0 288=87113.0 289=107849.0 290=98486.0 291=103321.0 292=99475.0 293=91198.0 294=102015.0 295=104755.0 296=99840.0 297=98979.0 298=99626.0 299=97612.0 300=102371.0 301=103655.0 302=109064.0 303=105114.0 304=101721.0 305=97146.0 306=91539.0 307=95565.0 308=102679.0 309=102877.0 310=98669.0 311=100692.0 312=104144.0 313=95145.0 314=99876.0 315=103268.0 316=94436.0 317=92808.0 318=96061.0 319=93345.0 320=85533.0 321=91039.0 322=106846.0 323=94275.0 324=104773.0 325=95041.0 326=108938.0 327=108604.0 328=105384.0 329=107094.0 330=100118.0 331=86073.0 332=100701.0 333=104792.0 334=102254.0 335=100220.0 336=101031.0 337=98970.0 338=96209.0 339=94978.0 340=102194.0 341=89963.0 342=103539.0 343=98578.0 344=92790.0 345=99256.0 346=95090.0 347=106280.0 348=99249.0 349=99767.0 350=102280.0 351=98819.0 352=94767.0 353=99672.0 354=92008.0 355=95452.0 356=97839.0 357=98726.0 358=94781.0 359=90326.0 360=103062.0 361=89884.0 362=99634.0 363=93779.0 364=104139.0 365=97691.0 366=88107.0 367=109372.0 368=98069.0 369=96098.0 370=97302.0 371=91754.0 372=101909.0 373=96729.0 374=103155.0 375=100062.0 376=97546.0 377=106410.0 378=103270.0 379=94820.0 380=98355.0 381=105719.0 382=96268.0 383=97665.0 384=94220.0 385=93458.0 386=98792.0 387=104793.0 388=97138.0 389=98774.0 390=97799.0 391=107107.0 392=94034.0 393=99990.0 394=96321.0 395=99813.0 396=96576.0 397=90844.0 398=102329.0 399=98506.0 400=93777.0 401=97368.0 402=110024.0 403=101689.0 404=103105.0 405=105386.0 406=106926.0 407=96334.0 408=97367.0 409=97789.0 410=96238.0 411=108312.0 412=110221.0 413=96553.0 414=100809.0 415=105992.0 416=102207.0 417=90503.0 418=105579.0 419=107459.0 420=105433.0 421=103906.0 422=94384.0 423=102650.0 424=93325.0 425=113553.0 426=98908.0 427=103469.0 428=96963.0 429=99631.0 430=104134.0 431=96857.0 432=108700.0 433=103263.0 434=89701.0 435=102240.0 436=99460.0 437=104000.0 438=96244.0 439=100391.0 440=93586.0 441=102627.0 442=99264.0 443=90055.0 444=99529.0 445=96193.0 446=104844.0 447=99288.0 448=93714.0 449=102547.0 450=99164.0 451=97737.0 452=107584.0 453=93203.0 454=101362.0 455=90588.0 456=98506.0 457=98192.0 458=94694.0 459=100569.0 460=93292.0 461=103965.0 462=92804.0 463=110865.0 464=97116.0 465=107570.0 466=97359.0 467=105072.0 468=108209.0 469=88644.0 470=97466.0 471=99549.0 472=100145.0 473=100183.0 474=95826.0 475=109989.0 476=108450.0 477=99077.0 478=103650.0 479=98340.0 480=104505.0 481=97628.0 482=105516.0 483=103732.0 484=99708.0 485=98722.0 486=94538.0 487=100436.0 488=101841.0 489=98885.0 490=104518.0 491=103908.0 492=98203.0 493=101910.0 494=82530.0 495=101269.0 496=96686.0 497=95481.0 498=100094.0 499=104571.0 500=91712.0 501=104381.0 502=102459.0 503=103455.0 504=96945.0 505=111642.0 506=99055.0 507=96949.0 508=100769.0 509=108635.0 510=106517.0 511=102956.0 ]
    0 : 8434367 (T=8434367, R=0, W=0)
    1 : 7990027 (T=7990027, R=0, W=0)
    2 : 7951883 (T=7951883, R=0, W=0)
    3 : 8434114 (T=8434114, R=0, W=0)
    4 : 7979120 (T=7979120, R=0, W=0)
    5 : 7957703 (T=7957703, R=0, W=0)
    6 : 6674197 (T=6674197, R=0, W=0)
    7 : 6319433 (T=6319433, R=0, W=0)
--- 72,771 MB collected in 0.097 secs (0.3% of total), longest GC took 0.007 secs
DATA gc:  total_k 74518024  total_secs 0.097449  max_secs 0.006706
