Number of accounts  = 64
Initial amount      = 100000.0
Maximal transfer    = 10
Read-all frequency  = 0%
Write-all frequency = 0%
Read-all threads    = 0
Write-all threads   = 0
Disjoint            = false
Yield               = false

Starting threads... 0 1 2 3 4 5 6 7 8 9 10 11 12 13 14 15 16 17 18 19 20 21 22 23 24 25 26 27 28 29 30 31 32 33 34 35 36 37 38 39 40 41 42 43 44 45 46 47 48 49 50 51 52 53 54 55 56 57 58 59 60 61 62 63
End of warmup phase... 0 1 2 3 4 5 6 7 8 9 10 11 12 13 14 15 16 17 18 19 20 21 22 23 24 25 26 27 28 29 30 31 32 33 34 35 36 37 38 39 40 41 42 43 44 45 46 47 48 49 50 51 52 53 54 55 56 57 58 59 60 61 62 63
End of test phase... 0 1 2 3 4 5 6 7 8 9 10 11 12 13 14 15 16 17 18 19 20 21 22 23 24 25 26 27 28 29 30 31 32 33 34 35 36 37 38 39 40 41 42 43 44 45 46 47 48 49 50 51 52 53 54 55 56 57 58 59 60 61 62 63
Waiting for threads to finish...
All threads returned successfully
RESULTS:

  Warmup duration (ms) = 4000
  Test duration (ms)   = 10000
  Nb iterations        = 4404
  Stats                = T=4404, R=0, W=0, TOTAL=6400000 [ 0=99927.0 1=100096.0 2=99986.0 3=100002.0 4=99954.0 5=100058.0 6=99870.0 7=99927.0 8=99954.0 9=99940.0 10=100118.0 11=100053.0 12=100038.0 13=99918.0 14=99938.0 15=100061.0 16=99975.0 17=100045.0 18=99975.0 19=99986.0 20=99877.0 21=100036.0 22=100015.0 23=99997.0 24=100073.0 25=100016.0 26=100066.0 27=100051.0 28=100044.0 29=99999.0 30=99868.0 31=100059.0 32=99978.0 33=99915.0 34=99877.0 35=99939.0 36=99971.0 37=99961.0 38=99955.0 39=100001.0 40=100114.0 41=100014.0 42=99977.0 43=100008.0 44=99967.0 45=100091.0 46=100052.0 47=99946.0 48=99991.0 49=99903.0 50=100089.0 51=99987.0 52=100073.0 53=99965.0 54=100038.0 55=100200.0 56=100018.0 57=100017.0 58=100024.0 59=99889.0 60=100154.0 61=99934.0 62=99971.0 63=100059.0 ]
    0 : 80 (T=80, R=0, W=0)
    1 : 74 (T=74, R=0, W=0)
    2 : 112 (T=112, R=0, W=0)
    3 : 43 (T=43, R=0, W=0)
    4 : 39 (T=39, R=0, W=0)
    5 : 65 (T=65, R=0, W=0)
    6 : 45 (T=45, R=0, W=0)
    7 : 60 (T=60, R=0, W=0)
    8 : 64 (T=64, R=0, W=0)
    9 : 83 (T=83, R=0, W=0)
    10 : 77 (T=77, R=0, W=0)
    11 : 51 (T=51, R=0, W=0)
    12 : 49 (T=49, R=0, W=0)
    13 : 77 (T=77, R=0, W=0)
    14 : 53 (T=53, R=0, W=0)
    15 : 81 (T=81, R=0, W=0)
    16 : 64 (T=64, R=0, W=0)
    17 : 74 (T=74, R=0, W=0)
    18 : 50 (T=50, R=0, W=0)
    19 : 68 (T=68, R=0, W=0)
    20 : 44 (T=44, R=0, W=0)
    21 : 60 (T=60, R=0, W=0)
    22 : 76 (T=76, R=0, W=0)
    23 : 64 (T=64, R=0, W=0)
    24 : 73 (T=73, R=0, W=0)
    25 : 47 (T=47, R=0, W=0)
    26 : 59 (T=59, R=0, W=0)
    27 : 73 (T=73, R=0, W=0)
    28 : 90 (T=90, R=0, W=0)
    29 : 90 (T=90, R=0, W=0)
    30 : 75 (T=75, R=0, W=0)
    31 : 83 (T=83, R=0, W=0)
    32 : 105 (T=105, R=0, W=0)
    33 : 70 (T=70, R=0, W=0)
    34 : 73 (T=73, R=0, W=0)
    35 : 78 (T=78, R=0, W=0)
    36 : 77 (T=77, R=0, W=0)
    37 : 114 (T=114, R=0, W=0)
    38 : 79 (T=79, R=0, W=0)
    39 : 58 (T=58, R=0, W=0)
    40 : 99 (T=99, R=0, W=0)
    41 : 78 (T=78, R=0, W=0)
    42 : 61 (T=61, R=0, W=0)
    43 : 77 (T=77, R=0, W=0)
    44 : 48 (T=48, R=0, W=0)
    45 : 58 (T=58, R=0, W=0)
    46 : 77 (T=77, R=0, W=0)
    47 : 48 (T=48, R=0, W=0)
    48 : 68 (T=68, R=0, W=0)
    49 : 64 (T=64, R=0, W=0)
    50 : 104 (T=104, R=0, W=0)
    51 : 88 (T=88, R=0, W=0)
    52 : 49 (T=49, R=0, W=0)
    53 : 76 (T=76, R=0, W=0)
    54 : 46 (T=46, R=0, W=0)
    55 : 42 (T=42, R=0, W=0)
    56 : 40 (T=40, R=0, W=0)
    57 : 55 (T=55, R=0, W=0)
    58 : 67 (T=67, R=0, W=0)
    59 : 117 (T=117, R=0, W=0)
    60 : 70 (T=70, R=0, W=0)
    61 : 72 (T=72, R=0, W=0)
    62 : 54 (T=54, R=0, W=0)
    63 : 49 (T=49, R=0, W=0)
--- 28,023 MB collected in 0.090 secs (0.6% of total), longest GC took 0.011 secs
DATA gc:  total_k 28695847  total_secs 0.090132  max_secs 0.010665
