TL2CM Initialized:
Contention Manager: Polka busy-waiting [C=10]
Number of accounts  = 32
Initial amount      = 100000.0
Maximal transfer    = 10
Read-all frequency  = 0%
Write-all frequency = 0%
Read-all threads    = 0
Write-all threads   = 0
Disjoint            = false
Yield               = false

Starting threads... 0 1 2 3 4 5 6 7 8 9 10 11 12 13 14 15 16 17 18 19 20 21 22 23 24 25 26 27 28 29 30 31
End of warmup phase... 0 1 2 3 4 5 6 7 8 9 10 11 12 13 14 15 16 17 18 19 20 21 22 23 24 25 26 27 28 29 30 31
End of test phase... 0 1 2 3 4 5 6 7 8 9 10 11 12 13 14 15 16 17 18 19 20 21 22 23 24 25 26 27 28 29 30 31
Waiting for threads to finish...
All threads returned successfully
RESULTS:

  Warmup duration (ms) = 20001
  Test duration (ms)   = 10000
  Nb iterations        = 5012285
  Stats                = T=5012285, R=0, W=0, TOTAL=3422435 [ 0=116089.0 1=110983.0 2=105281.0 3=103179.0 4=115582.0 5=112038.0 6=105440.0 7=105638.0 8=107812.0 9=110094.0 10=110052.0 11=110193.0 12=108450.0 13=101054.0 14=99882.0 15=106362.0 16=107450.0 17=98140.0 18=110796.0 19=95739.0 20=111283.0 21=99024.0 22=113706.0 23=105661.0 24=104802.0 25=108196.0 26=107322.0 27=99976.0 28=112437.0 29=107012.0 30=109800.0 31=102962.0 ]
    0 : 140397 (T=140397, R=0, W=0)
    1 : 156035 (T=156035, R=0, W=0)
    2 : 153851 (T=153851, R=0, W=0)
    3 : 144194 (T=144194, R=0, W=0)
    4 : 162918 (T=162918, R=0, W=0)
    5 : 149304 (T=149304, R=0, W=0)
    6 : 175823 (T=175823, R=0, W=0)
    7 : 155151 (T=155151, R=0, W=0)
    8 : 156589 (T=156589, R=0, W=0)
    9 : 167928 (T=167928, R=0, W=0)
    10 : 178341 (T=178341, R=0, W=0)
    11 : 145205 (T=145205, R=0, W=0)
    12 : 141873 (T=141873, R=0, W=0)
    13 : 155425 (T=155425, R=0, W=0)
    14 : 154948 (T=154948, R=0, W=0)
    15 : 142663 (T=142663, R=0, W=0)
    16 : 158194 (T=158194, R=0, W=0)
    17 : 165266 (T=165266, R=0, W=0)
    18 : 154034 (T=154034, R=0, W=0)
    19 : 160472 (T=160472, R=0, W=0)
    20 : 162997 (T=162997, R=0, W=0)
    21 : 156455 (T=156455, R=0, W=0)
    22 : 147913 (T=147913, R=0, W=0)
    23 : 157016 (T=157016, R=0, W=0)
    24 : 178799 (T=178799, R=0, W=0)
    25 : 165450 (T=165450, R=0, W=0)
    26 : 164961 (T=164961, R=0, W=0)
    27 : 133649 (T=133649, R=0, W=0)
    28 : 158216 (T=158216, R=0, W=0)
    29 : 143447 (T=143447, R=0, W=0)
    30 : 172482 (T=172482, R=0, W=0)
    31 : 152289 (T=152289, R=0, W=0)
--- 9,511 MB collected in 0.144 secs (0.5% of total), longest GC took 0.034 secs
DATA gc:  total_k 9739353  total_secs 0.144009  max_secs 0.033657
