TL2CM Initialized:
Contention Manager: Polka busy-waiting [C=10]
Number of accounts  = 128
Initial amount      = 100000.0
Maximal transfer    = 10
Read-all frequency  = 0%
Write-all frequency = 0%
Read-all threads    = 0
Write-all threads   = 0
Disjoint            = false
Yield               = false

Starting threads... 0 1
End of warmup phase... 0 1
End of test phase... 0 1
Waiting for threads to finish...
All threads returned successfully
RESULTS:

  Warmup duration (ms) = 20000
  Test duration (ms)   = 10000
  Nb iterations        = 7109675
  Stats                = T=7109675, R=0, W=0, TOTAL=12796519 [ 0=97681.0 1=97410.0 2=100134.0 3=101747.0 4=96223.0 5=101280.0 6=106894.0 7=99179.0 8=100722.0 9=98789.0 10=98063.0 11=103177.0 12=102465.0 13=100038.0 14=99701.0 15=98316.0 16=94856.0 17=98927.0 18=105433.0 19=103255.0 20=102889.0 21=94627.0 22=103369.0 23=103080.0 24=101727.0 25=99335.0 26=95901.0 27=103052.0 28=99940.0 29=104948.0 30=100301.0 31=95182.0 32=101756.0 33=103057.0 34=101858.0 35=99599.0 36=96287.0 37=103973.0 38=101868.0 39=97108.0 40=98822.0 41=98879.0 42=98330.0 43=97723.0 44=98332.0 45=100948.0 46=99354.0 47=99229.0 48=94982.0 49=104009.0 50=93653.0 51=104852.0 52=98162.0 53=105376.0 54=93954.0 55=99616.0 56=101757.0 57=95582.0 58=101408.0 59=100790.0 60=97622.0 61=98700.0 62=98615.0 63=97833.0 64=96612.0 65=96315.0 66=98839.0 67=100706.0 68=101688.0 69=104081.0 70=95444.0 71=104563.0 72=98870.0 73=107202.0 74=100118.0 75=96961.0 76=97266.0 77=100062.0 78=100837.0 79=97371.0 80=99844.0 81=99284.0 82=92243.0 83=102913.0 84=89721.0 85=103516.0 86=104824.0 87=94174.0 88=101735.0 89=100148.0 90=99976.0 91=99207.0 92=98145.0 93=102439.0 94=97217.0 95=91808.0 96=98339.0 97=104851.0 98=101473.0 99=101992.0 100=100869.0 101=97873.0 102=99589.0 103=102342.0 104=98750.0 105=101638.0 106=100817.0 107=101999.0 108=100273.0 109=110868.0 110=99718.0 111=98960.0 112=101452.0 113=97828.0 114=104379.0 115=103946.0 116=104786.0 117=102504.0 118=101660.0 119=99565.0 120=98022.0 121=101824.0 122=95089.0 123=100308.0 124=96283.0 125=97460.0 126=104193.0 127=100065.0 ]
    0 : 3567725 (T=3567725, R=0, W=0)
    1 : 3541950 (T=3541950, R=0, W=0)
--- 13,944 MB collected in 0.061 secs (0.2% of total), longest GC took 0.008 secs
DATA gc:  total_k 14279136  total_secs 0.061097  max_secs 0.008178
