Number of accounts  = 128
Initial amount      = 100000.0
Maximal transfer    = 10
Read-all frequency  = 0%
Write-all frequency = 0%
Read-all threads    = 0
Write-all threads   = 0
Disjoint            = false
Yield               = false

Starting threads... 0 1
End of warmup phase... 0 1
End of test phase... 0 1
Waiting for threads to finish...
All threads returned successfully
RESULTS:

  Warmup duration (ms) = 4000
  Test duration (ms)   = 10001
  Nb iterations        = 16581678
  Stats                = T=16581678, R=0, W=0, TOTAL=12800000 [ 0=98046.0 1=100712.0 2=100151.0 3=101463.0 4=101365.0 5=100501.0 6=99700.0 7=106332.0 8=96090.0 9=101182.0 10=101366.0 11=100957.0 12=100520.0 13=93951.0 14=100102.0 15=95314.0 16=93520.0 17=101689.0 18=102009.0 19=102116.0 20=98570.0 21=99785.0 22=97980.0 23=97340.0 24=101209.0 25=92390.0 26=100316.0 27=97319.0 28=98330.0 29=103017.0 30=99028.0 31=97518.0 32=96803.0 33=100059.0 34=100403.0 35=104377.0 36=103703.0 37=101804.0 38=104660.0 39=103635.0 40=94354.0 41=98706.0 42=98368.0 43=100907.0 44=99900.0 45=96762.0 46=96422.0 47=91898.0 48=99196.0 49=98277.0 50=106778.0 51=90909.0 52=107698.0 53=101987.0 54=95987.0 55=98009.0 56=96977.0 57=100773.0 58=101552.0 59=101616.0 60=103640.0 61=105139.0 62=106781.0 63=98332.0 64=101424.0 65=97778.0 66=100739.0 67=100299.0 68=92446.0 69=96514.0 70=99391.0 71=100073.0 72=100743.0 73=106074.0 74=98927.0 75=97814.0 76=100820.0 77=97555.0 78=96764.0 79=104555.0 80=96393.0 81=98895.0 82=103393.0 83=96896.0 84=107322.0 85=105190.0 86=100747.0 87=102320.0 88=103646.0 89=98585.0 90=96305.0 91=99546.0 92=97760.0 93=102990.0 94=105200.0 95=95693.0 96=95610.0 97=102577.0 98=99730.0 99=97745.0 100=102445.0 101=97554.0 102=100489.0 103=103346.0 104=103570.0 105=96766.0 106=102888.0 107=100604.0 108=96551.0 109=99762.0 110=95273.0 111=100007.0 112=103717.0 113=100639.0 114=99838.0 115=92352.0 116=106649.0 117=101241.0 118=99060.0 119=100491.0 120=96914.0 121=98360.0 122=105964.0 123=100564.0 124=104991.0 125=105011.0 126=97639.0 127=102556.0 ]
    0 : 8509700 (T=8509700, R=0, W=0)
    1 : 8071978 (T=8071978, R=0, W=0)
--- 4,500 MB collected in 0.041 secs (0.3% of total), longest GC took 0.006 secs
DATA gc:  total_k 4608808  total_secs 0.040678  max_secs 0.006154
