Number of accounts  = 2
Initial amount      = 100000.0
Maximal transfer    = 10
Read-all frequency  = 0%
Write-all frequency = 0%
Read-all threads    = 0
Write-all threads   = 0
Disjoint            = false
Yield               = false

Starting threads... 0
End of warmup phase... 0
End of test phase... 0
Waiting for threads to finish...
All threads returned successfully
RESULTS:

  Warmup duration (ms) = 20000
  Test duration (ms)   = 10000
  Nb iterations        = 19788485
  Stats                = T=19788485, R=0, W=0, TOTAL=200000 [ 0=120497.0 1=79503.0 ]
    0 : 19788485 (T=19788485, R=0, W=0)
--- 20,528 MB collected in 0.055 secs (0.2% of total), longest GC took 0.006 secs
DATA gc:  total_k 21021648  total_secs 0.055293  max_secs 0.005517
