Number of accounts  = 256
Initial amount      = 100000.0
Maximal transfer    = 10
Read-all frequency  = 0%
Write-all frequency = 0%
Read-all threads    = 0
Write-all threads   = 0
Disjoint            = false
Yield               = false

Starting threads... 0 1 2 3
End of warmup phase... 0 1 2 3
End of test phase... 0 1 2 3
Waiting for threads to finish...
All threads returned successfully
RESULTS:

  Warmup duration (ms) = 20000
  Test duration (ms)   = 10000
  Nb iterations        = 32206371
  Stats                = T=32206371, R=0, W=0, TOTAL=25599994 [ 0=97038.0 1=93104.0 2=97279.0 3=98559.0 4=105147.0 5=90199.0 6=95136.0 7=103002.0 8=89657.0 9=96945.0 10=101946.0 11=97335.0 12=96238.0 13=95145.0 14=97456.0 15=101189.0 16=106835.0 17=100296.0 18=102081.0 19=99544.0 20=93499.0 21=102462.0 22=97709.0 23=104045.0 24=104233.0 25=104171.0 26=106168.0 27=92830.0 28=99412.0 29=97399.0 30=99565.0 31=104326.0 32=100704.0 33=98175.0 34=94185.0 35=99891.0 36=101809.0 37=102037.0 38=109301.0 39=95988.0 40=99231.0 41=105123.0 42=106475.0 43=100074.0 44=100042.0 45=101997.0 46=97218.0 47=95970.0 48=99514.0 49=102513.0 50=105431.0 51=100302.0 52=103027.0 53=97854.0 54=104928.0 55=96304.0 56=101672.0 57=106012.0 58=96773.0 59=108745.0 60=100341.0 61=104578.0 62=108934.0 63=90105.0 64=97692.0 65=111615.0 66=100599.0 67=98119.0 68=92558.0 69=96012.0 70=103706.0 71=111009.0 72=97020.0 73=100783.0 74=96764.0 75=100406.0 76=93178.0 77=107129.0 78=98042.0 79=100059.0 80=93327.0 81=101756.0 82=95913.0 83=101979.0 84=109540.0 85=103685.0 86=111669.0 87=96939.0 88=103235.0 89=94787.0 90=102429.0 91=101571.0 92=95365.0 93=103673.0 94=98952.0 95=92723.0 96=96559.0 97=95585.0 98=93805.0 99=115783.0 100=106301.0 101=101457.0 102=99266.0 103=105063.0 104=99277.0 105=101181.0 106=103650.0 107=97496.0 108=91913.0 109=100419.0 110=95304.0 111=98439.0 112=106429.0 113=98166.0 114=98899.0 115=94255.0 116=92618.0 117=98771.0 118=96435.0 119=102402.0 120=108373.0 121=104542.0 122=92315.0 123=106100.0 124=100037.0 125=92149.0 126=116635.0 127=102559.0 128=101835.0 129=89853.0 130=98737.0 131=101256.0 132=110553.0 133=93399.0 134=101463.0 135=101857.0 136=110865.0 137=91847.0 138=93987.0 139=103343.0 140=99565.0 141=98800.0 142=99742.0 143=97852.0 144=92444.0 145=94078.0 146=101451.0 147=87934.0 148=95762.0 149=98299.0 150=105142.0 151=103447.0 152=98101.0 153=106203.0 154=104663.0 155=108425.0 156=107377.0 157=92021.0 158=114691.0 159=96425.0 160=91161.0 161=106634.0 162=104164.0 163=103017.0 164=107341.0 165=104794.0 166=95728.0 167=101201.0 168=95569.0 169=90799.0 170=98603.0 171=97117.0 172=95823.0 173=98372.0 174=104764.0 175=93629.0 176=91373.0 177=96109.0 178=99082.0 179=102873.0 180=109791.0 181=97778.0 182=87109.0 183=102382.0 184=106532.0 185=97360.0 186=91543.0 187=103459.0 188=104031.0 189=94587.0 190=101657.0 191=94680.0 192=104094.0 193=90286.0 194=88278.0 195=105206.0 196=98373.0 197=105085.0 198=98686.0 199=94819.0 200=91736.0 201=104217.0 202=110456.0 203=103921.0 204=108256.0 205=99642.0 206=94197.0 207=101904.0 208=97010.0 209=102347.0 210=96904.0 211=100625.0 212=106750.0 213=99739.0 214=90177.0 215=93260.0 216=101503.0 217=91043.0 218=103628.0 219=107274.0 220=92669.0 221=108522.0 222=101316.0 223=100704.0 224=97415.0 225=96137.0 226=104853.0 227=101336.0 228=89342.0 229=99685.0 230=100058.0 231=111135.0 232=90909.0 233=95037.0 234=105510.0 235=103327.0 236=109006.0 237=101169.0 238=91738.0 239=99737.0 240=93315.0 241=97934.0 242=106119.0 243=98936.0 244=106427.0 245=103456.0 246=95689.0 247=94814.0 248=93063.0 249=100315.0 250=105400.0 251=106451.0 252=92588.0 253=104620.0 254=104867.0 255=106886.0 ]
    0 : 7420121 (T=7420121, R=0, W=0)
    1 : 8778193 (T=8778193, R=0, W=0)
    2 : 8576070 (T=8576070, R=0, W=0)
    3 : 7431987 (T=7431987, R=0, W=0)
--- 38,762 MB collected in 0.068 secs (0.2% of total), longest GC took 0.008 secs
DATA gc:  total_k 39692664  total_secs 0.067527  max_secs 0.008399
