Number of accounts  = 256
Initial amount      = 100000.0
Maximal transfer    = 10
Read-all frequency  = 0%
Write-all frequency = 0%
Read-all threads    = 0
Write-all threads   = 0
Disjoint            = false
Yield               = false

Starting threads... 0 1 2 3
End of warmup phase... 0 1 2 3
End of test phase... 0 1 2 3
Waiting for threads to finish...
All threads returned successfully
RESULTS:

  Warmup duration (ms) = 4000
  Test duration (ms)   = 10000
  Nb iterations        = 29368482
  Stats                = T=29368482, R=0, W=0, TOTAL=25600000 [ 0=102129.0 1=99479.0 2=102858.0 3=100702.0 4=96841.0 5=103633.0 6=103756.0 7=99264.0 8=97574.0 9=108263.0 10=103472.0 11=96444.0 12=101085.0 13=102657.0 14=98456.0 15=93821.0 16=98424.0 17=104572.0 18=93975.0 19=106898.0 20=105479.0 21=99727.0 22=98087.0 23=106831.0 24=96544.0 25=97784.0 26=106201.0 27=98118.0 28=103277.0 29=100621.0 30=98358.0 31=97115.0 32=104555.0 33=99044.0 34=94641.0 35=111192.0 36=96372.0 37=98075.0 38=103780.0 39=102613.0 40=100528.0 41=98956.0 42=98934.0 43=100183.0 44=97740.0 45=105442.0 46=96651.0 47=94563.0 48=98521.0 49=97264.0 50=104798.0 51=102293.0 52=102718.0 53=103357.0 54=96950.0 55=99134.0 56=101293.0 57=98080.0 58=101331.0 59=107770.0 60=103075.0 61=104704.0 62=100603.0 63=103404.0 64=100052.0 65=100721.0 66=95633.0 67=98390.0 68=99942.0 69=94319.0 70=100716.0 71=104589.0 72=99037.0 73=102998.0 74=98689.0 75=98487.0 76=93893.0 77=96707.0 78=99484.0 79=103728.0 80=100709.0 81=102606.0 82=92075.0 83=97295.0 84=98764.0 85=97265.0 86=103683.0 87=96395.0 88=95188.0 89=96956.0 90=95197.0 91=102232.0 92=97302.0 93=101934.0 94=103851.0 95=102989.0 96=97519.0 97=100608.0 98=98639.0 99=95225.0 100=93213.0 101=97250.0 102=94976.0 103=100536.0 104=96152.0 105=98589.0 106=101249.0 107=96309.0 108=104936.0 109=104249.0 110=105260.0 111=105468.0 112=94836.0 113=100284.0 114=98561.0 115=98665.0 116=99328.0 117=96527.0 118=100128.0 119=103992.0 120=102973.0 121=97464.0 122=98481.0 123=98967.0 124=98727.0 125=95052.0 126=97381.0 127=100187.0 128=103616.0 129=103322.0 130=105346.0 131=98664.0 132=96260.0 133=97093.0 134=100657.0 135=99137.0 136=95504.0 137=99527.0 138=94536.0 139=100182.0 140=103805.0 141=102665.0 142=100275.0 143=97823.0 144=104817.0 145=94839.0 146=97138.0 147=102014.0 148=101403.0 149=100853.0 150=98743.0 151=97677.0 152=100176.0 153=103514.0 154=95709.0 155=102130.0 156=95445.0 157=97598.0 158=105600.0 159=104359.0 160=100620.0 161=98954.0 162=96549.0 163=94715.0 164=99777.0 165=100007.0 166=97281.0 167=102241.0 168=102113.0 169=101897.0 170=101529.0 171=94916.0 172=97609.0 173=101639.0 174=100436.0 175=96396.0 176=98497.0 177=100045.0 178=100727.0 179=99797.0 180=98443.0 181=101716.0 182=98843.0 183=102701.0 184=102076.0 185=103887.0 186=105192.0 187=93115.0 188=96315.0 189=94633.0 190=102934.0 191=99484.0 192=96059.0 193=101990.0 194=93985.0 195=105087.0 196=99933.0 197=100796.0 198=99355.0 199=97671.0 200=95240.0 201=95525.0 202=98410.0 203=96982.0 204=101530.0 205=105041.0 206=97058.0 207=99035.0 208=102174.0 209=103683.0 210=96285.0 211=93127.0 212=108740.0 213=104063.0 214=100389.0 215=103118.0 216=104041.0 217=100210.0 218=99610.0 219=99983.0 220=99941.0 221=99621.0 222=101236.0 223=107271.0 224=100090.0 225=99392.0 226=99415.0 227=100110.0 228=95295.0 229=101015.0 230=103366.0 231=97351.0 232=97095.0 233=107432.0 234=100996.0 235=110790.0 236=104025.0 237=97837.0 238=97563.0 239=102365.0 240=98510.0 241=96658.0 242=96703.0 243=105634.0 244=94984.0 245=99258.0 246=103210.0 247=102586.0 248=101532.0 249=96098.0 250=99018.0 251=107222.0 252=100413.0 253=99227.0 254=100738.0 255=96806.0 ]
    0 : 8213133 (T=8213133, R=0, W=0)
    1 : 7234942 (T=7234942, R=0, W=0)
    2 : 7277434 (T=7277434, R=0, W=0)
    3 : 6642973 (T=6642973, R=0, W=0)
--- 7,188 MB collected in 0.064 secs (0.5% of total), longest GC took 0.014 secs
DATA gc:  total_k 7361527  total_secs 0.063653  max_secs 0.013537
