Starting Multiverse JavaAgent
Number of accounts  = 128
Initial amount      = 100000.0
Maximal transfer    = 10
Read-all frequency  = 0%
Write-all frequency = 0%
Read-all threads    = 0
Write-all threads   = 0
Disjoint            = false
Yield               = false

Starting threads... 0 1
End of warmup phase... 0 1
End of test phase... 0 1
Waiting for threads to finish...
All threads returned successfully
RESULTS:

  Warmup duration (ms) = 4000
  Test duration (ms)   = 10000
  Nb iterations        = 20028542
  Stats                = T=20028542, R=0, W=0, TOTAL=12800000 [ 0=100585.0 1=95508.0 2=109962.0 3=91014.0 4=96604.0 5=101458.0 6=100071.0 7=94999.0 8=105191.0 9=97016.0 10=95767.0 11=95259.0 12=97515.0 13=98734.0 14=101089.0 15=105060.0 16=94349.0 17=94737.0 18=96922.0 19=99514.0 20=99661.0 21=93194.0 22=94105.0 23=98541.0 24=97454.0 25=98074.0 26=104241.0 27=100838.0 28=99179.0 29=96369.0 30=99420.0 31=105237.0 32=96568.0 33=103003.0 34=102970.0 35=101012.0 36=106278.0 37=101041.0 38=94278.0 39=102906.0 40=106676.0 41=98685.0 42=99773.0 43=102775.0 44=105480.0 45=96484.0 46=103391.0 47=106373.0 48=101392.0 49=99710.0 50=100774.0 51=101624.0 52=100331.0 53=102551.0 54=100910.0 55=99316.0 56=98375.0 57=102383.0 58=94317.0 59=99752.0 60=102371.0 61=106574.0 62=98446.0 63=101814.0 64=104351.0 65=99509.0 66=102789.0 67=94157.0 68=94442.0 69=98498.0 70=102692.0 71=99479.0 72=100104.0 73=94769.0 74=102333.0 75=100793.0 76=105766.0 77=101950.0 78=104619.0 79=99095.0 80=92187.0 81=100256.0 82=103962.0 83=95584.0 84=98624.0 85=105522.0 86=96016.0 87=105601.0 88=97202.0 89=98941.0 90=101440.0 91=101538.0 92=98984.0 93=100682.0 94=98379.0 95=98102.0 96=94810.0 97=93165.0 98=96923.0 99=101146.0 100=99638.0 101=97650.0 102=101571.0 103=98796.0 104=101121.0 105=101487.0 106=99663.0 107=107252.0 108=106821.0 109=101835.0 110=104283.0 111=94956.0 112=98750.0 113=103694.0 114=97789.0 115=105893.0 116=97376.0 117=100949.0 118=93642.0 119=103227.0 120=97508.0 121=109429.0 122=95468.0 123=108300.0 124=97555.0 125=101195.0 126=97147.0 127=96595.0 ]
    0 : 11846570 (T=11846570, R=0, W=0)
    1 : 8181972 (T=8181972, R=0, W=0)
--- 5,738 MB collected in 0.039 secs (0.3% of total), longest GC took 0.003 secs
DATA gc:  total_k 5876080  total_secs 0.038717  max_secs 0.002914
