Starting Multiverse JavaAgent
Number of accounts  = 256
Initial amount      = 100000.0
Maximal transfer    = 10
Read-all frequency  = 0%
Write-all frequency = 0%
Read-all threads    = 0
Write-all threads   = 0
Disjoint            = false
Yield               = false

Starting threads... 0 1 2 3
End of warmup phase... 0 1 2 3
End of test phase... 0 1 2 3
Waiting for threads to finish...
All threads returned successfully
RESULTS:

  Warmup duration (ms) = 4001
  Test duration (ms)   = 10000
  Nb iterations        = 25145631
  Stats                = T=25145631, R=0, W=0, TOTAL=25599996 [ 0=105307.0 1=96925.0 2=97849.0 3=98012.0 4=94199.0 5=95987.0 6=100254.0 7=95959.0 8=100437.0 9=96046.0 10=99762.0 11=101674.0 12=98584.0 13=92296.0 14=103478.0 15=99470.0 16=101609.0 17=100658.0 18=106780.0 19=98189.0 20=102845.0 21=98864.0 22=97406.0 23=100099.0 24=102922.0 25=101736.0 26=102944.0 27=104829.0 28=105445.0 29=98949.0 30=99532.0 31=98540.0 32=97435.0 33=101852.0 34=102748.0 35=98643.0 36=98545.0 37=97987.0 38=96154.0 39=104916.0 40=100850.0 41=100258.0 42=99456.0 43=107602.0 44=97176.0 45=105531.0 46=100029.0 47=97991.0 48=100783.0 49=99880.0 50=104075.0 51=98573.0 52=96509.0 53=105630.0 54=95245.0 55=100004.0 56=98474.0 57=102064.0 58=96092.0 59=104215.0 60=99283.0 61=98345.0 62=98232.0 63=102958.0 64=102525.0 65=103692.0 66=103571.0 67=100400.0 68=100092.0 69=92426.0 70=98350.0 71=101675.0 72=96260.0 73=104935.0 74=99915.0 75=91689.0 76=101889.0 77=101392.0 78=98292.0 79=97949.0 80=105096.0 81=95403.0 82=98161.0 83=104158.0 84=93470.0 85=95042.0 86=101265.0 87=102156.0 88=98399.0 89=98359.0 90=103258.0 91=94645.0 92=107037.0 93=105575.0 94=101559.0 95=98325.0 96=94300.0 97=94475.0 98=96203.0 99=96408.0 100=101973.0 101=107190.0 102=96572.0 103=98548.0 104=104483.0 105=95402.0 106=98317.0 107=98179.0 108=107882.0 109=100463.0 110=102710.0 111=103355.0 112=95368.0 113=102280.0 114=102432.0 115=103744.0 116=104008.0 117=97021.0 118=101773.0 119=100456.0 120=96590.0 121=103366.0 122=104831.0 123=97550.0 124=98972.0 125=99701.0 126=96884.0 127=103265.0 128=95767.0 129=99647.0 130=103092.0 131=98666.0 132=100918.0 133=96567.0 134=97978.0 135=102502.0 136=104589.0 137=101337.0 138=103522.0 139=102393.0 140=92455.0 141=94504.0 142=94181.0 143=89680.0 144=100801.0 145=104574.0 146=100750.0 147=104148.0 148=102323.0 149=98954.0 150=104101.0 151=98927.0 152=101613.0 153=103237.0 154=100506.0 155=97433.0 156=100928.0 157=92653.0 158=99970.0 159=103656.0 160=101727.0 161=96324.0 162=102685.0 163=97684.0 164=101296.0 165=100983.0 166=95243.0 167=95617.0 168=103849.0 169=98795.0 170=101042.0 171=99858.0 172=99961.0 173=97231.0 174=101262.0 175=95534.0 176=98616.0 177=104218.0 178=100629.0 179=103371.0 180=95258.0 181=105003.0 182=93105.0 183=99365.0 184=98574.0 185=104024.0 186=98023.0 187=102020.0 188=99377.0 189=98979.0 190=97571.0 191=105600.0 192=95497.0 193=96708.0 194=97751.0 195=99357.0 196=102397.0 197=97782.0 198=99024.0 199=96000.0 200=100992.0 201=103954.0 202=94842.0 203=96363.0 204=101969.0 205=98468.0 206=98398.0 207=98580.0 208=105129.0 209=101022.0 210=102479.0 211=102966.0 212=106553.0 213=99820.0 214=99854.0 215=106678.0 216=102634.0 217=99949.0 218=100410.0 219=101596.0 220=101190.0 221=108001.0 222=97028.0 223=100066.0 224=102208.0 225=101382.0 226=96301.0 227=100044.0 228=100111.0 229=98277.0 230=101561.0 231=102902.0 232=101914.0 233=100677.0 234=105202.0 235=101961.0 236=103951.0 237=98659.0 238=102408.0 239=98796.0 240=99464.0 241=97950.0 242=94883.0 243=99406.0 244=95867.0 245=99355.0 246=101743.0 247=95889.0 248=103415.0 249=98105.0 250=98478.0 251=91919.0 252=103060.0 253=98351.0 254=99051.0 255=101275.0 ]
    0 : 7438271 (T=7438271, R=0, W=0)
    1 : 7291937 (T=7291937, R=0, W=0)
    2 : 5406911 (T=5406911, R=0, W=0)
    3 : 5008512 (T=5008512, R=0, W=0)
--- 7,100 MB collected in 0.036 secs (0.3% of total), longest GC took 0.003 secs
DATA gc:  total_k 7270816  total_secs 0.035976  max_secs 0.00294
