Starting Multiverse JavaAgent
Number of accounts  = 2
Initial amount      = 100000.0
Maximal transfer    = 10
Read-all frequency  = 0%
Write-all frequency = 0%
Read-all threads    = 0
Write-all threads   = 0
Disjoint            = false
Yield               = false

Starting threads... 0 1
End of warmup phase... 0 1
End of test phase... 0 1
Waiting for threads to finish...
All threads returned successfully
RESULTS:

  Warmup duration (ms) = 4000
  Test duration (ms)   = 10000
  Nb iterations        = 36219549
  Stats                = T=36219549, R=0, W=0, TOTAL=200000 [ 0=71643.0 1=128357.0 ]
    0 : 5442837 (T=5442837, R=0, W=0)
    1 : 30776712 (T=30776712, R=0, W=0)
--- 8,716 MB collected in 0.034 secs (0.2% of total), longest GC took 0.002 secs
DATA gc:  total_k 8925584  total_secs 0.033775  max_secs 0.002347
