Starting Multiverse JavaAgent
Number of accounts  = 64
Initial amount      = 100000.0
Maximal transfer    = 10
Read-all frequency  = 0%
Write-all frequency = 0%
Read-all threads    = 0
Write-all threads   = 0
Disjoint            = false
Yield               = false

Starting threads... 0 1 2 3 4 5 6 7 8 9 10 11 12 13 14 15 16 17 18 19 20 21 22 23 24 25 26 27 28 29 30 31 32 33 34 35 36 37 38 39 40 41 42 43 44 45 46 47 48 49 50 51 52 53 54 55 56 57 58 59 60 61 62 63
End of warmup phase... 0 1 2 3 4 5 6 7 8 9 10 11 12 13 14 15 16 17 18 19 20 21 22 23 24 25 26 27 28 29 30 31 32 33 34 35 36 37 38 39 40 41 42 43 44 45 46 47 48 49 50 51 52 53 54 55 56 57 58 59 60 61 62 63
End of test phase... 0 1 2 3 4 5 6 7 8 9 10 11 12 13 14 15 16 17 18 19 20 21 22 23 24 25 26 27 28 29 30 31 32 33 34 35 36 37 38 39 40 41 42 43 44 45 46 47 48 49 50 51 52 53 54 55 56 57 58 59 60 61 62 63
Waiting for threads to finish...
All threads returned successfully
RESULTS:

  Warmup duration (ms) = 4000
  Test duration (ms)   = 10000
  Nb iterations        = 29544104
  Stats                = T=29544104, R=0, W=0, TOTAL=6400000 [ 0=105701.0 1=100874.0 2=115075.0 3=93626.0 4=104609.0 5=107403.0 6=114461.0 7=100170.0 8=98322.0 9=89425.0 10=92098.0 11=96269.0 12=96921.0 13=89448.0 14=97401.0 15=102744.0 16=93208.0 17=93810.0 18=112688.0 19=91916.0 20=102176.0 21=92765.0 22=97584.0 23=86329.0 24=112220.0 25=111131.0 26=103021.0 27=97137.0 28=96436.0 29=108597.0 30=94756.0 31=97204.0 32=118125.0 33=110131.0 34=85508.0 35=90327.0 36=100090.0 37=95783.0 38=104359.0 39=103204.0 40=110513.0 41=89941.0 42=100664.0 43=92733.0 44=104543.0 45=93517.0 46=106971.0 47=117545.0 48=100914.0 49=103459.0 50=87562.0 51=95015.0 52=100651.0 53=99982.0 54=107614.0 55=97791.0 56=93394.0 57=98642.0 58=104352.0 59=99965.0 60=106404.0 61=84736.0 62=103697.0 63=96343.0 ]
    0 : 466783 (T=466783, R=0, W=0)
    1 : 480538 (T=480538, R=0, W=0)
    2 : 486476 (T=486476, R=0, W=0)
    3 : 453436 (T=453436, R=0, W=0)
    4 : 476936 (T=476936, R=0, W=0)
    5 : 435558 (T=435558, R=0, W=0)
    6 : 483809 (T=483809, R=0, W=0)
    7 : 481114 (T=481114, R=0, W=0)
    8 : 482233 (T=482233, R=0, W=0)
    9 : 456517 (T=456517, R=0, W=0)
    10 : 470978 (T=470978, R=0, W=0)
    11 : 435235 (T=435235, R=0, W=0)
    12 : 493968 (T=493968, R=0, W=0)
    13 : 464900 (T=464900, R=0, W=0)
    14 : 428460 (T=428460, R=0, W=0)
    15 : 442262 (T=442262, R=0, W=0)
    16 : 456038 (T=456038, R=0, W=0)
    17 : 461701 (T=461701, R=0, W=0)
    18 : 443031 (T=443031, R=0, W=0)
    19 : 486509 (T=486509, R=0, W=0)
    20 : 479396 (T=479396, R=0, W=0)
    21 : 451812 (T=451812, R=0, W=0)
    22 : 477108 (T=477108, R=0, W=0)
    23 : 452382 (T=452382, R=0, W=0)
    24 : 439373 (T=439373, R=0, W=0)
    25 : 488242 (T=488242, R=0, W=0)
    26 : 473852 (T=473852, R=0, W=0)
    27 : 442533 (T=442533, R=0, W=0)
    28 : 483102 (T=483102, R=0, W=0)
    29 : 475325 (T=475325, R=0, W=0)
    30 : 438371 (T=438371, R=0, W=0)
    31 : 427318 (T=427318, R=0, W=0)
    32 : 485759 (T=485759, R=0, W=0)
    33 : 460938 (T=460938, R=0, W=0)
    34 : 459558 (T=459558, R=0, W=0)
    35 : 481190 (T=481190, R=0, W=0)
    36 : 471957 (T=471957, R=0, W=0)
    37 : 466426 (T=466426, R=0, W=0)
    38 : 446822 (T=446822, R=0, W=0)
    39 : 465394 (T=465394, R=0, W=0)
    40 : 470614 (T=470614, R=0, W=0)
    41 : 466134 (T=466134, R=0, W=0)
    42 : 436524 (T=436524, R=0, W=0)
    43 : 459634 (T=459634, R=0, W=0)
    44 : 454082 (T=454082, R=0, W=0)
    45 : 459666 (T=459666, R=0, W=0)
    46 : 438032 (T=438032, R=0, W=0)
    47 : 465094 (T=465094, R=0, W=0)
    48 : 474341 (T=474341, R=0, W=0)
    49 : 450899 (T=450899, R=0, W=0)
    50 : 451501 (T=451501, R=0, W=0)
    51 : 453497 (T=453497, R=0, W=0)
    52 : 469357 (T=469357, R=0, W=0)
    53 : 452206 (T=452206, R=0, W=0)
    54 : 437199 (T=437199, R=0, W=0)
    55 : 478551 (T=478551, R=0, W=0)
    56 : 470238 (T=470238, R=0, W=0)
    57 : 474220 (T=474220, R=0, W=0)
    58 : 464455 (T=464455, R=0, W=0)
    59 : 457461 (T=457461, R=0, W=0)
    60 : 465363 (T=465363, R=0, W=0)
    61 : 449085 (T=449085, R=0, W=0)
    62 : 428586 (T=428586, R=0, W=0)
    63 : 464025 (T=464025, R=0, W=0)
--- 12,107 MB collected in 0.071 secs (0.5% of total), longest GC took 0.005 secs
DATA gc:  total_k 12397904  total_secs 0.070506  max_secs 0.004772
